[2025-03-02T13:17:38.068+0000] {taskinstance.py:1159} INFO - Dependencies all met for dep_context=non-requeueable deps ti=<TaskInstance: customer_churn_ml_pipeline.data_preparation_task manual__2025-03-02T13:16:50.520829+00:00 [queued]>
[2025-03-02T13:17:38.080+0000] {taskinstance.py:1159} INFO - Dependencies all met for dep_context=requeueable deps ti=<TaskInstance: customer_churn_ml_pipeline.data_preparation_task manual__2025-03-02T13:16:50.520829+00:00 [queued]>
[2025-03-02T13:17:38.080+0000] {taskinstance.py:1361} INFO - Starting attempt 1 of 1
[2025-03-02T13:17:38.097+0000] {taskinstance.py:1382} INFO - Executing <Task(BashOperator): data_preparation_task> on 2025-03-02 13:16:50.520829+00:00
[2025-03-02T13:17:38.102+0000] {standard_task_runner.py:57} INFO - Started process 20692 to run task
[2025-03-02T13:17:38.105+0000] {standard_task_runner.py:84} INFO - Running: ['***', 'tasks', 'run', 'customer_churn_ml_pipeline', 'data_preparation_task', 'manual__2025-03-02T13:16:50.520829+00:00', '--job-id', '272', '--raw', '--subdir', 'DAGS_FOLDER/customer_churn.py', '--cfg-path', '/tmp/tmp0lzwttvv']
[2025-03-02T13:17:38.108+0000] {standard_task_runner.py:85} INFO - Job 272: Subtask data_preparation_task
[2025-03-02T13:17:38.137+0000] {logging_mixin.py:154} WARNING - /home/***/.local/lib/python3.8/site-packages/***/settings.py:195 DeprecationWarning: The sql_alchemy_conn option in [core] has been moved to the sql_alchemy_conn option in [database] - the old setting has been used, but please update your config.
[2025-03-02T13:17:38.191+0000] {task_command.py:416} INFO - Running <TaskInstance: customer_churn_ml_pipeline.data_preparation_task manual__2025-03-02T13:16:50.520829+00:00 [running]> on host 9113a5746a05
[2025-03-02T13:17:38.311+0000] {taskinstance.py:1662} INFO - Exporting env vars: AIRFLOW_CTX_DAG_OWNER='***' AIRFLOW_CTX_DAG_ID='customer_churn_ml_pipeline' AIRFLOW_CTX_TASK_ID='data_preparation_task' AIRFLOW_CTX_EXECUTION_DATE='2025-03-02T13:16:50.520829+00:00' AIRFLOW_CTX_TRY_NUMBER='1' AIRFLOW_CTX_DAG_RUN_ID='manual__2025-03-02T13:16:50.520829+00:00'
[2025-03-02T13:17:38.312+0000] {subprocess.py:63} INFO - Tmp dir root location: /tmp
[2025-03-02T13:17:38.313+0000] {subprocess.py:75} INFO - Running command: ['/bin/bash', '-c', '\n\t\t\tcd /opt/*** &&\t\t\tpython /opt/***/executables/data_preparation.py &&                         dvc add /opt/***/data/cleaned &&                         git add /opt/***/data/cleaned.dvc && \t\t\tgit add logs && \\   \n\t\t\tgit add visualization &&    \t\t\tgit status &&                         git commit -m "Updated cleaned data version" -a &&                         dvc push && git push\n                    ']
[2025-03-02T13:17:38.322+0000] {subprocess.py:86} INFO - Output:
[2025-03-02T13:17:41.036+0000] {subprocess.py:93} INFO - 2025-03-02 13:17:41,035 : INFO : Starting data preparation for csv.
[2025-03-02T13:17:41.061+0000] {subprocess.py:93} INFO - 2025-03-02 13:17:41,061 : INFO : Handling 'Tenure', 'Balance', 'EstimatedSalary' empty data
[2025-03-02T13:17:41.062+0000] {subprocess.py:93} INFO - 2025-03-02 13:17:41,062 : INFO : Handling 'Age' empty data
[2025-03-02T13:17:41.063+0000] {subprocess.py:93} INFO - 2025-03-02 13:17:41,063 : INFO : Droping 'Surname' as it may lead to profiling, 'RowNumber', 'CustomerId' as it is not required
[2025-03-02T13:17:41.066+0000] {subprocess.py:93} INFO - 2025-03-02 13:17:41,065 : INFO : Making 'Geography', 'Gender', 'HasCrCard', 'IsActiveMember' as categorical
[2025-03-02T13:17:41.075+0000] {subprocess.py:93} INFO - 2025-03-02 13:17:41,075 : INFO : Saving data to S3.
[2025-03-02T13:17:41.075+0000] {subprocess.py:93} INFO - 2025-03-02 13:17:41,075 : INFO : Directory created at /opt/***/data/cleaned/02-03-2025/csv
[2025-03-02T13:17:41.316+0000] {subprocess.py:93} INFO - 2025-03-02 13:17:41,316 : INFO : Connected to s3
[2025-03-02T13:17:44.722+0000] {subprocess.py:93} INFO - 2025-03-02 13:17:44,721 : INFO : File uploaded to S3
[2025-03-02T13:17:44.724+0000] {subprocess.py:93} INFO - 2025-03-02 13:17:44,723 : INFO : Creating Pie chart
[2025-03-02T13:17:44.858+0000] {subprocess.py:93} INFO - 2025-03-02 13:17:44,858 : INFO : Generating histogram for column CreditScore.
[2025-03-02T13:17:44.985+0000] {subprocess.py:93} INFO - 2025-03-02 13:17:44,985 : INFO : Generating histogram for column Geography.
[2025-03-02T13:17:45.216+0000] {subprocess.py:93} INFO - 2025-03-02 13:17:45,216 : INFO : Generating histogram for column Gender.
[2025-03-02T13:17:45.337+0000] {subprocess.py:93} INFO - 2025-03-02 13:17:45,337 : INFO : Generating histogram for column Age.
[2025-03-02T13:17:45.501+0000] {subprocess.py:93} INFO - 2025-03-02 13:17:45,501 : INFO : Generating histogram for column Tenure.
[2025-03-02T13:17:45.630+0000] {subprocess.py:93} INFO - 2025-03-02 13:17:45,630 : INFO : Generating histogram for column Balance.
[2025-03-02T13:17:45.790+0000] {subprocess.py:93} INFO - 2025-03-02 13:17:45,790 : INFO : Generating histogram for column NumOfProducts.
[2025-03-02T13:17:45.964+0000] {subprocess.py:93} INFO - 2025-03-02 13:17:45,964 : INFO : Generating histogram for column HasCrCard.
[2025-03-02T13:17:46.127+0000] {subprocess.py:93} INFO - 2025-03-02 13:17:46,127 : INFO : Generating histogram for column IsActiveMember.
[2025-03-02T13:17:46.282+0000] {subprocess.py:93} INFO - 2025-03-02 13:17:46,282 : INFO : Generating histogram for column EstimatedSalary.
[2025-03-02T13:17:46.557+0000] {subprocess.py:93} INFO - 2025-03-02 13:17:46,557 : INFO : Generating histogram for column Exited.
[2025-03-02T13:17:46.797+0000] {subprocess.py:93} INFO - 2025-03-02 13:17:46,797 : INFO : Generating histogram for relation of Exited with Categorical data.
[2025-03-02T13:17:47.142+0000] {subprocess.py:93} INFO - 2025-03-02 13:17:47,142 : INFO : Using categorical units to plot a list of strings that are all parsable as floats or dates. If these strings should be plotted as numbers, cast to the appropriate data type before plotting.
[2025-03-02T13:17:47.159+0000] {subprocess.py:93} INFO - 2025-03-02 13:17:47,158 : INFO : Using categorical units to plot a list of strings that are all parsable as floats or dates. If these strings should be plotted as numbers, cast to the appropriate data type before plotting.
[2025-03-02T13:17:47.223+0000] {subprocess.py:93} INFO - 2025-03-02 13:17:47,223 : INFO : Using categorical units to plot a list of strings that are all parsable as floats or dates. If these strings should be plotted as numbers, cast to the appropriate data type before plotting.
[2025-03-02T13:17:47.240+0000] {subprocess.py:93} INFO - 2025-03-02 13:17:47,240 : INFO : Using categorical units to plot a list of strings that are all parsable as floats or dates. If these strings should be plotted as numbers, cast to the appropriate data type before plotting.
[2025-03-02T13:17:47.288+0000] {subprocess.py:93} INFO - 2025-03-02 13:17:47,287 : INFO : Generating box plots for relation of Exited with non Categorical data.
[2025-03-02T13:17:47.451+0000] {subprocess.py:93} INFO - 2025-03-02 13:17:47,450 : INFO : Using categorical units to plot a list of strings that are all parsable as floats or dates. If these strings should be plotted as numbers, cast to the appropriate data type before plotting.
[2025-03-02T13:17:47.468+0000] {subprocess.py:93} INFO - 2025-03-02 13:17:47,468 : INFO : Using categorical units to plot a list of strings that are all parsable as floats or dates. If these strings should be plotted as numbers, cast to the appropriate data type before plotting.
[2025-03-02T13:17:47.559+0000] {subprocess.py:93} INFO - 2025-03-02 13:17:47,559 : INFO : Using categorical units to plot a list of strings that are all parsable as floats or dates. If these strings should be plotted as numbers, cast to the appropriate data type before plotting.
[2025-03-02T13:17:47.585+0000] {subprocess.py:93} INFO - 2025-03-02 13:17:47,585 : INFO : Using categorical units to plot a list of strings that are all parsable as floats or dates. If these strings should be plotted as numbers, cast to the appropriate data type before plotting.
[2025-03-02T13:17:47.689+0000] {subprocess.py:93} INFO - 2025-03-02 13:17:47,688 : INFO : Using categorical units to plot a list of strings that are all parsable as floats or dates. If these strings should be plotted as numbers, cast to the appropriate data type before plotting.
[2025-03-02T13:17:47.709+0000] {subprocess.py:93} INFO - 2025-03-02 13:17:47,709 : INFO : Using categorical units to plot a list of strings that are all parsable as floats or dates. If these strings should be plotted as numbers, cast to the appropriate data type before plotting.
[2025-03-02T13:17:47.804+0000] {subprocess.py:93} INFO - 2025-03-02 13:17:47,804 : INFO : Using categorical units to plot a list of strings that are all parsable as floats or dates. If these strings should be plotted as numbers, cast to the appropriate data type before plotting.
[2025-03-02T13:17:47.824+0000] {subprocess.py:93} INFO - 2025-03-02 13:17:47,824 : INFO : Using categorical units to plot a list of strings that are all parsable as floats or dates. If these strings should be plotted as numbers, cast to the appropriate data type before plotting.
[2025-03-02T13:17:47.921+0000] {subprocess.py:93} INFO - 2025-03-02 13:17:47,920 : INFO : Using categorical units to plot a list of strings that are all parsable as floats or dates. If these strings should be plotted as numbers, cast to the appropriate data type before plotting.
[2025-03-02T13:17:47.946+0000] {subprocess.py:93} INFO - 2025-03-02 13:17:47,946 : INFO : Using categorical units to plot a list of strings that are all parsable as floats or dates. If these strings should be plotted as numbers, cast to the appropriate data type before plotting.
[2025-03-02T13:17:48.155+0000] {subprocess.py:93} INFO - 2025-03-02 13:17:48,154 : INFO : Using categorical units to plot a list of strings that are all parsable as floats or dates. If these strings should be plotted as numbers, cast to the appropriate data type before plotting.
[2025-03-02T13:17:48.174+0000] {subprocess.py:93} INFO - 2025-03-02 13:17:48,174 : INFO : Using categorical units to plot a list of strings that are all parsable as floats or dates. If these strings should be plotted as numbers, cast to the appropriate data type before plotting.
[2025-03-02T13:17:48.593+0000] {subprocess.py:93} INFO - 2025-03-02 13:17:48,592 : INFO : Saved pdf in visualization/plots.pdf
[2025-03-02T13:17:51.343+0000] {subprocess.py:93} INFO - 
[2025-03-02T13:17:51.343+0000] {subprocess.py:93} INFO - To track the changes with git, run:
[2025-03-02T13:17:51.343+0000] {subprocess.py:93} INFO - 
[2025-03-02T13:17:51.344+0000] {subprocess.py:93} INFO - 	git add data/cleaned.dvc
[2025-03-02T13:17:51.345+0000] {subprocess.py:93} INFO - 
[2025-03-02T13:17:51.346+0000] {subprocess.py:93} INFO - To enable auto staging, run:
[2025-03-02T13:17:51.346+0000] {subprocess.py:93} INFO - 
[2025-03-02T13:17:51.346+0000] {subprocess.py:93} INFO - 	dvc config core.autostage true
[2025-03-02T13:17:51.658+0000] {subprocess.py:93} INFO - /bin/bash: line 2:  : command not found
[2025-03-02T13:17:51.689+0000] {subprocess.py:93} INFO - On branch main
[2025-03-02T13:17:51.689+0000] {subprocess.py:93} INFO - Your branch is up to date with 'origin/main'.
[2025-03-02T13:17:51.690+0000] {subprocess.py:93} INFO - 
[2025-03-02T13:17:51.690+0000] {subprocess.py:93} INFO - Changes to be committed:
[2025-03-02T13:17:51.690+0000] {subprocess.py:93} INFO -   (use "git restore --staged <file>..." to unstage)
[2025-03-02T13:17:51.690+0000] {subprocess.py:93} INFO - 	new file:   logs/dag_id=customer_churn_ml_pipeline/run_id=manual__2025-03-02T13:16:50.520829+00:00/task_id=data_preparation_task/attempt=1.log
[2025-03-02T13:17:51.690+0000] {subprocess.py:93} INFO - 	modified:   logs/dag_id=customer_churn_ml_pipeline/run_id=manual__2025-03-02T13:16:50.520829+00:00/task_id=data_validation_task/attempt=1.log
[2025-03-02T13:17:51.691+0000] {subprocess.py:93} INFO - 	modified:   logs/data_preparation.log
[2025-03-02T13:17:51.691+0000] {subprocess.py:93} INFO - 	modified:   logs/scheduler/2025-03-02/customer_churn.py.log
[2025-03-02T13:17:51.691+0000] {subprocess.py:93} INFO - 	modified:   visualization/plots.pdf
[2025-03-02T13:17:51.691+0000] {subprocess.py:93} INFO - 
[2025-03-02T13:17:51.691+0000] {subprocess.py:93} INFO - Changes not staged for commit:
[2025-03-02T13:17:51.691+0000] {subprocess.py:93} INFO -   (use "git add <file>..." to update what will be committed)
[2025-03-02T13:17:51.692+0000] {subprocess.py:93} INFO -   (use "git restore <file>..." to discard changes in working directory)
[2025-03-02T13:17:51.692+0000] {subprocess.py:93} INFO - 	modified:   logs/dag_id=customer_churn_ml_pipeline/run_id=manual__2025-03-02T13:16:50.520829+00:00/task_id=data_preparation_task/attempt=1.log
[2025-03-02T13:17:51.692+0000] {subprocess.py:93} INFO - 
[2025-03-02T13:17:51.692+0000] {subprocess.py:93} INFO - Untracked files:
[2025-03-02T13:17:51.692+0000] {subprocess.py:93} INFO -   (use "git add <file>..." to include in what will be committed)
[2025-03-02T13:17:51.692+0000] {subprocess.py:93} INFO - 	customer_churn_stats/README.md
[2025-03-02T13:17:51.693+0000] {subprocess.py:93} INFO - 	customer_churn_stats/feature_repo/__pycache__/example_repo.cpython-38.pyc
[2025-03-02T13:17:51.693+0000] {subprocess.py:93} INFO - 	customer_churn_stats/feature_repo/__pycache__/test_workflow.cpython-38.pyc
[2025-03-02T13:17:51.693+0000] {subprocess.py:93} INFO - 
