[2025-03-02T15:15:26.159+0000] {taskinstance.py:1159} INFO - Dependencies all met for dep_context=non-requeueable deps ti=<TaskInstance: customer_churn_ml_pipeline.data_storage_task manual__2025-03-02T15:14:00.458427+00:00 [queued]>
[2025-03-02T15:15:26.171+0000] {taskinstance.py:1159} INFO - Dependencies all met for dep_context=requeueable deps ti=<TaskInstance: customer_churn_ml_pipeline.data_storage_task manual__2025-03-02T15:14:00.458427+00:00 [queued]>
[2025-03-02T15:15:26.171+0000] {taskinstance.py:1361} INFO - Starting attempt 1 of 1
[2025-03-02T15:15:26.191+0000] {taskinstance.py:1382} INFO - Executing <Task(BashOperator): data_storage_task> on 2025-03-02 15:14:00.458427+00:00
[2025-03-02T15:15:26.195+0000] {standard_task_runner.py:57} INFO - Started process 1328 to run task
[2025-03-02T15:15:26.198+0000] {standard_task_runner.py:84} INFO - Running: ['***', 'tasks', 'run', 'customer_churn_ml_pipeline', 'data_storage_task', 'manual__2025-03-02T15:14:00.458427+00:00', '--job-id', '43', '--raw', '--subdir', 'DAGS_FOLDER/customer_churn.py', '--cfg-path', '/tmp/tmphl7cry10']
[2025-03-02T15:15:26.201+0000] {standard_task_runner.py:85} INFO - Job 43: Subtask data_storage_task
[2025-03-02T15:15:26.224+0000] {logging_mixin.py:154} WARNING - /home/***/.local/lib/python3.8/site-packages/***/settings.py:195 DeprecationWarning: The sql_alchemy_conn option in [core] has been moved to the sql_alchemy_conn option in [database] - the old setting has been used, but please update your config.
[2025-03-02T15:15:26.280+0000] {task_command.py:416} INFO - Running <TaskInstance: customer_churn_ml_pipeline.data_storage_task manual__2025-03-02T15:14:00.458427+00:00 [running]> on host 157237bff8f7
[2025-03-02T15:15:26.496+0000] {taskinstance.py:1662} INFO - Exporting env vars: AIRFLOW_CTX_DAG_OWNER='***' AIRFLOW_CTX_DAG_ID='customer_churn_ml_pipeline' AIRFLOW_CTX_TASK_ID='data_storage_task' AIRFLOW_CTX_EXECUTION_DATE='2025-03-02T15:14:00.458427+00:00' AIRFLOW_CTX_TRY_NUMBER='1' AIRFLOW_CTX_DAG_RUN_ID='manual__2025-03-02T15:14:00.458427+00:00'
[2025-03-02T15:15:26.498+0000] {subprocess.py:63} INFO - Tmp dir root location: /tmp
[2025-03-02T15:15:26.499+0000] {subprocess.py:75} INFO - Running command: ['/bin/bash', '-c', '\n\t\t\tcd /opt/***\n                        dvc pull /opt/***/data/transformed\n                        python /opt/***/executables/data_storage.py && \t\t\tgit add logs &&    \t\t\tgit status &&                         git commit -m "Updated stored data version" -a &&                         dvc push && git push\n                    ']
[2025-03-02T15:15:26.510+0000] {subprocess.py:86} INFO - Output:
[2025-03-02T15:15:29.723+0000] {subprocess.py:93} INFO - Everything is up to date.
[2025-03-02T15:15:30.899+0000] {subprocess.py:93} INFO - 2025-03-02 15:15:30,898 : INFO : Connecting to Database
[2025-03-02T15:15:30.917+0000] {subprocess.py:93} INFO - 2025-03-02 15:15:30,917 : INFO : Connecting to Database Successfull
[2025-03-02T15:15:30.917+0000] {subprocess.py:93} INFO - 2025-03-02 15:15:30,917 : INFO : Reading Initial DB Setup Script
[2025-03-02T15:15:30.918+0000] {subprocess.py:93} INFO - 2025-03-02 15:15:30,917 : INFO : Executing script to Database
[2025-03-02T15:15:30.965+0000] {subprocess.py:93} INFO - 2025-03-02 15:15:30,965 : INFO : Executed script successfully !!
[2025-03-02T15:15:30.965+0000] {subprocess.py:93} INFO - 2025-03-02 15:15:30,965 : INFO : Reading insert script template
[2025-03-02T15:15:30.966+0000] {subprocess.py:93} INFO - 2025-03-02 15:15:30,966 : INFO : Inserting data to database
[2025-03-02T15:15:34.885+0000] {subprocess.py:93} INFO - 2025-03-02 15:15:34,885 : INFO : Executed script successfully !!
[2025-03-02T15:15:34.886+0000] {subprocess.py:93} INFO - 2025-03-02 15:15:34,886 : INFO : Connection closed !!
[2025-03-02T15:15:35.060+0000] {subprocess.py:93} INFO - On branch main
[2025-03-02T15:15:35.061+0000] {subprocess.py:93} INFO - Your branch is up to date with 'origin/main'.
[2025-03-02T15:15:35.061+0000] {subprocess.py:93} INFO - 
[2025-03-02T15:15:35.061+0000] {subprocess.py:93} INFO - Changes to be committed:
[2025-03-02T15:15:35.062+0000] {subprocess.py:93} INFO -   (use "git restore --staged <file>..." to unstage)
[2025-03-02T15:15:35.062+0000] {subprocess.py:93} INFO - 	new file:   logs/dag_id=customer_churn_ml_pipeline/run_id=manual__2025-03-02T15:14:00.458427+00:00/task_id=data_storage_task/attempt=1.log
[2025-03-02T15:15:35.062+0000] {subprocess.py:93} INFO - 	modified:   logs/dag_id=customer_churn_ml_pipeline/run_id=manual__2025-03-02T15:14:00.458427+00:00/task_id=data_transformation_task/attempt=1.log
[2025-03-02T15:15:35.062+0000] {subprocess.py:93} INFO - 	modified:   logs/dag_processor_manager/dag_processor_manager.log
[2025-03-02T15:15:35.062+0000] {subprocess.py:93} INFO - 	modified:   logs/data_storage.log
[2025-03-02T15:15:35.063+0000] {subprocess.py:93} INFO - 	modified:   logs/scheduler/2025-03-02/customer_churn.py.log
[2025-03-02T15:15:35.063+0000] {subprocess.py:93} INFO - 
[2025-03-02T15:15:35.063+0000] {subprocess.py:93} INFO - Untracked files:
[2025-03-02T15:15:35.063+0000] {subprocess.py:93} INFO -   (use "git add <file>..." to include in what will be committed)
[2025-03-02T15:15:35.063+0000] {subprocess.py:93} INFO - 	customer_churn_stats/feature_repo/data/online_store.db
[2025-03-02T15:15:35.064+0000] {subprocess.py:93} INFO - 	customer_churn_stats/feature_repo/data/registry.db
[2025-03-02T15:15:35.064+0000] {subprocess.py:93} INFO - 	online.db
[2025-03-02T15:15:35.064+0000] {subprocess.py:93} INFO - 
[2025-03-02T15:15:35.136+0000] {subprocess.py:93} INFO - [main b5d4013] Updated stored data version
[2025-03-02T15:15:35.137+0000] {subprocess.py:93} INFO -  5 files changed, 74 insertions(+)
[2025-03-02T15:15:35.137+0000] {subprocess.py:93} INFO -  create mode 100644 logs/dag_id=customer_churn_ml_pipeline/run_id=manual__2025-03-02T15:14:00.458427+00:00/task_id=data_storage_task/attempt=1.log
[2025-03-02T15:15:40.941+0000] {subprocess.py:93} INFO - Everything is up to date.
[2025-03-02T15:15:43.166+0000] {subprocess.py:93} INFO - To https://github.com/anniemathew-trial/customer_churn_pipeline.git
[2025-03-02T15:15:43.167+0000] {subprocess.py:93} INFO -    7a50795..b5d4013  main -> main
[2025-03-02T15:15:43.173+0000] {subprocess.py:97} INFO - Command exited with return code 0
[2025-03-02T15:15:43.219+0000] {taskinstance.py:1400} INFO - Marking task as SUCCESS. dag_id=customer_churn_ml_pipeline, task_id=data_storage_task, execution_date=20250302T151400, start_date=20250302T151526, end_date=20250302T151543
[2025-03-02T15:15:43.255+0000] {local_task_job_runner.py:228} INFO - Task exited with return code 0
[2025-03-02T15:15:43.302+0000] {taskinstance.py:2778} INFO - 1 downstream tasks scheduled from follow-on schedule check
