[2025-03-09T17:45:17.505+0000] {taskinstance.py:1159} INFO - Dependencies all met for dep_context=non-requeueable deps ti=<TaskInstance: customer_churn_ml_pipeline.data_preparation_task manual__2025-03-09T17:44:14.660133+00:00 [queued]>
[2025-03-09T17:45:17.527+0000] {taskinstance.py:1159} INFO - Dependencies all met for dep_context=requeueable deps ti=<TaskInstance: customer_churn_ml_pipeline.data_preparation_task manual__2025-03-09T17:44:14.660133+00:00 [queued]>
[2025-03-09T17:45:17.528+0000] {taskinstance.py:1361} INFO - Starting attempt 1 of 1
[2025-03-09T17:45:17.558+0000] {taskinstance.py:1382} INFO - Executing <Task(BashOperator): data_preparation_task> on 2025-03-09 17:44:14.660133+00:00
[2025-03-09T17:45:17.568+0000] {standard_task_runner.py:57} INFO - Started process 13896 to run task
[2025-03-09T17:45:17.573+0000] {standard_task_runner.py:84} INFO - Running: ['***', 'tasks', 'run', 'customer_churn_ml_pipeline', 'data_preparation_task', 'manual__2025-03-09T17:44:14.660133+00:00', '--job-id', '425', '--raw', '--subdir', 'DAGS_FOLDER/customer_churn.py', '--cfg-path', '/tmp/tmpdv05y89i']
[2025-03-09T17:45:17.577+0000] {standard_task_runner.py:85} INFO - Job 425: Subtask data_preparation_task
[2025-03-09T17:45:17.620+0000] {logging_mixin.py:154} WARNING - /home/***/.local/lib/python3.8/site-packages/***/settings.py:195 DeprecationWarning: The sql_alchemy_conn option in [core] has been moved to the sql_alchemy_conn option in [database] - the old setting has been used, but please update your config.
[2025-03-09T17:45:17.721+0000] {task_command.py:416} INFO - Running <TaskInstance: customer_churn_ml_pipeline.data_preparation_task manual__2025-03-09T17:44:14.660133+00:00 [running]> on host 157237bff8f7
[2025-03-09T17:45:18.044+0000] {taskinstance.py:1662} INFO - Exporting env vars: AIRFLOW_CTX_DAG_OWNER='***' AIRFLOW_CTX_DAG_ID='customer_churn_ml_pipeline' AIRFLOW_CTX_TASK_ID='data_preparation_task' AIRFLOW_CTX_EXECUTION_DATE='2025-03-09T17:44:14.660133+00:00' AIRFLOW_CTX_TRY_NUMBER='1' AIRFLOW_CTX_DAG_RUN_ID='manual__2025-03-09T17:44:14.660133+00:00'
[2025-03-09T17:45:18.047+0000] {subprocess.py:63} INFO - Tmp dir root location: /tmp
[2025-03-09T17:45:18.049+0000] {subprocess.py:75} INFO - Running command: ['/bin/bash', '-c', '\n\t\t\tcd /opt/*** &&\t\t\tpython /opt/***/executables/data_preparation.py &&                         dvc add /opt/***/data/cleaned &&                         git add /opt/***/data/cleaned.dvc && \t\t\tgit add logs && \\   \n\t\t\tgit add visualization &&    \t\t\tgit status &&                         git commit -m "Updated cleaned data version" -a &&                         dvc push && git push\n                    ']
[2025-03-09T17:45:18.076+0000] {subprocess.py:86} INFO - Output:
[2025-03-09T17:45:23.987+0000] {subprocess.py:93} INFO - 2025-03-09 17:45:23,987 : INFO : Starting data preparation for customer_data.csv.
[2025-03-09T17:45:24.022+0000] {subprocess.py:93} INFO - 2025-03-09 17:45:24,022 : INFO : Dropping 'Estimated Salary' & 'Credit Score' with 0 & negative values
[2025-03-09T17:45:24.026+0000] {subprocess.py:93} INFO - 2025-03-09 17:45:24,026 : INFO : Handling 'Balance', 'EstimatedSalary' empty data with mean
[2025-03-09T17:45:24.026+0000] {subprocess.py:93} INFO - 2025-03-09 17:45:24,026 : INFO : Handling 'Tenure', 'Age' empty data with tenure + 18 in age and droping tenure with 0 values & negative values
[2025-03-09T17:45:24.043+0000] {subprocess.py:93} INFO - 2025-03-09 17:45:24,043 : INFO : Dropping 'Tenure' less than 0 and greater than 80
[2025-03-09T17:45:24.048+0000] {subprocess.py:93} INFO - 2025-03-09 17:45:24,047 : INFO : Handling 'Age' empty data
[2025-03-09T17:45:24.049+0000] {subprocess.py:93} INFO - 2025-03-09 17:45:24,049 : INFO : Dropping 'Age' less than 18 and greater than 110
[2025-03-09T17:45:24.053+0000] {subprocess.py:93} INFO - 2025-03-09 17:45:24,053 : INFO : Droping 'Surname' as it may lead to profiling, 'RowNumber', 'CustomerId' as it is not required
[2025-03-09T17:45:24.056+0000] {subprocess.py:93} INFO - 2025-03-09 17:45:24,056 : INFO : Making 'Geography', 'Gender' as categorical
[2025-03-09T17:45:24.063+0000] {subprocess.py:93} INFO - 2025-03-09 17:45:24,063 : INFO : Making 'HasCrCard', 'IsActiveMember', 'Exited' as integers
[2025-03-09T17:45:24.065+0000] {subprocess.py:93} INFO - 2025-03-09 17:45:24,065 : INFO : Saving data to S3.
[2025-03-09T17:45:24.066+0000] {subprocess.py:93} INFO - 2025-03-09 17:45:24,066 : INFO : Directory created at /opt/***/data/cleaned/fintech1/09-03-2025/csv
[2025-03-09T17:45:24.355+0000] {subprocess.py:93} INFO - 2025-03-09 17:45:24,354 : INFO : Connected to s3
[2025-03-09T17:45:26.892+0000] {subprocess.py:93} INFO - 2025-03-09 17:45:26,891 : INFO : File uploaded to S3
[2025-03-09T17:45:26.893+0000] {subprocess.py:93} INFO - 2025-03-09 17:45:26,892 : INFO : Creating Pie chart
[2025-03-09T17:45:26.957+0000] {subprocess.py:93} INFO - 2025-03-09 17:45:26,957 : INFO : Generating histogram for column CreditScore.
[2025-03-09T17:45:27.160+0000] {subprocess.py:93} INFO - 2025-03-09 17:45:27,160 : INFO : Generating histogram for column Geography.
[2025-03-09T17:45:27.415+0000] {subprocess.py:93} INFO - 2025-03-09 17:45:27,414 : INFO : Generating histogram for column Gender.
[2025-03-09T17:45:27.597+0000] {subprocess.py:93} INFO - 2025-03-09 17:45:27,596 : INFO : Generating histogram for column Age.
[2025-03-09T17:45:27.921+0000] {subprocess.py:93} INFO - 2025-03-09 17:45:27,920 : INFO : Generating histogram for column Tenure.
[2025-03-09T17:45:28.382+0000] {subprocess.py:93} INFO - 2025-03-09 17:45:28,381 : INFO : Generating histogram for column Balance.
[2025-03-09T17:45:28.723+0000] {subprocess.py:93} INFO - 2025-03-09 17:45:28,722 : INFO : Generating histogram for column NumOfProducts.
[2025-03-09T17:45:28.964+0000] {subprocess.py:93} INFO - 2025-03-09 17:45:28,963 : INFO : Generating histogram for column HasCrCard.
[2025-03-09T17:45:29.256+0000] {subprocess.py:93} INFO - 2025-03-09 17:45:29,255 : INFO : Generating histogram for column IsActiveMember.
[2025-03-09T17:45:29.503+0000] {subprocess.py:93} INFO - 2025-03-09 17:45:29,502 : INFO : Generating histogram for column EstimatedSalary.
[2025-03-09T17:45:29.749+0000] {subprocess.py:93} INFO - 2025-03-09 17:45:29,748 : INFO : Generating histogram for column Exited.
[2025-03-09T17:45:29.978+0000] {subprocess.py:93} INFO - 2025-03-09 17:45:29,978 : INFO : Generating histogram for relation of Exited with Categorical data.
[2025-03-09T17:45:30.417+0000] {subprocess.py:93} INFO - 2025-03-09 17:45:30,417 : INFO : Using categorical units to plot a list of strings that are all parsable as floats or dates. If these strings should be plotted as numbers, cast to the appropriate data type before plotting.
[2025-03-09T17:45:30.441+0000] {subprocess.py:93} INFO - 2025-03-09 17:45:30,440 : INFO : Using categorical units to plot a list of strings that are all parsable as floats or dates. If these strings should be plotted as numbers, cast to the appropriate data type before plotting.
[2025-03-09T17:45:30.558+0000] {subprocess.py:93} INFO - 2025-03-09 17:45:30,557 : INFO : Using categorical units to plot a list of strings that are all parsable as floats or dates. If these strings should be plotted as numbers, cast to the appropriate data type before plotting.
[2025-03-09T17:45:30.579+0000] {subprocess.py:93} INFO - 2025-03-09 17:45:30,578 : INFO : Using categorical units to plot a list of strings that are all parsable as floats or dates. If these strings should be plotted as numbers, cast to the appropriate data type before plotting.
[2025-03-09T17:45:30.653+0000] {subprocess.py:93} INFO - 2025-03-09 17:45:30,653 : INFO : Generating box plots for relation of Exited with non Categorical data.
[2025-03-09T17:45:30.910+0000] {subprocess.py:93} INFO - 2025-03-09 17:45:30,909 : INFO : Using categorical units to plot a list of strings that are all parsable as floats or dates. If these strings should be plotted as numbers, cast to the appropriate data type before plotting.
[2025-03-09T17:45:30.935+0000] {subprocess.py:93} INFO - 2025-03-09 17:45:30,935 : INFO : Using categorical units to plot a list of strings that are all parsable as floats or dates. If these strings should be plotted as numbers, cast to the appropriate data type before plotting.
[2025-03-09T17:45:31.059+0000] {subprocess.py:93} INFO - 2025-03-09 17:45:31,059 : INFO : Using categorical units to plot a list of strings that are all parsable as floats or dates. If these strings should be plotted as numbers, cast to the appropriate data type before plotting.
[2025-03-09T17:45:31.088+0000] {subprocess.py:93} INFO - 2025-03-09 17:45:31,087 : INFO : Using categorical units to plot a list of strings that are all parsable as floats or dates. If these strings should be plotted as numbers, cast to the appropriate data type before plotting.
[2025-03-09T17:45:31.211+0000] {subprocess.py:93} INFO - 2025-03-09 17:45:31,211 : INFO : Using categorical units to plot a list of strings that are all parsable as floats or dates. If these strings should be plotted as numbers, cast to the appropriate data type before plotting.
[2025-03-09T17:45:31.234+0000] {subprocess.py:93} INFO - 2025-03-09 17:45:31,233 : INFO : Using categorical units to plot a list of strings that are all parsable as floats or dates. If these strings should be plotted as numbers, cast to the appropriate data type before plotting.
[2025-03-09T17:45:31.346+0000] {subprocess.py:93} INFO - 2025-03-09 17:45:31,345 : INFO : Using categorical units to plot a list of strings that are all parsable as floats or dates. If these strings should be plotted as numbers, cast to the appropriate data type before plotting.
[2025-03-09T17:45:31.367+0000] {subprocess.py:93} INFO - 2025-03-09 17:45:31,367 : INFO : Using categorical units to plot a list of strings that are all parsable as floats or dates. If these strings should be plotted as numbers, cast to the appropriate data type before plotting.
[2025-03-09T17:45:31.471+0000] {subprocess.py:93} INFO - 2025-03-09 17:45:31,471 : INFO : Using categorical units to plot a list of strings that are all parsable as floats or dates. If these strings should be plotted as numbers, cast to the appropriate data type before plotting.
[2025-03-09T17:45:31.491+0000] {subprocess.py:93} INFO - 2025-03-09 17:45:31,490 : INFO : Using categorical units to plot a list of strings that are all parsable as floats or dates. If these strings should be plotted as numbers, cast to the appropriate data type before plotting.
[2025-03-09T17:45:31.722+0000] {subprocess.py:93} INFO - 2025-03-09 17:45:31,721 : INFO : Using categorical units to plot a list of strings that are all parsable as floats or dates. If these strings should be plotted as numbers, cast to the appropriate data type before plotting.
[2025-03-09T17:45:31.745+0000] {subprocess.py:93} INFO - 2025-03-09 17:45:31,745 : INFO : Using categorical units to plot a list of strings that are all parsable as floats or dates. If these strings should be plotted as numbers, cast to the appropriate data type before plotting.
[2025-03-09T17:45:32.415+0000] {subprocess.py:93} INFO - 2025-03-09 17:45:32,414 : INFO : Saved pdf in /opt/***/visualization/fintech1/09-03-2025/csv/plots.pdf
[2025-03-09T17:45:32.467+0000] {subprocess.py:93} INFO - 2025-03-09 17:45:32,467 : INFO : Starting data preparation for database_data.csv.
[2025-03-09T17:45:32.498+0000] {subprocess.py:93} INFO - 2025-03-09 17:45:32,497 : INFO : Dropping 'Estimated Salary' & 'Credit Score' with 0 & negative values
[2025-03-09T17:45:32.502+0000] {subprocess.py:93} INFO - 2025-03-09 17:45:32,501 : INFO : Handling 'Balance', 'EstimatedSalary' empty data with mean
[2025-03-09T17:45:32.502+0000] {subprocess.py:93} INFO - 2025-03-09 17:45:32,502 : INFO : Handling 'Tenure', 'Age' empty data with tenure + 18 in age and droping tenure with 0 values & negative values
[2025-03-09T17:45:32.503+0000] {subprocess.py:93} INFO - 2025-03-09 17:45:32,502 : INFO : Dropping 'Tenure' less than 0 and greater than 80
[2025-03-09T17:45:32.506+0000] {subprocess.py:93} INFO - 2025-03-09 17:45:32,505 : INFO : Handling 'Age' empty data
[2025-03-09T17:45:32.507+0000] {subprocess.py:93} INFO - 2025-03-09 17:45:32,507 : INFO : Dropping 'Age' less than 18 and greater than 110
[2025-03-09T17:45:32.510+0000] {subprocess.py:93} INFO - 2025-03-09 17:45:32,510 : INFO : Droping 'Surname' as it may lead to profiling, 'RowNumber', 'CustomerId' as it is not required
[2025-03-09T17:45:32.512+0000] {subprocess.py:93} INFO - 2025-03-09 17:45:32,512 : INFO : Making 'Geography', 'Gender' as categorical
[2025-03-09T17:45:32.520+0000] {subprocess.py:93} INFO - 2025-03-09 17:45:32,520 : INFO : Making 'HasCrCard', 'IsActiveMember', 'Exited' as integers
[2025-03-09T17:45:32.523+0000] {subprocess.py:93} INFO - 2025-03-09 17:45:32,523 : INFO : Saving data to S3.
[2025-03-09T17:45:32.524+0000] {subprocess.py:93} INFO - 2025-03-09 17:45:32,523 : INFO : Directory created at /opt/***/data/cleaned/fintech2/09-03-2025/database
[2025-03-09T17:45:32.627+0000] {subprocess.py:93} INFO - 2025-03-09 17:45:32,626 : INFO : Connected to s3
[2025-03-09T17:45:35.208+0000] {subprocess.py:93} INFO - 2025-03-09 17:45:35,207 : INFO : File uploaded to S3
[2025-03-09T17:45:35.217+0000] {subprocess.py:93} INFO - 2025-03-09 17:45:35,217 : INFO : Creating Pie chart
[2025-03-09T17:45:35.300+0000] {subprocess.py:93} INFO - 2025-03-09 17:45:35,300 : INFO : Generating histogram for column CreditScore.
[2025-03-09T17:45:35.542+0000] {subprocess.py:93} INFO - 2025-03-09 17:45:35,541 : INFO : Generating histogram for column Geography.
[2025-03-09T17:45:35.741+0000] {subprocess.py:93} INFO - 2025-03-09 17:45:35,741 : INFO : Generating histogram for column Gender.
[2025-03-09T17:45:35.948+0000] {subprocess.py:93} INFO - 2025-03-09 17:45:35,947 : INFO : Generating histogram for column Age.
[2025-03-09T17:45:36.245+0000] {subprocess.py:93} INFO - 2025-03-09 17:45:36,244 : INFO : Generating histogram for column Tenure.
[2025-03-09T17:45:36.553+0000] {subprocess.py:93} INFO - 2025-03-09 17:45:36,552 : INFO : Generating histogram for column Balance.
[2025-03-09T17:45:36.861+0000] {subprocess.py:93} INFO - 2025-03-09 17:45:36,861 : INFO : Generating histogram for column NumOfProducts.
[2025-03-09T17:45:37.295+0000] {subprocess.py:93} INFO - 2025-03-09 17:45:37,295 : INFO : Generating histogram for column HasCrCard.
[2025-03-09T17:45:37.712+0000] {subprocess.py:93} INFO - 2025-03-09 17:45:37,712 : INFO : Generating histogram for column IsActiveMember.
[2025-03-09T17:45:38.186+0000] {subprocess.py:93} INFO - 2025-03-09 17:45:38,186 : INFO : Generating histogram for column EstimatedSalary.
[2025-03-09T17:45:38.997+0000] {subprocess.py:93} INFO - 2025-03-09 17:45:38,996 : INFO : Generating histogram for column Exited.
[2025-03-09T17:45:39.789+0000] {subprocess.py:93} INFO - 2025-03-09 17:45:39,789 : INFO : Generating histogram for relation of Exited with Categorical data.
[2025-03-09T17:45:40.604+0000] {subprocess.py:93} INFO - 2025-03-09 17:45:40,603 : INFO : Using categorical units to plot a list of strings that are all parsable as floats or dates. If these strings should be plotted as numbers, cast to the appropriate data type before plotting.
[2025-03-09T17:45:40.634+0000] {subprocess.py:93} INFO - 2025-03-09 17:45:40,634 : INFO : Using categorical units to plot a list of strings that are all parsable as floats or dates. If these strings should be plotted as numbers, cast to the appropriate data type before plotting.
[2025-03-09T17:45:40.855+0000] {subprocess.py:93} INFO - 2025-03-09 17:45:40,855 : INFO : Using categorical units to plot a list of strings that are all parsable as floats or dates. If these strings should be plotted as numbers, cast to the appropriate data type before plotting.
[2025-03-09T17:45:40.895+0000] {subprocess.py:93} INFO - 2025-03-09 17:45:40,895 : INFO : Using categorical units to plot a list of strings that are all parsable as floats or dates. If these strings should be plotted as numbers, cast to the appropriate data type before plotting.
[2025-03-09T17:45:41.011+0000] {subprocess.py:93} INFO - 2025-03-09 17:45:41,010 : INFO : Generating box plots for relation of Exited with non Categorical data.
[2025-03-09T17:45:41.691+0000] {subprocess.py:93} INFO - 2025-03-09 17:45:41,690 : INFO : Using categorical units to plot a list of strings that are all parsable as floats or dates. If these strings should be plotted as numbers, cast to the appropriate data type before plotting.
[2025-03-09T17:45:41.726+0000] {subprocess.py:93} INFO - 2025-03-09 17:45:41,726 : INFO : Using categorical units to plot a list of strings that are all parsable as floats or dates. If these strings should be plotted as numbers, cast to the appropriate data type before plotting.
[2025-03-09T17:45:41.910+0000] {subprocess.py:93} INFO - 2025-03-09 17:45:41,910 : INFO : Using categorical units to plot a list of strings that are all parsable as floats or dates. If these strings should be plotted as numbers, cast to the appropriate data type before plotting.
[2025-03-09T17:45:41.942+0000] {subprocess.py:93} INFO - 2025-03-09 17:45:41,942 : INFO : Using categorical units to plot a list of strings that are all parsable as floats or dates. If these strings should be plotted as numbers, cast to the appropriate data type before plotting.
[2025-03-09T17:45:42.092+0000] {subprocess.py:93} INFO - 2025-03-09 17:45:42,092 : INFO : Using categorical units to plot a list of strings that are all parsable as floats or dates. If these strings should be plotted as numbers, cast to the appropriate data type before plotting.
[2025-03-09T17:45:42.128+0000] {subprocess.py:93} INFO - 2025-03-09 17:45:42,127 : INFO : Using categorical units to plot a list of strings that are all parsable as floats or dates. If these strings should be plotted as numbers, cast to the appropriate data type before plotting.
[2025-03-09T17:45:42.318+0000] {subprocess.py:93} INFO - 2025-03-09 17:45:42,318 : INFO : Using categorical units to plot a list of strings that are all parsable as floats or dates. If these strings should be plotted as numbers, cast to the appropriate data type before plotting.
[2025-03-09T17:45:42.353+0000] {subprocess.py:93} INFO - 2025-03-09 17:45:42,352 : INFO : Using categorical units to plot a list of strings that are all parsable as floats or dates. If these strings should be plotted as numbers, cast to the appropriate data type before plotting.
[2025-03-09T17:45:42.577+0000] {subprocess.py:93} INFO - 2025-03-09 17:45:42,576 : INFO : Using categorical units to plot a list of strings that are all parsable as floats or dates. If these strings should be plotted as numbers, cast to the appropriate data type before plotting.
[2025-03-09T17:45:42.615+0000] {subprocess.py:93} INFO - 2025-03-09 17:45:42,614 : INFO : Using categorical units to plot a list of strings that are all parsable as floats or dates. If these strings should be plotted as numbers, cast to the appropriate data type before plotting.
[2025-03-09T17:45:42.827+0000] {subprocess.py:93} INFO - 2025-03-09 17:45:42,827 : INFO : Using categorical units to plot a list of strings that are all parsable as floats or dates. If these strings should be plotted as numbers, cast to the appropriate data type before plotting.
[2025-03-09T17:45:42.864+0000] {subprocess.py:93} INFO - 2025-03-09 17:45:42,863 : INFO : Using categorical units to plot a list of strings that are all parsable as floats or dates. If these strings should be plotted as numbers, cast to the appropriate data type before plotting.
[2025-03-09T17:45:44.303+0000] {subprocess.py:93} INFO - 2025-03-09 17:45:44,303 : INFO : Saved pdf in /opt/***/visualization/fintech2/09-03-2025/database/plots.pdf
[2025-03-09T17:45:54.272+0000] {subprocess.py:93} INFO - 
[2025-03-09T17:45:54.273+0000] {subprocess.py:93} INFO - To track the changes with git, run:
[2025-03-09T17:45:54.273+0000] {subprocess.py:93} INFO - 
[2025-03-09T17:45:54.274+0000] {subprocess.py:93} INFO - 	git add data/cleaned.dvc
[2025-03-09T17:45:54.274+0000] {subprocess.py:93} INFO - 
[2025-03-09T17:45:54.276+0000] {subprocess.py:93} INFO - To enable auto staging, run:
[2025-03-09T17:45:54.277+0000] {subprocess.py:93} INFO - 
[2025-03-09T17:45:54.277+0000] {subprocess.py:93} INFO - 	dvc config core.autostage true
[2025-03-09T17:45:55.483+0000] {subprocess.py:93} INFO - /bin/bash: line 2:  : command not found
[2025-03-09T17:45:55.563+0000] {subprocess.py:93} INFO - On branch main
[2025-03-09T17:45:55.564+0000] {subprocess.py:93} INFO - Your branch is up to date with 'origin/main'.
[2025-03-09T17:45:55.565+0000] {subprocess.py:93} INFO - 
[2025-03-09T17:45:55.565+0000] {subprocess.py:93} INFO - Changes to be committed:
[2025-03-09T17:45:55.566+0000] {subprocess.py:93} INFO -   (use "git restore --staged <file>..." to unstage)
[2025-03-09T17:45:55.566+0000] {subprocess.py:93} INFO - 	new file:   logs/dag_id=customer_churn_ml_pipeline/run_id=manual__2025-03-09T17:44:14.660133+00:00/task_id=data_preparation_task/attempt=1.log
[2025-03-09T17:45:55.566+0000] {subprocess.py:93} INFO - 	modified:   logs/dag_id=customer_churn_ml_pipeline/run_id=manual__2025-03-09T17:44:14.660133+00:00/task_id=data_validation_task/attempt=1.log
[2025-03-09T17:45:55.567+0000] {subprocess.py:93} INFO - 	modified:   logs/dag_processor_manager/dag_processor_manager.log
[2025-03-09T17:45:55.567+0000] {subprocess.py:93} INFO - 	modified:   logs/data_preparation.log
[2025-03-09T17:45:55.567+0000] {subprocess.py:93} INFO - 	modified:   logs/scheduler/2025-03-09/customer_churn.py.log
[2025-03-09T17:45:55.568+0000] {subprocess.py:93} INFO - 	modified:   visualization/fintech1/09-03-2025/csv/plots.pdf
[2025-03-09T17:45:55.568+0000] {subprocess.py:93} INFO - 	modified:   visualization/fintech2/09-03-2025/database/plots.pdf
[2025-03-09T17:45:55.569+0000] {subprocess.py:93} INFO - 
[2025-03-09T17:45:55.569+0000] {subprocess.py:93} INFO - Changes not staged for commit:
[2025-03-09T17:45:55.569+0000] {subprocess.py:93} INFO -   (use "git add <file>..." to update what will be committed)
[2025-03-09T17:45:55.570+0000] {subprocess.py:93} INFO -   (use "git restore <file>..." to discard changes in working directory)
[2025-03-09T17:45:55.570+0000] {subprocess.py:93} INFO - 	modified:   logs/dag_id=customer_churn_ml_pipeline/run_id=manual__2025-03-09T17:44:14.660133+00:00/task_id=data_preparation_task/attempt=1.log
[2025-03-09T17:45:55.571+0000] {subprocess.py:93} INFO - 
[2025-03-09T17:45:55.571+0000] {subprocess.py:93} INFO - Untracked files:
[2025-03-09T17:45:55.572+0000] {subprocess.py:93} INFO -   (use "git add <file>..." to include in what will be committed)
[2025-03-09T17:45:55.572+0000] {subprocess.py:93} INFO - 	customer_churn_stats/feature_repo/data/online_store.db
[2025-03-09T17:45:55.572+0000] {subprocess.py:93} INFO - 	customer_churn_stats/feature_repo/data/registry.db
[2025-03-09T17:45:55.573+0000] {subprocess.py:93} INFO - 	mlartifacts/
[2025-03-09T17:45:55.573+0000] {subprocess.py:93} INFO - 	online.db
[2025-03-09T17:45:55.574+0000] {subprocess.py:93} INFO - 
[2025-03-09T17:45:55.921+0000] {subprocess.py:93} INFO - [main 6f0d8fd] Updated cleaned data version
[2025-03-09T17:45:55.922+0000] {subprocess.py:93} INFO -  7 files changed, 260 insertions(+)
[2025-03-09T17:45:55.923+0000] {subprocess.py:93} INFO -  create mode 100644 logs/dag_id=customer_churn_ml_pipeline/run_id=manual__2025-03-09T17:44:14.660133+00:00/task_id=data_preparation_task/attempt=1.log
[2025-03-09T17:46:09.568+0000] {subprocess.py:93} INFO - Everything is up to date.
[2025-03-09T17:46:13.188+0000] {subprocess.py:93} INFO - To https://github.com/anniemathew-trial/customer_churn_pipeline.git
[2025-03-09T17:46:13.189+0000] {subprocess.py:93} INFO -    b9ac389..6f0d8fd  main -> main
[2025-03-09T17:46:13.225+0000] {subprocess.py:97} INFO - Command exited with return code 0
[2025-03-09T17:46:13.368+0000] {taskinstance.py:1400} INFO - Marking task as SUCCESS. dag_id=customer_churn_ml_pipeline, task_id=data_preparation_task, execution_date=20250309T174414, start_date=20250309T174517, end_date=20250309T174613
[2025-03-09T17:46:13.489+0000] {local_task_job_runner.py:228} INFO - Task exited with return code 0
[2025-03-09T17:46:13.740+0000] {taskinstance.py:2778} INFO - 1 downstream tasks scheduled from follow-on schedule check
