[2025-03-02T08:52:55.638+0000] {taskinstance.py:1159} INFO - Dependencies all met for dep_context=non-requeueable deps ti=<TaskInstance: customer_churn_ml_pipeline.pull_latest_codes manual__2025-03-02T08:52:54.721028+00:00 [queued]>
[2025-03-02T08:52:55.650+0000] {taskinstance.py:1159} INFO - Dependencies all met for dep_context=requeueable deps ti=<TaskInstance: customer_churn_ml_pipeline.pull_latest_codes manual__2025-03-02T08:52:54.721028+00:00 [queued]>
[2025-03-02T08:52:55.650+0000] {taskinstance.py:1361} INFO - Starting attempt 1 of 1
[2025-03-02T08:52:55.670+0000] {taskinstance.py:1382} INFO - Executing <Task(BashOperator): pull_latest_codes> on 2025-03-02 08:52:54.721028+00:00
[2025-03-02T08:52:55.674+0000] {standard_task_runner.py:57} INFO - Started process 4562 to run task
[2025-03-02T08:52:55.677+0000] {standard_task_runner.py:84} INFO - Running: ['***', 'tasks', 'run', 'customer_churn_ml_pipeline', 'pull_latest_codes', 'manual__2025-03-02T08:52:54.721028+00:00', '--job-id', '31', '--raw', '--subdir', 'DAGS_FOLDER/customer_churn.py', '--cfg-path', '/tmp/tmpc_8p4a8t']
[2025-03-02T08:52:55.680+0000] {standard_task_runner.py:85} INFO - Job 31: Subtask pull_latest_codes
[2025-03-02T08:52:55.700+0000] {logging_mixin.py:154} WARNING - /home/***/.local/lib/python3.8/site-packages/***/settings.py:195 DeprecationWarning: The sql_alchemy_conn option in [core] has been moved to the sql_alchemy_conn option in [database] - the old setting has been used, but please update your config.
[2025-03-02T08:52:55.751+0000] {task_command.py:416} INFO - Running <TaskInstance: customer_churn_ml_pipeline.pull_latest_codes manual__2025-03-02T08:52:54.721028+00:00 [running]> on host 9113a5746a05
[2025-03-02T08:52:55.882+0000] {taskinstance.py:1662} INFO - Exporting env vars: AIRFLOW_CTX_DAG_OWNER='***' AIRFLOW_CTX_DAG_ID='customer_churn_ml_pipeline' AIRFLOW_CTX_TASK_ID='pull_latest_codes' AIRFLOW_CTX_EXECUTION_DATE='2025-03-02T08:52:54.721028+00:00' AIRFLOW_CTX_TRY_NUMBER='1' AIRFLOW_CTX_DAG_RUN_ID='manual__2025-03-02T08:52:54.721028+00:00'
[2025-03-02T08:52:55.883+0000] {subprocess.py:63} INFO - Tmp dir root location: /tmp
[2025-03-02T08:52:55.884+0000] {subprocess.py:75} INFO - Running command: ['/bin/bash', '-c', 'cd /opt/*** && dvc pull && git pull']
[2025-03-02T08:52:55.892+0000] {subprocess.py:86} INFO - Output:
[2025-03-02T08:52:57.164+0000] {subprocess.py:93} INFO - Everything is up to date.
[2025-03-02T08:52:57.288+0000] {subprocess.py:93} INFO - hint: Pulling without specifying how to reconcile divergent branches is
[2025-03-02T08:52:57.288+0000] {subprocess.py:93} INFO - hint: discouraged. You can squelch this message by running one of the following
[2025-03-02T08:52:57.288+0000] {subprocess.py:93} INFO - hint: commands sometime before your next pull:
[2025-03-02T08:52:57.289+0000] {subprocess.py:93} INFO - hint:
[2025-03-02T08:52:57.289+0000] {subprocess.py:93} INFO - hint:   git config pull.rebase false  # merge (the default strategy)
[2025-03-02T08:52:57.289+0000] {subprocess.py:93} INFO - hint:   git config pull.rebase true   # rebase
[2025-03-02T08:52:57.289+0000] {subprocess.py:93} INFO - hint:   git config pull.ff only       # fast-forward only
[2025-03-02T08:52:57.289+0000] {subprocess.py:93} INFO - hint:
[2025-03-02T08:52:57.289+0000] {subprocess.py:93} INFO - hint: You can replace "git config" with "git config --global" to set a default
[2025-03-02T08:52:57.290+0000] {subprocess.py:93} INFO - hint: preference for all repositories. You can also pass --rebase, --no-rebase,
[2025-03-02T08:52:57.290+0000] {subprocess.py:93} INFO - hint: or --ff-only on the command line to override the configured default per
[2025-03-02T08:52:57.290+0000] {subprocess.py:93} INFO - hint: invocation.
[2025-03-02T08:52:58.853+0000] {subprocess.py:93} INFO - From https://github.com/anniemathew-trial/customer_churn_pipeline
[2025-03-02T08:52:58.855+0000] {subprocess.py:93} INFO -    58b63e2..ca33f42  main       -> origin/main
[2025-03-02T08:52:58.867+0000] {subprocess.py:93} INFO - Updating 58b63e2..ca33f42
[2025-03-02T08:52:58.869+0000] {subprocess.py:93} INFO - Fast-forward
[2025-03-02T08:52:58.870+0000] {subprocess.py:93} INFO -  executables/raw_data_storage.py | 6 +++---
[2025-03-02T08:52:58.871+0000] {subprocess.py:93} INFO -  1 file changed, 3 insertions(+), 3 deletions(-)
[2025-03-02T08:52:58.871+0000] {subprocess.py:97} INFO - Command exited with return code 0
[2025-03-02T08:52:58.913+0000] {taskinstance.py:1400} INFO - Marking task as SUCCESS. dag_id=customer_churn_ml_pipeline, task_id=pull_latest_codes, execution_date=20250302T085254, start_date=20250302T085255, end_date=20250302T085258
[2025-03-02T08:52:58.946+0000] {local_task_job_runner.py:228} INFO - Task exited with return code 0
[2025-03-02T08:52:58.981+0000] {taskinstance.py:2778} INFO - 1 downstream tasks scheduled from follow-on schedule check
