[2025-03-03T12:40:20.379+0000] {taskinstance.py:1159} INFO - Dependencies all met for dep_context=non-requeueable deps ti=<TaskInstance: customer_churn_ml_pipeline.data_ingestion_task scheduled__2025-03-02T08:00:00+00:00 [queued]>
[2025-03-03T12:40:20.405+0000] {taskinstance.py:1159} INFO - Dependencies all met for dep_context=requeueable deps ti=<TaskInstance: customer_churn_ml_pipeline.data_ingestion_task scheduled__2025-03-02T08:00:00+00:00 [queued]>
[2025-03-03T12:40:20.406+0000] {taskinstance.py:1361} INFO - Starting attempt 1 of 1
[2025-03-03T12:40:20.434+0000] {taskinstance.py:1382} INFO - Executing <Task(BashOperator): data_ingestion_task> on 2025-03-02 08:00:00+00:00
[2025-03-03T12:40:20.442+0000] {standard_task_runner.py:57} INFO - Started process 254 to run task
[2025-03-03T12:40:20.449+0000] {standard_task_runner.py:84} INFO - Running: ['***', 'tasks', 'run', 'customer_churn_ml_pipeline', 'data_ingestion_task', 'scheduled__2025-03-02T08:00:00+00:00', '--job-id', '69', '--raw', '--subdir', 'DAGS_FOLDER/customer_churn.py', '--cfg-path', '/tmp/tmpljb2bp82']
[2025-03-03T12:40:20.456+0000] {standard_task_runner.py:85} INFO - Job 69: Subtask data_ingestion_task
[2025-03-03T12:40:20.494+0000] {logging_mixin.py:154} WARNING - /home/***/.local/lib/python3.8/site-packages/***/settings.py:195 DeprecationWarning: The sql_alchemy_conn option in [core] has been moved to the sql_alchemy_conn option in [database] - the old setting has been used, but please update your config.
[2025-03-03T12:40:20.574+0000] {task_command.py:416} INFO - Running <TaskInstance: customer_churn_ml_pipeline.data_ingestion_task scheduled__2025-03-02T08:00:00+00:00 [running]> on host 157237bff8f7
[2025-03-03T12:40:20.744+0000] {taskinstance.py:1662} INFO - Exporting env vars: AIRFLOW_CTX_DAG_OWNER='***' AIRFLOW_CTX_DAG_ID='customer_churn_ml_pipeline' AIRFLOW_CTX_TASK_ID='data_ingestion_task' AIRFLOW_CTX_EXECUTION_DATE='2025-03-02T08:00:00+00:00' AIRFLOW_CTX_TRY_NUMBER='1' AIRFLOW_CTX_DAG_RUN_ID='scheduled__2025-03-02T08:00:00+00:00'
[2025-03-03T12:40:20.746+0000] {subprocess.py:63} INFO - Tmp dir root location: /tmp
[2025-03-03T12:40:20.747+0000] {subprocess.py:75} INFO - Running command: ['/bin/bash', '-c', 'python /opt/***/executables/data_ingestion.py && \t\t\tNOW=$(date \'+%d-%m-%Y\') &&\t\t\tcd /opt/*** && \t\t\tgit add logs &&    \t\t\tgit status &&                         git commit -m "Updated data ingestion" -a &&                         git push\n                    ']
[2025-03-03T12:40:20.758+0000] {subprocess.py:86} INFO - Output:
[2025-03-03T12:40:22.039+0000] {subprocess.py:93} INFO - 2025-03-03 12:40:22,038 : INFO : Reading data from CSV file customer_data.csv
[2025-03-03T12:40:22.152+0000] {subprocess.py:93} INFO - 2025-03-03 12:40:22,152 : INFO : Data from CSV customer_data.csv ingested successfully!
[2025-03-03T12:40:22.152+0000] {subprocess.py:93} INFO - 2025-03-03 12:40:22,152 : INFO : Connecting to Database
[2025-03-03T12:40:22.225+0000] {subprocess.py:93} INFO - 2025-03-03 12:40:22,225 : INFO : Connecting to Database Successfull
[2025-03-03T12:40:22.226+0000] {subprocess.py:93} INFO - 2025-03-03 12:40:22,225 : INFO : Reading data from database.
[2025-03-03T12:40:22.677+0000] {subprocess.py:93} INFO - /opt/***/executables/data_ingestion.py:49: UserWarning: pandas only supports SQLAlchemy connectable (engine/connection) or database string URI or sqlite3 DBAPI2 connection. Other DBAPI2 objects are not tested. Please consider using SQLAlchemy.
[2025-03-03T12:40:22.678+0000] {subprocess.py:93} INFO -   data = pd.read_sql(query, connection)
[2025-03-03T12:40:22.678+0000] {subprocess.py:93} INFO - 2025-03-03 12:40:22,676 : INFO : Data from Database ingested successfully!
[2025-03-03T12:40:22.909+0000] {subprocess.py:93} INFO - On branch main
[2025-03-03T12:40:22.909+0000] {subprocess.py:93} INFO - Your branch is up to date with 'origin/main'.
[2025-03-03T12:40:22.910+0000] {subprocess.py:93} INFO - 
[2025-03-03T12:40:22.910+0000] {subprocess.py:93} INFO - Changes to be committed:
[2025-03-03T12:40:22.910+0000] {subprocess.py:93} INFO -   (use "git restore --staged <file>..." to unstage)
[2025-03-03T12:40:22.911+0000] {subprocess.py:93} INFO - 	modified:   logs/dag_id=customer_churn_ml_pipeline/run_id=manual__2025-03-02T15:34:31.306444+00:00/task_id=model_training_task/attempt=1.log
[2025-03-03T12:40:22.911+0000] {subprocess.py:93} INFO - 	new file:   logs/dag_id=customer_churn_ml_pipeline/run_id=manual__2025-03-03T12:39:21.550111+00:00/task_id=pull_latest_codes/attempt=1.log
[2025-03-03T12:40:22.911+0000] {subprocess.py:93} INFO - 	new file:   logs/dag_id=customer_churn_ml_pipeline/run_id=scheduled__2025-03-02T08:00:00+00:00/task_id=data_ingestion_task/attempt=1.log
[2025-03-03T12:40:22.911+0000] {subprocess.py:93} INFO - 	new file:   logs/dag_id=customer_churn_ml_pipeline/run_id=scheduled__2025-03-02T08:00:00+00:00/task_id=pull_latest_codes/attempt=1.log
[2025-03-03T12:40:22.912+0000] {subprocess.py:93} INFO - 	modified:   logs/dag_processor_manager/dag_processor_manager.log
[2025-03-03T12:40:22.912+0000] {subprocess.py:93} INFO - 	modified:   logs/data_ingestion.log
[2025-03-03T12:40:22.912+0000] {subprocess.py:93} INFO - 	modified:   logs/scheduler/2025-03-02/customer_churn.py.log
[2025-03-03T12:40:22.912+0000] {subprocess.py:93} INFO - 	new file:   logs/scheduler/2025-03-03/customer_churn.py.log
[2025-03-03T12:40:22.912+0000] {subprocess.py:93} INFO - 	modified:   logs/scheduler/latest
[2025-03-03T12:40:22.912+0000] {subprocess.py:93} INFO - 
[2025-03-03T12:40:22.913+0000] {subprocess.py:93} INFO - Untracked files:
[2025-03-03T12:40:22.913+0000] {subprocess.py:93} INFO -   (use "git add <file>..." to include in what will be committed)
[2025-03-03T12:40:22.913+0000] {subprocess.py:93} INFO - 	customer_churn_stats/feature_repo/data/online_store.db
[2025-03-03T12:40:22.913+0000] {subprocess.py:93} INFO - 	customer_churn_stats/feature_repo/data/registry.db
[2025-03-03T12:40:22.913+0000] {subprocess.py:93} INFO - 	models/
[2025-03-03T12:40:22.913+0000] {subprocess.py:93} INFO - 	online.db
[2025-03-03T12:40:22.913+0000] {subprocess.py:93} INFO - 
