[2025-03-01T16:56:17.617+0000] {taskinstance.py:1159} INFO - Dependencies all met for dep_context=non-requeueable deps ti=<TaskInstance: customer_churn_ml_pipeline.data_preparation_task manual__2025-03-01T16:55:41.208875+00:00 [queued]>
[2025-03-01T16:56:17.632+0000] {taskinstance.py:1159} INFO - Dependencies all met for dep_context=requeueable deps ti=<TaskInstance: customer_churn_ml_pipeline.data_preparation_task manual__2025-03-01T16:55:41.208875+00:00 [queued]>
[2025-03-01T16:56:17.632+0000] {taskinstance.py:1361} INFO - Starting attempt 1 of 1
[2025-03-01T16:56:17.655+0000] {taskinstance.py:1382} INFO - Executing <Task(BashOperator): data_preparation_task> on 2025-03-01 16:55:41.208875+00:00
[2025-03-01T16:56:17.662+0000] {standard_task_runner.py:57} INFO - Started process 18058 to run task
[2025-03-01T16:56:17.666+0000] {standard_task_runner.py:84} INFO - Running: ['***', 'tasks', 'run', 'customer_churn_ml_pipeline', 'data_preparation_task', 'manual__2025-03-01T16:55:41.208875+00:00', '--job-id', '187', '--raw', '--subdir', 'DAGS_FOLDER/customer_churn.py', '--cfg-path', '/tmp/tmp2hnf1t8l']
[2025-03-01T16:56:17.671+0000] {standard_task_runner.py:85} INFO - Job 187: Subtask data_preparation_task
[2025-03-01T16:56:17.704+0000] {logging_mixin.py:154} WARNING - /home/***/.local/lib/python3.8/site-packages/***/settings.py:195 DeprecationWarning: The sql_alchemy_conn option in [core] has been moved to the sql_alchemy_conn option in [database] - the old setting has been used, but please update your config.
[2025-03-01T16:56:17.771+0000] {task_command.py:416} INFO - Running <TaskInstance: customer_churn_ml_pipeline.data_preparation_task manual__2025-03-01T16:55:41.208875+00:00 [running]> on host 7e994a0ed489
[2025-03-01T16:56:17.930+0000] {taskinstance.py:1662} INFO - Exporting env vars: AIRFLOW_CTX_DAG_OWNER='***' AIRFLOW_CTX_DAG_ID='customer_churn_ml_pipeline' AIRFLOW_CTX_TASK_ID='data_preparation_task' AIRFLOW_CTX_EXECUTION_DATE='2025-03-01T16:55:41.208875+00:00' AIRFLOW_CTX_TRY_NUMBER='1' AIRFLOW_CTX_DAG_RUN_ID='manual__2025-03-01T16:55:41.208875+00:00'
[2025-03-01T16:56:17.932+0000] {subprocess.py:63} INFO - Tmp dir root location: /tmp
[2025-03-01T16:56:17.934+0000] {subprocess.py:75} INFO - Running command: ['/bin/bash', '-c', '\n\t\t\tcd /opt/***\n\t\t\tpython /opt/***/executables/data_preparation.py &&                         dvc add /opt/***/data/cleaned &&                         git add /opt/***/data/cleaned.dvc && \t\t\tgit add logs &&\\   \n\t\t\tgit add visualization &&                        git commit -m "Updated cleaned data version" -a &&                         dvc push && git push\n                    ']
[2025-03-01T16:56:17.948+0000] {subprocess.py:86} INFO - Output:
[2025-03-01T16:56:21.585+0000] {subprocess.py:93} INFO - 2025-03-01 16:56:21,584 : INFO : Starting data preparation for csv.
[2025-03-01T16:56:21.610+0000] {subprocess.py:93} INFO - 2025-03-01 16:56:21,610 : INFO : Handling 'Tenure', 'Balance', 'EstimatedSalary' empty data
[2025-03-01T16:56:21.610+0000] {subprocess.py:93} INFO - 2025-03-01 16:56:21,610 : INFO : Handling 'Age' empty data
[2025-03-01T16:56:21.612+0000] {subprocess.py:93} INFO - 2025-03-01 16:56:21,612 : INFO : Droping 'Surname' as it may lead to profiling, 'RowNumber', 'CustomerId' as it is not required
[2025-03-01T16:56:21.614+0000] {subprocess.py:93} INFO - 2025-03-01 16:56:21,614 : INFO : Making 'Geography', 'Gender', 'HasCrCard', 'IsActiveMember' as categorical
[2025-03-01T16:56:21.624+0000] {subprocess.py:93} INFO - 2025-03-01 16:56:21,624 : INFO : Saving data to S3.
[2025-03-01T16:56:21.694+0000] {subprocess.py:93} INFO - 2025-03-01 16:56:21,694 : INFO : Saving report to S3.
[2025-03-01T16:56:21.696+0000] {subprocess.py:93} INFO - 2025-03-01 16:56:21,695 : INFO : Creating Pie chart
[2025-03-01T16:56:21.787+0000] {subprocess.py:93} INFO - 2025-03-01 16:56:21,786 : INFO : Generating histogram for column CreditScore.
[2025-03-01T16:56:22.039+0000] {subprocess.py:93} INFO - 2025-03-01 16:56:22,039 : INFO : Generating histogram for column Geography.
[2025-03-01T16:56:22.249+0000] {subprocess.py:93} INFO - 2025-03-01 16:56:22,248 : INFO : Generating histogram for column Gender.
[2025-03-01T16:56:22.427+0000] {subprocess.py:93} INFO - 2025-03-01 16:56:22,426 : INFO : Generating histogram for column Age.
[2025-03-01T16:56:22.661+0000] {subprocess.py:93} INFO - 2025-03-01 16:56:22,660 : INFO : Generating histogram for column Tenure.
[2025-03-01T16:56:22.868+0000] {subprocess.py:93} INFO - 2025-03-01 16:56:22,868 : INFO : Generating histogram for column Balance.
[2025-03-01T16:56:23.254+0000] {subprocess.py:93} INFO - 2025-03-01 16:56:23,254 : INFO : Generating histogram for column NumOfProducts.
[2025-03-01T16:56:23.490+0000] {subprocess.py:93} INFO - 2025-03-01 16:56:23,490 : INFO : Generating histogram for column HasCrCard.
[2025-03-01T16:56:23.713+0000] {subprocess.py:93} INFO - 2025-03-01 16:56:23,712 : INFO : Generating histogram for column IsActiveMember.
[2025-03-01T16:56:23.906+0000] {subprocess.py:93} INFO - 2025-03-01 16:56:23,906 : INFO : Generating histogram for column EstimatedSalary.
[2025-03-01T16:56:24.194+0000] {subprocess.py:93} INFO - 2025-03-01 16:56:24,194 : INFO : Generating histogram for column Exited.
[2025-03-01T16:56:24.438+0000] {subprocess.py:93} INFO - 2025-03-01 16:56:24,437 : INFO : Generating histogram for relation of Exited with Categorical data.
[2025-03-01T16:56:24.868+0000] {subprocess.py:93} INFO - 2025-03-01 16:56:24,868 : INFO : Using categorical units to plot a list of strings that are all parsable as floats or dates. If these strings should be plotted as numbers, cast to the appropriate data type before plotting.
[2025-03-01T16:56:24.888+0000] {subprocess.py:93} INFO - 2025-03-01 16:56:24,888 : INFO : Using categorical units to plot a list of strings that are all parsable as floats or dates. If these strings should be plotted as numbers, cast to the appropriate data type before plotting.
[2025-03-01T16:56:24.962+0000] {subprocess.py:93} INFO - 2025-03-01 16:56:24,961 : INFO : Using categorical units to plot a list of strings that are all parsable as floats or dates. If these strings should be plotted as numbers, cast to the appropriate data type before plotting.
[2025-03-01T16:56:24.980+0000] {subprocess.py:93} INFO - 2025-03-01 16:56:24,980 : INFO : Using categorical units to plot a list of strings that are all parsable as floats or dates. If these strings should be plotted as numbers, cast to the appropriate data type before plotting.
[2025-03-01T16:56:25.034+0000] {subprocess.py:93} INFO - 2025-03-01 16:56:25,033 : INFO : Generating box plots for relation of Exited with non Categorical data.
[2025-03-01T16:56:25.236+0000] {subprocess.py:93} INFO - 2025-03-01 16:56:25,236 : INFO : Using categorical units to plot a list of strings that are all parsable as floats or dates. If these strings should be plotted as numbers, cast to the appropriate data type before plotting.
[2025-03-01T16:56:25.276+0000] {subprocess.py:93} INFO - 2025-03-01 16:56:25,275 : INFO : Using categorical units to plot a list of strings that are all parsable as floats or dates. If these strings should be plotted as numbers, cast to the appropriate data type before plotting.
[2025-03-01T16:56:25.425+0000] {subprocess.py:93} INFO - 2025-03-01 16:56:25,425 : INFO : Using categorical units to plot a list of strings that are all parsable as floats or dates. If these strings should be plotted as numbers, cast to the appropriate data type before plotting.
[2025-03-01T16:56:25.445+0000] {subprocess.py:93} INFO - 2025-03-01 16:56:25,445 : INFO : Using categorical units to plot a list of strings that are all parsable as floats or dates. If these strings should be plotted as numbers, cast to the appropriate data type before plotting.
[2025-03-01T16:56:25.546+0000] {subprocess.py:93} INFO - 2025-03-01 16:56:25,545 : INFO : Using categorical units to plot a list of strings that are all parsable as floats or dates. If these strings should be plotted as numbers, cast to the appropriate data type before plotting.
[2025-03-01T16:56:25.566+0000] {subprocess.py:93} INFO - 2025-03-01 16:56:25,566 : INFO : Using categorical units to plot a list of strings that are all parsable as floats or dates. If these strings should be plotted as numbers, cast to the appropriate data type before plotting.
[2025-03-01T16:56:25.655+0000] {subprocess.py:93} INFO - 2025-03-01 16:56:25,655 : INFO : Using categorical units to plot a list of strings that are all parsable as floats or dates. If these strings should be plotted as numbers, cast to the appropriate data type before plotting.
[2025-03-01T16:56:25.675+0000] {subprocess.py:93} INFO - 2025-03-01 16:56:25,675 : INFO : Using categorical units to plot a list of strings that are all parsable as floats or dates. If these strings should be plotted as numbers, cast to the appropriate data type before plotting.
[2025-03-01T16:56:25.760+0000] {subprocess.py:93} INFO - 2025-03-01 16:56:25,760 : INFO : Using categorical units to plot a list of strings that are all parsable as floats or dates. If these strings should be plotted as numbers, cast to the appropriate data type before plotting.
[2025-03-01T16:56:25.777+0000] {subprocess.py:93} INFO - 2025-03-01 16:56:25,777 : INFO : Using categorical units to plot a list of strings that are all parsable as floats or dates. If these strings should be plotted as numbers, cast to the appropriate data type before plotting.
[2025-03-01T16:56:25.862+0000] {subprocess.py:93} INFO - 2025-03-01 16:56:25,861 : INFO : Using categorical units to plot a list of strings that are all parsable as floats or dates. If these strings should be plotted as numbers, cast to the appropriate data type before plotting.
[2025-03-01T16:56:25.880+0000] {subprocess.py:93} INFO - 2025-03-01 16:56:25,880 : INFO : Using categorical units to plot a list of strings that are all parsable as floats or dates. If these strings should be plotted as numbers, cast to the appropriate data type before plotting.
[2025-03-01T16:56:26.404+0000] {subprocess.py:93} INFO - 2025-03-01 16:56:26,404 : INFO : Saved pdf in visualization/plots.pdf
[2025-03-01T16:56:29.203+0000] {subprocess.py:93} INFO - 
[2025-03-01T16:56:29.203+0000] {subprocess.py:93} INFO - To track the changes with git, run:
[2025-03-01T16:56:29.204+0000] {subprocess.py:93} INFO - 
[2025-03-01T16:56:29.204+0000] {subprocess.py:93} INFO - 	git add data/cleaned.dvc
[2025-03-01T16:56:29.204+0000] {subprocess.py:93} INFO - 
[2025-03-01T16:56:29.204+0000] {subprocess.py:93} INFO - To enable auto staging, run:
[2025-03-01T16:56:29.205+0000] {subprocess.py:93} INFO - 
[2025-03-01T16:56:29.206+0000] {subprocess.py:93} INFO - 	dvc config core.autostage true
[2025-03-01T16:56:29.518+0000] {subprocess.py:93} INFO - /bin/bash: line 3:  : command not found
[2025-03-01T16:56:29.548+0000] {subprocess.py:93} INFO - [main 921cb3e] Updated cleaned data version
[2025-03-01T16:56:29.549+0000] {subprocess.py:93} INFO -  4 files changed, 108 insertions(+)
[2025-03-01T16:56:29.549+0000] {subprocess.py:93} INFO -  create mode 100644 logs/dag_id=customer_churn_ml_pipeline/run_id=manual__2025-03-01T16:55:41.208875+00:00/task_id=data_preparation_task/attempt=1.log
[2025-03-01T16:56:35.854+0000] {subprocess.py:93} INFO - Everything is up to date.
[2025-03-01T16:56:37.610+0000] {subprocess.py:93} INFO - To https://github.com/anniemathew-trial/customer_churn_pipeline.git
[2025-03-01T16:56:37.611+0000] {subprocess.py:93} INFO -    855295d..921cb3e  main -> main
[2025-03-01T16:56:37.618+0000] {subprocess.py:97} INFO - Command exited with return code 0
[2025-03-01T16:56:37.690+0000] {taskinstance.py:1400} INFO - Marking task as SUCCESS. dag_id=customer_churn_ml_pipeline, task_id=data_preparation_task, execution_date=20250301T165541, start_date=20250301T165617, end_date=20250301T165637
[2025-03-01T16:56:37.767+0000] {local_task_job_runner.py:228} INFO - Task exited with return code 0
[2025-03-01T16:56:37.831+0000] {taskinstance.py:2778} INFO - 1 downstream tasks scheduled from follow-on schedule check
