[2025-03-02T10:34:34.592+0000] {taskinstance.py:1159} INFO - Dependencies all met for dep_context=non-requeueable deps ti=<TaskInstance: customer_churn_ml_pipeline.data_preparation_task manual__2025-03-02T10:33:39.025833+00:00 [queued]>
[2025-03-02T10:34:34.607+0000] {taskinstance.py:1159} INFO - Dependencies all met for dep_context=requeueable deps ti=<TaskInstance: customer_churn_ml_pipeline.data_preparation_task manual__2025-03-02T10:33:39.025833+00:00 [queued]>
[2025-03-02T10:34:34.608+0000] {taskinstance.py:1361} INFO - Starting attempt 1 of 1
[2025-03-02T10:34:34.631+0000] {taskinstance.py:1382} INFO - Executing <Task(BashOperator): data_preparation_task> on 2025-03-02 10:33:39.025833+00:00
[2025-03-02T10:34:34.636+0000] {standard_task_runner.py:57} INFO - Started process 11863 to run task
[2025-03-02T10:34:34.640+0000] {standard_task_runner.py:84} INFO - Running: ['***', 'tasks', 'run', 'customer_churn_ml_pipeline', 'data_preparation_task', 'manual__2025-03-02T10:33:39.025833+00:00', '--job-id', '167', '--raw', '--subdir', 'DAGS_FOLDER/customer_churn.py', '--cfg-path', '/tmp/tmpnc3082mu']
[2025-03-02T10:34:34.644+0000] {standard_task_runner.py:85} INFO - Job 167: Subtask data_preparation_task
[2025-03-02T10:34:34.672+0000] {logging_mixin.py:154} WARNING - /home/***/.local/lib/python3.8/site-packages/***/settings.py:195 DeprecationWarning: The sql_alchemy_conn option in [core] has been moved to the sql_alchemy_conn option in [database] - the old setting has been used, but please update your config.
[2025-03-02T10:34:34.740+0000] {task_command.py:416} INFO - Running <TaskInstance: customer_churn_ml_pipeline.data_preparation_task manual__2025-03-02T10:33:39.025833+00:00 [running]> on host 9113a5746a05
[2025-03-02T10:34:34.900+0000] {taskinstance.py:1662} INFO - Exporting env vars: AIRFLOW_CTX_DAG_OWNER='***' AIRFLOW_CTX_DAG_ID='customer_churn_ml_pipeline' AIRFLOW_CTX_TASK_ID='data_preparation_task' AIRFLOW_CTX_EXECUTION_DATE='2025-03-02T10:33:39.025833+00:00' AIRFLOW_CTX_TRY_NUMBER='1' AIRFLOW_CTX_DAG_RUN_ID='manual__2025-03-02T10:33:39.025833+00:00'
[2025-03-02T10:34:34.901+0000] {subprocess.py:63} INFO - Tmp dir root location: /tmp
[2025-03-02T10:34:34.902+0000] {subprocess.py:75} INFO - Running command: ['/bin/bash', '-c', '\n\t\t\tcd /opt/*** &&\t\t\tpython /opt/***/executables/data_preparation.py &&                         dvc add /opt/***/data/cleaned &&                         git add /opt/***/data/cleaned.dvc && \t\t\tgit add logs && \\   \n\t\t\tgit add visualization &&    \t\t\tgit status &&                         git commit -m "Updated cleaned data version" -a &&                         dvc push && git push\n                    ']
[2025-03-02T10:34:34.915+0000] {subprocess.py:86} INFO - Output:
[2025-03-02T10:34:35.099+0000] {subprocess.py:93} INFO -   File "/opt/***/executables/data_preparation.py", line 69
[2025-03-02T10:34:35.100+0000] {subprocess.py:93} INFO -     p = Path(f"{settings['raw_data_path']}/{cleaned_file_path})
[2025-03-02T10:34:35.100+0000] {subprocess.py:93} INFO -                                                               ^
[2025-03-02T10:34:35.100+0000] {subprocess.py:93} INFO - SyntaxError: EOL while scanning string literal
[2025-03-02T10:34:35.130+0000] {subprocess.py:93} INFO - On branch main
[2025-03-02T10:34:35.130+0000] {subprocess.py:93} INFO - Your branch is up to date with 'origin/main'.
[2025-03-02T10:34:35.131+0000] {subprocess.py:93} INFO - 
[2025-03-02T10:34:35.131+0000] {subprocess.py:93} INFO - Changes not staged for commit:
[2025-03-02T10:34:35.132+0000] {subprocess.py:93} INFO -   (use "git add <file>..." to update what will be committed)
[2025-03-02T10:34:35.132+0000] {subprocess.py:93} INFO -   (use "git restore <file>..." to discard changes in working directory)
[2025-03-02T10:34:35.132+0000] {subprocess.py:93} INFO - 	modified:   logs/dag_id=customer_churn_ml_pipeline/run_id=manual__2025-03-02T10:33:39.025833+00:00/task_id=data_validation_task/attempt=1.log
[2025-03-02T10:34:35.133+0000] {subprocess.py:93} INFO - 
[2025-03-02T10:34:35.133+0000] {subprocess.py:93} INFO - Untracked files:
[2025-03-02T10:34:35.133+0000] {subprocess.py:93} INFO -   (use "git add <file>..." to include in what will be committed)
[2025-03-02T10:34:35.133+0000] {subprocess.py:93} INFO - 	customer_churn_stats/feature_repo/data/
[2025-03-02T10:34:35.133+0000] {subprocess.py:93} INFO - 	logs/dag_id=customer_churn_ml_pipeline/run_id=manual__2025-03-02T10:33:39.025833+00:00/task_id=data_preparation_task/
[2025-03-02T10:34:35.134+0000] {subprocess.py:93} INFO - 
[2025-03-02T10:34:35.134+0000] {subprocess.py:93} INFO - no changes added to commit (use "git add" and/or "git commit -a")
[2025-03-02T10:34:35.149+0000] {subprocess.py:93} INFO - [main eb8b19b] Updated cleaned data version
[2025-03-02T10:34:35.149+0000] {subprocess.py:93} INFO -  1 file changed, 10 insertions(+)
[2025-03-02T10:34:41.187+0000] {subprocess.py:93} INFO - Everything is up to date.
[2025-03-02T10:34:42.914+0000] {subprocess.py:93} INFO - To https://github.com/anniemathew-trial/customer_churn_pipeline.git
[2025-03-02T10:34:42.914+0000] {subprocess.py:93} INFO -    973a1f7..eb8b19b  main -> main
[2025-03-02T10:34:42.921+0000] {subprocess.py:97} INFO - Command exited with return code 0
[2025-03-02T10:34:42.980+0000] {taskinstance.py:1400} INFO - Marking task as SUCCESS. dag_id=customer_churn_ml_pipeline, task_id=data_preparation_task, execution_date=20250302T103339, start_date=20250302T103434, end_date=20250302T103442
[2025-03-02T10:34:43.032+0000] {local_task_job_runner.py:228} INFO - Task exited with return code 0
[2025-03-02T10:34:43.083+0000] {taskinstance.py:2778} INFO - 1 downstream tasks scheduled from follow-on schedule check
