[2025-03-03T23:27:29.285+0000] {taskinstance.py:1159} INFO - Dependencies all met for dep_context=non-requeueable deps ti=<TaskInstance: customer_churn_ml_pipeline.model_training_task manual__2025-03-03T23:25:17.167608+00:00 [queued]>
[2025-03-03T23:27:29.296+0000] {taskinstance.py:1159} INFO - Dependencies all met for dep_context=requeueable deps ti=<TaskInstance: customer_churn_ml_pipeline.model_training_task manual__2025-03-03T23:25:17.167608+00:00 [queued]>
[2025-03-03T23:27:29.296+0000] {taskinstance.py:1361} INFO - Starting attempt 1 of 1
[2025-03-03T23:27:29.316+0000] {taskinstance.py:1382} INFO - Executing <Task(BashOperator): model_training_task> on 2025-03-03 23:25:17.167608+00:00
[2025-03-03T23:27:29.320+0000] {standard_task_runner.py:57} INFO - Started process 6568 to run task
[2025-03-03T23:27:29.324+0000] {standard_task_runner.py:84} INFO - Running: ['***', 'tasks', 'run', 'customer_churn_ml_pipeline', 'model_training_task', 'manual__2025-03-03T23:25:17.167608+00:00', '--job-id', '236', '--raw', '--subdir', 'DAGS_FOLDER/customer_churn.py', '--cfg-path', '/tmp/tmpbzimbfen']
[2025-03-03T23:27:29.327+0000] {standard_task_runner.py:85} INFO - Job 236: Subtask model_training_task
[2025-03-03T23:27:29.351+0000] {logging_mixin.py:154} WARNING - /home/***/.local/lib/python3.8/site-packages/***/settings.py:195 DeprecationWarning: The sql_alchemy_conn option in [core] has been moved to the sql_alchemy_conn option in [database] - the old setting has been used, but please update your config.
[2025-03-03T23:27:29.399+0000] {task_command.py:416} INFO - Running <TaskInstance: customer_churn_ml_pipeline.model_training_task manual__2025-03-03T23:25:17.167608+00:00 [running]> on host 157237bff8f7
[2025-03-03T23:27:29.523+0000] {taskinstance.py:1662} INFO - Exporting env vars: AIRFLOW_CTX_DAG_OWNER='***' AIRFLOW_CTX_DAG_ID='customer_churn_ml_pipeline' AIRFLOW_CTX_TASK_ID='model_training_task' AIRFLOW_CTX_EXECUTION_DATE='2025-03-03T23:25:17.167608+00:00' AIRFLOW_CTX_TRY_NUMBER='1' AIRFLOW_CTX_DAG_RUN_ID='manual__2025-03-03T23:25:17.167608+00:00'
[2025-03-03T23:27:29.524+0000] {subprocess.py:63} INFO - Tmp dir root location: /tmp
[2025-03-03T23:27:29.525+0000] {subprocess.py:75} INFO - Running command: ['/bin/bash', '-c', '\n\t    \t\tcd /opt/***\n       \t\t\t    python /opt/***/executables/model_training.py && \t      \t\t    git add logs && \t      \t\t    git add mlruns && \t        \t    git status &&                             git commit -m "Trained model version" -a && \\    \n\t\t\t    git push\n                        ']
[2025-03-03T23:27:29.535+0000] {subprocess.py:86} INFO - Output:
[2025-03-03T23:27:36.004+0000] {subprocess.py:93} INFO - /home/***/.local/lib/python3.8/site-packages/mlflow/gateway/config.py:64: PydanticDeprecatedSince20: Pydantic V1 style `@validator` validators are deprecated. You should migrate to Pydantic V2 style `@field_validator` validators, see the migration guide for more details. Deprecated in Pydantic V2.0 to be removed in V3.0. See Pydantic V2 Migration Guide at https://errors.pydantic.dev/2.4/migration/
[2025-03-03T23:27:36.004+0000] {subprocess.py:93} INFO -   @validator("togetherai_api_key", pre=True)
[2025-03-03T23:27:36.005+0000] {subprocess.py:93} INFO - /home/***/.local/lib/python3.8/site-packages/mlflow/gateway/config.py:372: PydanticDeprecatedSince20: Pydantic V1 style `@root_validator` validators are deprecated. You should migrate to Pydantic V2 style `@model_validator` validators, see the migration guide for more details. Deprecated in Pydantic V2.0 to be removed in V3.0. See Pydantic V2 Migration Guide at https://errors.pydantic.dev/2.4/migration/
[2025-03-03T23:27:36.005+0000] {subprocess.py:93} INFO -   @root_validator(skip_on_failure=True)
[2025-03-03T23:27:36.005+0000] {subprocess.py:93} INFO - /home/***/.local/lib/python3.8/site-packages/pydantic/_internal/_config.py:267: PydanticDeprecatedSince20: Support for class-based `config` is deprecated, use ConfigDict instead. Deprecated in Pydantic V2.0 to be removed in V3.0. See Pydantic V2 Migration Guide at https://errors.pydantic.dev/2.4/migration/
[2025-03-03T23:27:36.005+0000] {subprocess.py:93} INFO -   warnings.warn(DEPRECATION_MESSAGE, DeprecationWarning)
[2025-03-03T23:27:36.005+0000] {subprocess.py:93} INFO - 2025-03-03 23:27:36,003 : INFO : Starting model training
[2025-03-03T23:27:36.022+0000] {subprocess.py:93} INFO - 2025-03-03 23:27:36,022 : INFO : Registry cache expired, so refreshing
[2025-03-03T23:27:36.032+0000] {subprocess.py:93} INFO - 2025-03-03 23:27:36,031 : INFO : Getting data
[2025-03-03T23:27:36.033+0000] {subprocess.py:93} INFO - 2025-03-03 23:27:36,032 : INFO : Start and End Range: 1 to 1000
[2025-03-03T23:27:36.492+0000] {subprocess.py:93} INFO - 2025-03-03 23:27:36,491 : INFO : Data fetched: 999
[2025-03-03T23:27:36.492+0000] {subprocess.py:93} INFO - 2025-03-03 23:27:36,491 : INFO : New Start and End Range: 1001 to 2000
[2025-03-03T23:27:36.492+0000] {subprocess.py:93} INFO - 2025-03-03 23:27:36,492 : INFO : Start and End Range: 1001 to 2000
[2025-03-03T23:27:36.802+0000] {subprocess.py:93} INFO - 2025-03-03 23:27:36,802 : INFO : Data fetched: 999
[2025-03-03T23:27:36.803+0000] {subprocess.py:93} INFO - 2025-03-03 23:27:36,802 : INFO : New Start and End Range: 3001 to 4000
[2025-03-03T23:27:36.804+0000] {subprocess.py:93} INFO - 2025-03-03 23:27:36,804 : INFO : Start and End Range: 3001 to 4000
[2025-03-03T23:27:37.186+0000] {subprocess.py:93} INFO - 2025-03-03 23:27:37,186 : INFO : Data fetched: 999
[2025-03-03T23:27:37.187+0000] {subprocess.py:93} INFO - 2025-03-03 23:27:37,186 : INFO : New Start and End Range: 7001 to 8000
[2025-03-03T23:27:37.187+0000] {subprocess.py:93} INFO - 2025-03-03 23:27:37,187 : INFO : Start and End Range: 7001 to 8000
[2025-03-03T23:27:37.452+0000] {subprocess.py:93} INFO - 2025-03-03 23:27:37,452 : INFO : Data fetched: 999
[2025-03-03T23:27:37.453+0000] {subprocess.py:93} INFO - 2025-03-03 23:27:37,452 : INFO : New Start and End Range: 15001 to 16000
[2025-03-03T23:27:37.453+0000] {subprocess.py:93} INFO - 2025-03-03 23:27:37,453 : INFO : Start and End Range: 15001 to 16000
[2025-03-03T23:27:37.821+0000] {subprocess.py:93} INFO - 2025-03-03 23:27:37,820 : INFO : Data fetched: 999
[2025-03-03T23:27:37.821+0000] {subprocess.py:93} INFO - 2025-03-03 23:27:37,821 : INFO : New Start and End Range: 31001 to 32000
[2025-03-03T23:27:37.821+0000] {subprocess.py:93} INFO - 2025-03-03 23:27:37,821 : INFO : Start and End Range: 31001 to 32000
[2025-03-03T23:27:38.111+0000] {subprocess.py:93} INFO - 2025-03-03 23:27:38,110 : INFO : Data fetched: 999
[2025-03-03T23:27:38.111+0000] {subprocess.py:93} INFO - 2025-03-03 23:27:38,111 : INFO : New Start and End Range: 63001 to 64000
[2025-03-03T23:27:38.111+0000] {subprocess.py:93} INFO - 2025-03-03 23:27:38,111 : INFO : Start and End Range: 63001 to 64000
[2025-03-03T23:27:38.206+0000] {subprocess.py:93} INFO - 2025-03-03 23:27:38,206 : INFO : Reached End of Data
[2025-03-03T23:27:38.210+0000] {subprocess.py:93} INFO - 2025-03-03 23:27:38,209 : INFO : Stoping at Start and End Range: 63001 to 64000
[2025-03-03T23:27:38.210+0000] {subprocess.py:93} INFO - 2025-03-03 23:27:38,209 : INFO : Created feature data
[2025-03-03T23:27:38.210+0000] {subprocess.py:93} INFO - 2025-03-03 23:27:38,210 : INFO : Total Data fetched: 6
[2025-03-03T23:27:38.216+0000] {subprocess.py:93} INFO - 2025-03-03 23:27:38,215 : INFO : received feature data
[2025-03-03T23:27:38.220+0000] {subprocess.py:93} INFO - 2025-03-03 23:27:38,220 : INFO : Models defined
[2025-03-03T23:27:38.221+0000] {subprocess.py:93} INFO - 2025-03-03 23:27:38,221 : INFO : Training model RandomForest
[2025-03-03T23:27:39.722+0000] {subprocess.py:93} INFO - 2025-03-03 23:27:39,722 : INFO : Predicting model RandomForest
[2025-03-03T23:27:39.755+0000] {subprocess.py:93} INFO - 2025-03-03 23:27:39,754 : INFO : Calculating accuracy RandomForest
[2025-03-03T23:27:44.550+0000] {subprocess.py:93} INFO - 2025/03/03 23:27:44 WARNING mlflow.models.model: Model logged without a signature and input example. Please set `input_example` parameter when logging the model to auto infer the model signature.
[2025-03-03T23:27:44.678+0000] {subprocess.py:93} INFO - 2025-03-03 23:27:44,678 : INFO : Logged model RandomForest
[2025-03-03T23:27:44.710+0000] {subprocess.py:93} INFO - 2025/03/03 23:27:44 INFO mlflow.tracking._tracking_service.client: 🏃 View run RandomForest at: http://localhost:5000/#/experiments/0/runs/128aaedb7f9c4d7499717e7c95400f06.
[2025-03-03T23:27:44.710+0000] {subprocess.py:93} INFO - 2025/03/03 23:27:44 INFO mlflow.tracking._tracking_service.client: 🧪 View experiment at: http://localhost:5000/#/experiments/0.
[2025-03-03T23:27:44.719+0000] {subprocess.py:93} INFO - 2025-03-03 23:27:44,718 : INFO : Training model LogisticRegression
[2025-03-03T23:27:44.899+0000] {subprocess.py:93} INFO - /home/***/.local/lib/python3.8/site-packages/sklearn/linear_model/_logistic.py:460: ConvergenceWarning: lbfgs failed to converge (status=1):
[2025-03-03T23:27:44.899+0000] {subprocess.py:93} INFO - STOP: TOTAL NO. of ITERATIONS REACHED LIMIT.
[2025-03-03T23:27:44.900+0000] {subprocess.py:93} INFO - 
[2025-03-03T23:27:44.900+0000] {subprocess.py:93} INFO - Increase the number of iterations (max_iter) or scale the data as shown in:
[2025-03-03T23:27:44.900+0000] {subprocess.py:93} INFO -     https://scikit-learn.org/stable/modules/preprocessing.html
[2025-03-03T23:27:44.900+0000] {subprocess.py:93} INFO - Please also refer to the documentation for alternative solver options:
[2025-03-03T23:27:44.901+0000] {subprocess.py:93} INFO -     https://scikit-learn.org/stable/modules/linear_model.html#logistic-regression
[2025-03-03T23:27:44.901+0000] {subprocess.py:93} INFO -   n_iter_i = _check_optimize_result(
[2025-03-03T23:27:44.901+0000] {subprocess.py:93} INFO - 2025-03-03 23:27:44,898 : INFO : Predicting model LogisticRegression
[2025-03-03T23:27:44.905+0000] {subprocess.py:93} INFO - 2025-03-03 23:27:44,905 : INFO : Calculating accuracy LogisticRegression
[2025-03-03T23:27:49.119+0000] {subprocess.py:93} INFO - 2025/03/03 23:27:49 WARNING mlflow.models.model: Model logged without a signature and input example. Please set `input_example` parameter when logging the model to auto infer the model signature.
[2025-03-03T23:27:49.183+0000] {subprocess.py:93} INFO - 2025-03-03 23:27:49,183 : INFO : Logged model LogisticRegression
[2025-03-03T23:27:49.196+0000] {subprocess.py:93} INFO - 2025/03/03 23:27:49 INFO mlflow.tracking._tracking_service.client: 🏃 View run LogisticRegression at: http://localhost:5000/#/experiments/0/runs/34329eda059d457d9d2616b336efcca8.
[2025-03-03T23:27:49.197+0000] {subprocess.py:93} INFO - 2025/03/03 23:27:49 INFO mlflow.tracking._tracking_service.client: 🧪 View experiment at: http://localhost:5000/#/experiments/0.
[2025-03-03T23:27:49.206+0000] {subprocess.py:93} INFO - 2025-03-03 23:27:49,205 : INFO : Training model SVM
[2025-03-03T23:27:52.634+0000] {subprocess.py:93} INFO - 2025-03-03 23:27:52,633 : INFO : Predicting model SVM
[2025-03-03T23:27:52.779+0000] {subprocess.py:93} INFO - 2025-03-03 23:27:52,779 : INFO : Calculating accuracy SVM
[2025-03-03T23:27:56.269+0000] {subprocess.py:93} INFO - /home/***/.local/lib/python3.8/site-packages/sklearn/metrics/_classification.py:1471: UndefinedMetricWarning: Precision is ill-defined and being set to 0.0 due to no predicted samples. Use `zero_division` parameter to control this behavior.
[2025-03-03T23:27:56.269+0000] {subprocess.py:93} INFO -   _warn_prf(average, modifier, msg_start, len(result))
[2025-03-03T23:27:56.270+0000] {subprocess.py:93} INFO - 2025/03/03 23:27:56 WARNING mlflow.models.model: Model logged without a signature and input example. Please set `input_example` parameter when logging the model to auto infer the model signature.
[2025-03-03T23:27:56.320+0000] {subprocess.py:93} INFO - 2025-03-03 23:27:56,320 : INFO : Logged model SVM
[2025-03-03T23:27:56.332+0000] {subprocess.py:93} INFO - 2025/03/03 23:27:56 INFO mlflow.tracking._tracking_service.client: 🏃 View run SVM at: http://localhost:5000/#/experiments/0/runs/c7c01ec5c6fe465695d618e5849b342e.
[2025-03-03T23:27:56.332+0000] {subprocess.py:93} INFO - 2025/03/03 23:27:56 INFO mlflow.tracking._tracking_service.client: 🧪 View experiment at: http://localhost:5000/#/experiments/0.
[2025-03-03T23:27:56.339+0000] {subprocess.py:93} INFO - 2025-03-03 23:27:56,339 : INFO : Starting best model registration
[2025-03-03T23:27:56.340+0000] {subprocess.py:93} INFO - 2025-03-03 23:27:56,339 : INFO : Finding Best model
[2025-03-03T23:27:56.392+0000] {subprocess.py:93} INFO - 2025-03-03 23:27:56,391 : INFO : Selected best model : run_id                                            a60d3cac7c7146ef8222f4694fe2f085
[2025-03-03T23:27:56.392+0000] {subprocess.py:93} INFO - experiment_id                                                                    0
[2025-03-03T23:27:56.392+0000] {subprocess.py:93} INFO - status                                                                    FINISHED
[2025-03-03T23:27:56.392+0000] {subprocess.py:93} INFO - artifact_uri                     mlflow-artifacts:/0/a60d3cac7c7146ef8222f4694f...
[2025-03-03T23:27:56.392+0000] {subprocess.py:93} INFO - start_time                                        2025-03-03 23:24:05.597000+00:00
[2025-03-03T23:27:56.393+0000] {subprocess.py:93} INFO - end_time                                          2025-03-03 23:24:12.125000+00:00
[2025-03-03T23:27:56.393+0000] {subprocess.py:93} INFO - metrics.accuracy                                                          0.883236
[2025-03-03T23:27:56.393+0000] {subprocess.py:93} INFO - metrics.f1_score                                                          0.658537
[2025-03-03T23:27:56.393+0000] {subprocess.py:93} INFO - metrics.precision                                                         0.828221
[2025-03-03T23:27:56.393+0000] {subprocess.py:93} INFO - metrics.recall                                                            0.546559
[2025-03-03T23:27:56.393+0000] {subprocess.py:93} INFO - params.model_type                                                     RandomForest
[2025-03-03T23:27:56.393+0000] {subprocess.py:93} INFO - tags.mlflow.source.git.commit             5447d8491dd3d24554282114febda59b9b86ad16
[2025-03-03T23:27:56.393+0000] {subprocess.py:93} INFO - tags.mlflow.runName                                                   RandomForest
[2025-03-03T23:27:56.394+0000] {subprocess.py:93} INFO - tags.mlflow.source.name                 /opt/***/executables/model_training.py
[2025-03-03T23:27:56.394+0000] {subprocess.py:93} INFO - tags.mlflow.log-model.history    [{"run_id": "a60d3cac7c7146ef8222f4694fe2f085"...
[2025-03-03T23:27:56.394+0000] {subprocess.py:93} INFO - tags.mlflow.user                                                           ***
[2025-03-03T23:27:56.394+0000] {subprocess.py:93} INFO - tags.mlflow.source.type                                                      LOCAL
[2025-03-03T23:27:56.394+0000] {subprocess.py:93} INFO - Name: 5, dtype: object
[2025-03-03T23:27:56.394+0000] {subprocess.py:93} INFO - 2025-03-03 23:27:56,392 : INFO : Registering best model runs:/a60d3cac7c7146ef8222f4694fe2f085/RandomForest_model
[2025-03-03T23:27:56.452+0000] {subprocess.py:93} INFO - Registered model 'Best_ML_Model' already exists. Creating a new version of this model...
[2025-03-03T23:27:56.452+0000] {subprocess.py:93} INFO - 2025/03/03 23:27:56 INFO mlflow.store.model_registry.abstract_store: Waiting up to 300 seconds for model version to finish creation. Model name: Best_ML_Model, version 4
[2025-03-03T23:27:56.452+0000] {subprocess.py:93} INFO - Created version '4' of model 'Best_ML_Model'.
[2025-03-03T23:27:56.453+0000] {subprocess.py:93} INFO - 2025-03-03 23:27:56,452 : INFO : Completed model training & registration !!
[2025-03-03T23:27:57.397+0000] {subprocess.py:93} INFO - On branch main
[2025-03-03T23:27:57.398+0000] {subprocess.py:93} INFO - Your branch is up to date with 'origin/main'.
[2025-03-03T23:27:57.398+0000] {subprocess.py:93} INFO - 
[2025-03-03T23:27:57.398+0000] {subprocess.py:93} INFO - Changes to be committed:
[2025-03-03T23:27:57.398+0000] {subprocess.py:93} INFO -   (use "git restore --staged <file>..." to unstage)
[2025-03-03T23:27:57.398+0000] {subprocess.py:93} INFO - 	new file:   logs/dag_id=customer_churn_ml_pipeline/run_id=manual__2025-03-03T23:25:17.167608+00:00/task_id=feature_store_task/attempt=1.log
[2025-03-03T23:27:57.399+0000] {subprocess.py:93} INFO - 	new file:   logs/dag_id=customer_churn_ml_pipeline/run_id=manual__2025-03-03T23:25:17.167608+00:00/task_id=model_training_task/attempt=1.log
[2025-03-03T23:27:57.399+0000] {subprocess.py:93} INFO - 	modified:   logs/dag_processor_manager/dag_processor_manager.log
[2025-03-03T23:27:57.399+0000] {subprocess.py:93} INFO - 	modified:   logs/model_training.log
[2025-03-03T23:27:57.399+0000] {subprocess.py:93} INFO - 	modified:   logs/scheduler/2025-03-03/customer_churn.py.log
[2025-03-03T23:27:57.399+0000] {subprocess.py:93} INFO - 	new file:   mlruns/mlruns/mlartifacts/0/128aaedb7f9c4d7499717e7c95400f06/artifacts/RandomForest_model/MLmodel
[2025-03-03T23:27:57.399+0000] {subprocess.py:93} INFO - 	new file:   mlruns/mlruns/mlartifacts/0/128aaedb7f9c4d7499717e7c95400f06/artifacts/RandomForest_model/conda.yaml
[2025-03-03T23:27:57.400+0000] {subprocess.py:93} INFO - 	new file:   mlruns/mlruns/mlartifacts/0/128aaedb7f9c4d7499717e7c95400f06/artifacts/RandomForest_model/model.pkl
[2025-03-03T23:27:57.400+0000] {subprocess.py:93} INFO - 	new file:   mlruns/mlruns/mlartifacts/0/128aaedb7f9c4d7499717e7c95400f06/artifacts/RandomForest_model/python_env.yaml
[2025-03-03T23:27:57.400+0000] {subprocess.py:93} INFO - 	new file:   mlruns/mlruns/mlartifacts/0/128aaedb7f9c4d7499717e7c95400f06/artifacts/RandomForest_model/requirements.txt
[2025-03-03T23:27:57.400+0000] {subprocess.py:93} INFO - 	new file:   mlruns/mlruns/mlartifacts/0/34329eda059d457d9d2616b336efcca8/artifacts/LogisticRegression_model/MLmodel
[2025-03-03T23:27:57.400+0000] {subprocess.py:93} INFO - 	new file:   mlruns/mlruns/mlartifacts/0/34329eda059d457d9d2616b336efcca8/artifacts/LogisticRegression_model/conda.yaml
[2025-03-03T23:27:57.400+0000] {subprocess.py:93} INFO - 	new file:   mlruns/mlruns/mlartifacts/0/34329eda059d457d9d2616b336efcca8/artifacts/LogisticRegression_model/model.pkl
[2025-03-03T23:27:57.401+0000] {subprocess.py:93} INFO - 	new file:   mlruns/mlruns/mlartifacts/0/34329eda059d457d9d2616b336efcca8/artifacts/LogisticRegression_model/python_env.yaml
[2025-03-03T23:27:57.401+0000] {subprocess.py:93} INFO - 	new file:   mlruns/mlruns/mlartifacts/0/34329eda059d457d9d2616b336efcca8/artifacts/LogisticRegression_model/requirements.txt
[2025-03-03T23:27:57.401+0000] {subprocess.py:93} INFO - 	new file:   mlruns/mlruns/mlartifacts/0/c7c01ec5c6fe465695d618e5849b342e/artifacts/SVM_model/MLmodel
[2025-03-03T23:27:57.401+0000] {subprocess.py:93} INFO - 	new file:   mlruns/mlruns/mlartifacts/0/c7c01ec5c6fe465695d618e5849b342e/artifacts/SVM_model/conda.yaml
[2025-03-03T23:27:57.401+0000] {subprocess.py:93} INFO - 	new file:   mlruns/mlruns/mlartifacts/0/c7c01ec5c6fe465695d618e5849b342e/artifacts/SVM_model/model.pkl
[2025-03-03T23:27:57.401+0000] {subprocess.py:93} INFO - 	new file:   mlruns/mlruns/mlartifacts/0/c7c01ec5c6fe465695d618e5849b342e/artifacts/SVM_model/python_env.yaml
[2025-03-03T23:27:57.402+0000] {subprocess.py:93} INFO - 	new file:   mlruns/mlruns/mlartifacts/0/c7c01ec5c6fe465695d618e5849b342e/artifacts/SVM_model/requirements.txt
[2025-03-03T23:27:57.402+0000] {subprocess.py:93} INFO - 	new file:   mlruns/mlruns/mlruns/0/128aaedb7f9c4d7499717e7c95400f06/meta.yaml
[2025-03-03T23:27:57.402+0000] {subprocess.py:93} INFO - 	new file:   mlruns/mlruns/mlruns/0/128aaedb7f9c4d7499717e7c95400f06/metrics/accuracy
[2025-03-03T23:27:57.402+0000] {subprocess.py:93} INFO - 	new file:   mlruns/mlruns/mlruns/0/128aaedb7f9c4d7499717e7c95400f06/metrics/f1_score
[2025-03-03T23:27:57.403+0000] {subprocess.py:93} INFO - 	new file:   mlruns/mlruns/mlruns/0/128aaedb7f9c4d7499717e7c95400f06/metrics/precision
[2025-03-03T23:27:57.403+0000] {subprocess.py:93} INFO - 	new file:   mlruns/mlruns/mlruns/0/128aaedb7f9c4d7499717e7c95400f06/metrics/recall
[2025-03-03T23:27:57.403+0000] {subprocess.py:93} INFO - 	new file:   mlruns/mlruns/mlruns/0/128aaedb7f9c4d7499717e7c95400f06/params/model_type
[2025-03-03T23:27:57.403+0000] {subprocess.py:93} INFO - 	new file:   mlruns/mlruns/mlruns/0/128aaedb7f9c4d7499717e7c95400f06/tags/mlflow.log-model.history
[2025-03-03T23:27:57.403+0000] {subprocess.py:93} INFO - 	new file:   mlruns/mlruns/mlruns/0/128aaedb7f9c4d7499717e7c95400f06/tags/mlflow.runName
[2025-03-03T23:27:57.404+0000] {subprocess.py:93} INFO - 	new file:   mlruns/mlruns/mlruns/0/128aaedb7f9c4d7499717e7c95400f06/tags/mlflow.source.git.commit
[2025-03-03T23:27:57.404+0000] {subprocess.py:93} INFO - 	new file:   mlruns/mlruns/mlruns/0/128aaedb7f9c4d7499717e7c95400f06/tags/mlflow.source.name
[2025-03-03T23:27:57.404+0000] {subprocess.py:93} INFO - 	new file:   mlruns/mlruns/mlruns/0/128aaedb7f9c4d7499717e7c95400f06/tags/mlflow.source.type
[2025-03-03T23:27:57.404+0000] {subprocess.py:93} INFO - 	new file:   mlruns/mlruns/mlruns/0/128aaedb7f9c4d7499717e7c95400f06/tags/mlflow.user
[2025-03-03T23:27:57.404+0000] {subprocess.py:93} INFO - 	new file:   mlruns/mlruns/mlruns/0/34329eda059d457d9d2616b336efcca8/meta.yaml
[2025-03-03T23:27:57.404+0000] {subprocess.py:93} INFO - 	new file:   mlruns/mlruns/mlruns/0/34329eda059d457d9d2616b336efcca8/metrics/accuracy
[2025-03-03T23:27:57.405+0000] {subprocess.py:93} INFO - 	new file:   mlruns/mlruns/mlruns/0/34329eda059d457d9d2616b336efcca8/metrics/f1_score
[2025-03-03T23:27:57.405+0000] {subprocess.py:93} INFO - 	new file:   mlruns/mlruns/mlruns/0/34329eda059d457d9d2616b336efcca8/metrics/precision
[2025-03-03T23:27:57.405+0000] {subprocess.py:93} INFO - 	new file:   mlruns/mlruns/mlruns/0/34329eda059d457d9d2616b336efcca8/metrics/recall
[2025-03-03T23:27:57.405+0000] {subprocess.py:93} INFO - 	new file:   mlruns/mlruns/mlruns/0/34329eda059d457d9d2616b336efcca8/params/model_type
