[2025-03-02T15:27:37.192+0000] {taskinstance.py:1159} INFO - Dependencies all met for dep_context=non-requeueable deps ti=<TaskInstance: customer_churn_ml_pipeline.model_training_task manual__2025-03-02T15:24:58.464638+00:00 [queued]>
[2025-03-02T15:27:37.205+0000] {taskinstance.py:1159} INFO - Dependencies all met for dep_context=requeueable deps ti=<TaskInstance: customer_churn_ml_pipeline.model_training_task manual__2025-03-02T15:24:58.464638+00:00 [queued]>
[2025-03-02T15:27:37.205+0000] {taskinstance.py:1361} INFO - Starting attempt 1 of 1
[2025-03-02T15:27:37.225+0000] {taskinstance.py:1382} INFO - Executing <Task(BashOperator): model_training_task> on 2025-03-02 15:24:58.464638+00:00
[2025-03-02T15:27:37.230+0000] {standard_task_runner.py:57} INFO - Started process 2312 to run task
[2025-03-02T15:27:37.233+0000] {standard_task_runner.py:84} INFO - Running: ['***', 'tasks', 'run', 'customer_churn_ml_pipeline', 'model_training_task', 'manual__2025-03-02T15:24:58.464638+00:00', '--job-id', '55', '--raw', '--subdir', 'DAGS_FOLDER/customer_churn.py', '--cfg-path', '/tmp/tmpsgybi2d7']
[2025-03-02T15:27:37.236+0000] {standard_task_runner.py:85} INFO - Job 55: Subtask model_training_task
[2025-03-02T15:27:37.259+0000] {logging_mixin.py:154} WARNING - /home/***/.local/lib/python3.8/site-packages/***/settings.py:195 DeprecationWarning: The sql_alchemy_conn option in [core] has been moved to the sql_alchemy_conn option in [database] - the old setting has been used, but please update your config.
[2025-03-02T15:27:37.316+0000] {task_command.py:416} INFO - Running <TaskInstance: customer_churn_ml_pipeline.model_training_task manual__2025-03-02T15:24:58.464638+00:00 [running]> on host 157237bff8f7
[2025-03-02T15:27:37.444+0000] {taskinstance.py:1662} INFO - Exporting env vars: AIRFLOW_CTX_DAG_OWNER='***' AIRFLOW_CTX_DAG_ID='customer_churn_ml_pipeline' AIRFLOW_CTX_TASK_ID='model_training_task' AIRFLOW_CTX_EXECUTION_DATE='2025-03-02T15:24:58.464638+00:00' AIRFLOW_CTX_TRY_NUMBER='1' AIRFLOW_CTX_DAG_RUN_ID='manual__2025-03-02T15:24:58.464638+00:00'
[2025-03-02T15:27:37.445+0000] {subprocess.py:63} INFO - Tmp dir root location: /tmp
[2025-03-02T15:27:37.446+0000] {subprocess.py:75} INFO - Running command: ['/bin/bash', '-c', '\n\t    \t\tcd /opt/***\n       \t\t\t    python /opt/***/executables/model_training.py && \t      \t\t    git add logs && \t      \t\t    git add mlruns && \t        \t    git status &&                             git commit -m "Trained model version" -a && \\    \n\t\t\t    git push\n                        ']
[2025-03-02T15:27:37.454+0000] {subprocess.py:86} INFO - Output:
[2025-03-02T15:27:43.232+0000] {subprocess.py:93} INFO - /home/***/.local/lib/python3.8/site-packages/mlflow/gateway/config.py:64: PydanticDeprecatedSince20: Pydantic V1 style `@validator` validators are deprecated. You should migrate to Pydantic V2 style `@field_validator` validators, see the migration guide for more details. Deprecated in Pydantic V2.0 to be removed in V3.0. See Pydantic V2 Migration Guide at https://errors.pydantic.dev/2.4/migration/
[2025-03-02T15:27:43.233+0000] {subprocess.py:93} INFO -   @validator("togetherai_api_key", pre=True)
[2025-03-02T15:27:43.233+0000] {subprocess.py:93} INFO - /home/***/.local/lib/python3.8/site-packages/mlflow/gateway/config.py:372: PydanticDeprecatedSince20: Pydantic V1 style `@root_validator` validators are deprecated. You should migrate to Pydantic V2 style `@model_validator` validators, see the migration guide for more details. Deprecated in Pydantic V2.0 to be removed in V3.0. See Pydantic V2 Migration Guide at https://errors.pydantic.dev/2.4/migration/
[2025-03-02T15:27:43.233+0000] {subprocess.py:93} INFO -   @root_validator(skip_on_failure=True)
[2025-03-02T15:27:43.233+0000] {subprocess.py:93} INFO - /home/***/.local/lib/python3.8/site-packages/pydantic/_internal/_config.py:267: PydanticDeprecatedSince20: Support for class-based `config` is deprecated, use ConfigDict instead. Deprecated in Pydantic V2.0 to be removed in V3.0. See Pydantic V2 Migration Guide at https://errors.pydantic.dev/2.4/migration/
[2025-03-02T15:27:43.234+0000] {subprocess.py:93} INFO -   warnings.warn(DEPRECATION_MESSAGE, DeprecationWarning)
[2025-03-02T15:27:43.234+0000] {subprocess.py:93} INFO - 2025-03-02 15:27:43,232 : INFO : Starting model training
[2025-03-02T15:27:43.250+0000] {subprocess.py:93} INFO - 2025-03-02 15:27:43,250 : INFO : Registry cache expired, so refreshing
[2025-03-02T15:27:43.256+0000] {subprocess.py:93} INFO - 2025-03-02 15:27:43,255 : INFO : Getting data
[2025-03-02T15:27:43.258+0000] {subprocess.py:93} INFO - 2025-03-02 15:27:43,257 : INFO : Start and End Range: 1 to 1000
[2025-03-02T15:27:43.684+0000] {subprocess.py:93} INFO - 2025-03-02 15:27:43,684 : INFO : Data fetched: 999
[2025-03-02T15:27:43.685+0000] {subprocess.py:93} INFO - 2025-03-02 15:27:43,684 : INFO : New Start and End Range: 1001 to 2000
[2025-03-02T15:27:43.685+0000] {subprocess.py:93} INFO - 2025-03-02 15:27:43,685 : INFO : Start and End Range: 1001 to 2000
[2025-03-02T15:27:43.950+0000] {subprocess.py:93} INFO - 2025-03-02 15:27:43,950 : INFO : Data fetched: 999
[2025-03-02T15:27:43.951+0000] {subprocess.py:93} INFO - 2025-03-02 15:27:43,950 : INFO : New Start and End Range: 3001 to 4000
[2025-03-02T15:27:43.951+0000] {subprocess.py:93} INFO - 2025-03-02 15:27:43,951 : INFO : Start and End Range: 3001 to 4000
[2025-03-02T15:27:44.313+0000] {subprocess.py:93} INFO - 2025-03-02 15:27:44,313 : INFO : Data fetched: 999
[2025-03-02T15:27:44.313+0000] {subprocess.py:93} INFO - 2025-03-02 15:27:44,313 : INFO : New Start and End Range: 7001 to 8000
[2025-03-02T15:27:44.313+0000] {subprocess.py:93} INFO - 2025-03-02 15:27:44,313 : INFO : Start and End Range: 7001 to 8000
[2025-03-02T15:27:44.582+0000] {subprocess.py:93} INFO - 2025-03-02 15:27:44,581 : INFO : Data fetched: 999
[2025-03-02T15:27:44.582+0000] {subprocess.py:93} INFO - 2025-03-02 15:27:44,582 : INFO : New Start and End Range: 15001 to 16000
[2025-03-02T15:27:44.582+0000] {subprocess.py:93} INFO - 2025-03-02 15:27:44,582 : INFO : Start and End Range: 15001 to 16000
[2025-03-02T15:27:44.675+0000] {subprocess.py:93} INFO - 2025-03-02 15:27:44,675 : INFO : Reached End of Data
[2025-03-02T15:27:44.677+0000] {subprocess.py:93} INFO - 2025-03-02 15:27:44,677 : INFO : Stoping at Start and End Range: 15001 to 16000
[2025-03-02T15:27:44.678+0000] {subprocess.py:93} INFO - 2025-03-02 15:27:44,677 : INFO : Created feature data
[2025-03-02T15:27:44.678+0000] {subprocess.py:93} INFO - 2025-03-02 15:27:44,677 : INFO : Total Data fetched: 4
[2025-03-02T15:27:44.681+0000] {subprocess.py:93} INFO - 2025-03-02 15:27:44,680 : INFO : received feature data
[2025-03-02T15:27:44.691+0000] {subprocess.py:93} INFO - 2025-03-02 15:27:44,690 : INFO : Models defined
[2025-03-02T15:27:44.693+0000] {subprocess.py:93} INFO - 2025-03-02 15:27:44,692 : INFO : Training model RandomForest
[2025-03-02T15:27:45.576+0000] {subprocess.py:93} INFO - 2025-03-02 15:27:45,575 : INFO : Predicting model RandomForest
[2025-03-02T15:27:45.611+0000] {subprocess.py:93} INFO - 2025-03-02 15:27:45,610 : INFO : Calculating accuracy RandomForest
[2025-03-02T15:27:45.824+0000] {subprocess.py:93} INFO - 2025-03-02 15:27:45,823 : WARNING : Retrying (JitteredRetry(total=4, connect=4, read=5, redirect=5, status=5)) after connection broken by 'NewConnectionError('<urllib3.connection.HTTPConnection object at 0x7f0e91327310>: Failed to establish a new connection: [Errno 111] Connection refused')': /api/2.0/mlflow/runs/create
[2025-03-02T15:27:49.829+0000] {subprocess.py:93} INFO - 2025-03-02 15:27:49,829 : WARNING : Retrying (JitteredRetry(total=3, connect=3, read=5, redirect=5, status=5)) after connection broken by 'NewConnectionError('<urllib3.connection.HTTPConnection object at 0x7f0e91327610>: Failed to establish a new connection: [Errno 111] Connection refused')': /api/2.0/mlflow/runs/create
[2025-03-02T15:27:57.839+0000] {subprocess.py:93} INFO - 2025-03-02 15:27:57,839 : WARNING : Retrying (JitteredRetry(total=2, connect=2, read=5, redirect=5, status=5)) after connection broken by 'NewConnectionError('<urllib3.connection.HTTPConnection object at 0x7f0e91327910>: Failed to establish a new connection: [Errno 111] Connection refused')': /api/2.0/mlflow/runs/create
[2025-03-02T15:28:13.857+0000] {subprocess.py:93} INFO - 2025-03-02 15:28:13,857 : WARNING : Retrying (JitteredRetry(total=1, connect=1, read=5, redirect=5, status=5)) after connection broken by 'NewConnectionError('<urllib3.connection.HTTPConnection object at 0x7f0e91327f70>: Failed to establish a new connection: [Errno 111] Connection refused')': /api/2.0/mlflow/runs/create
[2025-03-02T15:28:45.880+0000] {subprocess.py:93} INFO - 2025-03-02 15:28:45,879 : WARNING : Retrying (JitteredRetry(total=0, connect=0, read=5, redirect=5, status=5)) after connection broken by 'NewConnectionError('<urllib3.connection.HTTPConnection object at 0x7f0e91304190>: Failed to establish a new connection: [Errno 111] Connection refused')': /api/2.0/mlflow/runs/create
[2025-03-02T15:28:45.882+0000] {subprocess.py:93} INFO - Error in model training: API request to http://localhost:5000/api/2.0/mlflow/runs/create failed with exception HTTPConnectionPool(host='localhost', port=5000): Max retries exceeded with url: /api/2.0/mlflow/runs/create (Caused by NewConnectionError('<urllib3.connection.HTTPConnection object at 0x7f0e91304e80>: Failed to establish a new connection: [Errno 111] Connection refused'))
[2025-03-02T15:28:46.472+0000] {subprocess.py:93} INFO - On branch main
[2025-03-02T15:28:46.472+0000] {subprocess.py:93} INFO - Your branch is up to date with 'origin/main'.
[2025-03-02T15:28:46.473+0000] {subprocess.py:93} INFO - 
[2025-03-02T15:28:46.473+0000] {subprocess.py:93} INFO - Changes to be committed:
[2025-03-02T15:28:46.473+0000] {subprocess.py:93} INFO -   (use "git restore --staged <file>..." to unstage)
[2025-03-02T15:28:46.473+0000] {subprocess.py:93} INFO - 	modified:   logs/dag_id=customer_churn_ml_pipeline/run_id=manual__2025-03-02T15:24:58.464638+00:00/task_id=feature_store_task/attempt=1.log
[2025-03-02T15:28:46.473+0000] {subprocess.py:93} INFO - 	new file:   logs/dag_id=customer_churn_ml_pipeline/run_id=manual__2025-03-02T15:24:58.464638+00:00/task_id=model_training_task/attempt=1.log
[2025-03-02T15:28:46.473+0000] {subprocess.py:93} INFO - 	modified:   logs/dag_processor_manager/dag_processor_manager.log
[2025-03-02T15:28:46.473+0000] {subprocess.py:93} INFO - 	modified:   logs/model_training.log
[2025-03-02T15:28:46.474+0000] {subprocess.py:93} INFO - 	modified:   logs/scheduler/2025-03-02/customer_churn.py.log
[2025-03-02T15:28:46.474+0000] {subprocess.py:93} INFO - 
[2025-03-02T15:28:46.474+0000] {subprocess.py:93} INFO - Untracked files:
[2025-03-02T15:28:46.474+0000] {subprocess.py:93} INFO -   (use "git add <file>..." to include in what will be committed)
[2025-03-02T15:28:46.474+0000] {subprocess.py:93} INFO - 	customer_churn_stats/feature_repo/data/online_store.db
[2025-03-02T15:28:46.474+0000] {subprocess.py:93} INFO - 	customer_churn_stats/feature_repo/data/registry.db
[2025-03-02T15:28:46.474+0000] {subprocess.py:93} INFO - 	online.db
[2025-03-02T15:28:46.474+0000] {subprocess.py:93} INFO - 
