[2025-03-02T10:07:47.594+0000] {taskinstance.py:1159} INFO - Dependencies all met for dep_context=non-requeueable deps ti=<TaskInstance: customer_churn_ml_pipeline.data_transformation_task manual__2025-03-02T10:06:55.192722+00:00 [queued]>
[2025-03-02T10:07:47.605+0000] {taskinstance.py:1159} INFO - Dependencies all met for dep_context=requeueable deps ti=<TaskInstance: customer_churn_ml_pipeline.data_transformation_task manual__2025-03-02T10:06:55.192722+00:00 [queued]>
[2025-03-02T10:07:47.605+0000] {taskinstance.py:1361} INFO - Starting attempt 1 of 1
[2025-03-02T10:07:47.622+0000] {taskinstance.py:1382} INFO - Executing <Task(BashOperator): data_transformation_task> on 2025-03-02 10:06:55.192722+00:00
[2025-03-02T10:07:47.626+0000] {standard_task_runner.py:57} INFO - Started process 9780 to run task
[2025-03-02T10:07:47.629+0000] {standard_task_runner.py:84} INFO - Running: ['***', 'tasks', 'run', 'customer_churn_ml_pipeline', 'data_transformation_task', 'manual__2025-03-02T10:06:55.192722+00:00', '--job-id', '132', '--raw', '--subdir', 'DAGS_FOLDER/customer_churn.py', '--cfg-path', '/tmp/tmpr4i1jdu1']
[2025-03-02T10:07:47.632+0000] {standard_task_runner.py:85} INFO - Job 132: Subtask data_transformation_task
[2025-03-02T10:07:47.655+0000] {logging_mixin.py:154} WARNING - /home/***/.local/lib/python3.8/site-packages/***/settings.py:195 DeprecationWarning: The sql_alchemy_conn option in [core] has been moved to the sql_alchemy_conn option in [database] - the old setting has been used, but please update your config.
[2025-03-02T10:07:47.700+0000] {task_command.py:416} INFO - Running <TaskInstance: customer_churn_ml_pipeline.data_transformation_task manual__2025-03-02T10:06:55.192722+00:00 [running]> on host 9113a5746a05
[2025-03-02T10:07:47.803+0000] {taskinstance.py:1662} INFO - Exporting env vars: AIRFLOW_CTX_DAG_OWNER='***' AIRFLOW_CTX_DAG_ID='customer_churn_ml_pipeline' AIRFLOW_CTX_TASK_ID='data_transformation_task' AIRFLOW_CTX_EXECUTION_DATE='2025-03-02T10:06:55.192722+00:00' AIRFLOW_CTX_TRY_NUMBER='1' AIRFLOW_CTX_DAG_RUN_ID='manual__2025-03-02T10:06:55.192722+00:00'
[2025-03-02T10:07:47.804+0000] {subprocess.py:63} INFO - Tmp dir root location: /tmp
[2025-03-02T10:07:47.804+0000] {subprocess.py:75} INFO - Running command: ['/bin/bash', '-c', '\n\t\t\tcd /opt/*** &&                        dvc pull /opt/***/data/cleaned\n                        python /opt/***/executables/data_transformation.py &&                         dvc add /opt/***/data/transformed &&                         git add /opt/***/data/transformed.dvc && \t\t\tgit add logs &&    \t\t\tgit status &&                         git commit -m "Updated transformed data version" -a &&                         dvc push && git push\n                    ']
[2025-03-02T10:07:47.813+0000] {subprocess.py:86} INFO - Output:
[2025-03-02T10:07:51.056+0000] {subprocess.py:93} INFO - Everything is up to date.
[2025-03-02T10:07:53.400+0000] {subprocess.py:93} INFO - 2025-03-02 10:07:53,400 : INFO : Starting data transformation for csv.
[2025-03-02T10:07:53.401+0000] {subprocess.py:93} INFO - 2025-03-02 10:07:53,401 : ERROR : Failed data transformation: [Errno 2] No such file or directory: '/opt/***/data/cleaned/02-03-2025/csv/customer_data.csv'
[2025-03-02T10:07:55.571+0000] {subprocess.py:93} INFO - ERROR: output 'data/transformed' does not exist: [Errno 2] No such file or directory: '/opt/***/data/transformed'
[2025-03-02T10:07:55.809+0000] {subprocess.py:97} INFO - Command exited with return code 1
[2025-03-02T10:07:55.829+0000] {taskinstance.py:1937} ERROR - Task failed with exception
Traceback (most recent call last):
  File "/home/airflow/.local/lib/python3.8/site-packages/airflow/operators/bash.py", line 210, in execute
    raise AirflowException(
airflow.exceptions.AirflowException: Bash command failed. The command returned a non-zero exit code 1.
[2025-03-02T10:07:55.834+0000] {taskinstance.py:1400} INFO - Marking task as FAILED. dag_id=customer_churn_ml_pipeline, task_id=data_transformation_task, execution_date=20250302T100655, start_date=20250302T100747, end_date=20250302T100755
[2025-03-02T10:07:55.862+0000] {standard_task_runner.py:104} ERROR - Failed to execute job 132 for task data_transformation_task (Bash command failed. The command returned a non-zero exit code 1.; 9780)
[2025-03-02T10:07:55.872+0000] {local_task_job_runner.py:228} INFO - Task exited with return code 1
[2025-03-02T10:07:55.909+0000] {taskinstance.py:2778} INFO - 0 downstream tasks scheduled from follow-on schedule check
