[2025-03-03T17:15:09.341+0000] {taskinstance.py:1159} INFO - Dependencies all met for dep_context=non-requeueable deps ti=<TaskInstance: customer_churn_ml_pipeline.data_storage_task manual__2025-03-03T17:13:52.894255+00:00 [queued]>
[2025-03-03T17:15:09.352+0000] {taskinstance.py:1159} INFO - Dependencies all met for dep_context=requeueable deps ti=<TaskInstance: customer_churn_ml_pipeline.data_storage_task manual__2025-03-03T17:13:52.894255+00:00 [queued]>
[2025-03-03T17:15:09.353+0000] {taskinstance.py:1361} INFO - Starting attempt 1 of 1
[2025-03-03T17:15:09.368+0000] {taskinstance.py:1382} INFO - Executing <Task(BashOperator): data_storage_task> on 2025-03-03 17:13:52.894255+00:00
[2025-03-03T17:15:09.372+0000] {standard_task_runner.py:57} INFO - Started process 7934 to run task
[2025-03-03T17:15:09.375+0000] {standard_task_runner.py:84} INFO - Running: ['***', 'tasks', 'run', 'customer_churn_ml_pipeline', 'data_storage_task', 'manual__2025-03-03T17:13:52.894255+00:00', '--job-id', '150', '--raw', '--subdir', 'DAGS_FOLDER/customer_churn.py', '--cfg-path', '/tmp/tmpk8fa6rkd']
[2025-03-03T17:15:09.378+0000] {standard_task_runner.py:85} INFO - Job 150: Subtask data_storage_task
[2025-03-03T17:15:09.398+0000] {logging_mixin.py:154} WARNING - /home/***/.local/lib/python3.8/site-packages/***/settings.py:195 DeprecationWarning: The sql_alchemy_conn option in [core] has been moved to the sql_alchemy_conn option in [database] - the old setting has been used, but please update your config.
[2025-03-03T17:15:09.443+0000] {task_command.py:416} INFO - Running <TaskInstance: customer_churn_ml_pipeline.data_storage_task manual__2025-03-03T17:13:52.894255+00:00 [running]> on host 157237bff8f7
[2025-03-03T17:15:09.551+0000] {taskinstance.py:1662} INFO - Exporting env vars: AIRFLOW_CTX_DAG_OWNER='***' AIRFLOW_CTX_DAG_ID='customer_churn_ml_pipeline' AIRFLOW_CTX_TASK_ID='data_storage_task' AIRFLOW_CTX_EXECUTION_DATE='2025-03-03T17:13:52.894255+00:00' AIRFLOW_CTX_TRY_NUMBER='1' AIRFLOW_CTX_DAG_RUN_ID='manual__2025-03-03T17:13:52.894255+00:00'
[2025-03-03T17:15:09.552+0000] {subprocess.py:63} INFO - Tmp dir root location: /tmp
[2025-03-03T17:15:09.552+0000] {subprocess.py:75} INFO - Running command: ['/bin/bash', '-c', '\n\t\t\tcd /opt/***\n                        dvc pull /opt/***/data/transformed\n                        python /opt/***/executables/data_storage.py && \t\t\tgit add logs &&    \t\t\tgit status &&                         git commit -m "Updated stored data version" -a &&                         dvc push && git push\n                    ']
[2025-03-03T17:15:09.563+0000] {subprocess.py:86} INFO - Output:
[2025-03-03T17:15:13.085+0000] {subprocess.py:93} INFO - Everything is up to date.
[2025-03-03T17:15:15.058+0000] {subprocess.py:93} INFO - 2025-03-03 17:15:15,058 : INFO : Starting data storage for customer_data.csv
[2025-03-03T17:15:15.058+0000] {subprocess.py:93} INFO - 2025-03-03 17:15:15,058 : INFO : Connecting to Database
[2025-03-03T17:15:15.083+0000] {subprocess.py:93} INFO - 2025-03-03 17:15:15,083 : INFO : Connecting to Database Successfull
[2025-03-03T17:15:15.084+0000] {subprocess.py:93} INFO - 2025-03-03 17:15:15,083 : INFO : Reading insert script template
[2025-03-03T17:15:15.084+0000] {subprocess.py:93} INFO - 2025-03-03 17:15:15,083 : INFO : Executing script to Database
[2025-03-03T17:15:15.084+0000] {subprocess.py:93} INFO - 2025-03-03 17:15:15,084 : INFO : Inserting data to database
[2025-03-03T17:15:15.173+0000] {subprocess.py:93} INFO - 2025-03-03 17:15:15,172 : ERROR : Error storing data: ('42S22', "[42S22] [Microsoft][ODBC Driver 17 for SQL Server][SQL Server]Invalid column name 'DataSource'. (207) (SQLExecDirectW)")
[2025-03-03T17:15:15.176+0000] {subprocess.py:93} INFO - 2025-03-03 17:15:15,176 : INFO : Starting data storage for database_data.csv
[2025-03-03T17:15:15.177+0000] {subprocess.py:93} INFO - 2025-03-03 17:15:15,176 : INFO : Connecting to Database
[2025-03-03T17:15:15.191+0000] {subprocess.py:93} INFO - 2025-03-03 17:15:15,190 : INFO : Connecting to Database Successfull
[2025-03-03T17:15:15.191+0000] {subprocess.py:93} INFO - 2025-03-03 17:15:15,191 : INFO : Reading insert script template
[2025-03-03T17:15:15.191+0000] {subprocess.py:93} INFO - 2025-03-03 17:15:15,191 : INFO : Executing script to Database
[2025-03-03T17:15:15.192+0000] {subprocess.py:93} INFO - 2025-03-03 17:15:15,191 : INFO : Inserting data to database
[2025-03-03T17:15:15.192+0000] {subprocess.py:93} INFO - 2025-03-03 17:15:15,191 : ERROR : Error storing data: [Errno 2] No such file or directory: '/opt/***/data/transformed/fintech2/03-03-2025/database/database_data.csv'
[2025-03-03T17:15:15.340+0000] {subprocess.py:93} INFO - On branch main
[2025-03-03T17:15:15.340+0000] {subprocess.py:93} INFO - Your branch is up to date with 'origin/main'.
[2025-03-03T17:15:15.341+0000] {subprocess.py:93} INFO - 
[2025-03-03T17:15:15.341+0000] {subprocess.py:93} INFO - Changes to be committed:
[2025-03-03T17:15:15.341+0000] {subprocess.py:93} INFO -   (use "git restore --staged <file>..." to unstage)
[2025-03-03T17:15:15.342+0000] {subprocess.py:93} INFO - 	new file:   logs/dag_id=customer_churn_ml_pipeline/run_id=manual__2025-03-03T17:13:52.894255+00:00/task_id=data_storage_task/attempt=1.log
[2025-03-03T17:15:15.342+0000] {subprocess.py:93} INFO - 	modified:   logs/dag_id=customer_churn_ml_pipeline/run_id=manual__2025-03-03T17:13:52.894255+00:00/task_id=data_transformation_task/attempt=1.log
[2025-03-03T17:15:15.342+0000] {subprocess.py:93} INFO - 	modified:   logs/data_storage.log
[2025-03-03T17:15:15.342+0000] {subprocess.py:93} INFO - 
[2025-03-03T17:15:15.343+0000] {subprocess.py:93} INFO - Untracked files:
[2025-03-03T17:15:15.343+0000] {subprocess.py:93} INFO -   (use "git add <file>..." to include in what will be committed)
[2025-03-03T17:15:15.343+0000] {subprocess.py:93} INFO - 	customer_churn_stats/feature_repo/data/online_store.db
[2025-03-03T17:15:15.344+0000] {subprocess.py:93} INFO - 	customer_churn_stats/feature_repo/data/registry.db
[2025-03-03T17:15:15.344+0000] {subprocess.py:93} INFO - 	models/
[2025-03-03T17:15:15.344+0000] {subprocess.py:93} INFO - 	online.db
[2025-03-03T17:15:15.345+0000] {subprocess.py:93} INFO - 
