[2025-03-01T17:07:40.951+0000] {taskinstance.py:1159} INFO - Dependencies all met for dep_context=non-requeueable deps ti=<TaskInstance: customer_churn_ml_pipeline.model_training_task manual__2025-03-01T17:05:10.374103+00:00 [queued]>
[2025-03-01T17:07:40.962+0000] {taskinstance.py:1159} INFO - Dependencies all met for dep_context=requeueable deps ti=<TaskInstance: customer_churn_ml_pipeline.model_training_task manual__2025-03-01T17:05:10.374103+00:00 [queued]>
[2025-03-01T17:07:40.962+0000] {taskinstance.py:1361} INFO - Starting attempt 1 of 1
[2025-03-01T17:07:40.979+0000] {taskinstance.py:1382} INFO - Executing <Task(BashOperator): model_training_task> on 2025-03-01 17:05:10.374103+00:00
[2025-03-01T17:07:40.985+0000] {standard_task_runner.py:57} INFO - Started process 18923 to run task
[2025-03-01T17:07:40.988+0000] {standard_task_runner.py:84} INFO - Running: ['***', 'tasks', 'run', 'customer_churn_ml_pipeline', 'model_training_task', 'manual__2025-03-01T17:05:10.374103+00:00', '--job-id', '199', '--raw', '--subdir', 'DAGS_FOLDER/customer_churn.py', '--cfg-path', '/tmp/tmp24a_voi4']
[2025-03-01T17:07:40.990+0000] {standard_task_runner.py:85} INFO - Job 199: Subtask model_training_task
[2025-03-01T17:07:41.011+0000] {logging_mixin.py:154} WARNING - /home/***/.local/lib/python3.8/site-packages/***/settings.py:195 DeprecationWarning: The sql_alchemy_conn option in [core] has been moved to the sql_alchemy_conn option in [database] - the old setting has been used, but please update your config.
[2025-03-01T17:07:41.054+0000] {task_command.py:416} INFO - Running <TaskInstance: customer_churn_ml_pipeline.model_training_task manual__2025-03-01T17:05:10.374103+00:00 [running]> on host 7e994a0ed489
[2025-03-01T17:07:41.168+0000] {taskinstance.py:1662} INFO - Exporting env vars: AIRFLOW_CTX_DAG_OWNER='***' AIRFLOW_CTX_DAG_ID='customer_churn_ml_pipeline' AIRFLOW_CTX_TASK_ID='model_training_task' AIRFLOW_CTX_EXECUTION_DATE='2025-03-01T17:05:10.374103+00:00' AIRFLOW_CTX_TRY_NUMBER='1' AIRFLOW_CTX_DAG_RUN_ID='manual__2025-03-01T17:05:10.374103+00:00'
[2025-03-01T17:07:41.169+0000] {subprocess.py:63} INFO - Tmp dir root location: /tmp
[2025-03-01T17:07:41.170+0000] {subprocess.py:75} INFO - Running command: ['/bin/bash', '-c', '\n\t    \t\tcd /opt/***\n       \t\t\t    python /opt/***/executables/model_training.py && \t      \t\t    git add logs &&\t      \t\t    git add mlruns &&                            git commit -m "Trained model version" -a && \\    \n\t\t\t    git push\n                        ']
[2025-03-01T17:07:41.181+0000] {subprocess.py:86} INFO - Output:
[2025-03-01T17:07:49.033+0000] {subprocess.py:93} INFO - /home/***/.local/lib/python3.8/site-packages/mlflow/gateway/config.py:64: PydanticDeprecatedSince20: Pydantic V1 style `@validator` validators are deprecated. You should migrate to Pydantic V2 style `@field_validator` validators, see the migration guide for more details. Deprecated in Pydantic V2.0 to be removed in V3.0. See Pydantic V2 Migration Guide at https://errors.pydantic.dev/2.4/migration/
[2025-03-01T17:07:49.033+0000] {subprocess.py:93} INFO -   @validator("togetherai_api_key", pre=True)
[2025-03-01T17:07:49.034+0000] {subprocess.py:93} INFO - /home/***/.local/lib/python3.8/site-packages/mlflow/gateway/config.py:372: PydanticDeprecatedSince20: Pydantic V1 style `@root_validator` validators are deprecated. You should migrate to Pydantic V2 style `@model_validator` validators, see the migration guide for more details. Deprecated in Pydantic V2.0 to be removed in V3.0. See Pydantic V2 Migration Guide at https://errors.pydantic.dev/2.4/migration/
[2025-03-01T17:07:49.034+0000] {subprocess.py:93} INFO -   @root_validator(skip_on_failure=True)
[2025-03-01T17:07:49.035+0000] {subprocess.py:93} INFO - /home/***/.local/lib/python3.8/site-packages/pydantic/_internal/_config.py:267: PydanticDeprecatedSince20: Support for class-based `config` is deprecated, use ConfigDict instead. Deprecated in Pydantic V2.0 to be removed in V3.0. See Pydantic V2 Migration Guide at https://errors.pydantic.dev/2.4/migration/
[2025-03-01T17:07:49.035+0000] {subprocess.py:93} INFO -   warnings.warn(DEPRECATION_MESSAGE, DeprecationWarning)
[2025-03-01T17:07:49.035+0000] {subprocess.py:93} INFO - 2025-03-01 17:07:49,032 : INFO : Starting model training
[2025-03-01T17:07:49.074+0000] {subprocess.py:93} INFO - 2025-03-01 17:07:49,073 : INFO : Registry cache expired, so refreshing
[2025-03-01T17:07:49.098+0000] {subprocess.py:93} INFO - 2025-03-01 17:07:49,098 : INFO : Getting data
[2025-03-01T17:07:49.104+0000] {subprocess.py:93} INFO - 2025-03-01 17:07:49,103 : INFO : Start and End Range: 1 to 1000
[2025-03-01T17:07:49.668+0000] {subprocess.py:93} INFO - 2025-03-01 17:07:49,668 : INFO : New Start and End Range: 1001 to 2000
[2025-03-01T17:07:49.669+0000] {subprocess.py:93} INFO - 2025-03-01 17:07:49,669 : INFO : Start and End Range: 1001 to 2000
[2025-03-01T17:07:50.086+0000] {subprocess.py:93} INFO - 2025-03-01 17:07:50,085 : INFO : New Start and End Range: 3001 to 4000
[2025-03-01T17:07:50.086+0000] {subprocess.py:93} INFO - 2025-03-01 17:07:50,086 : INFO : Start and End Range: 3001 to 4000
[2025-03-01T17:07:50.640+0000] {subprocess.py:93} INFO - 2025-03-01 17:07:50,640 : INFO : New Start and End Range: 7001 to 8000
[2025-03-01T17:07:50.641+0000] {subprocess.py:93} INFO - 2025-03-01 17:07:50,641 : INFO : Start and End Range: 7001 to 8000
[2025-03-01T17:07:50.991+0000] {subprocess.py:93} INFO - 2025-03-01 17:07:50,991 : INFO : New Start and End Range: 15001 to 16000
[2025-03-01T17:07:50.992+0000] {subprocess.py:93} INFO - 2025-03-01 17:07:50,991 : INFO : Start and End Range: 15001 to 16000
[2025-03-01T17:07:51.442+0000] {subprocess.py:93} INFO - 2025-03-01 17:07:51,442 : INFO : New Start and End Range: 31001 to 32000
[2025-03-01T17:07:51.443+0000] {subprocess.py:93} INFO - 2025-03-01 17:07:51,442 : INFO : Start and End Range: 31001 to 32000
[2025-03-01T17:07:51.754+0000] {subprocess.py:93} INFO - 2025-03-01 17:07:51,754 : INFO : New Start and End Range: 63001 to 64000
[2025-03-01T17:07:51.755+0000] {subprocess.py:93} INFO - 2025-03-01 17:07:51,754 : INFO : Start and End Range: 63001 to 64000
[2025-03-01T17:07:52.276+0000] {subprocess.py:93} INFO - 2025-03-01 17:07:52,275 : INFO : New Start and End Range: 127001 to 128000
[2025-03-01T17:07:52.277+0000] {subprocess.py:93} INFO - 2025-03-01 17:07:52,276 : INFO : Start and End Range: 127001 to 128000
[2025-03-01T17:07:52.780+0000] {subprocess.py:93} INFO - 2025-03-01 17:07:52,779 : INFO : New Start and End Range: 255001 to 256000
[2025-03-01T17:07:52.780+0000] {subprocess.py:93} INFO - 2025-03-01 17:07:52,780 : INFO : Start and End Range: 255001 to 256000
[2025-03-01T17:07:53.198+0000] {subprocess.py:93} INFO - 2025-03-01 17:07:53,198 : INFO : New Start and End Range: 511001 to 512000
[2025-03-01T17:07:53.199+0000] {subprocess.py:93} INFO - 2025-03-01 17:07:53,199 : INFO : Start and End Range: 511001 to 512000
[2025-03-01T17:07:53.438+0000] {subprocess.py:93} INFO - 2025-03-01 17:07:53,437 : INFO : Stoping at Start and End Range: 511001 to 512000
[2025-03-01T17:07:53.438+0000] {subprocess.py:93} INFO - 2025-03-01 17:07:53,438 : INFO : Created feature data
[2025-03-01T17:07:53.529+0000] {subprocess.py:93} INFO - 2025-03-01 17:07:53,444 : INFO :    Id  Age  ...  EstimatedSalary  CreditScoreTenureRatio
[2025-03-01T17:07:53.529+0000] {subprocess.py:93} INFO - 0   1   42  ...         0.021886                   310.0
[2025-03-01T17:07:53.530+0000] {subprocess.py:93} INFO - 1   2   41  ...         0.216534                   608.0
[2025-03-01T17:07:53.530+0000] {subprocess.py:93} INFO - 2   3   42  ...         0.240687                    63.0
[2025-03-01T17:07:53.530+0000] {subprocess.py:93} INFO - 3   4   39  ...        -0.108918                   699.0
[2025-03-01T17:07:53.530+0000] {subprocess.py:93} INFO - 4   5   43  ...        -0.365276                   425.0
[2025-03-01T17:07:53.530+0000] {subprocess.py:93} INFO - 
[2025-03-01T17:07:53.531+0000] {subprocess.py:93} INFO - [5 rows x 17 columns]
[2025-03-01T17:07:53.531+0000] {subprocess.py:93} INFO - 2025-03-01 17:07:53,530 : INFO : received feature data
[2025-03-01T17:07:53.537+0000] {subprocess.py:93} INFO - 2025-03-01 17:07:53,536 : INFO : Models defined
[2025-03-01T17:07:53.537+0000] {subprocess.py:93} INFO - 2025-03-01 17:07:53,537 : INFO : Training model RandomForest
[2025-03-01T17:07:55.536+0000] {subprocess.py:93} INFO - 2025-03-01 17:07:55,535 : INFO : Predicting model RandomForest
[2025-03-01T17:07:55.581+0000] {subprocess.py:93} INFO - 2025-03-01 17:07:55,581 : INFO : Calculating accuracy RandomForest
[2025-03-01T17:08:00.366+0000] {subprocess.py:93} INFO - 2025/03/01 17:08:00 WARNING mlflow.models.model: Model logged without a signature and input example. Please set `input_example` parameter when logging the model to auto infer the model signature.
[2025-03-01T17:08:00.530+0000] {subprocess.py:93} INFO - 2025-03-01 17:08:00,530 : INFO : Logged model RandomForest
[2025-03-01T17:08:00.567+0000] {subprocess.py:93} INFO - 2025/03/01 17:08:00 INFO mlflow.tracking._tracking_service.client: 🏃 View run RandomForest at: http://localhost:5000/#/experiments/0/runs/81a499bb5b9548fc96bfa8364a69fe47.
[2025-03-01T17:08:00.567+0000] {subprocess.py:93} INFO - 2025/03/01 17:08:00 INFO mlflow.tracking._tracking_service.client: 🧪 View experiment at: http://localhost:5000/#/experiments/0.
[2025-03-01T17:08:00.578+0000] {subprocess.py:93} INFO - 2025-03-01 17:08:00,578 : INFO : Training model LogisticRegression
[2025-03-01T17:08:00.744+0000] {subprocess.py:93} INFO - /home/***/.local/lib/python3.8/site-packages/sklearn/linear_model/_logistic.py:460: ConvergenceWarning: lbfgs failed to converge (status=1):
[2025-03-01T17:08:00.745+0000] {subprocess.py:93} INFO - STOP: TOTAL NO. of ITERATIONS REACHED LIMIT.
[2025-03-01T17:08:00.745+0000] {subprocess.py:93} INFO - 
[2025-03-01T17:08:00.745+0000] {subprocess.py:93} INFO - Increase the number of iterations (max_iter) or scale the data as shown in:
[2025-03-01T17:08:00.746+0000] {subprocess.py:93} INFO -     https://scikit-learn.org/stable/modules/preprocessing.html
[2025-03-01T17:08:00.746+0000] {subprocess.py:93} INFO - Please also refer to the documentation for alternative solver options:
[2025-03-01T17:08:00.746+0000] {subprocess.py:93} INFO -     https://scikit-learn.org/stable/modules/linear_model.html#logistic-regression
[2025-03-01T17:08:00.746+0000] {subprocess.py:93} INFO -   n_iter_i = _check_optimize_result(
[2025-03-01T17:08:00.747+0000] {subprocess.py:93} INFO - 2025-03-01 17:08:00,744 : INFO : Predicting model LogisticRegression
[2025-03-01T17:08:00.750+0000] {subprocess.py:93} INFO - 2025-03-01 17:08:00,750 : INFO : Calculating accuracy LogisticRegression
[2025-03-01T17:08:05.312+0000] {subprocess.py:93} INFO - 2025/03/01 17:08:05 WARNING mlflow.models.model: Model logged without a signature and input example. Please set `input_example` parameter when logging the model to auto infer the model signature.
[2025-03-01T17:08:05.390+0000] {subprocess.py:93} INFO - 2025-03-01 17:08:05,389 : INFO : Logged model LogisticRegression
[2025-03-01T17:08:05.405+0000] {subprocess.py:93} INFO - 2025/03/01 17:08:05 INFO mlflow.tracking._tracking_service.client: 🏃 View run LogisticRegression at: http://localhost:5000/#/experiments/0/runs/ac877050a38c4310a76039b1ddf0ff02.
[2025-03-01T17:08:05.406+0000] {subprocess.py:93} INFO - 2025/03/01 17:08:05 INFO mlflow.tracking._tracking_service.client: 🧪 View experiment at: http://localhost:5000/#/experiments/0.
[2025-03-01T17:08:05.431+0000] {subprocess.py:93} INFO - 2025-03-01 17:08:05,430 : INFO : Training model SVM
[2025-03-01T17:08:13.933+0000] {subprocess.py:93} INFO - 2025-03-01 17:08:13,933 : INFO : Predicting model SVM
[2025-03-01T17:08:14.297+0000] {subprocess.py:93} INFO - 2025-03-01 17:08:14,296 : INFO : Calculating accuracy SVM
[2025-03-01T17:08:18.030+0000] {subprocess.py:93} INFO - /home/***/.local/lib/python3.8/site-packages/sklearn/metrics/_classification.py:1471: UndefinedMetricWarning: Precision is ill-defined and being set to 0.0 due to no predicted samples. Use `zero_division` parameter to control this behavior.
[2025-03-01T17:08:18.031+0000] {subprocess.py:93} INFO -   _warn_prf(average, modifier, msg_start, len(result))
[2025-03-01T17:08:18.031+0000] {subprocess.py:93} INFO - 2025/03/01 17:08:18 WARNING mlflow.models.model: Model logged without a signature and input example. Please set `input_example` parameter when logging the model to auto infer the model signature.
[2025-03-01T17:08:18.099+0000] {subprocess.py:93} INFO - 2025-03-01 17:08:18,099 : INFO : Logged model SVM
[2025-03-01T17:08:18.114+0000] {subprocess.py:93} INFO - 2025/03/01 17:08:18 INFO mlflow.tracking._tracking_service.client: 🏃 View run SVM at: http://localhost:5000/#/experiments/0/runs/07e354af9d70438c98c8e6cce318cd66.
[2025-03-01T17:08:18.114+0000] {subprocess.py:93} INFO - 2025/03/01 17:08:18 INFO mlflow.tracking._tracking_service.client: 🧪 View experiment at: http://localhost:5000/#/experiments/0.
[2025-03-01T17:08:18.123+0000] {subprocess.py:93} INFO - 2025-03-01 17:08:18,122 : INFO : Starting best model registration
[2025-03-01T17:08:18.123+0000] {subprocess.py:93} INFO - 2025-03-01 17:08:18,123 : INFO : Finding Best model
[2025-03-01T17:08:18.255+0000] {subprocess.py:93} INFO - 2025-03-01 17:08:18,254 : INFO : Selected best model : run_id                                            a9effb053ac343b8a6e623608fe551ef
[2025-03-01T17:08:18.255+0000] {subprocess.py:93} INFO - experiment_id                                                                    0
[2025-03-01T17:08:18.255+0000] {subprocess.py:93} INFO - status                                                                    FINISHED
[2025-03-01T17:08:18.256+0000] {subprocess.py:93} INFO - artifact_uri                     mlflow-artifacts:/0/a9effb053ac343b8a6e623608f...
[2025-03-01T17:08:18.256+0000] {subprocess.py:93} INFO - start_time                                        2025-03-01 16:58:12.616000+00:00
[2025-03-01T17:08:18.256+0000] {subprocess.py:93} INFO - end_time                                          2025-03-01 16:58:18.683000+00:00
[2025-03-01T17:08:18.256+0000] {subprocess.py:93} INFO - metrics.accuracy                                                          0.946637
[2025-03-01T17:08:18.256+0000] {subprocess.py:93} INFO - metrics.recall                                                            0.757835
[2025-03-01T17:08:18.256+0000] {subprocess.py:93} INFO - metrics.precision                                                         0.960289
[2025-03-01T17:08:18.257+0000] {subprocess.py:93} INFO - metrics.f1_score                                                          0.847134
[2025-03-01T17:08:18.257+0000] {subprocess.py:93} INFO - params.model_type                                                     RandomForest
[2025-03-01T17:08:18.257+0000] {subprocess.py:93} INFO - params.tags.mlflow.runName                                            RandomForest
[2025-03-01T17:08:18.257+0000] {subprocess.py:93} INFO - params.runName                                                                None
[2025-03-01T17:08:18.257+0000] {subprocess.py:93} INFO - params.run_name                                                               None
[2025-03-01T17:08:18.257+0000] {subprocess.py:93} INFO - tags.mlflow.source.git.commit             0506bcca4be63734d8783c76a38cb0a1e2b59d45
[2025-03-01T17:08:18.258+0000] {subprocess.py:93} INFO - tags.mlflow.runName                                                  upset-doe-702
[2025-03-01T17:08:18.258+0000] {subprocess.py:93} INFO - tags.mlflow.source.name                 /opt/***/executables/model_training.py
[2025-03-01T17:08:18.258+0000] {subprocess.py:93} INFO - tags.mlflow.log-model.history    [{"run_id": "a9effb053ac343b8a6e623608fe551ef"...
[2025-03-01T17:08:18.258+0000] {subprocess.py:93} INFO - tags.mlflow.user                                                           ***
[2025-03-01T17:08:18.258+0000] {subprocess.py:93} INFO - tags.mlflow.source.type                                                      LOCAL
[2025-03-01T17:08:18.258+0000] {subprocess.py:93} INFO - Name: 8, dtype: object
[2025-03-01T17:08:18.259+0000] {subprocess.py:93} INFO - 2025-03-01 17:08:18,255 : INFO : Registering best model runs:/a9effb053ac343b8a6e623608fe551ef/RandomForest_model
[2025-03-01T17:08:18.335+0000] {subprocess.py:93} INFO - Registered model 'Best_ML_Model' already exists. Creating a new version of this model...
[2025-03-01T17:08:18.336+0000] {subprocess.py:93} INFO - 2025/03/01 17:08:18 INFO mlflow.store.model_registry.abstract_store: Waiting up to 300 seconds for model version to finish creation. Model name: Best_ML_Model, version 2
[2025-03-01T17:08:18.336+0000] {subprocess.py:93} INFO - Created version '2' of model 'Best_ML_Model'.
[2025-03-01T17:08:18.336+0000] {subprocess.py:93} INFO - 2025-03-01 17:08:18,335 : INFO : Completed model training & registration !!
