[2025-03-02T10:54:38.815+0000] {taskinstance.py:1159} INFO - Dependencies all met for dep_context=non-requeueable deps ti=<TaskInstance: customer_churn_ml_pipeline.data_preparation_task manual__2025-03-02T10:53:51.269112+00:00 [queued]>
[2025-03-02T10:54:38.835+0000] {taskinstance.py:1159} INFO - Dependencies all met for dep_context=requeueable deps ti=<TaskInstance: customer_churn_ml_pipeline.data_preparation_task manual__2025-03-02T10:53:51.269112+00:00 [queued]>
[2025-03-02T10:54:38.835+0000] {taskinstance.py:1361} INFO - Starting attempt 1 of 1
[2025-03-02T10:54:38.864+0000] {taskinstance.py:1382} INFO - Executing <Task(BashOperator): data_preparation_task> on 2025-03-02 10:53:51.269112+00:00
[2025-03-02T10:54:38.871+0000] {standard_task_runner.py:57} INFO - Started process 13802 to run task
[2025-03-02T10:54:38.876+0000] {standard_task_runner.py:84} INFO - Running: ['***', 'tasks', 'run', 'customer_churn_ml_pipeline', 'data_preparation_task', 'manual__2025-03-02T10:53:51.269112+00:00', '--job-id', '199', '--raw', '--subdir', 'DAGS_FOLDER/customer_churn.py', '--cfg-path', '/tmp/tmp6c9clraf']
[2025-03-02T10:54:38.881+0000] {standard_task_runner.py:85} INFO - Job 199: Subtask data_preparation_task
[2025-03-02T10:54:38.918+0000] {logging_mixin.py:154} WARNING - /home/***/.local/lib/python3.8/site-packages/***/settings.py:195 DeprecationWarning: The sql_alchemy_conn option in [core] has been moved to the sql_alchemy_conn option in [database] - the old setting has been used, but please update your config.
[2025-03-02T10:54:39.025+0000] {task_command.py:416} INFO - Running <TaskInstance: customer_churn_ml_pipeline.data_preparation_task manual__2025-03-02T10:53:51.269112+00:00 [running]> on host 9113a5746a05
[2025-03-02T10:54:39.278+0000] {taskinstance.py:1662} INFO - Exporting env vars: AIRFLOW_CTX_DAG_OWNER='***' AIRFLOW_CTX_DAG_ID='customer_churn_ml_pipeline' AIRFLOW_CTX_TASK_ID='data_preparation_task' AIRFLOW_CTX_EXECUTION_DATE='2025-03-02T10:53:51.269112+00:00' AIRFLOW_CTX_TRY_NUMBER='1' AIRFLOW_CTX_DAG_RUN_ID='manual__2025-03-02T10:53:51.269112+00:00'
[2025-03-02T10:54:39.281+0000] {subprocess.py:63} INFO - Tmp dir root location: /tmp
[2025-03-02T10:54:39.282+0000] {subprocess.py:75} INFO - Running command: ['/bin/bash', '-c', '\n\t\t\tcd /opt/*** &&\t\t\tpython /opt/***/executables/data_preparation.py &&                         dvc add /opt/***/data/cleaned &&                         git add /opt/***/data/cleaned.dvc && \t\t\tgit add logs && \\   \n\t\t\tgit add visualization &&    \t\t\tgit status &&                         git commit -m "Updated cleaned data version" -a &&                         dvc push && git push\n                    ']
[2025-03-02T10:54:39.300+0000] {subprocess.py:86} INFO - Output:
[2025-03-02T10:54:42.770+0000] {subprocess.py:93} INFO - 2025-03-02 10:54:42,769 : INFO : Starting data preparation for csv.
[2025-03-02T10:54:42.791+0000] {subprocess.py:93} INFO - 2025-03-02 10:54:42,790 : INFO : Handling 'Tenure', 'Balance', 'EstimatedSalary' empty data
[2025-03-02T10:54:42.791+0000] {subprocess.py:93} INFO - 2025-03-02 10:54:42,791 : INFO : Handling 'Age' empty data
[2025-03-02T10:54:42.792+0000] {subprocess.py:93} INFO - 2025-03-02 10:54:42,792 : INFO : Droping 'Surname' as it may lead to profiling, 'RowNumber', 'CustomerId' as it is not required
[2025-03-02T10:54:42.794+0000] {subprocess.py:93} INFO - 2025-03-02 10:54:42,794 : INFO : Making 'Geography', 'Gender', 'HasCrCard', 'IsActiveMember' as categorical
[2025-03-02T10:54:42.803+0000] {subprocess.py:93} INFO - 2025-03-02 10:54:42,802 : INFO : Saving data to S3.
[2025-03-02T10:54:42.803+0000] {subprocess.py:93} INFO - 2025-03-02 10:54:42,803 : INFO : Directory created at /opt/***/data/cleaned/02-03-2025/csv
[2025-03-02T10:54:43.011+0000] {subprocess.py:93} INFO - 2025-03-02 10:54:43,011 : INFO : Connected to s3
[2025-03-02T10:54:45.654+0000] {subprocess.py:93} INFO - 2025-03-02 10:54:45,654 : INFO : File uploaded to S3
[2025-03-02T10:54:45.655+0000] {subprocess.py:93} INFO - 2025-03-02 10:54:45,655 : INFO : Creating Pie chart
[2025-03-02T10:54:45.713+0000] {subprocess.py:93} INFO - 2025-03-02 10:54:45,713 : INFO : Generating histogram for column CreditScore.
[2025-03-02T10:54:45.862+0000] {subprocess.py:93} INFO - 2025-03-02 10:54:45,862 : INFO : Generating histogram for column Geography.
[2025-03-02T10:54:46.062+0000] {subprocess.py:93} INFO - 2025-03-02 10:54:46,062 : INFO : Generating histogram for column Gender.
[2025-03-02T10:54:46.168+0000] {subprocess.py:93} INFO - 2025-03-02 10:54:46,168 : INFO : Generating histogram for column Age.
[2025-03-02T10:54:46.319+0000] {subprocess.py:93} INFO - 2025-03-02 10:54:46,319 : INFO : Generating histogram for column Tenure.
[2025-03-02T10:54:46.463+0000] {subprocess.py:93} INFO - 2025-03-02 10:54:46,462 : INFO : Generating histogram for column Balance.
[2025-03-02T10:54:46.618+0000] {subprocess.py:93} INFO - 2025-03-02 10:54:46,617 : INFO : Generating histogram for column NumOfProducts.
[2025-03-02T10:54:46.784+0000] {subprocess.py:93} INFO - 2025-03-02 10:54:46,783 : INFO : Generating histogram for column HasCrCard.
[2025-03-02T10:54:47.031+0000] {subprocess.py:93} INFO - 2025-03-02 10:54:47,030 : INFO : Generating histogram for column IsActiveMember.
[2025-03-02T10:54:47.234+0000] {subprocess.py:93} INFO - 2025-03-02 10:54:47,234 : INFO : Generating histogram for column EstimatedSalary.
[2025-03-02T10:54:47.464+0000] {subprocess.py:93} INFO - 2025-03-02 10:54:47,463 : INFO : Generating histogram for column Exited.
[2025-03-02T10:54:47.731+0000] {subprocess.py:93} INFO - 2025-03-02 10:54:47,730 : INFO : Generating histogram for relation of Exited with Categorical data.
[2025-03-02T10:54:48.142+0000] {subprocess.py:93} INFO - 2025-03-02 10:54:48,142 : INFO : Using categorical units to plot a list of strings that are all parsable as floats or dates. If these strings should be plotted as numbers, cast to the appropriate data type before plotting.
[2025-03-02T10:54:48.164+0000] {subprocess.py:93} INFO - 2025-03-02 10:54:48,163 : INFO : Using categorical units to plot a list of strings that are all parsable as floats or dates. If these strings should be plotted as numbers, cast to the appropriate data type before plotting.
[2025-03-02T10:54:48.241+0000] {subprocess.py:93} INFO - 2025-03-02 10:54:48,241 : INFO : Using categorical units to plot a list of strings that are all parsable as floats or dates. If these strings should be plotted as numbers, cast to the appropriate data type before plotting.
[2025-03-02T10:54:48.261+0000] {subprocess.py:93} INFO - 2025-03-02 10:54:48,261 : INFO : Using categorical units to plot a list of strings that are all parsable as floats or dates. If these strings should be plotted as numbers, cast to the appropriate data type before plotting.
[2025-03-02T10:54:48.315+0000] {subprocess.py:93} INFO - 2025-03-02 10:54:48,315 : INFO : Generating box plots for relation of Exited with non Categorical data.
[2025-03-02T10:54:48.540+0000] {subprocess.py:93} INFO - 2025-03-02 10:54:48,540 : INFO : Using categorical units to plot a list of strings that are all parsable as floats or dates. If these strings should be plotted as numbers, cast to the appropriate data type before plotting.
[2025-03-02T10:54:48.562+0000] {subprocess.py:93} INFO - 2025-03-02 10:54:48,562 : INFO : Using categorical units to plot a list of strings that are all parsable as floats or dates. If these strings should be plotted as numbers, cast to the appropriate data type before plotting.
[2025-03-02T10:54:48.670+0000] {subprocess.py:93} INFO - 2025-03-02 10:54:48,669 : INFO : Using categorical units to plot a list of strings that are all parsable as floats or dates. If these strings should be plotted as numbers, cast to the appropriate data type before plotting.
[2025-03-02T10:54:48.693+0000] {subprocess.py:93} INFO - 2025-03-02 10:54:48,693 : INFO : Using categorical units to plot a list of strings that are all parsable as floats or dates. If these strings should be plotted as numbers, cast to the appropriate data type before plotting.
[2025-03-02T10:54:48.802+0000] {subprocess.py:93} INFO - 2025-03-02 10:54:48,801 : INFO : Using categorical units to plot a list of strings that are all parsable as floats or dates. If these strings should be plotted as numbers, cast to the appropriate data type before plotting.
[2025-03-02T10:54:48.823+0000] {subprocess.py:93} INFO - 2025-03-02 10:54:48,823 : INFO : Using categorical units to plot a list of strings that are all parsable as floats or dates. If these strings should be plotted as numbers, cast to the appropriate data type before plotting.
[2025-03-02T10:54:48.923+0000] {subprocess.py:93} INFO - 2025-03-02 10:54:48,923 : INFO : Using categorical units to plot a list of strings that are all parsable as floats or dates. If these strings should be plotted as numbers, cast to the appropriate data type before plotting.
[2025-03-02T10:54:48.948+0000] {subprocess.py:93} INFO - 2025-03-02 10:54:48,948 : INFO : Using categorical units to plot a list of strings that are all parsable as floats or dates. If these strings should be plotted as numbers, cast to the appropriate data type before plotting.
[2025-03-02T10:54:49.074+0000] {subprocess.py:93} INFO - 2025-03-02 10:54:49,074 : INFO : Using categorical units to plot a list of strings that are all parsable as floats or dates. If these strings should be plotted as numbers, cast to the appropriate data type before plotting.
[2025-03-02T10:54:49.098+0000] {subprocess.py:93} INFO - 2025-03-02 10:54:49,097 : INFO : Using categorical units to plot a list of strings that are all parsable as floats or dates. If these strings should be plotted as numbers, cast to the appropriate data type before plotting.
[2025-03-02T10:54:49.307+0000] {subprocess.py:93} INFO - 2025-03-02 10:54:49,307 : INFO : Using categorical units to plot a list of strings that are all parsable as floats or dates. If these strings should be plotted as numbers, cast to the appropriate data type before plotting.
[2025-03-02T10:54:49.329+0000] {subprocess.py:93} INFO - 2025-03-02 10:54:49,328 : INFO : Using categorical units to plot a list of strings that are all parsable as floats or dates. If these strings should be plotted as numbers, cast to the appropriate data type before plotting.
[2025-03-02T10:54:49.870+0000] {subprocess.py:93} INFO - 2025-03-02 10:54:49,870 : INFO : Saved pdf in visualization/plots.pdf
[2025-03-02T10:54:52.691+0000] {subprocess.py:93} INFO - 
[2025-03-02T10:54:52.692+0000] {subprocess.py:93} INFO - To track the changes with git, run:
[2025-03-02T10:54:52.692+0000] {subprocess.py:93} INFO - 
[2025-03-02T10:54:52.693+0000] {subprocess.py:93} INFO - 	git add data/cleaned.dvc
[2025-03-02T10:54:52.693+0000] {subprocess.py:93} INFO - 
[2025-03-02T10:54:52.694+0000] {subprocess.py:93} INFO - To enable auto staging, run:
[2025-03-02T10:54:52.694+0000] {subprocess.py:93} INFO - 
[2025-03-02T10:54:52.694+0000] {subprocess.py:93} INFO - 	dvc config core.autostage true
[2025-03-02T10:54:53.032+0000] {subprocess.py:93} INFO - /bin/bash: line 2:  : command not found
[2025-03-02T10:54:53.062+0000] {subprocess.py:93} INFO - On branch main
[2025-03-02T10:54:53.062+0000] {subprocess.py:93} INFO - Your branch is up to date with 'origin/main'.
[2025-03-02T10:54:53.063+0000] {subprocess.py:93} INFO - 
[2025-03-02T10:54:53.063+0000] {subprocess.py:93} INFO - Changes to be committed:
[2025-03-02T10:54:53.063+0000] {subprocess.py:93} INFO -   (use "git restore --staged <file>..." to unstage)
[2025-03-02T10:54:53.063+0000] {subprocess.py:93} INFO - 	new file:   logs/dag_id=customer_churn_ml_pipeline/run_id=manual__2025-03-02T10:53:51.269112+00:00/task_id=data_preparation_task/attempt=1.log
[2025-03-02T10:54:53.064+0000] {subprocess.py:93} INFO - 	modified:   logs/dag_id=customer_churn_ml_pipeline/run_id=manual__2025-03-02T10:53:51.269112+00:00/task_id=data_validation_task/attempt=1.log
[2025-03-02T10:54:53.064+0000] {subprocess.py:93} INFO - 	modified:   logs/dag_processor_manager/dag_processor_manager.log
[2025-03-02T10:54:53.064+0000] {subprocess.py:93} INFO - 	modified:   logs/data_preparation.log
[2025-03-02T10:54:53.064+0000] {subprocess.py:93} INFO - 	modified:   logs/scheduler/2025-03-02/customer_churn.py.log
[2025-03-02T10:54:53.065+0000] {subprocess.py:93} INFO - 	modified:   visualization/plots.pdf
[2025-03-02T10:54:53.065+0000] {subprocess.py:93} INFO - 
[2025-03-02T10:54:53.065+0000] {subprocess.py:93} INFO - Changes not staged for commit:
[2025-03-02T10:54:53.065+0000] {subprocess.py:93} INFO -   (use "git add <file>..." to update what will be committed)
[2025-03-02T10:54:53.066+0000] {subprocess.py:93} INFO -   (use "git restore <file>..." to discard changes in working directory)
[2025-03-02T10:54:53.066+0000] {subprocess.py:93} INFO - 	modified:   logs/dag_id=customer_churn_ml_pipeline/run_id=manual__2025-03-02T10:53:51.269112+00:00/task_id=data_preparation_task/attempt=1.log
[2025-03-02T10:54:53.066+0000] {subprocess.py:93} INFO - 
[2025-03-02T10:54:53.067+0000] {subprocess.py:93} INFO - Untracked files:
[2025-03-02T10:54:53.067+0000] {subprocess.py:93} INFO -   (use "git add <file>..." to include in what will be committed)
[2025-03-02T10:54:53.067+0000] {subprocess.py:93} INFO - 	customer_churn_stats/feature_repo/data/
[2025-03-02T10:54:53.067+0000] {subprocess.py:93} INFO - 
[2025-03-02T10:54:53.141+0000] {subprocess.py:93} INFO - [main 9f8be45] Updated cleaned data version
[2025-03-02T10:54:53.141+0000] {subprocess.py:93} INFO -  6 files changed, 148 insertions(+)
[2025-03-02T10:54:53.141+0000] {subprocess.py:93} INFO -  create mode 100644 logs/dag_id=customer_churn_ml_pipeline/run_id=manual__2025-03-02T10:53:51.269112+00:00/task_id=data_preparation_task/attempt=1.log
[2025-03-02T10:54:58.742+0000] {subprocess.py:93} INFO - Everything is up to date.
[2025-03-02T10:55:00.691+0000] {subprocess.py:93} INFO - To https://github.com/anniemathew-trial/customer_churn_pipeline.git
[2025-03-02T10:55:00.692+0000] {subprocess.py:93} INFO -    6801e02..9f8be45  main -> main
[2025-03-02T10:55:00.697+0000] {subprocess.py:97} INFO - Command exited with return code 0
[2025-03-02T10:55:00.745+0000] {taskinstance.py:1400} INFO - Marking task as SUCCESS. dag_id=customer_churn_ml_pipeline, task_id=data_preparation_task, execution_date=20250302T105351, start_date=20250302T105438, end_date=20250302T105500
[2025-03-02T10:55:00.796+0000] {local_task_job_runner.py:228} INFO - Task exited with return code 0
[2025-03-02T10:55:00.837+0000] {taskinstance.py:2778} INFO - 1 downstream tasks scheduled from follow-on schedule check
