[2025-03-01T11:09:30.029+0000] {taskinstance.py:1159} INFO - Dependencies all met for dep_context=non-requeueable deps ti=<TaskInstance: customer_churn_ml_pipeline.data_transformation_task manual__2025-03-01T11:08:35.287819+00:00 [queued]>
[2025-03-01T11:09:30.039+0000] {taskinstance.py:1159} INFO - Dependencies all met for dep_context=requeueable deps ti=<TaskInstance: customer_churn_ml_pipeline.data_transformation_task manual__2025-03-01T11:08:35.287819+00:00 [queued]>
[2025-03-01T11:09:30.040+0000] {taskinstance.py:1361} INFO - Starting attempt 1 of 1
[2025-03-01T11:09:30.058+0000] {taskinstance.py:1382} INFO - Executing <Task(BashOperator): data_transformation_task> on 2025-03-01 11:08:35.287819+00:00
[2025-03-01T11:09:30.063+0000] {standard_task_runner.py:57} INFO - Started process 12945 to run task
[2025-03-01T11:09:30.066+0000] {standard_task_runner.py:84} INFO - Running: ['***', 'tasks', 'run', 'customer_churn_ml_pipeline', 'data_transformation_task', 'manual__2025-03-01T11:08:35.287819+00:00', '--job-id', '116', '--raw', '--subdir', 'DAGS_FOLDER/customer_churn.py', '--cfg-path', '/tmp/tmptxe_ghbq']
[2025-03-01T11:09:30.068+0000] {standard_task_runner.py:85} INFO - Job 116: Subtask data_transformation_task
[2025-03-01T11:09:30.089+0000] {logging_mixin.py:154} WARNING - /home/***/.local/lib/python3.8/site-packages/***/settings.py:195 DeprecationWarning: The sql_alchemy_conn option in [core] has been moved to the sql_alchemy_conn option in [database] - the old setting has been used, but please update your config.
[2025-03-01T11:09:30.130+0000] {task_command.py:416} INFO - Running <TaskInstance: customer_churn_ml_pipeline.data_transformation_task manual__2025-03-01T11:08:35.287819+00:00 [running]> on host 7e994a0ed489
[2025-03-01T11:09:30.248+0000] {taskinstance.py:1662} INFO - Exporting env vars: AIRFLOW_CTX_DAG_OWNER='***' AIRFLOW_CTX_DAG_ID='customer_churn_ml_pipeline' AIRFLOW_CTX_TASK_ID='data_transformation_task' AIRFLOW_CTX_EXECUTION_DATE='2025-03-01T11:08:35.287819+00:00' AIRFLOW_CTX_TRY_NUMBER='1' AIRFLOW_CTX_DAG_RUN_ID='manual__2025-03-01T11:08:35.287819+00:00'
[2025-03-01T11:09:30.250+0000] {subprocess.py:63} INFO - Tmp dir root location: /tmp
[2025-03-01T11:09:30.251+0000] {subprocess.py:75} INFO - Running command: ['/bin/bash', '-c', '\n\t\t\tcd /opt/***\n                        dvc pull /opt/***/data/cleaned\n                        python /opt/***/executables/data_transformation.py &&                         dvc add /opt/***/data/transformed &&                         git add /opt/***/data/transformed.dvc && \t\t\tgit add logs &&                        git commit -m "Updated transformed data version" -a &&                         dvc push && git push\n                    ']
[2025-03-01T11:09:30.260+0000] {subprocess.py:86} INFO - Output:
[2025-03-01T11:09:33.324+0000] {subprocess.py:93} INFO - Everything is up to date.
[2025-03-01T11:09:35.991+0000] {subprocess.py:93} INFO - 2025-03-01 11:09:35,991 : INFO : Starting data preparation for csv.
[2025-03-01T11:09:36.030+0000] {subprocess.py:93} INFO - 2025-03-01 11:09:36,029 : INFO : Scaling 'Tenure', 'Balance', 'EstimatedSalary'.
[2025-03-01T11:09:36.040+0000] {subprocess.py:93} INFO - 2025-03-01 11:09:36,039 : INFO : Saving data to S3.
[2025-03-01T11:09:38.677+0000] {subprocess.py:93} INFO - 
[2025-03-01T11:09:38.677+0000] {subprocess.py:93} INFO - To track the changes with git, run:
[2025-03-01T11:09:38.678+0000] {subprocess.py:93} INFO - 
[2025-03-01T11:09:38.678+0000] {subprocess.py:93} INFO - 	git add data/transformed.dvc
[2025-03-01T11:09:38.679+0000] {subprocess.py:93} INFO - 
[2025-03-01T11:09:38.679+0000] {subprocess.py:93} INFO - To enable auto staging, run:
[2025-03-01T11:09:38.679+0000] {subprocess.py:93} INFO - 
[2025-03-01T11:09:38.679+0000] {subprocess.py:93} INFO - 	dvc config core.autostage true
[2025-03-01T11:09:39.062+0000] {subprocess.py:93} INFO - [main d25e781] Updated transformed data version
[2025-03-01T11:09:39.062+0000] {subprocess.py:93} INFO -  5 files changed, 53 insertions(+)
[2025-03-01T11:09:39.063+0000] {subprocess.py:93} INFO -  create mode 100644 logs/dag_id=customer_churn_ml_pipeline/run_id=manual__2025-03-01T11:08:35.287819+00:00/task_id=data_transformation_task/attempt=1.log
[2025-03-01T11:09:45.239+0000] {subprocess.py:93} INFO - Everything is up to date.
[2025-03-01T11:09:47.254+0000] {subprocess.py:93} INFO - To https://github.com/anniemathew-trial/customer_churn_pipeline.git
[2025-03-01T11:09:47.256+0000] {subprocess.py:93} INFO -    7cfdf9b..d25e781  main -> main
[2025-03-01T11:09:47.271+0000] {subprocess.py:97} INFO - Command exited with return code 0
[2025-03-01T11:09:47.319+0000] {taskinstance.py:1400} INFO - Marking task as SUCCESS. dag_id=customer_churn_ml_pipeline, task_id=data_transformation_task, execution_date=20250301T110835, start_date=20250301T110930, end_date=20250301T110947
[2025-03-01T11:09:47.354+0000] {local_task_job_runner.py:228} INFO - Task exited with return code 0
[2025-03-01T11:09:47.384+0000] {taskinstance.py:2778} INFO - 1 downstream tasks scheduled from follow-on schedule check
