[2025-03-02T08:47:15.429+0000] {taskinstance.py:1159} INFO - Dependencies all met for dep_context=non-requeueable deps ti=<TaskInstance: customer_churn_ml_pipeline.data_transformation_task manual__2025-03-02T08:47:14.333934+00:00 [queued]>
[2025-03-02T08:47:15.445+0000] {taskinstance.py:1159} INFO - Dependencies all met for dep_context=requeueable deps ti=<TaskInstance: customer_churn_ml_pipeline.data_transformation_task manual__2025-03-02T08:47:14.333934+00:00 [queued]>
[2025-03-02T08:47:15.446+0000] {taskinstance.py:1361} INFO - Starting attempt 1 of 1
[2025-03-02T08:47:15.474+0000] {taskinstance.py:1382} INFO - Executing <Task(BashOperator): data_transformation_task> on 2025-03-02 08:47:14.333934+00:00
[2025-03-02T08:47:15.479+0000] {standard_task_runner.py:57} INFO - Started process 4124 to run task
[2025-03-02T08:47:15.485+0000] {standard_task_runner.py:84} INFO - Running: ['***', 'tasks', 'run', 'customer_churn_ml_pipeline', 'data_transformation_task', 'manual__2025-03-02T08:47:14.333934+00:00', '--job-id', '20', '--raw', '--subdir', 'DAGS_FOLDER/customer_churn.py', '--cfg-path', '/tmp/tmpsn11ynj3']
[2025-03-02T08:47:15.488+0000] {standard_task_runner.py:85} INFO - Job 20: Subtask data_transformation_task
[2025-03-02T08:47:15.524+0000] {logging_mixin.py:154} WARNING - /home/***/.local/lib/python3.8/site-packages/***/settings.py:195 DeprecationWarning: The sql_alchemy_conn option in [core] has been moved to the sql_alchemy_conn option in [database] - the old setting has been used, but please update your config.
[2025-03-02T08:47:15.586+0000] {task_command.py:416} INFO - Running <TaskInstance: customer_churn_ml_pipeline.data_transformation_task manual__2025-03-02T08:47:14.333934+00:00 [running]> on host 9113a5746a05
[2025-03-02T08:47:15.735+0000] {taskinstance.py:1662} INFO - Exporting env vars: AIRFLOW_CTX_DAG_OWNER='***' AIRFLOW_CTX_DAG_ID='customer_churn_ml_pipeline' AIRFLOW_CTX_TASK_ID='data_transformation_task' AIRFLOW_CTX_EXECUTION_DATE='2025-03-02T08:47:14.333934+00:00' AIRFLOW_CTX_TRY_NUMBER='1' AIRFLOW_CTX_DAG_RUN_ID='manual__2025-03-02T08:47:14.333934+00:00'
[2025-03-02T08:47:15.737+0000] {subprocess.py:63} INFO - Tmp dir root location: /tmp
[2025-03-02T08:47:15.738+0000] {subprocess.py:75} INFO - Running command: ['/bin/bash', '-c', '\n\t\t\tNOW=$(date \'+%d-%m-%Y\') &&\t\t\tcd /opt/*** &&                        dvc pull /opt/***/data/cleaned\n                        python /opt/***/executables/data_transformation.py &&                         dvc add /opt/***/data/transformed &&                         git add /opt/***/data/transformed.dvc && \t\t\tgit add logs &&                        git commit -m "Updated transformed data version" -a &&                         dvc push && git push\n                    ']
[2025-03-02T08:47:15.750+0000] {subprocess.py:86} INFO - Output:
[2025-03-02T08:47:18.644+0000] {subprocess.py:93} INFO - WARNING: failed to collect 'workspace', skipping
[2025-03-02T08:47:18.645+0000] {subprocess.py:93} INFO - ERROR: failed to pull data from the cloud - '/opt/***/data/cleaned' does not exist as an output or a stage name in 'dvc.yaml': 'dvc.yaml' does not exist
[2025-03-02T08:47:19.096+0000] {subprocess.py:93} INFO -   File "/opt/***/executables/data_transformation.py", line 82
[2025-03-02T08:47:19.096+0000] {subprocess.py:93} INFO -     upload_file(f"{settings["raw_data_path"]}/data/transformed/{today}/csv/{file_name}", bucket_name, s3_key)
[2025-03-02T08:47:19.097+0000] {subprocess.py:93} INFO -                              ^
[2025-03-02T08:47:19.098+0000] {subprocess.py:93} INFO - SyntaxError: invalid syntax
[2025-03-02T08:47:19.104+0000] {subprocess.py:97} INFO - Command exited with return code 1
[2025-03-02T08:47:19.126+0000] {taskinstance.py:1937} ERROR - Task failed with exception
Traceback (most recent call last):
  File "/home/airflow/.local/lib/python3.8/site-packages/airflow/operators/bash.py", line 210, in execute
    raise AirflowException(
airflow.exceptions.AirflowException: Bash command failed. The command returned a non-zero exit code 1.
[2025-03-02T08:47:19.130+0000] {taskinstance.py:1400} INFO - Marking task as FAILED. dag_id=customer_churn_ml_pipeline, task_id=data_transformation_task, execution_date=20250302T084714, start_date=20250302T084715, end_date=20250302T084719
[2025-03-02T08:47:19.151+0000] {standard_task_runner.py:104} ERROR - Failed to execute job 20 for task data_transformation_task (Bash command failed. The command returned a non-zero exit code 1.; 4124)
[2025-03-02T08:47:19.175+0000] {local_task_job_runner.py:228} INFO - Task exited with return code 1
[2025-03-02T08:47:19.205+0000] {taskinstance.py:2778} INFO - 0 downstream tasks scheduled from follow-on schedule check
