[2025-03-03T17:16:22.434+0000] {taskinstance.py:1159} INFO - Dependencies all met for dep_context=non-requeueable deps ti=<TaskInstance: customer_churn_ml_pipeline.data_preparation_task manual__2025-03-03T17:15:40.663621+00:00 [queued]>
[2025-03-03T17:16:22.453+0000] {taskinstance.py:1159} INFO - Dependencies all met for dep_context=requeueable deps ti=<TaskInstance: customer_churn_ml_pipeline.data_preparation_task manual__2025-03-03T17:15:40.663621+00:00 [queued]>
[2025-03-03T17:16:22.453+0000] {taskinstance.py:1361} INFO - Starting attempt 1 of 1
[2025-03-03T17:16:22.480+0000] {taskinstance.py:1382} INFO - Executing <Task(BashOperator): data_preparation_task> on 2025-03-03 17:15:40.663621+00:00
[2025-03-03T17:16:22.487+0000] {standard_task_runner.py:57} INFO - Started process 8218 to run task
[2025-03-03T17:16:22.492+0000] {standard_task_runner.py:84} INFO - Running: ['***', 'tasks', 'run', 'customer_churn_ml_pipeline', 'data_preparation_task', 'manual__2025-03-03T17:15:40.663621+00:00', '--job-id', '155', '--raw', '--subdir', 'DAGS_FOLDER/customer_churn.py', '--cfg-path', '/tmp/tmpq3k2njnm']
[2025-03-03T17:16:22.496+0000] {standard_task_runner.py:85} INFO - Job 155: Subtask data_preparation_task
[2025-03-03T17:16:22.530+0000] {logging_mixin.py:154} WARNING - /home/***/.local/lib/python3.8/site-packages/***/settings.py:195 DeprecationWarning: The sql_alchemy_conn option in [core] has been moved to the sql_alchemy_conn option in [database] - the old setting has been used, but please update your config.
[2025-03-03T17:16:22.601+0000] {task_command.py:416} INFO - Running <TaskInstance: customer_churn_ml_pipeline.data_preparation_task manual__2025-03-03T17:15:40.663621+00:00 [running]> on host 157237bff8f7
[2025-03-03T17:16:22.783+0000] {taskinstance.py:1662} INFO - Exporting env vars: AIRFLOW_CTX_DAG_OWNER='***' AIRFLOW_CTX_DAG_ID='customer_churn_ml_pipeline' AIRFLOW_CTX_TASK_ID='data_preparation_task' AIRFLOW_CTX_EXECUTION_DATE='2025-03-03T17:15:40.663621+00:00' AIRFLOW_CTX_TRY_NUMBER='1' AIRFLOW_CTX_DAG_RUN_ID='manual__2025-03-03T17:15:40.663621+00:00'
[2025-03-03T17:16:22.784+0000] {subprocess.py:63} INFO - Tmp dir root location: /tmp
[2025-03-03T17:16:22.785+0000] {subprocess.py:75} INFO - Running command: ['/bin/bash', '-c', '\n\t\t\tcd /opt/*** &&\t\t\tpython /opt/***/executables/data_preparation.py &&                         dvc add /opt/***/data/cleaned &&                         git add /opt/***/data/cleaned.dvc && \t\t\tgit add logs && \\   \n\t\t\tgit add visualization &&    \t\t\tgit status &&                         git commit -m "Updated cleaned data version" -a &&                         dvc push && git push\n                    ']
[2025-03-03T17:16:22.801+0000] {subprocess.py:86} INFO - Output:
[2025-03-03T17:16:25.768+0000] {subprocess.py:93} INFO - 2025-03-03 17:16:25,767 : INFO : Starting data preparation for customer_data.csv.
[2025-03-03T17:16:25.787+0000] {subprocess.py:93} INFO - 2025-03-03 17:16:25,787 : INFO : Dropping 'Tenure' less than 0 and greater than 110 * 12
[2025-03-03T17:16:25.790+0000] {subprocess.py:93} INFO - 2025-03-03 17:16:25,789 : INFO : Handling 'Age' empty data
[2025-03-03T17:16:25.791+0000] {subprocess.py:93} INFO - 2025-03-03 17:16:25,791 : INFO : Dropping 'Age' less than 18 and greater than 110
[2025-03-03T17:16:25.793+0000] {subprocess.py:93} INFO - 2025-03-03 17:16:25,793 : INFO : Dropping 'Estimated Salary' & 'Credit Score' with 0 & negative values
[2025-03-03T17:16:25.795+0000] {subprocess.py:93} INFO - 2025-03-03 17:16:25,795 : INFO : Handling 'Balance', 'EstimatedSalary' empty data with mean
[2025-03-03T17:16:25.796+0000] {subprocess.py:93} INFO - 2025-03-03 17:16:25,795 : INFO : Droping 'Surname' as it may lead to profiling, 'RowNumber', 'CustomerId' as it is not required
[2025-03-03T17:16:25.797+0000] {subprocess.py:93} INFO - 2025-03-03 17:16:25,797 : INFO : Making 'Geography', 'Gender', 'HasCrCard', 'IsActiveMember' as categorical
[2025-03-03T17:16:25.805+0000] {subprocess.py:93} INFO - 2025-03-03 17:16:25,804 : INFO : Saving data to S3.
[2025-03-03T17:16:25.805+0000] {subprocess.py:93} INFO - 2025-03-03 17:16:25,805 : INFO : Directory created at /opt/***/data/cleaned/fintech1/03-03-2025/csv
[2025-03-03T17:16:25.992+0000] {subprocess.py:93} INFO - 2025-03-03 17:16:25,991 : INFO : Connected to s3
[2025-03-03T17:16:28.414+0000] {subprocess.py:93} INFO - 2025-03-03 17:16:28,414 : INFO : File uploaded to S3
[2025-03-03T17:16:28.416+0000] {subprocess.py:93} INFO - 2025-03-03 17:16:28,415 : INFO : Creating Pie chart
[2025-03-03T17:16:28.483+0000] {subprocess.py:93} INFO - 2025-03-03 17:16:28,482 : INFO : Generating histogram for column CreditScore.
[2025-03-03T17:16:28.587+0000] {subprocess.py:93} INFO - 2025-03-03 17:16:28,587 : INFO : Generating histogram for column Geography.
[2025-03-03T17:16:28.766+0000] {subprocess.py:93} INFO - 2025-03-03 17:16:28,766 : INFO : Generating histogram for column Gender.
[2025-03-03T17:16:28.864+0000] {subprocess.py:93} INFO - 2025-03-03 17:16:28,863 : INFO : Generating histogram for column Age.
[2025-03-03T17:16:29.017+0000] {subprocess.py:93} INFO - 2025-03-03 17:16:29,017 : INFO : Generating histogram for column Tenure.
[2025-03-03T17:16:29.140+0000] {subprocess.py:93} INFO - 2025-03-03 17:16:29,140 : INFO : Generating histogram for column Balance.
[2025-03-03T17:16:29.279+0000] {subprocess.py:93} INFO - 2025-03-03 17:16:29,278 : INFO : Generating histogram for column NumOfProducts.
[2025-03-03T17:16:29.426+0000] {subprocess.py:93} INFO - 2025-03-03 17:16:29,425 : INFO : Generating histogram for column HasCrCard.
[2025-03-03T17:16:29.559+0000] {subprocess.py:93} INFO - 2025-03-03 17:16:29,559 : INFO : Generating histogram for column IsActiveMember.
[2025-03-03T17:16:29.711+0000] {subprocess.py:93} INFO - 2025-03-03 17:16:29,711 : INFO : Generating histogram for column EstimatedSalary.
[2025-03-03T17:16:29.873+0000] {subprocess.py:93} INFO - 2025-03-03 17:16:29,873 : INFO : Generating histogram for column Exited.
[2025-03-03T17:16:30.027+0000] {subprocess.py:93} INFO - 2025-03-03 17:16:30,027 : INFO : Generating histogram for relation of Exited with Categorical data.
[2025-03-03T17:16:30.362+0000] {subprocess.py:93} INFO - 2025-03-03 17:16:30,362 : INFO : Using categorical units to plot a list of strings that are all parsable as floats or dates. If these strings should be plotted as numbers, cast to the appropriate data type before plotting.
[2025-03-03T17:16:30.383+0000] {subprocess.py:93} INFO - 2025-03-03 17:16:30,382 : INFO : Using categorical units to plot a list of strings that are all parsable as floats or dates. If these strings should be plotted as numbers, cast to the appropriate data type before plotting.
[2025-03-03T17:16:30.458+0000] {subprocess.py:93} INFO - 2025-03-03 17:16:30,457 : INFO : Using categorical units to plot a list of strings that are all parsable as floats or dates. If these strings should be plotted as numbers, cast to the appropriate data type before plotting.
[2025-03-03T17:16:30.474+0000] {subprocess.py:93} INFO - 2025-03-03 17:16:30,473 : INFO : Using categorical units to plot a list of strings that are all parsable as floats or dates. If these strings should be plotted as numbers, cast to the appropriate data type before plotting.
[2025-03-03T17:16:30.531+0000] {subprocess.py:93} INFO - 2025-03-03 17:16:30,531 : INFO : Generating box plots for relation of Exited with non Categorical data.
[2025-03-03T17:16:30.763+0000] {subprocess.py:93} INFO - 2025-03-03 17:16:30,763 : INFO : Using categorical units to plot a list of strings that are all parsable as floats or dates. If these strings should be plotted as numbers, cast to the appropriate data type before plotting.
[2025-03-03T17:16:30.784+0000] {subprocess.py:93} INFO - 2025-03-03 17:16:30,784 : INFO : Using categorical units to plot a list of strings that are all parsable as floats or dates. If these strings should be plotted as numbers, cast to the appropriate data type before plotting.
[2025-03-03T17:16:30.884+0000] {subprocess.py:93} INFO - 2025-03-03 17:16:30,883 : INFO : Using categorical units to plot a list of strings that are all parsable as floats or dates. If these strings should be plotted as numbers, cast to the appropriate data type before plotting.
[2025-03-03T17:16:30.901+0000] {subprocess.py:93} INFO - 2025-03-03 17:16:30,901 : INFO : Using categorical units to plot a list of strings that are all parsable as floats or dates. If these strings should be plotted as numbers, cast to the appropriate data type before plotting.
[2025-03-03T17:16:31.010+0000] {subprocess.py:93} INFO - 2025-03-03 17:16:31,010 : INFO : Using categorical units to plot a list of strings that are all parsable as floats or dates. If these strings should be plotted as numbers, cast to the appropriate data type before plotting.
[2025-03-03T17:16:31.028+0000] {subprocess.py:93} INFO - 2025-03-03 17:16:31,028 : INFO : Using categorical units to plot a list of strings that are all parsable as floats or dates. If these strings should be plotted as numbers, cast to the appropriate data type before plotting.
[2025-03-03T17:16:31.122+0000] {subprocess.py:93} INFO - 2025-03-03 17:16:31,122 : INFO : Using categorical units to plot a list of strings that are all parsable as floats or dates. If these strings should be plotted as numbers, cast to the appropriate data type before plotting.
[2025-03-03T17:16:31.142+0000] {subprocess.py:93} INFO - 2025-03-03 17:16:31,142 : INFO : Using categorical units to plot a list of strings that are all parsable as floats or dates. If these strings should be plotted as numbers, cast to the appropriate data type before plotting.
[2025-03-03T17:16:31.273+0000] {subprocess.py:93} INFO - 2025-03-03 17:16:31,272 : INFO : Using categorical units to plot a list of strings that are all parsable as floats or dates. If these strings should be plotted as numbers, cast to the appropriate data type before plotting.
[2025-03-03T17:16:31.292+0000] {subprocess.py:93} INFO - 2025-03-03 17:16:31,292 : INFO : Using categorical units to plot a list of strings that are all parsable as floats or dates. If these strings should be plotted as numbers, cast to the appropriate data type before plotting.
[2025-03-03T17:16:31.494+0000] {subprocess.py:93} INFO - 2025-03-03 17:16:31,494 : INFO : Using categorical units to plot a list of strings that are all parsable as floats or dates. If these strings should be plotted as numbers, cast to the appropriate data type before plotting.
[2025-03-03T17:16:31.512+0000] {subprocess.py:93} INFO - 2025-03-03 17:16:31,511 : INFO : Using categorical units to plot a list of strings that are all parsable as floats or dates. If these strings should be plotted as numbers, cast to the appropriate data type before plotting.
[2025-03-03T17:16:31.938+0000] {subprocess.py:93} INFO - 2025-03-03 17:16:31,937 : INFO : Saved pdf in /opt/***/visualization/fintech1/03-03-2025/csv/plots.pdf
[2025-03-03T17:16:31.981+0000] {subprocess.py:93} INFO - 2025-03-03 17:16:31,981 : INFO : Starting data preparation for database_data.csv.
[2025-03-03T17:16:31.982+0000] {subprocess.py:93} INFO - 2025-03-03 17:16:31,982 : ERROR : Error in preparing data[Errno 2] No such file or directory: '/opt/***/data/raw/fintech2/03-03-2025/database/database_data.csv'
[2025-03-03T17:16:31.984+0000] {subprocess.py:93} INFO - Traceback (most recent call last):
[2025-03-03T17:16:31.984+0000] {subprocess.py:93} INFO -   File "/opt/***/executables/data_preparation.py", line 149, in <module>
[2025-03-03T17:16:31.984+0000] {subprocess.py:93} INFO -     prepare_data("database_data.csv", "database", "fintech2", "database_data.csv")
[2025-03-03T17:16:31.985+0000] {subprocess.py:93} INFO -   File "/opt/***/executables/data_preparation.py", line 92, in prepare_data
[2025-03-03T17:16:31.985+0000] {subprocess.py:93} INFO -     raise e
[2025-03-03T17:16:31.985+0000] {subprocess.py:93} INFO -   File "/opt/***/executables/data_preparation.py", line 45, in prepare_data
[2025-03-03T17:16:31.985+0000] {subprocess.py:93} INFO -     df = pd.read_csv(data_path)
[2025-03-03T17:16:31.985+0000] {subprocess.py:93} INFO -   File "/home/***/.local/lib/python3.8/site-packages/pandas/util/_decorators.py", line 211, in wrapper
[2025-03-03T17:16:31.986+0000] {subprocess.py:93} INFO -     return func(*args, **kwargs)
[2025-03-03T17:16:31.986+0000] {subprocess.py:93} INFO -   File "/home/***/.local/lib/python3.8/site-packages/pandas/util/_decorators.py", line 331, in wrapper
[2025-03-03T17:16:31.986+0000] {subprocess.py:93} INFO -     return func(*args, **kwargs)
[2025-03-03T17:16:31.986+0000] {subprocess.py:93} INFO -   File "/home/***/.local/lib/python3.8/site-packages/pandas/io/parsers/readers.py", line 950, in read_csv
[2025-03-03T17:16:31.986+0000] {subprocess.py:93} INFO -     return _read(filepath_or_buffer, kwds)
[2025-03-03T17:16:31.987+0000] {subprocess.py:93} INFO -   File "/home/***/.local/lib/python3.8/site-packages/pandas/io/parsers/readers.py", line 605, in _read
[2025-03-03T17:16:31.987+0000] {subprocess.py:93} INFO -     parser = TextFileReader(filepath_or_buffer, **kwds)
[2025-03-03T17:16:31.987+0000] {subprocess.py:93} INFO -   File "/home/***/.local/lib/python3.8/site-packages/pandas/io/parsers/readers.py", line 1442, in __init__
[2025-03-03T17:16:31.987+0000] {subprocess.py:93} INFO -     self._engine = self._make_engine(f, self.engine)
[2025-03-03T17:16:31.987+0000] {subprocess.py:93} INFO -   File "/home/***/.local/lib/python3.8/site-packages/pandas/io/parsers/readers.py", line 1735, in _make_engine
[2025-03-03T17:16:31.988+0000] {subprocess.py:93} INFO -     self.handles = get_handle(
[2025-03-03T17:16:31.988+0000] {subprocess.py:93} INFO -   File "/home/***/.local/lib/python3.8/site-packages/pandas/io/common.py", line 856, in get_handle
[2025-03-03T17:16:31.988+0000] {subprocess.py:93} INFO -     handle = open(
[2025-03-03T17:16:31.988+0000] {subprocess.py:93} INFO - FileNotFoundError: [Errno 2] No such file or directory: '/opt/***/data/raw/fintech2/03-03-2025/database/database_data.csv'
[2025-03-03T17:16:32.402+0000] {subprocess.py:93} INFO - On branch main
[2025-03-03T17:16:32.402+0000] {subprocess.py:93} INFO - Your branch is up to date with 'origin/main'.
[2025-03-03T17:16:32.402+0000] {subprocess.py:93} INFO - 
[2025-03-03T17:16:32.402+0000] {subprocess.py:93} INFO - Changes to be committed:
[2025-03-03T17:16:32.403+0000] {subprocess.py:93} INFO -   (use "git restore --staged <file>..." to unstage)
[2025-03-03T17:16:32.403+0000] {subprocess.py:93} INFO - 	modified:   visualization/fintech1/03-03-2025/csv/plots.pdf
[2025-03-03T17:16:32.403+0000] {subprocess.py:93} INFO - 
[2025-03-03T17:16:32.403+0000] {subprocess.py:93} INFO - Changes not staged for commit:
[2025-03-03T17:16:32.403+0000] {subprocess.py:93} INFO -   (use "git add <file>..." to update what will be committed)
[2025-03-03T17:16:32.403+0000] {subprocess.py:93} INFO -   (use "git restore <file>..." to discard changes in working directory)
[2025-03-03T17:16:32.403+0000] {subprocess.py:93} INFO - 	modified:   logs/dag_id=customer_churn_ml_pipeline/run_id=manual__2025-03-03T17:15:40.663621+00:00/task_id=data_validation_task/attempt=1.log
[2025-03-03T17:16:32.404+0000] {subprocess.py:93} INFO - 	modified:   logs/dag_processor_manager/dag_processor_manager.log
[2025-03-03T17:16:32.404+0000] {subprocess.py:93} INFO - 	modified:   logs/data_preparation.log
[2025-03-03T17:16:32.404+0000] {subprocess.py:93} INFO - 	modified:   logs/scheduler/2025-03-03/customer_churn.py.log
[2025-03-03T17:16:32.404+0000] {subprocess.py:93} INFO - 
[2025-03-03T17:16:32.404+0000] {subprocess.py:93} INFO - Untracked files:
[2025-03-03T17:16:32.404+0000] {subprocess.py:93} INFO -   (use "git add <file>..." to include in what will be committed)
[2025-03-03T17:16:32.404+0000] {subprocess.py:93} INFO - 	customer_churn_stats/feature_repo/data/online_store.db
[2025-03-03T17:16:32.405+0000] {subprocess.py:93} INFO - 	customer_churn_stats/feature_repo/data/registry.db
[2025-03-03T17:16:32.405+0000] {subprocess.py:93} INFO - 	logs/dag_id=customer_churn_ml_pipeline/run_id=manual__2025-03-03T17:15:40.663621+00:00/task_id=data_preparation_task/
[2025-03-03T17:16:32.405+0000] {subprocess.py:93} INFO - 	models/
[2025-03-03T17:16:32.405+0000] {subprocess.py:93} INFO - 	online.db
[2025-03-03T17:16:32.405+0000] {subprocess.py:93} INFO - 
[2025-03-03T17:16:32.509+0000] {subprocess.py:93} INFO - [main 8b91f07] Updated cleaned data version
[2025-03-03T17:16:32.509+0000] {subprocess.py:93} INFO -  5 files changed, 70 insertions(+)
[2025-03-03T17:16:36.893+0000] {subprocess.py:93} INFO - Everything is up to date.
[2025-03-03T17:16:38.855+0000] {subprocess.py:93} INFO - To https://github.com/anniemathew-trial/customer_churn_pipeline.git
[2025-03-03T17:16:38.856+0000] {subprocess.py:93} INFO -    cde0a80..8b91f07  main -> main
[2025-03-03T17:16:38.862+0000] {subprocess.py:97} INFO - Command exited with return code 0
[2025-03-03T17:16:38.928+0000] {taskinstance.py:1400} INFO - Marking task as SUCCESS. dag_id=customer_churn_ml_pipeline, task_id=data_preparation_task, execution_date=20250303T171540, start_date=20250303T171622, end_date=20250303T171638
[2025-03-03T17:16:39.003+0000] {local_task_job_runner.py:228} INFO - Task exited with return code 0
[2025-03-03T17:16:39.059+0000] {taskinstance.py:2778} INFO - 1 downstream tasks scheduled from follow-on schedule check
