[2025-02-28T08:17:22.346+0000] {taskinstance.py:1159} INFO - Dependencies all met for dep_context=non-requeueable deps ti=<TaskInstance: customer_churn_ml_pipeline.data_preparation_task manual__2025-02-28T08:16:44.276454+00:00 [queued]>
[2025-02-28T08:17:22.362+0000] {taskinstance.py:1159} INFO - Dependencies all met for dep_context=requeueable deps ti=<TaskInstance: customer_churn_ml_pipeline.data_preparation_task manual__2025-02-28T08:16:44.276454+00:00 [queued]>
[2025-02-28T08:17:22.362+0000] {taskinstance.py:1361} INFO - Starting attempt 1 of 1
[2025-02-28T08:17:22.387+0000] {taskinstance.py:1382} INFO - Executing <Task(BashOperator): data_preparation_task> on 2025-02-28 08:16:44.276454+00:00
[2025-02-28T08:17:22.393+0000] {standard_task_runner.py:57} INFO - Started process 6764 to run task
[2025-02-28T08:17:22.398+0000] {standard_task_runner.py:84} INFO - Running: ['***', 'tasks', 'run', 'customer_churn_ml_pipeline', 'data_preparation_task', 'manual__2025-02-28T08:16:44.276454+00:00', '--job-id', '104', '--raw', '--subdir', 'DAGS_FOLDER/customer_churn.py', '--cfg-path', '/tmp/tmp347p6tx_']
[2025-02-28T08:17:22.402+0000] {standard_task_runner.py:85} INFO - Job 104: Subtask data_preparation_task
[2025-02-28T08:17:22.444+0000] {logging_mixin.py:154} WARNING - /home/***/.local/lib/python3.8/site-packages/***/settings.py:195 DeprecationWarning: The sql_alchemy_conn option in [core] has been moved to the sql_alchemy_conn option in [database] - the old setting has been used, but please update your config.
[2025-02-28T08:17:22.523+0000] {task_command.py:416} INFO - Running <TaskInstance: customer_churn_ml_pipeline.data_preparation_task manual__2025-02-28T08:16:44.276454+00:00 [running]> on host 4470298645d8
[2025-02-28T08:17:22.722+0000] {taskinstance.py:1662} INFO - Exporting env vars: AIRFLOW_CTX_DAG_OWNER='***' AIRFLOW_CTX_DAG_ID='customer_churn_ml_pipeline' AIRFLOW_CTX_TASK_ID='data_preparation_task' AIRFLOW_CTX_EXECUTION_DATE='2025-02-28T08:16:44.276454+00:00' AIRFLOW_CTX_TRY_NUMBER='1' AIRFLOW_CTX_DAG_RUN_ID='manual__2025-02-28T08:16:44.276454+00:00'
[2025-02-28T08:17:22.723+0000] {subprocess.py:63} INFO - Tmp dir root location: /tmp
[2025-02-28T08:17:22.724+0000] {subprocess.py:75} INFO - Running command: ['/bin/bash', '-c', '\n\t\t\tcd /opt/***\n\t\t\tpython /opt/***/executables/data_preparation.py &&                         dvc add /opt/***/data/cleaned &&                         dvc add /opt/***/visualization &&                         git add /opt/***/data/cleaned.dvc &&                         git add /opt/***/visualization.dvc &&                         git commit -m "Updated cleaned data version" &&                         dvc push && git push\n                    ']
[2025-02-28T08:17:22.737+0000] {subprocess.py:86} INFO - Output:
[2025-02-28T08:17:34.322+0000] {subprocess.py:93} INFO - 
[2025-02-28T08:17:34.323+0000] {subprocess.py:93} INFO - To track the changes with git, run:
[2025-02-28T08:17:34.324+0000] {subprocess.py:93} INFO - 
[2025-02-28T08:17:34.324+0000] {subprocess.py:93} INFO - 	git add data/cleaned.dvc
[2025-02-28T08:17:34.325+0000] {subprocess.py:93} INFO - 
[2025-02-28T08:17:34.325+0000] {subprocess.py:93} INFO - To enable auto staging, run:
[2025-02-28T08:17:34.326+0000] {subprocess.py:93} INFO - 
[2025-02-28T08:17:34.327+0000] {subprocess.py:93} INFO - 	dvc config core.autostage true
[2025-02-28T08:17:39.310+0000] {subprocess.py:93} INFO - 
[2025-02-28T08:17:39.310+0000] {subprocess.py:93} INFO - To track the changes with git, run:
[2025-02-28T08:17:39.311+0000] {subprocess.py:93} INFO - 
[2025-02-28T08:17:39.313+0000] {subprocess.py:93} INFO - 	git add visualization.dvc
[2025-02-28T08:17:39.314+0000] {subprocess.py:93} INFO - 
[2025-02-28T08:17:39.314+0000] {subprocess.py:93} INFO - To enable auto staging, run:
[2025-02-28T08:17:39.315+0000] {subprocess.py:93} INFO - 
[2025-02-28T08:17:39.315+0000] {subprocess.py:93} INFO - 	dvc config core.autostage true
[2025-02-28T08:17:39.809+0000] {subprocess.py:93} INFO - [main 03d1e1c] Updated cleaned data version
[2025-02-28T08:17:39.810+0000] {subprocess.py:93} INFO -  1 file changed, 1 insertion(+), 1 deletion(-)
[2025-02-28T08:17:49.938+0000] {subprocess.py:93} INFO - 2 files pushed
[2025-02-28T08:17:51.645+0000] {subprocess.py:93} INFO - To https://github.com/anniemathew-trial/customer_churn_pipeline.git
[2025-02-28T08:17:51.645+0000] {subprocess.py:93} INFO -    a11ddcf..03d1e1c  main -> main
[2025-02-28T08:17:51.652+0000] {subprocess.py:97} INFO - Command exited with return code 0
[2025-02-28T08:17:51.724+0000] {taskinstance.py:1400} INFO - Marking task as SUCCESS. dag_id=customer_churn_ml_pipeline, task_id=data_preparation_task, execution_date=20250228T081644, start_date=20250228T081722, end_date=20250228T081751
[2025-02-28T08:17:51.793+0000] {local_task_job_runner.py:228} INFO - Task exited with return code 0
[2025-02-28T08:17:51.858+0000] {taskinstance.py:2778} INFO - 1 downstream tasks scheduled from follow-on schedule check
