[2025-03-02T06:39:16.840+0000] {taskinstance.py:1159} INFO - Dependencies all met for dep_context=non-requeueable deps ti=<TaskInstance: customer_churn_ml_pipeline.feature_store_task manual__2025-03-02T06:37:55.944013+00:00 [queued]>
[2025-03-02T06:39:16.853+0000] {taskinstance.py:1159} INFO - Dependencies all met for dep_context=requeueable deps ti=<TaskInstance: customer_churn_ml_pipeline.feature_store_task manual__2025-03-02T06:37:55.944013+00:00 [queued]>
[2025-03-02T06:39:16.853+0000] {taskinstance.py:1361} INFO - Starting attempt 1 of 1
[2025-03-02T06:39:16.873+0000] {taskinstance.py:1382} INFO - Executing <Task(BashOperator): feature_store_task> on 2025-03-02 06:37:55.944013+00:00
[2025-03-02T06:39:16.878+0000] {standard_task_runner.py:57} INFO - Started process 4790 to run task
[2025-03-02T06:39:16.881+0000] {standard_task_runner.py:84} INFO - Running: ['***', 'tasks', 'run', 'customer_churn_ml_pipeline', 'feature_store_task', 'manual__2025-03-02T06:37:55.944013+00:00', '--job-id', '263', '--raw', '--subdir', 'DAGS_FOLDER/customer_churn.py', '--cfg-path', '/tmp/tmpei9j3vak']
[2025-03-02T06:39:16.883+0000] {standard_task_runner.py:85} INFO - Job 263: Subtask feature_store_task
[2025-03-02T06:39:16.907+0000] {logging_mixin.py:154} WARNING - /home/***/.local/lib/python3.8/site-packages/***/settings.py:195 DeprecationWarning: The sql_alchemy_conn option in [core] has been moved to the sql_alchemy_conn option in [database] - the old setting has been used, but please update your config.
[2025-03-02T06:39:16.953+0000] {task_command.py:416} INFO - Running <TaskInstance: customer_churn_ml_pipeline.feature_store_task manual__2025-03-02T06:37:55.944013+00:00 [running]> on host 7e994a0ed489
[2025-03-02T06:39:17.078+0000] {taskinstance.py:1662} INFO - Exporting env vars: AIRFLOW_CTX_DAG_OWNER='***' AIRFLOW_CTX_DAG_ID='customer_churn_ml_pipeline' AIRFLOW_CTX_TASK_ID='feature_store_task' AIRFLOW_CTX_EXECUTION_DATE='2025-03-02T06:37:55.944013+00:00' AIRFLOW_CTX_TRY_NUMBER='1' AIRFLOW_CTX_DAG_RUN_ID='manual__2025-03-02T06:37:55.944013+00:00'
[2025-03-02T06:39:17.079+0000] {subprocess.py:63} INFO - Tmp dir root location: /tmp
[2025-03-02T06:39:17.080+0000] {subprocess.py:75} INFO - Running command: ['/bin/bash', '-c', '\n\t\t\tcd /opt/***/customer_churn_stats/feature_repo &&                         feast apply &&                         feast materialize-incremental $(date -u +\'%Y-%m-%dT%H:%M:%S\') &&                         git commit -m "Updated feature store" -a &&                         git push\n                    ']
[2025-03-02T06:39:17.089+0000] {subprocess.py:86} INFO - Output:
[2025-03-02T06:39:30.121+0000] {subprocess.py:93} INFO -    Id  CreditScore  ...  BalanceAgeRatio               CreatedOn
[2025-03-02T06:39:30.121+0000] {subprocess.py:93} INFO - 0   1          619  ...              0.0 2025-02-28 17:11:17.357
[2025-03-02T06:39:30.122+0000] {subprocess.py:93} INFO - 1   2          608  ...           2044.0 2025-02-28 17:11:17.360
[2025-03-02T06:39:30.122+0000] {subprocess.py:93} INFO - 2   3          502  ...           3801.0 2025-02-28 17:11:17.367
[2025-03-02T06:39:30.122+0000] {subprocess.py:93} INFO - 3   4          699  ...              0.0 2025-02-28 17:11:17.370
[2025-03-02T06:39:30.122+0000] {subprocess.py:93} INFO - 4   5          850  ...           2919.0 2025-02-28 17:11:17.373
[2025-03-02T06:39:30.122+0000] {subprocess.py:93} INFO - 
[2025-03-02T06:39:30.122+0000] {subprocess.py:93} INFO - [5 rows x 18 columns]
[2025-03-02T06:39:30.123+0000] {subprocess.py:93} INFO - No changes to registry
[2025-03-02T06:39:30.123+0000] {subprocess.py:93} INFO - No changes to infrastructure
[2025-03-02T06:39:30.123+0000] {subprocess.py:93} INFO - /opt/***/customer_churn_stats/feature_repo/feature_store.py:21: UserWarning: pandas only supports SQLAlchemy connectable (engine/connection) or database string URI or sqlite3 DBAPI2 connection. Other DBAPI2 objects are not tested. Please consider using SQLAlchemy.
[2025-03-02T06:39:30.124+0000] {subprocess.py:93} INFO -   data = pd.read_sql(query, connection)
[2025-03-02T06:39:42.832+0000] {subprocess.py:93} INFO - Materializing [1m[32m1[0m feature views to [1m[32m2025-03-02 06:39:31+00:00[0m into the [1m[32msqlite[0m online store.
[2025-03-02T06:39:42.833+0000] {subprocess.py:93} INFO - 
[2025-03-02T06:39:42.833+0000] {subprocess.py:93} INFO - [1m[32mcustomer_stats_fv[0m from [1m[32m2025-03-01 17:07:13+00:00[0m to [1m[32m2025-03-02 06:39:31+00:00[0m:
[2025-03-02T06:39:42.840+0000] {subprocess.py:93} INFO - 0it [00:00, ?it/s]0it [00:00, ?it/s]
[2025-03-02T06:39:43.669+0000] {subprocess.py:93} INFO - [main 97257d5] Updated feature store
[2025-03-02T06:39:43.669+0000] {subprocess.py:93} INFO -  3 files changed, 25 insertions(+)
[2025-03-02T06:39:44.516+0000] {subprocess.py:93} INFO - To https://github.com/anniemathew-trial/customer_churn_pipeline.git
[2025-03-02T06:39:44.517+0000] {subprocess.py:93} INFO -  ! [rejected]        main -> main (fetch first)
[2025-03-02T06:39:44.517+0000] {subprocess.py:93} INFO - error: failed to push some refs to 'https://github.com/anniemathew-trial/customer_churn_pipeline.git'
[2025-03-02T06:39:44.517+0000] {subprocess.py:93} INFO - hint: Updates were rejected because the remote contains work that you do
[2025-03-02T06:39:44.518+0000] {subprocess.py:93} INFO - hint: not have locally. This is usually caused by another repository pushing
[2025-03-02T06:39:44.518+0000] {subprocess.py:93} INFO - hint: to the same ref. You may want to first integrate the remote changes
[2025-03-02T06:39:44.518+0000] {subprocess.py:93} INFO - hint: (e.g., 'git pull ...') before pushing again.
[2025-03-02T06:39:44.518+0000] {subprocess.py:93} INFO - hint: See the 'Note about fast-forwards' in 'git push --help' for details.
[2025-03-02T06:39:44.519+0000] {subprocess.py:97} INFO - Command exited with return code 1
[2025-03-02T06:39:44.537+0000] {taskinstance.py:1937} ERROR - Task failed with exception
Traceback (most recent call last):
  File "/home/airflow/.local/lib/python3.8/site-packages/airflow/operators/bash.py", line 210, in execute
    raise AirflowException(
airflow.exceptions.AirflowException: Bash command failed. The command returned a non-zero exit code 1.
[2025-03-02T06:39:44.542+0000] {taskinstance.py:1400} INFO - Marking task as FAILED. dag_id=customer_churn_ml_pipeline, task_id=feature_store_task, execution_date=20250302T063755, start_date=20250302T063916, end_date=20250302T063944
[2025-03-02T06:39:44.559+0000] {standard_task_runner.py:104} ERROR - Failed to execute job 263 for task feature_store_task (Bash command failed. The command returned a non-zero exit code 1.; 4790)
[2025-03-02T06:39:44.571+0000] {local_task_job_runner.py:228} INFO - Task exited with return code 1
[2025-03-02T06:39:44.604+0000] {taskinstance.py:2778} INFO - 0 downstream tasks scheduled from follow-on schedule check
