[2025-03-02T08:54:29.724+0000] {taskinstance.py:1159} INFO - Dependencies all met for dep_context=non-requeueable deps ti=<TaskInstance: customer_churn_ml_pipeline.raw_data_storage_task manual__2025-03-02T08:54:18.869047+00:00 [queued]>
[2025-03-02T08:54:29.740+0000] {taskinstance.py:1159} INFO - Dependencies all met for dep_context=requeueable deps ti=<TaskInstance: customer_churn_ml_pipeline.raw_data_storage_task manual__2025-03-02T08:54:18.869047+00:00 [queued]>
[2025-03-02T08:54:29.741+0000] {taskinstance.py:1361} INFO - Starting attempt 1 of 1
[2025-03-02T08:54:29.759+0000] {taskinstance.py:1382} INFO - Executing <Task(BashOperator): raw_data_storage_task> on 2025-03-02 08:54:18.869047+00:00
[2025-03-02T08:54:29.763+0000] {standard_task_runner.py:57} INFO - Started process 4755 to run task
[2025-03-02T08:54:29.767+0000] {standard_task_runner.py:84} INFO - Running: ['***', 'tasks', 'run', 'customer_churn_ml_pipeline', 'raw_data_storage_task', 'manual__2025-03-02T08:54:18.869047+00:00', '--job-id', '37', '--raw', '--subdir', 'DAGS_FOLDER/customer_churn.py', '--cfg-path', '/tmp/tmpp1redql3']
[2025-03-02T08:54:29.770+0000] {standard_task_runner.py:85} INFO - Job 37: Subtask raw_data_storage_task
[2025-03-02T08:54:29.794+0000] {logging_mixin.py:154} WARNING - /home/***/.local/lib/python3.8/site-packages/***/settings.py:195 DeprecationWarning: The sql_alchemy_conn option in [core] has been moved to the sql_alchemy_conn option in [database] - the old setting has been used, but please update your config.
[2025-03-02T08:54:29.845+0000] {task_command.py:416} INFO - Running <TaskInstance: customer_churn_ml_pipeline.raw_data_storage_task manual__2025-03-02T08:54:18.869047+00:00 [running]> on host 9113a5746a05
[2025-03-02T08:54:29.972+0000] {taskinstance.py:1662} INFO - Exporting env vars: AIRFLOW_CTX_DAG_OWNER='***' AIRFLOW_CTX_DAG_ID='customer_churn_ml_pipeline' AIRFLOW_CTX_TASK_ID='raw_data_storage_task' AIRFLOW_CTX_EXECUTION_DATE='2025-03-02T08:54:18.869047+00:00' AIRFLOW_CTX_TRY_NUMBER='1' AIRFLOW_CTX_DAG_RUN_ID='manual__2025-03-02T08:54:18.869047+00:00'
[2025-03-02T08:54:29.973+0000] {subprocess.py:63} INFO - Tmp dir root location: /tmp
[2025-03-02T08:54:29.974+0000] {subprocess.py:75} INFO - Running command: ['/bin/bash', '-c', '\n\t\t\tcd /opt/*** &&                        python /opt/***/executables/raw_data_storage.py && \t\t\tgit rm -r --cached /opt/***/data/raw && \t\t\tgit rm -r --cached /opt/***/data/raw && \t\t\tgit commit -m "stop tracking data/raw/$NOW" &&                         dvc add /opt/***/data/raw &&                         git add /opt/***/data/raw.dvc && \t\t\tgit add logs &&\\   \n                        git commit -m "Updated raw data storage" -a &&                         dvc push && git push\n                    ']
[2025-03-02T08:54:29.981+0000] {subprocess.py:86} INFO - Output:
[2025-03-02T08:54:30.601+0000] {subprocess.py:93} INFO - Traceback (most recent call last):
[2025-03-02T08:54:30.602+0000] {subprocess.py:93} INFO -   File "/opt/***/executables/raw_data_storage.py", line 11, in <module>
[2025-03-02T08:54:30.602+0000] {subprocess.py:93} INFO -     logging.basicConfig(format='%(asctime)s : %(levelname)s : %(message)s', level=logging.INFO , filename=ingestion_log_file)
[2025-03-02T08:54:30.602+0000] {subprocess.py:93} INFO -   File "/usr/local/lib/python3.8/logging/__init__.py", line 1988, in basicConfig
[2025-03-02T08:54:30.602+0000] {subprocess.py:93} INFO -     h = FileHandler(filename, mode)
[2025-03-02T08:54:30.603+0000] {subprocess.py:93} INFO -   File "/usr/local/lib/python3.8/logging/__init__.py", line 1147, in __init__
[2025-03-02T08:54:30.603+0000] {subprocess.py:93} INFO -     StreamHandler.__init__(self, self._open())
[2025-03-02T08:54:30.603+0000] {subprocess.py:93} INFO -   File "/usr/local/lib/python3.8/logging/__init__.py", line 1176, in _open
[2025-03-02T08:54:30.603+0000] {subprocess.py:93} INFO -     return open(self.baseFilename, self.mode, encoding=self.encoding)
[2025-03-02T08:54:30.603+0000] {subprocess.py:93} INFO - PermissionError: [Errno 13] Permission denied: '/opt/***\\logs\\data_ingestion.log'
[2025-03-02T08:54:30.658+0000] {subprocess.py:93} INFO - [main 42cdfe9] Updated raw data storage
[2025-03-02T08:54:30.658+0000] {subprocess.py:93} INFO -  1 file changed, 12 insertions(+)
[2025-03-02T08:54:31.949+0000] {subprocess.py:93} INFO - Everything is up to date.
[2025-03-02T08:54:33.765+0000] {subprocess.py:93} INFO - To https://github.com/anniemathew-trial/customer_churn_pipeline.git
[2025-03-02T08:54:33.766+0000] {subprocess.py:93} INFO -    88505aa..42cdfe9  main -> main
[2025-03-02T08:54:33.772+0000] {subprocess.py:97} INFO - Command exited with return code 0
[2025-03-02T08:54:33.834+0000] {taskinstance.py:1400} INFO - Marking task as SUCCESS. dag_id=customer_churn_ml_pipeline, task_id=raw_data_storage_task, execution_date=20250302T085418, start_date=20250302T085429, end_date=20250302T085433
[2025-03-02T08:54:33.881+0000] {local_task_job_runner.py:228} INFO - Task exited with return code 0
[2025-03-02T08:54:33.950+0000] {taskinstance.py:2778} INFO - 1 downstream tasks scheduled from follow-on schedule check
