[2025-03-01T11:06:40.651+0000] {taskinstance.py:1159} INFO - Dependencies all met for dep_context=non-requeueable deps ti=<TaskInstance: customer_churn_ml_pipeline.model_training_task manual__2025-03-01T11:04:12.715877+00:00 [queued]>
[2025-03-01T11:06:40.664+0000] {taskinstance.py:1159} INFO - Dependencies all met for dep_context=requeueable deps ti=<TaskInstance: customer_churn_ml_pipeline.model_training_task manual__2025-03-01T11:04:12.715877+00:00 [queued]>
[2025-03-01T11:06:40.664+0000] {taskinstance.py:1361} INFO - Starting attempt 1 of 1
[2025-03-01T11:06:40.682+0000] {taskinstance.py:1382} INFO - Executing <Task(BashOperator): model_training_task> on 2025-03-01 11:04:12.715877+00:00
[2025-03-01T11:06:40.687+0000] {standard_task_runner.py:57} INFO - Started process 12689 to run task
[2025-03-01T11:06:40.691+0000] {standard_task_runner.py:84} INFO - Running: ['***', 'tasks', 'run', 'customer_churn_ml_pipeline', 'model_training_task', 'manual__2025-03-01T11:04:12.715877+00:00', '--job-id', '111', '--raw', '--subdir', 'DAGS_FOLDER/customer_churn.py', '--cfg-path', '/tmp/tmpn3atnw0i']
[2025-03-01T11:06:40.693+0000] {standard_task_runner.py:85} INFO - Job 111: Subtask model_training_task
[2025-03-01T11:06:40.718+0000] {logging_mixin.py:154} WARNING - /home/***/.local/lib/python3.8/site-packages/***/settings.py:195 DeprecationWarning: The sql_alchemy_conn option in [core] has been moved to the sql_alchemy_conn option in [database] - the old setting has been used, but please update your config.
[2025-03-01T11:06:40.771+0000] {task_command.py:416} INFO - Running <TaskInstance: customer_churn_ml_pipeline.model_training_task manual__2025-03-01T11:04:12.715877+00:00 [running]> on host 7e994a0ed489
[2025-03-01T11:06:40.914+0000] {taskinstance.py:1662} INFO - Exporting env vars: AIRFLOW_CTX_DAG_OWNER='***' AIRFLOW_CTX_DAG_ID='customer_churn_ml_pipeline' AIRFLOW_CTX_TASK_ID='model_training_task' AIRFLOW_CTX_EXECUTION_DATE='2025-03-01T11:04:12.715877+00:00' AIRFLOW_CTX_TRY_NUMBER='1' AIRFLOW_CTX_DAG_RUN_ID='manual__2025-03-01T11:04:12.715877+00:00'
[2025-03-01T11:06:40.916+0000] {subprocess.py:63} INFO - Tmp dir root location: /tmp
[2025-03-01T11:06:40.917+0000] {subprocess.py:75} INFO - Running command: ['/bin/bash', '-c', '\n\t    \t\tcd /opt/***\n       \t\t\t    python /opt/***/executables/model_training.py && \t      \t\t    git add logs &&\t      \t\t    git add mlruns &&                            git commit -m "Trained model version" -a && \\                            \n                        ']
[2025-03-01T11:06:40.929+0000] {subprocess.py:86} INFO - Output:
[2025-03-01T11:06:50.401+0000] {subprocess.py:93} INFO - /home/***/.local/lib/python3.8/site-packages/mlflow/gateway/config.py:64: PydanticDeprecatedSince20: Pydantic V1 style `@validator` validators are deprecated. You should migrate to Pydantic V2 style `@field_validator` validators, see the migration guide for more details. Deprecated in Pydantic V2.0 to be removed in V3.0. See Pydantic V2 Migration Guide at https://errors.pydantic.dev/2.4/migration/
[2025-03-01T11:06:50.401+0000] {subprocess.py:93} INFO -   @validator("togetherai_api_key", pre=True)
[2025-03-01T11:06:50.402+0000] {subprocess.py:93} INFO - /home/***/.local/lib/python3.8/site-packages/mlflow/gateway/config.py:372: PydanticDeprecatedSince20: Pydantic V1 style `@root_validator` validators are deprecated. You should migrate to Pydantic V2 style `@model_validator` validators, see the migration guide for more details. Deprecated in Pydantic V2.0 to be removed in V3.0. See Pydantic V2 Migration Guide at https://errors.pydantic.dev/2.4/migration/
[2025-03-01T11:06:50.403+0000] {subprocess.py:93} INFO -   @root_validator(skip_on_failure=True)
[2025-03-01T11:06:50.403+0000] {subprocess.py:93} INFO - /home/***/.local/lib/python3.8/site-packages/pydantic/_internal/_config.py:267: PydanticDeprecatedSince20: Support for class-based `config` is deprecated, use ConfigDict instead. Deprecated in Pydantic V2.0 to be removed in V3.0. See Pydantic V2 Migration Guide at https://errors.pydantic.dev/2.4/migration/
[2025-03-01T11:06:50.404+0000] {subprocess.py:93} INFO -   warnings.warn(DEPRECATION_MESSAGE, DeprecationWarning)
[2025-03-01T11:06:50.404+0000] {subprocess.py:93} INFO - 2025-03-01 11:06:50,400 : INFO : Starting model training
[2025-03-01T11:06:50.404+0000] {subprocess.py:93} INFO - [Errno 2] No such file or directory: '/opt/***/feature_store.yaml'
