[2025-03-02T06:15:25.958+0000] {taskinstance.py:1159} INFO - Dependencies all met for dep_context=non-requeueable deps ti=<TaskInstance: customer_churn_ml_pipeline.data_ingestion_task manual__2025-03-02T06:15:20.066703+00:00 [queued]>
[2025-03-02T06:15:25.970+0000] {taskinstance.py:1159} INFO - Dependencies all met for dep_context=requeueable deps ti=<TaskInstance: customer_churn_ml_pipeline.data_ingestion_task manual__2025-03-02T06:15:20.066703+00:00 [queued]>
[2025-03-02T06:15:25.970+0000] {taskinstance.py:1361} INFO - Starting attempt 1 of 1
[2025-03-02T06:15:25.990+0000] {taskinstance.py:1382} INFO - Executing <Task(BashOperator): data_ingestion_task> on 2025-03-02 06:15:20.066703+00:00
[2025-03-02T06:15:25.995+0000] {standard_task_runner.py:57} INFO - Started process 3020 to run task
[2025-03-02T06:15:25.999+0000] {standard_task_runner.py:84} INFO - Running: ['***', 'tasks', 'run', 'customer_churn_ml_pipeline', 'data_ingestion_task', 'manual__2025-03-02T06:15:20.066703+00:00', '--job-id', '229', '--raw', '--subdir', 'DAGS_FOLDER/customer_churn.py', '--cfg-path', '/tmp/tmpj3xz04h3']
[2025-03-02T06:15:26.001+0000] {standard_task_runner.py:85} INFO - Job 229: Subtask data_ingestion_task
[2025-03-02T06:15:26.026+0000] {logging_mixin.py:154} WARNING - /home/***/.local/lib/python3.8/site-packages/***/settings.py:195 DeprecationWarning: The sql_alchemy_conn option in [core] has been moved to the sql_alchemy_conn option in [database] - the old setting has been used, but please update your config.
[2025-03-02T06:15:26.078+0000] {task_command.py:416} INFO - Running <TaskInstance: customer_churn_ml_pipeline.data_ingestion_task manual__2025-03-02T06:15:20.066703+00:00 [running]> on host 7e994a0ed489
[2025-03-02T06:15:26.220+0000] {taskinstance.py:1662} INFO - Exporting env vars: AIRFLOW_CTX_DAG_OWNER='***' AIRFLOW_CTX_DAG_ID='customer_churn_ml_pipeline' AIRFLOW_CTX_TASK_ID='data_ingestion_task' AIRFLOW_CTX_EXECUTION_DATE='2025-03-02T06:15:20.066703+00:00' AIRFLOW_CTX_TRY_NUMBER='1' AIRFLOW_CTX_DAG_RUN_ID='manual__2025-03-02T06:15:20.066703+00:00'
[2025-03-02T06:15:26.221+0000] {subprocess.py:63} INFO - Tmp dir root location: /tmp
[2025-03-02T06:15:26.221+0000] {subprocess.py:75} INFO - Running command: ['/bin/bash', '-c', 'python /opt/***/executables/data_ingestion.py && \t\t\tNOW=$(date \'+%d-%m-%Y\') &&\t\t\tcd /opt/*** && \t\t\tgit add logs &&                        git commit -m "Updated data ingestion" -a &&                         git push\n                    ']
[2025-03-02T06:15:26.231+0000] {subprocess.py:86} INFO - Output:
[2025-03-02T06:15:27.544+0000] {subprocess.py:93} INFO - 2025-03-02 06:15:27,540 : INFO : Reading data from CSV file customer_data.csv
[2025-03-02T06:15:27.682+0000] {subprocess.py:93} INFO - 2025-03-02 06:15:27,681 : INFO : Data from CSV customer_data.csv ingested successfully!
[2025-03-02T06:15:27.682+0000] {subprocess.py:93} INFO - 2025-03-02 06:15:27,682 : ERROR : Error ingesting database: [Errno 2] No such file or directory: 'settings.json'
[2025-03-02T06:15:27.940+0000] {subprocess.py:93} INFO - [main 568d40b] Updated data ingestion
[2025-03-02T06:15:27.940+0000] {subprocess.py:93} INFO -  26 files changed, 1609 insertions(+)
[2025-03-02T06:15:27.940+0000] {subprocess.py:93} INFO -  rewrite dags/__pycache__/customer_churn.cpython-38.pyc (68%)
[2025-03-02T06:15:27.941+0000] {subprocess.py:93} INFO -  create mode 100644 logs/dag_id=customer_churn_ml_pipeline/run_id=manual__2025-03-02T03:24:38.853557+00:00/task_id=data_ingestion_task/attempt=1.log
[2025-03-02T06:15:27.941+0000] {subprocess.py:93} INFO -  create mode 100644 logs/dag_id=customer_churn_ml_pipeline/run_id=manual__2025-03-02T03:24:38.853557+00:00/task_id=pull_latest_codes/attempt=1.log
[2025-03-02T06:15:27.941+0000] {subprocess.py:93} INFO -  create mode 100644 logs/dag_id=customer_churn_ml_pipeline/run_id=manual__2025-03-02T03:30:46.188794+00:00/task_id=data_ingestion_task/attempt=1.log
[2025-03-02T06:15:27.942+0000] {subprocess.py:93} INFO -  create mode 100644 logs/dag_id=customer_churn_ml_pipeline/run_id=manual__2025-03-02T03:30:46.188794+00:00/task_id=pull_latest_codes/attempt=1.log
[2025-03-02T06:15:27.942+0000] {subprocess.py:93} INFO -  create mode 100644 logs/dag_id=customer_churn_ml_pipeline/run_id=manual__2025-03-02T03:30:59.941220+00:00/task_id=data_ingestion_task/attempt=1.log
[2025-03-02T06:15:27.942+0000] {subprocess.py:93} INFO -  create mode 100644 logs/dag_id=customer_churn_ml_pipeline/run_id=manual__2025-03-02T03:30:59.941220+00:00/task_id=pull_latest_codes/attempt=1.log
[2025-03-02T06:15:27.943+0000] {subprocess.py:93} INFO -  create mode 100644 logs/dag_id=customer_churn_ml_pipeline/run_id=manual__2025-03-02T03:34:06.036147+00:00/task_id=data_ingestion_task/attempt=1.log
[2025-03-02T06:15:27.943+0000] {subprocess.py:93} INFO -  create mode 100644 logs/dag_id=customer_churn_ml_pipeline/run_id=manual__2025-03-02T03:34:06.036147+00:00/task_id=pull_latest_codes/attempt=1.log
[2025-03-02T06:15:27.943+0000] {subprocess.py:93} INFO -  create mode 100644 logs/dag_id=customer_churn_ml_pipeline/run_id=manual__2025-03-02T03:41:27.189335+00:00/task_id=data_ingestion_task/attempt=1.log
[2025-03-02T06:15:27.944+0000] {subprocess.py:93} INFO -  create mode 100644 logs/dag_id=customer_churn_ml_pipeline/run_id=manual__2025-03-02T03:41:27.189335+00:00/task_id=pull_latest_codes/attempt=1.log
[2025-03-02T06:15:27.944+0000] {subprocess.py:93} INFO -  create mode 100644 logs/dag_id=customer_churn_ml_pipeline/run_id=manual__2025-03-02T03:46:42.678085+00:00/task_id=data_ingestion_task/attempt=1.log
[2025-03-02T06:15:27.944+0000] {subprocess.py:93} INFO -  create mode 100644 logs/dag_id=customer_churn_ml_pipeline/run_id=manual__2025-03-02T03:46:42.678085+00:00/task_id=pull_latest_codes/attempt=1.log
[2025-03-02T06:15:27.944+0000] {subprocess.py:93} INFO -  create mode 100644 logs/dag_id=customer_churn_ml_pipeline/run_id=manual__2025-03-02T06:09:47.081120+00:00/task_id=data_ingestion_task/attempt=1.log
[2025-03-02T06:15:27.945+0000] {subprocess.py:93} INFO -  create mode 100644 logs/dag_id=customer_churn_ml_pipeline/run_id=manual__2025-03-02T06:09:47.081120+00:00/task_id=pull_latest_codes/attempt=1.log
[2025-03-02T06:15:27.945+0000] {subprocess.py:93} INFO -  create mode 100644 logs/dag_id=customer_churn_ml_pipeline/run_id=manual__2025-03-02T06:12:10.518287+00:00/task_id=data_ingestion_task/attempt=1.log
[2025-03-02T06:15:27.946+0000] {subprocess.py:93} INFO -  create mode 100644 logs/dag_id=customer_churn_ml_pipeline/run_id=manual__2025-03-02T06:12:10.518287+00:00/task_id=pull_latest_codes/attempt=1.log
[2025-03-02T06:15:27.946+0000] {subprocess.py:93} INFO -  create mode 100644 logs/dag_id=customer_churn_ml_pipeline/run_id=manual__2025-03-02T06:13:07.925008+00:00/task_id=data_ingestion_task/attempt=1.log
[2025-03-02T06:15:27.946+0000] {subprocess.py:93} INFO -  create mode 100644 logs/dag_id=customer_churn_ml_pipeline/run_id=manual__2025-03-02T06:13:07.925008+00:00/task_id=pull_latest_codes/attempt=1.log
[2025-03-02T06:15:27.946+0000] {subprocess.py:93} INFO -  create mode 100644 logs/dag_id=customer_churn_ml_pipeline/run_id=manual__2025-03-02T06:14:32.945096+00:00/task_id=data_ingestion_task/attempt=1.log
[2025-03-02T06:15:27.947+0000] {subprocess.py:93} INFO -  create mode 100644 logs/dag_id=customer_churn_ml_pipeline/run_id=manual__2025-03-02T06:14:32.945096+00:00/task_id=pull_latest_codes/attempt=1.log
[2025-03-02T06:15:27.947+0000] {subprocess.py:93} INFO -  create mode 100644 logs/dag_id=customer_churn_ml_pipeline/run_id=manual__2025-03-02T06:15:20.066703+00:00/task_id=data_ingestion_task/attempt=1.log
[2025-03-02T06:15:27.947+0000] {subprocess.py:93} INFO -  create mode 100644 logs/dag_id=customer_churn_ml_pipeline/run_id=manual__2025-03-02T06:15:20.066703+00:00/task_id=pull_latest_codes/attempt=1.log
[2025-03-02T06:15:27.947+0000] {subprocess.py:93} INFO -  create mode 100644 logs/scheduler/2025-03-02/customer_churn.py.log
[2025-03-02T06:15:29.516+0000] {subprocess.py:93} INFO - To https://github.com/anniemathew-trial/customer_churn_pipeline.git
[2025-03-02T06:15:29.517+0000] {subprocess.py:93} INFO -    975a291..568d40b  main -> main
[2025-03-02T06:15:29.522+0000] {subprocess.py:97} INFO - Command exited with return code 0
[2025-03-02T06:15:29.569+0000] {taskinstance.py:1400} INFO - Marking task as SUCCESS. dag_id=customer_churn_ml_pipeline, task_id=data_ingestion_task, execution_date=20250302T061520, start_date=20250302T061525, end_date=20250302T061529
[2025-03-02T06:15:29.593+0000] {local_task_job_runner.py:228} INFO - Task exited with return code 0
[2025-03-02T06:15:29.636+0000] {taskinstance.py:2778} INFO - 1 downstream tasks scheduled from follow-on schedule check
