[2025-03-09T16:48:42.112+0000] {taskinstance.py:1159} INFO - Dependencies all met for dep_context=non-requeueable deps ti=<TaskInstance: customer_churn_ml_pipeline.model_training_task manual__2025-03-09T16:45:49.978338+00:00 [queued]>
[2025-03-09T16:48:42.131+0000] {taskinstance.py:1159} INFO - Dependencies all met for dep_context=requeueable deps ti=<TaskInstance: customer_churn_ml_pipeline.model_training_task manual__2025-03-09T16:45:49.978338+00:00 [queued]>
[2025-03-09T16:48:42.132+0000] {taskinstance.py:1361} INFO - Starting attempt 1 of 1
[2025-03-09T16:48:42.153+0000] {taskinstance.py:1382} INFO - Executing <Task(BashOperator): model_training_task> on 2025-03-09 16:45:49.978338+00:00
[2025-03-09T16:48:42.159+0000] {standard_task_runner.py:57} INFO - Started process 10900 to run task
[2025-03-09T16:48:42.163+0000] {standard_task_runner.py:84} INFO - Running: ['***', 'tasks', 'run', 'customer_churn_ml_pipeline', 'model_training_task', 'manual__2025-03-09T16:45:49.978338+00:00', '--job-id', '392', '--raw', '--subdir', 'DAGS_FOLDER/customer_churn.py', '--cfg-path', '/tmp/tmpa647uqfw']
[2025-03-09T16:48:42.167+0000] {standard_task_runner.py:85} INFO - Job 392: Subtask model_training_task
[2025-03-09T16:48:42.197+0000] {logging_mixin.py:154} WARNING - /home/***/.local/lib/python3.8/site-packages/***/settings.py:195 DeprecationWarning: The sql_alchemy_conn option in [core] has been moved to the sql_alchemy_conn option in [database] - the old setting has been used, but please update your config.
[2025-03-09T16:48:42.261+0000] {task_command.py:416} INFO - Running <TaskInstance: customer_churn_ml_pipeline.model_training_task manual__2025-03-09T16:45:49.978338+00:00 [running]> on host 157237bff8f7
[2025-03-09T16:48:42.469+0000] {taskinstance.py:1662} INFO - Exporting env vars: AIRFLOW_CTX_DAG_OWNER='***' AIRFLOW_CTX_DAG_ID='customer_churn_ml_pipeline' AIRFLOW_CTX_TASK_ID='model_training_task' AIRFLOW_CTX_EXECUTION_DATE='2025-03-09T16:45:49.978338+00:00' AIRFLOW_CTX_TRY_NUMBER='1' AIRFLOW_CTX_DAG_RUN_ID='manual__2025-03-09T16:45:49.978338+00:00'
[2025-03-09T16:48:42.471+0000] {subprocess.py:63} INFO - Tmp dir root location: /tmp
[2025-03-09T16:48:42.472+0000] {subprocess.py:75} INFO - Running command: ['/bin/bash', '-c', '\n\t    \t\tcd /opt/***\n       \t\t\t    python /opt/***/executables/model_training.py && \t      \t\t    git add logs && \t      \t\t    git add mlruns && \t        \t    git status &&                             git commit -m "Trained model version" -a && \\    \n\t\t\t    git push\n                        ']
[2025-03-09T16:48:42.484+0000] {subprocess.py:86} INFO - Output:
[2025-03-09T16:48:53.162+0000] {subprocess.py:93} INFO - /home/***/.local/lib/python3.8/site-packages/mlflow/gateway/config.py:64: PydanticDeprecatedSince20: Pydantic V1 style `@validator` validators are deprecated. You should migrate to Pydantic V2 style `@field_validator` validators, see the migration guide for more details. Deprecated in Pydantic V2.0 to be removed in V3.0. See Pydantic V2 Migration Guide at https://errors.pydantic.dev/2.4/migration/
[2025-03-09T16:48:53.162+0000] {subprocess.py:93} INFO -   @validator("togetherai_api_key", pre=True)
[2025-03-09T16:48:53.163+0000] {subprocess.py:93} INFO - /home/***/.local/lib/python3.8/site-packages/mlflow/gateway/config.py:372: PydanticDeprecatedSince20: Pydantic V1 style `@root_validator` validators are deprecated. You should migrate to Pydantic V2 style `@model_validator` validators, see the migration guide for more details. Deprecated in Pydantic V2.0 to be removed in V3.0. See Pydantic V2 Migration Guide at https://errors.pydantic.dev/2.4/migration/
[2025-03-09T16:48:53.163+0000] {subprocess.py:93} INFO -   @root_validator(skip_on_failure=True)
[2025-03-09T16:48:53.163+0000] {subprocess.py:93} INFO - /home/***/.local/lib/python3.8/site-packages/pydantic/_internal/_config.py:267: PydanticDeprecatedSince20: Support for class-based `config` is deprecated, use ConfigDict instead. Deprecated in Pydantic V2.0 to be removed in V3.0. See Pydantic V2 Migration Guide at https://errors.pydantic.dev/2.4/migration/
[2025-03-09T16:48:53.163+0000] {subprocess.py:93} INFO -   warnings.warn(DEPRECATION_MESSAGE, DeprecationWarning)
[2025-03-09T16:48:53.164+0000] {subprocess.py:93} INFO - 2025-03-09 16:48:53,161 : INFO : Starting model training
[2025-03-09T16:48:53.188+0000] {subprocess.py:93} INFO - 2025-03-09 16:48:53,187 : INFO : Registry cache expired, so refreshing
[2025-03-09T16:48:53.203+0000] {subprocess.py:93} INFO - 2025-03-09 16:48:53,202 : INFO : Getting data
[2025-03-09T16:48:53.204+0000] {subprocess.py:93} INFO - 2025-03-09 16:48:53,203 : INFO : Start and End Range: 1 to 1000
[2025-03-09T16:48:53.707+0000] {subprocess.py:93} INFO - 2025-03-09 16:48:53,706 : INFO : Data fetched: 999
[2025-03-09T16:48:53.707+0000] {subprocess.py:93} INFO - 2025-03-09 16:48:53,707 : INFO : New Start and End Range: 1001 to 2000
[2025-03-09T16:48:53.708+0000] {subprocess.py:93} INFO - 2025-03-09 16:48:53,707 : INFO : Start and End Range: 1001 to 2000
[2025-03-09T16:48:54.058+0000] {subprocess.py:93} INFO - 2025-03-09 16:48:54,058 : INFO : Data fetched: 999
[2025-03-09T16:48:54.059+0000] {subprocess.py:93} INFO - 2025-03-09 16:48:54,058 : INFO : New Start and End Range: 3001 to 4000
[2025-03-09T16:48:54.059+0000] {subprocess.py:93} INFO - 2025-03-09 16:48:54,058 : INFO : Start and End Range: 3001 to 4000
[2025-03-09T16:48:54.482+0000] {subprocess.py:93} INFO - 2025-03-09 16:48:54,481 : INFO : Data fetched: 999
[2025-03-09T16:48:54.482+0000] {subprocess.py:93} INFO - 2025-03-09 16:48:54,481 : INFO : New Start and End Range: 7001 to 8000
[2025-03-09T16:48:54.482+0000] {subprocess.py:93} INFO - 2025-03-09 16:48:54,482 : INFO : Start and End Range: 7001 to 8000
[2025-03-09T16:48:54.811+0000] {subprocess.py:93} INFO - 2025-03-09 16:48:54,811 : INFO : Data fetched: 999
[2025-03-09T16:48:54.812+0000] {subprocess.py:93} INFO - 2025-03-09 16:48:54,811 : INFO : New Start and End Range: 15001 to 16000
[2025-03-09T16:48:54.812+0000] {subprocess.py:93} INFO - 2025-03-09 16:48:54,812 : INFO : Start and End Range: 15001 to 16000
[2025-03-09T16:48:55.270+0000] {subprocess.py:93} INFO - 2025-03-09 16:48:55,270 : INFO : Data fetched: 999
[2025-03-09T16:48:55.271+0000] {subprocess.py:93} INFO - 2025-03-09 16:48:55,270 : INFO : New Start and End Range: 31001 to 32000
[2025-03-09T16:48:55.271+0000] {subprocess.py:93} INFO - 2025-03-09 16:48:55,271 : INFO : Start and End Range: 31001 to 32000
[2025-03-09T16:48:55.640+0000] {subprocess.py:93} INFO - 2025-03-09 16:48:55,639 : INFO : Data fetched: 999
[2025-03-09T16:48:55.641+0000] {subprocess.py:93} INFO - 2025-03-09 16:48:55,640 : INFO : New Start and End Range: 63001 to 64000
[2025-03-09T16:48:55.641+0000] {subprocess.py:93} INFO - 2025-03-09 16:48:55,641 : INFO : Start and End Range: 63001 to 64000
[2025-03-09T16:48:55.777+0000] {subprocess.py:93} INFO - 2025-03-09 16:48:55,777 : INFO : Reached End of Data
[2025-03-09T16:48:55.783+0000] {subprocess.py:93} INFO - 2025-03-09 16:48:55,782 : INFO : Stoping at Start and End Range: 63001 to 64000
[2025-03-09T16:48:55.783+0000] {subprocess.py:93} INFO - 2025-03-09 16:48:55,783 : INFO : Created feature data
[2025-03-09T16:48:55.784+0000] {subprocess.py:93} INFO - 2025-03-09 16:48:55,783 : INFO : Total Data fetched: 6
[2025-03-09T16:48:55.791+0000] {subprocess.py:93} INFO - 2025-03-09 16:48:55,791 : INFO : received feature data
[2025-03-09T16:48:55.797+0000] {subprocess.py:93} INFO - 2025-03-09 16:48:55,797 : INFO : Models defined
[2025-03-09T16:48:55.798+0000] {subprocess.py:93} INFO - 2025-03-09 16:48:55,797 : INFO : Training model RandomForest
[2025-03-09T16:48:57.635+0000] {subprocess.py:93} INFO - 2025-03-09 16:48:57,634 : INFO : Predicting model RandomForest
[2025-03-09T16:48:57.689+0000] {subprocess.py:93} INFO - 2025-03-09 16:48:57,688 : INFO : Calculating accuracy RandomForest
[2025-03-09T16:49:06.336+0000] {subprocess.py:93} INFO - 2025/03/09 16:49:06 WARNING mlflow.models.model: Model logged without a signature and input example. Please set `input_example` parameter when logging the model to auto infer the model signature.
[2025-03-09T16:49:06.592+0000] {subprocess.py:93} INFO - 2025-03-09 16:49:06,591 : INFO : Logged model RandomForest
[2025-03-09T16:49:06.662+0000] {subprocess.py:93} INFO - 2025/03/09 16:49:06 INFO mlflow.tracking._tracking_service.client: 🏃 View run RandomForest at: http://localhost:5000/#/experiments/0/runs/1ed2dabdc7184ae7b77595e57daaba4b.
[2025-03-09T16:49:06.663+0000] {subprocess.py:93} INFO - 2025/03/09 16:49:06 INFO mlflow.tracking._tracking_service.client: 🧪 View experiment at: http://localhost:5000/#/experiments/0.
[2025-03-09T16:49:06.677+0000] {subprocess.py:93} INFO - 2025-03-09 16:49:06,677 : INFO : Training model LinearRegression
[2025-03-09T16:49:08.778+0000] {subprocess.py:93} INFO - /home/***/.local/lib/python3.8/site-packages/sklearn/linear_model/_logistic.py:460: ConvergenceWarning: lbfgs failed to converge (status=1):
[2025-03-09T16:49:08.778+0000] {subprocess.py:93} INFO - STOP: TOTAL NO. of ITERATIONS REACHED LIMIT.
[2025-03-09T16:49:08.779+0000] {subprocess.py:93} INFO - 
[2025-03-09T16:49:08.779+0000] {subprocess.py:93} INFO - Increase the number of iterations (max_iter) or scale the data as shown in:
[2025-03-09T16:49:08.780+0000] {subprocess.py:93} INFO -     https://scikit-learn.org/stable/modules/preprocessing.html
[2025-03-09T16:49:08.780+0000] {subprocess.py:93} INFO - Please also refer to the documentation for alternative solver options:
[2025-03-09T16:49:08.781+0000] {subprocess.py:93} INFO -     https://scikit-learn.org/stable/modules/linear_model.html#logistic-regression
[2025-03-09T16:49:08.782+0000] {subprocess.py:93} INFO -   n_iter_i = _check_optimize_result(
[2025-03-09T16:49:08.782+0000] {subprocess.py:93} INFO - 2025-03-09 16:49:08,777 : INFO : Predicting model LinearRegression
[2025-03-09T16:49:08.792+0000] {subprocess.py:93} INFO - 2025-03-09 16:49:08,792 : INFO : Calculating accuracy LinearRegression
[2025-03-09T16:49:15.833+0000] {subprocess.py:93} INFO - 2025/03/09 16:49:15 WARNING mlflow.models.model: Model logged without a signature and input example. Please set `input_example` parameter when logging the model to auto infer the model signature.
[2025-03-09T16:49:15.904+0000] {subprocess.py:93} INFO - 2025-03-09 16:49:15,903 : INFO : Logged model LinearRegression
[2025-03-09T16:49:15.921+0000] {subprocess.py:93} INFO - 2025/03/09 16:49:15 INFO mlflow.tracking._tracking_service.client: 🏃 View run LinearRegression at: http://localhost:5000/#/experiments/0/runs/b7d064f6298c4a948f6e7493b94fd10a.
[2025-03-09T16:49:15.922+0000] {subprocess.py:93} INFO - 2025/03/09 16:49:15 INFO mlflow.tracking._tracking_service.client: 🧪 View experiment at: http://localhost:5000/#/experiments/0.
[2025-03-09T16:49:15.932+0000] {subprocess.py:93} INFO - 2025-03-09 16:49:15,932 : INFO : Training model DecisionTree
[2025-03-09T16:49:15.965+0000] {subprocess.py:93} INFO - 2025-03-09 16:49:15,965 : INFO : Predicting model DecisionTree
[2025-03-09T16:49:15.968+0000] {subprocess.py:93} INFO - 2025-03-09 16:49:15,968 : INFO : Calculating accuracy DecisionTree
[2025-03-09T16:49:22.918+0000] {subprocess.py:93} INFO - 2025/03/09 16:49:22 WARNING mlflow.models.model: Model logged without a signature and input example. Please set `input_example` parameter when logging the model to auto infer the model signature.
[2025-03-09T16:49:23.016+0000] {subprocess.py:93} INFO - 2025-03-09 16:49:23,015 : INFO : Logged model DecisionTree
[2025-03-09T16:49:23.041+0000] {subprocess.py:93} INFO - 2025/03/09 16:49:23 INFO mlflow.tracking._tracking_service.client: 🏃 View run DecisionTree at: http://localhost:5000/#/experiments/0/runs/8c0f16cce0ed4183a2d483f56a941883.
[2025-03-09T16:49:23.042+0000] {subprocess.py:93} INFO - 2025/03/09 16:49:23 INFO mlflow.tracking._tracking_service.client: 🧪 View experiment at: http://localhost:5000/#/experiments/0.
[2025-03-09T16:49:23.055+0000] {subprocess.py:93} INFO - 2025-03-09 16:49:23,055 : INFO : Starting best model registration
[2025-03-09T16:49:23.057+0000] {subprocess.py:93} INFO - 2025-03-09 16:49:23,055 : INFO : Finding Best model
[2025-03-09T16:49:23.328+0000] {subprocess.py:93} INFO - 2025-03-09 16:49:23,328 : INFO : Selected best model : run_id                                            d372010ed55142098d35f880b4b7339f
[2025-03-09T16:49:23.329+0000] {subprocess.py:93} INFO - experiment_id                                                                    0
[2025-03-09T16:49:23.329+0000] {subprocess.py:93} INFO - status                                                                    FINISHED
[2025-03-09T16:49:23.330+0000] {subprocess.py:93} INFO - artifact_uri                     mlflow-artifacts:/0/d372010ed55142098d35f880b4...
[2025-03-09T16:49:23.330+0000] {subprocess.py:93} INFO - start_time                                        2025-03-09 11:35:45.395000+00:00
[2025-03-09T16:49:23.330+0000] {subprocess.py:93} INFO - end_time                                          2025-03-09 11:35:50.125000+00:00
[2025-03-09T16:49:23.331+0000] {subprocess.py:93} INFO - metrics.precision                                                         0.791908
[2025-03-09T16:49:23.331+0000] {subprocess.py:93} INFO - metrics.recall                                                            0.554656
[2025-03-09T16:49:23.331+0000] {subprocess.py:93} INFO - metrics.accuracy                                                          0.878232
[2025-03-09T16:49:23.331+0000] {subprocess.py:93} INFO - metrics.f1_score                                                          0.652381
[2025-03-09T16:49:23.332+0000] {subprocess.py:93} INFO - params.model_type                                                     RandomForest
[2025-03-09T16:49:23.332+0000] {subprocess.py:93} INFO - tags.mlflow.source.git.commit             c7be44594672bffe451ff8b64c27676ce66f5d44
[2025-03-09T16:49:23.332+0000] {subprocess.py:93} INFO - tags.mlflow.user                                                           ***
[2025-03-09T16:49:23.333+0000] {subprocess.py:93} INFO - tags.mlflow.runName                                                   RandomForest
[2025-03-09T16:49:23.333+0000] {subprocess.py:93} INFO - tags.mlflow.source.type                                                      LOCAL
[2025-03-09T16:49:23.333+0000] {subprocess.py:93} INFO - tags.mlflow.log-model.history    [{"run_id": "d372010ed55142098d35f880b4b7339f"...
[2025-03-09T16:49:23.333+0000] {subprocess.py:93} INFO - tags.mlflow.source.name                              executables/model_training.py
[2025-03-09T16:49:23.333+0000] {subprocess.py:93} INFO - Name: 26, dtype: object
[2025-03-09T16:49:23.334+0000] {subprocess.py:93} INFO - 2025-03-09 16:49:23,329 : INFO : Registering best model runs:/d372010ed55142098d35f880b4b7339f/RandomForest_model
[2025-03-09T16:49:23.465+0000] {subprocess.py:93} INFO - Registered model 'Best_ML_Model' already exists. Creating a new version of this model...
[2025-03-09T16:49:23.466+0000] {subprocess.py:93} INFO - 2025/03/09 16:49:23 INFO mlflow.store.model_registry.abstract_store: Waiting up to 300 seconds for model version to finish creation. Model name: Best_ML_Model, version 9
[2025-03-09T16:49:23.466+0000] {subprocess.py:93} INFO - Created version '9' of model 'Best_ML_Model'.
[2025-03-09T16:49:23.466+0000] {subprocess.py:93} INFO - 2025-03-09 16:49:23,465 : INFO : Completed model training & registration !!
[2025-03-09T16:49:24.473+0000] {subprocess.py:93} INFO - On branch main
[2025-03-09T16:49:24.474+0000] {subprocess.py:93} INFO - Your branch is up to date with 'origin/main'.
[2025-03-09T16:49:24.474+0000] {subprocess.py:93} INFO - 
[2025-03-09T16:49:24.475+0000] {subprocess.py:93} INFO - Changes to be committed:
[2025-03-09T16:49:24.475+0000] {subprocess.py:93} INFO -   (use "git restore --staged <file>..." to unstage)
[2025-03-09T16:49:24.475+0000] {subprocess.py:93} INFO - 	new file:   logs/dag_id=customer_churn_ml_pipeline/run_id=manual__2025-03-09T16:45:49.978338+00:00/task_id=feature_store_task/attempt=1.log
[2025-03-09T16:49:24.476+0000] {subprocess.py:93} INFO - 	new file:   logs/dag_id=customer_churn_ml_pipeline/run_id=manual__2025-03-09T16:45:49.978338+00:00/task_id=model_training_task/attempt=1.log
[2025-03-09T16:49:24.476+0000] {subprocess.py:93} INFO - 	modified:   logs/dag_processor_manager/dag_processor_manager.log
[2025-03-09T16:49:24.476+0000] {subprocess.py:93} INFO - 	modified:   logs/model_training.log
[2025-03-09T16:49:24.477+0000] {subprocess.py:93} INFO - 	modified:   logs/scheduler/2025-03-09/customer_churn.py.log
[2025-03-09T16:49:24.477+0000] {subprocess.py:93} INFO - 	new file:   mlruns/0/1ed2dabdc7184ae7b77595e57daaba4b/meta.yaml
[2025-03-09T16:49:24.477+0000] {subprocess.py:93} INFO - 	new file:   mlruns/0/1ed2dabdc7184ae7b77595e57daaba4b/metrics/accuracy
[2025-03-09T16:49:24.478+0000] {subprocess.py:93} INFO - 	new file:   mlruns/0/1ed2dabdc7184ae7b77595e57daaba4b/metrics/f1_score
[2025-03-09T16:49:24.478+0000] {subprocess.py:93} INFO - 	new file:   mlruns/0/1ed2dabdc7184ae7b77595e57daaba4b/metrics/precision
[2025-03-09T16:49:24.478+0000] {subprocess.py:93} INFO - 	new file:   mlruns/0/1ed2dabdc7184ae7b77595e57daaba4b/metrics/recall
[2025-03-09T16:49:24.478+0000] {subprocess.py:93} INFO - 	new file:   mlruns/0/1ed2dabdc7184ae7b77595e57daaba4b/params/model_type
[2025-03-09T16:49:24.478+0000] {subprocess.py:93} INFO - 	new file:   mlruns/0/1ed2dabdc7184ae7b77595e57daaba4b/tags/mlflow.log-model.history
[2025-03-09T16:49:24.479+0000] {subprocess.py:93} INFO - 	new file:   mlruns/0/1ed2dabdc7184ae7b77595e57daaba4b/tags/mlflow.runName
[2025-03-09T16:49:24.479+0000] {subprocess.py:93} INFO - 	new file:   mlruns/0/1ed2dabdc7184ae7b77595e57daaba4b/tags/mlflow.source.git.commit
[2025-03-09T16:49:24.479+0000] {subprocess.py:93} INFO - 	new file:   mlruns/0/1ed2dabdc7184ae7b77595e57daaba4b/tags/mlflow.source.name
[2025-03-09T16:49:24.479+0000] {subprocess.py:93} INFO - 	new file:   mlruns/0/1ed2dabdc7184ae7b77595e57daaba4b/tags/mlflow.source.type
[2025-03-09T16:49:24.480+0000] {subprocess.py:93} INFO - 	new file:   mlruns/0/1ed2dabdc7184ae7b77595e57daaba4b/tags/mlflow.user
[2025-03-09T16:49:24.480+0000] {subprocess.py:93} INFO - 	new file:   mlruns/0/8c0f16cce0ed4183a2d483f56a941883/meta.yaml
[2025-03-09T16:49:24.480+0000] {subprocess.py:93} INFO - 	new file:   mlruns/0/8c0f16cce0ed4183a2d483f56a941883/metrics/accuracy
[2025-03-09T16:49:24.480+0000] {subprocess.py:93} INFO - 	new file:   mlruns/0/8c0f16cce0ed4183a2d483f56a941883/metrics/f1_score
[2025-03-09T16:49:24.481+0000] {subprocess.py:93} INFO - 	new file:   mlruns/0/8c0f16cce0ed4183a2d483f56a941883/metrics/precision
[2025-03-09T16:49:24.481+0000] {subprocess.py:93} INFO - 	new file:   mlruns/0/8c0f16cce0ed4183a2d483f56a941883/metrics/recall
[2025-03-09T16:49:24.481+0000] {subprocess.py:93} INFO - 	new file:   mlruns/0/8c0f16cce0ed4183a2d483f56a941883/params/model_type
[2025-03-09T16:49:24.481+0000] {subprocess.py:93} INFO - 	new file:   mlruns/0/8c0f16cce0ed4183a2d483f56a941883/tags/mlflow.log-model.history
[2025-03-09T16:49:24.482+0000] {subprocess.py:93} INFO - 	new file:   mlruns/0/8c0f16cce0ed4183a2d483f56a941883/tags/mlflow.runName
[2025-03-09T16:49:24.482+0000] {subprocess.py:93} INFO - 	new file:   mlruns/0/8c0f16cce0ed4183a2d483f56a941883/tags/mlflow.source.git.commit
[2025-03-09T16:49:24.482+0000] {subprocess.py:93} INFO - 	new file:   mlruns/0/8c0f16cce0ed4183a2d483f56a941883/tags/mlflow.source.name
[2025-03-09T16:49:24.483+0000] {subprocess.py:93} INFO - 	new file:   mlruns/0/8c0f16cce0ed4183a2d483f56a941883/tags/mlflow.source.type
[2025-03-09T16:49:24.483+0000] {subprocess.py:93} INFO - 	new file:   mlruns/0/8c0f16cce0ed4183a2d483f56a941883/tags/mlflow.user
[2025-03-09T16:49:24.483+0000] {subprocess.py:93} INFO - 	new file:   mlruns/0/b7d064f6298c4a948f6e7493b94fd10a/meta.yaml
[2025-03-09T16:49:24.483+0000] {subprocess.py:93} INFO - 	new file:   mlruns/0/b7d064f6298c4a948f6e7493b94fd10a/metrics/accuracy
[2025-03-09T16:49:24.484+0000] {subprocess.py:93} INFO - 	new file:   mlruns/0/b7d064f6298c4a948f6e7493b94fd10a/metrics/f1_score
