[2025-03-02T14:11:15.610+0000] {taskinstance.py:1159} INFO - Dependencies all met for dep_context=non-requeueable deps ti=<TaskInstance: customer_churn_ml_pipeline.data_preparation_task manual__2025-03-02T14:10:13.174986+00:00 [queued]>
[2025-03-02T14:11:15.621+0000] {taskinstance.py:1159} INFO - Dependencies all met for dep_context=requeueable deps ti=<TaskInstance: customer_churn_ml_pipeline.data_preparation_task manual__2025-03-02T14:10:13.174986+00:00 [queued]>
[2025-03-02T14:11:15.622+0000] {taskinstance.py:1361} INFO - Starting attempt 1 of 1
[2025-03-02T14:11:15.641+0000] {taskinstance.py:1382} INFO - Executing <Task(BashOperator): data_preparation_task> on 2025-03-02 14:10:13.174986+00:00
[2025-03-02T14:11:15.645+0000] {standard_task_runner.py:57} INFO - Started process 4751 to run task
[2025-03-02T14:11:15.648+0000] {standard_task_runner.py:84} INFO - Running: ['***', 'tasks', 'run', 'customer_churn_ml_pipeline', 'data_preparation_task', 'manual__2025-03-02T14:10:13.174986+00:00', '--job-id', '11', '--raw', '--subdir', 'DAGS_FOLDER/customer_churn.py', '--cfg-path', '/tmp/tmp7bxcc35q']
[2025-03-02T14:11:15.650+0000] {standard_task_runner.py:85} INFO - Job 11: Subtask data_preparation_task
[2025-03-02T14:11:15.674+0000] {logging_mixin.py:154} WARNING - /home/***/.local/lib/python3.8/site-packages/***/settings.py:195 DeprecationWarning: The sql_alchemy_conn option in [core] has been moved to the sql_alchemy_conn option in [database] - the old setting has been used, but please update your config.
[2025-03-02T14:11:15.718+0000] {task_command.py:416} INFO - Running <TaskInstance: customer_churn_ml_pipeline.data_preparation_task manual__2025-03-02T14:10:13.174986+00:00 [running]> on host 157237bff8f7
[2025-03-02T14:11:15.825+0000] {taskinstance.py:1662} INFO - Exporting env vars: AIRFLOW_CTX_DAG_OWNER='***' AIRFLOW_CTX_DAG_ID='customer_churn_ml_pipeline' AIRFLOW_CTX_TASK_ID='data_preparation_task' AIRFLOW_CTX_EXECUTION_DATE='2025-03-02T14:10:13.174986+00:00' AIRFLOW_CTX_TRY_NUMBER='1' AIRFLOW_CTX_DAG_RUN_ID='manual__2025-03-02T14:10:13.174986+00:00'
[2025-03-02T14:11:15.826+0000] {subprocess.py:63} INFO - Tmp dir root location: /tmp
[2025-03-02T14:11:15.827+0000] {subprocess.py:75} INFO - Running command: ['/bin/bash', '-c', '\n\t\t\tcd /opt/*** &&\t\t\tpython /opt/***/executables/data_preparation.py &&                         dvc add /opt/***/data/cleaned &&                         git add /opt/***/data/cleaned.dvc && \t\t\tgit add logs && \\   \n\t\t\tgit add visualization &&    \t\t\tgit status &&                         git commit -m "Updated cleaned data version" -a &&                         dvc push && git push\n                    ']
[2025-03-02T14:11:15.835+0000] {subprocess.py:86} INFO - Output:
[2025-03-02T14:11:20.494+0000] {subprocess.py:93} INFO - 2025-03-02 14:11:20,494 : INFO : Starting data preparation for csv.
[2025-03-02T14:11:20.524+0000] {subprocess.py:93} INFO - 2025-03-02 14:11:20,524 : INFO : Handling 'Tenure', 'Balance', 'EstimatedSalary' empty data
[2025-03-02T14:11:20.525+0000] {subprocess.py:93} INFO - 2025-03-02 14:11:20,524 : INFO : Handling 'Age' empty data
[2025-03-02T14:11:20.526+0000] {subprocess.py:93} INFO - 2025-03-02 14:11:20,526 : INFO : Droping 'Surname' as it may lead to profiling, 'RowNumber', 'CustomerId' as it is not required
[2025-03-02T14:11:20.529+0000] {subprocess.py:93} INFO - 2025-03-02 14:11:20,529 : INFO : Making 'Geography', 'Gender', 'HasCrCard', 'IsActiveMember' as categorical
[2025-03-02T14:11:20.542+0000] {subprocess.py:93} INFO - 2025-03-02 14:11:20,541 : INFO : Saving data to S3.
[2025-03-02T14:11:20.542+0000] {subprocess.py:93} INFO - 2025-03-02 14:11:20,541 : INFO : Directory created at /opt/***/data/cleaned/02-03-2025/csv
[2025-03-02T14:11:20.781+0000] {subprocess.py:93} INFO - 2025-03-02 14:11:20,781 : INFO : Connected to s3
[2025-03-02T14:11:23.343+0000] {subprocess.py:93} INFO - 2025-03-02 14:11:23,342 : INFO : File uploaded to S3
[2025-03-02T14:11:23.346+0000] {subprocess.py:93} INFO - 2025-03-02 14:11:23,346 : INFO : Creating Pie chart
[2025-03-02T14:11:23.422+0000] {subprocess.py:93} INFO - 2025-03-02 14:11:23,421 : INFO : Generating histogram for column CreditScore.
[2025-03-02T14:11:23.635+0000] {subprocess.py:93} INFO - 2025-03-02 14:11:23,635 : INFO : Generating histogram for column Geography.
[2025-03-02T14:11:23.763+0000] {subprocess.py:93} INFO - 2025-03-02 14:11:23,763 : INFO : Generating histogram for column Gender.
[2025-03-02T14:11:23.906+0000] {subprocess.py:93} INFO - 2025-03-02 14:11:23,905 : INFO : Generating histogram for column Age.
[2025-03-02T14:11:24.082+0000] {subprocess.py:93} INFO - 2025-03-02 14:11:24,081 : INFO : Generating histogram for column Tenure.
[2025-03-02T14:11:24.258+0000] {subprocess.py:93} INFO - 2025-03-02 14:11:24,257 : INFO : Generating histogram for column Balance.
[2025-03-02T14:11:24.467+0000] {subprocess.py:93} INFO - 2025-03-02 14:11:24,466 : INFO : Generating histogram for column NumOfProducts.
[2025-03-02T14:11:24.716+0000] {subprocess.py:93} INFO - 2025-03-02 14:11:24,716 : INFO : Generating histogram for column HasCrCard.
[2025-03-02T14:11:24.956+0000] {subprocess.py:93} INFO - 2025-03-02 14:11:24,956 : INFO : Generating histogram for column IsActiveMember.
[2025-03-02T14:11:25.236+0000] {subprocess.py:93} INFO - 2025-03-02 14:11:25,236 : INFO : Generating histogram for column EstimatedSalary.
[2025-03-02T14:11:25.475+0000] {subprocess.py:93} INFO - 2025-03-02 14:11:25,474 : INFO : Generating histogram for column Exited.
[2025-03-02T14:11:25.748+0000] {subprocess.py:93} INFO - 2025-03-02 14:11:25,747 : INFO : Generating histogram for relation of Exited with Categorical data.
[2025-03-02T14:11:26.160+0000] {subprocess.py:93} INFO - 2025-03-02 14:11:26,160 : INFO : Using categorical units to plot a list of strings that are all parsable as floats or dates. If these strings should be plotted as numbers, cast to the appropriate data type before plotting.
[2025-03-02T14:11:26.177+0000] {subprocess.py:93} INFO - 2025-03-02 14:11:26,177 : INFO : Using categorical units to plot a list of strings that are all parsable as floats or dates. If these strings should be plotted as numbers, cast to the appropriate data type before plotting.
[2025-03-02T14:11:26.256+0000] {subprocess.py:93} INFO - 2025-03-02 14:11:26,256 : INFO : Using categorical units to plot a list of strings that are all parsable as floats or dates. If these strings should be plotted as numbers, cast to the appropriate data type before plotting.
[2025-03-02T14:11:26.272+0000] {subprocess.py:93} INFO - 2025-03-02 14:11:26,272 : INFO : Using categorical units to plot a list of strings that are all parsable as floats or dates. If these strings should be plotted as numbers, cast to the appropriate data type before plotting.
[2025-03-02T14:11:26.329+0000] {subprocess.py:93} INFO - 2025-03-02 14:11:26,328 : INFO : Generating box plots for relation of Exited with non Categorical data.
[2025-03-02T14:11:26.540+0000] {subprocess.py:93} INFO - 2025-03-02 14:11:26,540 : INFO : Using categorical units to plot a list of strings that are all parsable as floats or dates. If these strings should be plotted as numbers, cast to the appropriate data type before plotting.
[2025-03-02T14:11:26.559+0000] {subprocess.py:93} INFO - 2025-03-02 14:11:26,559 : INFO : Using categorical units to plot a list of strings that are all parsable as floats or dates. If these strings should be plotted as numbers, cast to the appropriate data type before plotting.
[2025-03-02T14:11:26.671+0000] {subprocess.py:93} INFO - 2025-03-02 14:11:26,670 : INFO : Using categorical units to plot a list of strings that are all parsable as floats or dates. If these strings should be plotted as numbers, cast to the appropriate data type before plotting.
[2025-03-02T14:11:26.691+0000] {subprocess.py:93} INFO - 2025-03-02 14:11:26,690 : INFO : Using categorical units to plot a list of strings that are all parsable as floats or dates. If these strings should be plotted as numbers, cast to the appropriate data type before plotting.
[2025-03-02T14:11:26.810+0000] {subprocess.py:93} INFO - 2025-03-02 14:11:26,810 : INFO : Using categorical units to plot a list of strings that are all parsable as floats or dates. If these strings should be plotted as numbers, cast to the appropriate data type before plotting.
[2025-03-02T14:11:26.830+0000] {subprocess.py:93} INFO - 2025-03-02 14:11:26,829 : INFO : Using categorical units to plot a list of strings that are all parsable as floats or dates. If these strings should be plotted as numbers, cast to the appropriate data type before plotting.
[2025-03-02T14:11:26.931+0000] {subprocess.py:93} INFO - 2025-03-02 14:11:26,930 : INFO : Using categorical units to plot a list of strings that are all parsable as floats or dates. If these strings should be plotted as numbers, cast to the appropriate data type before plotting.
[2025-03-02T14:11:26.951+0000] {subprocess.py:93} INFO - 2025-03-02 14:11:26,950 : INFO : Using categorical units to plot a list of strings that are all parsable as floats or dates. If these strings should be plotted as numbers, cast to the appropriate data type before plotting.
[2025-03-02T14:11:27.154+0000] {subprocess.py:93} INFO - 2025-03-02 14:11:27,153 : INFO : Using categorical units to plot a list of strings that are all parsable as floats or dates. If these strings should be plotted as numbers, cast to the appropriate data type before plotting.
[2025-03-02T14:11:27.172+0000] {subprocess.py:93} INFO - 2025-03-02 14:11:27,172 : INFO : Using categorical units to plot a list of strings that are all parsable as floats or dates. If these strings should be plotted as numbers, cast to the appropriate data type before plotting.
[2025-03-02T14:11:27.283+0000] {subprocess.py:93} INFO - 2025-03-02 14:11:27,283 : INFO : Using categorical units to plot a list of strings that are all parsable as floats or dates. If these strings should be plotted as numbers, cast to the appropriate data type before plotting.
[2025-03-02T14:11:27.306+0000] {subprocess.py:93} INFO - 2025-03-02 14:11:27,306 : INFO : Using categorical units to plot a list of strings that are all parsable as floats or dates. If these strings should be plotted as numbers, cast to the appropriate data type before plotting.
[2025-03-02T14:11:27.846+0000] {subprocess.py:93} INFO - 2025-03-02 14:11:27,846 : INFO : Saved pdf in visualization/plots.pdf
[2025-03-02T14:11:32.079+0000] {subprocess.py:93} INFO - 
[2025-03-02T14:11:32.080+0000] {subprocess.py:93} INFO - To track the changes with git, run:
[2025-03-02T14:11:32.080+0000] {subprocess.py:93} INFO - 
[2025-03-02T14:11:32.083+0000] {subprocess.py:93} INFO - 	git add data/cleaned.dvc
[2025-03-02T14:11:32.084+0000] {subprocess.py:93} INFO - 
[2025-03-02T14:11:32.084+0000] {subprocess.py:93} INFO - To enable auto staging, run:
[2025-03-02T14:11:32.084+0000] {subprocess.py:93} INFO - 
[2025-03-02T14:11:32.084+0000] {subprocess.py:93} INFO - 	dvc config core.autostage true
[2025-03-02T14:11:32.632+0000] {subprocess.py:93} INFO - /bin/bash: line 2:  : command not found
[2025-03-02T14:11:32.697+0000] {subprocess.py:93} INFO - On branch main
[2025-03-02T14:11:32.698+0000] {subprocess.py:93} INFO - Your branch is up to date with 'origin/main'.
[2025-03-02T14:11:32.699+0000] {subprocess.py:93} INFO - 
[2025-03-02T14:11:32.699+0000] {subprocess.py:93} INFO - Changes to be committed:
[2025-03-02T14:11:32.700+0000] {subprocess.py:93} INFO -   (use "git restore --staged <file>..." to unstage)
[2025-03-02T14:11:32.700+0000] {subprocess.py:93} INFO - 	new file:   logs/dag_id=customer_churn_ml_pipeline/run_id=manual__2025-03-02T14:10:13.174986+00:00/task_id=data_preparation_task/attempt=1.log
[2025-03-02T14:11:32.701+0000] {subprocess.py:93} INFO - 	modified:   logs/dag_id=customer_churn_ml_pipeline/run_id=manual__2025-03-02T14:10:13.174986+00:00/task_id=data_validation_task/attempt=1.log
[2025-03-02T14:11:32.702+0000] {subprocess.py:93} INFO - 	modified:   logs/data_preparation.log
[2025-03-02T14:11:32.702+0000] {subprocess.py:93} INFO - 	modified:   visualization/plots.pdf
[2025-03-02T14:11:32.703+0000] {subprocess.py:93} INFO - 
[2025-03-02T14:11:32.704+0000] {subprocess.py:93} INFO - Changes not staged for commit:
[2025-03-02T14:11:32.704+0000] {subprocess.py:93} INFO -   (use "git add <file>..." to update what will be committed)
[2025-03-02T14:11:32.705+0000] {subprocess.py:93} INFO -   (use "git restore <file>..." to discard changes in working directory)
[2025-03-02T14:11:32.706+0000] {subprocess.py:93} INFO - 	modified:   logs/dag_id=customer_churn_ml_pipeline/run_id=manual__2025-03-02T14:10:13.174986+00:00/task_id=data_preparation_task/attempt=1.log
[2025-03-02T14:11:32.706+0000] {subprocess.py:93} INFO - 
[2025-03-02T14:11:32.706+0000] {subprocess.py:93} INFO - Untracked files:
[2025-03-02T14:11:32.707+0000] {subprocess.py:93} INFO -   (use "git add <file>..." to include in what will be committed)
[2025-03-02T14:11:32.709+0000] {subprocess.py:93} INFO - 	customer_churn_pipeline/
[2025-03-02T14:11:32.709+0000] {subprocess.py:93} INFO - 
[2025-03-02T14:11:32.763+0000] {subprocess.py:93} INFO - [main 6ced923] Updated cleaned data version
[2025-03-02T14:11:32.764+0000] {subprocess.py:93} INFO -  4 files changed, 131 insertions(+)
[2025-03-02T14:11:32.764+0000] {subprocess.py:93} INFO -  create mode 100644 logs/dag_id=customer_churn_ml_pipeline/run_id=manual__2025-03-02T14:10:13.174986+00:00/task_id=data_preparation_task/attempt=1.log
[2025-03-02T14:11:41.739+0000] {subprocess.py:93} INFO - Everything is up to date.
[2025-03-02T14:11:43.560+0000] {subprocess.py:93} INFO - To https://github.com/anniemathew-trial/customer_churn_pipeline.git
[2025-03-02T14:11:43.561+0000] {subprocess.py:93} INFO -    bf7187b..6ced923  main -> main
[2025-03-02T14:11:43.567+0000] {subprocess.py:97} INFO - Command exited with return code 0
[2025-03-02T14:11:43.619+0000] {taskinstance.py:1400} INFO - Marking task as SUCCESS. dag_id=customer_churn_ml_pipeline, task_id=data_preparation_task, execution_date=20250302T141013, start_date=20250302T141115, end_date=20250302T141143
[2025-03-02T14:11:43.682+0000] {local_task_job_runner.py:228} INFO - Task exited with return code 0
[2025-03-02T14:11:43.726+0000] {taskinstance.py:2778} INFO - 1 downstream tasks scheduled from follow-on schedule check
