[2025-02-28T02:59:40.535+0000] {processor.py:157} INFO - Started process (PID=4051) to work on /opt/airflow/dags/customer_churn.py
[2025-02-28T02:59:40.536+0000] {processor.py:829} INFO - Processing file /opt/airflow/dags/customer_churn.py for tasks to queue
[2025-02-28T02:59:40.536+0000] {logging_mixin.py:154} INFO - [2025-02-28T02:59:40.536+0000] {dagbag.py:536} INFO - Filling up the DagBag from /opt/airflow/dags/customer_churn.py
[2025-02-28T02:59:40.547+0000] {processor.py:839} INFO - DAG(s) dict_keys(['customer_churn_ml_pipeline']) retrieved from /opt/airflow/dags/customer_churn.py
[2025-02-28T02:59:40.664+0000] {logging_mixin.py:154} INFO - [2025-02-28T02:59:40.664+0000] {dag.py:2941} INFO - Sync 1 DAGs
[2025-02-28T02:59:40.685+0000] {logging_mixin.py:154} INFO - [2025-02-28T02:59:40.685+0000] {dag.py:3722} INFO - Setting next_dagrun for customer_churn_ml_pipeline to 2025-02-27T08:00:00+00:00, run_after=2025-02-28T08:00:00+00:00
[2025-02-28T02:59:40.708+0000] {processor.py:179} INFO - Processing /opt/airflow/dags/customer_churn.py took 0.176 seconds
[2025-02-28T03:00:10.790+0000] {processor.py:157} INFO - Started process (PID=4071) to work on /opt/airflow/dags/customer_churn.py
[2025-02-28T03:00:10.792+0000] {processor.py:829} INFO - Processing file /opt/airflow/dags/customer_churn.py for tasks to queue
[2025-02-28T03:00:10.793+0000] {logging_mixin.py:154} INFO - [2025-02-28T03:00:10.793+0000] {dagbag.py:536} INFO - Filling up the DagBag from /opt/airflow/dags/customer_churn.py
[2025-02-28T03:00:10.808+0000] {processor.py:839} INFO - DAG(s) dict_keys(['customer_churn_ml_pipeline']) retrieved from /opt/airflow/dags/customer_churn.py
[2025-02-28T03:00:10.844+0000] {logging_mixin.py:154} INFO - [2025-02-28T03:00:10.844+0000] {dag.py:2941} INFO - Sync 1 DAGs
[2025-02-28T03:00:10.873+0000] {logging_mixin.py:154} INFO - [2025-02-28T03:00:10.873+0000] {dag.py:3722} INFO - Setting next_dagrun for customer_churn_ml_pipeline to 2025-02-27T08:00:00+00:00, run_after=2025-02-28T08:00:00+00:00
[2025-02-28T03:00:10.895+0000] {processor.py:179} INFO - Processing /opt/airflow/dags/customer_churn.py took 0.108 seconds
[2025-02-28T03:00:41.017+0000] {processor.py:157} INFO - Started process (PID=4076) to work on /opt/airflow/dags/customer_churn.py
[2025-02-28T03:00:41.018+0000] {processor.py:829} INFO - Processing file /opt/airflow/dags/customer_churn.py for tasks to queue
[2025-02-28T03:00:41.021+0000] {logging_mixin.py:154} INFO - [2025-02-28T03:00:41.020+0000] {dagbag.py:536} INFO - Filling up the DagBag from /opt/airflow/dags/customer_churn.py
[2025-02-28T03:00:41.066+0000] {processor.py:839} INFO - DAG(s) dict_keys(['customer_churn_ml_pipeline']) retrieved from /opt/airflow/dags/customer_churn.py
[2025-02-28T03:00:41.190+0000] {logging_mixin.py:154} INFO - [2025-02-28T03:00:41.189+0000] {dag.py:2941} INFO - Sync 1 DAGs
[2025-02-28T03:00:41.301+0000] {logging_mixin.py:154} INFO - [2025-02-28T03:00:41.301+0000] {dag.py:3722} INFO - Setting next_dagrun for customer_churn_ml_pipeline to 2025-02-27T08:00:00+00:00, run_after=2025-02-28T08:00:00+00:00
[2025-02-28T03:00:41.382+0000] {processor.py:179} INFO - Processing /opt/airflow/dags/customer_churn.py took 0.376 seconds
