[2025-03-03T20:45:29.662+0000] {taskinstance.py:1159} INFO - Dependencies all met for dep_context=non-requeueable deps ti=<TaskInstance: customer_churn_ml_pipeline.raw_data_storage_task manual__2025-03-03T20:45:15.367262+00:00 [queued]>
[2025-03-03T20:45:29.673+0000] {taskinstance.py:1159} INFO - Dependencies all met for dep_context=requeueable deps ti=<TaskInstance: customer_churn_ml_pipeline.raw_data_storage_task manual__2025-03-03T20:45:15.367262+00:00 [queued]>
[2025-03-03T20:45:29.673+0000] {taskinstance.py:1361} INFO - Starting attempt 1 of 1
[2025-03-03T20:45:29.694+0000] {taskinstance.py:1382} INFO - Executing <Task(BashOperator): raw_data_storage_task> on 2025-03-03 20:45:15.367262+00:00
[2025-03-03T20:45:29.699+0000] {standard_task_runner.py:57} INFO - Started process 336 to run task
[2025-03-03T20:45:29.703+0000] {standard_task_runner.py:84} INFO - Running: ['***', 'tasks', 'run', 'customer_churn_ml_pipeline', 'raw_data_storage_task', 'manual__2025-03-03T20:45:15.367262+00:00', '--job-id', '172', '--raw', '--subdir', 'DAGS_FOLDER/customer_churn.py', '--cfg-path', '/tmp/tmpjcey324m']
[2025-03-03T20:45:29.707+0000] {standard_task_runner.py:85} INFO - Job 172: Subtask raw_data_storage_task
[2025-03-03T20:45:29.730+0000] {logging_mixin.py:154} WARNING - /home/***/.local/lib/python3.8/site-packages/***/settings.py:195 DeprecationWarning: The sql_alchemy_conn option in [core] has been moved to the sql_alchemy_conn option in [database] - the old setting has been used, but please update your config.
[2025-03-03T20:45:29.776+0000] {task_command.py:416} INFO - Running <TaskInstance: customer_churn_ml_pipeline.raw_data_storage_task manual__2025-03-03T20:45:15.367262+00:00 [running]> on host 157237bff8f7
[2025-03-03T20:45:29.915+0000] {taskinstance.py:1662} INFO - Exporting env vars: AIRFLOW_CTX_DAG_OWNER='***' AIRFLOW_CTX_DAG_ID='customer_churn_ml_pipeline' AIRFLOW_CTX_TASK_ID='raw_data_storage_task' AIRFLOW_CTX_EXECUTION_DATE='2025-03-03T20:45:15.367262+00:00' AIRFLOW_CTX_TRY_NUMBER='1' AIRFLOW_CTX_DAG_RUN_ID='manual__2025-03-03T20:45:15.367262+00:00'
[2025-03-03T20:45:29.917+0000] {subprocess.py:63} INFO - Tmp dir root location: /tmp
[2025-03-03T20:45:29.917+0000] {subprocess.py:75} INFO - Running command: ['/bin/bash', '-c', '\n\t\t\tcd /opt/*** &&                        python /opt/***/executables/raw_data_storage.py && \t\t\tgit rm -r --cached \'opt/***/data/raw\' && \t\t\tgit commit -m "stop tracking data/raw"\n                        dvc add /opt/***/data/raw &&                         git add /opt/***/data/raw.dvc && \t\t\tgit add logs &&\\   \n   \t\t\tgit status &&                         git commit -m "Updated raw data storage" -a &&                         dvc push && git push\n                    ']
[2025-03-03T20:45:29.926+0000] {subprocess.py:86} INFO - Output:
[2025-03-03T20:45:30.525+0000] {subprocess.py:93} INFO - 2025-03-03 20:45:30,516 : INFO : Starting Raw Data upload for CSV
[2025-03-03T20:45:33.635+0000] {subprocess.py:93} INFO - 2025-03-03 20:45:33,635 : INFO : Upload completed for CSV.
[2025-03-03T20:45:33.635+0000] {subprocess.py:93} INFO - 2025-03-03 20:45:33,635 : INFO : Starting Raw Data upload for Database
[2025-03-03T20:45:36.248+0000] {subprocess.py:93} INFO - 2025-03-03 20:45:36,247 : INFO : Upload completed for database.
[2025-03-03T20:45:36.248+0000] {subprocess.py:93} INFO - Traceback (most recent call last):
[2025-03-03T20:45:36.248+0000] {subprocess.py:93} INFO -   File "/opt/***/executables/raw_data_storage.py", line 52, in <module>
[2025-03-03T20:45:36.249+0000] {subprocess.py:93} INFO -     upload_file()
[2025-03-03T20:45:36.249+0000] {subprocess.py:93} INFO - TypeError: upload_file() missing 2 required positional arguments: 'file_name' and 'bucket'
[2025-03-03T20:45:38.201+0000] {subprocess.py:93} INFO - 
[2025-03-03T20:45:38.201+0000] {subprocess.py:93} INFO - To track the changes with git, run:
[2025-03-03T20:45:38.202+0000] {subprocess.py:93} INFO - 
[2025-03-03T20:45:38.202+0000] {subprocess.py:93} INFO - 	git add data/raw.dvc
[2025-03-03T20:45:38.202+0000] {subprocess.py:93} INFO - 
[2025-03-03T20:45:38.202+0000] {subprocess.py:93} INFO - To enable auto staging, run:
[2025-03-03T20:45:38.202+0000] {subprocess.py:93} INFO - 
[2025-03-03T20:45:38.203+0000] {subprocess.py:93} INFO - 	dvc config core.autostage true
[2025-03-03T20:45:38.427+0000] {subprocess.py:93} INFO - /bin/bash: line 3:  : command not found
[2025-03-03T20:45:38.451+0000] {subprocess.py:93} INFO - On branch main
[2025-03-03T20:45:38.452+0000] {subprocess.py:93} INFO - Your branch is up to date with 'origin/main'.
[2025-03-03T20:45:38.452+0000] {subprocess.py:93} INFO - 
[2025-03-03T20:45:38.452+0000] {subprocess.py:93} INFO - Changes to be committed:
[2025-03-03T20:45:38.452+0000] {subprocess.py:93} INFO -   (use "git restore --staged <file>..." to unstage)
[2025-03-03T20:45:38.453+0000] {subprocess.py:93} INFO - 	modified:   logs/dag_id=customer_churn_ml_pipeline/run_id=manual__2025-03-03T20:45:15.367262+00:00/task_id=data_ingestion_task/attempt=1.log
[2025-03-03T20:45:38.453+0000] {subprocess.py:93} INFO - 	new file:   logs/dag_id=customer_churn_ml_pipeline/run_id=manual__2025-03-03T20:45:15.367262+00:00/task_id=raw_data_storage_task/attempt=1.log
[2025-03-03T20:45:38.453+0000] {subprocess.py:93} INFO - 	modified:   logs/raw_data_storage.log
[2025-03-03T20:45:38.453+0000] {subprocess.py:93} INFO - 
[2025-03-03T20:45:38.453+0000] {subprocess.py:93} INFO - Changes not staged for commit:
[2025-03-03T20:45:38.454+0000] {subprocess.py:93} INFO -   (use "git add <file>..." to update what will be committed)
[2025-03-03T20:45:38.454+0000] {subprocess.py:93} INFO -   (use "git restore <file>..." to discard changes in working directory)
[2025-03-03T20:45:38.454+0000] {subprocess.py:93} INFO - 	modified:   logs/dag_id=customer_churn_ml_pipeline/run_id=manual__2025-03-03T20:45:15.367262+00:00/task_id=raw_data_storage_task/attempt=1.log
[2025-03-03T20:45:38.454+0000] {subprocess.py:93} INFO - 
[2025-03-03T20:45:38.454+0000] {subprocess.py:93} INFO - Untracked files:
[2025-03-03T20:45:38.454+0000] {subprocess.py:93} INFO -   (use "git add <file>..." to include in what will be committed)
[2025-03-03T20:45:38.455+0000] {subprocess.py:93} INFO - 	customer_churn_stats/feature_repo/data/online_store.db
[2025-03-03T20:45:38.455+0000] {subprocess.py:93} INFO - 	customer_churn_stats/feature_repo/data/registry.db
[2025-03-03T20:45:38.455+0000] {subprocess.py:93} INFO - 	models/
[2025-03-03T20:45:38.456+0000] {subprocess.py:93} INFO - 	online.db
[2025-03-03T20:45:38.456+0000] {subprocess.py:93} INFO - 
[2025-03-03T20:45:38.467+0000] {subprocess.py:93} INFO - [main 55801f7] Updated raw data storage
[2025-03-03T20:45:38.467+0000] {subprocess.py:93} INFO -  3 files changed, 65 insertions(+)
[2025-03-03T20:45:38.467+0000] {subprocess.py:93} INFO -  create mode 100644 logs/dag_id=customer_churn_ml_pipeline/run_id=manual__2025-03-03T20:45:15.367262+00:00/task_id=raw_data_storage_task/attempt=1.log
[2025-03-03T20:45:42.532+0000] {subprocess.py:93} INFO - Everything is up to date.
[2025-03-03T20:45:44.159+0000] {subprocess.py:93} INFO - To https://github.com/anniemathew-trial/customer_churn_pipeline.git
[2025-03-03T20:45:44.161+0000] {subprocess.py:93} INFO -    3d76add..55801f7  main -> main
[2025-03-03T20:45:44.177+0000] {subprocess.py:97} INFO - Command exited with return code 0
[2025-03-03T20:45:44.238+0000] {taskinstance.py:1400} INFO - Marking task as SUCCESS. dag_id=customer_churn_ml_pipeline, task_id=raw_data_storage_task, execution_date=20250303T204515, start_date=20250303T204529, end_date=20250303T204544
[2025-03-03T20:45:44.275+0000] {local_task_job_runner.py:228} INFO - Task exited with return code 0
[2025-03-03T20:45:44.311+0000] {taskinstance.py:2778} INFO - 1 downstream tasks scheduled from follow-on schedule check
