[2025-03-03T17:05:36.434+0000] {taskinstance.py:1159} INFO - Dependencies all met for dep_context=non-requeueable deps ti=<TaskInstance: customer_churn_ml_pipeline.data_storage_task manual__2025-03-03T17:04:05.906551+00:00 [queued]>
[2025-03-03T17:05:36.452+0000] {taskinstance.py:1159} INFO - Dependencies all met for dep_context=requeueable deps ti=<TaskInstance: customer_churn_ml_pipeline.data_storage_task manual__2025-03-03T17:04:05.906551+00:00 [queued]>
[2025-03-03T17:05:36.452+0000] {taskinstance.py:1361} INFO - Starting attempt 1 of 1
[2025-03-03T17:05:36.474+0000] {taskinstance.py:1382} INFO - Executing <Task(BashOperator): data_storage_task> on 2025-03-03 17:04:05.906551+00:00
[2025-03-03T17:05:36.481+0000] {standard_task_runner.py:57} INFO - Started process 6767 to run task
[2025-03-03T17:05:36.485+0000] {standard_task_runner.py:84} INFO - Running: ['***', 'tasks', 'run', 'customer_churn_ml_pipeline', 'data_storage_task', 'manual__2025-03-03T17:04:05.906551+00:00', '--job-id', '133', '--raw', '--subdir', 'DAGS_FOLDER/customer_churn.py', '--cfg-path', '/tmp/tmp6ymw72ac']
[2025-03-03T17:05:36.489+0000] {standard_task_runner.py:85} INFO - Job 133: Subtask data_storage_task
[2025-03-03T17:05:36.518+0000] {logging_mixin.py:154} WARNING - /home/***/.local/lib/python3.8/site-packages/***/settings.py:195 DeprecationWarning: The sql_alchemy_conn option in [core] has been moved to the sql_alchemy_conn option in [database] - the old setting has been used, but please update your config.
[2025-03-03T17:05:36.576+0000] {task_command.py:416} INFO - Running <TaskInstance: customer_churn_ml_pipeline.data_storage_task manual__2025-03-03T17:04:05.906551+00:00 [running]> on host 157237bff8f7
[2025-03-03T17:05:36.787+0000] {taskinstance.py:1662} INFO - Exporting env vars: AIRFLOW_CTX_DAG_OWNER='***' AIRFLOW_CTX_DAG_ID='customer_churn_ml_pipeline' AIRFLOW_CTX_TASK_ID='data_storage_task' AIRFLOW_CTX_EXECUTION_DATE='2025-03-03T17:04:05.906551+00:00' AIRFLOW_CTX_TRY_NUMBER='1' AIRFLOW_CTX_DAG_RUN_ID='manual__2025-03-03T17:04:05.906551+00:00'
[2025-03-03T17:05:36.788+0000] {subprocess.py:63} INFO - Tmp dir root location: /tmp
[2025-03-03T17:05:36.795+0000] {subprocess.py:75} INFO - Running command: ['/bin/bash', '-c', '\n\t\t\tcd /opt/***\n                        dvc pull /opt/***/data/transformed\n                        python /opt/***/executables/data_storage.py && \t\t\tgit add logs &&    \t\t\tgit status &&                         git commit -m "Updated stored data version" -a &&                         dvc push && git push\n                    ']
[2025-03-03T17:05:36.811+0000] {subprocess.py:86} INFO - Output:
[2025-03-03T17:05:41.130+0000] {subprocess.py:93} INFO - Everything is up to date.
[2025-03-03T17:05:42.705+0000] {subprocess.py:93} INFO - 2025-03-03 17:05:42,705 : INFO : Starting data storage for customer_data.csv
[2025-03-03T17:05:42.705+0000] {subprocess.py:93} INFO - 2025-03-03 17:05:42,705 : INFO : Connecting to Database
[2025-03-03T17:05:42.730+0000] {subprocess.py:93} INFO - 2025-03-03 17:05:42,729 : INFO : Connecting to Database Successfull
[2025-03-03T17:05:42.730+0000] {subprocess.py:93} INFO - 2025-03-03 17:05:42,730 : INFO : Reading insert script template
[2025-03-03T17:05:42.730+0000] {subprocess.py:93} INFO - 2025-03-03 17:05:42,730 : INFO : Executing script to Database
[2025-03-03T17:05:42.730+0000] {subprocess.py:93} INFO - 2025-03-03 17:05:42,730 : INFO : Inserting data to database
[2025-03-03T17:05:42.731+0000] {subprocess.py:93} INFO - 2025-03-03 17:05:42,731 : ERROR : Error storing data: [Errno 2] No such file or directory: '/opt/***/data/transformed/fintech1/03-03-2025/csv/customer_data.csv'
[2025-03-03T17:05:42.732+0000] {subprocess.py:93} INFO - 2025-03-03 17:05:42,731 : INFO : Starting data storage for database_data.csv
[2025-03-03T17:05:42.732+0000] {subprocess.py:93} INFO - 2025-03-03 17:05:42,732 : INFO : Connecting to Database
[2025-03-03T17:05:42.745+0000] {subprocess.py:93} INFO - 2025-03-03 17:05:42,745 : INFO : Connecting to Database Successfull
[2025-03-03T17:05:42.745+0000] {subprocess.py:93} INFO - 2025-03-03 17:05:42,745 : INFO : Reading insert script template
[2025-03-03T17:05:42.746+0000] {subprocess.py:93} INFO - 2025-03-03 17:05:42,745 : INFO : Executing script to Database
[2025-03-03T17:05:42.746+0000] {subprocess.py:93} INFO - 2025-03-03 17:05:42,745 : INFO : Inserting data to database
[2025-03-03T17:05:42.746+0000] {subprocess.py:93} INFO - 2025-03-03 17:05:42,745 : ERROR : Error storing data: [Errno 2] No such file or directory: '/opt/***/data/transformed/fintech2/03-03-2025/database/database_data.csv'
[2025-03-03T17:05:42.874+0000] {subprocess.py:93} INFO - On branch main
[2025-03-03T17:05:42.875+0000] {subprocess.py:93} INFO - Your branch is up to date with 'origin/main'.
[2025-03-03T17:05:42.876+0000] {subprocess.py:93} INFO - 
[2025-03-03T17:05:42.876+0000] {subprocess.py:93} INFO - Changes to be committed:
[2025-03-03T17:05:42.876+0000] {subprocess.py:93} INFO -   (use "git restore --staged <file>..." to unstage)
[2025-03-03T17:05:42.876+0000] {subprocess.py:93} INFO - 	new file:   logs/dag_id=customer_churn_ml_pipeline/run_id=manual__2025-03-03T17:04:05.906551+00:00/task_id=data_storage_task/attempt=1.log
[2025-03-03T17:05:42.876+0000] {subprocess.py:93} INFO - 	modified:   logs/dag_id=customer_churn_ml_pipeline/run_id=manual__2025-03-03T17:04:05.906551+00:00/task_id=data_transformation_task/attempt=1.log
[2025-03-03T17:05:42.876+0000] {subprocess.py:93} INFO - 	modified:   logs/data_storage.log
[2025-03-03T17:05:42.877+0000] {subprocess.py:93} INFO - 
[2025-03-03T17:05:42.877+0000] {subprocess.py:93} INFO - Untracked files:
[2025-03-03T17:05:42.877+0000] {subprocess.py:93} INFO -   (use "git add <file>..." to include in what will be committed)
[2025-03-03T17:05:42.877+0000] {subprocess.py:93} INFO - 	customer_churn_stats/feature_repo/data/online_store.db
[2025-03-03T17:05:42.877+0000] {subprocess.py:93} INFO - 	customer_churn_stats/feature_repo/data/registry.db
[2025-03-03T17:05:42.877+0000] {subprocess.py:93} INFO - 	models/
[2025-03-03T17:05:42.878+0000] {subprocess.py:93} INFO - 	online.db
[2025-03-03T17:05:42.878+0000] {subprocess.py:93} INFO - 
