[2025-02-28T09:40:27.277+0000] {taskinstance.py:1159} INFO - Dependencies all met for dep_context=non-requeueable deps ti=<TaskInstance: customer_churn_ml_pipeline.data_preparation_task manual__2025-02-28T09:39:52.213666+00:00 [queued]>
[2025-02-28T09:40:27.287+0000] {taskinstance.py:1159} INFO - Dependencies all met for dep_context=requeueable deps ti=<TaskInstance: customer_churn_ml_pipeline.data_preparation_task manual__2025-02-28T09:39:52.213666+00:00 [queued]>
[2025-02-28T09:40:27.287+0000] {taskinstance.py:1361} INFO - Starting attempt 1 of 1
[2025-02-28T09:40:27.303+0000] {taskinstance.py:1382} INFO - Executing <Task(BashOperator): data_preparation_task> on 2025-02-28 09:39:52.213666+00:00
[2025-02-28T09:40:27.307+0000] {standard_task_runner.py:57} INFO - Started process 11621 to run task
[2025-02-28T09:40:27.309+0000] {standard_task_runner.py:84} INFO - Running: ['***', 'tasks', 'run', 'customer_churn_ml_pipeline', 'data_preparation_task', 'manual__2025-02-28T09:39:52.213666+00:00', '--job-id', '125', '--raw', '--subdir', 'DAGS_FOLDER/customer_churn.py', '--cfg-path', '/tmp/tmpy0u4v4n9']
[2025-02-28T09:40:27.312+0000] {standard_task_runner.py:85} INFO - Job 125: Subtask data_preparation_task
[2025-02-28T09:40:27.333+0000] {logging_mixin.py:154} WARNING - /home/***/.local/lib/python3.8/site-packages/***/settings.py:195 DeprecationWarning: The sql_alchemy_conn option in [core] has been moved to the sql_alchemy_conn option in [database] - the old setting has been used, but please update your config.
[2025-02-28T09:40:27.375+0000] {task_command.py:416} INFO - Running <TaskInstance: customer_churn_ml_pipeline.data_preparation_task manual__2025-02-28T09:39:52.213666+00:00 [running]> on host 4470298645d8
[2025-02-28T09:40:27.491+0000] {taskinstance.py:1662} INFO - Exporting env vars: AIRFLOW_CTX_DAG_OWNER='***' AIRFLOW_CTX_DAG_ID='customer_churn_ml_pipeline' AIRFLOW_CTX_TASK_ID='data_preparation_task' AIRFLOW_CTX_EXECUTION_DATE='2025-02-28T09:39:52.213666+00:00' AIRFLOW_CTX_TRY_NUMBER='1' AIRFLOW_CTX_DAG_RUN_ID='manual__2025-02-28T09:39:52.213666+00:00'
[2025-02-28T09:40:27.493+0000] {subprocess.py:63} INFO - Tmp dir root location: /tmp
[2025-02-28T09:40:27.494+0000] {subprocess.py:75} INFO - Running command: ['/bin/bash', '-c', '\n\t\t\tcd /opt/***\n\t\t\tpython /opt/***/executables/data_preparation.py &&                         dvc add /opt/***/data/cleaned &&                         git add /opt/***/data/cleaned.dvc &&                         git commit -m "Updated cleaned data version" -a &&                         dvc push && git push\n                    ']
[2025-02-28T09:40:27.510+0000] {subprocess.py:86} INFO - Output:
[2025-02-28T09:40:37.630+0000] {subprocess.py:93} INFO - 
[2025-02-28T09:40:37.631+0000] {subprocess.py:93} INFO - To track the changes with git, run:
[2025-02-28T09:40:37.631+0000] {subprocess.py:93} INFO - 
[2025-02-28T09:40:37.631+0000] {subprocess.py:93} INFO - 	git add data/cleaned.dvc
[2025-02-28T09:40:37.633+0000] {subprocess.py:93} INFO - 
[2025-02-28T09:40:37.633+0000] {subprocess.py:93} INFO - To enable auto staging, run:
[2025-02-28T09:40:37.633+0000] {subprocess.py:93} INFO - 
[2025-02-28T09:40:37.633+0000] {subprocess.py:93} INFO - 	dvc config core.autostage true
[2025-02-28T09:40:37.953+0000] {subprocess.py:93} INFO - [main 5126a9e] Updated cleaned data version
[2025-02-28T09:40:37.953+0000] {subprocess.py:93} INFO -  3 files changed, 53 insertions(+)
[2025-02-28T09:40:42.860+0000] {subprocess.py:93} INFO - Everything is up to date.
[2025-02-28T09:40:44.629+0000] {subprocess.py:93} INFO - To https://github.com/anniemathew-trial/customer_churn_pipeline.git
[2025-02-28T09:40:44.630+0000] {subprocess.py:93} INFO -    4e93aff..5126a9e  main -> main
[2025-02-28T09:40:44.637+0000] {subprocess.py:97} INFO - Command exited with return code 0
[2025-02-28T09:40:44.684+0000] {taskinstance.py:1400} INFO - Marking task as SUCCESS. dag_id=customer_churn_ml_pipeline, task_id=data_preparation_task, execution_date=20250228T093952, start_date=20250228T094027, end_date=20250228T094044
[2025-02-28T09:40:44.744+0000] {local_task_job_runner.py:228} INFO - Task exited with return code 0
[2025-02-28T09:40:44.783+0000] {taskinstance.py:2778} INFO - 1 downstream tasks scheduled from follow-on schedule check
