[2025-02-28T09:51:12.146+0000] {taskinstance.py:1159} INFO - Dependencies all met for dep_context=non-requeueable deps ti=<TaskInstance: customer_churn_ml_pipeline.data_preparation_task manual__2025-02-28T09:50:30.059275+00:00 [queued]>
[2025-02-28T09:51:12.163+0000] {taskinstance.py:1159} INFO - Dependencies all met for dep_context=requeueable deps ti=<TaskInstance: customer_churn_ml_pipeline.data_preparation_task manual__2025-02-28T09:50:30.059275+00:00 [queued]>
[2025-02-28T09:51:12.164+0000] {taskinstance.py:1361} INFO - Starting attempt 1 of 1
[2025-02-28T09:51:12.188+0000] {taskinstance.py:1382} INFO - Executing <Task(BashOperator): data_preparation_task> on 2025-02-28 09:50:30.059275+00:00
[2025-02-28T09:51:12.193+0000] {standard_task_runner.py:57} INFO - Started process 12769 to run task
[2025-02-28T09:51:12.198+0000] {standard_task_runner.py:84} INFO - Running: ['***', 'tasks', 'run', 'customer_churn_ml_pipeline', 'data_preparation_task', 'manual__2025-02-28T09:50:30.059275+00:00', '--job-id', '135', '--raw', '--subdir', 'DAGS_FOLDER/customer_churn.py', '--cfg-path', '/tmp/tmpdx7tx5yp']
[2025-02-28T09:51:12.201+0000] {standard_task_runner.py:85} INFO - Job 135: Subtask data_preparation_task
[2025-02-28T09:51:12.241+0000] {logging_mixin.py:154} WARNING - /home/***/.local/lib/python3.8/site-packages/***/settings.py:195 DeprecationWarning: The sql_alchemy_conn option in [core] has been moved to the sql_alchemy_conn option in [database] - the old setting has been used, but please update your config.
[2025-02-28T09:51:12.314+0000] {task_command.py:416} INFO - Running <TaskInstance: customer_churn_ml_pipeline.data_preparation_task manual__2025-02-28T09:50:30.059275+00:00 [running]> on host 4470298645d8
[2025-02-28T09:51:12.523+0000] {taskinstance.py:1662} INFO - Exporting env vars: AIRFLOW_CTX_DAG_OWNER='***' AIRFLOW_CTX_DAG_ID='customer_churn_ml_pipeline' AIRFLOW_CTX_TASK_ID='data_preparation_task' AIRFLOW_CTX_EXECUTION_DATE='2025-02-28T09:50:30.059275+00:00' AIRFLOW_CTX_TRY_NUMBER='1' AIRFLOW_CTX_DAG_RUN_ID='manual__2025-02-28T09:50:30.059275+00:00'
[2025-02-28T09:51:12.526+0000] {subprocess.py:63} INFO - Tmp dir root location: /tmp
[2025-02-28T09:51:12.527+0000] {subprocess.py:75} INFO - Running command: ['/bin/bash', '-c', '\n\t\t\tcd /opt/***\n\t\t\tpython /opt/***/executables/data_preparation.py &&                         dvc add /opt/***/data/cleaned &&                         git add /opt/***/data/cleaned.dvc &&                         git commit -m "Updated cleaned data version" -a &&                         dvc push && git push\n                    ']
[2025-02-28T09:51:12.541+0000] {subprocess.py:86} INFO - Output:
[2025-02-28T09:51:21.790+0000] {subprocess.py:93} INFO - 
[2025-02-28T09:51:21.791+0000] {subprocess.py:93} INFO - To track the changes with git, run:
[2025-02-28T09:51:21.791+0000] {subprocess.py:93} INFO - 
[2025-02-28T09:51:21.791+0000] {subprocess.py:93} INFO - 	git add data/cleaned.dvc
[2025-02-28T09:51:21.791+0000] {subprocess.py:93} INFO - 
[2025-02-28T09:51:21.791+0000] {subprocess.py:93} INFO - To enable auto staging, run:
[2025-02-28T09:51:21.792+0000] {subprocess.py:93} INFO - 
[2025-02-28T09:51:21.792+0000] {subprocess.py:93} INFO - 	dvc config core.autostage true
[2025-02-28T09:51:22.113+0000] {subprocess.py:93} INFO - error: insufficient permission for adding an object to repository database .git/objects
[2025-02-28T09:51:22.114+0000] {subprocess.py:93} INFO - error: logs/data_preparation.log: failed to insert into database
[2025-02-28T09:51:22.114+0000] {subprocess.py:93} INFO - error: unable to index file 'logs/data_preparation.log'
[2025-02-28T09:51:22.114+0000] {subprocess.py:93} INFO - fatal: updating files failed
[2025-02-28T09:51:22.114+0000] {subprocess.py:97} INFO - Command exited with return code 128
[2025-02-28T09:51:22.137+0000] {taskinstance.py:1937} ERROR - Task failed with exception
Traceback (most recent call last):
  File "/home/airflow/.local/lib/python3.8/site-packages/airflow/operators/bash.py", line 210, in execute
    raise AirflowException(
airflow.exceptions.AirflowException: Bash command failed. The command returned a non-zero exit code 128.
[2025-02-28T09:51:22.142+0000] {taskinstance.py:1400} INFO - Marking task as FAILED. dag_id=customer_churn_ml_pipeline, task_id=data_preparation_task, execution_date=20250228T095030, start_date=20250228T095112, end_date=20250228T095122
[2025-02-28T09:51:22.168+0000] {standard_task_runner.py:104} ERROR - Failed to execute job 135 for task data_preparation_task (Bash command failed. The command returned a non-zero exit code 128.; 12769)
[2025-02-28T09:51:22.176+0000] {local_task_job_runner.py:228} INFO - Task exited with return code 1
[2025-02-28T09:51:22.219+0000] {taskinstance.py:2778} INFO - 0 downstream tasks scheduled from follow-on schedule check
