[2025-03-03T22:21:20.627+0000] {taskinstance.py:1159} INFO - Dependencies all met for dep_context=non-requeueable deps ti=<TaskInstance: customer_churn_ml_pipeline.raw_data_storage_task manual__2025-03-03T22:21:06.824295+00:00 [queued]>
[2025-03-03T22:21:20.638+0000] {taskinstance.py:1159} INFO - Dependencies all met for dep_context=requeueable deps ti=<TaskInstance: customer_churn_ml_pipeline.raw_data_storage_task manual__2025-03-03T22:21:06.824295+00:00 [queued]>
[2025-03-03T22:21:20.638+0000] {taskinstance.py:1361} INFO - Starting attempt 1 of 1
[2025-03-03T22:21:20.657+0000] {taskinstance.py:1382} INFO - Executing <Task(BashOperator): raw_data_storage_task> on 2025-03-03 22:21:06.824295+00:00
[2025-03-03T22:21:20.661+0000] {standard_task_runner.py:57} INFO - Started process 3298 to run task
[2025-03-03T22:21:20.665+0000] {standard_task_runner.py:84} INFO - Running: ['***', 'tasks', 'run', 'customer_churn_ml_pipeline', 'raw_data_storage_task', 'manual__2025-03-03T22:21:06.824295+00:00', '--job-id', '201', '--raw', '--subdir', 'DAGS_FOLDER/customer_churn.py', '--cfg-path', '/tmp/tmp_rdd2m1n']
[2025-03-03T22:21:20.668+0000] {standard_task_runner.py:85} INFO - Job 201: Subtask raw_data_storage_task
[2025-03-03T22:21:20.690+0000] {logging_mixin.py:154} WARNING - /home/***/.local/lib/python3.8/site-packages/***/settings.py:195 DeprecationWarning: The sql_alchemy_conn option in [core] has been moved to the sql_alchemy_conn option in [database] - the old setting has been used, but please update your config.
[2025-03-03T22:21:20.736+0000] {task_command.py:416} INFO - Running <TaskInstance: customer_churn_ml_pipeline.raw_data_storage_task manual__2025-03-03T22:21:06.824295+00:00 [running]> on host 157237bff8f7
[2025-03-03T22:21:20.863+0000] {taskinstance.py:1662} INFO - Exporting env vars: AIRFLOW_CTX_DAG_OWNER='***' AIRFLOW_CTX_DAG_ID='customer_churn_ml_pipeline' AIRFLOW_CTX_TASK_ID='raw_data_storage_task' AIRFLOW_CTX_EXECUTION_DATE='2025-03-03T22:21:06.824295+00:00' AIRFLOW_CTX_TRY_NUMBER='1' AIRFLOW_CTX_DAG_RUN_ID='manual__2025-03-03T22:21:06.824295+00:00'
[2025-03-03T22:21:20.864+0000] {subprocess.py:63} INFO - Tmp dir root location: /tmp
[2025-03-03T22:21:20.865+0000] {subprocess.py:75} INFO - Running command: ['/bin/bash', '-c', '\n\t\t\tcd /opt/*** &&                        python /opt/***/executables/raw_data_storage.py && \t\t\tgit rm -r --cached \'opt/***/data/raw\' && \t\t\tgit commit -m "stop tracking data/raw"\n                        dvc add /opt/***/data/raw &&                         git add /opt/***/data/raw.dvc && \t\t\tgit add logs &&\\   \n   \t\t\tgit status &&                         git commit -m "Updated raw data storage" -a &&                         dvc push && git push\n                    ']
[2025-03-03T22:21:20.875+0000] {subprocess.py:86} INFO - Output:
[2025-03-03T22:21:21.599+0000] {subprocess.py:93} INFO - 2025-03-03 22:21:21,598 : INFO : Starting Raw Data upload for CSV
[2025-03-03T22:21:24.404+0000] {subprocess.py:93} INFO - 2025-03-03 22:21:24,403 : INFO : Upload completed for CSV.
[2025-03-03T22:21:24.404+0000] {subprocess.py:93} INFO - 2025-03-03 22:21:24,404 : INFO : Starting Raw Data upload for Database
[2025-03-03T22:21:27.054+0000] {subprocess.py:93} INFO - 2025-03-03 22:21:27,053 : INFO : Upload completed for database.
[2025-03-03T22:21:27.150+0000] {subprocess.py:93} INFO - fatal: pathspec 'opt/***/data/raw' did not match any files
[2025-03-03T22:21:29.066+0000] {subprocess.py:93} INFO - 
[2025-03-03T22:21:29.067+0000] {subprocess.py:93} INFO - To track the changes with git, run:
[2025-03-03T22:21:29.067+0000] {subprocess.py:93} INFO - 
[2025-03-03T22:21:29.067+0000] {subprocess.py:93} INFO - 	git add data/raw.dvc
[2025-03-03T22:21:29.067+0000] {subprocess.py:93} INFO - 
[2025-03-03T22:21:29.067+0000] {subprocess.py:93} INFO - To enable auto staging, run:
[2025-03-03T22:21:29.069+0000] {subprocess.py:93} INFO - 
[2025-03-03T22:21:29.069+0000] {subprocess.py:93} INFO - 	dvc config core.autostage true
[2025-03-03T22:21:29.384+0000] {subprocess.py:93} INFO - /bin/bash: line 3:  : command not found
[2025-03-03T22:21:29.410+0000] {subprocess.py:93} INFO - On branch main
[2025-03-03T22:21:29.410+0000] {subprocess.py:93} INFO - Your branch is up to date with 'origin/main'.
[2025-03-03T22:21:29.410+0000] {subprocess.py:93} INFO - 
[2025-03-03T22:21:29.411+0000] {subprocess.py:93} INFO - Changes to be committed:
[2025-03-03T22:21:29.411+0000] {subprocess.py:93} INFO -   (use "git restore --staged <file>..." to unstage)
[2025-03-03T22:21:29.411+0000] {subprocess.py:93} INFO - 	modified:   logs/dag_id=customer_churn_ml_pipeline/run_id=manual__2025-03-03T22:21:06.824295+00:00/task_id=data_ingestion_task/attempt=1.log
[2025-03-03T22:21:29.412+0000] {subprocess.py:93} INFO - 	new file:   logs/dag_id=customer_churn_ml_pipeline/run_id=manual__2025-03-03T22:21:06.824295+00:00/task_id=raw_data_storage_task/attempt=1.log
[2025-03-03T22:21:29.412+0000] {subprocess.py:93} INFO - 	modified:   logs/dag_processor_manager/dag_processor_manager.log
[2025-03-03T22:21:29.412+0000] {subprocess.py:93} INFO - 	modified:   logs/raw_data_storage.log
[2025-03-03T22:21:29.412+0000] {subprocess.py:93} INFO - 	modified:   logs/scheduler/2025-03-03/customer_churn.py.log
[2025-03-03T22:21:29.413+0000] {subprocess.py:93} INFO - 
[2025-03-03T22:21:29.413+0000] {subprocess.py:93} INFO - Changes not staged for commit:
[2025-03-03T22:21:29.413+0000] {subprocess.py:93} INFO -   (use "git add <file>..." to update what will be committed)
[2025-03-03T22:21:29.413+0000] {subprocess.py:93} INFO -   (use "git restore <file>..." to discard changes in working directory)
[2025-03-03T22:21:29.413+0000] {subprocess.py:93} INFO - 	modified:   logs/dag_id=customer_churn_ml_pipeline/run_id=manual__2025-03-03T22:21:06.824295+00:00/task_id=raw_data_storage_task/attempt=1.log
[2025-03-03T22:21:29.414+0000] {subprocess.py:93} INFO - 
[2025-03-03T22:21:29.414+0000] {subprocess.py:93} INFO - Untracked files:
[2025-03-03T22:21:29.414+0000] {subprocess.py:93} INFO -   (use "git add <file>..." to include in what will be committed)
[2025-03-03T22:21:29.414+0000] {subprocess.py:93} INFO - 	customer_churn_stats/feature_repo/data/online_store.db
[2025-03-03T22:21:29.414+0000] {subprocess.py:93} INFO - 	customer_churn_stats/feature_repo/data/registry.db
[2025-03-03T22:21:29.414+0000] {subprocess.py:93} INFO - 	models/
[2025-03-03T22:21:29.415+0000] {subprocess.py:93} INFO - 	online.db
[2025-03-03T22:21:29.415+0000] {subprocess.py:93} INFO - 
[2025-03-03T22:21:29.486+0000] {subprocess.py:93} INFO - [main 51270fc] Updated raw data storage
[2025-03-03T22:21:29.486+0000] {subprocess.py:93} INFO -  5 files changed, 79 insertions(+)
[2025-03-03T22:21:29.486+0000] {subprocess.py:93} INFO -  create mode 100644 logs/dag_id=customer_churn_ml_pipeline/run_id=manual__2025-03-03T22:21:06.824295+00:00/task_id=raw_data_storage_task/attempt=1.log
[2025-03-03T22:21:34.647+0000] {subprocess.py:93} INFO - Everything is up to date.
[2025-03-03T22:21:36.572+0000] {subprocess.py:93} INFO - To https://github.com/anniemathew-trial/customer_churn_pipeline.git
[2025-03-03T22:21:36.572+0000] {subprocess.py:93} INFO -    2a0589c..51270fc  main -> main
[2025-03-03T22:21:36.579+0000] {subprocess.py:97} INFO - Command exited with return code 0
[2025-03-03T22:21:36.630+0000] {taskinstance.py:1400} INFO - Marking task as SUCCESS. dag_id=customer_churn_ml_pipeline, task_id=raw_data_storage_task, execution_date=20250303T222106, start_date=20250303T222120, end_date=20250303T222136
[2025-03-03T22:21:36.692+0000] {local_task_job_runner.py:228} INFO - Task exited with return code 0
[2025-03-03T22:21:36.732+0000] {taskinstance.py:2778} INFO - 1 downstream tasks scheduled from follow-on schedule check
