[2025-03-02T10:07:33.569+0000] {taskinstance.py:1159} INFO - Dependencies all met for dep_context=non-requeueable deps ti=<TaskInstance: customer_churn_ml_pipeline.data_preparation_task manual__2025-03-02T10:06:55.192722+00:00 [queued]>
[2025-03-02T10:07:33.588+0000] {taskinstance.py:1159} INFO - Dependencies all met for dep_context=requeueable deps ti=<TaskInstance: customer_churn_ml_pipeline.data_preparation_task manual__2025-03-02T10:06:55.192722+00:00 [queued]>
[2025-03-02T10:07:33.588+0000] {taskinstance.py:1361} INFO - Starting attempt 1 of 1
[2025-03-02T10:07:33.614+0000] {taskinstance.py:1382} INFO - Executing <Task(BashOperator): data_preparation_task> on 2025-03-02 10:06:55.192722+00:00
[2025-03-02T10:07:33.621+0000] {standard_task_runner.py:57} INFO - Started process 9706 to run task
[2025-03-02T10:07:33.626+0000] {standard_task_runner.py:84} INFO - Running: ['***', 'tasks', 'run', 'customer_churn_ml_pipeline', 'data_preparation_task', 'manual__2025-03-02T10:06:55.192722+00:00', '--job-id', '131', '--raw', '--subdir', 'DAGS_FOLDER/customer_churn.py', '--cfg-path', '/tmp/tmpbg_paf4_']
[2025-03-02T10:07:33.629+0000] {standard_task_runner.py:85} INFO - Job 131: Subtask data_preparation_task
[2025-03-02T10:07:33.658+0000] {logging_mixin.py:154} WARNING - /home/***/.local/lib/python3.8/site-packages/***/settings.py:195 DeprecationWarning: The sql_alchemy_conn option in [core] has been moved to the sql_alchemy_conn option in [database] - the old setting has been used, but please update your config.
[2025-03-02T10:07:33.728+0000] {task_command.py:416} INFO - Running <TaskInstance: customer_churn_ml_pipeline.data_preparation_task manual__2025-03-02T10:06:55.192722+00:00 [running]> on host 9113a5746a05
[2025-03-02T10:07:33.899+0000] {taskinstance.py:1662} INFO - Exporting env vars: AIRFLOW_CTX_DAG_OWNER='***' AIRFLOW_CTX_DAG_ID='customer_churn_ml_pipeline' AIRFLOW_CTX_TASK_ID='data_preparation_task' AIRFLOW_CTX_EXECUTION_DATE='2025-03-02T10:06:55.192722+00:00' AIRFLOW_CTX_TRY_NUMBER='1' AIRFLOW_CTX_DAG_RUN_ID='manual__2025-03-02T10:06:55.192722+00:00'
[2025-03-02T10:07:33.901+0000] {subprocess.py:63} INFO - Tmp dir root location: /tmp
[2025-03-02T10:07:33.902+0000] {subprocess.py:75} INFO - Running command: ['/bin/bash', '-c', '\n\t\t\tcd /opt/*** &&\t\t\tpython /opt/***/executables/data_preparation.py &&                         dvc add /opt/***/data/cleaned &&                         git add /opt/***/data/cleaned.dvc && \t\t\tgit add logs && \\   \n\t\t\tgit add visualization &&    \t\t\tgit status &&                         git commit -m "Updated cleaned data version" -a &&                         dvc push && git push\n                    ']
[2025-03-02T10:07:33.917+0000] {subprocess.py:86} INFO - Output:
[2025-03-02T10:07:37.511+0000] {subprocess.py:93} INFO - 2025-03-02 10:07:37,511 : INFO : Starting data preparation for csv.
[2025-03-02T10:07:37.532+0000] {subprocess.py:93} INFO - 2025-03-02 10:07:37,532 : INFO : Handling 'Tenure', 'Balance', 'EstimatedSalary' empty data
[2025-03-02T10:07:37.533+0000] {subprocess.py:93} INFO - 2025-03-02 10:07:37,532 : INFO : Handling 'Age' empty data
[2025-03-02T10:07:37.534+0000] {subprocess.py:93} INFO - 2025-03-02 10:07:37,533 : INFO : Droping 'Surname' as it may lead to profiling, 'RowNumber', 'CustomerId' as it is not required
[2025-03-02T10:07:37.535+0000] {subprocess.py:93} INFO - 2025-03-02 10:07:37,535 : INFO : Making 'Geography', 'Gender', 'HasCrCard', 'IsActiveMember' as categorical
[2025-03-02T10:07:37.543+0000] {subprocess.py:93} INFO - 2025-03-02 10:07:37,543 : INFO : Saving data to S3.
[2025-03-02T10:07:37.544+0000] {subprocess.py:93} INFO - 2025-03-02 10:07:37,544 : ERROR : Error in preparing dataCannot save file into a non-existent directory: '/opt/***/data/cleaned/02-03-2025/csv'
[2025-03-02T10:07:39.575+0000] {subprocess.py:93} INFO - 
[2025-03-02T10:07:39.576+0000] {subprocess.py:93} INFO - To track the changes with git, run:
[2025-03-02T10:07:39.577+0000] {subprocess.py:93} INFO - 
[2025-03-02T10:07:39.577+0000] {subprocess.py:93} INFO - 	git add data/cleaned.dvc
[2025-03-02T10:07:39.577+0000] {subprocess.py:93} INFO - 
[2025-03-02T10:07:39.578+0000] {subprocess.py:93} INFO - To enable auto staging, run:
[2025-03-02T10:07:39.578+0000] {subprocess.py:93} INFO - 
[2025-03-02T10:07:39.578+0000] {subprocess.py:93} INFO - 	dvc config core.autostage true
[2025-03-02T10:07:39.881+0000] {subprocess.py:93} INFO - /bin/bash: line 2:  : command not found
[2025-03-02T10:07:39.920+0000] {subprocess.py:93} INFO - On branch main
[2025-03-02T10:07:39.921+0000] {subprocess.py:93} INFO - Your branch is up to date with 'origin/main'.
[2025-03-02T10:07:39.921+0000] {subprocess.py:93} INFO - 
[2025-03-02T10:07:39.921+0000] {subprocess.py:93} INFO - Changes to be committed:
[2025-03-02T10:07:39.921+0000] {subprocess.py:93} INFO -   (use "git restore --staged <file>..." to unstage)
[2025-03-02T10:07:39.921+0000] {subprocess.py:93} INFO - 	new file:   logs/dag_id=customer_churn_ml_pipeline/run_id=manual__2025-03-02T10:06:55.192722+00:00/task_id=data_preparation_task/attempt=1.log
[2025-03-02T10:07:39.922+0000] {subprocess.py:93} INFO - 	new file:   logs/dag_id=customer_churn_ml_pipeline/run_id=manual__2025-03-02T10:06:55.192722+00:00/task_id=data_validation_task/attempt=1.log
[2025-03-02T10:07:39.922+0000] {subprocess.py:93} INFO - 	modified:   logs/dag_processor_manager/dag_processor_manager.log
[2025-03-02T10:07:39.922+0000] {subprocess.py:93} INFO - 	modified:   logs/data_preparation.log
[2025-03-02T10:07:39.922+0000] {subprocess.py:93} INFO - 
[2025-03-02T10:07:39.922+0000] {subprocess.py:93} INFO - Changes not staged for commit:
[2025-03-02T10:07:39.922+0000] {subprocess.py:93} INFO -   (use "git add <file>..." to update what will be committed)
[2025-03-02T10:07:39.923+0000] {subprocess.py:93} INFO -   (use "git restore <file>..." to discard changes in working directory)
[2025-03-02T10:07:39.923+0000] {subprocess.py:93} INFO - 	modified:   logs/dag_id=customer_churn_ml_pipeline/run_id=manual__2025-03-02T10:06:55.192722+00:00/task_id=data_preparation_task/attempt=1.log
[2025-03-02T10:07:39.923+0000] {subprocess.py:93} INFO - 
[2025-03-02T10:07:39.983+0000] {subprocess.py:93} INFO - [main bedd99b] Updated cleaned data version
[2025-03-02T10:07:39.983+0000] {subprocess.py:93} INFO -  4 files changed, 100 insertions(+)
[2025-03-02T10:07:39.983+0000] {subprocess.py:93} INFO -  create mode 100644 logs/dag_id=customer_churn_ml_pipeline/run_id=manual__2025-03-02T10:06:55.192722+00:00/task_id=data_preparation_task/attempt=1.log
[2025-03-02T10:07:39.983+0000] {subprocess.py:93} INFO -  create mode 100644 logs/dag_id=customer_churn_ml_pipeline/run_id=manual__2025-03-02T10:06:55.192722+00:00/task_id=data_validation_task/attempt=1.log
[2025-03-02T10:07:44.486+0000] {subprocess.py:93} INFO - Everything is up to date.
[2025-03-02T10:07:46.276+0000] {subprocess.py:93} INFO - To https://github.com/anniemathew-trial/customer_churn_pipeline.git
[2025-03-02T10:07:46.277+0000] {subprocess.py:93} INFO -    1854f38..bedd99b  main -> main
[2025-03-02T10:07:46.290+0000] {subprocess.py:97} INFO - Command exited with return code 0
[2025-03-02T10:07:46.333+0000] {taskinstance.py:1400} INFO - Marking task as SUCCESS. dag_id=customer_churn_ml_pipeline, task_id=data_preparation_task, execution_date=20250302T100655, start_date=20250302T100733, end_date=20250302T100746
[2025-03-02T10:07:46.391+0000] {local_task_job_runner.py:228} INFO - Task exited with return code 0
[2025-03-02T10:07:46.422+0000] {taskinstance.py:2778} INFO - 1 downstream tasks scheduled from follow-on schedule check
