[2025-03-01T16:44:05.477+0000] {taskinstance.py:1159} INFO - Dependencies all met for dep_context=non-requeueable deps ti=<TaskInstance: customer_churn_ml_pipeline.data_preparation_task manual__2025-03-01T16:43:30.219387+00:00 [queued]>
[2025-03-01T16:44:05.490+0000] {taskinstance.py:1159} INFO - Dependencies all met for dep_context=requeueable deps ti=<TaskInstance: customer_churn_ml_pipeline.data_preparation_task manual__2025-03-01T16:43:30.219387+00:00 [queued]>
[2025-03-01T16:44:05.491+0000] {taskinstance.py:1361} INFO - Starting attempt 1 of 1
[2025-03-01T16:44:05.510+0000] {taskinstance.py:1382} INFO - Executing <Task(BashOperator): data_preparation_task> on 2025-03-01 16:43:30.219387+00:00
[2025-03-01T16:44:05.516+0000] {standard_task_runner.py:57} INFO - Started process 16562 to run task
[2025-03-01T16:44:05.519+0000] {standard_task_runner.py:84} INFO - Running: ['***', 'tasks', 'run', 'customer_churn_ml_pipeline', 'data_preparation_task', 'manual__2025-03-01T16:43:30.219387+00:00', '--job-id', '164', '--raw', '--subdir', 'DAGS_FOLDER/customer_churn.py', '--cfg-path', '/tmp/tmp6t0gnqqc']
[2025-03-01T16:44:05.523+0000] {standard_task_runner.py:85} INFO - Job 164: Subtask data_preparation_task
[2025-03-01T16:44:05.547+0000] {logging_mixin.py:154} WARNING - /home/***/.local/lib/python3.8/site-packages/***/settings.py:195 DeprecationWarning: The sql_alchemy_conn option in [core] has been moved to the sql_alchemy_conn option in [database] - the old setting has been used, but please update your config.
[2025-03-01T16:44:05.601+0000] {task_command.py:416} INFO - Running <TaskInstance: customer_churn_ml_pipeline.data_preparation_task manual__2025-03-01T16:43:30.219387+00:00 [running]> on host 7e994a0ed489
[2025-03-01T16:44:05.741+0000] {taskinstance.py:1662} INFO - Exporting env vars: AIRFLOW_CTX_DAG_OWNER='***' AIRFLOW_CTX_DAG_ID='customer_churn_ml_pipeline' AIRFLOW_CTX_TASK_ID='data_preparation_task' AIRFLOW_CTX_EXECUTION_DATE='2025-03-01T16:43:30.219387+00:00' AIRFLOW_CTX_TRY_NUMBER='1' AIRFLOW_CTX_DAG_RUN_ID='manual__2025-03-01T16:43:30.219387+00:00'
[2025-03-01T16:44:05.743+0000] {subprocess.py:63} INFO - Tmp dir root location: /tmp
[2025-03-01T16:44:05.744+0000] {subprocess.py:75} INFO - Running command: ['/bin/bash', '-c', '\n\t\t\tcd /opt/***\n\t\t\tpython /opt/***/executables/data_preparation.py &&                         dvc add /opt/***/data/cleaned &&                         git add /opt/***/data/cleaned.dvc && \t\t\tgit add logs &&\\   \n\t\t\tgit add visualization &&                        git commit -m "Updated cleaned data version" -a &&                         dvc push && git push\n                    ']
[2025-03-01T16:44:05.756+0000] {subprocess.py:86} INFO - Output:
[2025-03-01T16:44:09.229+0000] {subprocess.py:93} INFO - 2025-03-01 16:44:09,229 : INFO : Starting data preparation for csv.
[2025-03-01T16:44:09.253+0000] {subprocess.py:93} INFO - 2025-03-01 16:44:09,252 : INFO : Handling 'Tenure', 'Balance', 'EstimatedSalary' empty data
[2025-03-01T16:44:09.253+0000] {subprocess.py:93} INFO - 2025-03-01 16:44:09,253 : INFO : Handling 'Age' empty data
[2025-03-01T16:44:09.254+0000] {subprocess.py:93} INFO - 2025-03-01 16:44:09,254 : INFO : Droping 'Surname' as it may lead to profiling, 'RowNumber', 'CustomerId' as it is not required
[2025-03-01T16:44:09.256+0000] {subprocess.py:93} INFO - 2025-03-01 16:44:09,256 : INFO : Making 'Geography', 'Gender', 'HasCrCard', 'IsActiveMember' as categorical
[2025-03-01T16:44:09.264+0000] {subprocess.py:93} INFO - 2025-03-01 16:44:09,263 : INFO : Saving data to S3.
[2025-03-01T16:44:09.333+0000] {subprocess.py:93} INFO - 2025-03-01 16:44:09,332 : INFO : Saving report to S3.
[2025-03-01T16:44:09.334+0000] {subprocess.py:93} INFO - 2025-03-01 16:44:09,333 : INFO : Creating Pie chart
[2025-03-01T16:44:09.424+0000] {subprocess.py:93} INFO - 2025-03-01 16:44:09,424 : INFO : Generating histogram for column CreditScore.
[2025-03-01T16:44:09.604+0000] {subprocess.py:93} INFO - 2025-03-01 16:44:09,604 : INFO : Generating histogram for column Geography.
[2025-03-01T16:44:09.752+0000] {subprocess.py:93} INFO - 2025-03-01 16:44:09,751 : INFO : Generating histogram for column Gender.
[2025-03-01T16:44:09.907+0000] {subprocess.py:93} INFO - 2025-03-01 16:44:09,907 : INFO : Generating histogram for column Age.
[2025-03-01T16:44:10.120+0000] {subprocess.py:93} INFO - 2025-03-01 16:44:10,120 : INFO : Generating histogram for column Tenure.
[2025-03-01T16:44:10.302+0000] {subprocess.py:93} INFO - 2025-03-01 16:44:10,301 : INFO : Generating histogram for column Balance.
[2025-03-01T16:44:10.476+0000] {subprocess.py:93} INFO - 2025-03-01 16:44:10,476 : INFO : Generating histogram for column NumOfProducts.
[2025-03-01T16:44:10.687+0000] {subprocess.py:93} INFO - 2025-03-01 16:44:10,686 : INFO : Generating histogram for column HasCrCard.
[2025-03-01T16:44:10.881+0000] {subprocess.py:93} INFO - 2025-03-01 16:44:10,881 : INFO : Generating histogram for column IsActiveMember.
[2025-03-01T16:44:11.098+0000] {subprocess.py:93} INFO - 2025-03-01 16:44:11,098 : INFO : Generating histogram for column EstimatedSalary.
[2025-03-01T16:44:11.287+0000] {subprocess.py:93} INFO - 2025-03-01 16:44:11,287 : INFO : Generating histogram for column Exited.
[2025-03-01T16:44:11.509+0000] {subprocess.py:93} INFO - 2025-03-01 16:44:11,508 : INFO : Generating histogram for relation of Exited with Categorical data.
[2025-03-01T16:44:11.917+0000] {subprocess.py:93} INFO - 2025-03-01 16:44:11,916 : INFO : Using categorical units to plot a list of strings that are all parsable as floats or dates. If these strings should be plotted as numbers, cast to the appropriate data type before plotting.
[2025-03-01T16:44:11.931+0000] {subprocess.py:93} INFO - 2025-03-01 16:44:11,930 : INFO : Using categorical units to plot a list of strings that are all parsable as floats or dates. If these strings should be plotted as numbers, cast to the appropriate data type before plotting.
[2025-03-01T16:44:11.993+0000] {subprocess.py:93} INFO - 2025-03-01 16:44:11,993 : INFO : Using categorical units to plot a list of strings that are all parsable as floats or dates. If these strings should be plotted as numbers, cast to the appropriate data type before plotting.
[2025-03-01T16:44:12.007+0000] {subprocess.py:93} INFO - 2025-03-01 16:44:12,007 : INFO : Using categorical units to plot a list of strings that are all parsable as floats or dates. If these strings should be plotted as numbers, cast to the appropriate data type before plotting.
[2025-03-01T16:44:12.051+0000] {subprocess.py:93} INFO - 2025-03-01 16:44:12,050 : INFO : Generating box plots for relation of Exited with non Categorical data.
[2025-03-01T16:44:12.216+0000] {subprocess.py:93} INFO - 2025-03-01 16:44:12,215 : INFO : Using categorical units to plot a list of strings that are all parsable as floats or dates. If these strings should be plotted as numbers, cast to the appropriate data type before plotting.
[2025-03-01T16:44:12.231+0000] {subprocess.py:93} INFO - 2025-03-01 16:44:12,230 : INFO : Using categorical units to plot a list of strings that are all parsable as floats or dates. If these strings should be plotted as numbers, cast to the appropriate data type before plotting.
[2025-03-01T16:44:12.344+0000] {subprocess.py:93} INFO - 2025-03-01 16:44:12,344 : INFO : Using categorical units to plot a list of strings that are all parsable as floats or dates. If these strings should be plotted as numbers, cast to the appropriate data type before plotting.
[2025-03-01T16:44:12.360+0000] {subprocess.py:93} INFO - 2025-03-01 16:44:12,360 : INFO : Using categorical units to plot a list of strings that are all parsable as floats or dates. If these strings should be plotted as numbers, cast to the appropriate data type before plotting.
[2025-03-01T16:44:12.454+0000] {subprocess.py:93} INFO - 2025-03-01 16:44:12,454 : INFO : Using categorical units to plot a list of strings that are all parsable as floats or dates. If these strings should be plotted as numbers, cast to the appropriate data type before plotting.
[2025-03-01T16:44:12.471+0000] {subprocess.py:93} INFO - 2025-03-01 16:44:12,470 : INFO : Using categorical units to plot a list of strings that are all parsable as floats or dates. If these strings should be plotted as numbers, cast to the appropriate data type before plotting.
[2025-03-01T16:44:12.589+0000] {subprocess.py:93} INFO - 2025-03-01 16:44:12,589 : INFO : Using categorical units to plot a list of strings that are all parsable as floats or dates. If these strings should be plotted as numbers, cast to the appropriate data type before plotting.
[2025-03-01T16:44:12.619+0000] {subprocess.py:93} INFO - 2025-03-01 16:44:12,618 : INFO : Using categorical units to plot a list of strings that are all parsable as floats or dates. If these strings should be plotted as numbers, cast to the appropriate data type before plotting.
[2025-03-01T16:44:12.744+0000] {subprocess.py:93} INFO - 2025-03-01 16:44:12,743 : INFO : Using categorical units to plot a list of strings that are all parsable as floats or dates. If these strings should be plotted as numbers, cast to the appropriate data type before plotting.
[2025-03-01T16:44:12.761+0000] {subprocess.py:93} INFO - 2025-03-01 16:44:12,761 : INFO : Using categorical units to plot a list of strings that are all parsable as floats or dates. If these strings should be plotted as numbers, cast to the appropriate data type before plotting.
[2025-03-01T16:44:12.858+0000] {subprocess.py:93} INFO - 2025-03-01 16:44:12,857 : INFO : Using categorical units to plot a list of strings that are all parsable as floats or dates. If these strings should be plotted as numbers, cast to the appropriate data type before plotting.
[2025-03-01T16:44:12.880+0000] {subprocess.py:93} INFO - 2025-03-01 16:44:12,880 : INFO : Using categorical units to plot a list of strings that are all parsable as floats or dates. If these strings should be plotted as numbers, cast to the appropriate data type before plotting.
[2025-03-01T16:44:13.329+0000] {subprocess.py:93} INFO - 2025-03-01 16:44:13,329 : INFO : Saved pdf in visualization/plots.pdf
[2025-03-01T16:44:15.586+0000] {subprocess.py:93} INFO - 
[2025-03-01T16:44:15.586+0000] {subprocess.py:93} INFO - To track the changes with git, run:
[2025-03-01T16:44:15.587+0000] {subprocess.py:93} INFO - 
[2025-03-01T16:44:15.587+0000] {subprocess.py:93} INFO - 	git add data/cleaned.dvc
[2025-03-01T16:44:15.587+0000] {subprocess.py:93} INFO - 
[2025-03-01T16:44:15.587+0000] {subprocess.py:93} INFO - To enable auto staging, run:
[2025-03-01T16:44:15.587+0000] {subprocess.py:93} INFO - 
[2025-03-01T16:44:15.588+0000] {subprocess.py:93} INFO - 	dvc config core.autostage true
[2025-03-01T16:44:15.942+0000] {subprocess.py:93} INFO - /bin/bash: line 3:  : command not found
[2025-03-01T16:44:16.003+0000] {subprocess.py:93} INFO - [main 15e3d2a] Updated cleaned data version
[2025-03-01T16:44:16.004+0000] {subprocess.py:93} INFO -  5 files changed, 116 insertions(+)
[2025-03-01T16:44:16.004+0000] {subprocess.py:93} INFO -  create mode 100644 logs/dag_id=customer_churn_ml_pipeline/run_id=manual__2025-03-01T16:43:30.219387+00:00/task_id=data_preparation_task/attempt=1.log
[2025-03-01T16:44:22.749+0000] {subprocess.py:93} INFO - Everything is up to date.
[2025-03-01T16:44:25.023+0000] {subprocess.py:93} INFO - To https://github.com/anniemathew-trial/customer_churn_pipeline.git
[2025-03-01T16:44:25.023+0000] {subprocess.py:93} INFO -    f2b4748..15e3d2a  main -> main
[2025-03-01T16:44:25.032+0000] {subprocess.py:97} INFO - Command exited with return code 0
[2025-03-01T16:44:25.098+0000] {taskinstance.py:1400} INFO - Marking task as SUCCESS. dag_id=customer_churn_ml_pipeline, task_id=data_preparation_task, execution_date=20250301T164330, start_date=20250301T164405, end_date=20250301T164425
[2025-03-01T16:44:25.144+0000] {local_task_job_runner.py:228} INFO - Task exited with return code 0
[2025-03-01T16:44:25.205+0000] {taskinstance.py:2778} INFO - 1 downstream tasks scheduled from follow-on schedule check
