[2025-03-09T12:25:10.749+0000] {taskinstance.py:1159} INFO - Dependencies all met for dep_context=non-requeueable deps ti=<TaskInstance: customer_churn_ml_pipeline.data_transformation_task manual__2025-03-09T12:23:56.392807+00:00 [queued]>
[2025-03-09T12:25:10.757+0000] {taskinstance.py:1159} INFO - Dependencies all met for dep_context=requeueable deps ti=<TaskInstance: customer_churn_ml_pipeline.data_transformation_task manual__2025-03-09T12:23:56.392807+00:00 [queued]>
[2025-03-09T12:25:10.758+0000] {taskinstance.py:1361} INFO - Starting attempt 1 of 1
[2025-03-09T12:25:10.772+0000] {taskinstance.py:1382} INFO - Executing <Task(BashOperator): data_transformation_task> on 2025-03-09 12:23:56.392807+00:00
[2025-03-09T12:25:10.775+0000] {standard_task_runner.py:57} INFO - Started process 6450 to run task
[2025-03-09T12:25:10.778+0000] {standard_task_runner.py:84} INFO - Running: ['***', 'tasks', 'run', 'customer_churn_ml_pipeline', 'data_transformation_task', 'manual__2025-03-09T12:23:56.392807+00:00', '--job-id', '362', '--raw', '--subdir', 'DAGS_FOLDER/customer_churn.py', '--cfg-path', '/tmp/tmptoztns0n']
[2025-03-09T12:25:10.780+0000] {standard_task_runner.py:85} INFO - Job 362: Subtask data_transformation_task
[2025-03-09T12:25:10.799+0000] {logging_mixin.py:154} WARNING - /home/***/.local/lib/python3.8/site-packages/***/settings.py:195 DeprecationWarning: The sql_alchemy_conn option in [core] has been moved to the sql_alchemy_conn option in [database] - the old setting has been used, but please update your config.
[2025-03-09T12:25:10.837+0000] {task_command.py:416} INFO - Running <TaskInstance: customer_churn_ml_pipeline.data_transformation_task manual__2025-03-09T12:23:56.392807+00:00 [running]> on host 157237bff8f7
[2025-03-09T12:25:10.938+0000] {taskinstance.py:1662} INFO - Exporting env vars: AIRFLOW_CTX_DAG_OWNER='***' AIRFLOW_CTX_DAG_ID='customer_churn_ml_pipeline' AIRFLOW_CTX_TASK_ID='data_transformation_task' AIRFLOW_CTX_EXECUTION_DATE='2025-03-09T12:23:56.392807+00:00' AIRFLOW_CTX_TRY_NUMBER='1' AIRFLOW_CTX_DAG_RUN_ID='manual__2025-03-09T12:23:56.392807+00:00'
[2025-03-09T12:25:10.939+0000] {subprocess.py:63} INFO - Tmp dir root location: /tmp
[2025-03-09T12:25:10.940+0000] {subprocess.py:75} INFO - Running command: ['/bin/bash', '-c', '\n\t\t\tcd /opt/*** &&                        dvc pull /opt/***/data/cleaned\n                        python /opt/***/executables/data_transformation.py &&                         dvc add /opt/***/data/transformed &&                         git add /opt/***/data/transformed.dvc && \t\t\tgit add logs &&    \t\t\tgit status &&                         git commit -m "Updated transformed data version" -a &&                         dvc push && git push\n                    ']
[2025-03-09T12:25:10.947+0000] {subprocess.py:86} INFO - Output:
[2025-03-09T12:25:14.180+0000] {subprocess.py:93} INFO - Everything is up to date.
[2025-03-09T12:25:16.686+0000] {subprocess.py:93} INFO - 2025-03-09 12:25:16,686 : INFO : Starting data transformation for csv.
[2025-03-09T12:25:16.718+0000] {subprocess.py:93} INFO - 2025-03-09 12:25:16,718 : INFO : Scaling 'Balance', 'EstimatedSalary'.
[2025-03-09T12:25:16.725+0000] {subprocess.py:93} INFO - 2025-03-09 12:25:16,724 : INFO : Saving data to S3.
[2025-03-09T12:25:27.643+0000] {subprocess.py:93} INFO - 2025-03-09 12:25:27,642 : INFO : Starting data transformation for csv.
[2025-03-09T12:25:27.686+0000] {subprocess.py:93} INFO - 2025-03-09 12:25:27,686 : INFO : Scaling 'Balance', 'EstimatedSalary'.
[2025-03-09T12:25:27.692+0000] {subprocess.py:93} INFO - 2025-03-09 12:25:27,692 : INFO : Saving data to S3.
[2025-03-09T12:25:32.202+0000] {subprocess.py:93} INFO - 
[2025-03-09T12:25:32.202+0000] {subprocess.py:93} INFO - To track the changes with git, run:
[2025-03-09T12:25:32.202+0000] {subprocess.py:93} INFO - 
[2025-03-09T12:25:32.203+0000] {subprocess.py:93} INFO - 	git add data/transformed.dvc
[2025-03-09T12:25:32.203+0000] {subprocess.py:93} INFO - 
[2025-03-09T12:25:32.203+0000] {subprocess.py:93} INFO - To enable auto staging, run:
[2025-03-09T12:25:32.204+0000] {subprocess.py:93} INFO - 
[2025-03-09T12:25:32.204+0000] {subprocess.py:93} INFO - 	dvc config core.autostage true
[2025-03-09T12:25:32.435+0000] {subprocess.py:93} INFO - On branch main
[2025-03-09T12:25:32.435+0000] {subprocess.py:93} INFO - Your branch is up to date with 'origin/main'.
[2025-03-09T12:25:32.435+0000] {subprocess.py:93} INFO - 
[2025-03-09T12:25:32.436+0000] {subprocess.py:93} INFO - Changes to be committed:
[2025-03-09T12:25:32.436+0000] {subprocess.py:93} INFO -   (use "git restore --staged <file>..." to unstage)
[2025-03-09T12:25:32.436+0000] {subprocess.py:93} INFO - 	modified:   logs/dag_id=customer_churn_ml_pipeline/run_id=manual__2025-03-09T12:23:56.392807+00:00/task_id=data_preparation_task/attempt=1.log
[2025-03-09T12:25:32.436+0000] {subprocess.py:93} INFO - 	new file:   logs/dag_id=customer_churn_ml_pipeline/run_id=manual__2025-03-09T12:23:56.392807+00:00/task_id=data_transformation_task/attempt=1.log
[2025-03-09T12:25:32.436+0000] {subprocess.py:93} INFO - 	modified:   logs/dag_processor_manager/dag_processor_manager.log
[2025-03-09T12:25:32.436+0000] {subprocess.py:93} INFO - 	modified:   logs/data_transformation.log
[2025-03-09T12:25:32.436+0000] {subprocess.py:93} INFO - 	modified:   logs/scheduler/2025-03-09/customer_churn.py.log
[2025-03-09T12:25:32.436+0000] {subprocess.py:93} INFO - 
[2025-03-09T12:25:32.437+0000] {subprocess.py:93} INFO - Untracked files:
[2025-03-09T12:25:32.437+0000] {subprocess.py:93} INFO -   (use "git add <file>..." to include in what will be committed)
[2025-03-09T12:25:32.437+0000] {subprocess.py:93} INFO - 	customer_churn_stats/feature_repo/data/online_store.db
[2025-03-09T12:25:32.437+0000] {subprocess.py:93} INFO - 	customer_churn_stats/feature_repo/data/registry.db
[2025-03-09T12:25:32.437+0000] {subprocess.py:93} INFO - 	mlartifacts/
[2025-03-09T12:25:32.437+0000] {subprocess.py:93} INFO - 	models/
[2025-03-09T12:25:32.437+0000] {subprocess.py:93} INFO - 	online.db
[2025-03-09T12:25:32.437+0000] {subprocess.py:93} INFO - 
[2025-03-09T12:25:32.488+0000] {subprocess.py:93} INFO - [main a64ec1e] Updated transformed data version
[2025-03-09T12:25:32.488+0000] {subprocess.py:93} INFO -  5 files changed, 78 insertions(+)
[2025-03-09T12:25:32.488+0000] {subprocess.py:93} INFO -  create mode 100644 logs/dag_id=customer_churn_ml_pipeline/run_id=manual__2025-03-09T12:23:56.392807+00:00/task_id=data_transformation_task/attempt=1.log
[2025-03-09T12:25:37.032+0000] {subprocess.py:93} INFO - Everything is up to date.
[2025-03-09T12:25:39.175+0000] {subprocess.py:93} INFO - To https://github.com/anniemathew-trial/customer_churn_pipeline.git
[2025-03-09T12:25:39.175+0000] {subprocess.py:93} INFO -    8326861..a64ec1e  main -> main
[2025-03-09T12:25:39.190+0000] {subprocess.py:97} INFO - Command exited with return code 0
[2025-03-09T12:25:39.243+0000] {taskinstance.py:1400} INFO - Marking task as SUCCESS. dag_id=customer_churn_ml_pipeline, task_id=data_transformation_task, execution_date=20250309T122356, start_date=20250309T122510, end_date=20250309T122539
[2025-03-09T12:25:39.301+0000] {local_task_job_runner.py:228} INFO - Task exited with return code 0
[2025-03-09T12:25:39.351+0000] {taskinstance.py:2778} INFO - 1 downstream tasks scheduled from follow-on schedule check
