[2025-03-09T11:42:32.790+0000] {taskinstance.py:1159} INFO - Dependencies all met for dep_context=non-requeueable deps ti=<TaskInstance: customer_churn_ml_pipeline.data_preparation_task manual__2025-03-09T11:41:44.371749+00:00 [queued]>
[2025-03-09T11:42:32.802+0000] {taskinstance.py:1159} INFO - Dependencies all met for dep_context=requeueable deps ti=<TaskInstance: customer_churn_ml_pipeline.data_preparation_task manual__2025-03-09T11:41:44.371749+00:00 [queued]>
[2025-03-09T11:42:32.802+0000] {taskinstance.py:1361} INFO - Starting attempt 1 of 1
[2025-03-09T11:42:32.818+0000] {taskinstance.py:1382} INFO - Executing <Task(BashOperator): data_preparation_task> on 2025-03-09 11:41:44.371749+00:00
[2025-03-09T11:42:32.822+0000] {standard_task_runner.py:57} INFO - Started process 3574 to run task
[2025-03-09T11:42:32.825+0000] {standard_task_runner.py:84} INFO - Running: ['***', 'tasks', 'run', 'customer_churn_ml_pipeline', 'data_preparation_task', 'manual__2025-03-09T11:41:44.371749+00:00', '--job-id', '325', '--raw', '--subdir', 'DAGS_FOLDER/customer_churn.py', '--cfg-path', '/tmp/tmp7dqcjkti']
[2025-03-09T11:42:32.827+0000] {standard_task_runner.py:85} INFO - Job 325: Subtask data_preparation_task
[2025-03-09T11:42:32.847+0000] {logging_mixin.py:154} WARNING - /home/***/.local/lib/python3.8/site-packages/***/settings.py:195 DeprecationWarning: The sql_alchemy_conn option in [core] has been moved to the sql_alchemy_conn option in [database] - the old setting has been used, but please update your config.
[2025-03-09T11:42:32.891+0000] {task_command.py:416} INFO - Running <TaskInstance: customer_churn_ml_pipeline.data_preparation_task manual__2025-03-09T11:41:44.371749+00:00 [running]> on host 157237bff8f7
[2025-03-09T11:42:33.012+0000] {taskinstance.py:1662} INFO - Exporting env vars: AIRFLOW_CTX_DAG_OWNER='***' AIRFLOW_CTX_DAG_ID='customer_churn_ml_pipeline' AIRFLOW_CTX_TASK_ID='data_preparation_task' AIRFLOW_CTX_EXECUTION_DATE='2025-03-09T11:41:44.371749+00:00' AIRFLOW_CTX_TRY_NUMBER='1' AIRFLOW_CTX_DAG_RUN_ID='manual__2025-03-09T11:41:44.371749+00:00'
[2025-03-09T11:42:33.013+0000] {subprocess.py:63} INFO - Tmp dir root location: /tmp
[2025-03-09T11:42:33.013+0000] {subprocess.py:75} INFO - Running command: ['/bin/bash', '-c', '\n\t\t\tcd /opt/*** &&\t\t\tpython /opt/***/executables/data_preparation.py &&                         dvc add /opt/***/data/cleaned &&                         git add /opt/***/data/cleaned.dvc && \t\t\tgit add logs && \\   \n\t\t\tgit add visualization &&    \t\t\tgit status &&                         git commit -m "Updated cleaned data version" -a &&                         dvc push && git push\n                    ']
[2025-03-09T11:42:33.022+0000] {subprocess.py:86} INFO - Output:
[2025-03-09T11:42:36.028+0000] {subprocess.py:93} INFO - 2025-03-09 11:42:36,028 : INFO : Starting data preparation for customer_data.csv.
[2025-03-09T11:42:36.056+0000] {subprocess.py:93} INFO - 2025-03-09 11:42:36,055 : INFO : Dropping 'Estimated Salary' & 'Credit Score' with 0 & negative values
[2025-03-09T11:42:36.059+0000] {subprocess.py:93} INFO - 2025-03-09 11:42:36,059 : INFO : Handling 'Balance', 'EstimatedSalary' empty data with mean
[2025-03-09T11:42:36.059+0000] {subprocess.py:93} INFO - 2025-03-09 11:42:36,059 : INFO : Handling 'Tenure', 'Age' empty data with tenure + 18 in age and droping tenure with 0 values & negative values
[2025-03-09T11:42:36.071+0000] {subprocess.py:93} INFO - 2025-03-09 11:42:36,071 : INFO : Dropping 'Tenure' less than 0 and greater than 80
[2025-03-09T11:42:36.074+0000] {subprocess.py:93} INFO - 2025-03-09 11:42:36,074 : INFO : Handling 'Age' empty data
[2025-03-09T11:42:36.075+0000] {subprocess.py:93} INFO - 2025-03-09 11:42:36,075 : INFO : Dropping 'Age' less than 18 and greater than 110
[2025-03-09T11:42:36.078+0000] {subprocess.py:93} INFO - 2025-03-09 11:42:36,078 : INFO : Droping 'Surname' as it may lead to profiling, 'RowNumber', 'CustomerId' as it is not required
[2025-03-09T11:42:36.080+0000] {subprocess.py:93} INFO - 2025-03-09 11:42:36,080 : INFO : Making 'Geography', 'Gender' as categorical
[2025-03-09T11:42:36.087+0000] {subprocess.py:93} INFO - 2025-03-09 11:42:36,086 : INFO : Making 'HasCrCard', 'IsActiveMember', 'Exited' as integers
[2025-03-09T11:42:36.088+0000] {subprocess.py:93} INFO - 2025-03-09 11:42:36,088 : INFO : Saving data to S3.
[2025-03-09T11:42:36.088+0000] {subprocess.py:93} INFO - 2025-03-09 11:42:36,088 : INFO : Directory created at /opt/***/data/cleaned/fintech1/09-03-2025/csv
[2025-03-09T11:42:36.328+0000] {subprocess.py:93} INFO - 2025-03-09 11:42:36,328 : INFO : Connected to s3
[2025-03-09T11:42:38.869+0000] {subprocess.py:93} INFO - 2025-03-09 11:42:38,868 : INFO : File uploaded to S3
[2025-03-09T11:42:38.870+0000] {subprocess.py:93} INFO - 2025-03-09 11:42:38,870 : INFO : Creating Pie chart
[2025-03-09T11:42:38.958+0000] {subprocess.py:93} INFO - 2025-03-09 11:42:38,958 : INFO : Generating histogram for column CreditScore.
[2025-03-09T11:42:39.185+0000] {subprocess.py:93} INFO - 2025-03-09 11:42:39,184 : INFO : Generating histogram for column Geography.
[2025-03-09T11:42:39.430+0000] {subprocess.py:93} INFO - 2025-03-09 11:42:39,430 : INFO : Generating histogram for column Gender.
[2025-03-09T11:42:39.584+0000] {subprocess.py:93} INFO - 2025-03-09 11:42:39,583 : INFO : Generating histogram for column Age.
[2025-03-09T11:42:39.809+0000] {subprocess.py:93} INFO - 2025-03-09 11:42:39,808 : INFO : Generating histogram for column Tenure.
[2025-03-09T11:42:40.021+0000] {subprocess.py:93} INFO - 2025-03-09 11:42:40,021 : INFO : Generating histogram for column Balance.
[2025-03-09T11:42:40.237+0000] {subprocess.py:93} INFO - 2025-03-09 11:42:40,237 : INFO : Generating histogram for column NumOfProducts.
[2025-03-09T11:42:40.442+0000] {subprocess.py:93} INFO - 2025-03-09 11:42:40,442 : INFO : Generating histogram for column HasCrCard.
[2025-03-09T11:42:40.642+0000] {subprocess.py:93} INFO - 2025-03-09 11:42:40,642 : INFO : Generating histogram for column IsActiveMember.
[2025-03-09T11:42:40.832+0000] {subprocess.py:93} INFO - 2025-03-09 11:42:40,832 : INFO : Generating histogram for column EstimatedSalary.
[2025-03-09T11:42:41.037+0000] {subprocess.py:93} INFO - 2025-03-09 11:42:41,037 : INFO : Generating histogram for column Exited.
[2025-03-09T11:42:41.262+0000] {subprocess.py:93} INFO - 2025-03-09 11:42:41,261 : INFO : Generating histogram for relation of Exited with Categorical data.
[2025-03-09T11:42:41.648+0000] {subprocess.py:93} INFO - 2025-03-09 11:42:41,648 : INFO : Using categorical units to plot a list of strings that are all parsable as floats or dates. If these strings should be plotted as numbers, cast to the appropriate data type before plotting.
[2025-03-09T11:42:41.678+0000] {subprocess.py:93} INFO - 2025-03-09 11:42:41,678 : INFO : Using categorical units to plot a list of strings that are all parsable as floats or dates. If these strings should be plotted as numbers, cast to the appropriate data type before plotting.
[2025-03-09T11:42:41.776+0000] {subprocess.py:93} INFO - 2025-03-09 11:42:41,775 : INFO : Using categorical units to plot a list of strings that are all parsable as floats or dates. If these strings should be plotted as numbers, cast to the appropriate data type before plotting.
[2025-03-09T11:42:41.798+0000] {subprocess.py:93} INFO - 2025-03-09 11:42:41,797 : INFO : Using categorical units to plot a list of strings that are all parsable as floats or dates. If these strings should be plotted as numbers, cast to the appropriate data type before plotting.
[2025-03-09T11:42:41.865+0000] {subprocess.py:93} INFO - 2025-03-09 11:42:41,864 : INFO : Generating box plots for relation of Exited with non Categorical data.
[2025-03-09T11:42:42.084+0000] {subprocess.py:93} INFO - 2025-03-09 11:42:42,083 : INFO : Using categorical units to plot a list of strings that are all parsable as floats or dates. If these strings should be plotted as numbers, cast to the appropriate data type before plotting.
[2025-03-09T11:42:42.108+0000] {subprocess.py:93} INFO - 2025-03-09 11:42:42,107 : INFO : Using categorical units to plot a list of strings that are all parsable as floats or dates. If these strings should be plotted as numbers, cast to the appropriate data type before plotting.
[2025-03-09T11:42:42.211+0000] {subprocess.py:93} INFO - 2025-03-09 11:42:42,211 : INFO : Using categorical units to plot a list of strings that are all parsable as floats or dates. If these strings should be plotted as numbers, cast to the appropriate data type before plotting.
[2025-03-09T11:42:42.232+0000] {subprocess.py:93} INFO - 2025-03-09 11:42:42,232 : INFO : Using categorical units to plot a list of strings that are all parsable as floats or dates. If these strings should be plotted as numbers, cast to the appropriate data type before plotting.
[2025-03-09T11:42:42.353+0000] {subprocess.py:93} INFO - 2025-03-09 11:42:42,353 : INFO : Using categorical units to plot a list of strings that are all parsable as floats or dates. If these strings should be plotted as numbers, cast to the appropriate data type before plotting.
[2025-03-09T11:42:42.376+0000] {subprocess.py:93} INFO - 2025-03-09 11:42:42,376 : INFO : Using categorical units to plot a list of strings that are all parsable as floats or dates. If these strings should be plotted as numbers, cast to the appropriate data type before plotting.
[2025-03-09T11:42:42.477+0000] {subprocess.py:93} INFO - 2025-03-09 11:42:42,477 : INFO : Using categorical units to plot a list of strings that are all parsable as floats or dates. If these strings should be plotted as numbers, cast to the appropriate data type before plotting.
[2025-03-09T11:42:42.499+0000] {subprocess.py:93} INFO - 2025-03-09 11:42:42,498 : INFO : Using categorical units to plot a list of strings that are all parsable as floats or dates. If these strings should be plotted as numbers, cast to the appropriate data type before plotting.
[2025-03-09T11:42:42.595+0000] {subprocess.py:93} INFO - 2025-03-09 11:42:42,595 : INFO : Using categorical units to plot a list of strings that are all parsable as floats or dates. If these strings should be plotted as numbers, cast to the appropriate data type before plotting.
[2025-03-09T11:42:42.616+0000] {subprocess.py:93} INFO - 2025-03-09 11:42:42,616 : INFO : Using categorical units to plot a list of strings that are all parsable as floats or dates. If these strings should be plotted as numbers, cast to the appropriate data type before plotting.
[2025-03-09T11:42:42.817+0000] {subprocess.py:93} INFO - 2025-03-09 11:42:42,816 : INFO : Using categorical units to plot a list of strings that are all parsable as floats or dates. If these strings should be plotted as numbers, cast to the appropriate data type before plotting.
[2025-03-09T11:42:42.842+0000] {subprocess.py:93} INFO - 2025-03-09 11:42:42,842 : INFO : Using categorical units to plot a list of strings that are all parsable as floats or dates. If these strings should be plotted as numbers, cast to the appropriate data type before plotting.
[2025-03-09T11:42:43.337+0000] {subprocess.py:93} INFO - 2025-03-09 11:42:43,337 : INFO : Saved pdf in /opt/***/visualization/fintech1/09-03-2025/csv/plots.pdf
[2025-03-09T11:42:43.390+0000] {subprocess.py:93} INFO - 2025-03-09 11:42:43,389 : INFO : Starting data preparation for database_data.csv.
[2025-03-09T11:42:43.416+0000] {subprocess.py:93} INFO - 2025-03-09 11:42:43,416 : INFO : Dropping 'Estimated Salary' & 'Credit Score' with 0 & negative values
[2025-03-09T11:42:43.421+0000] {subprocess.py:93} INFO - 2025-03-09 11:42:43,421 : INFO : Handling 'Balance', 'EstimatedSalary' empty data with mean
[2025-03-09T11:42:43.421+0000] {subprocess.py:93} INFO - 2025-03-09 11:42:43,421 : INFO : Handling 'Tenure', 'Age' empty data with tenure + 18 in age and droping tenure with 0 values & negative values
[2025-03-09T11:42:43.422+0000] {subprocess.py:93} INFO - 2025-03-09 11:42:43,421 : INFO : Dropping 'Tenure' less than 0 and greater than 80
[2025-03-09T11:42:43.425+0000] {subprocess.py:93} INFO - 2025-03-09 11:42:43,424 : INFO : Handling 'Age' empty data
[2025-03-09T11:42:43.426+0000] {subprocess.py:93} INFO - 2025-03-09 11:42:43,426 : INFO : Dropping 'Age' less than 18 and greater than 110
[2025-03-09T11:42:43.430+0000] {subprocess.py:93} INFO - 2025-03-09 11:42:43,429 : INFO : Droping 'Surname' as it may lead to profiling, 'RowNumber', 'CustomerId' as it is not required
[2025-03-09T11:42:43.432+0000] {subprocess.py:93} INFO - 2025-03-09 11:42:43,431 : INFO : Making 'Geography', 'Gender' as categorical
[2025-03-09T11:42:43.440+0000] {subprocess.py:93} INFO - 2025-03-09 11:42:43,440 : INFO : Making 'HasCrCard', 'IsActiveMember', 'Exited' as integers
[2025-03-09T11:42:43.443+0000] {subprocess.py:93} INFO - 2025-03-09 11:42:43,442 : INFO : Saving data to S3.
[2025-03-09T11:42:43.443+0000] {subprocess.py:93} INFO - 2025-03-09 11:42:43,443 : INFO : Directory created at /opt/***/data/cleaned/fintech2/09-03-2025/database
[2025-03-09T11:42:43.576+0000] {subprocess.py:93} INFO - 2025-03-09 11:42:43,575 : INFO : Connected to s3
[2025-03-09T11:42:46.132+0000] {subprocess.py:93} INFO - 2025-03-09 11:42:46,132 : INFO : File uploaded to S3
[2025-03-09T11:42:46.132+0000] {subprocess.py:93} INFO - 2025-03-09 11:42:46,132 : INFO : Creating Pie chart
[2025-03-09T11:42:46.198+0000] {subprocess.py:93} INFO - 2025-03-09 11:42:46,198 : INFO : Generating histogram for column CreditScore.
[2025-03-09T11:42:46.301+0000] {subprocess.py:93} INFO - 2025-03-09 11:42:46,300 : INFO : Generating histogram for column Geography.
[2025-03-09T11:42:46.382+0000] {subprocess.py:93} INFO - 2025-03-09 11:42:46,382 : INFO : Generating histogram for column Gender.
[2025-03-09T11:42:46.479+0000] {subprocess.py:93} INFO - 2025-03-09 11:42:46,479 : INFO : Generating histogram for column Age.
[2025-03-09T11:42:46.607+0000] {subprocess.py:93} INFO - 2025-03-09 11:42:46,607 : INFO : Generating histogram for column Tenure.
[2025-03-09T11:42:46.712+0000] {subprocess.py:93} INFO - 2025-03-09 11:42:46,712 : INFO : Generating histogram for column Balance.
[2025-03-09T11:42:46.840+0000] {subprocess.py:93} INFO - 2025-03-09 11:42:46,840 : INFO : Generating histogram for column NumOfProducts.
[2025-03-09T11:42:46.981+0000] {subprocess.py:93} INFO - 2025-03-09 11:42:46,981 : INFO : Generating histogram for column HasCrCard.
[2025-03-09T11:42:47.128+0000] {subprocess.py:93} INFO - 2025-03-09 11:42:47,128 : INFO : Generating histogram for column IsActiveMember.
[2025-03-09T11:42:47.275+0000] {subprocess.py:93} INFO - 2025-03-09 11:42:47,274 : INFO : Generating histogram for column EstimatedSalary.
[2025-03-09T11:42:47.442+0000] {subprocess.py:93} INFO - 2025-03-09 11:42:47,441 : INFO : Generating histogram for column Exited.
[2025-03-09T11:42:47.610+0000] {subprocess.py:93} INFO - 2025-03-09 11:42:47,610 : INFO : Generating histogram for relation of Exited with Categorical data.
[2025-03-09T11:42:47.949+0000] {subprocess.py:93} INFO - 2025-03-09 11:42:47,948 : INFO : Using categorical units to plot a list of strings that are all parsable as floats or dates. If these strings should be plotted as numbers, cast to the appropriate data type before plotting.
[2025-03-09T11:42:47.970+0000] {subprocess.py:93} INFO - 2025-03-09 11:42:47,969 : INFO : Using categorical units to plot a list of strings that are all parsable as floats or dates. If these strings should be plotted as numbers, cast to the appropriate data type before plotting.
[2025-03-09T11:42:48.065+0000] {subprocess.py:93} INFO - 2025-03-09 11:42:48,065 : INFO : Using categorical units to plot a list of strings that are all parsable as floats or dates. If these strings should be plotted as numbers, cast to the appropriate data type before plotting.
[2025-03-09T11:42:48.089+0000] {subprocess.py:93} INFO - 2025-03-09 11:42:48,089 : INFO : Using categorical units to plot a list of strings that are all parsable as floats or dates. If these strings should be plotted as numbers, cast to the appropriate data type before plotting.
[2025-03-09T11:42:48.151+0000] {subprocess.py:93} INFO - 2025-03-09 11:42:48,150 : INFO : Generating box plots for relation of Exited with non Categorical data.
[2025-03-09T11:42:48.443+0000] {subprocess.py:93} INFO - 2025-03-09 11:42:48,443 : INFO : Using categorical units to plot a list of strings that are all parsable as floats or dates. If these strings should be plotted as numbers, cast to the appropriate data type before plotting.
[2025-03-09T11:42:48.461+0000] {subprocess.py:93} INFO - 2025-03-09 11:42:48,460 : INFO : Using categorical units to plot a list of strings that are all parsable as floats or dates. If these strings should be plotted as numbers, cast to the appropriate data type before plotting.
[2025-03-09T11:42:48.546+0000] {subprocess.py:93} INFO - 2025-03-09 11:42:48,546 : INFO : Using categorical units to plot a list of strings that are all parsable as floats or dates. If these strings should be plotted as numbers, cast to the appropriate data type before plotting.
[2025-03-09T11:42:48.566+0000] {subprocess.py:93} INFO - 2025-03-09 11:42:48,565 : INFO : Using categorical units to plot a list of strings that are all parsable as floats or dates. If these strings should be plotted as numbers, cast to the appropriate data type before plotting.
[2025-03-09T11:42:48.665+0000] {subprocess.py:93} INFO - 2025-03-09 11:42:48,664 : INFO : Using categorical units to plot a list of strings that are all parsable as floats or dates. If these strings should be plotted as numbers, cast to the appropriate data type before plotting.
[2025-03-09T11:42:48.682+0000] {subprocess.py:93} INFO - 2025-03-09 11:42:48,682 : INFO : Using categorical units to plot a list of strings that are all parsable as floats or dates. If these strings should be plotted as numbers, cast to the appropriate data type before plotting.
[2025-03-09T11:42:48.762+0000] {subprocess.py:93} INFO - 2025-03-09 11:42:48,761 : INFO : Using categorical units to plot a list of strings that are all parsable as floats or dates. If these strings should be plotted as numbers, cast to the appropriate data type before plotting.
[2025-03-09T11:42:48.780+0000] {subprocess.py:93} INFO - 2025-03-09 11:42:48,780 : INFO : Using categorical units to plot a list of strings that are all parsable as floats or dates. If these strings should be plotted as numbers, cast to the appropriate data type before plotting.
[2025-03-09T11:42:48.859+0000] {subprocess.py:93} INFO - 2025-03-09 11:42:48,859 : INFO : Using categorical units to plot a list of strings that are all parsable as floats or dates. If these strings should be plotted as numbers, cast to the appropriate data type before plotting.
[2025-03-09T11:42:48.876+0000] {subprocess.py:93} INFO - 2025-03-09 11:42:48,876 : INFO : Using categorical units to plot a list of strings that are all parsable as floats or dates. If these strings should be plotted as numbers, cast to the appropriate data type before plotting.
[2025-03-09T11:42:48.955+0000] {subprocess.py:93} INFO - 2025-03-09 11:42:48,955 : INFO : Using categorical units to plot a list of strings that are all parsable as floats or dates. If these strings should be plotted as numbers, cast to the appropriate data type before plotting.
[2025-03-09T11:42:48.973+0000] {subprocess.py:93} INFO - 2025-03-09 11:42:48,973 : INFO : Using categorical units to plot a list of strings that are all parsable as floats or dates. If these strings should be plotted as numbers, cast to the appropriate data type before plotting.
[2025-03-09T11:42:49.370+0000] {subprocess.py:93} INFO - 2025-03-09 11:42:49,370 : INFO : Saved pdf in /opt/***/visualization/fintech2/09-03-2025/database/plots.pdf
[2025-03-09T11:42:51.677+0000] {subprocess.py:93} INFO - 
[2025-03-09T11:42:51.677+0000] {subprocess.py:93} INFO - To track the changes with git, run:
[2025-03-09T11:42:51.677+0000] {subprocess.py:93} INFO - 
[2025-03-09T11:42:51.678+0000] {subprocess.py:93} INFO - 	git add data/cleaned.dvc
[2025-03-09T11:42:51.678+0000] {subprocess.py:93} INFO - 
[2025-03-09T11:42:51.678+0000] {subprocess.py:93} INFO - To enable auto staging, run:
[2025-03-09T11:42:51.678+0000] {subprocess.py:93} INFO - 
[2025-03-09T11:42:51.678+0000] {subprocess.py:93} INFO - 	dvc config core.autostage true
[2025-03-09T11:42:52.013+0000] {subprocess.py:93} INFO - /bin/bash: line 2:  : command not found
[2025-03-09T11:42:52.043+0000] {subprocess.py:93} INFO - On branch main
[2025-03-09T11:42:52.043+0000] {subprocess.py:93} INFO - Your branch is up to date with 'origin/main'.
[2025-03-09T11:42:52.044+0000] {subprocess.py:93} INFO - 
[2025-03-09T11:42:52.044+0000] {subprocess.py:93} INFO - Changes to be committed:
[2025-03-09T11:42:52.044+0000] {subprocess.py:93} INFO -   (use "git restore --staged <file>..." to unstage)
[2025-03-09T11:42:52.044+0000] {subprocess.py:93} INFO - 	new file:   logs/dag_id=customer_churn_ml_pipeline/run_id=manual__2025-03-09T11:41:44.371749+00:00/task_id=data_preparation_task/attempt=1.log
[2025-03-09T11:42:52.044+0000] {subprocess.py:93} INFO - 	modified:   logs/dag_id=customer_churn_ml_pipeline/run_id=manual__2025-03-09T11:41:44.371749+00:00/task_id=data_validation_task/attempt=1.log
[2025-03-09T11:42:52.045+0000] {subprocess.py:93} INFO - 	modified:   logs/dag_processor_manager/dag_processor_manager.log
[2025-03-09T11:42:52.045+0000] {subprocess.py:93} INFO - 	modified:   logs/data_preparation.log
[2025-03-09T11:42:52.045+0000] {subprocess.py:93} INFO - 	modified:   logs/scheduler/2025-03-09/customer_churn.py.log
[2025-03-09T11:42:52.045+0000] {subprocess.py:93} INFO - 	modified:   visualization/fintech1/09-03-2025/csv/plots.pdf
[2025-03-09T11:42:52.045+0000] {subprocess.py:93} INFO - 	modified:   visualization/fintech2/09-03-2025/database/plots.pdf
[2025-03-09T11:42:52.045+0000] {subprocess.py:93} INFO - 
[2025-03-09T11:42:52.046+0000] {subprocess.py:93} INFO - Changes not staged for commit:
[2025-03-09T11:42:52.046+0000] {subprocess.py:93} INFO -   (use "git add <file>..." to update what will be committed)
[2025-03-09T11:42:52.046+0000] {subprocess.py:93} INFO -   (use "git restore <file>..." to discard changes in working directory)
[2025-03-09T11:42:52.046+0000] {subprocess.py:93} INFO - 	modified:   logs/dag_id=customer_churn_ml_pipeline/run_id=manual__2025-03-09T11:41:44.371749+00:00/task_id=data_preparation_task/attempt=1.log
[2025-03-09T11:42:52.046+0000] {subprocess.py:93} INFO - 
[2025-03-09T11:42:52.046+0000] {subprocess.py:93} INFO - Untracked files:
[2025-03-09T11:42:52.047+0000] {subprocess.py:93} INFO -   (use "git add <file>..." to include in what will be committed)
[2025-03-09T11:42:52.047+0000] {subprocess.py:93} INFO - 	customer_churn_stats/feature_repo/data/online_store.db
[2025-03-09T11:42:52.047+0000] {subprocess.py:93} INFO - 	customer_churn_stats/feature_repo/data/registry.db
[2025-03-09T11:42:52.047+0000] {subprocess.py:93} INFO - 	mlartifacts/
[2025-03-09T11:42:52.047+0000] {subprocess.py:93} INFO - 	mlruns/0/02cf6e6206f844d1ba80a33e9129d0ec/
[2025-03-09T11:42:52.047+0000] {subprocess.py:93} INFO - 	mlruns/0/2428ae54236c4dc5ac70531d2223aa46/
[2025-03-09T11:42:52.048+0000] {subprocess.py:93} INFO - 	mlruns/0/4670ea9ac5774a62a0288c9d9cd091d4/
[2025-03-09T11:42:52.048+0000] {subprocess.py:93} INFO - 	mlruns/0/b0c108eb50f34f989a06d9757a745734/
[2025-03-09T11:42:52.048+0000] {subprocess.py:93} INFO - 	mlruns/0/bdf0858443144132aaa37af668cdfb45/
[2025-03-09T11:42:52.048+0000] {subprocess.py:93} INFO - 	mlruns/0/d372010ed55142098d35f880b4b7339f/
[2025-03-09T11:42:52.048+0000] {subprocess.py:93} INFO - 	mlruns/0/ec578aef29c94a80b987ea5333f145ab/
[2025-03-09T11:42:52.049+0000] {subprocess.py:93} INFO - 	mlruns/0/f6ec5813e0d2496ab1aab0cdf0e24daa/
[2025-03-09T11:42:52.049+0000] {subprocess.py:93} INFO - 	mlruns/models/
[2025-03-09T11:42:52.049+0000] {subprocess.py:93} INFO - 	models/
[2025-03-09T11:42:52.049+0000] {subprocess.py:93} INFO - 	online.db
[2025-03-09T11:42:52.050+0000] {subprocess.py:93} INFO - 
