[2025-02-28T06:31:27.025+0000] {taskinstance.py:1159} INFO - Dependencies all met for dep_context=non-requeueable deps ti=<TaskInstance: customer_churn_ml_pipeline.pull manual__2025-02-28T06:31:26.133976+00:00 [queued]>
[2025-02-28T06:31:27.038+0000] {taskinstance.py:1159} INFO - Dependencies all met for dep_context=requeueable deps ti=<TaskInstance: customer_churn_ml_pipeline.pull manual__2025-02-28T06:31:26.133976+00:00 [queued]>
[2025-02-28T06:31:27.039+0000] {taskinstance.py:1361} INFO - Starting attempt 1 of 1
[2025-02-28T06:31:27.064+0000] {taskinstance.py:1382} INFO - Executing <Task(BashOperator): pull> on 2025-02-28 06:31:26.133976+00:00
[2025-02-28T06:31:27.071+0000] {standard_task_runner.py:57} INFO - Started process 10282 to run task
[2025-02-28T06:31:27.075+0000] {standard_task_runner.py:84} INFO - Running: ['***', 'tasks', 'run', 'customer_churn_ml_pipeline', 'pull', 'manual__2025-02-28T06:31:26.133976+00:00', '--job-id', '53', '--raw', '--subdir', 'DAGS_FOLDER/customer_churn.py', '--cfg-path', '/tmp/tmpnwdy6w4d']
[2025-02-28T06:31:27.080+0000] {standard_task_runner.py:85} INFO - Job 53: Subtask pull
[2025-02-28T06:31:27.119+0000] {logging_mixin.py:154} WARNING - /home/***/.local/lib/python3.8/site-packages/***/settings.py:195 DeprecationWarning: The sql_alchemy_conn option in [core] has been moved to the sql_alchemy_conn option in [database] - the old setting has been used, but please update your config.
[2025-02-28T06:31:27.208+0000] {task_command.py:416} INFO - Running <TaskInstance: customer_churn_ml_pipeline.pull manual__2025-02-28T06:31:26.133976+00:00 [running]> on host 4470298645d8
[2025-02-28T06:31:27.319+0000] {taskinstance.py:1662} INFO - Exporting env vars: AIRFLOW_CTX_DAG_OWNER='***' AIRFLOW_CTX_DAG_ID='customer_churn_ml_pipeline' AIRFLOW_CTX_TASK_ID='pull' AIRFLOW_CTX_EXECUTION_DATE='2025-02-28T06:31:26.133976+00:00' AIRFLOW_CTX_TRY_NUMBER='1' AIRFLOW_CTX_DAG_RUN_ID='manual__2025-02-28T06:31:26.133976+00:00'
[2025-02-28T06:31:27.320+0000] {subprocess.py:63} INFO - Tmp dir root location: /tmp
[2025-02-28T06:31:27.320+0000] {subprocess.py:75} INFO - Running command: ['/bin/bash', '-c', 'cd /opt/*** && dvc pull && git pull']
[2025-02-28T06:31:27.331+0000] {subprocess.py:86} INFO - Output:
[2025-02-28T06:31:30.185+0000] {subprocess.py:93} INFO - Everything is up to date.
[2025-02-28T06:31:30.665+0000] {subprocess.py:93} INFO - hint: Pulling without specifying how to reconcile divergent branches is
[2025-02-28T06:31:30.666+0000] {subprocess.py:93} INFO - hint: discouraged. You can squelch this message by running one of the following
[2025-02-28T06:31:30.666+0000] {subprocess.py:93} INFO - hint: commands sometime before your next pull:
[2025-02-28T06:31:30.667+0000] {subprocess.py:93} INFO - hint:
[2025-02-28T06:31:30.667+0000] {subprocess.py:93} INFO - hint:   git config pull.rebase false  # merge (the default strategy)
[2025-02-28T06:31:30.667+0000] {subprocess.py:93} INFO - hint:   git config pull.rebase true   # rebase
[2025-02-28T06:31:30.667+0000] {subprocess.py:93} INFO - hint:   git config pull.ff only       # fast-forward only
[2025-02-28T06:31:30.667+0000] {subprocess.py:93} INFO - hint:
[2025-02-28T06:31:30.668+0000] {subprocess.py:93} INFO - hint: You can replace "git config" with "git config --global" to set a default
[2025-02-28T06:31:30.668+0000] {subprocess.py:93} INFO - hint: preference for all repositories. You can also pass --rebase, --no-rebase,
[2025-02-28T06:31:30.668+0000] {subprocess.py:93} INFO - hint: or --ff-only on the command line to override the configured default per
[2025-02-28T06:31:30.669+0000] {subprocess.py:93} INFO - hint: invocation.
[2025-02-28T06:31:31.899+0000] {subprocess.py:93} INFO - Already up to date.
[2025-02-28T06:31:31.900+0000] {subprocess.py:97} INFO - Command exited with return code 0
[2025-02-28T06:31:31.954+0000] {taskinstance.py:1400} INFO - Marking task as SUCCESS. dag_id=customer_churn_ml_pipeline, task_id=pull, execution_date=20250228T063126, start_date=20250228T063127, end_date=20250228T063131
[2025-02-28T06:31:31.993+0000] {local_task_job_runner.py:228} INFO - Task exited with return code 0
[2025-02-28T06:31:32.048+0000] {taskinstance.py:2778} INFO - 1 downstream tasks scheduled from follow-on schedule check
