[2025-03-02T07:55:38.353+0000] {taskinstance.py:1159} INFO - Dependencies all met for dep_context=non-requeueable deps ti=<TaskInstance: customer_churn_ml_pipeline.pull_latest_codes manual__2025-03-02T07:55:23.237759+00:00 [queued]>
[2025-03-02T07:55:38.435+0000] {taskinstance.py:1159} INFO - Dependencies all met for dep_context=requeueable deps ti=<TaskInstance: customer_churn_ml_pipeline.pull_latest_codes manual__2025-03-02T07:55:23.237759+00:00 [queued]>
[2025-03-02T07:55:38.436+0000] {taskinstance.py:1361} INFO - Starting attempt 1 of 1
[2025-03-02T07:55:38.620+0000] {taskinstance.py:1382} INFO - Executing <Task(BashOperator): pull_latest_codes> on 2025-03-02 07:55:23.237759+00:00
[2025-03-02T07:55:38.688+0000] {standard_task_runner.py:57} INFO - Started process 7134 to run task
[2025-03-02T07:55:38.715+0000] {standard_task_runner.py:84} INFO - Running: ['***', 'tasks', 'run', 'customer_churn_ml_pipeline', 'pull_latest_codes', 'manual__2025-03-02T07:55:23.237759+00:00', '--job-id', '293', '--raw', '--subdir', 'DAGS_FOLDER/customer_churn.py', '--cfg-path', '/tmp/tmpxhx1ktwn']
[2025-03-02T07:55:38.748+0000] {standard_task_runner.py:85} INFO - Job 293: Subtask pull_latest_codes
[2025-03-02T07:55:38.939+0000] {logging_mixin.py:154} WARNING - /home/***/.local/lib/python3.8/site-packages/***/settings.py:195 DeprecationWarning: The sql_alchemy_conn option in [core] has been moved to the sql_alchemy_conn option in [database] - the old setting has been used, but please update your config.
[2025-03-02T07:55:39.290+0000] {task_command.py:416} INFO - Running <TaskInstance: customer_churn_ml_pipeline.pull_latest_codes manual__2025-03-02T07:55:23.237759+00:00 [running]> on host 7e994a0ed489
[2025-03-02T07:55:40.043+0000] {taskinstance.py:1662} INFO - Exporting env vars: AIRFLOW_CTX_DAG_OWNER='***' AIRFLOW_CTX_DAG_ID='customer_churn_ml_pipeline' AIRFLOW_CTX_TASK_ID='pull_latest_codes' AIRFLOW_CTX_EXECUTION_DATE='2025-03-02T07:55:23.237759+00:00' AIRFLOW_CTX_TRY_NUMBER='1' AIRFLOW_CTX_DAG_RUN_ID='manual__2025-03-02T07:55:23.237759+00:00'
[2025-03-02T07:55:40.055+0000] {subprocess.py:63} INFO - Tmp dir root location: /tmp
[2025-03-02T07:55:40.072+0000] {subprocess.py:75} INFO - Running command: ['/bin/bash', '-c', 'cd /opt/*** && dvc pull && git pull']
[2025-03-02T07:55:40.121+0000] {subprocess.py:86} INFO - Output:
[2025-03-02T07:55:47.557+0000] {subprocess.py:93} INFO - ERROR: failed to pull data from the cloud - Unable to acquire lock. Most likely another DVC process is running or was terminated abruptly. Check the page <https://dvc.org/doc/user-guide/troubleshooting#lock-issue> for other possible reasons and to learn how to resolve this.
[2025-03-02T07:55:48.457+0000] {subprocess.py:97} INFO - Command exited with return code 1
[2025-03-02T07:55:48.539+0000] {taskinstance.py:1937} ERROR - Task failed with exception
Traceback (most recent call last):
  File "/home/airflow/.local/lib/python3.8/site-packages/airflow/operators/bash.py", line 210, in execute
    raise AirflowException(
airflow.exceptions.AirflowException: Bash command failed. The command returned a non-zero exit code 1.
[2025-03-02T07:55:48.556+0000] {taskinstance.py:1400} INFO - Marking task as FAILED. dag_id=customer_churn_ml_pipeline, task_id=pull_latest_codes, execution_date=20250302T075523, start_date=20250302T075538, end_date=20250302T075548
[2025-03-02T07:55:48.637+0000] {standard_task_runner.py:104} ERROR - Failed to execute job 293 for task pull_latest_codes (Bash command failed. The command returned a non-zero exit code 1.; 7134)
[2025-03-02T07:55:48.668+0000] {local_task_job_runner.py:228} INFO - Task exited with return code 1
[2025-03-02T07:55:49.043+0000] {taskinstance.py:2778} INFO - 0 downstream tasks scheduled from follow-on schedule check
