[2025-03-03T23:26:32.203+0000] {taskinstance.py:1159} INFO - Dependencies all met for dep_context=non-requeueable deps ti=<TaskInstance: customer_churn_ml_pipeline.data_transformation_task manual__2025-03-03T23:25:17.167608+00:00 [queued]>
[2025-03-03T23:26:32.213+0000] {taskinstance.py:1159} INFO - Dependencies all met for dep_context=requeueable deps ti=<TaskInstance: customer_churn_ml_pipeline.data_transformation_task manual__2025-03-03T23:25:17.167608+00:00 [queued]>
[2025-03-03T23:26:32.214+0000] {taskinstance.py:1361} INFO - Starting attempt 1 of 1
[2025-03-03T23:26:32.233+0000] {taskinstance.py:1382} INFO - Executing <Task(BashOperator): data_transformation_task> on 2025-03-03 23:25:17.167608+00:00
[2025-03-03T23:26:32.237+0000] {standard_task_runner.py:57} INFO - Started process 6357 to run task
[2025-03-03T23:26:32.240+0000] {standard_task_runner.py:84} INFO - Running: ['***', 'tasks', 'run', 'customer_churn_ml_pipeline', 'data_transformation_task', 'manual__2025-03-03T23:25:17.167608+00:00', '--job-id', '233', '--raw', '--subdir', 'DAGS_FOLDER/customer_churn.py', '--cfg-path', '/tmp/tmp5cbwamrh']
[2025-03-03T23:26:32.243+0000] {standard_task_runner.py:85} INFO - Job 233: Subtask data_transformation_task
[2025-03-03T23:26:32.265+0000] {logging_mixin.py:154} WARNING - /home/***/.local/lib/python3.8/site-packages/***/settings.py:195 DeprecationWarning: The sql_alchemy_conn option in [core] has been moved to the sql_alchemy_conn option in [database] - the old setting has been used, but please update your config.
[2025-03-03T23:26:32.310+0000] {task_command.py:416} INFO - Running <TaskInstance: customer_churn_ml_pipeline.data_transformation_task manual__2025-03-03T23:25:17.167608+00:00 [running]> on host 157237bff8f7
[2025-03-03T23:26:32.423+0000] {taskinstance.py:1662} INFO - Exporting env vars: AIRFLOW_CTX_DAG_OWNER='***' AIRFLOW_CTX_DAG_ID='customer_churn_ml_pipeline' AIRFLOW_CTX_TASK_ID='data_transformation_task' AIRFLOW_CTX_EXECUTION_DATE='2025-03-03T23:25:17.167608+00:00' AIRFLOW_CTX_TRY_NUMBER='1' AIRFLOW_CTX_DAG_RUN_ID='manual__2025-03-03T23:25:17.167608+00:00'
[2025-03-03T23:26:32.424+0000] {subprocess.py:63} INFO - Tmp dir root location: /tmp
[2025-03-03T23:26:32.425+0000] {subprocess.py:75} INFO - Running command: ['/bin/bash', '-c', '\n\t\t\tcd /opt/*** &&                        dvc pull /opt/***/data/cleaned\n                        python /opt/***/executables/data_transformation.py &&                         dvc add /opt/***/data/transformed &&                         git add /opt/***/data/transformed.dvc && \t\t\tgit add logs &&    \t\t\tgit status &&                         git commit -m "Updated transformed data version" -a &&                         dvc push && git push\n                    ']
[2025-03-03T23:26:32.435+0000] {subprocess.py:86} INFO - Output:
[2025-03-03T23:26:35.629+0000] {subprocess.py:93} INFO - Everything is up to date.
[2025-03-03T23:26:38.595+0000] {subprocess.py:93} INFO - 2025-03-03 23:26:38,594 : INFO : Starting data transformation for csv.
[2025-03-03T23:26:38.634+0000] {subprocess.py:93} INFO - 2025-03-03 23:26:38,633 : INFO : Scaling 'Tenure', 'Balance', 'EstimatedSalary'.
[2025-03-03T23:26:38.642+0000] {subprocess.py:93} INFO - 2025-03-03 23:26:38,642 : INFO : Saving data to S3.
[2025-03-03T23:26:41.962+0000] {subprocess.py:93} INFO - 2025-03-03 23:26:41,961 : INFO : Starting data transformation for csv.
[2025-03-03T23:26:42.008+0000] {subprocess.py:93} INFO - 2025-03-03 23:26:42,007 : INFO : Scaling 'Tenure', 'Balance', 'EstimatedSalary'.
[2025-03-03T23:26:42.013+0000] {subprocess.py:93} INFO - 2025-03-03 23:26:42,013 : INFO : Saving data to S3.
[2025-03-03T23:26:46.335+0000] {subprocess.py:93} INFO - 
[2025-03-03T23:26:46.335+0000] {subprocess.py:93} INFO - To track the changes with git, run:
[2025-03-03T23:26:46.336+0000] {subprocess.py:93} INFO - 
[2025-03-03T23:26:46.336+0000] {subprocess.py:93} INFO - 	git add data/transformed.dvc
[2025-03-03T23:26:46.336+0000] {subprocess.py:93} INFO - 
[2025-03-03T23:26:46.336+0000] {subprocess.py:93} INFO - To enable auto staging, run:
[2025-03-03T23:26:46.336+0000] {subprocess.py:93} INFO - 
[2025-03-03T23:26:46.336+0000] {subprocess.py:93} INFO - 	dvc config core.autostage true
[2025-03-03T23:26:46.619+0000] {subprocess.py:93} INFO - On branch main
[2025-03-03T23:26:46.619+0000] {subprocess.py:93} INFO - Your branch is up to date with 'origin/main'.
[2025-03-03T23:26:46.619+0000] {subprocess.py:93} INFO - 
[2025-03-03T23:26:46.619+0000] {subprocess.py:93} INFO - Changes to be committed:
[2025-03-03T23:26:46.620+0000] {subprocess.py:93} INFO -   (use "git restore --staged <file>..." to unstage)
[2025-03-03T23:26:46.620+0000] {subprocess.py:93} INFO - 	modified:   logs/dag_id=customer_churn_ml_pipeline/run_id=manual__2025-03-03T23:25:17.167608+00:00/task_id=data_preparation_task/attempt=1.log
[2025-03-03T23:26:46.620+0000] {subprocess.py:93} INFO - 	new file:   logs/dag_id=customer_churn_ml_pipeline/run_id=manual__2025-03-03T23:25:17.167608+00:00/task_id=data_transformation_task/attempt=1.log
[2025-03-03T23:26:46.620+0000] {subprocess.py:93} INFO - 	modified:   logs/dag_processor_manager/dag_processor_manager.log
[2025-03-03T23:26:46.620+0000] {subprocess.py:93} INFO - 	modified:   logs/data_transformation.log
[2025-03-03T23:26:46.621+0000] {subprocess.py:93} INFO - 	modified:   logs/scheduler/2025-03-03/customer_churn.py.log
[2025-03-03T23:26:46.621+0000] {subprocess.py:93} INFO - 
[2025-03-03T23:26:46.621+0000] {subprocess.py:93} INFO - Untracked files:
[2025-03-03T23:26:46.621+0000] {subprocess.py:93} INFO -   (use "git add <file>..." to include in what will be committed)
[2025-03-03T23:26:46.621+0000] {subprocess.py:93} INFO - 	customer_churn_stats/feature_repo/data/online_store.db
[2025-03-03T23:26:46.621+0000] {subprocess.py:93} INFO - 	customer_churn_stats/feature_repo/data/registry.db
[2025-03-03T23:26:46.621+0000] {subprocess.py:93} INFO - 	models/
[2025-03-03T23:26:46.621+0000] {subprocess.py:93} INFO - 	online.db
[2025-03-03T23:26:46.622+0000] {subprocess.py:93} INFO - 
[2025-03-03T23:26:46.682+0000] {subprocess.py:93} INFO - [main 70a4f5d] Updated transformed data version
[2025-03-03T23:26:46.682+0000] {subprocess.py:93} INFO -  5 files changed, 79 insertions(+)
[2025-03-03T23:26:46.682+0000] {subprocess.py:93} INFO -  create mode 100644 logs/dag_id=customer_churn_ml_pipeline/run_id=manual__2025-03-03T23:25:17.167608+00:00/task_id=data_transformation_task/attempt=1.log
[2025-03-03T23:26:52.305+0000] {subprocess.py:93} INFO - Everything is up to date.
[2025-03-03T23:26:54.221+0000] {subprocess.py:93} INFO - To https://github.com/anniemathew-trial/customer_churn_pipeline.git
[2025-03-03T23:26:54.232+0000] {subprocess.py:93} INFO -    84f6a63..70a4f5d  main -> main
[2025-03-03T23:26:54.239+0000] {subprocess.py:97} INFO - Command exited with return code 0
[2025-03-03T23:26:54.282+0000] {taskinstance.py:1400} INFO - Marking task as SUCCESS. dag_id=customer_churn_ml_pipeline, task_id=data_transformation_task, execution_date=20250303T232517, start_date=20250303T232632, end_date=20250303T232654
[2025-03-03T23:26:54.322+0000] {local_task_job_runner.py:228} INFO - Task exited with return code 0
[2025-03-03T23:26:54.362+0000] {taskinstance.py:2778} INFO - 1 downstream tasks scheduled from follow-on schedule check
