[2025-03-01T16:33:16.970+0000] {taskinstance.py:1159} INFO - Dependencies all met for dep_context=non-requeueable deps ti=<TaskInstance: customer_churn_ml_pipeline.data_preparation_task manual__2025-03-01T16:32:32.283097+00:00 [queued]>
[2025-03-01T16:33:16.986+0000] {taskinstance.py:1159} INFO - Dependencies all met for dep_context=requeueable deps ti=<TaskInstance: customer_churn_ml_pipeline.data_preparation_task manual__2025-03-01T16:32:32.283097+00:00 [queued]>
[2025-03-01T16:33:16.986+0000] {taskinstance.py:1361} INFO - Starting attempt 1 of 1
[2025-03-01T16:33:17.010+0000] {taskinstance.py:1382} INFO - Executing <Task(BashOperator): data_preparation_task> on 2025-03-01 16:32:32.283097+00:00
[2025-03-01T16:33:17.017+0000] {standard_task_runner.py:57} INFO - Started process 15954 to run task
[2025-03-01T16:33:17.021+0000] {standard_task_runner.py:84} INFO - Running: ['***', 'tasks', 'run', 'customer_churn_ml_pipeline', 'data_preparation_task', 'manual__2025-03-01T16:32:32.283097+00:00', '--job-id', '156', '--raw', '--subdir', 'DAGS_FOLDER/customer_churn.py', '--cfg-path', '/tmp/tmpmqk25znk']
[2025-03-01T16:33:17.026+0000] {standard_task_runner.py:85} INFO - Job 156: Subtask data_preparation_task
[2025-03-01T16:33:17.067+0000] {logging_mixin.py:154} WARNING - /home/***/.local/lib/python3.8/site-packages/***/settings.py:195 DeprecationWarning: The sql_alchemy_conn option in [core] has been moved to the sql_alchemy_conn option in [database] - the old setting has been used, but please update your config.
[2025-03-01T16:33:17.157+0000] {task_command.py:416} INFO - Running <TaskInstance: customer_churn_ml_pipeline.data_preparation_task manual__2025-03-01T16:32:32.283097+00:00 [running]> on host 7e994a0ed489
[2025-03-01T16:33:17.386+0000] {taskinstance.py:1662} INFO - Exporting env vars: AIRFLOW_CTX_DAG_OWNER='***' AIRFLOW_CTX_DAG_ID='customer_churn_ml_pipeline' AIRFLOW_CTX_TASK_ID='data_preparation_task' AIRFLOW_CTX_EXECUTION_DATE='2025-03-01T16:32:32.283097+00:00' AIRFLOW_CTX_TRY_NUMBER='1' AIRFLOW_CTX_DAG_RUN_ID='manual__2025-03-01T16:32:32.283097+00:00'
[2025-03-01T16:33:17.387+0000] {subprocess.py:63} INFO - Tmp dir root location: /tmp
[2025-03-01T16:33:17.388+0000] {subprocess.py:75} INFO - Running command: ['/bin/bash', '-c', '\n\t\t\tcd /opt/***\n\t\t\tpython /opt/***/executables/data_preparation.py &&                         dvc add /opt/***/data/cleaned &&                         git add /opt/***/data/cleaned.dvc && \t\t\tgit add logs &&\\   \n\t\t\tgit add visualization &&                        git commit -m "Updated cleaned data version" -a &&                         dvc push && git push\n                    ']
[2025-03-01T16:33:17.403+0000] {subprocess.py:86} INFO - Output:
[2025-03-01T16:33:22.440+0000] {subprocess.py:93} INFO - 2025-03-01 16:33:22,440 : INFO : Starting data preparation for csv.
[2025-03-01T16:33:22.482+0000] {subprocess.py:93} INFO - 2025-03-01 16:33:22,482 : INFO : Handling 'Tenure', 'Balance', 'EstimatedSalary' empty data
[2025-03-01T16:33:22.483+0000] {subprocess.py:93} INFO - 2025-03-01 16:33:22,483 : INFO : Handling 'Age' empty data
[2025-03-01T16:33:22.484+0000] {subprocess.py:93} INFO - 2025-03-01 16:33:22,484 : INFO : Droping 'Surname' as it may lead to profiling, 'RowNumber', 'CustomerId' as it is not required
[2025-03-01T16:33:22.493+0000] {subprocess.py:93} INFO - 2025-03-01 16:33:22,486 : INFO : Making 'Geography', 'Gender', 'HasCrCard', 'IsActiveMember' as categorical
[2025-03-01T16:33:22.512+0000] {subprocess.py:93} INFO - 2025-03-01 16:33:22,512 : INFO : Saving data to S3.
[2025-03-01T16:33:22.597+0000] {subprocess.py:93} INFO - 2025-03-01 16:33:22,596 : INFO : Saving report to S3.
[2025-03-01T16:33:22.598+0000] {subprocess.py:93} INFO - 2025-03-01 16:33:22,598 : INFO : Creating Pie chart
[2025-03-01T16:33:22.716+0000] {subprocess.py:93} INFO - 2025-03-01 16:33:22,716 : INFO : Generating histogram for column CreditScore.
[2025-03-01T16:33:22.951+0000] {subprocess.py:93} INFO - 2025-03-01 16:33:22,951 : INFO : Generating histogram for column Geography.
[2025-03-01T16:33:23.137+0000] {subprocess.py:93} INFO - 2025-03-01 16:33:23,137 : INFO : Generating histogram for column Gender.
[2025-03-01T16:33:23.361+0000] {subprocess.py:93} INFO - 2025-03-01 16:33:23,361 : INFO : Generating histogram for column Age.
[2025-03-01T16:33:23.619+0000] {subprocess.py:93} INFO - 2025-03-01 16:33:23,618 : INFO : Generating histogram for column Tenure.
[2025-03-01T16:33:23.936+0000] {subprocess.py:93} INFO - 2025-03-01 16:33:23,935 : INFO : Generating histogram for column Balance.
[2025-03-01T16:33:24.287+0000] {subprocess.py:93} INFO - 2025-03-01 16:33:24,287 : INFO : Generating histogram for column NumOfProducts.
[2025-03-01T16:33:24.593+0000] {subprocess.py:93} INFO - 2025-03-01 16:33:24,589 : INFO : Generating histogram for column HasCrCard.
[2025-03-01T16:33:24.842+0000] {subprocess.py:93} INFO - 2025-03-01 16:33:24,842 : INFO : Generating histogram for column IsActiveMember.
[2025-03-01T16:33:25.073+0000] {subprocess.py:93} INFO - 2025-03-01 16:33:25,072 : INFO : Generating histogram for column EstimatedSalary.
[2025-03-01T16:33:25.298+0000] {subprocess.py:93} INFO - 2025-03-01 16:33:25,297 : INFO : Generating histogram for column Exited.
[2025-03-01T16:33:25.503+0000] {subprocess.py:93} INFO - 2025-03-01 16:33:25,502 : INFO : Generating histogram for relation of Exited with Categorical data.
[2025-03-01T16:33:26.053+0000] {subprocess.py:93} INFO - 2025-03-01 16:33:26,053 : INFO : Using categorical units to plot a list of strings that are all parsable as floats or dates. If these strings should be plotted as numbers, cast to the appropriate data type before plotting.
[2025-03-01T16:33:26.074+0000] {subprocess.py:93} INFO - 2025-03-01 16:33:26,074 : INFO : Using categorical units to plot a list of strings that are all parsable as floats or dates. If these strings should be plotted as numbers, cast to the appropriate data type before plotting.
[2025-03-01T16:33:26.156+0000] {subprocess.py:93} INFO - 2025-03-01 16:33:26,156 : INFO : Using categorical units to plot a list of strings that are all parsable as floats or dates. If these strings should be plotted as numbers, cast to the appropriate data type before plotting.
[2025-03-01T16:33:26.176+0000] {subprocess.py:93} INFO - 2025-03-01 16:33:26,176 : INFO : Using categorical units to plot a list of strings that are all parsable as floats or dates. If these strings should be plotted as numbers, cast to the appropriate data type before plotting.
[2025-03-01T16:33:26.230+0000] {subprocess.py:93} INFO - 2025-03-01 16:33:26,229 : INFO : Generating box plots for relation of Exited with non Categorical data.
[2025-03-01T16:33:26.442+0000] {subprocess.py:93} INFO - 2025-03-01 16:33:26,441 : INFO : Using categorical units to plot a list of strings that are all parsable as floats or dates. If these strings should be plotted as numbers, cast to the appropriate data type before plotting.
[2025-03-01T16:33:26.472+0000] {subprocess.py:93} INFO - 2025-03-01 16:33:26,471 : INFO : Using categorical units to plot a list of strings that are all parsable as floats or dates. If these strings should be plotted as numbers, cast to the appropriate data type before plotting.
[2025-03-01T16:33:26.598+0000] {subprocess.py:93} INFO - 2025-03-01 16:33:26,598 : INFO : Using categorical units to plot a list of strings that are all parsable as floats or dates. If these strings should be plotted as numbers, cast to the appropriate data type before plotting.
[2025-03-01T16:33:26.619+0000] {subprocess.py:93} INFO - 2025-03-01 16:33:26,619 : INFO : Using categorical units to plot a list of strings that are all parsable as floats or dates. If these strings should be plotted as numbers, cast to the appropriate data type before plotting.
[2025-03-01T16:33:26.724+0000] {subprocess.py:93} INFO - 2025-03-01 16:33:26,724 : INFO : Using categorical units to plot a list of strings that are all parsable as floats or dates. If these strings should be plotted as numbers, cast to the appropriate data type before plotting.
[2025-03-01T16:33:26.747+0000] {subprocess.py:93} INFO - 2025-03-01 16:33:26,747 : INFO : Using categorical units to plot a list of strings that are all parsable as floats or dates. If these strings should be plotted as numbers, cast to the appropriate data type before plotting.
[2025-03-01T16:33:26.850+0000] {subprocess.py:93} INFO - 2025-03-01 16:33:26,849 : INFO : Using categorical units to plot a list of strings that are all parsable as floats or dates. If these strings should be plotted as numbers, cast to the appropriate data type before plotting.
[2025-03-01T16:33:26.871+0000] {subprocess.py:93} INFO - 2025-03-01 16:33:26,871 : INFO : Using categorical units to plot a list of strings that are all parsable as floats or dates. If these strings should be plotted as numbers, cast to the appropriate data type before plotting.
[2025-03-01T16:33:26.977+0000] {subprocess.py:93} INFO - 2025-03-01 16:33:26,976 : INFO : Using categorical units to plot a list of strings that are all parsable as floats or dates. If these strings should be plotted as numbers, cast to the appropriate data type before plotting.
[2025-03-01T16:33:27.005+0000] {subprocess.py:93} INFO - 2025-03-01 16:33:27,004 : INFO : Using categorical units to plot a list of strings that are all parsable as floats or dates. If these strings should be plotted as numbers, cast to the appropriate data type before plotting.
[2025-03-01T16:33:27.147+0000] {subprocess.py:93} INFO - 2025-03-01 16:33:27,146 : INFO : Using categorical units to plot a list of strings that are all parsable as floats or dates. If these strings should be plotted as numbers, cast to the appropriate data type before plotting.
[2025-03-01T16:33:27.182+0000] {subprocess.py:93} INFO - 2025-03-01 16:33:27,182 : INFO : Using categorical units to plot a list of strings that are all parsable as floats or dates. If these strings should be plotted as numbers, cast to the appropriate data type before plotting.
[2025-03-01T16:33:27.797+0000] {subprocess.py:93} INFO - 2025-03-01 16:33:27,797 : INFO : Saved pdf in visualization/plots.pdf
[2025-03-01T16:33:30.052+0000] {subprocess.py:93} INFO - 
[2025-03-01T16:33:30.053+0000] {subprocess.py:93} INFO - To track the changes with git, run:
[2025-03-01T16:33:30.053+0000] {subprocess.py:93} INFO - 
[2025-03-01T16:33:30.053+0000] {subprocess.py:93} INFO - 	git add data/cleaned.dvc
[2025-03-01T16:33:30.054+0000] {subprocess.py:93} INFO - 
[2025-03-01T16:33:30.055+0000] {subprocess.py:93} INFO - To enable auto staging, run:
[2025-03-01T16:33:30.055+0000] {subprocess.py:93} INFO - 
[2025-03-01T16:33:30.055+0000] {subprocess.py:93} INFO - 	dvc config core.autostage true
[2025-03-01T16:33:30.379+0000] {subprocess.py:93} INFO - /bin/bash: line 3:  : command not found
[2025-03-01T16:33:30.431+0000] {subprocess.py:93} INFO - [main 370bedb] Updated cleaned data version
[2025-03-01T16:33:30.432+0000] {subprocess.py:93} INFO -  6 files changed, 123 insertions(+)
[2025-03-01T16:33:30.432+0000] {subprocess.py:93} INFO -  create mode 100644 logs/dag_id=customer_churn_ml_pipeline/run_id=manual__2025-03-01T16:32:32.283097+00:00/task_id=data_preparation_task/attempt=1.log
[2025-03-01T16:33:36.585+0000] {subprocess.py:93} INFO - Everything is up to date.
[2025-03-01T16:33:40.109+0000] {subprocess.py:93} INFO - To https://github.com/anniemathew-trial/customer_churn_pipeline.git
[2025-03-01T16:33:40.109+0000] {subprocess.py:93} INFO -    cdf023a..370bedb  main -> main
[2025-03-01T16:33:40.113+0000] {subprocess.py:97} INFO - Command exited with return code 0
[2025-03-01T16:33:40.150+0000] {taskinstance.py:1400} INFO - Marking task as SUCCESS. dag_id=customer_churn_ml_pipeline, task_id=data_preparation_task, execution_date=20250301T163232, start_date=20250301T163316, end_date=20250301T163340
[2025-03-01T16:33:40.175+0000] {local_task_job_runner.py:228} INFO - Task exited with return code 0
[2025-03-01T16:33:40.207+0000] {taskinstance.py:2778} INFO - 1 downstream tasks scheduled from follow-on schedule check
