[2025-03-03T16:41:08.200+0000] {taskinstance.py:1159} INFO - Dependencies all met for dep_context=non-requeueable deps ti=<TaskInstance: customer_churn_ml_pipeline.data_storage_task manual__2025-03-03T16:39:59.268411+00:00 [queued]>
[2025-03-03T16:41:08.211+0000] {taskinstance.py:1159} INFO - Dependencies all met for dep_context=requeueable deps ti=<TaskInstance: customer_churn_ml_pipeline.data_storage_task manual__2025-03-03T16:39:59.268411+00:00 [queued]>
[2025-03-03T16:41:08.211+0000] {taskinstance.py:1361} INFO - Starting attempt 1 of 1
[2025-03-03T16:41:08.230+0000] {taskinstance.py:1382} INFO - Executing <Task(BashOperator): data_storage_task> on 2025-03-03 16:39:59.268411+00:00
[2025-03-03T16:41:08.235+0000] {standard_task_runner.py:57} INFO - Started process 4697 to run task
[2025-03-03T16:41:08.238+0000] {standard_task_runner.py:84} INFO - Running: ['***', 'tasks', 'run', 'customer_churn_ml_pipeline', 'data_storage_task', 'manual__2025-03-03T16:39:59.268411+00:00', '--job-id', '105', '--raw', '--subdir', 'DAGS_FOLDER/customer_churn.py', '--cfg-path', '/tmp/tmpwunwqdbt']
[2025-03-03T16:41:08.241+0000] {standard_task_runner.py:85} INFO - Job 105: Subtask data_storage_task
[2025-03-03T16:41:08.263+0000] {logging_mixin.py:154} WARNING - /home/***/.local/lib/python3.8/site-packages/***/settings.py:195 DeprecationWarning: The sql_alchemy_conn option in [core] has been moved to the sql_alchemy_conn option in [database] - the old setting has been used, but please update your config.
[2025-03-03T16:41:08.307+0000] {task_command.py:416} INFO - Running <TaskInstance: customer_churn_ml_pipeline.data_storage_task manual__2025-03-03T16:39:59.268411+00:00 [running]> on host 157237bff8f7
[2025-03-03T16:41:08.422+0000] {taskinstance.py:1662} INFO - Exporting env vars: AIRFLOW_CTX_DAG_OWNER='***' AIRFLOW_CTX_DAG_ID='customer_churn_ml_pipeline' AIRFLOW_CTX_TASK_ID='data_storage_task' AIRFLOW_CTX_EXECUTION_DATE='2025-03-03T16:39:59.268411+00:00' AIRFLOW_CTX_TRY_NUMBER='1' AIRFLOW_CTX_DAG_RUN_ID='manual__2025-03-03T16:39:59.268411+00:00'
[2025-03-03T16:41:08.423+0000] {subprocess.py:63} INFO - Tmp dir root location: /tmp
[2025-03-03T16:41:08.424+0000] {subprocess.py:75} INFO - Running command: ['/bin/bash', '-c', '\n\t\t\tcd /opt/***\n                        dvc pull /opt/***/data/transformed\n                        python /opt/***/executables/data_storage.py && \t\t\tgit add logs &&    \t\t\tgit status &&                         git commit -m "Updated stored data version" -a &&                         dvc push && git push\n                    ']
[2025-03-03T16:41:08.434+0000] {subprocess.py:86} INFO - Output:
[2025-03-03T16:41:11.512+0000] {subprocess.py:93} INFO - Everything is up to date.
[2025-03-03T16:41:12.890+0000] {subprocess.py:93} INFO - 2025-03-03 16:41:12,889 : INFO : Starting data storage for customer_data.csv
[2025-03-03T16:41:12.890+0000] {subprocess.py:93} INFO - 2025-03-03 16:41:12,890 : INFO : Connecting to Database
[2025-03-03T16:41:12.917+0000] {subprocess.py:93} INFO - 2025-03-03 16:41:12,916 : INFO : Connecting to Database Successfull
[2025-03-03T16:41:12.917+0000] {subprocess.py:93} INFO - 2025-03-03 16:41:12,917 : INFO : Reading insert script template
[2025-03-03T16:41:12.917+0000] {subprocess.py:93} INFO - 2025-03-03 16:41:12,917 : INFO : Executing script to Database
[2025-03-03T16:41:12.918+0000] {subprocess.py:93} INFO - 2025-03-03 16:41:12,917 : INFO : Inserting data to database
[2025-03-03T16:41:12.918+0000] {subprocess.py:93} INFO - 2025-03-03 16:41:12,918 : ERROR : Error storing data: [Errno 2] No such file or directory: '/opt/***/data/transformed/fintech1/03-03-2025/csv/customer_data.csv'
[2025-03-03T16:41:12.919+0000] {subprocess.py:93} INFO - 2025-03-03 16:41:12,918 : INFO : Starting data storage for database_data.csv
[2025-03-03T16:41:12.919+0000] {subprocess.py:93} INFO - 2025-03-03 16:41:12,919 : INFO : Connecting to Database
[2025-03-03T16:41:12.933+0000] {subprocess.py:93} INFO - 2025-03-03 16:41:12,933 : INFO : Connecting to Database Successfull
[2025-03-03T16:41:12.934+0000] {subprocess.py:93} INFO - 2025-03-03 16:41:12,933 : INFO : Reading insert script template
[2025-03-03T16:41:12.934+0000] {subprocess.py:93} INFO - 2025-03-03 16:41:12,933 : INFO : Executing script to Database
[2025-03-03T16:41:12.934+0000] {subprocess.py:93} INFO - 2025-03-03 16:41:12,933 : INFO : Inserting data to database
[2025-03-03T16:41:12.934+0000] {subprocess.py:93} INFO - 2025-03-03 16:41:12,934 : ERROR : Error storing data: [Errno 2] No such file or directory: '/opt/***/data/transformed/fintech2/03-03-2025/database/database_data.csv'
[2025-03-03T16:41:13.080+0000] {subprocess.py:93} INFO - On branch main
[2025-03-03T16:41:13.081+0000] {subprocess.py:93} INFO - Your branch is up to date with 'origin/main'.
[2025-03-03T16:41:13.081+0000] {subprocess.py:93} INFO - 
[2025-03-03T16:41:13.081+0000] {subprocess.py:93} INFO - Changes to be committed:
[2025-03-03T16:41:13.082+0000] {subprocess.py:93} INFO -   (use "git restore --staged <file>..." to unstage)
[2025-03-03T16:41:13.082+0000] {subprocess.py:93} INFO - 	new file:   logs/dag_id=customer_churn_ml_pipeline/run_id=manual__2025-03-03T16:39:59.268411+00:00/task_id=data_storage_task/attempt=1.log
[2025-03-03T16:41:13.082+0000] {subprocess.py:93} INFO - 	modified:   logs/dag_id=customer_churn_ml_pipeline/run_id=manual__2025-03-03T16:39:59.268411+00:00/task_id=data_transformation_task/attempt=1.log
[2025-03-03T16:41:13.082+0000] {subprocess.py:93} INFO - 	modified:   logs/data_storage.log
[2025-03-03T16:41:13.082+0000] {subprocess.py:93} INFO - 
[2025-03-03T16:41:13.082+0000] {subprocess.py:93} INFO - Untracked files:
[2025-03-03T16:41:13.083+0000] {subprocess.py:93} INFO -   (use "git add <file>..." to include in what will be committed)
[2025-03-03T16:41:13.083+0000] {subprocess.py:93} INFO - 	customer_churn_stats/feature_repo/data/online_store.db
[2025-03-03T16:41:13.083+0000] {subprocess.py:93} INFO - 	customer_churn_stats/feature_repo/data/registry.db
[2025-03-03T16:41:13.083+0000] {subprocess.py:93} INFO - 	models/
[2025-03-03T16:41:13.083+0000] {subprocess.py:93} INFO - 	online.db
[2025-03-03T16:41:13.083+0000] {subprocess.py:93} INFO - 
