[2025-03-01T16:44:46.077+0000] {taskinstance.py:1159} INFO - Dependencies all met for dep_context=non-requeueable deps ti=<TaskInstance: customer_churn_ml_pipeline.data_storage_task manual__2025-03-01T16:43:30.219387+00:00 [queued]>
[2025-03-01T16:44:46.090+0000] {taskinstance.py:1159} INFO - Dependencies all met for dep_context=requeueable deps ti=<TaskInstance: customer_churn_ml_pipeline.data_storage_task manual__2025-03-01T16:43:30.219387+00:00 [queued]>
[2025-03-01T16:44:46.091+0000] {taskinstance.py:1361} INFO - Starting attempt 1 of 1
[2025-03-01T16:44:46.113+0000] {taskinstance.py:1382} INFO - Executing <Task(BashOperator): data_storage_task> on 2025-03-01 16:43:30.219387+00:00
[2025-03-01T16:44:46.119+0000] {standard_task_runner.py:57} INFO - Started process 16702 to run task
[2025-03-01T16:44:46.123+0000] {standard_task_runner.py:84} INFO - Running: ['***', 'tasks', 'run', 'customer_churn_ml_pipeline', 'data_storage_task', 'manual__2025-03-01T16:43:30.219387+00:00', '--job-id', '166', '--raw', '--subdir', 'DAGS_FOLDER/customer_churn.py', '--cfg-path', '/tmp/tmpw2tpa2lt']
[2025-03-01T16:44:46.126+0000] {standard_task_runner.py:85} INFO - Job 166: Subtask data_storage_task
[2025-03-01T16:44:46.151+0000] {logging_mixin.py:154} WARNING - /home/***/.local/lib/python3.8/site-packages/***/settings.py:195 DeprecationWarning: The sql_alchemy_conn option in [core] has been moved to the sql_alchemy_conn option in [database] - the old setting has been used, but please update your config.
[2025-03-01T16:44:46.207+0000] {task_command.py:416} INFO - Running <TaskInstance: customer_churn_ml_pipeline.data_storage_task manual__2025-03-01T16:43:30.219387+00:00 [running]> on host 7e994a0ed489
[2025-03-01T16:44:46.372+0000] {taskinstance.py:1662} INFO - Exporting env vars: AIRFLOW_CTX_DAG_OWNER='***' AIRFLOW_CTX_DAG_ID='customer_churn_ml_pipeline' AIRFLOW_CTX_TASK_ID='data_storage_task' AIRFLOW_CTX_EXECUTION_DATE='2025-03-01T16:43:30.219387+00:00' AIRFLOW_CTX_TRY_NUMBER='1' AIRFLOW_CTX_DAG_RUN_ID='manual__2025-03-01T16:43:30.219387+00:00'
[2025-03-01T16:44:46.374+0000] {subprocess.py:63} INFO - Tmp dir root location: /tmp
[2025-03-01T16:44:46.376+0000] {subprocess.py:75} INFO - Running command: ['/bin/bash', '-c', '\n\t\t\tcd /opt/***\n                        dvc pull /opt/***/data/transformed\n                        python /opt/***/executables/data_storage.py && \t\t\tgit add logs &&                        git commit -m "Updated stored data version" -a &&                         dvc push && git push\n                    ']
[2025-03-01T16:44:46.392+0000] {subprocess.py:86} INFO - Output:
[2025-03-01T16:44:50.319+0000] {subprocess.py:93} INFO - Everything is up to date.
[2025-03-01T16:44:51.804+0000] {subprocess.py:93} INFO - 2025-03-01 16:44:51,803 : INFO : Connecting to Database
[2025-03-01T16:44:51.830+0000] {subprocess.py:93} INFO - 2025-03-01 16:44:51,829 : INFO : Connecting to Database Successfull
[2025-03-01T16:44:51.830+0000] {subprocess.py:93} INFO - 2025-03-01 16:44:51,830 : INFO : Reading Initial DB Setup Script
[2025-03-01T16:44:51.831+0000] {subprocess.py:93} INFO - 2025-03-01 16:44:51,830 : INFO : Executing script to Database
[2025-03-01T16:44:51.832+0000] {subprocess.py:93} INFO - 2025-03-01 16:44:51,832 : INFO : Executed script successfully !!
[2025-03-01T16:44:51.832+0000] {subprocess.py:93} INFO - 2025-03-01 16:44:51,832 : INFO : Reading insert script template
[2025-03-01T16:44:51.833+0000] {subprocess.py:93} INFO - 2025-03-01 16:44:51,832 : INFO : Inserting data to database
[2025-03-01T16:44:58.618+0000] {subprocess.py:93} INFO - 2025-03-01 16:44:58,618 : INFO : Executed script successfully !!
[2025-03-01T16:44:58.619+0000] {subprocess.py:93} INFO - 2025-03-01 16:44:58,618 : INFO : Connection closed !!
[2025-03-01T16:44:58.754+0000] {subprocess.py:93} INFO - [main 996d1d0] Updated stored data version
[2025-03-01T16:44:58.754+0000] {subprocess.py:93} INFO -  4 files changed, 49 insertions(+)
[2025-03-01T16:44:58.754+0000] {subprocess.py:93} INFO -  create mode 100644 logs/dag_id=customer_churn_ml_pipeline/run_id=manual__2025-03-01T16:43:30.219387+00:00/task_id=data_storage_task/attempt=1.log
[2025-03-01T16:45:05.131+0000] {subprocess.py:93} INFO - Everything is up to date.
[2025-03-01T16:45:07.052+0000] {subprocess.py:93} INFO - To https://github.com/anniemathew-trial/customer_churn_pipeline.git
[2025-03-01T16:45:07.053+0000] {subprocess.py:93} INFO -    e0cfc27..996d1d0  main -> main
[2025-03-01T16:45:07.061+0000] {subprocess.py:97} INFO - Command exited with return code 0
[2025-03-01T16:45:07.137+0000] {taskinstance.py:1400} INFO - Marking task as SUCCESS. dag_id=customer_churn_ml_pipeline, task_id=data_storage_task, execution_date=20250301T164330, start_date=20250301T164446, end_date=20250301T164507
[2025-03-01T16:45:07.194+0000] {local_task_job_runner.py:228} INFO - Task exited with return code 0
[2025-03-01T16:45:07.245+0000] {taskinstance.py:2778} INFO - 1 downstream tasks scheduled from follow-on schedule check
