[2025-03-09T11:10:23.551+0000] {taskinstance.py:1159} INFO - Dependencies all met for dep_context=non-requeueable deps ti=<TaskInstance: customer_churn_ml_pipeline.data_preparation_task manual__2025-03-09T11:09:34.940904+00:00 [queued]>
[2025-03-09T11:10:23.568+0000] {taskinstance.py:1159} INFO - Dependencies all met for dep_context=requeueable deps ti=<TaskInstance: customer_churn_ml_pipeline.data_preparation_task manual__2025-03-09T11:09:34.940904+00:00 [queued]>
[2025-03-09T11:10:23.569+0000] {taskinstance.py:1361} INFO - Starting attempt 1 of 1
[2025-03-09T11:10:23.593+0000] {taskinstance.py:1382} INFO - Executing <Task(BashOperator): data_preparation_task> on 2025-03-09 11:09:34.940904+00:00
[2025-03-09T11:10:23.599+0000] {standard_task_runner.py:57} INFO - Started process 1669 to run task
[2025-03-09T11:10:23.603+0000] {standard_task_runner.py:84} INFO - Running: ['***', 'tasks', 'run', 'customer_churn_ml_pipeline', 'data_preparation_task', 'manual__2025-03-09T11:09:34.940904+00:00', '--job-id', '307', '--raw', '--subdir', 'DAGS_FOLDER/customer_churn.py', '--cfg-path', '/tmp/tmpgs9f1vb8']
[2025-03-09T11:10:23.607+0000] {standard_task_runner.py:85} INFO - Job 307: Subtask data_preparation_task
[2025-03-09T11:10:23.638+0000] {logging_mixin.py:154} WARNING - /home/***/.local/lib/python3.8/site-packages/***/settings.py:195 DeprecationWarning: The sql_alchemy_conn option in [core] has been moved to the sql_alchemy_conn option in [database] - the old setting has been used, but please update your config.
[2025-03-09T11:10:23.708+0000] {task_command.py:416} INFO - Running <TaskInstance: customer_churn_ml_pipeline.data_preparation_task manual__2025-03-09T11:09:34.940904+00:00 [running]> on host 157237bff8f7
[2025-03-09T11:10:23.882+0000] {taskinstance.py:1662} INFO - Exporting env vars: AIRFLOW_CTX_DAG_OWNER='***' AIRFLOW_CTX_DAG_ID='customer_churn_ml_pipeline' AIRFLOW_CTX_TASK_ID='data_preparation_task' AIRFLOW_CTX_EXECUTION_DATE='2025-03-09T11:09:34.940904+00:00' AIRFLOW_CTX_TRY_NUMBER='1' AIRFLOW_CTX_DAG_RUN_ID='manual__2025-03-09T11:09:34.940904+00:00'
[2025-03-09T11:10:23.884+0000] {subprocess.py:63} INFO - Tmp dir root location: /tmp
[2025-03-09T11:10:23.885+0000] {subprocess.py:75} INFO - Running command: ['/bin/bash', '-c', '\n\t\t\tcd /opt/*** &&\t\t\tpython /opt/***/executables/data_preparation.py &&                         dvc add /opt/***/data/cleaned &&                         git add /opt/***/data/cleaned.dvc && \t\t\tgit add logs && \\   \n\t\t\tgit add visualization &&    \t\t\tgit status &&                         git commit -m "Updated cleaned data version" -a &&                         dvc push && git push\n                    ']
[2025-03-09T11:10:23.895+0000] {subprocess.py:86} INFO - Output:
[2025-03-09T11:10:27.182+0000] {subprocess.py:93} INFO - 2025-03-09 11:10:27,182 : INFO : Starting data preparation for customer_data.csv.
[2025-03-09T11:10:27.201+0000] {subprocess.py:93} INFO - 2025-03-09 11:10:27,201 : INFO : Dropping 'Estimated Salary' & 'Credit Score' with 0 & negative values
[2025-03-09T11:10:27.204+0000] {subprocess.py:93} INFO - 2025-03-09 11:10:27,204 : INFO : Handling 'Balance', 'EstimatedSalary' empty data with mean
[2025-03-09T11:10:27.204+0000] {subprocess.py:93} INFO - 2025-03-09 11:10:27,204 : INFO : Handling 'Tenure', 'Age' empty data with tenure + 18 in age and droping tenure with 0 values & negative values
[2025-03-09T11:10:27.215+0000] {subprocess.py:93} INFO - 2025-03-09 11:10:27,215 : INFO : Dropping 'Tenure' less than 0 and greater than 80
[2025-03-09T11:10:27.217+0000] {subprocess.py:93} INFO - 2025-03-09 11:10:27,217 : INFO : Handling 'Age' empty data
[2025-03-09T11:10:27.218+0000] {subprocess.py:93} INFO - 2025-03-09 11:10:27,218 : INFO : Dropping 'Age' less than 18 and greater than 110
[2025-03-09T11:10:27.221+0000] {subprocess.py:93} INFO - 2025-03-09 11:10:27,220 : INFO : Droping 'Surname' as it may lead to profiling, 'RowNumber', 'CustomerId' as it is not required
[2025-03-09T11:10:27.222+0000] {subprocess.py:93} INFO - 2025-03-09 11:10:27,222 : INFO : Making 'Geography', 'Gender' as categorical
[2025-03-09T11:10:27.226+0000] {subprocess.py:93} INFO - 2025-03-09 11:10:27,226 : INFO : Making 'HasCrCard', 'IsActiveMember', 'Exited' as integers
[2025-03-09T11:10:27.228+0000] {subprocess.py:93} INFO - 2025-03-09 11:10:27,228 : INFO : Saving data to S3.
[2025-03-09T11:10:27.228+0000] {subprocess.py:93} INFO - 2025-03-09 11:10:27,228 : INFO : Directory created at /opt/***/data/cleaned/fintech1/09-03-2025/csv
[2025-03-09T11:10:27.406+0000] {subprocess.py:93} INFO - 2025-03-09 11:10:27,406 : INFO : Connected to s3
[2025-03-09T11:10:29.989+0000] {subprocess.py:93} INFO - 2025-03-09 11:10:29,988 : INFO : File uploaded to S3
[2025-03-09T11:10:29.990+0000] {subprocess.py:93} INFO - 2025-03-09 11:10:29,990 : INFO : Creating Pie chart
[2025-03-09T11:10:30.051+0000] {subprocess.py:93} INFO - 2025-03-09 11:10:30,051 : INFO : Generating histogram for column CreditScore.
[2025-03-09T11:10:30.175+0000] {subprocess.py:93} INFO - 2025-03-09 11:10:30,175 : INFO : Generating histogram for column Geography.
[2025-03-09T11:10:30.333+0000] {subprocess.py:93} INFO - 2025-03-09 11:10:30,333 : INFO : Generating histogram for column Gender.
[2025-03-09T11:10:30.414+0000] {subprocess.py:93} INFO - 2025-03-09 11:10:30,413 : INFO : Generating histogram for column Age.
[2025-03-09T11:10:30.547+0000] {subprocess.py:93} INFO - 2025-03-09 11:10:30,547 : INFO : Generating histogram for column Tenure.
[2025-03-09T11:10:30.699+0000] {subprocess.py:93} INFO - 2025-03-09 11:10:30,698 : INFO : Generating histogram for column Balance.
[2025-03-09T11:10:30.853+0000] {subprocess.py:93} INFO - 2025-03-09 11:10:30,852 : INFO : Generating histogram for column NumOfProducts.
[2025-03-09T11:10:31.002+0000] {subprocess.py:93} INFO - 2025-03-09 11:10:31,002 : INFO : Generating histogram for column HasCrCard.
[2025-03-09T11:10:31.156+0000] {subprocess.py:93} INFO - 2025-03-09 11:10:31,156 : INFO : Generating histogram for column IsActiveMember.
[2025-03-09T11:10:31.305+0000] {subprocess.py:93} INFO - 2025-03-09 11:10:31,304 : INFO : Generating histogram for column EstimatedSalary.
[2025-03-09T11:10:31.478+0000] {subprocess.py:93} INFO - 2025-03-09 11:10:31,477 : INFO : Generating histogram for column Exited.
[2025-03-09T11:10:31.664+0000] {subprocess.py:93} INFO - 2025-03-09 11:10:31,664 : INFO : Generating histogram for relation of Exited with Categorical data.
[2025-03-09T11:10:32.086+0000] {subprocess.py:93} INFO - 2025-03-09 11:10:32,086 : INFO : Using categorical units to plot a list of strings that are all parsable as floats or dates. If these strings should be plotted as numbers, cast to the appropriate data type before plotting.
[2025-03-09T11:10:32.109+0000] {subprocess.py:93} INFO - 2025-03-09 11:10:32,109 : INFO : Using categorical units to plot a list of strings that are all parsable as floats or dates. If these strings should be plotted as numbers, cast to the appropriate data type before plotting.
[2025-03-09T11:10:32.224+0000] {subprocess.py:93} INFO - 2025-03-09 11:10:32,224 : INFO : Using categorical units to plot a list of strings that are all parsable as floats or dates. If these strings should be plotted as numbers, cast to the appropriate data type before plotting.
[2025-03-09T11:10:32.252+0000] {subprocess.py:93} INFO - 2025-03-09 11:10:32,251 : INFO : Using categorical units to plot a list of strings that are all parsable as floats or dates. If these strings should be plotted as numbers, cast to the appropriate data type before plotting.
[2025-03-09T11:10:32.325+0000] {subprocess.py:93} INFO - 2025-03-09 11:10:32,325 : INFO : Generating box plots for relation of Exited with non Categorical data.
[2025-03-09T11:10:32.547+0000] {subprocess.py:93} INFO - 2025-03-09 11:10:32,547 : INFO : Using categorical units to plot a list of strings that are all parsable as floats or dates. If these strings should be plotted as numbers, cast to the appropriate data type before plotting.
[2025-03-09T11:10:32.568+0000] {subprocess.py:93} INFO - 2025-03-09 11:10:32,568 : INFO : Using categorical units to plot a list of strings that are all parsable as floats or dates. If these strings should be plotted as numbers, cast to the appropriate data type before plotting.
[2025-03-09T11:10:32.681+0000] {subprocess.py:93} INFO - 2025-03-09 11:10:32,680 : INFO : Using categorical units to plot a list of strings that are all parsable as floats or dates. If these strings should be plotted as numbers, cast to the appropriate data type before plotting.
[2025-03-09T11:10:32.704+0000] {subprocess.py:93} INFO - 2025-03-09 11:10:32,703 : INFO : Using categorical units to plot a list of strings that are all parsable as floats or dates. If these strings should be plotted as numbers, cast to the appropriate data type before plotting.
[2025-03-09T11:10:32.812+0000] {subprocess.py:93} INFO - 2025-03-09 11:10:32,812 : INFO : Using categorical units to plot a list of strings that are all parsable as floats or dates. If these strings should be plotted as numbers, cast to the appropriate data type before plotting.
[2025-03-09T11:10:32.836+0000] {subprocess.py:93} INFO - 2025-03-09 11:10:32,835 : INFO : Using categorical units to plot a list of strings that are all parsable as floats or dates. If these strings should be plotted as numbers, cast to the appropriate data type before plotting.
[2025-03-09T11:10:32.937+0000] {subprocess.py:93} INFO - 2025-03-09 11:10:32,937 : INFO : Using categorical units to plot a list of strings that are all parsable as floats or dates. If these strings should be plotted as numbers, cast to the appropriate data type before plotting.
[2025-03-09T11:10:32.958+0000] {subprocess.py:93} INFO - 2025-03-09 11:10:32,958 : INFO : Using categorical units to plot a list of strings that are all parsable as floats or dates. If these strings should be plotted as numbers, cast to the appropriate data type before plotting.
[2025-03-09T11:10:33.051+0000] {subprocess.py:93} INFO - 2025-03-09 11:10:33,051 : INFO : Using categorical units to plot a list of strings that are all parsable as floats or dates. If these strings should be plotted as numbers, cast to the appropriate data type before plotting.
[2025-03-09T11:10:33.071+0000] {subprocess.py:93} INFO - 2025-03-09 11:10:33,070 : INFO : Using categorical units to plot a list of strings that are all parsable as floats or dates. If these strings should be plotted as numbers, cast to the appropriate data type before plotting.
[2025-03-09T11:10:33.269+0000] {subprocess.py:93} INFO - 2025-03-09 11:10:33,268 : INFO : Using categorical units to plot a list of strings that are all parsable as floats or dates. If these strings should be plotted as numbers, cast to the appropriate data type before plotting.
[2025-03-09T11:10:33.289+0000] {subprocess.py:93} INFO - 2025-03-09 11:10:33,289 : INFO : Using categorical units to plot a list of strings that are all parsable as floats or dates. If these strings should be plotted as numbers, cast to the appropriate data type before plotting.
[2025-03-09T11:10:33.746+0000] {subprocess.py:93} INFO - 2025-03-09 11:10:33,745 : INFO : Saved pdf in /opt/***/visualization/fintech1/09-03-2025/csv/plots.pdf
[2025-03-09T11:10:33.785+0000] {subprocess.py:93} INFO - 2025-03-09 11:10:33,785 : INFO : Starting data preparation for database_data.csv.
[2025-03-09T11:10:33.806+0000] {subprocess.py:93} INFO - 2025-03-09 11:10:33,806 : INFO : Dropping 'Estimated Salary' & 'Credit Score' with 0 & negative values
[2025-03-09T11:10:33.809+0000] {subprocess.py:93} INFO - 2025-03-09 11:10:33,809 : INFO : Handling 'Balance', 'EstimatedSalary' empty data with mean
[2025-03-09T11:10:33.810+0000] {subprocess.py:93} INFO - 2025-03-09 11:10:33,810 : INFO : Handling 'Tenure', 'Age' empty data with tenure + 18 in age and droping tenure with 0 values & negative values
[2025-03-09T11:10:33.810+0000] {subprocess.py:93} INFO - 2025-03-09 11:10:33,810 : INFO : Dropping 'Tenure' less than 0 and greater than 80
[2025-03-09T11:10:33.812+0000] {subprocess.py:93} INFO - 2025-03-09 11:10:33,812 : INFO : Handling 'Age' empty data
[2025-03-09T11:10:33.814+0000] {subprocess.py:93} INFO - 2025-03-09 11:10:33,813 : INFO : Dropping 'Age' less than 18 and greater than 110
[2025-03-09T11:10:33.816+0000] {subprocess.py:93} INFO - 2025-03-09 11:10:33,816 : INFO : Droping 'Surname' as it may lead to profiling, 'RowNumber', 'CustomerId' as it is not required
[2025-03-09T11:10:33.818+0000] {subprocess.py:93} INFO - 2025-03-09 11:10:33,818 : INFO : Making 'Geography', 'Gender' as categorical
[2025-03-09T11:10:33.823+0000] {subprocess.py:93} INFO - 2025-03-09 11:10:33,823 : INFO : Making 'HasCrCard', 'IsActiveMember', 'Exited' as integers
[2025-03-09T11:10:33.825+0000] {subprocess.py:93} INFO - 2025-03-09 11:10:33,824 : INFO : Saving data to S3.
[2025-03-09T11:10:33.825+0000] {subprocess.py:93} INFO - 2025-03-09 11:10:33,825 : INFO : Directory created at /opt/***/data/cleaned/fintech2/09-03-2025/database
[2025-03-09T11:10:33.902+0000] {subprocess.py:93} INFO - 2025-03-09 11:10:33,902 : INFO : Connected to s3
[2025-03-09T11:10:39.204+0000] {subprocess.py:93} INFO - 2025-03-09 11:10:39,204 : INFO : File uploaded to S3
[2025-03-09T11:10:39.205+0000] {subprocess.py:93} INFO - 2025-03-09 11:10:39,204 : INFO : Creating Pie chart
[2025-03-09T11:10:39.268+0000] {subprocess.py:93} INFO - 2025-03-09 11:10:39,267 : INFO : Generating histogram for column CreditScore.
[2025-03-09T11:10:39.429+0000] {subprocess.py:93} INFO - 2025-03-09 11:10:39,428 : INFO : Generating histogram for column Geography.
[2025-03-09T11:10:39.595+0000] {subprocess.py:93} INFO - 2025-03-09 11:10:39,595 : INFO : Generating histogram for column Gender.
[2025-03-09T11:10:39.736+0000] {subprocess.py:93} INFO - 2025-03-09 11:10:39,736 : INFO : Generating histogram for column Age.
[2025-03-09T11:10:39.935+0000] {subprocess.py:93} INFO - 2025-03-09 11:10:39,935 : INFO : Generating histogram for column Tenure.
[2025-03-09T11:10:40.104+0000] {subprocess.py:93} INFO - 2025-03-09 11:10:40,104 : INFO : Generating histogram for column Balance.
[2025-03-09T11:10:40.288+0000] {subprocess.py:93} INFO - 2025-03-09 11:10:40,288 : INFO : Generating histogram for column NumOfProducts.
[2025-03-09T11:10:40.456+0000] {subprocess.py:93} INFO - 2025-03-09 11:10:40,456 : INFO : Generating histogram for column HasCrCard.
[2025-03-09T11:10:40.633+0000] {subprocess.py:93} INFO - 2025-03-09 11:10:40,633 : INFO : Generating histogram for column IsActiveMember.
[2025-03-09T11:10:40.801+0000] {subprocess.py:93} INFO - 2025-03-09 11:10:40,800 : INFO : Generating histogram for column EstimatedSalary.
[2025-03-09T11:10:40.980+0000] {subprocess.py:93} INFO - 2025-03-09 11:10:40,980 : INFO : Generating histogram for column Exited.
[2025-03-09T11:10:41.164+0000] {subprocess.py:93} INFO - 2025-03-09 11:10:41,164 : INFO : Generating histogram for relation of Exited with Categorical data.
[2025-03-09T11:10:41.478+0000] {subprocess.py:93} INFO - 2025-03-09 11:10:41,478 : INFO : Using categorical units to plot a list of strings that are all parsable as floats or dates. If these strings should be plotted as numbers, cast to the appropriate data type before plotting.
[2025-03-09T11:10:41.500+0000] {subprocess.py:93} INFO - 2025-03-09 11:10:41,500 : INFO : Using categorical units to plot a list of strings that are all parsable as floats or dates. If these strings should be plotted as numbers, cast to the appropriate data type before plotting.
[2025-03-09T11:10:41.602+0000] {subprocess.py:93} INFO - 2025-03-09 11:10:41,602 : INFO : Using categorical units to plot a list of strings that are all parsable as floats or dates. If these strings should be plotted as numbers, cast to the appropriate data type before plotting.
[2025-03-09T11:10:41.622+0000] {subprocess.py:93} INFO - 2025-03-09 11:10:41,621 : INFO : Using categorical units to plot a list of strings that are all parsable as floats or dates. If these strings should be plotted as numbers, cast to the appropriate data type before plotting.
[2025-03-09T11:10:41.671+0000] {subprocess.py:93} INFO - 2025-03-09 11:10:41,671 : INFO : Generating box plots for relation of Exited with non Categorical data.
[2025-03-09T11:10:42.061+0000] {subprocess.py:93} INFO - 2025-03-09 11:10:42,061 : INFO : Using categorical units to plot a list of strings that are all parsable as floats or dates. If these strings should be plotted as numbers, cast to the appropriate data type before plotting.
[2025-03-09T11:10:42.088+0000] {subprocess.py:93} INFO - 2025-03-09 11:10:42,087 : INFO : Using categorical units to plot a list of strings that are all parsable as floats or dates. If these strings should be plotted as numbers, cast to the appropriate data type before plotting.
[2025-03-09T11:10:42.213+0000] {subprocess.py:93} INFO - 2025-03-09 11:10:42,212 : INFO : Using categorical units to plot a list of strings that are all parsable as floats or dates. If these strings should be plotted as numbers, cast to the appropriate data type before plotting.
[2025-03-09T11:10:42.247+0000] {subprocess.py:93} INFO - 2025-03-09 11:10:42,246 : INFO : Using categorical units to plot a list of strings that are all parsable as floats or dates. If these strings should be plotted as numbers, cast to the appropriate data type before plotting.
[2025-03-09T11:10:42.366+0000] {subprocess.py:93} INFO - 2025-03-09 11:10:42,366 : INFO : Using categorical units to plot a list of strings that are all parsable as floats or dates. If these strings should be plotted as numbers, cast to the appropriate data type before plotting.
[2025-03-09T11:10:42.389+0000] {subprocess.py:93} INFO - 2025-03-09 11:10:42,388 : INFO : Using categorical units to plot a list of strings that are all parsable as floats or dates. If these strings should be plotted as numbers, cast to the appropriate data type before plotting.
[2025-03-09T11:10:42.490+0000] {subprocess.py:93} INFO - 2025-03-09 11:10:42,490 : INFO : Using categorical units to plot a list of strings that are all parsable as floats or dates. If these strings should be plotted as numbers, cast to the appropriate data type before plotting.
[2025-03-09T11:10:42.513+0000] {subprocess.py:93} INFO - 2025-03-09 11:10:42,513 : INFO : Using categorical units to plot a list of strings that are all parsable as floats or dates. If these strings should be plotted as numbers, cast to the appropriate data type before plotting.
[2025-03-09T11:10:42.608+0000] {subprocess.py:93} INFO - 2025-03-09 11:10:42,608 : INFO : Using categorical units to plot a list of strings that are all parsable as floats or dates. If these strings should be plotted as numbers, cast to the appropriate data type before plotting.
[2025-03-09T11:10:42.628+0000] {subprocess.py:93} INFO - 2025-03-09 11:10:42,627 : INFO : Using categorical units to plot a list of strings that are all parsable as floats or dates. If these strings should be plotted as numbers, cast to the appropriate data type before plotting.
[2025-03-09T11:10:42.718+0000] {subprocess.py:93} INFO - 2025-03-09 11:10:42,718 : INFO : Using categorical units to plot a list of strings that are all parsable as floats or dates. If these strings should be plotted as numbers, cast to the appropriate data type before plotting.
[2025-03-09T11:10:42.739+0000] {subprocess.py:93} INFO - 2025-03-09 11:10:42,739 : INFO : Using categorical units to plot a list of strings that are all parsable as floats or dates. If these strings should be plotted as numbers, cast to the appropriate data type before plotting.
[2025-03-09T11:10:43.196+0000] {subprocess.py:93} INFO - 2025-03-09 11:10:43,195 : INFO : Saved pdf in /opt/***/visualization/fintech2/09-03-2025/database/plots.pdf
[2025-03-09T11:10:45.700+0000] {subprocess.py:93} INFO - 
[2025-03-09T11:10:45.700+0000] {subprocess.py:93} INFO - To track the changes with git, run:
[2025-03-09T11:10:45.700+0000] {subprocess.py:93} INFO - 
[2025-03-09T11:10:45.701+0000] {subprocess.py:93} INFO - 	git add data/cleaned.dvc
[2025-03-09T11:10:45.701+0000] {subprocess.py:93} INFO - 
[2025-03-09T11:10:45.701+0000] {subprocess.py:93} INFO - To enable auto staging, run:
[2025-03-09T11:10:45.701+0000] {subprocess.py:93} INFO - 
[2025-03-09T11:10:45.701+0000] {subprocess.py:93} INFO - 	dvc config core.autostage true
[2025-03-09T11:10:46.024+0000] {subprocess.py:93} INFO - /bin/bash: line 2:  : command not found
[2025-03-09T11:10:46.058+0000] {subprocess.py:93} INFO - On branch main
[2025-03-09T11:10:46.058+0000] {subprocess.py:93} INFO - Your branch is up to date with 'origin/main'.
[2025-03-09T11:10:46.058+0000] {subprocess.py:93} INFO - 
[2025-03-09T11:10:46.058+0000] {subprocess.py:93} INFO - Changes to be committed:
[2025-03-09T11:10:46.058+0000] {subprocess.py:93} INFO -   (use "git restore --staged <file>..." to unstage)
[2025-03-09T11:10:46.059+0000] {subprocess.py:93} INFO - 	new file:   logs/dag_id=customer_churn_ml_pipeline/run_id=manual__2025-03-09T11:09:34.940904+00:00/task_id=data_preparation_task/attempt=1.log
[2025-03-09T11:10:46.059+0000] {subprocess.py:93} INFO - 	modified:   logs/dag_id=customer_churn_ml_pipeline/run_id=manual__2025-03-09T11:09:34.940904+00:00/task_id=data_validation_task/attempt=1.log
[2025-03-09T11:10:46.059+0000] {subprocess.py:93} INFO - 	modified:   logs/dag_processor_manager/dag_processor_manager.log
[2025-03-09T11:10:46.059+0000] {subprocess.py:93} INFO - 	modified:   logs/data_preparation.log
[2025-03-09T11:10:46.059+0000] {subprocess.py:93} INFO - 	modified:   logs/scheduler/2025-03-09/customer_churn.py.log
[2025-03-09T11:10:46.059+0000] {subprocess.py:93} INFO - 	modified:   visualization/fintech1/09-03-2025/csv/plots.pdf
[2025-03-09T11:10:46.060+0000] {subprocess.py:93} INFO - 	modified:   visualization/fintech2/09-03-2025/database/plots.pdf
[2025-03-09T11:10:46.060+0000] {subprocess.py:93} INFO - 
[2025-03-09T11:10:46.060+0000] {subprocess.py:93} INFO - Changes not staged for commit:
[2025-03-09T11:10:46.060+0000] {subprocess.py:93} INFO -   (use "git add <file>..." to update what will be committed)
[2025-03-09T11:10:46.060+0000] {subprocess.py:93} INFO -   (use "git restore <file>..." to discard changes in working directory)
[2025-03-09T11:10:46.060+0000] {subprocess.py:93} INFO - 	modified:   logs/dag_id=customer_churn_ml_pipeline/run_id=manual__2025-03-09T11:09:34.940904+00:00/task_id=data_preparation_task/attempt=1.log
[2025-03-09T11:10:46.061+0000] {subprocess.py:93} INFO - 
[2025-03-09T11:10:46.061+0000] {subprocess.py:93} INFO - Untracked files:
[2025-03-09T11:10:46.061+0000] {subprocess.py:93} INFO -   (use "git add <file>..." to include in what will be committed)
[2025-03-09T11:10:46.061+0000] {subprocess.py:93} INFO - 	customer_churn_stats/feature_repo/data/online_store.db
[2025-03-09T11:10:46.061+0000] {subprocess.py:93} INFO - 	customer_churn_stats/feature_repo/data/registry.db
[2025-03-09T11:10:46.062+0000] {subprocess.py:93} INFO - 	models/
[2025-03-09T11:10:46.062+0000] {subprocess.py:93} INFO - 	online.db
[2025-03-09T11:10:46.062+0000] {subprocess.py:93} INFO - 
[2025-03-09T11:10:46.153+0000] {subprocess.py:93} INFO - [main b17b51c] Updated cleaned data version
[2025-03-09T11:10:46.154+0000] {subprocess.py:93} INFO -  7 files changed, 252 insertions(+)
[2025-03-09T11:10:46.154+0000] {subprocess.py:93} INFO -  create mode 100644 logs/dag_id=customer_churn_ml_pipeline/run_id=manual__2025-03-09T11:09:34.940904+00:00/task_id=data_preparation_task/attempt=1.log
[2025-03-09T11:10:51.633+0000] {subprocess.py:93} INFO - Everything is up to date.
[2025-03-09T11:10:53.618+0000] {subprocess.py:93} INFO - To https://github.com/anniemathew-trial/customer_churn_pipeline.git
[2025-03-09T11:10:53.618+0000] {subprocess.py:93} INFO -    82c2707..b17b51c  main -> main
[2025-03-09T11:10:53.624+0000] {subprocess.py:97} INFO - Command exited with return code 0
[2025-03-09T11:10:53.670+0000] {taskinstance.py:1400} INFO - Marking task as SUCCESS. dag_id=customer_churn_ml_pipeline, task_id=data_preparation_task, execution_date=20250309T110934, start_date=20250309T111023, end_date=20250309T111053
[2025-03-09T11:10:53.730+0000] {local_task_job_runner.py:228} INFO - Task exited with return code 0
[2025-03-09T11:10:53.772+0000] {taskinstance.py:2778} INFO - 0 downstream tasks scheduled from follow-on schedule check
