[2025-03-03T16:37:23.645+0000] {taskinstance.py:1159} INFO - Dependencies all met for dep_context=non-requeueable deps ti=<TaskInstance: customer_churn_ml_pipeline.data_storage_task manual__2025-03-03T16:36:09.097634+00:00 [queued]>
[2025-03-03T16:37:23.662+0000] {taskinstance.py:1159} INFO - Dependencies all met for dep_context=requeueable deps ti=<TaskInstance: customer_churn_ml_pipeline.data_storage_task manual__2025-03-03T16:36:09.097634+00:00 [queued]>
[2025-03-03T16:37:23.662+0000] {taskinstance.py:1361} INFO - Starting attempt 1 of 1
[2025-03-03T16:37:23.685+0000] {taskinstance.py:1382} INFO - Executing <Task(BashOperator): data_storage_task> on 2025-03-03 16:36:09.097634+00:00
[2025-03-03T16:37:23.692+0000] {standard_task_runner.py:57} INFO - Started process 4118 to run task
[2025-03-03T16:37:23.696+0000] {standard_task_runner.py:84} INFO - Running: ['***', 'tasks', 'run', 'customer_churn_ml_pipeline', 'data_storage_task', 'manual__2025-03-03T16:36:09.097634+00:00', '--job-id', '96', '--raw', '--subdir', 'DAGS_FOLDER/customer_churn.py', '--cfg-path', '/tmp/tmp9xnnx3b9']
[2025-03-03T16:37:23.699+0000] {standard_task_runner.py:85} INFO - Job 96: Subtask data_storage_task
[2025-03-03T16:37:23.730+0000] {logging_mixin.py:154} WARNING - /home/***/.local/lib/python3.8/site-packages/***/settings.py:195 DeprecationWarning: The sql_alchemy_conn option in [core] has been moved to the sql_alchemy_conn option in [database] - the old setting has been used, but please update your config.
[2025-03-03T16:37:23.797+0000] {task_command.py:416} INFO - Running <TaskInstance: customer_churn_ml_pipeline.data_storage_task manual__2025-03-03T16:36:09.097634+00:00 [running]> on host 157237bff8f7
[2025-03-03T16:37:23.952+0000] {taskinstance.py:1662} INFO - Exporting env vars: AIRFLOW_CTX_DAG_OWNER='***' AIRFLOW_CTX_DAG_ID='customer_churn_ml_pipeline' AIRFLOW_CTX_TASK_ID='data_storage_task' AIRFLOW_CTX_EXECUTION_DATE='2025-03-03T16:36:09.097634+00:00' AIRFLOW_CTX_TRY_NUMBER='1' AIRFLOW_CTX_DAG_RUN_ID='manual__2025-03-03T16:36:09.097634+00:00'
[2025-03-03T16:37:23.954+0000] {subprocess.py:63} INFO - Tmp dir root location: /tmp
[2025-03-03T16:37:23.955+0000] {subprocess.py:75} INFO - Running command: ['/bin/bash', '-c', '\n\t\t\tcd /opt/***\n                        dvc pull /opt/***/data/transformed\n                        python /opt/***/executables/data_storage.py && \t\t\tgit add logs &&    \t\t\tgit status &&                         git commit -m "Updated stored data version" -a &&                         dvc push && git push\n                    ']
[2025-03-03T16:37:23.967+0000] {subprocess.py:86} INFO - Output:
[2025-03-03T16:37:27.699+0000] {subprocess.py:93} INFO - Everything is up to date.
[2025-03-03T16:37:29.073+0000] {subprocess.py:93} INFO - 2025-03-03 16:37:29,073 : INFO : Starting data storage for customer_data.csv
[2025-03-03T16:37:29.074+0000] {subprocess.py:93} INFO - 2025-03-03 16:37:29,073 : INFO : Connecting to Database
[2025-03-03T16:37:29.098+0000] {subprocess.py:93} INFO - 2025-03-03 16:37:29,098 : INFO : Connecting to Database Successfull
[2025-03-03T16:37:29.099+0000] {subprocess.py:93} INFO - 2025-03-03 16:37:29,098 : INFO : Reading insert script template
[2025-03-03T16:37:29.099+0000] {subprocess.py:93} INFO - 2025-03-03 16:37:29,098 : INFO : Executing script to Database
[2025-03-03T16:37:29.099+0000] {subprocess.py:93} INFO - 2025-03-03 16:37:29,099 : INFO : Inserting data to database
[2025-03-03T16:37:29.100+0000] {subprocess.py:93} INFO - 2025-03-03 16:37:29,099 : ERROR : Error storing data: [Errno 2] No such file or directory: '/opt/***/data/transformed/fintech1/03-03-2025/csv/customer_data.csv'
[2025-03-03T16:37:29.101+0000] {subprocess.py:93} INFO - 2025-03-03 16:37:29,100 : INFO : Starting data storage for database_data.csv
[2025-03-03T16:37:29.101+0000] {subprocess.py:93} INFO - 2025-03-03 16:37:29,101 : INFO : Connecting to Database
[2025-03-03T16:37:29.114+0000] {subprocess.py:93} INFO - 2025-03-03 16:37:29,114 : INFO : Connecting to Database Successfull
[2025-03-03T16:37:29.115+0000] {subprocess.py:93} INFO - 2025-03-03 16:37:29,114 : INFO : Reading insert script template
[2025-03-03T16:37:29.115+0000] {subprocess.py:93} INFO - 2025-03-03 16:37:29,114 : INFO : Executing script to Database
[2025-03-03T16:37:29.115+0000] {subprocess.py:93} INFO - 2025-03-03 16:37:29,114 : INFO : Inserting data to database
[2025-03-03T16:37:29.115+0000] {subprocess.py:93} INFO - 2025-03-03 16:37:29,115 : ERROR : Error storing data: [Errno 2] No such file or directory: '/opt/***/data/transformed/fintech2/03-03-2025/database/database_data.csv'
[2025-03-03T16:37:29.302+0000] {subprocess.py:93} INFO - On branch main
[2025-03-03T16:37:29.302+0000] {subprocess.py:93} INFO - Your branch is up to date with 'origin/main'.
[2025-03-03T16:37:29.303+0000] {subprocess.py:93} INFO - 
[2025-03-03T16:37:29.303+0000] {subprocess.py:93} INFO - Changes to be committed:
[2025-03-03T16:37:29.304+0000] {subprocess.py:93} INFO -   (use "git restore --staged <file>..." to unstage)
[2025-03-03T16:37:29.304+0000] {subprocess.py:93} INFO - 	new file:   logs/dag_id=customer_churn_ml_pipeline/run_id=manual__2025-03-03T16:36:09.097634+00:00/task_id=data_storage_task/attempt=1.log
[2025-03-03T16:37:29.304+0000] {subprocess.py:93} INFO - 	modified:   logs/dag_id=customer_churn_ml_pipeline/run_id=manual__2025-03-03T16:36:09.097634+00:00/task_id=data_transformation_task/attempt=1.log
[2025-03-03T16:37:29.305+0000] {subprocess.py:93} INFO - 	modified:   logs/dag_processor_manager/dag_processor_manager.log
[2025-03-03T16:37:29.305+0000] {subprocess.py:93} INFO - 	modified:   logs/data_storage.log
[2025-03-03T16:37:29.305+0000] {subprocess.py:93} INFO - 
[2025-03-03T16:37:29.306+0000] {subprocess.py:93} INFO - Untracked files:
[2025-03-03T16:37:29.306+0000] {subprocess.py:93} INFO -   (use "git add <file>..." to include in what will be committed)
[2025-03-03T16:37:29.306+0000] {subprocess.py:93} INFO - 	customer_churn_stats/feature_repo/data/online_store.db
[2025-03-03T16:37:29.306+0000] {subprocess.py:93} INFO - 	customer_churn_stats/feature_repo/data/registry.db
[2025-03-03T16:37:29.307+0000] {subprocess.py:93} INFO - 	models/
[2025-03-03T16:37:29.307+0000] {subprocess.py:93} INFO - 	online.db
[2025-03-03T16:37:29.308+0000] {subprocess.py:93} INFO - 
[2025-03-03T16:37:29.379+0000] {subprocess.py:93} INFO - [main 41878d4] Updated stored data version
[2025-03-03T16:37:29.380+0000] {subprocess.py:93} INFO -  4 files changed, 77 insertions(+)
[2025-03-03T16:37:29.380+0000] {subprocess.py:93} INFO -  create mode 100644 logs/dag_id=customer_churn_ml_pipeline/run_id=manual__2025-03-03T16:36:09.097634+00:00/task_id=data_storage_task/attempt=1.log
[2025-03-03T16:37:34.848+0000] {subprocess.py:93} INFO - Everything is up to date.
[2025-03-03T16:37:36.509+0000] {subprocess.py:93} INFO - To https://github.com/anniemathew-trial/customer_churn_pipeline.git
[2025-03-03T16:37:36.510+0000] {subprocess.py:93} INFO -    3d16741..41878d4  main -> main
[2025-03-03T16:37:36.519+0000] {subprocess.py:97} INFO - Command exited with return code 0
[2025-03-03T16:37:36.559+0000] {taskinstance.py:1400} INFO - Marking task as SUCCESS. dag_id=customer_churn_ml_pipeline, task_id=data_storage_task, execution_date=20250303T163609, start_date=20250303T163723, end_date=20250303T163736
[2025-03-03T16:37:36.588+0000] {local_task_job_runner.py:228} INFO - Task exited with return code 0
[2025-03-03T16:37:36.620+0000] {taskinstance.py:2778} INFO - 1 downstream tasks scheduled from follow-on schedule check
