[2025-03-01T11:19:29.744+0000] {taskinstance.py:1159} INFO - Dependencies all met for dep_context=non-requeueable deps ti=<TaskInstance: customer_churn_ml_pipeline.data_preparation_task manual__2025-03-01T11:18:49.240636+00:00 [queued]>
[2025-03-01T11:19:29.772+0000] {taskinstance.py:1159} INFO - Dependencies all met for dep_context=requeueable deps ti=<TaskInstance: customer_churn_ml_pipeline.data_preparation_task manual__2025-03-01T11:18:49.240636+00:00 [queued]>
[2025-03-01T11:19:29.773+0000] {taskinstance.py:1361} INFO - Starting attempt 1 of 1
[2025-03-01T11:19:29.808+0000] {taskinstance.py:1382} INFO - Executing <Task(BashOperator): data_preparation_task> on 2025-03-01 11:18:49.240636+00:00
[2025-03-01T11:19:29.818+0000] {standard_task_runner.py:57} INFO - Started process 13462 to run task
[2025-03-01T11:19:29.824+0000] {standard_task_runner.py:84} INFO - Running: ['***', 'tasks', 'run', 'customer_churn_ml_pipeline', 'data_preparation_task', 'manual__2025-03-01T11:18:49.240636+00:00', '--job-id', '123', '--raw', '--subdir', 'DAGS_FOLDER/customer_churn.py', '--cfg-path', '/tmp/tmpn3q11hu2']
[2025-03-01T11:19:29.829+0000] {standard_task_runner.py:85} INFO - Job 123: Subtask data_preparation_task
[2025-03-01T11:19:29.872+0000] {logging_mixin.py:154} WARNING - /home/***/.local/lib/python3.8/site-packages/***/settings.py:195 DeprecationWarning: The sql_alchemy_conn option in [core] has been moved to the sql_alchemy_conn option in [database] - the old setting has been used, but please update your config.
[2025-03-01T11:19:29.961+0000] {task_command.py:416} INFO - Running <TaskInstance: customer_churn_ml_pipeline.data_preparation_task manual__2025-03-01T11:18:49.240636+00:00 [running]> on host 7e994a0ed489
[2025-03-01T11:19:30.172+0000] {taskinstance.py:1662} INFO - Exporting env vars: AIRFLOW_CTX_DAG_OWNER='***' AIRFLOW_CTX_DAG_ID='customer_churn_ml_pipeline' AIRFLOW_CTX_TASK_ID='data_preparation_task' AIRFLOW_CTX_EXECUTION_DATE='2025-03-01T11:18:49.240636+00:00' AIRFLOW_CTX_TRY_NUMBER='1' AIRFLOW_CTX_DAG_RUN_ID='manual__2025-03-01T11:18:49.240636+00:00'
[2025-03-01T11:19:30.175+0000] {subprocess.py:63} INFO - Tmp dir root location: /tmp
[2025-03-01T11:19:30.176+0000] {subprocess.py:75} INFO - Running command: ['/bin/bash', '-c', '\n\t\t\tcd /opt/***\n\t\t\tpython /opt/***/executables/data_preparation.py &&                         dvc add /opt/***/data/cleaned &&                         git add /opt/***/data/cleaned.dvc && \t\t\tgit add logs &&\\   \n\t\t\tgit add visualization &&                        git commit -m "Updated cleaned data version" -a &&                         dvc push && git push\n                    ']
[2025-03-01T11:19:30.194+0000] {subprocess.py:86} INFO - Output:
[2025-03-01T11:19:35.299+0000] {subprocess.py:93} INFO - 2025-03-01 11:19:35,299 : INFO : Starting data preparation for csv.
[2025-03-01T11:19:35.343+0000] {subprocess.py:93} INFO - 2025-03-01 11:19:35,343 : INFO : Handling 'Tenure', 'Balance', 'EstimatedSalary' empty data
[2025-03-01T11:19:35.344+0000] {subprocess.py:93} INFO - 2025-03-01 11:19:35,344 : INFO : Handling 'Age' empty data
[2025-03-01T11:19:35.347+0000] {subprocess.py:93} INFO - 2025-03-01 11:19:35,347 : INFO : Droping 'Surname' as it may lead to profiling, 'RowNumber', 'CustomerId' as it is not required
[2025-03-01T11:19:35.352+0000] {subprocess.py:93} INFO - 2025-03-01 11:19:35,351 : INFO : Making 'Geography', 'Gender', 'HasCrCard', 'IsActiveMember' as categorical
[2025-03-01T11:19:35.370+0000] {subprocess.py:93} INFO - 2025-03-01 11:19:35,369 : INFO : Saving data to S3.
[2025-03-01T11:19:35.482+0000] {subprocess.py:93} INFO - 2025-03-01 11:19:35,481 : INFO : Saving report to S3.
[2025-03-01T11:19:35.483+0000] {subprocess.py:93} INFO - 2025-03-01 11:19:35,483 : INFO : Creating Pie chart
[2025-03-01T11:19:35.664+0000] {subprocess.py:93} INFO - 2025-03-01 11:19:35,663 : INFO : Generating histogram for column CreditScore.
[2025-03-01T11:19:35.983+0000] {subprocess.py:93} INFO - 2025-03-01 11:19:35,983 : INFO : Generating histogram for column Geography.
[2025-03-01T11:19:36.268+0000] {subprocess.py:93} INFO - 2025-03-01 11:19:36,267 : INFO : Generating histogram for column Gender.
[2025-03-01T11:19:36.769+0000] {subprocess.py:93} INFO - 2025-03-01 11:19:36,769 : INFO : Generating histogram for column Age.
[2025-03-01T11:19:37.342+0000] {subprocess.py:93} INFO - 2025-03-01 11:19:37,342 : INFO : Generating histogram for column Tenure.
[2025-03-01T11:19:37.802+0000] {subprocess.py:93} INFO - 2025-03-01 11:19:37,801 : INFO : Generating histogram for column Balance.
[2025-03-01T11:19:38.220+0000] {subprocess.py:93} INFO - 2025-03-01 11:19:38,219 : INFO : Generating histogram for column NumOfProducts.
[2025-03-01T11:19:38.602+0000] {subprocess.py:93} INFO - 2025-03-01 11:19:38,602 : INFO : Generating histogram for column HasCrCard.
[2025-03-01T11:19:38.928+0000] {subprocess.py:93} INFO - 2025-03-01 11:19:38,928 : INFO : Generating histogram for column IsActiveMember.
[2025-03-01T11:19:39.281+0000] {subprocess.py:93} INFO - 2025-03-01 11:19:39,280 : INFO : Generating histogram for column EstimatedSalary.
[2025-03-01T11:19:39.577+0000] {subprocess.py:93} INFO - 2025-03-01 11:19:39,576 : INFO : Generating histogram for column Exited.
[2025-03-01T11:19:39.855+0000] {subprocess.py:93} INFO - 2025-03-01 11:19:39,855 : INFO : Generating histogram for relation of Exited with Categorical data.
[2025-03-01T11:19:40.332+0000] {subprocess.py:93} INFO - 2025-03-01 11:19:40,332 : INFO : Using categorical units to plot a list of strings that are all parsable as floats or dates. If these strings should be plotted as numbers, cast to the appropriate data type before plotting.
[2025-03-01T11:19:40.355+0000] {subprocess.py:93} INFO - 2025-03-01 11:19:40,355 : INFO : Using categorical units to plot a list of strings that are all parsable as floats or dates. If these strings should be plotted as numbers, cast to the appropriate data type before plotting.
[2025-03-01T11:19:40.432+0000] {subprocess.py:93} INFO - 2025-03-01 11:19:40,431 : INFO : Using categorical units to plot a list of strings that are all parsable as floats or dates. If these strings should be plotted as numbers, cast to the appropriate data type before plotting.
[2025-03-01T11:19:40.452+0000] {subprocess.py:93} INFO - 2025-03-01 11:19:40,451 : INFO : Using categorical units to plot a list of strings that are all parsable as floats or dates. If these strings should be plotted as numbers, cast to the appropriate data type before plotting.
[2025-03-01T11:19:40.509+0000] {subprocess.py:93} INFO - 2025-03-01 11:19:40,509 : INFO : Generating box plots for relation of Exited with non Categorical data.
[2025-03-01T11:19:40.711+0000] {subprocess.py:93} INFO - 2025-03-01 11:19:40,710 : INFO : Using categorical units to plot a list of strings that are all parsable as floats or dates. If these strings should be plotted as numbers, cast to the appropriate data type before plotting.
[2025-03-01T11:19:40.734+0000] {subprocess.py:93} INFO - 2025-03-01 11:19:40,734 : INFO : Using categorical units to plot a list of strings that are all parsable as floats or dates. If these strings should be plotted as numbers, cast to the appropriate data type before plotting.
[2025-03-01T11:19:40.829+0000] {subprocess.py:93} INFO - 2025-03-01 11:19:40,829 : INFO : Using categorical units to plot a list of strings that are all parsable as floats or dates. If these strings should be plotted as numbers, cast to the appropriate data type before plotting.
[2025-03-01T11:19:40.858+0000] {subprocess.py:93} INFO - 2025-03-01 11:19:40,857 : INFO : Using categorical units to plot a list of strings that are all parsable as floats or dates. If these strings should be plotted as numbers, cast to the appropriate data type before plotting.
[2025-03-01T11:19:40.968+0000] {subprocess.py:93} INFO - 2025-03-01 11:19:40,968 : INFO : Using categorical units to plot a list of strings that are all parsable as floats or dates. If these strings should be plotted as numbers, cast to the appropriate data type before plotting.
[2025-03-01T11:19:40.992+0000] {subprocess.py:93} INFO - 2025-03-01 11:19:40,991 : INFO : Using categorical units to plot a list of strings that are all parsable as floats or dates. If these strings should be plotted as numbers, cast to the appropriate data type before plotting.
[2025-03-01T11:19:41.097+0000] {subprocess.py:93} INFO - 2025-03-01 11:19:41,096 : INFO : Using categorical units to plot a list of strings that are all parsable as floats or dates. If these strings should be plotted as numbers, cast to the appropriate data type before plotting.
[2025-03-01T11:19:41.124+0000] {subprocess.py:93} INFO - 2025-03-01 11:19:41,124 : INFO : Using categorical units to plot a list of strings that are all parsable as floats or dates. If these strings should be plotted as numbers, cast to the appropriate data type before plotting.
[2025-03-01T11:19:41.231+0000] {subprocess.py:93} INFO - 2025-03-01 11:19:41,230 : INFO : Using categorical units to plot a list of strings that are all parsable as floats or dates. If these strings should be plotted as numbers, cast to the appropriate data type before plotting.
[2025-03-01T11:19:41.252+0000] {subprocess.py:93} INFO - 2025-03-01 11:19:41,252 : INFO : Using categorical units to plot a list of strings that are all parsable as floats or dates. If these strings should be plotted as numbers, cast to the appropriate data type before plotting.
[2025-03-01T11:19:41.352+0000] {subprocess.py:93} INFO - 2025-03-01 11:19:41,352 : INFO : Using categorical units to plot a list of strings that are all parsable as floats or dates. If these strings should be plotted as numbers, cast to the appropriate data type before plotting.
[2025-03-01T11:19:41.380+0000] {subprocess.py:93} INFO - 2025-03-01 11:19:41,380 : INFO : Using categorical units to plot a list of strings that are all parsable as floats or dates. If these strings should be plotted as numbers, cast to the appropriate data type before plotting.
[2025-03-01T11:19:42.056+0000] {subprocess.py:93} INFO - 2025-03-01 11:19:42,056 : INFO : Saved pdf in visualization/plots.pdf
[2025-03-01T11:19:45.950+0000] {subprocess.py:93} INFO - 
[2025-03-01T11:19:45.951+0000] {subprocess.py:93} INFO - To track the changes with git, run:
[2025-03-01T11:19:45.952+0000] {subprocess.py:93} INFO - 
[2025-03-01T11:19:45.952+0000] {subprocess.py:93} INFO - 	git add data/cleaned.dvc
[2025-03-01T11:19:45.953+0000] {subprocess.py:93} INFO - 
[2025-03-01T11:19:45.953+0000] {subprocess.py:93} INFO - To enable auto staging, run:
[2025-03-01T11:19:45.953+0000] {subprocess.py:93} INFO - 
[2025-03-01T11:19:45.954+0000] {subprocess.py:93} INFO - 	dvc config core.autostage true
[2025-03-01T11:19:46.392+0000] {subprocess.py:93} INFO - /bin/bash: line 3:  : command not found
[2025-03-01T11:19:46.459+0000] {subprocess.py:93} INFO - [main 48db88d] Updated cleaned data version
[2025-03-01T11:19:46.460+0000] {subprocess.py:93} INFO -  6 files changed, 123 insertions(+)
[2025-03-01T11:19:46.460+0000] {subprocess.py:93} INFO -  create mode 100644 logs/dag_id=customer_churn_ml_pipeline/run_id=manual__2025-03-01T11:18:49.240636+00:00/task_id=data_preparation_task/attempt=1.log
[2025-03-01T11:19:53.246+0000] {subprocess.py:93} INFO - Everything is up to date.
[2025-03-01T11:19:55.171+0000] {subprocess.py:93} INFO - To https://github.com/anniemathew-trial/customer_churn_pipeline.git
[2025-03-01T11:19:55.173+0000] {subprocess.py:93} INFO -    a174d1b..48db88d  main -> main
[2025-03-01T11:19:55.190+0000] {subprocess.py:97} INFO - Command exited with return code 0
[2025-03-01T11:19:55.250+0000] {taskinstance.py:1400} INFO - Marking task as SUCCESS. dag_id=customer_churn_ml_pipeline, task_id=data_preparation_task, execution_date=20250301T111849, start_date=20250301T111929, end_date=20250301T111955
[2025-03-01T11:19:55.311+0000] {local_task_job_runner.py:228} INFO - Task exited with return code 0
[2025-03-01T11:19:55.352+0000] {taskinstance.py:2778} INFO - 1 downstream tasks scheduled from follow-on schedule check
