[2025-03-09T17:13:35.471+0000] {taskinstance.py:1159} INFO - Dependencies all met for dep_context=non-requeueable deps ti=<TaskInstance: customer_churn_ml_pipeline.data_preparation_task manual__2025-03-09T17:12:32.664464+00:00 [queued]>
[2025-03-09T17:13:35.491+0000] {taskinstance.py:1159} INFO - Dependencies all met for dep_context=requeueable deps ti=<TaskInstance: customer_churn_ml_pipeline.data_preparation_task manual__2025-03-09T17:12:32.664464+00:00 [queued]>
[2025-03-09T17:13:35.492+0000] {taskinstance.py:1361} INFO - Starting attempt 1 of 1
[2025-03-09T17:13:35.522+0000] {taskinstance.py:1382} INFO - Executing <Task(BashOperator): data_preparation_task> on 2025-03-09 17:12:32.664464+00:00
[2025-03-09T17:13:35.528+0000] {standard_task_runner.py:57} INFO - Started process 12319 to run task
[2025-03-09T17:13:35.535+0000] {standard_task_runner.py:84} INFO - Running: ['***', 'tasks', 'run', 'customer_churn_ml_pipeline', 'data_preparation_task', 'manual__2025-03-09T17:12:32.664464+00:00', '--job-id', '407', '--raw', '--subdir', 'DAGS_FOLDER/customer_churn.py', '--cfg-path', '/tmp/tmppqyxc5ab']
[2025-03-09T17:13:35.539+0000] {standard_task_runner.py:85} INFO - Job 407: Subtask data_preparation_task
[2025-03-09T17:13:35.575+0000] {logging_mixin.py:154} WARNING - /home/***/.local/lib/python3.8/site-packages/***/settings.py:195 DeprecationWarning: The sql_alchemy_conn option in [core] has been moved to the sql_alchemy_conn option in [database] - the old setting has been used, but please update your config.
[2025-03-09T17:13:35.658+0000] {task_command.py:416} INFO - Running <TaskInstance: customer_churn_ml_pipeline.data_preparation_task manual__2025-03-09T17:12:32.664464+00:00 [running]> on host 157237bff8f7
[2025-03-09T17:13:35.864+0000] {taskinstance.py:1662} INFO - Exporting env vars: AIRFLOW_CTX_DAG_OWNER='***' AIRFLOW_CTX_DAG_ID='customer_churn_ml_pipeline' AIRFLOW_CTX_TASK_ID='data_preparation_task' AIRFLOW_CTX_EXECUTION_DATE='2025-03-09T17:12:32.664464+00:00' AIRFLOW_CTX_TRY_NUMBER='1' AIRFLOW_CTX_DAG_RUN_ID='manual__2025-03-09T17:12:32.664464+00:00'
[2025-03-09T17:13:35.866+0000] {subprocess.py:63} INFO - Tmp dir root location: /tmp
[2025-03-09T17:13:35.868+0000] {subprocess.py:75} INFO - Running command: ['/bin/bash', '-c', '\n\t\t\tcd /opt/*** &&\t\t\tpython /opt/***/executables/data_preparation.py &&                         dvc add /opt/***/data/cleaned &&                         git add /opt/***/data/cleaned.dvc && \t\t\tgit add logs && \\   \n\t\t\tgit add visualization &&    \t\t\tgit status &&                         git commit -m "Updated cleaned data version" -a &&                         dvc push && git push\n                    ']
[2025-03-09T17:13:35.887+0000] {subprocess.py:86} INFO - Output:
[2025-03-09T17:13:40.816+0000] {subprocess.py:93} INFO - 2025-03-09 17:13:40,816 : INFO : Starting data preparation for customer_data.csv.
[2025-03-09T17:13:40.846+0000] {subprocess.py:93} INFO - 2025-03-09 17:13:40,845 : INFO : Dropping 'Estimated Salary' & 'Credit Score' with 0 & negative values
[2025-03-09T17:13:40.850+0000] {subprocess.py:93} INFO - 2025-03-09 17:13:40,850 : INFO : Handling 'Balance', 'EstimatedSalary' empty data with mean
[2025-03-09T17:13:40.850+0000] {subprocess.py:93} INFO - 2025-03-09 17:13:40,850 : INFO : Handling 'Tenure', 'Age' empty data with tenure + 18 in age and droping tenure with 0 values & negative values
[2025-03-09T17:13:40.868+0000] {subprocess.py:93} INFO - 2025-03-09 17:13:40,867 : INFO : Dropping 'Tenure' less than 0 and greater than 80
[2025-03-09T17:13:40.871+0000] {subprocess.py:93} INFO - 2025-03-09 17:13:40,871 : INFO : Handling 'Age' empty data
[2025-03-09T17:13:40.872+0000] {subprocess.py:93} INFO - 2025-03-09 17:13:40,872 : INFO : Dropping 'Age' less than 18 and greater than 110
[2025-03-09T17:13:40.876+0000] {subprocess.py:93} INFO - 2025-03-09 17:13:40,876 : INFO : Droping 'Surname' as it may lead to profiling, 'RowNumber', 'CustomerId' as it is not required
[2025-03-09T17:13:40.880+0000] {subprocess.py:93} INFO - 2025-03-09 17:13:40,879 : INFO : Making 'Geography', 'Gender' as categorical
[2025-03-09T17:13:40.890+0000] {subprocess.py:93} INFO - 2025-03-09 17:13:40,889 : INFO : Making 'HasCrCard', 'IsActiveMember', 'Exited' as integers
[2025-03-09T17:13:40.891+0000] {subprocess.py:93} INFO - 2025-03-09 17:13:40,891 : INFO : Saving data to S3.
[2025-03-09T17:13:40.892+0000] {subprocess.py:93} INFO - 2025-03-09 17:13:40,891 : INFO : Directory created at /opt/***/data/cleaned/fintech1/09-03-2025/csv
[2025-03-09T17:13:41.206+0000] {subprocess.py:93} INFO - 2025-03-09 17:13:41,206 : INFO : Connected to s3
[2025-03-09T17:13:43.796+0000] {subprocess.py:93} INFO - 2025-03-09 17:13:43,796 : INFO : File uploaded to S3
[2025-03-09T17:13:43.797+0000] {subprocess.py:93} INFO - 2025-03-09 17:13:43,797 : INFO : Creating Pie chart
[2025-03-09T17:13:43.859+0000] {subprocess.py:93} INFO - 2025-03-09 17:13:43,859 : INFO : Generating histogram for column CreditScore.
[2025-03-09T17:13:44.124+0000] {subprocess.py:93} INFO - 2025-03-09 17:13:44,124 : INFO : Generating histogram for column Geography.
[2025-03-09T17:13:44.398+0000] {subprocess.py:93} INFO - 2025-03-09 17:13:44,398 : INFO : Generating histogram for column Gender.
[2025-03-09T17:13:44.574+0000] {subprocess.py:93} INFO - 2025-03-09 17:13:44,573 : INFO : Generating histogram for column Age.
[2025-03-09T17:13:44.828+0000] {subprocess.py:93} INFO - 2025-03-09 17:13:44,827 : INFO : Generating histogram for column Tenure.
[2025-03-09T17:13:45.072+0000] {subprocess.py:93} INFO - 2025-03-09 17:13:45,072 : INFO : Generating histogram for column Balance.
[2025-03-09T17:13:45.302+0000] {subprocess.py:93} INFO - 2025-03-09 17:13:45,301 : INFO : Generating histogram for column NumOfProducts.
[2025-03-09T17:13:45.542+0000] {subprocess.py:93} INFO - 2025-03-09 17:13:45,542 : INFO : Generating histogram for column HasCrCard.
[2025-03-09T17:13:45.901+0000] {subprocess.py:93} INFO - 2025-03-09 17:13:45,900 : INFO : Generating histogram for column IsActiveMember.
[2025-03-09T17:13:46.215+0000] {subprocess.py:93} INFO - 2025-03-09 17:13:46,215 : INFO : Generating histogram for column EstimatedSalary.
[2025-03-09T17:13:46.588+0000] {subprocess.py:93} INFO - 2025-03-09 17:13:46,587 : INFO : Generating histogram for column Exited.
[2025-03-09T17:13:46.908+0000] {subprocess.py:93} INFO - 2025-03-09 17:13:46,907 : INFO : Generating histogram for relation of Exited with Categorical data.
[2025-03-09T17:13:47.395+0000] {subprocess.py:93} INFO - 2025-03-09 17:13:47,395 : INFO : Using categorical units to plot a list of strings that are all parsable as floats or dates. If these strings should be plotted as numbers, cast to the appropriate data type before plotting.
[2025-03-09T17:13:47.420+0000] {subprocess.py:93} INFO - 2025-03-09 17:13:47,419 : INFO : Using categorical units to plot a list of strings that are all parsable as floats or dates. If these strings should be plotted as numbers, cast to the appropriate data type before plotting.
[2025-03-09T17:13:47.531+0000] {subprocess.py:93} INFO - 2025-03-09 17:13:47,530 : INFO : Using categorical units to plot a list of strings that are all parsable as floats or dates. If these strings should be plotted as numbers, cast to the appropriate data type before plotting.
[2025-03-09T17:13:47.560+0000] {subprocess.py:93} INFO - 2025-03-09 17:13:47,559 : INFO : Using categorical units to plot a list of strings that are all parsable as floats or dates. If these strings should be plotted as numbers, cast to the appropriate data type before plotting.
[2025-03-09T17:13:47.638+0000] {subprocess.py:93} INFO - 2025-03-09 17:13:47,638 : INFO : Generating box plots for relation of Exited with non Categorical data.
[2025-03-09T17:13:47.873+0000] {subprocess.py:93} INFO - 2025-03-09 17:13:47,872 : INFO : Using categorical units to plot a list of strings that are all parsable as floats or dates. If these strings should be plotted as numbers, cast to the appropriate data type before plotting.
[2025-03-09T17:13:47.898+0000] {subprocess.py:93} INFO - 2025-03-09 17:13:47,897 : INFO : Using categorical units to plot a list of strings that are all parsable as floats or dates. If these strings should be plotted as numbers, cast to the appropriate data type before plotting.
[2025-03-09T17:13:48.005+0000] {subprocess.py:93} INFO - 2025-03-09 17:13:48,004 : INFO : Using categorical units to plot a list of strings that are all parsable as floats or dates. If these strings should be plotted as numbers, cast to the appropriate data type before plotting.
[2025-03-09T17:13:48.029+0000] {subprocess.py:93} INFO - 2025-03-09 17:13:48,028 : INFO : Using categorical units to plot a list of strings that are all parsable as floats or dates. If these strings should be plotted as numbers, cast to the appropriate data type before plotting.
[2025-03-09T17:13:48.150+0000] {subprocess.py:93} INFO - 2025-03-09 17:13:48,150 : INFO : Using categorical units to plot a list of strings that are all parsable as floats or dates. If these strings should be plotted as numbers, cast to the appropriate data type before plotting.
[2025-03-09T17:13:48.190+0000] {subprocess.py:93} INFO - 2025-03-09 17:13:48,189 : INFO : Using categorical units to plot a list of strings that are all parsable as floats or dates. If these strings should be plotted as numbers, cast to the appropriate data type before plotting.
[2025-03-09T17:13:48.298+0000] {subprocess.py:93} INFO - 2025-03-09 17:13:48,298 : INFO : Using categorical units to plot a list of strings that are all parsable as floats or dates. If these strings should be plotted as numbers, cast to the appropriate data type before plotting.
[2025-03-09T17:13:48.323+0000] {subprocess.py:93} INFO - 2025-03-09 17:13:48,323 : INFO : Using categorical units to plot a list of strings that are all parsable as floats or dates. If these strings should be plotted as numbers, cast to the appropriate data type before plotting.
[2025-03-09T17:13:48.419+0000] {subprocess.py:93} INFO - 2025-03-09 17:13:48,418 : INFO : Using categorical units to plot a list of strings that are all parsable as floats or dates. If these strings should be plotted as numbers, cast to the appropriate data type before plotting.
[2025-03-09T17:13:48.440+0000] {subprocess.py:93} INFO - 2025-03-09 17:13:48,440 : INFO : Using categorical units to plot a list of strings that are all parsable as floats or dates. If these strings should be plotted as numbers, cast to the appropriate data type before plotting.
[2025-03-09T17:13:48.657+0000] {subprocess.py:93} INFO - 2025-03-09 17:13:48,657 : INFO : Using categorical units to plot a list of strings that are all parsable as floats or dates. If these strings should be plotted as numbers, cast to the appropriate data type before plotting.
[2025-03-09T17:13:48.678+0000] {subprocess.py:93} INFO - 2025-03-09 17:13:48,678 : INFO : Using categorical units to plot a list of strings that are all parsable as floats or dates. If these strings should be plotted as numbers, cast to the appropriate data type before plotting.
[2025-03-09T17:13:49.293+0000] {subprocess.py:93} INFO - 2025-03-09 17:13:49,293 : INFO : Saved pdf in /opt/***/visualization/fintech1/09-03-2025/csv/plots.pdf
[2025-03-09T17:13:49.336+0000] {subprocess.py:93} INFO - 2025-03-09 17:13:49,336 : INFO : Starting data preparation for database_data.csv.
[2025-03-09T17:13:49.361+0000] {subprocess.py:93} INFO - 2025-03-09 17:13:49,361 : INFO : Dropping 'Estimated Salary' & 'Credit Score' with 0 & negative values
[2025-03-09T17:13:49.365+0000] {subprocess.py:93} INFO - 2025-03-09 17:13:49,365 : INFO : Handling 'Balance', 'EstimatedSalary' empty data with mean
[2025-03-09T17:13:49.366+0000] {subprocess.py:93} INFO - 2025-03-09 17:13:49,365 : INFO : Handling 'Tenure', 'Age' empty data with tenure + 18 in age and droping tenure with 0 values & negative values
[2025-03-09T17:13:49.366+0000] {subprocess.py:93} INFO - 2025-03-09 17:13:49,366 : INFO : Dropping 'Tenure' less than 0 and greater than 80
[2025-03-09T17:13:49.369+0000] {subprocess.py:93} INFO - 2025-03-09 17:13:49,369 : INFO : Handling 'Age' empty data
[2025-03-09T17:13:49.370+0000] {subprocess.py:93} INFO - 2025-03-09 17:13:49,370 : INFO : Dropping 'Age' less than 18 and greater than 110
[2025-03-09T17:13:49.373+0000] {subprocess.py:93} INFO - 2025-03-09 17:13:49,373 : INFO : Droping 'Surname' as it may lead to profiling, 'RowNumber', 'CustomerId' as it is not required
[2025-03-09T17:13:49.375+0000] {subprocess.py:93} INFO - 2025-03-09 17:13:49,375 : INFO : Making 'Geography', 'Gender' as categorical
[2025-03-09T17:13:49.381+0000] {subprocess.py:93} INFO - 2025-03-09 17:13:49,381 : INFO : Making 'HasCrCard', 'IsActiveMember', 'Exited' as integers
[2025-03-09T17:13:49.383+0000] {subprocess.py:93} INFO - 2025-03-09 17:13:49,382 : INFO : Saving data to S3.
[2025-03-09T17:13:49.383+0000] {subprocess.py:93} INFO - 2025-03-09 17:13:49,383 : INFO : Directory created at /opt/***/data/cleaned/fintech2/09-03-2025/database
[2025-03-09T17:13:49.474+0000] {subprocess.py:93} INFO - 2025-03-09 17:13:49,473 : INFO : Connected to s3
[2025-03-09T17:13:51.965+0000] {subprocess.py:93} INFO - 2025-03-09 17:13:51,964 : INFO : File uploaded to S3
[2025-03-09T17:13:51.965+0000] {subprocess.py:93} INFO - 2025-03-09 17:13:51,965 : INFO : Creating Pie chart
[2025-03-09T17:13:52.047+0000] {subprocess.py:93} INFO - 2025-03-09 17:13:52,046 : INFO : Generating histogram for column CreditScore.
[2025-03-09T17:13:52.244+0000] {subprocess.py:93} INFO - 2025-03-09 17:13:52,244 : INFO : Generating histogram for column Geography.
[2025-03-09T17:13:52.444+0000] {subprocess.py:93} INFO - 2025-03-09 17:13:52,444 : INFO : Generating histogram for column Gender.
[2025-03-09T17:13:52.644+0000] {subprocess.py:93} INFO - 2025-03-09 17:13:52,643 : INFO : Generating histogram for column Age.
[2025-03-09T17:13:52.940+0000] {subprocess.py:93} INFO - 2025-03-09 17:13:52,939 : INFO : Generating histogram for column Tenure.
[2025-03-09T17:13:53.180+0000] {subprocess.py:93} INFO - 2025-03-09 17:13:53,180 : INFO : Generating histogram for column Balance.
[2025-03-09T17:13:53.461+0000] {subprocess.py:93} INFO - 2025-03-09 17:13:53,461 : INFO : Generating histogram for column NumOfProducts.
[2025-03-09T17:13:53.804+0000] {subprocess.py:93} INFO - 2025-03-09 17:13:53,804 : INFO : Generating histogram for column HasCrCard.
[2025-03-09T17:13:54.085+0000] {subprocess.py:93} INFO - 2025-03-09 17:13:54,084 : INFO : Generating histogram for column IsActiveMember.
[2025-03-09T17:13:54.344+0000] {subprocess.py:93} INFO - 2025-03-09 17:13:54,344 : INFO : Generating histogram for column EstimatedSalary.
[2025-03-09T17:13:54.608+0000] {subprocess.py:93} INFO - 2025-03-09 17:13:54,607 : INFO : Generating histogram for column Exited.
[2025-03-09T17:13:54.875+0000] {subprocess.py:93} INFO - 2025-03-09 17:13:54,875 : INFO : Generating histogram for relation of Exited with Categorical data.
[2025-03-09T17:13:55.384+0000] {subprocess.py:93} INFO - 2025-03-09 17:13:55,384 : INFO : Using categorical units to plot a list of strings that are all parsable as floats or dates. If these strings should be plotted as numbers, cast to the appropriate data type before plotting.
[2025-03-09T17:13:55.410+0000] {subprocess.py:93} INFO - 2025-03-09 17:13:55,409 : INFO : Using categorical units to plot a list of strings that are all parsable as floats or dates. If these strings should be plotted as numbers, cast to the appropriate data type before plotting.
[2025-03-09T17:13:55.519+0000] {subprocess.py:93} INFO - 2025-03-09 17:13:55,519 : INFO : Using categorical units to plot a list of strings that are all parsable as floats or dates. If these strings should be plotted as numbers, cast to the appropriate data type before plotting.
[2025-03-09T17:13:55.543+0000] {subprocess.py:93} INFO - 2025-03-09 17:13:55,543 : INFO : Using categorical units to plot a list of strings that are all parsable as floats or dates. If these strings should be plotted as numbers, cast to the appropriate data type before plotting.
[2025-03-09T17:13:55.607+0000] {subprocess.py:93} INFO - 2025-03-09 17:13:55,607 : INFO : Generating box plots for relation of Exited with non Categorical data.
[2025-03-09T17:13:56.051+0000] {subprocess.py:93} INFO - 2025-03-09 17:13:56,050 : INFO : Using categorical units to plot a list of strings that are all parsable as floats or dates. If these strings should be plotted as numbers, cast to the appropriate data type before plotting.
[2025-03-09T17:13:56.097+0000] {subprocess.py:93} INFO - 2025-03-09 17:13:56,096 : INFO : Using categorical units to plot a list of strings that are all parsable as floats or dates. If these strings should be plotted as numbers, cast to the appropriate data type before plotting.
[2025-03-09T17:13:56.314+0000] {subprocess.py:93} INFO - 2025-03-09 17:13:56,313 : INFO : Using categorical units to plot a list of strings that are all parsable as floats or dates. If these strings should be plotted as numbers, cast to the appropriate data type before plotting.
[2025-03-09T17:13:56.367+0000] {subprocess.py:93} INFO - 2025-03-09 17:13:56,366 : INFO : Using categorical units to plot a list of strings that are all parsable as floats or dates. If these strings should be plotted as numbers, cast to the appropriate data type before plotting.
[2025-03-09T17:13:56.567+0000] {subprocess.py:93} INFO - 2025-03-09 17:13:56,567 : INFO : Using categorical units to plot a list of strings that are all parsable as floats or dates. If these strings should be plotted as numbers, cast to the appropriate data type before plotting.
[2025-03-09T17:13:56.602+0000] {subprocess.py:93} INFO - 2025-03-09 17:13:56,602 : INFO : Using categorical units to plot a list of strings that are all parsable as floats or dates. If these strings should be plotted as numbers, cast to the appropriate data type before plotting.
[2025-03-09T17:13:56.815+0000] {subprocess.py:93} INFO - 2025-03-09 17:13:56,814 : INFO : Using categorical units to plot a list of strings that are all parsable as floats or dates. If these strings should be plotted as numbers, cast to the appropriate data type before plotting.
[2025-03-09T17:13:56.856+0000] {subprocess.py:93} INFO - 2025-03-09 17:13:56,855 : INFO : Using categorical units to plot a list of strings that are all parsable as floats or dates. If these strings should be plotted as numbers, cast to the appropriate data type before plotting.
[2025-03-09T17:13:57.026+0000] {subprocess.py:93} INFO - 2025-03-09 17:13:57,025 : INFO : Using categorical units to plot a list of strings that are all parsable as floats or dates. If these strings should be plotted as numbers, cast to the appropriate data type before plotting.
[2025-03-09T17:13:57.057+0000] {subprocess.py:93} INFO - 2025-03-09 17:13:57,056 : INFO : Using categorical units to plot a list of strings that are all parsable as floats or dates. If these strings should be plotted as numbers, cast to the appropriate data type before plotting.
[2025-03-09T17:13:57.194+0000] {subprocess.py:93} INFO - 2025-03-09 17:13:57,194 : INFO : Using categorical units to plot a list of strings that are all parsable as floats or dates. If these strings should be plotted as numbers, cast to the appropriate data type before plotting.
[2025-03-09T17:13:57.221+0000] {subprocess.py:93} INFO - 2025-03-09 17:13:57,221 : INFO : Using categorical units to plot a list of strings that are all parsable as floats or dates. If these strings should be plotted as numbers, cast to the appropriate data type before plotting.
[2025-03-09T17:13:57.812+0000] {subprocess.py:93} INFO - 2025-03-09 17:13:57,812 : INFO : Saved pdf in /opt/***/visualization/fintech2/09-03-2025/database/plots.pdf
[2025-03-09T17:14:01.688+0000] {subprocess.py:93} INFO - 
[2025-03-09T17:14:01.688+0000] {subprocess.py:93} INFO - To track the changes with git, run:
[2025-03-09T17:14:01.689+0000] {subprocess.py:93} INFO - 
[2025-03-09T17:14:01.690+0000] {subprocess.py:93} INFO - 	git add data/cleaned.dvc
[2025-03-09T17:14:01.690+0000] {subprocess.py:93} INFO - 
[2025-03-09T17:14:01.690+0000] {subprocess.py:93} INFO - To enable auto staging, run:
[2025-03-09T17:14:01.691+0000] {subprocess.py:93} INFO - 
[2025-03-09T17:14:01.691+0000] {subprocess.py:93} INFO - 	dvc config core.autostage true
[2025-03-09T17:14:02.215+0000] {subprocess.py:93} INFO - /bin/bash: line 2:  : command not found
[2025-03-09T17:14:02.268+0000] {subprocess.py:93} INFO - On branch main
[2025-03-09T17:14:02.268+0000] {subprocess.py:93} INFO - Your branch is up to date with 'origin/main'.
[2025-03-09T17:14:02.268+0000] {subprocess.py:93} INFO - 
[2025-03-09T17:14:02.269+0000] {subprocess.py:93} INFO - Changes to be committed:
[2025-03-09T17:14:02.269+0000] {subprocess.py:93} INFO -   (use "git restore --staged <file>..." to unstage)
[2025-03-09T17:14:02.270+0000] {subprocess.py:93} INFO - 	new file:   logs/dag_id=customer_churn_ml_pipeline/run_id=manual__2025-03-09T17:12:32.664464+00:00/task_id=data_preparation_task/attempt=1.log
[2025-03-09T17:14:02.270+0000] {subprocess.py:93} INFO - 	modified:   logs/dag_id=customer_churn_ml_pipeline/run_id=manual__2025-03-09T17:12:32.664464+00:00/task_id=data_validation_task/attempt=1.log
[2025-03-09T17:14:02.270+0000] {subprocess.py:93} INFO - 	modified:   logs/dag_processor_manager/dag_processor_manager.log
[2025-03-09T17:14:02.271+0000] {subprocess.py:93} INFO - 	modified:   logs/data_preparation.log
[2025-03-09T17:14:02.271+0000] {subprocess.py:93} INFO - 	modified:   logs/scheduler/2025-03-09/customer_churn.py.log
[2025-03-09T17:14:02.271+0000] {subprocess.py:93} INFO - 	modified:   visualization/fintech1/09-03-2025/csv/plots.pdf
[2025-03-09T17:14:02.272+0000] {subprocess.py:93} INFO - 	modified:   visualization/fintech2/09-03-2025/database/plots.pdf
[2025-03-09T17:14:02.272+0000] {subprocess.py:93} INFO - 
[2025-03-09T17:14:02.272+0000] {subprocess.py:93} INFO - Changes not staged for commit:
[2025-03-09T17:14:02.273+0000] {subprocess.py:93} INFO -   (use "git add <file>..." to update what will be committed)
[2025-03-09T17:14:02.273+0000] {subprocess.py:93} INFO -   (use "git restore <file>..." to discard changes in working directory)
[2025-03-09T17:14:02.273+0000] {subprocess.py:93} INFO - 	modified:   logs/dag_id=customer_churn_ml_pipeline/run_id=manual__2025-03-09T17:12:32.664464+00:00/task_id=data_preparation_task/attempt=1.log
[2025-03-09T17:14:02.273+0000] {subprocess.py:93} INFO - 
[2025-03-09T17:14:02.274+0000] {subprocess.py:93} INFO - Untracked files:
[2025-03-09T17:14:02.274+0000] {subprocess.py:93} INFO -   (use "git add <file>..." to include in what will be committed)
[2025-03-09T17:14:02.274+0000] {subprocess.py:93} INFO - 	customer_churn_stats/feature_repo/data/online_store.db
[2025-03-09T17:14:02.275+0000] {subprocess.py:93} INFO - 	customer_churn_stats/feature_repo/data/registry.db
[2025-03-09T17:14:02.275+0000] {subprocess.py:93} INFO - 	mlartifacts/
[2025-03-09T17:14:02.275+0000] {subprocess.py:93} INFO - 	online.db
[2025-03-09T17:14:02.275+0000] {subprocess.py:93} INFO - 
