[2025-02-27T17:26:10.966+0000] {taskinstance.py:1159} INFO - Dependencies all met for dep_context=non-requeueable deps ti=<TaskInstance: customer_churn_ml_pipeline.data_ingestion_task manual__2025-02-27T17:26:09.879649+00:00 [queued]>
[2025-02-27T17:26:11.065+0000] {taskinstance.py:1159} INFO - Dependencies all met for dep_context=requeueable deps ti=<TaskInstance: customer_churn_ml_pipeline.data_ingestion_task manual__2025-02-27T17:26:09.879649+00:00 [queued]>
[2025-02-27T17:26:11.066+0000] {taskinstance.py:1361} INFO - Starting attempt 1 of 1
[2025-02-27T17:26:11.213+0000] {taskinstance.py:1382} INFO - Executing <Task(BashOperator): data_ingestion_task> on 2025-02-27 17:26:09.879649+00:00
[2025-02-27T17:26:11.245+0000] {standard_task_runner.py:57} INFO - Started process 3302 to run task
[2025-02-27T17:26:11.279+0000] {standard_task_runner.py:84} INFO - Running: ['***', 'tasks', 'run', 'customer_churn_ml_pipeline', 'data_ingestion_task', 'manual__2025-02-27T17:26:09.879649+00:00', '--job-id', '3', '--raw', '--subdir', 'DAGS_FOLDER/customer_churn.py', '--cfg-path', '/tmp/tmpdzd6zkb8']
[2025-02-27T17:26:11.291+0000] {standard_task_runner.py:85} INFO - Job 3: Subtask data_ingestion_task
[2025-02-27T17:26:11.378+0000] {logging_mixin.py:154} WARNING - /home/***/.local/lib/python3.8/site-packages/***/settings.py:195 DeprecationWarning: The sql_alchemy_conn option in [core] has been moved to the sql_alchemy_conn option in [database] - the old setting has been used, but please update your config.
[2025-02-27T17:26:11.587+0000] {task_command.py:416} INFO - Running <TaskInstance: customer_churn_ml_pipeline.data_ingestion_task manual__2025-02-27T17:26:09.879649+00:00 [running]> on host 4470298645d8
[2025-02-27T17:26:11.975+0000] {taskinstance.py:1662} INFO - Exporting env vars: AIRFLOW_CTX_DAG_OWNER='***' AIRFLOW_CTX_DAG_ID='customer_churn_ml_pipeline' AIRFLOW_CTX_TASK_ID='data_ingestion_task' AIRFLOW_CTX_EXECUTION_DATE='2025-02-27T17:26:09.879649+00:00' AIRFLOW_CTX_TRY_NUMBER='1' AIRFLOW_CTX_DAG_RUN_ID='manual__2025-02-27T17:26:09.879649+00:00'
[2025-02-27T17:26:11.977+0000] {subprocess.py:63} INFO - Tmp dir root location: /tmp
[2025-02-27T17:26:11.979+0000] {subprocess.py:75} INFO - Running command: ['/bin/bash', '-c', 'python /opt/***/executables/data_ingestion.py &&                         dvc add /opt/***/data/raw &&                         git add /opt/***/data/raw.dvc &&                         git commit -m "Updated raw data version" &&                         dvc push\n                    ']
[2025-02-27T17:26:11.997+0000] {subprocess.py:86} INFO - Output:
[2025-02-27T17:26:14.912+0000] {subprocess.py:93} INFO - 2025-02-27 17:26:14,912 : ERROR : Error ingesting CSV: [Errno 13] Permission denied: '/opt/***/data/raw'
[2025-02-27T17:26:15.790+0000] {subprocess.py:93} INFO - /opt/***/executables/data_ingestion.py:46: UserWarning: pandas only supports SQLAlchemy connectable (engine/connection) or database string URI or sqlite3 DBAPI2 connection. Other DBAPI2 objects are not tested. Please consider using SQLAlchemy.
[2025-02-27T17:26:15.790+0000] {subprocess.py:93} INFO -   data = pd.read_sql(query, connection)
[2025-02-27T17:26:15.791+0000] {subprocess.py:93} INFO - 2025-02-27 17:26:15,789 : ERROR : Error ingesting database: [Errno 13] Permission denied: '/opt/***/data/raw'
[2025-02-27T17:26:15.974+0000] {subprocess.py:93} INFO - /bin/bash: line 1: dvc: command not found
[2025-02-27T17:26:15.975+0000] {subprocess.py:97} INFO - Command exited with return code 127
[2025-02-27T17:26:16.004+0000] {taskinstance.py:1937} ERROR - Task failed with exception
Traceback (most recent call last):
  File "/home/airflow/.local/lib/python3.8/site-packages/airflow/operators/bash.py", line 210, in execute
    raise AirflowException(
airflow.exceptions.AirflowException: Bash command failed. The command returned a non-zero exit code 127.
[2025-02-27T17:26:16.012+0000] {taskinstance.py:1400} INFO - Marking task as FAILED. dag_id=customer_churn_ml_pipeline, task_id=data_ingestion_task, execution_date=20250227T172609, start_date=20250227T172610, end_date=20250227T172616
[2025-02-27T17:26:16.043+0000] {standard_task_runner.py:104} ERROR - Failed to execute job 3 for task data_ingestion_task (Bash command failed. The command returned a non-zero exit code 127.; 3302)
[2025-02-27T17:26:16.090+0000] {local_task_job_runner.py:228} INFO - Task exited with return code 1
[2025-02-27T17:26:16.180+0000] {taskinstance.py:2778} INFO - 0 downstream tasks scheduled from follow-on schedule check
