[2025-03-09T16:46:07.452+0000] {taskinstance.py:1159} INFO - Dependencies all met for dep_context=non-requeueable deps ti=<TaskInstance: customer_churn_ml_pipeline.raw_data_storage_task manual__2025-03-09T16:45:49.978338+00:00 [queued]>
[2025-03-09T16:46:07.471+0000] {taskinstance.py:1159} INFO - Dependencies all met for dep_context=requeueable deps ti=<TaskInstance: customer_churn_ml_pipeline.raw_data_storage_task manual__2025-03-09T16:45:49.978338+00:00 [queued]>
[2025-03-09T16:46:07.471+0000] {taskinstance.py:1361} INFO - Starting attempt 1 of 1
[2025-03-09T16:46:07.503+0000] {taskinstance.py:1382} INFO - Executing <Task(BashOperator): raw_data_storage_task> on 2025-03-09 16:45:49.978338+00:00
[2025-03-09T16:46:07.509+0000] {standard_task_runner.py:57} INFO - Started process 10473 to run task
[2025-03-09T16:46:07.515+0000] {standard_task_runner.py:84} INFO - Running: ['***', 'tasks', 'run', 'customer_churn_ml_pipeline', 'raw_data_storage_task', 'manual__2025-03-09T16:45:49.978338+00:00', '--job-id', '386', '--raw', '--subdir', 'DAGS_FOLDER/customer_churn.py', '--cfg-path', '/tmp/tmpz2kk9k8q']
[2025-03-09T16:46:07.518+0000] {standard_task_runner.py:85} INFO - Job 386: Subtask raw_data_storage_task
[2025-03-09T16:46:07.554+0000] {logging_mixin.py:154} WARNING - /home/***/.local/lib/python3.8/site-packages/***/settings.py:195 DeprecationWarning: The sql_alchemy_conn option in [core] has been moved to the sql_alchemy_conn option in [database] - the old setting has been used, but please update your config.
[2025-03-09T16:46:07.660+0000] {task_command.py:416} INFO - Running <TaskInstance: customer_churn_ml_pipeline.raw_data_storage_task manual__2025-03-09T16:45:49.978338+00:00 [running]> on host 157237bff8f7
[2025-03-09T16:46:07.960+0000] {taskinstance.py:1662} INFO - Exporting env vars: AIRFLOW_CTX_DAG_OWNER='***' AIRFLOW_CTX_DAG_ID='customer_churn_ml_pipeline' AIRFLOW_CTX_TASK_ID='raw_data_storage_task' AIRFLOW_CTX_EXECUTION_DATE='2025-03-09T16:45:49.978338+00:00' AIRFLOW_CTX_TRY_NUMBER='1' AIRFLOW_CTX_DAG_RUN_ID='manual__2025-03-09T16:45:49.978338+00:00'
[2025-03-09T16:46:07.963+0000] {subprocess.py:63} INFO - Tmp dir root location: /tmp
[2025-03-09T16:46:07.966+0000] {subprocess.py:75} INFO - Running command: ['/bin/bash', '-c', '\n\t\t\tcd /opt/*** &&                        python /opt/***/executables/raw_data_storage.py && \t\t\tgit rm -r --cached \'opt/***/data/raw\' && \t\t\tgit commit -m "stop tracking data/raw"\n                        dvc add /opt/***/data/raw &&                         git add /opt/***/data/raw.dvc && \t\t\tgit add logs &&\\   \n   \t\t\tgit status &&                         git commit -m "Updated raw data storage" -a &&                         dvc push && git push\n                    ']
[2025-03-09T16:46:07.982+0000] {subprocess.py:86} INFO - Output:
[2025-03-09T16:46:09.359+0000] {subprocess.py:93} INFO - 2025-03-09 16:46:09,359 : INFO : Starting Raw Data upload for CSV
[2025-03-09T16:46:12.470+0000] {subprocess.py:93} INFO - 2025-03-09 16:46:12,469 : INFO : Upload completed for CSV.
[2025-03-09T16:46:12.470+0000] {subprocess.py:93} INFO - 2025-03-09 16:46:12,470 : INFO : Starting Raw Data upload for Database
[2025-03-09T16:46:15.323+0000] {subprocess.py:93} INFO - 2025-03-09 16:46:15,323 : INFO : Upload completed for database.
[2025-03-09T16:46:15.438+0000] {subprocess.py:93} INFO - fatal: pathspec 'opt/***/data/raw' did not match any files
[2025-03-09T16:46:18.233+0000] {subprocess.py:93} INFO - 
[2025-03-09T16:46:18.234+0000] {subprocess.py:93} INFO - To track the changes with git, run:
[2025-03-09T16:46:18.234+0000] {subprocess.py:93} INFO - 
[2025-03-09T16:46:18.234+0000] {subprocess.py:93} INFO - 	git add data/raw.dvc
[2025-03-09T16:46:18.235+0000] {subprocess.py:93} INFO - 
[2025-03-09T16:46:18.235+0000] {subprocess.py:93} INFO - To enable auto staging, run:
[2025-03-09T16:46:18.235+0000] {subprocess.py:93} INFO - 
[2025-03-09T16:46:18.235+0000] {subprocess.py:93} INFO - 	dvc config core.autostage true
[2025-03-09T16:46:18.580+0000] {subprocess.py:93} INFO - /bin/bash: line 3:  : command not found
[2025-03-09T16:46:18.610+0000] {subprocess.py:93} INFO - On branch main
[2025-03-09T16:46:18.610+0000] {subprocess.py:93} INFO - Your branch is up to date with 'origin/main'.
[2025-03-09T16:46:18.610+0000] {subprocess.py:93} INFO - 
[2025-03-09T16:46:18.611+0000] {subprocess.py:93} INFO - Changes to be committed:
[2025-03-09T16:46:18.611+0000] {subprocess.py:93} INFO -   (use "git restore --staged <file>..." to unstage)
[2025-03-09T16:46:18.611+0000] {subprocess.py:93} INFO - 	modified:   logs/dag_id=customer_churn_ml_pipeline/run_id=manual__2025-03-09T16:45:49.978338+00:00/task_id=data_ingestion_task/attempt=1.log
[2025-03-09T16:46:18.612+0000] {subprocess.py:93} INFO - 	new file:   logs/dag_id=customer_churn_ml_pipeline/run_id=manual__2025-03-09T16:45:49.978338+00:00/task_id=raw_data_storage_task/attempt=1.log
[2025-03-09T16:46:18.612+0000] {subprocess.py:93} INFO - 	modified:   logs/raw_data_storage.log
[2025-03-09T16:46:18.612+0000] {subprocess.py:93} INFO - 	modified:   logs/scheduler/2025-03-09/customer_churn.py.log
[2025-03-09T16:46:18.612+0000] {subprocess.py:93} INFO - 
[2025-03-09T16:46:18.613+0000] {subprocess.py:93} INFO - Changes not staged for commit:
[2025-03-09T16:46:18.613+0000] {subprocess.py:93} INFO -   (use "git add <file>..." to update what will be committed)
[2025-03-09T16:46:18.613+0000] {subprocess.py:93} INFO -   (use "git restore <file>..." to discard changes in working directory)
[2025-03-09T16:46:18.613+0000] {subprocess.py:93} INFO - 	modified:   logs/dag_id=customer_churn_ml_pipeline/run_id=manual__2025-03-09T16:45:49.978338+00:00/task_id=raw_data_storage_task/attempt=1.log
[2025-03-09T16:46:18.614+0000] {subprocess.py:93} INFO - 
[2025-03-09T16:46:18.614+0000] {subprocess.py:93} INFO - Untracked files:
[2025-03-09T16:46:18.614+0000] {subprocess.py:93} INFO -   (use "git add <file>..." to include in what will be committed)
[2025-03-09T16:46:18.614+0000] {subprocess.py:93} INFO - 	customer_churn_stats/feature_repo/data/online_store.db
[2025-03-09T16:46:18.615+0000] {subprocess.py:93} INFO - 	customer_churn_stats/feature_repo/data/registry.db
[2025-03-09T16:46:18.615+0000] {subprocess.py:93} INFO - 	mlartifacts/
[2025-03-09T16:46:18.615+0000] {subprocess.py:93} INFO - 	models/
[2025-03-09T16:46:18.615+0000] {subprocess.py:93} INFO - 	online.db
[2025-03-09T16:46:18.616+0000] {subprocess.py:93} INFO - 
[2025-03-09T16:46:18.651+0000] {subprocess.py:93} INFO - [main 8e098eb] Updated raw data storage
[2025-03-09T16:46:18.652+0000] {subprocess.py:93} INFO -  4 files changed, 71 insertions(+)
[2025-03-09T16:46:18.652+0000] {subprocess.py:93} INFO -  create mode 100644 logs/dag_id=customer_churn_ml_pipeline/run_id=manual__2025-03-09T16:45:49.978338+00:00/task_id=raw_data_storage_task/attempt=1.log
[2025-03-09T16:46:26.549+0000] {subprocess.py:93} INFO - Everything is up to date.
[2025-03-09T16:46:28.762+0000] {subprocess.py:93} INFO - To https://github.com/anniemathew-trial/customer_churn_pipeline.git
[2025-03-09T16:46:28.762+0000] {subprocess.py:93} INFO -    e18741e..8e098eb  main -> main
[2025-03-09T16:46:28.770+0000] {subprocess.py:97} INFO - Command exited with return code 0
[2025-03-09T16:46:28.827+0000] {taskinstance.py:1400} INFO - Marking task as SUCCESS. dag_id=customer_churn_ml_pipeline, task_id=raw_data_storage_task, execution_date=20250309T164549, start_date=20250309T164607, end_date=20250309T164628
[2025-03-09T16:46:28.872+0000] {local_task_job_runner.py:228} INFO - Task exited with return code 0
[2025-03-09T16:46:28.925+0000] {taskinstance.py:2778} INFO - 1 downstream tasks scheduled from follow-on schedule check
