[2025-03-09T12:19:44.368+0000] {taskinstance.py:1159} INFO - Dependencies all met for dep_context=non-requeueable deps ti=<TaskInstance: customer_churn_ml_pipeline.data_preparation_task manual__2025-03-09T12:18:51.687383+00:00 [queued]>
[2025-03-09T12:19:44.383+0000] {taskinstance.py:1159} INFO - Dependencies all met for dep_context=requeueable deps ti=<TaskInstance: customer_churn_ml_pipeline.data_preparation_task manual__2025-03-09T12:18:51.687383+00:00 [queued]>
[2025-03-09T12:19:44.383+0000] {taskinstance.py:1361} INFO - Starting attempt 1 of 1
[2025-03-09T12:19:44.405+0000] {taskinstance.py:1382} INFO - Executing <Task(BashOperator): data_preparation_task> on 2025-03-09 12:18:51.687383+00:00
[2025-03-09T12:19:44.410+0000] {standard_task_runner.py:57} INFO - Started process 5719 to run task
[2025-03-09T12:19:44.414+0000] {standard_task_runner.py:84} INFO - Running: ['***', 'tasks', 'run', 'customer_churn_ml_pipeline', 'data_preparation_task', 'manual__2025-03-09T12:18:51.687383+00:00', '--job-id', '352', '--raw', '--subdir', 'DAGS_FOLDER/customer_churn.py', '--cfg-path', '/tmp/tmpvwkb5l06']
[2025-03-09T12:19:44.417+0000] {standard_task_runner.py:85} INFO - Job 352: Subtask data_preparation_task
[2025-03-09T12:19:44.447+0000] {logging_mixin.py:154} WARNING - /home/***/.local/lib/python3.8/site-packages/***/settings.py:195 DeprecationWarning: The sql_alchemy_conn option in [core] has been moved to the sql_alchemy_conn option in [database] - the old setting has been used, but please update your config.
[2025-03-09T12:19:44.507+0000] {task_command.py:416} INFO - Running <TaskInstance: customer_churn_ml_pipeline.data_preparation_task manual__2025-03-09T12:18:51.687383+00:00 [running]> on host 157237bff8f7
[2025-03-09T12:19:44.670+0000] {taskinstance.py:1662} INFO - Exporting env vars: AIRFLOW_CTX_DAG_OWNER='***' AIRFLOW_CTX_DAG_ID='customer_churn_ml_pipeline' AIRFLOW_CTX_TASK_ID='data_preparation_task' AIRFLOW_CTX_EXECUTION_DATE='2025-03-09T12:18:51.687383+00:00' AIRFLOW_CTX_TRY_NUMBER='1' AIRFLOW_CTX_DAG_RUN_ID='manual__2025-03-09T12:18:51.687383+00:00'
[2025-03-09T12:19:44.671+0000] {subprocess.py:63} INFO - Tmp dir root location: /tmp
[2025-03-09T12:19:44.673+0000] {subprocess.py:75} INFO - Running command: ['/bin/bash', '-c', '\n\t\t\tcd /opt/*** &&\t\t\tpython /opt/***/executables/data_preparation.py &&                         dvc add /opt/***/data/cleaned &&                         git add /opt/***/data/cleaned.dvc && \t\t\tgit add logs && \\   \n\t\t\tgit add visualization &&    \t\t\tgit status &&                         git commit -m "Updated cleaned data version" -a &&                         dvc push && git push\n                    ']
[2025-03-09T12:19:44.685+0000] {subprocess.py:86} INFO - Output:
[2025-03-09T12:19:48.547+0000] {subprocess.py:93} INFO - 2025-03-09 12:19:48,547 : INFO : Starting data preparation for customer_data.csv.
[2025-03-09T12:19:48.569+0000] {subprocess.py:93} INFO - 2025-03-09 12:19:48,568 : INFO : Dropping 'Estimated Salary' & 'Credit Score' with 0 & negative values
[2025-03-09T12:19:48.572+0000] {subprocess.py:93} INFO - 2025-03-09 12:19:48,571 : INFO : Handling 'Balance', 'EstimatedSalary' empty data with mean
[2025-03-09T12:19:48.572+0000] {subprocess.py:93} INFO - 2025-03-09 12:19:48,572 : INFO : Handling 'Tenure', 'Age' empty data with tenure + 18 in age and droping tenure with 0 values & negative values
[2025-03-09T12:19:48.583+0000] {subprocess.py:93} INFO - 2025-03-09 12:19:48,583 : INFO : Dropping 'Tenure' less than 0 and greater than 80
[2025-03-09T12:19:48.586+0000] {subprocess.py:93} INFO - 2025-03-09 12:19:48,586 : INFO : Handling 'Age' empty data
[2025-03-09T12:19:48.587+0000] {subprocess.py:93} INFO - 2025-03-09 12:19:48,587 : INFO : Dropping 'Age' less than 18 and greater than 110
[2025-03-09T12:19:48.590+0000] {subprocess.py:93} INFO - 2025-03-09 12:19:48,590 : INFO : Droping 'Surname' as it may lead to profiling, 'RowNumber', 'CustomerId' as it is not required
[2025-03-09T12:19:48.592+0000] {subprocess.py:93} INFO - 2025-03-09 12:19:48,592 : INFO : Making 'Geography', 'Gender' as categorical
[2025-03-09T12:19:48.597+0000] {subprocess.py:93} INFO - 2025-03-09 12:19:48,597 : INFO : Making 'HasCrCard', 'IsActiveMember', 'Exited' as integers
[2025-03-09T12:19:48.598+0000] {subprocess.py:93} INFO - 2025-03-09 12:19:48,598 : INFO : Saving data to S3.
[2025-03-09T12:19:48.599+0000] {subprocess.py:93} INFO - 2025-03-09 12:19:48,599 : INFO : Directory created at /opt/***/data/cleaned/fintech1/09-03-2025/csv
[2025-03-09T12:19:48.795+0000] {subprocess.py:93} INFO - 2025-03-09 12:19:48,794 : INFO : Connected to s3
[2025-03-09T12:19:51.317+0000] {subprocess.py:93} INFO - 2025-03-09 12:19:51,317 : INFO : File uploaded to S3
[2025-03-09T12:19:51.318+0000] {subprocess.py:93} INFO - 2025-03-09 12:19:51,318 : INFO : Creating Pie chart
[2025-03-09T12:19:51.367+0000] {subprocess.py:93} INFO - 2025-03-09 12:19:51,366 : INFO : Generating histogram for column CreditScore.
[2025-03-09T12:19:51.487+0000] {subprocess.py:93} INFO - 2025-03-09 12:19:51,487 : INFO : Generating histogram for column Geography.
[2025-03-09T12:19:51.652+0000] {subprocess.py:93} INFO - 2025-03-09 12:19:51,651 : INFO : Generating histogram for column Gender.
[2025-03-09T12:19:51.748+0000] {subprocess.py:93} INFO - 2025-03-09 12:19:51,748 : INFO : Generating histogram for column Age.
[2025-03-09T12:19:51.876+0000] {subprocess.py:93} INFO - 2025-03-09 12:19:51,876 : INFO : Generating histogram for column Tenure.
[2025-03-09T12:19:52.012+0000] {subprocess.py:93} INFO - 2025-03-09 12:19:52,012 : INFO : Generating histogram for column Balance.
[2025-03-09T12:19:52.158+0000] {subprocess.py:93} INFO - 2025-03-09 12:19:52,157 : INFO : Generating histogram for column NumOfProducts.
[2025-03-09T12:19:52.312+0000] {subprocess.py:93} INFO - 2025-03-09 12:19:52,311 : INFO : Generating histogram for column HasCrCard.
[2025-03-09T12:19:52.477+0000] {subprocess.py:93} INFO - 2025-03-09 12:19:52,476 : INFO : Generating histogram for column IsActiveMember.
[2025-03-09T12:19:52.642+0000] {subprocess.py:93} INFO - 2025-03-09 12:19:52,642 : INFO : Generating histogram for column EstimatedSalary.
[2025-03-09T12:19:52.818+0000] {subprocess.py:93} INFO - 2025-03-09 12:19:52,818 : INFO : Generating histogram for column Exited.
[2025-03-09T12:19:52.991+0000] {subprocess.py:93} INFO - 2025-03-09 12:19:52,991 : INFO : Generating histogram for relation of Exited with Categorical data.
[2025-03-09T12:19:53.314+0000] {subprocess.py:93} INFO - 2025-03-09 12:19:53,314 : INFO : Using categorical units to plot a list of strings that are all parsable as floats or dates. If these strings should be plotted as numbers, cast to the appropriate data type before plotting.
[2025-03-09T12:19:53.342+0000] {subprocess.py:93} INFO - 2025-03-09 12:19:53,342 : INFO : Using categorical units to plot a list of strings that are all parsable as floats or dates. If these strings should be plotted as numbers, cast to the appropriate data type before plotting.
[2025-03-09T12:19:53.419+0000] {subprocess.py:93} INFO - 2025-03-09 12:19:53,419 : INFO : Using categorical units to plot a list of strings that are all parsable as floats or dates. If these strings should be plotted as numbers, cast to the appropriate data type before plotting.
[2025-03-09T12:19:53.435+0000] {subprocess.py:93} INFO - 2025-03-09 12:19:53,435 : INFO : Using categorical units to plot a list of strings that are all parsable as floats or dates. If these strings should be plotted as numbers, cast to the appropriate data type before plotting.
[2025-03-09T12:19:53.485+0000] {subprocess.py:93} INFO - 2025-03-09 12:19:53,485 : INFO : Generating box plots for relation of Exited with non Categorical data.
[2025-03-09T12:19:53.659+0000] {subprocess.py:93} INFO - 2025-03-09 12:19:53,659 : INFO : Using categorical units to plot a list of strings that are all parsable as floats or dates. If these strings should be plotted as numbers, cast to the appropriate data type before plotting.
[2025-03-09T12:19:53.674+0000] {subprocess.py:93} INFO - 2025-03-09 12:19:53,674 : INFO : Using categorical units to plot a list of strings that are all parsable as floats or dates. If these strings should be plotted as numbers, cast to the appropriate data type before plotting.
[2025-03-09T12:19:53.756+0000] {subprocess.py:93} INFO - 2025-03-09 12:19:53,756 : INFO : Using categorical units to plot a list of strings that are all parsable as floats or dates. If these strings should be plotted as numbers, cast to the appropriate data type before plotting.
[2025-03-09T12:19:53.770+0000] {subprocess.py:93} INFO - 2025-03-09 12:19:53,770 : INFO : Using categorical units to plot a list of strings that are all parsable as floats or dates. If these strings should be plotted as numbers, cast to the appropriate data type before plotting.
[2025-03-09T12:19:53.860+0000] {subprocess.py:93} INFO - 2025-03-09 12:19:53,860 : INFO : Using categorical units to plot a list of strings that are all parsable as floats or dates. If these strings should be plotted as numbers, cast to the appropriate data type before plotting.
[2025-03-09T12:19:53.877+0000] {subprocess.py:93} INFO - 2025-03-09 12:19:53,877 : INFO : Using categorical units to plot a list of strings that are all parsable as floats or dates. If these strings should be plotted as numbers, cast to the appropriate data type before plotting.
[2025-03-09T12:19:53.966+0000] {subprocess.py:93} INFO - 2025-03-09 12:19:53,966 : INFO : Using categorical units to plot a list of strings that are all parsable as floats or dates. If these strings should be plotted as numbers, cast to the appropriate data type before plotting.
[2025-03-09T12:19:53.982+0000] {subprocess.py:93} INFO - 2025-03-09 12:19:53,981 : INFO : Using categorical units to plot a list of strings that are all parsable as floats or dates. If these strings should be plotted as numbers, cast to the appropriate data type before plotting.
[2025-03-09T12:19:54.075+0000] {subprocess.py:93} INFO - 2025-03-09 12:19:54,074 : INFO : Using categorical units to plot a list of strings that are all parsable as floats or dates. If these strings should be plotted as numbers, cast to the appropriate data type before plotting.
[2025-03-09T12:19:54.091+0000] {subprocess.py:93} INFO - 2025-03-09 12:19:54,091 : INFO : Using categorical units to plot a list of strings that are all parsable as floats or dates. If these strings should be plotted as numbers, cast to the appropriate data type before plotting.
[2025-03-09T12:19:54.268+0000] {subprocess.py:93} INFO - 2025-03-09 12:19:54,268 : INFO : Using categorical units to plot a list of strings that are all parsable as floats or dates. If these strings should be plotted as numbers, cast to the appropriate data type before plotting.
[2025-03-09T12:19:54.284+0000] {subprocess.py:93} INFO - 2025-03-09 12:19:54,283 : INFO : Using categorical units to plot a list of strings that are all parsable as floats or dates. If these strings should be plotted as numbers, cast to the appropriate data type before plotting.
[2025-03-09T12:19:54.688+0000] {subprocess.py:93} INFO - 2025-03-09 12:19:54,687 : INFO : Saved pdf in /opt/***/visualization/fintech1/09-03-2025/csv/plots.pdf
[2025-03-09T12:19:54.724+0000] {subprocess.py:93} INFO - 2025-03-09 12:19:54,723 : INFO : Starting data preparation for database_data.csv.
[2025-03-09T12:19:54.747+0000] {subprocess.py:93} INFO - 2025-03-09 12:19:54,747 : INFO : Dropping 'Estimated Salary' & 'Credit Score' with 0 & negative values
[2025-03-09T12:19:54.750+0000] {subprocess.py:93} INFO - 2025-03-09 12:19:54,750 : INFO : Handling 'Balance', 'EstimatedSalary' empty data with mean
[2025-03-09T12:19:54.751+0000] {subprocess.py:93} INFO - 2025-03-09 12:19:54,750 : INFO : Handling 'Tenure', 'Age' empty data with tenure + 18 in age and droping tenure with 0 values & negative values
[2025-03-09T12:19:54.751+0000] {subprocess.py:93} INFO - 2025-03-09 12:19:54,751 : INFO : Dropping 'Tenure' less than 0 and greater than 80
[2025-03-09T12:19:54.753+0000] {subprocess.py:93} INFO - 2025-03-09 12:19:54,753 : INFO : Handling 'Age' empty data
[2025-03-09T12:19:54.754+0000] {subprocess.py:93} INFO - 2025-03-09 12:19:54,754 : INFO : Dropping 'Age' less than 18 and greater than 110
[2025-03-09T12:19:54.757+0000] {subprocess.py:93} INFO - 2025-03-09 12:19:54,757 : INFO : Droping 'Surname' as it may lead to profiling, 'RowNumber', 'CustomerId' as it is not required
[2025-03-09T12:19:54.758+0000] {subprocess.py:93} INFO - 2025-03-09 12:19:54,758 : INFO : Making 'Geography', 'Gender' as categorical
[2025-03-09T12:19:54.764+0000] {subprocess.py:93} INFO - 2025-03-09 12:19:54,763 : INFO : Making 'HasCrCard', 'IsActiveMember', 'Exited' as integers
[2025-03-09T12:19:54.765+0000] {subprocess.py:93} INFO - 2025-03-09 12:19:54,765 : INFO : Saving data to S3.
[2025-03-09T12:19:54.765+0000] {subprocess.py:93} INFO - 2025-03-09 12:19:54,765 : INFO : Directory created at /opt/***/data/cleaned/fintech2/09-03-2025/database
[2025-03-09T12:19:54.837+0000] {subprocess.py:93} INFO - 2025-03-09 12:19:54,836 : INFO : Connected to s3
[2025-03-09T12:20:00.048+0000] {subprocess.py:93} INFO - 2025-03-09 12:20:00,048 : INFO : File uploaded to S3
[2025-03-09T12:20:00.048+0000] {subprocess.py:93} INFO - 2025-03-09 12:20:00,048 : INFO : Creating Pie chart
[2025-03-09T12:20:00.105+0000] {subprocess.py:93} INFO - 2025-03-09 12:20:00,105 : INFO : Generating histogram for column CreditScore.
[2025-03-09T12:20:00.242+0000] {subprocess.py:93} INFO - 2025-03-09 12:20:00,241 : INFO : Generating histogram for column Geography.
[2025-03-09T12:20:00.390+0000] {subprocess.py:93} INFO - 2025-03-09 12:20:00,390 : INFO : Generating histogram for column Gender.
[2025-03-09T12:20:00.535+0000] {subprocess.py:93} INFO - 2025-03-09 12:20:00,534 : INFO : Generating histogram for column Age.
[2025-03-09T12:20:00.736+0000] {subprocess.py:93} INFO - 2025-03-09 12:20:00,736 : INFO : Generating histogram for column Tenure.
[2025-03-09T12:20:00.910+0000] {subprocess.py:93} INFO - 2025-03-09 12:20:00,909 : INFO : Generating histogram for column Balance.
[2025-03-09T12:20:01.121+0000] {subprocess.py:93} INFO - 2025-03-09 12:20:01,121 : INFO : Generating histogram for column NumOfProducts.
[2025-03-09T12:20:01.353+0000] {subprocess.py:93} INFO - 2025-03-09 12:20:01,353 : INFO : Generating histogram for column HasCrCard.
[2025-03-09T12:20:01.586+0000] {subprocess.py:93} INFO - 2025-03-09 12:20:01,586 : INFO : Generating histogram for column IsActiveMember.
[2025-03-09T12:20:01.800+0000] {subprocess.py:93} INFO - 2025-03-09 12:20:01,799 : INFO : Generating histogram for column EstimatedSalary.
[2025-03-09T12:20:02.025+0000] {subprocess.py:93} INFO - 2025-03-09 12:20:02,025 : INFO : Generating histogram for column Exited.
[2025-03-09T12:20:02.228+0000] {subprocess.py:93} INFO - 2025-03-09 12:20:02,227 : INFO : Generating histogram for relation of Exited with Categorical data.
[2025-03-09T12:20:02.623+0000] {subprocess.py:93} INFO - 2025-03-09 12:20:02,622 : INFO : Using categorical units to plot a list of strings that are all parsable as floats or dates. If these strings should be plotted as numbers, cast to the appropriate data type before plotting.
[2025-03-09T12:20:02.640+0000] {subprocess.py:93} INFO - 2025-03-09 12:20:02,639 : INFO : Using categorical units to plot a list of strings that are all parsable as floats or dates. If these strings should be plotted as numbers, cast to the appropriate data type before plotting.
[2025-03-09T12:20:02.725+0000] {subprocess.py:93} INFO - 2025-03-09 12:20:02,725 : INFO : Using categorical units to plot a list of strings that are all parsable as floats or dates. If these strings should be plotted as numbers, cast to the appropriate data type before plotting.
[2025-03-09T12:20:02.742+0000] {subprocess.py:93} INFO - 2025-03-09 12:20:02,741 : INFO : Using categorical units to plot a list of strings that are all parsable as floats or dates. If these strings should be plotted as numbers, cast to the appropriate data type before plotting.
[2025-03-09T12:20:02.792+0000] {subprocess.py:93} INFO - 2025-03-09 12:20:02,792 : INFO : Generating box plots for relation of Exited with non Categorical data.
[2025-03-09T12:20:03.085+0000] {subprocess.py:93} INFO - 2025-03-09 12:20:03,085 : INFO : Using categorical units to plot a list of strings that are all parsable as floats or dates. If these strings should be plotted as numbers, cast to the appropriate data type before plotting.
[2025-03-09T12:20:03.101+0000] {subprocess.py:93} INFO - 2025-03-09 12:20:03,100 : INFO : Using categorical units to plot a list of strings that are all parsable as floats or dates. If these strings should be plotted as numbers, cast to the appropriate data type before plotting.
[2025-03-09T12:20:03.183+0000] {subprocess.py:93} INFO - 2025-03-09 12:20:03,183 : INFO : Using categorical units to plot a list of strings that are all parsable as floats or dates. If these strings should be plotted as numbers, cast to the appropriate data type before plotting.
[2025-03-09T12:20:03.198+0000] {subprocess.py:93} INFO - 2025-03-09 12:20:03,198 : INFO : Using categorical units to plot a list of strings that are all parsable as floats or dates. If these strings should be plotted as numbers, cast to the appropriate data type before plotting.
[2025-03-09T12:20:03.295+0000] {subprocess.py:93} INFO - 2025-03-09 12:20:03,294 : INFO : Using categorical units to plot a list of strings that are all parsable as floats or dates. If these strings should be plotted as numbers, cast to the appropriate data type before plotting.
[2025-03-09T12:20:03.310+0000] {subprocess.py:93} INFO - 2025-03-09 12:20:03,309 : INFO : Using categorical units to plot a list of strings that are all parsable as floats or dates. If these strings should be plotted as numbers, cast to the appropriate data type before plotting.
[2025-03-09T12:20:03.396+0000] {subprocess.py:93} INFO - 2025-03-09 12:20:03,396 : INFO : Using categorical units to plot a list of strings that are all parsable as floats or dates. If these strings should be plotted as numbers, cast to the appropriate data type before plotting.
[2025-03-09T12:20:03.412+0000] {subprocess.py:93} INFO - 2025-03-09 12:20:03,411 : INFO : Using categorical units to plot a list of strings that are all parsable as floats or dates. If these strings should be plotted as numbers, cast to the appropriate data type before plotting.
[2025-03-09T12:20:03.496+0000] {subprocess.py:93} INFO - 2025-03-09 12:20:03,496 : INFO : Using categorical units to plot a list of strings that are all parsable as floats or dates. If these strings should be plotted as numbers, cast to the appropriate data type before plotting.
[2025-03-09T12:20:03.511+0000] {subprocess.py:93} INFO - 2025-03-09 12:20:03,511 : INFO : Using categorical units to plot a list of strings that are all parsable as floats or dates. If these strings should be plotted as numbers, cast to the appropriate data type before plotting.
[2025-03-09T12:20:03.596+0000] {subprocess.py:93} INFO - 2025-03-09 12:20:03,596 : INFO : Using categorical units to plot a list of strings that are all parsable as floats or dates. If these strings should be plotted as numbers, cast to the appropriate data type before plotting.
[2025-03-09T12:20:03.611+0000] {subprocess.py:93} INFO - 2025-03-09 12:20:03,610 : INFO : Using categorical units to plot a list of strings that are all parsable as floats or dates. If these strings should be plotted as numbers, cast to the appropriate data type before plotting.
[2025-03-09T12:20:04.013+0000] {subprocess.py:93} INFO - 2025-03-09 12:20:04,013 : INFO : Saved pdf in /opt/***/visualization/fintech2/09-03-2025/database/plots.pdf
[2025-03-09T12:20:06.710+0000] {subprocess.py:93} INFO - 
[2025-03-09T12:20:06.710+0000] {subprocess.py:93} INFO - To track the changes with git, run:
[2025-03-09T12:20:06.711+0000] {subprocess.py:93} INFO - 
[2025-03-09T12:20:06.711+0000] {subprocess.py:93} INFO - 	git add data/cleaned.dvc
[2025-03-09T12:20:06.711+0000] {subprocess.py:93} INFO - 
[2025-03-09T12:20:06.711+0000] {subprocess.py:93} INFO - To enable auto staging, run:
[2025-03-09T12:20:06.711+0000] {subprocess.py:93} INFO - 
[2025-03-09T12:20:06.712+0000] {subprocess.py:93} INFO - 	dvc config core.autostage true
[2025-03-09T12:20:07.063+0000] {subprocess.py:93} INFO - /bin/bash: line 2:  : command not found
[2025-03-09T12:20:07.096+0000] {subprocess.py:93} INFO - On branch main
[2025-03-09T12:20:07.096+0000] {subprocess.py:93} INFO - Your branch is up to date with 'origin/main'.
[2025-03-09T12:20:07.097+0000] {subprocess.py:93} INFO - 
[2025-03-09T12:20:07.097+0000] {subprocess.py:93} INFO - Changes to be committed:
[2025-03-09T12:20:07.097+0000] {subprocess.py:93} INFO -   (use "git restore --staged <file>..." to unstage)
[2025-03-09T12:20:07.097+0000] {subprocess.py:93} INFO - 	new file:   logs/dag_id=customer_churn_ml_pipeline/run_id=manual__2025-03-09T12:18:51.687383+00:00/task_id=data_preparation_task/attempt=1.log
[2025-03-09T12:20:07.098+0000] {subprocess.py:93} INFO - 	modified:   logs/dag_id=customer_churn_ml_pipeline/run_id=manual__2025-03-09T12:18:51.687383+00:00/task_id=data_validation_task/attempt=1.log
[2025-03-09T12:20:07.098+0000] {subprocess.py:93} INFO - 	modified:   logs/dag_processor_manager/dag_processor_manager.log
[2025-03-09T12:20:07.098+0000] {subprocess.py:93} INFO - 	modified:   logs/data_preparation.log
[2025-03-09T12:20:07.098+0000] {subprocess.py:93} INFO - 	modified:   logs/scheduler/2025-03-09/customer_churn.py.log
[2025-03-09T12:20:07.099+0000] {subprocess.py:93} INFO - 	modified:   visualization/fintech1/09-03-2025/csv/plots.pdf
[2025-03-09T12:20:07.099+0000] {subprocess.py:93} INFO - 	modified:   visualization/fintech2/09-03-2025/database/plots.pdf
[2025-03-09T12:20:07.099+0000] {subprocess.py:93} INFO - 
[2025-03-09T12:20:07.100+0000] {subprocess.py:93} INFO - Changes not staged for commit:
[2025-03-09T12:20:07.100+0000] {subprocess.py:93} INFO -   (use "git add <file>..." to update what will be committed)
[2025-03-09T12:20:07.100+0000] {subprocess.py:93} INFO -   (use "git restore <file>..." to discard changes in working directory)
[2025-03-09T12:20:07.100+0000] {subprocess.py:93} INFO - 	modified:   logs/dag_id=customer_churn_ml_pipeline/run_id=manual__2025-03-09T12:18:51.687383+00:00/task_id=data_preparation_task/attempt=1.log
[2025-03-09T12:20:07.100+0000] {subprocess.py:93} INFO - 
[2025-03-09T12:20:07.101+0000] {subprocess.py:93} INFO - Untracked files:
[2025-03-09T12:20:07.101+0000] {subprocess.py:93} INFO -   (use "git add <file>..." to include in what will be committed)
[2025-03-09T12:20:07.101+0000] {subprocess.py:93} INFO - 	customer_churn_stats/feature_repo/data/online_store.db
[2025-03-09T12:20:07.101+0000] {subprocess.py:93} INFO - 	customer_churn_stats/feature_repo/data/registry.db
[2025-03-09T12:20:07.101+0000] {subprocess.py:93} INFO - 	mlartifacts/
[2025-03-09T12:20:07.101+0000] {subprocess.py:93} INFO - 	models/
[2025-03-09T12:20:07.102+0000] {subprocess.py:93} INFO - 	online.db
[2025-03-09T12:20:07.102+0000] {subprocess.py:93} INFO - 
[2025-03-09T12:20:07.192+0000] {subprocess.py:93} INFO - [main db1bed4] Updated cleaned data version
[2025-03-09T12:20:07.192+0000] {subprocess.py:93} INFO -  7 files changed, 253 insertions(+)
[2025-03-09T12:20:07.192+0000] {subprocess.py:93} INFO -  create mode 100644 logs/dag_id=customer_churn_ml_pipeline/run_id=manual__2025-03-09T12:18:51.687383+00:00/task_id=data_preparation_task/attempt=1.log
[2025-03-09T12:20:12.895+0000] {subprocess.py:93} INFO - Everything is up to date.
[2025-03-09T12:20:14.735+0000] {subprocess.py:93} INFO - To https://github.com/anniemathew-trial/customer_churn_pipeline.git
[2025-03-09T12:20:14.735+0000] {subprocess.py:93} INFO -    a9e26ed..db1bed4  main -> main
[2025-03-09T12:20:14.740+0000] {subprocess.py:97} INFO - Command exited with return code 0
[2025-03-09T12:20:14.778+0000] {taskinstance.py:1400} INFO - Marking task as SUCCESS. dag_id=customer_churn_ml_pipeline, task_id=data_preparation_task, execution_date=20250309T121851, start_date=20250309T121944, end_date=20250309T122014
[2025-03-09T12:20:14.808+0000] {local_task_job_runner.py:228} INFO - Task exited with return code 0
[2025-03-09T12:20:14.841+0000] {taskinstance.py:2778} INFO - 1 downstream tasks scheduled from follow-on schedule check
