[2025-03-03T16:56:29.729+0000] {taskinstance.py:1159} INFO - Dependencies all met for dep_context=non-requeueable deps ti=<TaskInstance: customer_churn_ml_pipeline.data_preparation_task manual__2025-03-03T16:55:51.033917+00:00 [queued]>
[2025-03-03T16:56:29.741+0000] {taskinstance.py:1159} INFO - Dependencies all met for dep_context=requeueable deps ti=<TaskInstance: customer_churn_ml_pipeline.data_preparation_task manual__2025-03-03T16:55:51.033917+00:00 [queued]>
[2025-03-03T16:56:29.741+0000] {taskinstance.py:1361} INFO - Starting attempt 1 of 1
[2025-03-03T16:56:29.759+0000] {taskinstance.py:1382} INFO - Executing <Task(BashOperator): data_preparation_task> on 2025-03-03 16:55:51.033917+00:00
[2025-03-03T16:56:29.765+0000] {standard_task_runner.py:57} INFO - Started process 5795 to run task
[2025-03-03T16:56:29.769+0000] {standard_task_runner.py:84} INFO - Running: ['***', 'tasks', 'run', 'customer_churn_ml_pipeline', 'data_preparation_task', 'manual__2025-03-03T16:55:51.033917+00:00', '--job-id', '121', '--raw', '--subdir', 'DAGS_FOLDER/customer_churn.py', '--cfg-path', '/tmp/tmpsoy1es5k']
[2025-03-03T16:56:29.772+0000] {standard_task_runner.py:85} INFO - Job 121: Subtask data_preparation_task
[2025-03-03T16:56:29.796+0000] {logging_mixin.py:154} WARNING - /home/***/.local/lib/python3.8/site-packages/***/settings.py:195 DeprecationWarning: The sql_alchemy_conn option in [core] has been moved to the sql_alchemy_conn option in [database] - the old setting has been used, but please update your config.
[2025-03-03T16:56:29.845+0000] {task_command.py:416} INFO - Running <TaskInstance: customer_churn_ml_pipeline.data_preparation_task manual__2025-03-03T16:55:51.033917+00:00 [running]> on host 157237bff8f7
[2025-03-03T16:56:29.975+0000] {taskinstance.py:1662} INFO - Exporting env vars: AIRFLOW_CTX_DAG_OWNER='***' AIRFLOW_CTX_DAG_ID='customer_churn_ml_pipeline' AIRFLOW_CTX_TASK_ID='data_preparation_task' AIRFLOW_CTX_EXECUTION_DATE='2025-03-03T16:55:51.033917+00:00' AIRFLOW_CTX_TRY_NUMBER='1' AIRFLOW_CTX_DAG_RUN_ID='manual__2025-03-03T16:55:51.033917+00:00'
[2025-03-03T16:56:29.976+0000] {subprocess.py:63} INFO - Tmp dir root location: /tmp
[2025-03-03T16:56:29.977+0000] {subprocess.py:75} INFO - Running command: ['/bin/bash', '-c', '\n\t\t\tcd /opt/*** &&\t\t\tpython /opt/***/executables/data_preparation.py &&                         dvc add /opt/***/data/cleaned &&                         git add /opt/***/data/cleaned.dvc && \t\t\tgit add logs && \\   \n\t\t\tgit add visualization &&    \t\t\tgit status &&                         git commit -m "Updated cleaned data version" -a &&                         dvc push && git push\n                    ']
[2025-03-03T16:56:29.988+0000] {subprocess.py:86} INFO - Output:
[2025-03-03T16:56:32.882+0000] {subprocess.py:93} INFO - 2025-03-03 16:56:32,881 : INFO : Starting data preparation for customer_data.csv.
[2025-03-03T16:56:32.902+0000] {subprocess.py:93} INFO - 2025-03-03 16:56:32,902 : INFO : Dropping 'Tenure' less than 0 and greater than 110 * 12
[2025-03-03T16:56:32.905+0000] {subprocess.py:93} INFO - 2025-03-03 16:56:32,905 : INFO : Handling 'Age' empty data
[2025-03-03T16:56:32.906+0000] {subprocess.py:93} INFO - 2025-03-03 16:56:32,906 : INFO : Dropping 'Age' less than 18 and greater than 110
[2025-03-03T16:56:32.908+0000] {subprocess.py:93} INFO - 2025-03-03 16:56:32,908 : INFO : Dropping 'Estimated Salary' & 'Credit Score' with 0 & negative values
[2025-03-03T16:56:32.910+0000] {subprocess.py:93} INFO - 2025-03-03 16:56:32,910 : INFO : Handling 'Balance', 'EstimatedSalary' empty data with mean
[2025-03-03T16:56:32.911+0000] {subprocess.py:93} INFO - 2025-03-03 16:56:32,910 : INFO : Droping 'Surname' as it may lead to profiling, 'RowNumber', 'CustomerId' as it is not required
[2025-03-03T16:56:32.912+0000] {subprocess.py:93} INFO - 2025-03-03 16:56:32,912 : INFO : Making 'Geography', 'Gender', 'HasCrCard', 'IsActiveMember' as categorical
[2025-03-03T16:56:32.919+0000] {subprocess.py:93} INFO - 2025-03-03 16:56:32,919 : INFO : Saving data to S3.
[2025-03-03T16:56:32.920+0000] {subprocess.py:93} INFO - 2025-03-03 16:56:32,920 : INFO : Directory created at /opt/***/data/cleaned/fintech1/03-03-2025/csv
[2025-03-03T16:56:33.102+0000] {subprocess.py:93} INFO - 2025-03-03 16:56:33,101 : INFO : Connected to s3
[2025-03-03T16:56:35.720+0000] {subprocess.py:93} INFO - 2025-03-03 16:56:35,720 : INFO : File uploaded to S3
[2025-03-03T16:56:35.722+0000] {subprocess.py:93} INFO - 2025-03-03 16:56:35,721 : INFO : Creating Pie chart
[2025-03-03T16:56:35.788+0000] {subprocess.py:93} INFO - 2025-03-03 16:56:35,788 : INFO : Generating histogram for column CreditScore.
[2025-03-03T16:56:35.900+0000] {subprocess.py:93} INFO - 2025-03-03 16:56:35,900 : INFO : Generating histogram for column Geography.
[2025-03-03T16:56:36.081+0000] {subprocess.py:93} INFO - 2025-03-03 16:56:36,081 : INFO : Generating histogram for column Gender.
[2025-03-03T16:56:36.185+0000] {subprocess.py:93} INFO - 2025-03-03 16:56:36,185 : INFO : Generating histogram for column Age.
[2025-03-03T16:56:36.331+0000] {subprocess.py:93} INFO - 2025-03-03 16:56:36,331 : INFO : Generating histogram for column Tenure.
[2025-03-03T16:56:36.486+0000] {subprocess.py:93} INFO - 2025-03-03 16:56:36,485 : INFO : Generating histogram for column Balance.
[2025-03-03T16:56:36.693+0000] {subprocess.py:93} INFO - 2025-03-03 16:56:36,693 : INFO : Generating histogram for column NumOfProducts.
[2025-03-03T16:56:36.865+0000] {subprocess.py:93} INFO - 2025-03-03 16:56:36,865 : INFO : Generating histogram for column HasCrCard.
[2025-03-03T16:56:37.057+0000] {subprocess.py:93} INFO - 2025-03-03 16:56:37,057 : INFO : Generating histogram for column IsActiveMember.
[2025-03-03T16:56:37.237+0000] {subprocess.py:93} INFO - 2025-03-03 16:56:37,237 : INFO : Generating histogram for column EstimatedSalary.
[2025-03-03T16:56:37.437+0000] {subprocess.py:93} INFO - 2025-03-03 16:56:37,436 : INFO : Generating histogram for column Exited.
[2025-03-03T16:56:37.653+0000] {subprocess.py:93} INFO - 2025-03-03 16:56:37,653 : INFO : Generating histogram for relation of Exited with Categorical data.
[2025-03-03T16:56:37.989+0000] {subprocess.py:93} INFO - 2025-03-03 16:56:37,989 : INFO : Using categorical units to plot a list of strings that are all parsable as floats or dates. If these strings should be plotted as numbers, cast to the appropriate data type before plotting.
[2025-03-03T16:56:38.009+0000] {subprocess.py:93} INFO - 2025-03-03 16:56:38,008 : INFO : Using categorical units to plot a list of strings that are all parsable as floats or dates. If these strings should be plotted as numbers, cast to the appropriate data type before plotting.
[2025-03-03T16:56:38.079+0000] {subprocess.py:93} INFO - 2025-03-03 16:56:38,079 : INFO : Using categorical units to plot a list of strings that are all parsable as floats or dates. If these strings should be plotted as numbers, cast to the appropriate data type before plotting.
[2025-03-03T16:56:38.098+0000] {subprocess.py:93} INFO - 2025-03-03 16:56:38,097 : INFO : Using categorical units to plot a list of strings that are all parsable as floats or dates. If these strings should be plotted as numbers, cast to the appropriate data type before plotting.
[2025-03-03T16:56:38.149+0000] {subprocess.py:93} INFO - 2025-03-03 16:56:38,149 : INFO : Generating box plots for relation of Exited with non Categorical data.
[2025-03-03T16:56:38.336+0000] {subprocess.py:93} INFO - 2025-03-03 16:56:38,336 : INFO : Using categorical units to plot a list of strings that are all parsable as floats or dates. If these strings should be plotted as numbers, cast to the appropriate data type before plotting.
[2025-03-03T16:56:38.356+0000] {subprocess.py:93} INFO - 2025-03-03 16:56:38,355 : INFO : Using categorical units to plot a list of strings that are all parsable as floats or dates. If these strings should be plotted as numbers, cast to the appropriate data type before plotting.
[2025-03-03T16:56:38.446+0000] {subprocess.py:93} INFO - 2025-03-03 16:56:38,446 : INFO : Using categorical units to plot a list of strings that are all parsable as floats or dates. If these strings should be plotted as numbers, cast to the appropriate data type before plotting.
[2025-03-03T16:56:38.465+0000] {subprocess.py:93} INFO - 2025-03-03 16:56:38,465 : INFO : Using categorical units to plot a list of strings that are all parsable as floats or dates. If these strings should be plotted as numbers, cast to the appropriate data type before plotting.
[2025-03-03T16:56:38.570+0000] {subprocess.py:93} INFO - 2025-03-03 16:56:38,569 : INFO : Using categorical units to plot a list of strings that are all parsable as floats or dates. If these strings should be plotted as numbers, cast to the appropriate data type before plotting.
[2025-03-03T16:56:38.592+0000] {subprocess.py:93} INFO - 2025-03-03 16:56:38,592 : INFO : Using categorical units to plot a list of strings that are all parsable as floats or dates. If these strings should be plotted as numbers, cast to the appropriate data type before plotting.
[2025-03-03T16:56:38.683+0000] {subprocess.py:93} INFO - 2025-03-03 16:56:38,683 : INFO : Using categorical units to plot a list of strings that are all parsable as floats or dates. If these strings should be plotted as numbers, cast to the appropriate data type before plotting.
[2025-03-03T16:56:38.705+0000] {subprocess.py:93} INFO - 2025-03-03 16:56:38,704 : INFO : Using categorical units to plot a list of strings that are all parsable as floats or dates. If these strings should be plotted as numbers, cast to the appropriate data type before plotting.
[2025-03-03T16:56:38.793+0000] {subprocess.py:93} INFO - 2025-03-03 16:56:38,793 : INFO : Using categorical units to plot a list of strings that are all parsable as floats or dates. If these strings should be plotted as numbers, cast to the appropriate data type before plotting.
[2025-03-03T16:56:38.811+0000] {subprocess.py:93} INFO - 2025-03-03 16:56:38,810 : INFO : Using categorical units to plot a list of strings that are all parsable as floats or dates. If these strings should be plotted as numbers, cast to the appropriate data type before plotting.
[2025-03-03T16:56:39.009+0000] {subprocess.py:93} INFO - 2025-03-03 16:56:39,009 : INFO : Using categorical units to plot a list of strings that are all parsable as floats or dates. If these strings should be plotted as numbers, cast to the appropriate data type before plotting.
[2025-03-03T16:56:39.032+0000] {subprocess.py:93} INFO - 2025-03-03 16:56:39,032 : INFO : Using categorical units to plot a list of strings that are all parsable as floats or dates. If these strings should be plotted as numbers, cast to the appropriate data type before plotting.
[2025-03-03T16:56:39.543+0000] {subprocess.py:93} INFO - 2025-03-03 16:56:39,543 : INFO : Saved pdf in /opt/***/visualization/fintech1/03-03-2025/csv/plots.pdf
[2025-03-03T16:56:39.610+0000] {subprocess.py:93} INFO - 2025-03-03 16:56:39,610 : INFO : Starting data preparation for database_data.csv.
[2025-03-03T16:56:39.611+0000] {subprocess.py:93} INFO - 2025-03-03 16:56:39,610 : ERROR : Error in preparing data[Errno 2] No such file or directory: '/opt/***/data/raw/fintech2/03-03-2025/database/database_data.csv'
[2025-03-03T16:56:39.617+0000] {subprocess.py:93} INFO - Traceback (most recent call last):
[2025-03-03T16:56:39.618+0000] {subprocess.py:93} INFO -   File "/opt/***/executables/data_preparation.py", line 149, in <module>
[2025-03-03T16:56:39.618+0000] {subprocess.py:93} INFO -     prepare_data("database_data.csv", "database", "fintech2", "database_data.csv")
[2025-03-03T16:56:39.619+0000] {subprocess.py:93} INFO -   File "/opt/***/executables/data_preparation.py", line 92, in prepare_data
[2025-03-03T16:56:39.619+0000] {subprocess.py:93} INFO -     raise e
[2025-03-03T16:56:39.619+0000] {subprocess.py:93} INFO -   File "/opt/***/executables/data_preparation.py", line 45, in prepare_data
[2025-03-03T16:56:39.620+0000] {subprocess.py:93} INFO -     df = pd.read_csv(data_path)
[2025-03-03T16:56:39.620+0000] {subprocess.py:93} INFO -   File "/home/***/.local/lib/python3.8/site-packages/pandas/util/_decorators.py", line 211, in wrapper
[2025-03-03T16:56:39.620+0000] {subprocess.py:93} INFO -     return func(*args, **kwargs)
[2025-03-03T16:56:39.621+0000] {subprocess.py:93} INFO -   File "/home/***/.local/lib/python3.8/site-packages/pandas/util/_decorators.py", line 331, in wrapper
[2025-03-03T16:56:39.621+0000] {subprocess.py:93} INFO -     return func(*args, **kwargs)
[2025-03-03T16:56:39.621+0000] {subprocess.py:93} INFO -   File "/home/***/.local/lib/python3.8/site-packages/pandas/io/parsers/readers.py", line 950, in read_csv
[2025-03-03T16:56:39.622+0000] {subprocess.py:93} INFO -     return _read(filepath_or_buffer, kwds)
[2025-03-03T16:56:39.622+0000] {subprocess.py:93} INFO -   File "/home/***/.local/lib/python3.8/site-packages/pandas/io/parsers/readers.py", line 605, in _read
[2025-03-03T16:56:39.622+0000] {subprocess.py:93} INFO -     parser = TextFileReader(filepath_or_buffer, **kwds)
[2025-03-03T16:56:39.623+0000] {subprocess.py:93} INFO -   File "/home/***/.local/lib/python3.8/site-packages/pandas/io/parsers/readers.py", line 1442, in __init__
[2025-03-03T16:56:39.623+0000] {subprocess.py:93} INFO -     self._engine = self._make_engine(f, self.engine)
[2025-03-03T16:56:39.623+0000] {subprocess.py:93} INFO -   File "/home/***/.local/lib/python3.8/site-packages/pandas/io/parsers/readers.py", line 1735, in _make_engine
[2025-03-03T16:56:39.624+0000] {subprocess.py:93} INFO -     self.handles = get_handle(
[2025-03-03T16:56:39.624+0000] {subprocess.py:93} INFO -   File "/home/***/.local/lib/python3.8/site-packages/pandas/io/common.py", line 856, in get_handle
[2025-03-03T16:56:39.624+0000] {subprocess.py:93} INFO -     handle = open(
[2025-03-03T16:56:39.624+0000] {subprocess.py:93} INFO - FileNotFoundError: [Errno 2] No such file or directory: '/opt/***/data/raw/fintech2/03-03-2025/database/database_data.csv'
[2025-03-03T16:56:40.131+0000] {subprocess.py:93} INFO - On branch main
[2025-03-03T16:56:40.131+0000] {subprocess.py:93} INFO - Your branch is up to date with 'origin/main'.
[2025-03-03T16:56:40.132+0000] {subprocess.py:93} INFO - 
[2025-03-03T16:56:40.132+0000] {subprocess.py:93} INFO - Changes to be committed:
[2025-03-03T16:56:40.132+0000] {subprocess.py:93} INFO -   (use "git restore --staged <file>..." to unstage)
[2025-03-03T16:56:40.132+0000] {subprocess.py:93} INFO - 	new file:   visualization/fintech1/03-03-2025/csv/plots.pdf
[2025-03-03T16:56:40.132+0000] {subprocess.py:93} INFO - 
[2025-03-03T16:56:40.133+0000] {subprocess.py:93} INFO - Changes not staged for commit:
[2025-03-03T16:56:40.133+0000] {subprocess.py:93} INFO -   (use "git add <file>..." to update what will be committed)
[2025-03-03T16:56:40.133+0000] {subprocess.py:93} INFO -   (use "git restore <file>..." to discard changes in working directory)
[2025-03-03T16:56:40.133+0000] {subprocess.py:93} INFO - 	modified:   logs/dag_processor_manager/dag_processor_manager.log
[2025-03-03T16:56:40.134+0000] {subprocess.py:93} INFO - 	modified:   logs/data_preparation.log
[2025-03-03T16:56:40.134+0000] {subprocess.py:93} INFO - 	modified:   logs/scheduler/2025-03-03/customer_churn.py.log
[2025-03-03T16:56:40.134+0000] {subprocess.py:93} INFO - 
[2025-03-03T16:56:40.135+0000] {subprocess.py:93} INFO - Untracked files:
[2025-03-03T16:56:40.135+0000] {subprocess.py:93} INFO -   (use "git add <file>..." to include in what will be committed)
[2025-03-03T16:56:40.135+0000] {subprocess.py:93} INFO - 	customer_churn_stats/feature_repo/data/online_store.db
[2025-03-03T16:56:40.136+0000] {subprocess.py:93} INFO - 	customer_churn_stats/feature_repo/data/registry.db
[2025-03-03T16:56:40.136+0000] {subprocess.py:93} INFO - 	logs/dag_id=customer_churn_ml_pipeline/run_id=manual__2025-03-03T16:55:51.033917+00:00/task_id=data_preparation_task/
[2025-03-03T16:56:40.136+0000] {subprocess.py:93} INFO - 	logs/dag_id=customer_churn_ml_pipeline/run_id=manual__2025-03-03T16:55:51.033917+00:00/task_id=data_validation_task/
[2025-03-03T16:56:40.136+0000] {subprocess.py:93} INFO - 	models/
[2025-03-03T16:56:40.136+0000] {subprocess.py:93} INFO - 	online.db
[2025-03-03T16:56:40.137+0000] {subprocess.py:93} INFO - 
[2025-03-03T16:56:40.262+0000] {subprocess.py:93} INFO - [main d75de49] Updated cleaned data version
[2025-03-03T16:56:40.263+0000] {subprocess.py:93} INFO -  4 files changed, 60 insertions(+)
[2025-03-03T16:56:40.263+0000] {subprocess.py:93} INFO -  create mode 100644 visualization/fintech1/03-03-2025/csv/plots.pdf
[2025-03-03T16:56:45.304+0000] {subprocess.py:93} INFO - Everything is up to date.
[2025-03-03T16:56:47.393+0000] {subprocess.py:93} INFO - To https://github.com/anniemathew-trial/customer_churn_pipeline.git
[2025-03-03T16:56:47.404+0000] {subprocess.py:93} INFO -    6743dd4..d75de49  main -> main
[2025-03-03T16:56:47.414+0000] {subprocess.py:97} INFO - Command exited with return code 0
[2025-03-03T16:56:47.455+0000] {taskinstance.py:1400} INFO - Marking task as SUCCESS. dag_id=customer_churn_ml_pipeline, task_id=data_preparation_task, execution_date=20250303T165551, start_date=20250303T165629, end_date=20250303T165647
[2025-03-03T16:56:47.493+0000] {local_task_job_runner.py:228} INFO - Task exited with return code 0
[2025-03-03T16:56:47.531+0000] {taskinstance.py:2778} INFO - 1 downstream tasks scheduled from follow-on schedule check
