[2025-03-03T21:19:35.585+0000] {taskinstance.py:1159} INFO - Dependencies all met for dep_context=non-requeueable deps ti=<TaskInstance: customer_churn_ml_pipeline.data_preparation_task manual__2025-03-03T21:18:46.843866+00:00 [queued]>
[2025-03-03T21:19:35.596+0000] {taskinstance.py:1159} INFO - Dependencies all met for dep_context=requeueable deps ti=<TaskInstance: customer_churn_ml_pipeline.data_preparation_task manual__2025-03-03T21:18:46.843866+00:00 [queued]>
[2025-03-03T21:19:35.596+0000] {taskinstance.py:1361} INFO - Starting attempt 1 of 1
[2025-03-03T21:19:35.611+0000] {taskinstance.py:1382} INFO - Executing <Task(BashOperator): data_preparation_task> on 2025-03-03 21:18:46.843866+00:00
[2025-03-03T21:19:35.616+0000] {standard_task_runner.py:57} INFO - Started process 2148 to run task
[2025-03-03T21:19:35.619+0000] {standard_task_runner.py:84} INFO - Running: ['***', 'tasks', 'run', 'customer_churn_ml_pipeline', 'data_preparation_task', 'manual__2025-03-03T21:18:46.843866+00:00', '--job-id', '194', '--raw', '--subdir', 'DAGS_FOLDER/customer_churn.py', '--cfg-path', '/tmp/tmp76fux9rh']
[2025-03-03T21:19:35.622+0000] {standard_task_runner.py:85} INFO - Job 194: Subtask data_preparation_task
[2025-03-03T21:19:35.643+0000] {logging_mixin.py:154} WARNING - /home/***/.local/lib/python3.8/site-packages/***/settings.py:195 DeprecationWarning: The sql_alchemy_conn option in [core] has been moved to the sql_alchemy_conn option in [database] - the old setting has been used, but please update your config.
[2025-03-03T21:19:35.689+0000] {task_command.py:416} INFO - Running <TaskInstance: customer_churn_ml_pipeline.data_preparation_task manual__2025-03-03T21:18:46.843866+00:00 [running]> on host 157237bff8f7
[2025-03-03T21:19:35.919+0000] {taskinstance.py:1662} INFO - Exporting env vars: AIRFLOW_CTX_DAG_OWNER='***' AIRFLOW_CTX_DAG_ID='customer_churn_ml_pipeline' AIRFLOW_CTX_TASK_ID='data_preparation_task' AIRFLOW_CTX_EXECUTION_DATE='2025-03-03T21:18:46.843866+00:00' AIRFLOW_CTX_TRY_NUMBER='1' AIRFLOW_CTX_DAG_RUN_ID='manual__2025-03-03T21:18:46.843866+00:00'
[2025-03-03T21:19:35.921+0000] {subprocess.py:63} INFO - Tmp dir root location: /tmp
[2025-03-03T21:19:35.922+0000] {subprocess.py:75} INFO - Running command: ['/bin/bash', '-c', '\n\t\t\tcd /opt/*** &&\t\t\tpython /opt/***/executables/data_preparation.py &&                         dvc add /opt/***/data/cleaned &&                         git add /opt/***/data/cleaned.dvc && \t\t\tgit add logs && \\   \n\t\t\tgit add visualization &&    \t\t\tgit status &&                         git commit -m "Updated cleaned data version" -a &&                         dvc push && git push\n                    ']
[2025-03-03T21:19:35.940+0000] {subprocess.py:86} INFO - Output:
[2025-03-03T21:19:38.671+0000] {subprocess.py:93} INFO - 2025-03-03 21:19:38,671 : INFO : Starting data preparation for customer_data.csv.
[2025-03-03T21:19:38.694+0000] {subprocess.py:93} INFO - 2025-03-03 21:19:38,694 : INFO : Dropping 'Tenure' less than 0 and greater than 110 * 12
[2025-03-03T21:19:38.694+0000] {subprocess.py:93} INFO - 2025-03-03 21:19:38,694 : ERROR : Error in preparing data'>=' not supported between instances of 'str' and 'int'
[2025-03-03T21:19:38.700+0000] {subprocess.py:93} INFO - Traceback (most recent call last):
[2025-03-03T21:19:38.701+0000] {subprocess.py:93} INFO -   File "/opt/***/executables/data_preparation.py", line 148, in <module>
[2025-03-03T21:19:38.701+0000] {subprocess.py:93} INFO -     prepare_data("customer_data.csv", "csv", "fintech1", "customer_data.csv")
[2025-03-03T21:19:38.701+0000] {subprocess.py:93} INFO -   File "/opt/***/executables/data_preparation.py", line 92, in prepare_data
[2025-03-03T21:19:38.701+0000] {subprocess.py:93} INFO -     raise e
[2025-03-03T21:19:38.701+0000] {subprocess.py:93} INFO -   File "/opt/***/executables/data_preparation.py", line 48, in prepare_data
[2025-03-03T21:19:38.702+0000] {subprocess.py:93} INFO -     df.loc[(df['Tenure'] >= 0) & (df['Tenure'] < 110 * 12)].reset_index(drop=True)
[2025-03-03T21:19:38.702+0000] {subprocess.py:93} INFO -   File "/home/***/.local/lib/python3.8/site-packages/pandas/core/ops/common.py", line 72, in new_method
[2025-03-03T21:19:38.702+0000] {subprocess.py:93} INFO -     return method(self, other)
[2025-03-03T21:19:38.702+0000] {subprocess.py:93} INFO -   File "/home/***/.local/lib/python3.8/site-packages/pandas/core/arraylike.py", line 62, in __ge__
[2025-03-03T21:19:38.702+0000] {subprocess.py:93} INFO -     return self._cmp_method(other, operator.ge)
[2025-03-03T21:19:38.703+0000] {subprocess.py:93} INFO -   File "/home/***/.local/lib/python3.8/site-packages/pandas/core/series.py", line 6243, in _cmp_method
[2025-03-03T21:19:38.703+0000] {subprocess.py:93} INFO -     res_values = ops.comparison_op(lvalues, rvalues, op)
[2025-03-03T21:19:38.703+0000] {subprocess.py:93} INFO -   File "/home/***/.local/lib/python3.8/site-packages/pandas/core/ops/array_ops.py", line 287, in comparison_op
[2025-03-03T21:19:38.703+0000] {subprocess.py:93} INFO -     res_values = comp_method_OBJECT_ARRAY(op, lvalues, rvalues)
[2025-03-03T21:19:38.703+0000] {subprocess.py:93} INFO -   File "/home/***/.local/lib/python3.8/site-packages/pandas/core/ops/array_ops.py", line 75, in comp_method_OBJECT_ARRAY
[2025-03-03T21:19:38.703+0000] {subprocess.py:93} INFO -     result = libops.scalar_compare(x.ravel(), y, op)
[2025-03-03T21:19:38.704+0000] {subprocess.py:93} INFO -   File "pandas/_libs/ops.pyx", line 107, in pandas._libs.ops.scalar_compare
[2025-03-03T21:19:38.704+0000] {subprocess.py:93} INFO - TypeError: '>=' not supported between instances of 'str' and 'int'
[2025-03-03T21:19:39.042+0000] {subprocess.py:93} INFO - On branch main
[2025-03-03T21:19:39.043+0000] {subprocess.py:93} INFO - Your branch is up to date with 'origin/main'.
[2025-03-03T21:19:39.043+0000] {subprocess.py:93} INFO - 
[2025-03-03T21:19:39.044+0000] {subprocess.py:93} INFO - Changes not staged for commit:
[2025-03-03T21:19:39.044+0000] {subprocess.py:93} INFO -   (use "git add <file>..." to update what will be committed)
[2025-03-03T21:19:39.044+0000] {subprocess.py:93} INFO -   (use "git restore <file>..." to discard changes in working directory)
[2025-03-03T21:19:39.044+0000] {subprocess.py:93} INFO - 	modified:   logs/dag_id=customer_churn_ml_pipeline/run_id=manual__2025-03-03T21:18:46.843866+00:00/task_id=data_validation_task/attempt=1.log
[2025-03-03T21:19:39.045+0000] {subprocess.py:93} INFO - 	modified:   logs/data_preparation.log
[2025-03-03T21:19:39.045+0000] {subprocess.py:93} INFO - 
[2025-03-03T21:19:39.045+0000] {subprocess.py:93} INFO - Untracked files:
[2025-03-03T21:19:39.045+0000] {subprocess.py:93} INFO -   (use "git add <file>..." to include in what will be committed)
[2025-03-03T21:19:39.046+0000] {subprocess.py:93} INFO - 	customer_churn_stats/feature_repo/data/online_store.db
[2025-03-03T21:19:39.046+0000] {subprocess.py:93} INFO - 	customer_churn_stats/feature_repo/data/registry.db
[2025-03-03T21:19:39.046+0000] {subprocess.py:93} INFO - 	logs/dag_id=customer_churn_ml_pipeline/run_id=manual__2025-03-03T21:18:46.843866+00:00/task_id=data_preparation_task/
[2025-03-03T21:19:39.046+0000] {subprocess.py:93} INFO - 	models/
[2025-03-03T21:19:39.047+0000] {subprocess.py:93} INFO - 	online.db
[2025-03-03T21:19:39.047+0000] {subprocess.py:93} INFO - 
[2025-03-03T21:19:39.047+0000] {subprocess.py:93} INFO - no changes added to commit (use "git add" and/or "git commit -a")
[2025-03-03T21:19:39.073+0000] {subprocess.py:93} INFO - [main 794251a] Updated cleaned data version
[2025-03-03T21:19:39.074+0000] {subprocess.py:93} INFO -  2 files changed, 13 insertions(+)
[2025-03-03T21:19:44.625+0000] {subprocess.py:93} INFO - Everything is up to date.
[2025-03-03T21:19:46.607+0000] {subprocess.py:93} INFO - To https://github.com/anniemathew-trial/customer_churn_pipeline.git
[2025-03-03T21:19:46.608+0000] {subprocess.py:93} INFO -    96180a8..794251a  main -> main
[2025-03-03T21:19:46.613+0000] {subprocess.py:97} INFO - Command exited with return code 0
[2025-03-03T21:19:46.654+0000] {taskinstance.py:1400} INFO - Marking task as SUCCESS. dag_id=customer_churn_ml_pipeline, task_id=data_preparation_task, execution_date=20250303T211846, start_date=20250303T211935, end_date=20250303T211946
[2025-03-03T21:19:46.712+0000] {local_task_job_runner.py:228} INFO - Task exited with return code 0
[2025-03-03T21:19:46.789+0000] {taskinstance.py:2778} INFO - 1 downstream tasks scheduled from follow-on schedule check
