[2025-03-03T21:15:37.408+0000] {taskinstance.py:1159} INFO - Dependencies all met for dep_context=non-requeueable deps ti=<TaskInstance: customer_churn_ml_pipeline.data_storage_task manual__2025-03-03T21:13:14.978853+00:00 [queued]>
[2025-03-03T21:15:37.427+0000] {taskinstance.py:1159} INFO - Dependencies all met for dep_context=requeueable deps ti=<TaskInstance: customer_churn_ml_pipeline.data_storage_task manual__2025-03-03T21:13:14.978853+00:00 [queued]>
[2025-03-03T21:15:37.427+0000] {taskinstance.py:1361} INFO - Starting attempt 1 of 1
[2025-03-03T21:15:37.452+0000] {taskinstance.py:1382} INFO - Executing <Task(BashOperator): data_storage_task> on 2025-03-03 21:13:14.978853+00:00
[2025-03-03T21:15:37.458+0000] {standard_task_runner.py:57} INFO - Started process 1689 to run task
[2025-03-03T21:15:37.462+0000] {standard_task_runner.py:84} INFO - Running: ['***', 'tasks', 'run', 'customer_churn_ml_pipeline', 'data_storage_task', 'manual__2025-03-03T21:13:14.978853+00:00', '--job-id', '187', '--raw', '--subdir', 'DAGS_FOLDER/customer_churn.py', '--cfg-path', '/tmp/tmpgdkesjy7']
[2025-03-03T21:15:37.466+0000] {standard_task_runner.py:85} INFO - Job 187: Subtask data_storage_task
[2025-03-03T21:15:37.496+0000] {logging_mixin.py:154} WARNING - /home/***/.local/lib/python3.8/site-packages/***/settings.py:195 DeprecationWarning: The sql_alchemy_conn option in [core] has been moved to the sql_alchemy_conn option in [database] - the old setting has been used, but please update your config.
[2025-03-03T21:15:37.558+0000] {task_command.py:416} INFO - Running <TaskInstance: customer_churn_ml_pipeline.data_storage_task manual__2025-03-03T21:13:14.978853+00:00 [running]> on host 157237bff8f7
[2025-03-03T21:15:37.747+0000] {taskinstance.py:1662} INFO - Exporting env vars: AIRFLOW_CTX_DAG_OWNER='***' AIRFLOW_CTX_DAG_ID='customer_churn_ml_pipeline' AIRFLOW_CTX_TASK_ID='data_storage_task' AIRFLOW_CTX_EXECUTION_DATE='2025-03-03T21:13:14.978853+00:00' AIRFLOW_CTX_TRY_NUMBER='1' AIRFLOW_CTX_DAG_RUN_ID='manual__2025-03-03T21:13:14.978853+00:00'
[2025-03-03T21:15:37.749+0000] {subprocess.py:63} INFO - Tmp dir root location: /tmp
[2025-03-03T21:15:37.750+0000] {subprocess.py:75} INFO - Running command: ['/bin/bash', '-c', '\n\t\t\tcd /opt/***\n                        dvc pull /opt/***/data/transformed\n                        python /opt/***/executables/data_storage.py && \t\t\tgit add logs &&    \t\t\tgit status &&                         git commit -m "Updated stored data version" -a &&                         dvc push && git push\n                    ']
[2025-03-03T21:15:37.762+0000] {subprocess.py:86} INFO - Output:
[2025-03-03T21:15:42.149+0000] {subprocess.py:93} INFO - Everything is up to date.
[2025-03-03T21:15:43.697+0000] {subprocess.py:93} INFO - 2025-03-03 21:15:43,697 : INFO : Starting data storage for customer_data.csv
[2025-03-03T21:15:43.697+0000] {subprocess.py:93} INFO - 2025-03-03 21:15:43,697 : INFO : Connecting to Database
[2025-03-03T21:15:43.724+0000] {subprocess.py:93} INFO - 2025-03-03 21:15:43,724 : INFO : Connecting to Database Successfull
[2025-03-03T21:15:43.725+0000] {subprocess.py:93} INFO - 2025-03-03 21:15:43,724 : INFO : Reading insert script template
[2025-03-03T21:15:43.725+0000] {subprocess.py:93} INFO - 2025-03-03 21:15:43,724 : INFO : Executing script to Database
[2025-03-03T21:15:43.725+0000] {subprocess.py:93} INFO - 2025-03-03 21:15:43,725 : INFO : Inserting data to database
[2025-03-03T21:15:49.952+0000] {subprocess.py:93} INFO - 2025-03-03 21:15:49,952 : INFO : Executed script successfully !!
[2025-03-03T21:15:49.953+0000] {subprocess.py:93} INFO - 2025-03-03 21:15:49,953 : INFO : Connection closed !!
[2025-03-03T21:15:49.956+0000] {subprocess.py:93} INFO - 2025-03-03 21:15:49,955 : INFO : Starting data storage for database_data.csv
[2025-03-03T21:15:49.956+0000] {subprocess.py:93} INFO - 2025-03-03 21:15:49,956 : INFO : Connecting to Database
[2025-03-03T21:15:49.969+0000] {subprocess.py:93} INFO - 2025-03-03 21:15:49,969 : INFO : Connecting to Database Successfull
[2025-03-03T21:15:49.970+0000] {subprocess.py:93} INFO - 2025-03-03 21:15:49,969 : INFO : Reading insert script template
[2025-03-03T21:15:49.970+0000] {subprocess.py:93} INFO - 2025-03-03 21:15:49,969 : INFO : Executing script to Database
[2025-03-03T21:15:49.970+0000] {subprocess.py:93} INFO - 2025-03-03 21:15:49,969 : INFO : Inserting data to database
[2025-03-03T21:15:55.078+0000] {subprocess.py:93} INFO - 2025-03-03 21:15:55,078 : INFO : Executed script successfully !!
[2025-03-03T21:15:55.079+0000] {subprocess.py:93} INFO - 2025-03-03 21:15:55,079 : INFO : Connection closed !!
[2025-03-03T21:15:55.398+0000] {subprocess.py:93} INFO - On branch main
[2025-03-03T21:15:55.399+0000] {subprocess.py:93} INFO - Your branch is up to date with 'origin/main'.
[2025-03-03T21:15:55.400+0000] {subprocess.py:93} INFO - 
[2025-03-03T21:15:55.400+0000] {subprocess.py:93} INFO - Changes to be committed:
[2025-03-03T21:15:55.400+0000] {subprocess.py:93} INFO -   (use "git restore --staged <file>..." to unstage)
[2025-03-03T21:15:55.401+0000] {subprocess.py:93} INFO - 	new file:   logs/dag_id=customer_churn_ml_pipeline/run_id=manual__2025-03-03T21:13:14.978853+00:00/task_id=data_storage_task/attempt=1.log
[2025-03-03T21:15:55.401+0000] {subprocess.py:93} INFO - 	modified:   logs/dag_id=customer_churn_ml_pipeline/run_id=manual__2025-03-03T21:13:14.978853+00:00/task_id=data_transformation_task/attempt=1.log
[2025-03-03T21:15:55.402+0000] {subprocess.py:93} INFO - 	modified:   logs/dag_processor_manager/dag_processor_manager.log
[2025-03-03T21:15:55.402+0000] {subprocess.py:93} INFO - 	modified:   logs/data_storage.log
[2025-03-03T21:15:55.402+0000] {subprocess.py:93} INFO - 	modified:   logs/scheduler/2025-03-03/customer_churn.py.log
[2025-03-03T21:15:55.403+0000] {subprocess.py:93} INFO - 
[2025-03-03T21:15:55.403+0000] {subprocess.py:93} INFO - Untracked files:
[2025-03-03T21:15:55.403+0000] {subprocess.py:93} INFO -   (use "git add <file>..." to include in what will be committed)
[2025-03-03T21:15:55.404+0000] {subprocess.py:93} INFO - 	customer_churn_stats/feature_repo/data/online_store.db
[2025-03-03T21:15:55.404+0000] {subprocess.py:93} INFO - 	customer_churn_stats/feature_repo/data/registry.db
[2025-03-03T21:15:55.404+0000] {subprocess.py:93} INFO - 	models/
[2025-03-03T21:15:55.405+0000] {subprocess.py:93} INFO - 	online.db
[2025-03-03T21:15:55.405+0000] {subprocess.py:93} INFO - 
[2025-03-03T21:15:55.568+0000] {subprocess.py:93} INFO - [main c453f06] Updated stored data version
[2025-03-03T21:15:55.569+0000] {subprocess.py:93} INFO -  5 files changed, 90 insertions(+)
[2025-03-03T21:15:55.569+0000] {subprocess.py:93} INFO -  create mode 100644 logs/dag_id=customer_churn_ml_pipeline/run_id=manual__2025-03-03T21:13:14.978853+00:00/task_id=data_storage_task/attempt=1.log
[2025-03-03T21:16:01.607+0000] {subprocess.py:93} INFO - Everything is up to date.
[2025-03-03T21:16:04.072+0000] {subprocess.py:93} INFO - To https://github.com/anniemathew-trial/customer_churn_pipeline.git
[2025-03-03T21:16:04.073+0000] {subprocess.py:93} INFO -    6274423..c453f06  main -> main
[2025-03-03T21:16:04.092+0000] {subprocess.py:97} INFO - Command exited with return code 0
[2025-03-03T21:16:04.144+0000] {taskinstance.py:1400} INFO - Marking task as SUCCESS. dag_id=customer_churn_ml_pipeline, task_id=data_storage_task, execution_date=20250303T211314, start_date=20250303T211537, end_date=20250303T211604
[2025-03-03T21:16:04.165+0000] {local_task_job_runner.py:228} INFO - Task exited with return code 0
[2025-03-03T21:16:04.201+0000] {taskinstance.py:2778} INFO - 1 downstream tasks scheduled from follow-on schedule check
