[2025-03-03T21:13:25.173+0000] {taskinstance.py:1159} INFO - Dependencies all met for dep_context=non-requeueable deps ti=<TaskInstance: customer_churn_ml_pipeline.data_ingestion_task manual__2025-03-03T21:13:16.985115+00:00 [queued]>
[2025-03-03T21:13:25.196+0000] {taskinstance.py:1159} INFO - Dependencies all met for dep_context=requeueable deps ti=<TaskInstance: customer_churn_ml_pipeline.data_ingestion_task manual__2025-03-03T21:13:16.985115+00:00 [queued]>
[2025-03-03T21:13:25.197+0000] {taskinstance.py:1361} INFO - Starting attempt 1 of 1
[2025-03-03T21:13:25.215+0000] {taskinstance.py:1382} INFO - Executing <Task(BashOperator): data_ingestion_task> on 2025-03-03 21:13:16.985115+00:00
[2025-03-03T21:13:25.221+0000] {standard_task_runner.py:57} INFO - Started process 1063 to run task
[2025-03-03T21:13:25.230+0000] {standard_task_runner.py:84} INFO - Running: ['***', 'tasks', 'run', 'customer_churn_ml_pipeline', 'data_ingestion_task', 'manual__2025-03-03T21:13:16.985115+00:00', '--job-id', '180', '--raw', '--subdir', 'DAGS_FOLDER/customer_churn.py', '--cfg-path', '/tmp/tmpyz3ja7vm']
[2025-03-03T21:13:25.234+0000] {standard_task_runner.py:85} INFO - Job 180: Subtask data_ingestion_task
[2025-03-03T21:13:25.260+0000] {logging_mixin.py:154} WARNING - /home/***/.local/lib/python3.8/site-packages/***/settings.py:195 DeprecationWarning: The sql_alchemy_conn option in [core] has been moved to the sql_alchemy_conn option in [database] - the old setting has been used, but please update your config.
[2025-03-03T21:13:25.305+0000] {task_command.py:416} INFO - Running <TaskInstance: customer_churn_ml_pipeline.data_ingestion_task manual__2025-03-03T21:13:16.985115+00:00 [running]> on host 157237bff8f7
[2025-03-03T21:13:25.416+0000] {taskinstance.py:1662} INFO - Exporting env vars: AIRFLOW_CTX_DAG_OWNER='***' AIRFLOW_CTX_DAG_ID='customer_churn_ml_pipeline' AIRFLOW_CTX_TASK_ID='data_ingestion_task' AIRFLOW_CTX_EXECUTION_DATE='2025-03-03T21:13:16.985115+00:00' AIRFLOW_CTX_TRY_NUMBER='1' AIRFLOW_CTX_DAG_RUN_ID='manual__2025-03-03T21:13:16.985115+00:00'
[2025-03-03T21:13:25.417+0000] {subprocess.py:63} INFO - Tmp dir root location: /tmp
[2025-03-03T21:13:25.418+0000] {subprocess.py:75} INFO - Running command: ['/bin/bash', '-c', 'python /opt/***/executables/data_ingestion.py && \t\t\tNOW=$(date \'+%d-%m-%Y\') &&\t\t\tcd /opt/*** && \t\t\tgit add logs &&    \t\t\tgit status &&                         git commit -m "Updated data ingestion" -a &&                         git push\n                    ']
[2025-03-03T21:13:25.426+0000] {subprocess.py:86} INFO - Output:
[2025-03-03T21:13:26.435+0000] {subprocess.py:93} INFO - 2025-03-03 21:13:26,434 : INFO : Reading data from CSV file customer_data.csv
[2025-03-03T21:13:26.507+0000] {subprocess.py:93} INFO - 2025-03-03 21:13:26,507 : INFO : Data from CSV customer_data.csv ingested successfully!
[2025-03-03T21:13:26.508+0000] {subprocess.py:93} INFO - 2025-03-03 21:13:26,507 : INFO : Connecting to Database
[2025-03-03T21:13:26.525+0000] {subprocess.py:93} INFO - 2025-03-03 21:13:26,525 : INFO : Connecting to Database Successfull
[2025-03-03T21:13:26.526+0000] {subprocess.py:93} INFO - 2025-03-03 21:13:26,525 : INFO : Reading data from database.
[2025-03-03T21:13:26.872+0000] {subprocess.py:93} INFO - /opt/***/executables/data_ingestion.py:50: UserWarning: pandas only supports SQLAlchemy connectable (engine/connection) or database string URI or sqlite3 DBAPI2 connection. Other DBAPI2 objects are not tested. Please consider using SQLAlchemy.
[2025-03-03T21:13:26.873+0000] {subprocess.py:93} INFO -   data = pd.read_sql(query, connection)
[2025-03-03T21:13:26.873+0000] {subprocess.py:93} INFO - 2025-03-03 21:13:26,872 : INFO : Data from Database ingested successfully!
[2025-03-03T21:13:27.018+0000] {subprocess.py:93} INFO - On branch main
[2025-03-03T21:13:27.019+0000] {subprocess.py:93} INFO - Your branch is up to date with 'origin/main'.
[2025-03-03T21:13:27.019+0000] {subprocess.py:93} INFO - 
[2025-03-03T21:13:27.019+0000] {subprocess.py:93} INFO - Changes to be committed:
[2025-03-03T21:13:27.019+0000] {subprocess.py:93} INFO -   (use "git restore --staged <file>..." to unstage)
[2025-03-03T21:13:27.019+0000] {subprocess.py:93} INFO - 	modified:   logs/dag_id=customer_churn_ml_pipeline/run_id=manual__2025-03-03T21:13:14.978853+00:00/task_id=data_ingestion_task/attempt=1.log
[2025-03-03T21:13:27.020+0000] {subprocess.py:93} INFO - 	new file:   logs/dag_id=customer_churn_ml_pipeline/run_id=manual__2025-03-03T21:13:16.985115+00:00/task_id=data_ingestion_task/attempt=1.log
[2025-03-03T21:13:27.020+0000] {subprocess.py:93} INFO - 	modified:   logs/data_ingestion.log
[2025-03-03T21:13:27.020+0000] {subprocess.py:93} INFO - 
[2025-03-03T21:13:27.020+0000] {subprocess.py:93} INFO - Untracked files:
[2025-03-03T21:13:27.020+0000] {subprocess.py:93} INFO -   (use "git add <file>..." to include in what will be committed)
[2025-03-03T21:13:27.020+0000] {subprocess.py:93} INFO - 	customer_churn_stats/feature_repo/data/online_store.db
[2025-03-03T21:13:27.020+0000] {subprocess.py:93} INFO - 	customer_churn_stats/feature_repo/data/registry.db
[2025-03-03T21:13:27.021+0000] {subprocess.py:93} INFO - 	models/
[2025-03-03T21:13:27.021+0000] {subprocess.py:93} INFO - 	online.db
[2025-03-03T21:13:27.021+0000] {subprocess.py:93} INFO - 
[2025-03-03T21:13:27.035+0000] {subprocess.py:93} INFO - [main 3d7ed2d] Updated data ingestion
[2025-03-03T21:13:27.035+0000] {subprocess.py:93} INFO -  3 files changed, 54 insertions(+)
[2025-03-03T21:13:27.035+0000] {subprocess.py:93} INFO -  create mode 100644 logs/dag_id=customer_churn_ml_pipeline/run_id=manual__2025-03-03T21:13:16.985115+00:00/task_id=data_ingestion_task/attempt=1.log
[2025-03-03T21:13:28.896+0000] {subprocess.py:93} INFO - To https://github.com/anniemathew-trial/customer_churn_pipeline.git
[2025-03-03T21:13:28.898+0000] {subprocess.py:93} INFO -    973ec36..3d7ed2d  main -> main
[2025-03-03T21:13:28.916+0000] {subprocess.py:97} INFO - Command exited with return code 0
[2025-03-03T21:13:28.961+0000] {taskinstance.py:1400} INFO - Marking task as SUCCESS. dag_id=customer_churn_ml_pipeline, task_id=data_ingestion_task, execution_date=20250303T211316, start_date=20250303T211325, end_date=20250303T211328
[2025-03-03T21:13:29.020+0000] {local_task_job_runner.py:228} INFO - Task exited with return code 0
[2025-03-03T21:13:29.079+0000] {taskinstance.py:2778} INFO - 1 downstream tasks scheduled from follow-on schedule check
