[2025-03-01T10:19:35.104+0000] {taskinstance.py:1159} INFO - Dependencies all met for dep_context=non-requeueable deps ti=<TaskInstance: customer_churn_ml_pipeline.data_preparation_task manual__2025-03-01T10:18:57.468681+00:00 [queued]>
[2025-03-01T10:19:35.116+0000] {taskinstance.py:1159} INFO - Dependencies all met for dep_context=requeueable deps ti=<TaskInstance: customer_churn_ml_pipeline.data_preparation_task manual__2025-03-01T10:18:57.468681+00:00 [queued]>
[2025-03-01T10:19:35.117+0000] {taskinstance.py:1361} INFO - Starting attempt 1 of 1
[2025-03-01T10:19:35.133+0000] {taskinstance.py:1382} INFO - Executing <Task(BashOperator): data_preparation_task> on 2025-03-01 10:18:57.468681+00:00
[2025-03-01T10:19:35.137+0000] {standard_task_runner.py:57} INFO - Started process 9948 to run task
[2025-03-01T10:19:35.140+0000] {standard_task_runner.py:84} INFO - Running: ['***', 'tasks', 'run', 'customer_churn_ml_pipeline', 'data_preparation_task', 'manual__2025-03-01T10:18:57.468681+00:00', '--job-id', '76', '--raw', '--subdir', 'DAGS_FOLDER/customer_churn.py', '--cfg-path', '/tmp/tmpwallxzhk']
[2025-03-01T10:19:35.142+0000] {standard_task_runner.py:85} INFO - Job 76: Subtask data_preparation_task
[2025-03-01T10:19:35.162+0000] {logging_mixin.py:154} WARNING - /home/***/.local/lib/python3.8/site-packages/***/settings.py:195 DeprecationWarning: The sql_alchemy_conn option in [core] has been moved to the sql_alchemy_conn option in [database] - the old setting has been used, but please update your config.
[2025-03-01T10:19:35.208+0000] {task_command.py:416} INFO - Running <TaskInstance: customer_churn_ml_pipeline.data_preparation_task manual__2025-03-01T10:18:57.468681+00:00 [running]> on host 7e994a0ed489
[2025-03-01T10:19:35.338+0000] {taskinstance.py:1662} INFO - Exporting env vars: AIRFLOW_CTX_DAG_OWNER='***' AIRFLOW_CTX_DAG_ID='customer_churn_ml_pipeline' AIRFLOW_CTX_TASK_ID='data_preparation_task' AIRFLOW_CTX_EXECUTION_DATE='2025-03-01T10:18:57.468681+00:00' AIRFLOW_CTX_TRY_NUMBER='1' AIRFLOW_CTX_DAG_RUN_ID='manual__2025-03-01T10:18:57.468681+00:00'
[2025-03-01T10:19:35.339+0000] {subprocess.py:63} INFO - Tmp dir root location: /tmp
[2025-03-01T10:19:35.340+0000] {subprocess.py:75} INFO - Running command: ['/bin/bash', '-c', '\n\t\t\tcd /opt/***\n\t\t\tpython /opt/***/executables/data_preparation.py &&                         dvc add /opt/***/data/cleaned &&                         git add /opt/***/data/cleaned.dvc &&                         git commit -m "Updated cleaned data version" -a &&                         dvc push && git push\n                    ']
[2025-03-01T10:19:35.348+0000] {subprocess.py:86} INFO - Output:
[2025-03-01T10:19:38.128+0000] {subprocess.py:93} INFO - 2025-03-01 10:19:38,127 : INFO : Starting data preparation for csv.
[2025-03-01T10:19:38.146+0000] {subprocess.py:93} INFO - 2025-03-01 10:19:38,146 : INFO : Handling 'Tenure', 'Balance', 'EstimatedSalary' empty data
[2025-03-01T10:19:38.146+0000] {subprocess.py:93} INFO - 2025-03-01 10:19:38,146 : INFO : Handling 'Age' empty data
[2025-03-01T10:19:38.147+0000] {subprocess.py:93} INFO - 2025-03-01 10:19:38,147 : INFO : Droping 'Surname' as it may lead to profiling, 'RowNumber', 'CustomerId' as it is not required
[2025-03-01T10:19:38.149+0000] {subprocess.py:93} INFO - 2025-03-01 10:19:38,149 : INFO : Making 'Geography', 'Gender', 'HasCrCard', 'IsActiveMember' as categorical
[2025-03-01T10:19:38.159+0000] {subprocess.py:93} INFO - 2025-03-01 10:19:38,158 : INFO : Saving data to S3.
[2025-03-01T10:19:38.221+0000] {subprocess.py:93} INFO - 2025-03-01 10:19:38,220 : INFO : Saving report to S3.
[2025-03-01T10:19:38.222+0000] {subprocess.py:93} INFO - 2025-03-01 10:19:38,221 : INFO : Creating Pie chart
[2025-03-01T10:19:38.298+0000] {subprocess.py:93} INFO - 2025-03-01 10:19:38,298 : INFO : Generating histogram for column CreditScore.
[2025-03-01T10:19:38.501+0000] {subprocess.py:93} INFO - 2025-03-01 10:19:38,501 : INFO : Generating histogram for column Geography.
[2025-03-01T10:19:38.672+0000] {subprocess.py:93} INFO - 2025-03-01 10:19:38,671 : INFO : Generating histogram for column Gender.
[2025-03-01T10:19:38.927+0000] {subprocess.py:93} INFO - 2025-03-01 10:19:38,927 : INFO : Generating histogram for column Age.
[2025-03-01T10:19:39.202+0000] {subprocess.py:93} INFO - 2025-03-01 10:19:39,202 : INFO : Generating histogram for column Tenure.
[2025-03-01T10:19:39.418+0000] {subprocess.py:93} INFO - 2025-03-01 10:19:39,418 : INFO : Generating histogram for column Balance.
[2025-03-01T10:19:39.647+0000] {subprocess.py:93} INFO - 2025-03-01 10:19:39,646 : INFO : Generating histogram for column NumOfProducts.
[2025-03-01T10:19:39.899+0000] {subprocess.py:93} INFO - 2025-03-01 10:19:39,899 : INFO : Generating histogram for column HasCrCard.
[2025-03-01T10:19:40.126+0000] {subprocess.py:93} INFO - 2025-03-01 10:19:40,126 : INFO : Generating histogram for column IsActiveMember.
[2025-03-01T10:19:40.308+0000] {subprocess.py:93} INFO - 2025-03-01 10:19:40,308 : INFO : Generating histogram for column EstimatedSalary.
[2025-03-01T10:19:40.507+0000] {subprocess.py:93} INFO - 2025-03-01 10:19:40,506 : INFO : Generating histogram for column Exited.
[2025-03-01T10:19:40.764+0000] {subprocess.py:93} INFO - 2025-03-01 10:19:40,764 : INFO : Generating histogram for relation of Exited with Categorical data.
[2025-03-01T10:19:41.223+0000] {subprocess.py:93} INFO - 2025-03-01 10:19:41,222 : INFO : Using categorical units to plot a list of strings that are all parsable as floats or dates. If these strings should be plotted as numbers, cast to the appropriate data type before plotting.
[2025-03-01T10:19:41.240+0000] {subprocess.py:93} INFO - 2025-03-01 10:19:41,240 : INFO : Using categorical units to plot a list of strings that are all parsable as floats or dates. If these strings should be plotted as numbers, cast to the appropriate data type before plotting.
[2025-03-01T10:19:41.315+0000] {subprocess.py:93} INFO - 2025-03-01 10:19:41,315 : INFO : Using categorical units to plot a list of strings that are all parsable as floats or dates. If these strings should be plotted as numbers, cast to the appropriate data type before plotting.
[2025-03-01T10:19:41.335+0000] {subprocess.py:93} INFO - 2025-03-01 10:19:41,335 : INFO : Using categorical units to plot a list of strings that are all parsable as floats or dates. If these strings should be plotted as numbers, cast to the appropriate data type before plotting.
[2025-03-01T10:19:41.382+0000] {subprocess.py:93} INFO - 2025-03-01 10:19:41,382 : INFO : Generating box plots for relation of Exited with non Categorical data.
[2025-03-01T10:19:41.588+0000] {subprocess.py:93} INFO - 2025-03-01 10:19:41,588 : INFO : Using categorical units to plot a list of strings that are all parsable as floats or dates. If these strings should be plotted as numbers, cast to the appropriate data type before plotting.
[2025-03-01T10:19:41.605+0000] {subprocess.py:93} INFO - 2025-03-01 10:19:41,604 : INFO : Using categorical units to plot a list of strings that are all parsable as floats or dates. If these strings should be plotted as numbers, cast to the appropriate data type before plotting.
[2025-03-01T10:19:41.702+0000] {subprocess.py:93} INFO - 2025-03-01 10:19:41,702 : INFO : Using categorical units to plot a list of strings that are all parsable as floats or dates. If these strings should be plotted as numbers, cast to the appropriate data type before plotting.
[2025-03-01T10:19:41.735+0000] {subprocess.py:93} INFO - 2025-03-01 10:19:41,735 : INFO : Using categorical units to plot a list of strings that are all parsable as floats or dates. If these strings should be plotted as numbers, cast to the appropriate data type before plotting.
[2025-03-01T10:19:41.926+0000] {subprocess.py:93} INFO - 2025-03-01 10:19:41,926 : INFO : Using categorical units to plot a list of strings that are all parsable as floats or dates. If these strings should be plotted as numbers, cast to the appropriate data type before plotting.
[2025-03-01T10:19:41.945+0000] {subprocess.py:93} INFO - 2025-03-01 10:19:41,944 : INFO : Using categorical units to plot a list of strings that are all parsable as floats or dates. If these strings should be plotted as numbers, cast to the appropriate data type before plotting.
[2025-03-01T10:19:42.067+0000] {subprocess.py:93} INFO - 2025-03-01 10:19:42,067 : INFO : Using categorical units to plot a list of strings that are all parsable as floats or dates. If these strings should be plotted as numbers, cast to the appropriate data type before plotting.
[2025-03-01T10:19:42.100+0000] {subprocess.py:93} INFO - 2025-03-01 10:19:42,100 : INFO : Using categorical units to plot a list of strings that are all parsable as floats or dates. If these strings should be plotted as numbers, cast to the appropriate data type before plotting.
[2025-03-01T10:19:42.250+0000] {subprocess.py:93} INFO - 2025-03-01 10:19:42,250 : INFO : Using categorical units to plot a list of strings that are all parsable as floats or dates. If these strings should be plotted as numbers, cast to the appropriate data type before plotting.
[2025-03-01T10:19:42.267+0000] {subprocess.py:93} INFO - 2025-03-01 10:19:42,266 : INFO : Using categorical units to plot a list of strings that are all parsable as floats or dates. If these strings should be plotted as numbers, cast to the appropriate data type before plotting.
[2025-03-01T10:19:42.379+0000] {subprocess.py:93} INFO - 2025-03-01 10:19:42,379 : INFO : Using categorical units to plot a list of strings that are all parsable as floats or dates. If these strings should be plotted as numbers, cast to the appropriate data type before plotting.
[2025-03-01T10:19:42.407+0000] {subprocess.py:93} INFO - 2025-03-01 10:19:42,406 : INFO : Using categorical units to plot a list of strings that are all parsable as floats or dates. If these strings should be plotted as numbers, cast to the appropriate data type before plotting.
[2025-03-01T10:19:42.984+0000] {subprocess.py:93} INFO - 2025-03-01 10:19:42,984 : INFO : Saved pdf in visualization/plots.pdf
[2025-03-01T10:19:45.631+0000] {subprocess.py:93} INFO - 
[2025-03-01T10:19:45.631+0000] {subprocess.py:93} INFO - To track the changes with git, run:
[2025-03-01T10:19:45.632+0000] {subprocess.py:93} INFO - 
[2025-03-01T10:19:45.632+0000] {subprocess.py:93} INFO - 	git add data/cleaned.dvc
[2025-03-01T10:19:45.632+0000] {subprocess.py:93} INFO - 
[2025-03-01T10:19:45.633+0000] {subprocess.py:93} INFO - To enable auto staging, run:
[2025-03-01T10:19:45.633+0000] {subprocess.py:93} INFO - 
[2025-03-01T10:19:45.634+0000] {subprocess.py:93} INFO - 	dvc config core.autostage true
[2025-03-01T10:19:46.028+0000] {subprocess.py:93} INFO - [main 296c673] Updated cleaned data version
[2025-03-01T10:19:46.029+0000] {subprocess.py:93} INFO -  3 files changed, 46 insertions(+)
[2025-03-01T10:19:52.458+0000] {subprocess.py:93} INFO - Everything is up to date.
[2025-03-01T10:19:54.505+0000] {subprocess.py:93} INFO - To https://github.com/anniemathew-trial/customer_churn_pipeline.git
[2025-03-01T10:19:54.507+0000] {subprocess.py:93} INFO -    ad572cd..296c673  main -> main
[2025-03-01T10:19:54.514+0000] {subprocess.py:97} INFO - Command exited with return code 0
[2025-03-01T10:19:54.606+0000] {taskinstance.py:1400} INFO - Marking task as SUCCESS. dag_id=customer_churn_ml_pipeline, task_id=data_preparation_task, execution_date=20250301T101857, start_date=20250301T101935, end_date=20250301T101954
[2025-03-01T10:19:54.673+0000] {local_task_job_runner.py:228} INFO - Task exited with return code 0
[2025-03-01T10:19:54.785+0000] {taskinstance.py:2778} INFO - 1 downstream tasks scheduled from follow-on schedule check
