[2025-03-03T23:33:55.656+0000] {taskinstance.py:1159} INFO - Dependencies all met for dep_context=non-requeueable deps ti=<TaskInstance: customer_churn_ml_pipeline.data_transformation_task manual__2025-03-03T23:32:42.103488+00:00 [queued]>
[2025-03-03T23:33:55.667+0000] {taskinstance.py:1159} INFO - Dependencies all met for dep_context=requeueable deps ti=<TaskInstance: customer_churn_ml_pipeline.data_transformation_task manual__2025-03-03T23:32:42.103488+00:00 [queued]>
[2025-03-03T23:33:55.667+0000] {taskinstance.py:1361} INFO - Starting attempt 1 of 1
[2025-03-03T23:33:55.683+0000] {taskinstance.py:1382} INFO - Executing <Task(BashOperator): data_transformation_task> on 2025-03-03 23:32:42.103488+00:00
[2025-03-03T23:33:55.688+0000] {standard_task_runner.py:57} INFO - Started process 7690 to run task
[2025-03-03T23:33:55.691+0000] {standard_task_runner.py:84} INFO - Running: ['***', 'tasks', 'run', 'customer_churn_ml_pipeline', 'data_transformation_task', 'manual__2025-03-03T23:32:42.103488+00:00', '--job-id', '251', '--raw', '--subdir', 'DAGS_FOLDER/customer_churn.py', '--cfg-path', '/tmp/tmpc0pc2kw5']
[2025-03-03T23:33:55.694+0000] {standard_task_runner.py:85} INFO - Job 251: Subtask data_transformation_task
[2025-03-03T23:33:55.717+0000] {logging_mixin.py:154} WARNING - /home/***/.local/lib/python3.8/site-packages/***/settings.py:195 DeprecationWarning: The sql_alchemy_conn option in [core] has been moved to the sql_alchemy_conn option in [database] - the old setting has been used, but please update your config.
[2025-03-03T23:33:55.762+0000] {task_command.py:416} INFO - Running <TaskInstance: customer_churn_ml_pipeline.data_transformation_task manual__2025-03-03T23:32:42.103488+00:00 [running]> on host 157237bff8f7
[2025-03-03T23:33:55.871+0000] {taskinstance.py:1662} INFO - Exporting env vars: AIRFLOW_CTX_DAG_OWNER='***' AIRFLOW_CTX_DAG_ID='customer_churn_ml_pipeline' AIRFLOW_CTX_TASK_ID='data_transformation_task' AIRFLOW_CTX_EXECUTION_DATE='2025-03-03T23:32:42.103488+00:00' AIRFLOW_CTX_TRY_NUMBER='1' AIRFLOW_CTX_DAG_RUN_ID='manual__2025-03-03T23:32:42.103488+00:00'
[2025-03-03T23:33:55.872+0000] {subprocess.py:63} INFO - Tmp dir root location: /tmp
[2025-03-03T23:33:55.873+0000] {subprocess.py:75} INFO - Running command: ['/bin/bash', '-c', '\n\t\t\tcd /opt/*** &&                        dvc pull /opt/***/data/cleaned\n                        python /opt/***/executables/data_transformation.py &&                         dvc add /opt/***/data/transformed &&                         git add /opt/***/data/transformed.dvc && \t\t\tgit add logs &&    \t\t\tgit status &&                         git commit -m "Updated transformed data version" -a &&                         dvc push && git push\n                    ']
[2025-03-03T23:33:55.881+0000] {subprocess.py:86} INFO - Output:
[2025-03-03T23:33:59.447+0000] {subprocess.py:93} INFO - Everything is up to date.
[2025-03-03T23:34:03.257+0000] {subprocess.py:93} INFO - 2025-03-03 23:34:03,256 : INFO : Starting data transformation for csv.
[2025-03-03T23:34:03.295+0000] {subprocess.py:93} INFO - 2025-03-03 23:34:03,294 : INFO : Scaling 'Tenure', 'Balance', 'EstimatedSalary'.
[2025-03-03T23:34:03.302+0000] {subprocess.py:93} INFO - 2025-03-03 23:34:03,302 : INFO : Saving data to S3.
[2025-03-03T23:34:06.451+0000] {subprocess.py:93} INFO - 2025-03-03 23:34:06,450 : INFO : Starting data transformation for csv.
[2025-03-03T23:34:06.510+0000] {subprocess.py:93} INFO - 2025-03-03 23:34:06,510 : INFO : Scaling 'Tenure', 'Balance', 'EstimatedSalary'.
[2025-03-03T23:34:06.525+0000] {subprocess.py:93} INFO - 2025-03-03 23:34:06,525 : INFO : Saving data to S3.
[2025-03-03T23:34:13.732+0000] {subprocess.py:93} INFO - 
[2025-03-03T23:34:13.733+0000] {subprocess.py:93} INFO - To track the changes with git, run:
[2025-03-03T23:34:13.733+0000] {subprocess.py:93} INFO - 
[2025-03-03T23:34:13.733+0000] {subprocess.py:93} INFO - 	git add data/transformed.dvc
[2025-03-03T23:34:13.734+0000] {subprocess.py:93} INFO - 
[2025-03-03T23:34:13.734+0000] {subprocess.py:93} INFO - To enable auto staging, run:
[2025-03-03T23:34:13.734+0000] {subprocess.py:93} INFO - 
[2025-03-03T23:34:13.734+0000] {subprocess.py:93} INFO - 	dvc config core.autostage true
[2025-03-03T23:34:14.181+0000] {subprocess.py:93} INFO - On branch main
[2025-03-03T23:34:14.182+0000] {subprocess.py:93} INFO - Your branch is up to date with 'origin/main'.
[2025-03-03T23:34:14.182+0000] {subprocess.py:93} INFO - 
[2025-03-03T23:34:14.182+0000] {subprocess.py:93} INFO - Changes to be committed:
[2025-03-03T23:34:14.183+0000] {subprocess.py:93} INFO -   (use "git restore --staged <file>..." to unstage)
[2025-03-03T23:34:14.183+0000] {subprocess.py:93} INFO - 	modified:   logs/dag_id=customer_churn_ml_pipeline/run_id=manual__2025-03-03T23:32:42.103488+00:00/task_id=data_preparation_task/attempt=1.log
[2025-03-03T23:34:14.183+0000] {subprocess.py:93} INFO - 	new file:   logs/dag_id=customer_churn_ml_pipeline/run_id=manual__2025-03-03T23:32:42.103488+00:00/task_id=data_transformation_task/attempt=1.log
[2025-03-03T23:34:14.183+0000] {subprocess.py:93} INFO - 	modified:   logs/dag_processor_manager/dag_processor_manager.log
[2025-03-03T23:34:14.184+0000] {subprocess.py:93} INFO - 	modified:   logs/data_transformation.log
[2025-03-03T23:34:14.184+0000] {subprocess.py:93} INFO - 	modified:   logs/scheduler/2025-03-03/customer_churn.py.log
[2025-03-03T23:34:14.184+0000] {subprocess.py:93} INFO - 
[2025-03-03T23:34:14.184+0000] {subprocess.py:93} INFO - Untracked files:
[2025-03-03T23:34:14.184+0000] {subprocess.py:93} INFO -   (use "git add <file>..." to include in what will be committed)
[2025-03-03T23:34:14.184+0000] {subprocess.py:93} INFO - 	customer_churn_stats/feature_repo/data/online_store.db
[2025-03-03T23:34:14.185+0000] {subprocess.py:93} INFO - 	customer_churn_stats/feature_repo/data/registry.db
[2025-03-03T23:34:14.185+0000] {subprocess.py:93} INFO - 	models/
[2025-03-03T23:34:14.185+0000] {subprocess.py:93} INFO - 	online.db
[2025-03-03T23:34:14.185+0000] {subprocess.py:93} INFO - 
[2025-03-03T23:34:14.280+0000] {subprocess.py:93} INFO - [main 887785b] Updated transformed data version
[2025-03-03T23:34:14.281+0000] {subprocess.py:93} INFO -  5 files changed, 77 insertions(+)
[2025-03-03T23:34:14.281+0000] {subprocess.py:93} INFO -  create mode 100644 logs/dag_id=customer_churn_ml_pipeline/run_id=manual__2025-03-03T23:32:42.103488+00:00/task_id=data_transformation_task/attempt=1.log
[2025-03-03T23:34:20.253+0000] {subprocess.py:93} INFO - Everything is up to date.
[2025-03-03T23:34:22.238+0000] {subprocess.py:93} INFO - To https://github.com/anniemathew-trial/customer_churn_pipeline.git
[2025-03-03T23:34:22.239+0000] {subprocess.py:93} INFO -    af39255..887785b  main -> main
[2025-03-03T23:34:22.247+0000] {subprocess.py:97} INFO - Command exited with return code 0
[2025-03-03T23:34:22.292+0000] {taskinstance.py:1400} INFO - Marking task as SUCCESS. dag_id=customer_churn_ml_pipeline, task_id=data_transformation_task, execution_date=20250303T233242, start_date=20250303T233355, end_date=20250303T233422
[2025-03-03T23:34:22.331+0000] {local_task_job_runner.py:228} INFO - Task exited with return code 0
[2025-03-03T23:34:22.370+0000] {taskinstance.py:2778} INFO - 1 downstream tasks scheduled from follow-on schedule check
