[2025-03-01T11:05:28.246+0000] {taskinstance.py:1159} INFO - Dependencies all met for dep_context=non-requeueable deps ti=<TaskInstance: customer_churn_ml_pipeline.data_storage_task manual__2025-03-01T11:04:12.715877+00:00 [queued]>
[2025-03-01T11:05:28.263+0000] {taskinstance.py:1159} INFO - Dependencies all met for dep_context=requeueable deps ti=<TaskInstance: customer_churn_ml_pipeline.data_storage_task manual__2025-03-01T11:04:12.715877+00:00 [queued]>
[2025-03-01T11:05:28.264+0000] {taskinstance.py:1361} INFO - Starting attempt 1 of 1
[2025-03-01T11:05:28.290+0000] {taskinstance.py:1382} INFO - Executing <Task(BashOperator): data_storage_task> on 2025-03-01 11:04:12.715877+00:00
[2025-03-01T11:05:28.296+0000] {standard_task_runner.py:57} INFO - Started process 12562 to run task
[2025-03-01T11:05:28.301+0000] {standard_task_runner.py:84} INFO - Running: ['***', 'tasks', 'run', 'customer_churn_ml_pipeline', 'data_storage_task', 'manual__2025-03-01T11:04:12.715877+00:00', '--job-id', '109', '--raw', '--subdir', 'DAGS_FOLDER/customer_churn.py', '--cfg-path', '/tmp/tmphxjuipja']
[2025-03-01T11:05:28.305+0000] {standard_task_runner.py:85} INFO - Job 109: Subtask data_storage_task
[2025-03-01T11:05:28.345+0000] {logging_mixin.py:154} WARNING - /home/***/.local/lib/python3.8/site-packages/***/settings.py:195 DeprecationWarning: The sql_alchemy_conn option in [core] has been moved to the sql_alchemy_conn option in [database] - the old setting has been used, but please update your config.
[2025-03-01T11:05:28.441+0000] {task_command.py:416} INFO - Running <TaskInstance: customer_churn_ml_pipeline.data_storage_task manual__2025-03-01T11:04:12.715877+00:00 [running]> on host 7e994a0ed489
[2025-03-01T11:05:28.674+0000] {taskinstance.py:1662} INFO - Exporting env vars: AIRFLOW_CTX_DAG_OWNER='***' AIRFLOW_CTX_DAG_ID='customer_churn_ml_pipeline' AIRFLOW_CTX_TASK_ID='data_storage_task' AIRFLOW_CTX_EXECUTION_DATE='2025-03-01T11:04:12.715877+00:00' AIRFLOW_CTX_TRY_NUMBER='1' AIRFLOW_CTX_DAG_RUN_ID='manual__2025-03-01T11:04:12.715877+00:00'
[2025-03-01T11:05:28.677+0000] {subprocess.py:63} INFO - Tmp dir root location: /tmp
[2025-03-01T11:05:28.678+0000] {subprocess.py:75} INFO - Running command: ['/bin/bash', '-c', '\n\t\t\tcd /opt/***\n                        dvc pull /opt/***/data/transformed\n                        python /opt/***/executables/data_storage.py && \t\t\tgit add logs &&                        git commit -m "Updated stored data version" -a &&                         dvc push && git push\n                    ']
[2025-03-01T11:05:28.697+0000] {subprocess.py:86} INFO - Output:
[2025-03-01T11:05:35.437+0000] {subprocess.py:93} INFO - Everything is up to date.
[2025-03-01T11:05:39.239+0000] {subprocess.py:93} INFO - 2025-03-01 11:05:39,238 : INFO : Connecting to Database
[2025-03-01T11:05:39.275+0000] {subprocess.py:93} INFO - 2025-03-01 11:05:39,274 : INFO : Connecting to Database Successfull
[2025-03-01T11:05:39.275+0000] {subprocess.py:93} INFO - 2025-03-01 11:05:39,275 : INFO : Reading Initial DB Setup Script
[2025-03-01T11:05:39.276+0000] {subprocess.py:93} INFO - 2025-03-01 11:05:39,275 : INFO : Executing script to Database
[2025-03-01T11:05:39.297+0000] {subprocess.py:93} INFO - 2025-03-01 11:05:39,296 : INFO : Executed script successfully !!
[2025-03-01T11:05:39.298+0000] {subprocess.py:93} INFO - 2025-03-01 11:05:39,297 : INFO : Reading insert script template
[2025-03-01T11:05:39.298+0000] {subprocess.py:93} INFO - 2025-03-01 11:05:39,297 : INFO : Inserting data to database
[2025-03-01T11:05:50.633+0000] {subprocess.py:93} INFO - 2025-03-01 11:05:50,632 : INFO : Executed script successfully !!
[2025-03-01T11:05:50.635+0000] {subprocess.py:93} INFO - 2025-03-01 11:05:50,634 : INFO : Connection closed !!
