[2025-02-28T04:09:56.988+0000] {taskinstance.py:1159} INFO - Dependencies all met for dep_context=non-requeueable deps ti=<TaskInstance: customer_churn_ml_pipeline.dvc_pull manual__2025-02-28T04:09:55.332256+00:00 [queued]>
[2025-02-28T04:09:57.011+0000] {taskinstance.py:1159} INFO - Dependencies all met for dep_context=requeueable deps ti=<TaskInstance: customer_churn_ml_pipeline.dvc_pull manual__2025-02-28T04:09:55.332256+00:00 [queued]>
[2025-02-28T04:09:57.011+0000] {taskinstance.py:1361} INFO - Starting attempt 1 of 1
[2025-02-28T04:09:57.044+0000] {taskinstance.py:1382} INFO - Executing <Task(BashOperator): dvc_pull> on 2025-02-28 04:09:55.332256+00:00
[2025-02-28T04:09:57.051+0000] {standard_task_runner.py:57} INFO - Started process 6848 to run task
[2025-02-28T04:09:57.056+0000] {standard_task_runner.py:84} INFO - Running: ['***', 'tasks', 'run', 'customer_churn_ml_pipeline', 'dvc_pull', 'manual__2025-02-28T04:09:55.332256+00:00', '--job-id', '24', '--raw', '--subdir', 'DAGS_FOLDER/customer_churn.py', '--cfg-path', '/tmp/tmparel2gc8']
[2025-02-28T04:09:57.061+0000] {standard_task_runner.py:85} INFO - Job 24: Subtask dvc_pull
[2025-02-28T04:09:57.104+0000] {logging_mixin.py:154} WARNING - /home/***/.local/lib/python3.8/site-packages/***/settings.py:195 DeprecationWarning: The sql_alchemy_conn option in [core] has been moved to the sql_alchemy_conn option in [database] - the old setting has been used, but please update your config.
[2025-02-28T04:09:57.187+0000] {task_command.py:416} INFO - Running <TaskInstance: customer_churn_ml_pipeline.dvc_pull manual__2025-02-28T04:09:55.332256+00:00 [running]> on host 4470298645d8
[2025-02-28T04:09:57.370+0000] {taskinstance.py:1662} INFO - Exporting env vars: AIRFLOW_CTX_DAG_OWNER='***' AIRFLOW_CTX_DAG_ID='customer_churn_ml_pipeline' AIRFLOW_CTX_TASK_ID='dvc_pull' AIRFLOW_CTX_EXECUTION_DATE='2025-02-28T04:09:55.332256+00:00' AIRFLOW_CTX_TRY_NUMBER='1' AIRFLOW_CTX_DAG_RUN_ID='manual__2025-02-28T04:09:55.332256+00:00'
[2025-02-28T04:09:57.372+0000] {subprocess.py:63} INFO - Tmp dir root location: /tmp
[2025-02-28T04:09:57.374+0000] {subprocess.py:75} INFO - Running command: ['/bin/bash', '-c', 'cd /opt/*** && dvc pull']
[2025-02-28T04:09:57.387+0000] {subprocess.py:86} INFO - Output:
[2025-02-28T04:10:00.264+0000] {subprocess.py:93} INFO - ERROR: failed to connect to s3 (dmmlassignmentbucket/dvc-storage/files/md5) - Forbidden: An error occurred (403) when calling the HeadObject operation: Forbidden
[2025-02-28T04:10:00.271+0000] {subprocess.py:93} INFO - ERROR: failed to pull data from the cloud - 3 files failed to download
[2025-02-28T04:10:00.558+0000] {subprocess.py:97} INFO - Command exited with return code 1
[2025-02-28T04:10:00.576+0000] {taskinstance.py:1937} ERROR - Task failed with exception
Traceback (most recent call last):
  File "/home/airflow/.local/lib/python3.8/site-packages/airflow/operators/bash.py", line 210, in execute
    raise AirflowException(
airflow.exceptions.AirflowException: Bash command failed. The command returned a non-zero exit code 1.
[2025-02-28T04:10:00.581+0000] {taskinstance.py:1400} INFO - Marking task as FAILED. dag_id=customer_churn_ml_pipeline, task_id=dvc_pull, execution_date=20250228T040955, start_date=20250228T040956, end_date=20250228T041000
[2025-02-28T04:10:00.601+0000] {standard_task_runner.py:104} ERROR - Failed to execute job 24 for task dvc_pull (Bash command failed. The command returned a non-zero exit code 1.; 6848)
[2025-02-28T04:10:00.647+0000] {local_task_job_runner.py:228} INFO - Task exited with return code 1
[2025-02-28T04:10:00.687+0000] {taskinstance.py:2778} INFO - 0 downstream tasks scheduled from follow-on schedule check
