[2025-03-02T14:15:35.427+0000] {taskinstance.py:1159} INFO - Dependencies all met for dep_context=non-requeueable deps ti=<TaskInstance: customer_churn_ml_pipeline.data_storage_task manual__2025-03-02T14:13:34.519458+00:00 [queued]>
[2025-03-02T14:15:35.442+0000] {taskinstance.py:1159} INFO - Dependencies all met for dep_context=requeueable deps ti=<TaskInstance: customer_churn_ml_pipeline.data_storage_task manual__2025-03-02T14:13:34.519458+00:00 [queued]>
[2025-03-02T14:15:35.442+0000] {taskinstance.py:1361} INFO - Starting attempt 1 of 1
[2025-03-02T14:15:35.463+0000] {taskinstance.py:1382} INFO - Executing <Task(BashOperator): data_storage_task> on 2025-03-02 14:13:34.519458+00:00
[2025-03-02T14:15:35.470+0000] {standard_task_runner.py:57} INFO - Started process 6027 to run task
[2025-03-02T14:15:35.474+0000] {standard_task_runner.py:84} INFO - Running: ['***', 'tasks', 'run', 'customer_churn_ml_pipeline', 'data_storage_task', 'manual__2025-03-02T14:13:34.519458+00:00', '--job-id', '29', '--raw', '--subdir', 'DAGS_FOLDER/customer_churn.py', '--cfg-path', '/tmp/tmpi0ca8xtx']
[2025-03-02T14:15:35.477+0000] {standard_task_runner.py:85} INFO - Job 29: Subtask data_storage_task
[2025-03-02T14:15:35.505+0000] {logging_mixin.py:154} WARNING - /home/***/.local/lib/python3.8/site-packages/***/settings.py:195 DeprecationWarning: The sql_alchemy_conn option in [core] has been moved to the sql_alchemy_conn option in [database] - the old setting has been used, but please update your config.
[2025-03-02T14:15:35.565+0000] {task_command.py:416} INFO - Running <TaskInstance: customer_churn_ml_pipeline.data_storage_task manual__2025-03-02T14:13:34.519458+00:00 [running]> on host 157237bff8f7
[2025-03-02T14:15:35.713+0000] {taskinstance.py:1662} INFO - Exporting env vars: AIRFLOW_CTX_DAG_OWNER='***' AIRFLOW_CTX_DAG_ID='customer_churn_ml_pipeline' AIRFLOW_CTX_TASK_ID='data_storage_task' AIRFLOW_CTX_EXECUTION_DATE='2025-03-02T14:13:34.519458+00:00' AIRFLOW_CTX_TRY_NUMBER='1' AIRFLOW_CTX_DAG_RUN_ID='manual__2025-03-02T14:13:34.519458+00:00'
[2025-03-02T14:15:35.715+0000] {subprocess.py:63} INFO - Tmp dir root location: /tmp
[2025-03-02T14:15:35.716+0000] {subprocess.py:75} INFO - Running command: ['/bin/bash', '-c', '\n\t\t\tcd /opt/***\n                        dvc pull /opt/***/data/transformed\n                        python /opt/***/executables/data_storage.py && \t\t\tgit add logs &&    \t\t\tgit status &&                         git commit -m "Updated stored data version" -a &&                         dvc push && git push\n                    ']
[2025-03-02T14:15:35.727+0000] {subprocess.py:86} INFO - Output:
[2025-03-02T14:15:39.719+0000] {subprocess.py:93} INFO - Everything is up to date.
[2025-03-02T14:15:42.010+0000] {subprocess.py:93} INFO - 2025-03-02 14:15:42,010 : INFO : Connecting to Database
[2025-03-02T14:15:42.040+0000] {subprocess.py:93} INFO - 2025-03-02 14:15:42,039 : INFO : Connecting to Database Successfull
[2025-03-02T14:15:42.040+0000] {subprocess.py:93} INFO - 2025-03-02 14:15:42,040 : INFO : Reading Initial DB Setup Script
[2025-03-02T14:15:42.041+0000] {subprocess.py:93} INFO - 2025-03-02 14:15:42,040 : INFO : Executing script to Database
[2025-03-02T14:15:42.042+0000] {subprocess.py:93} INFO - 2025-03-02 14:15:42,041 : INFO : Executed script successfully !!
[2025-03-02T14:15:42.042+0000] {subprocess.py:93} INFO - 2025-03-02 14:15:42,042 : INFO : Reading insert script template
[2025-03-02T14:15:42.042+0000] {subprocess.py:93} INFO - 2025-03-02 14:15:42,042 : INFO : Inserting data to database
[2025-03-02T14:15:47.100+0000] {subprocess.py:93} INFO - 2025-03-02 14:15:47,100 : INFO : Executed script successfully !!
[2025-03-02T14:15:47.101+0000] {subprocess.py:93} INFO - 2025-03-02 14:15:47,101 : INFO : Connection closed !!
[2025-03-02T14:15:47.282+0000] {subprocess.py:93} INFO - On branch main
[2025-03-02T14:15:47.283+0000] {subprocess.py:93} INFO - Your branch is up to date with 'origin/main'.
[2025-03-02T14:15:47.283+0000] {subprocess.py:93} INFO - 
[2025-03-02T14:15:47.283+0000] {subprocess.py:93} INFO - Changes to be committed:
[2025-03-02T14:15:47.284+0000] {subprocess.py:93} INFO -   (use "git restore --staged <file>..." to unstage)
[2025-03-02T14:15:47.284+0000] {subprocess.py:93} INFO - 	new file:   logs/dag_id=customer_churn_ml_pipeline/run_id=manual__2025-03-02T14:13:34.519458+00:00/task_id=data_storage_task/attempt=1.log
[2025-03-02T14:15:47.284+0000] {subprocess.py:93} INFO - 	modified:   logs/dag_id=customer_churn_ml_pipeline/run_id=manual__2025-03-02T14:13:34.519458+00:00/task_id=data_transformation_task/attempt=1.log
[2025-03-02T14:15:47.284+0000] {subprocess.py:93} INFO - 	modified:   logs/dag_id=customer_churn_ml_pipeline/run_id=manual__2025-03-02T14:13:45.132348+00:00/task_id=data_transformation_task/attempt=1.log
[2025-03-02T14:15:47.284+0000] {subprocess.py:93} INFO - 	modified:   logs/dag_processor_manager/dag_processor_manager.log
[2025-03-02T14:15:47.284+0000] {subprocess.py:93} INFO - 	modified:   logs/data_storage.log
[2025-03-02T14:15:47.285+0000] {subprocess.py:93} INFO - 	modified:   logs/scheduler/2025-03-02/customer_churn.py.log
[2025-03-02T14:15:47.285+0000] {subprocess.py:93} INFO - 
[2025-03-02T14:15:47.285+0000] {subprocess.py:93} INFO - Untracked files:
[2025-03-02T14:15:47.285+0000] {subprocess.py:93} INFO -   (use "git add <file>..." to include in what will be committed)
[2025-03-02T14:15:47.285+0000] {subprocess.py:93} INFO - 	customer_churn_pipeline/
[2025-03-02T14:15:47.285+0000] {subprocess.py:93} INFO - 	customer_churn_stats/feature_repo/data/registry.db
[2025-03-02T14:15:47.286+0000] {subprocess.py:93} INFO - 
