[2025-03-02T15:26:16.808+0000] {taskinstance.py:1159} INFO - Dependencies all met for dep_context=non-requeueable deps ti=<TaskInstance: customer_churn_ml_pipeline.data_preparation_task manual__2025-03-02T15:24:58.464638+00:00 [queued]>
[2025-03-02T15:26:16.821+0000] {taskinstance.py:1159} INFO - Dependencies all met for dep_context=requeueable deps ti=<TaskInstance: customer_churn_ml_pipeline.data_preparation_task manual__2025-03-02T15:24:58.464638+00:00 [queued]>
[2025-03-02T15:26:16.821+0000] {taskinstance.py:1361} INFO - Starting attempt 1 of 1
[2025-03-02T15:26:16.841+0000] {taskinstance.py:1382} INFO - Executing <Task(BashOperator): data_preparation_task> on 2025-03-02 15:24:58.464638+00:00
[2025-03-02T15:26:16.846+0000] {standard_task_runner.py:57} INFO - Started process 1997 to run task
[2025-03-02T15:26:16.849+0000] {standard_task_runner.py:84} INFO - Running: ['***', 'tasks', 'run', 'customer_churn_ml_pipeline', 'data_preparation_task', 'manual__2025-03-02T15:24:58.464638+00:00', '--job-id', '51', '--raw', '--subdir', 'DAGS_FOLDER/customer_churn.py', '--cfg-path', '/tmp/tmp8kslplmo']
[2025-03-02T15:26:16.851+0000] {standard_task_runner.py:85} INFO - Job 51: Subtask data_preparation_task
[2025-03-02T15:26:16.873+0000] {logging_mixin.py:154} WARNING - /home/***/.local/lib/python3.8/site-packages/***/settings.py:195 DeprecationWarning: The sql_alchemy_conn option in [core] has been moved to the sql_alchemy_conn option in [database] - the old setting has been used, but please update your config.
[2025-03-02T15:26:16.918+0000] {task_command.py:416} INFO - Running <TaskInstance: customer_churn_ml_pipeline.data_preparation_task manual__2025-03-02T15:24:58.464638+00:00 [running]> on host 157237bff8f7
[2025-03-02T15:26:17.058+0000] {taskinstance.py:1662} INFO - Exporting env vars: AIRFLOW_CTX_DAG_OWNER='***' AIRFLOW_CTX_DAG_ID='customer_churn_ml_pipeline' AIRFLOW_CTX_TASK_ID='data_preparation_task' AIRFLOW_CTX_EXECUTION_DATE='2025-03-02T15:24:58.464638+00:00' AIRFLOW_CTX_TRY_NUMBER='1' AIRFLOW_CTX_DAG_RUN_ID='manual__2025-03-02T15:24:58.464638+00:00'
[2025-03-02T15:26:17.059+0000] {subprocess.py:63} INFO - Tmp dir root location: /tmp
[2025-03-02T15:26:17.060+0000] {subprocess.py:75} INFO - Running command: ['/bin/bash', '-c', '\n\t\t\tcd /opt/*** &&\t\t\tpython /opt/***/executables/data_preparation.py &&                         dvc add /opt/***/data/cleaned &&                         git add /opt/***/data/cleaned.dvc && \t\t\tgit add logs && \\   \n\t\t\tgit add visualization &&    \t\t\tgit status &&                         git commit -m "Updated cleaned data version" -a &&                         dvc push && git push\n                    ']
[2025-03-02T15:26:17.069+0000] {subprocess.py:86} INFO - Output:
[2025-03-02T15:26:19.357+0000] {subprocess.py:93} INFO - 2025-03-02 15:26:19,357 : INFO : Starting data preparation for csv.
[2025-03-02T15:26:19.373+0000] {subprocess.py:93} INFO - 2025-03-02 15:26:19,373 : INFO : Handling 'Tenure', 'Balance', 'EstimatedSalary' empty data
[2025-03-02T15:26:19.374+0000] {subprocess.py:93} INFO - 2025-03-02 15:26:19,374 : INFO : Handling 'Age' empty data
[2025-03-02T15:26:19.375+0000] {subprocess.py:93} INFO - 2025-03-02 15:26:19,375 : INFO : Droping 'Surname' as it may lead to profiling, 'RowNumber', 'CustomerId' as it is not required
[2025-03-02T15:26:19.377+0000] {subprocess.py:93} INFO - 2025-03-02 15:26:19,377 : INFO : Making 'Geography', 'Gender', 'HasCrCard', 'IsActiveMember' as categorical
[2025-03-02T15:26:19.384+0000] {subprocess.py:93} INFO - 2025-03-02 15:26:19,383 : INFO : Saving data to S3.
[2025-03-02T15:26:19.384+0000] {subprocess.py:93} INFO - 2025-03-02 15:26:19,384 : INFO : Directory created at /opt/***/data/cleaned/02-03-2025/csv
[2025-03-02T15:26:19.545+0000] {subprocess.py:93} INFO - 2025-03-02 15:26:19,545 : INFO : Connected to s3
[2025-03-02T15:26:22.097+0000] {subprocess.py:93} INFO - 2025-03-02 15:26:22,095 : INFO : File uploaded to S3
[2025-03-02T15:26:22.100+0000] {subprocess.py:93} INFO - 2025-03-02 15:26:22,099 : INFO : Creating Pie chart
[2025-03-02T15:26:22.176+0000] {subprocess.py:93} INFO - 2025-03-02 15:26:22,176 : INFO : Generating histogram for column CreditScore.
[2025-03-02T15:26:22.301+0000] {subprocess.py:93} INFO - 2025-03-02 15:26:22,301 : INFO : Generating histogram for column Geography.
[2025-03-02T15:26:22.462+0000] {subprocess.py:93} INFO - 2025-03-02 15:26:22,462 : INFO : Generating histogram for column Gender.
[2025-03-02T15:26:22.542+0000] {subprocess.py:93} INFO - 2025-03-02 15:26:22,542 : INFO : Generating histogram for column Age.
[2025-03-02T15:26:22.660+0000] {subprocess.py:93} INFO - 2025-03-02 15:26:22,660 : INFO : Generating histogram for column Tenure.
[2025-03-02T15:26:22.807+0000] {subprocess.py:93} INFO - 2025-03-02 15:26:22,806 : INFO : Generating histogram for column Balance.
[2025-03-02T15:26:22.937+0000] {subprocess.py:93} INFO - 2025-03-02 15:26:22,937 : INFO : Generating histogram for column NumOfProducts.
[2025-03-02T15:26:23.075+0000] {subprocess.py:93} INFO - 2025-03-02 15:26:23,075 : INFO : Generating histogram for column HasCrCard.
[2025-03-02T15:26:23.224+0000] {subprocess.py:93} INFO - 2025-03-02 15:26:23,224 : INFO : Generating histogram for column IsActiveMember.
[2025-03-02T15:26:23.363+0000] {subprocess.py:93} INFO - 2025-03-02 15:26:23,362 : INFO : Generating histogram for column EstimatedSalary.
[2025-03-02T15:26:23.525+0000] {subprocess.py:93} INFO - 2025-03-02 15:26:23,525 : INFO : Generating histogram for column Exited.
[2025-03-02T15:26:23.683+0000] {subprocess.py:93} INFO - 2025-03-02 15:26:23,682 : INFO : Generating histogram for relation of Exited with Categorical data.
[2025-03-02T15:26:23.980+0000] {subprocess.py:93} INFO - 2025-03-02 15:26:23,980 : INFO : Using categorical units to plot a list of strings that are all parsable as floats or dates. If these strings should be plotted as numbers, cast to the appropriate data type before plotting.
[2025-03-02T15:26:23.998+0000] {subprocess.py:93} INFO - 2025-03-02 15:26:23,997 : INFO : Using categorical units to plot a list of strings that are all parsable as floats or dates. If these strings should be plotted as numbers, cast to the appropriate data type before plotting.
[2025-03-02T15:26:24.067+0000] {subprocess.py:93} INFO - 2025-03-02 15:26:24,067 : INFO : Using categorical units to plot a list of strings that are all parsable as floats or dates. If these strings should be plotted as numbers, cast to the appropriate data type before plotting.
[2025-03-02T15:26:24.087+0000] {subprocess.py:93} INFO - 2025-03-02 15:26:24,086 : INFO : Using categorical units to plot a list of strings that are all parsable as floats or dates. If these strings should be plotted as numbers, cast to the appropriate data type before plotting.
[2025-03-02T15:26:24.153+0000] {subprocess.py:93} INFO - 2025-03-02 15:26:24,152 : INFO : Generating box plots for relation of Exited with non Categorical data.
[2025-03-02T15:26:24.321+0000] {subprocess.py:93} INFO - 2025-03-02 15:26:24,321 : INFO : Using categorical units to plot a list of strings that are all parsable as floats or dates. If these strings should be plotted as numbers, cast to the appropriate data type before plotting.
[2025-03-02T15:26:24.335+0000] {subprocess.py:93} INFO - 2025-03-02 15:26:24,335 : INFO : Using categorical units to plot a list of strings that are all parsable as floats or dates. If these strings should be plotted as numbers, cast to the appropriate data type before plotting.
[2025-03-02T15:26:24.417+0000] {subprocess.py:93} INFO - 2025-03-02 15:26:24,416 : INFO : Using categorical units to plot a list of strings that are all parsable as floats or dates. If these strings should be plotted as numbers, cast to the appropriate data type before plotting.
[2025-03-02T15:26:24.431+0000] {subprocess.py:93} INFO - 2025-03-02 15:26:24,431 : INFO : Using categorical units to plot a list of strings that are all parsable as floats or dates. If these strings should be plotted as numbers, cast to the appropriate data type before plotting.
[2025-03-02T15:26:24.516+0000] {subprocess.py:93} INFO - 2025-03-02 15:26:24,516 : INFO : Using categorical units to plot a list of strings that are all parsable as floats or dates. If these strings should be plotted as numbers, cast to the appropriate data type before plotting.
[2025-03-02T15:26:24.532+0000] {subprocess.py:93} INFO - 2025-03-02 15:26:24,532 : INFO : Using categorical units to plot a list of strings that are all parsable as floats or dates. If these strings should be plotted as numbers, cast to the appropriate data type before plotting.
[2025-03-02T15:26:24.622+0000] {subprocess.py:93} INFO - 2025-03-02 15:26:24,622 : INFO : Using categorical units to plot a list of strings that are all parsable as floats or dates. If these strings should be plotted as numbers, cast to the appropriate data type before plotting.
[2025-03-02T15:26:24.638+0000] {subprocess.py:93} INFO - 2025-03-02 15:26:24,637 : INFO : Using categorical units to plot a list of strings that are all parsable as floats or dates. If these strings should be plotted as numbers, cast to the appropriate data type before plotting.
[2025-03-02T15:26:24.716+0000] {subprocess.py:93} INFO - 2025-03-02 15:26:24,715 : INFO : Using categorical units to plot a list of strings that are all parsable as floats or dates. If these strings should be plotted as numbers, cast to the appropriate data type before plotting.
[2025-03-02T15:26:24.730+0000] {subprocess.py:93} INFO - 2025-03-02 15:26:24,729 : INFO : Using categorical units to plot a list of strings that are all parsable as floats or dates. If these strings should be plotted as numbers, cast to the appropriate data type before plotting.
[2025-03-02T15:26:24.904+0000] {subprocess.py:93} INFO - 2025-03-02 15:26:24,904 : INFO : Using categorical units to plot a list of strings that are all parsable as floats or dates. If these strings should be plotted as numbers, cast to the appropriate data type before plotting.
[2025-03-02T15:26:24.918+0000] {subprocess.py:93} INFO - 2025-03-02 15:26:24,918 : INFO : Using categorical units to plot a list of strings that are all parsable as floats or dates. If these strings should be plotted as numbers, cast to the appropriate data type before plotting.
[2025-03-02T15:26:25.341+0000] {subprocess.py:93} INFO - 2025-03-02 15:26:25,341 : INFO : Saved pdf in visualization/plots.pdf
[2025-03-02T15:26:27.697+0000] {subprocess.py:93} INFO - 
[2025-03-02T15:26:27.698+0000] {subprocess.py:93} INFO - To track the changes with git, run:
[2025-03-02T15:26:27.698+0000] {subprocess.py:93} INFO - 
[2025-03-02T15:26:27.698+0000] {subprocess.py:93} INFO - 	git add data/cleaned.dvc
[2025-03-02T15:26:27.699+0000] {subprocess.py:93} INFO - 
[2025-03-02T15:26:27.699+0000] {subprocess.py:93} INFO - To enable auto staging, run:
[2025-03-02T15:26:27.700+0000] {subprocess.py:93} INFO - 
[2025-03-02T15:26:27.700+0000] {subprocess.py:93} INFO - 	dvc config core.autostage true
[2025-03-02T15:26:27.970+0000] {subprocess.py:93} INFO - /bin/bash: line 2:  : command not found
[2025-03-02T15:26:27.999+0000] {subprocess.py:93} INFO - On branch main
[2025-03-02T15:26:28.000+0000] {subprocess.py:93} INFO - Your branch is up to date with 'origin/main'.
[2025-03-02T15:26:28.000+0000] {subprocess.py:93} INFO - 
[2025-03-02T15:26:28.000+0000] {subprocess.py:93} INFO - Changes to be committed:
[2025-03-02T15:26:28.000+0000] {subprocess.py:93} INFO -   (use "git restore --staged <file>..." to unstage)
[2025-03-02T15:26:28.000+0000] {subprocess.py:93} INFO - 	new file:   logs/dag_id=customer_churn_ml_pipeline/run_id=manual__2025-03-02T15:24:58.464638+00:00/task_id=data_preparation_task/attempt=1.log
[2025-03-02T15:26:28.001+0000] {subprocess.py:93} INFO - 	modified:   logs/dag_id=customer_churn_ml_pipeline/run_id=manual__2025-03-02T15:24:58.464638+00:00/task_id=data_validation_task/attempt=1.log
[2025-03-02T15:26:28.001+0000] {subprocess.py:93} INFO - 	modified:   logs/data_preparation.log
[2025-03-02T15:26:28.001+0000] {subprocess.py:93} INFO - 	modified:   visualization/plots.pdf
[2025-03-02T15:26:28.001+0000] {subprocess.py:93} INFO - 
[2025-03-02T15:26:28.002+0000] {subprocess.py:93} INFO - Changes not staged for commit:
[2025-03-02T15:26:28.002+0000] {subprocess.py:93} INFO -   (use "git add <file>..." to update what will be committed)
[2025-03-02T15:26:28.002+0000] {subprocess.py:93} INFO -   (use "git restore <file>..." to discard changes in working directory)
[2025-03-02T15:26:28.003+0000] {subprocess.py:93} INFO - 	modified:   logs/dag_id=customer_churn_ml_pipeline/run_id=manual__2025-03-02T15:24:58.464638+00:00/task_id=data_preparation_task/attempt=1.log
[2025-03-02T15:26:28.003+0000] {subprocess.py:93} INFO - 
[2025-03-02T15:26:28.003+0000] {subprocess.py:93} INFO - Untracked files:
[2025-03-02T15:26:28.003+0000] {subprocess.py:93} INFO -   (use "git add <file>..." to include in what will be committed)
[2025-03-02T15:26:28.004+0000] {subprocess.py:93} INFO - 	customer_churn_stats/feature_repo/data/online_store.db
[2025-03-02T15:26:28.004+0000] {subprocess.py:93} INFO - 	customer_churn_stats/feature_repo/data/registry.db
[2025-03-02T15:26:28.004+0000] {subprocess.py:93} INFO - 	online.db
[2025-03-02T15:26:28.004+0000] {subprocess.py:93} INFO - 
[2025-03-02T15:26:28.029+0000] {subprocess.py:93} INFO - [main cacbdee] Updated cleaned data version
[2025-03-02T15:26:28.030+0000] {subprocess.py:93} INFO -  4 files changed, 133 insertions(+)
[2025-03-02T15:26:28.030+0000] {subprocess.py:93} INFO -  create mode 100644 logs/dag_id=customer_churn_ml_pipeline/run_id=manual__2025-03-02T15:24:58.464638+00:00/task_id=data_preparation_task/attempt=1.log
[2025-03-02T15:26:33.807+0000] {subprocess.py:93} INFO - Everything is up to date.
[2025-03-02T15:26:35.445+0000] {subprocess.py:93} INFO - To https://github.com/anniemathew-trial/customer_churn_pipeline.git
[2025-03-02T15:26:35.446+0000] {subprocess.py:93} INFO -    8ab7b40..cacbdee  main -> main
[2025-03-02T15:26:35.458+0000] {subprocess.py:97} INFO - Command exited with return code 0
[2025-03-02T15:26:35.529+0000] {taskinstance.py:1400} INFO - Marking task as SUCCESS. dag_id=customer_churn_ml_pipeline, task_id=data_preparation_task, execution_date=20250302T152458, start_date=20250302T152616, end_date=20250302T152635
[2025-03-02T15:26:35.556+0000] {local_task_job_runner.py:228} INFO - Task exited with return code 0
[2025-03-02T15:26:35.618+0000] {taskinstance.py:2778} INFO - 1 downstream tasks scheduled from follow-on schedule check
