[2025-03-01T09:56:58.934+0000] {taskinstance.py:1159} INFO - Dependencies all met for dep_context=non-requeueable deps ti=<TaskInstance: customer_churn_ml_pipeline.data_preparation_task manual__2025-03-01T09:56:13.522073+00:00 [queued]>
[2025-03-01T09:56:58.946+0000] {taskinstance.py:1159} INFO - Dependencies all met for dep_context=requeueable deps ti=<TaskInstance: customer_churn_ml_pipeline.data_preparation_task manual__2025-03-01T09:56:13.522073+00:00 [queued]>
[2025-03-01T09:56:58.946+0000] {taskinstance.py:1361} INFO - Starting attempt 1 of 1
[2025-03-01T09:56:58.965+0000] {taskinstance.py:1382} INFO - Executing <Task(BashOperator): data_preparation_task> on 2025-03-01 09:56:13.522073+00:00
[2025-03-01T09:56:58.971+0000] {standard_task_runner.py:57} INFO - Started process 7652 to run task
[2025-03-01T09:56:58.974+0000] {standard_task_runner.py:84} INFO - Running: ['***', 'tasks', 'run', 'customer_churn_ml_pipeline', 'data_preparation_task', 'manual__2025-03-01T09:56:13.522073+00:00', '--job-id', '49', '--raw', '--subdir', 'DAGS_FOLDER/customer_churn.py', '--cfg-path', '/tmp/tmp2iska_b5']
[2025-03-01T09:56:58.977+0000] {standard_task_runner.py:85} INFO - Job 49: Subtask data_preparation_task
[2025-03-01T09:56:58.997+0000] {logging_mixin.py:154} WARNING - /home/***/.local/lib/python3.8/site-packages/***/settings.py:195 DeprecationWarning: The sql_alchemy_conn option in [core] has been moved to the sql_alchemy_conn option in [database] - the old setting has been used, but please update your config.
[2025-03-01T09:56:59.043+0000] {task_command.py:416} INFO - Running <TaskInstance: customer_churn_ml_pipeline.data_preparation_task manual__2025-03-01T09:56:13.522073+00:00 [running]> on host 7e994a0ed489
[2025-03-01T09:56:59.154+0000] {taskinstance.py:1662} INFO - Exporting env vars: AIRFLOW_CTX_DAG_OWNER='***' AIRFLOW_CTX_DAG_ID='customer_churn_ml_pipeline' AIRFLOW_CTX_TASK_ID='data_preparation_task' AIRFLOW_CTX_EXECUTION_DATE='2025-03-01T09:56:13.522073+00:00' AIRFLOW_CTX_TRY_NUMBER='1' AIRFLOW_CTX_DAG_RUN_ID='manual__2025-03-01T09:56:13.522073+00:00'
[2025-03-01T09:56:59.155+0000] {subprocess.py:63} INFO - Tmp dir root location: /tmp
[2025-03-01T09:56:59.156+0000] {subprocess.py:75} INFO - Running command: ['/bin/bash', '-c', '\n\t\t\tcd /opt/***\n\t\t\tpython /opt/***/executables/data_preparation.py &&                         dvc add /opt/***/data/cleaned &&                         git add /opt/***/data/cleaned.dvc &&                         git commit -m "Updated cleaned data version" -a &&                         dvc push && git push\n                    ']
[2025-03-01T09:56:59.166+0000] {subprocess.py:86} INFO - Output:
[2025-03-01T09:57:15.054+0000] {subprocess.py:93} INFO - 
[2025-03-01T09:57:15.055+0000] {subprocess.py:93} INFO - To track the changes with git, run:
[2025-03-01T09:57:15.056+0000] {subprocess.py:93} INFO - 
[2025-03-01T09:57:15.056+0000] {subprocess.py:93} INFO - 	git add data/cleaned.dvc
[2025-03-01T09:57:15.056+0000] {subprocess.py:93} INFO - 
[2025-03-01T09:57:15.057+0000] {subprocess.py:93} INFO - To enable auto staging, run:
[2025-03-01T09:57:15.057+0000] {subprocess.py:93} INFO - 
[2025-03-01T09:57:15.057+0000] {subprocess.py:93} INFO - 	dvc config core.autostage true
[2025-03-01T09:57:15.420+0000] {subprocess.py:93} INFO - [main cd62451] Updated cleaned data version
[2025-03-01T09:57:15.421+0000] {subprocess.py:93} INFO -  3 files changed, 46 insertions(+)
[2025-03-01T09:57:21.534+0000] {subprocess.py:93} INFO - Everything is up to date.
[2025-03-01T09:57:23.698+0000] {subprocess.py:93} INFO - To https://github.com/anniemathew-trial/customer_churn_pipeline.git
[2025-03-01T09:57:23.699+0000] {subprocess.py:93} INFO -    1e11645..cd62451  main -> main
[2025-03-01T09:57:23.706+0000] {subprocess.py:97} INFO - Command exited with return code 0
[2025-03-01T09:57:23.766+0000] {taskinstance.py:1400} INFO - Marking task as SUCCESS. dag_id=customer_churn_ml_pipeline, task_id=data_preparation_task, execution_date=20250301T095613, start_date=20250301T095658, end_date=20250301T095723
[2025-03-01T09:57:23.827+0000] {local_task_job_runner.py:228} INFO - Task exited with return code 0
[2025-03-01T09:57:23.878+0000] {taskinstance.py:2778} INFO - 1 downstream tasks scheduled from follow-on schedule check
