[2025-03-01T11:27:03.136+0000] {taskinstance.py:1159} INFO - Dependencies all met for dep_context=non-requeueable deps ti=<TaskInstance: customer_churn_ml_pipeline.data_preparation_task manual__2025-03-01T11:26:24.198717+00:00 [queued]>
[2025-03-01T11:27:03.150+0000] {taskinstance.py:1159} INFO - Dependencies all met for dep_context=requeueable deps ti=<TaskInstance: customer_churn_ml_pipeline.data_preparation_task manual__2025-03-01T11:26:24.198717+00:00 [queued]>
[2025-03-01T11:27:03.150+0000] {taskinstance.py:1361} INFO - Starting attempt 1 of 1
[2025-03-01T11:27:03.169+0000] {taskinstance.py:1382} INFO - Executing <Task(BashOperator): data_preparation_task> on 2025-03-01 11:26:24.198717+00:00
[2025-03-01T11:27:03.177+0000] {standard_task_runner.py:57} INFO - Started process 14274 to run task
[2025-03-01T11:27:03.181+0000] {standard_task_runner.py:84} INFO - Running: ['***', 'tasks', 'run', 'customer_churn_ml_pipeline', 'data_preparation_task', 'manual__2025-03-01T11:26:24.198717+00:00', '--job-id', '132', '--raw', '--subdir', 'DAGS_FOLDER/customer_churn.py', '--cfg-path', '/tmp/tmpmu5_y_nd']
[2025-03-01T11:27:03.184+0000] {standard_task_runner.py:85} INFO - Job 132: Subtask data_preparation_task
[2025-03-01T11:27:03.211+0000] {logging_mixin.py:154} WARNING - /home/***/.local/lib/python3.8/site-packages/***/settings.py:195 DeprecationWarning: The sql_alchemy_conn option in [core] has been moved to the sql_alchemy_conn option in [database] - the old setting has been used, but please update your config.
[2025-03-01T11:27:03.264+0000] {task_command.py:416} INFO - Running <TaskInstance: customer_churn_ml_pipeline.data_preparation_task manual__2025-03-01T11:26:24.198717+00:00 [running]> on host 7e994a0ed489
[2025-03-01T11:27:03.404+0000] {taskinstance.py:1662} INFO - Exporting env vars: AIRFLOW_CTX_DAG_OWNER='***' AIRFLOW_CTX_DAG_ID='customer_churn_ml_pipeline' AIRFLOW_CTX_TASK_ID='data_preparation_task' AIRFLOW_CTX_EXECUTION_DATE='2025-03-01T11:26:24.198717+00:00' AIRFLOW_CTX_TRY_NUMBER='1' AIRFLOW_CTX_DAG_RUN_ID='manual__2025-03-01T11:26:24.198717+00:00'
[2025-03-01T11:27:03.406+0000] {subprocess.py:63} INFO - Tmp dir root location: /tmp
[2025-03-01T11:27:03.407+0000] {subprocess.py:75} INFO - Running command: ['/bin/bash', '-c', '\n\t\t\tcd /opt/***\n\t\t\tpython /opt/***/executables/data_preparation.py &&                         dvc add /opt/***/data/cleaned &&                         git add /opt/***/data/cleaned.dvc && \t\t\tgit add logs &&\\   \n\t\t\tgit add visualization &&                        git commit -m "Updated cleaned data version" -a &&                         dvc push && git push\n                    ']
[2025-03-01T11:27:03.419+0000] {subprocess.py:86} INFO - Output:
[2025-03-01T11:27:06.327+0000] {subprocess.py:93} INFO - 2025-03-01 11:27:06,326 : INFO : Starting data preparation for csv.
[2025-03-01T11:27:06.349+0000] {subprocess.py:93} INFO - 2025-03-01 11:27:06,348 : INFO : Handling 'Tenure', 'Balance', 'EstimatedSalary' empty data
[2025-03-01T11:27:06.349+0000] {subprocess.py:93} INFO - 2025-03-01 11:27:06,349 : INFO : Handling 'Age' empty data
[2025-03-01T11:27:06.350+0000] {subprocess.py:93} INFO - 2025-03-01 11:27:06,350 : INFO : Droping 'Surname' as it may lead to profiling, 'RowNumber', 'CustomerId' as it is not required
[2025-03-01T11:27:06.352+0000] {subprocess.py:93} INFO - 2025-03-01 11:27:06,352 : INFO : Making 'Geography', 'Gender', 'HasCrCard', 'IsActiveMember' as categorical
[2025-03-01T11:27:06.360+0000] {subprocess.py:93} INFO - 2025-03-01 11:27:06,359 : INFO : Saving data to S3.
[2025-03-01T11:27:06.415+0000] {subprocess.py:93} INFO - 2025-03-01 11:27:06,415 : INFO : Saving report to S3.
[2025-03-01T11:27:06.416+0000] {subprocess.py:93} INFO - 2025-03-01 11:27:06,416 : INFO : Creating Pie chart
[2025-03-01T11:27:06.486+0000] {subprocess.py:93} INFO - 2025-03-01 11:27:06,485 : INFO : Generating histogram for column CreditScore.
[2025-03-01T11:27:06.671+0000] {subprocess.py:93} INFO - 2025-03-01 11:27:06,671 : INFO : Generating histogram for column Geography.
[2025-03-01T11:27:06.844+0000] {subprocess.py:93} INFO - 2025-03-01 11:27:06,844 : INFO : Generating histogram for column Gender.
[2025-03-01T11:27:06.995+0000] {subprocess.py:93} INFO - 2025-03-01 11:27:06,995 : INFO : Generating histogram for column Age.
[2025-03-01T11:27:07.185+0000] {subprocess.py:93} INFO - 2025-03-01 11:27:07,185 : INFO : Generating histogram for column Tenure.
[2025-03-01T11:27:07.373+0000] {subprocess.py:93} INFO - 2025-03-01 11:27:07,373 : INFO : Generating histogram for column Balance.
[2025-03-01T11:27:07.620+0000] {subprocess.py:93} INFO - 2025-03-01 11:27:07,620 : INFO : Generating histogram for column NumOfProducts.
[2025-03-01T11:27:07.822+0000] {subprocess.py:93} INFO - 2025-03-01 11:27:07,822 : INFO : Generating histogram for column HasCrCard.
[2025-03-01T11:27:08.115+0000] {subprocess.py:93} INFO - 2025-03-01 11:27:08,115 : INFO : Generating histogram for column IsActiveMember.
[2025-03-01T11:27:08.321+0000] {subprocess.py:93} INFO - 2025-03-01 11:27:08,320 : INFO : Generating histogram for column EstimatedSalary.
[2025-03-01T11:27:08.535+0000] {subprocess.py:93} INFO - 2025-03-01 11:27:08,534 : INFO : Generating histogram for column Exited.
[2025-03-01T11:27:08.739+0000] {subprocess.py:93} INFO - 2025-03-01 11:27:08,739 : INFO : Generating histogram for relation of Exited with Categorical data.
[2025-03-01T11:27:09.116+0000] {subprocess.py:93} INFO - 2025-03-01 11:27:09,116 : INFO : Using categorical units to plot a list of strings that are all parsable as floats or dates. If these strings should be plotted as numbers, cast to the appropriate data type before plotting.
[2025-03-01T11:27:09.136+0000] {subprocess.py:93} INFO - 2025-03-01 11:27:09,135 : INFO : Using categorical units to plot a list of strings that are all parsable as floats or dates. If these strings should be plotted as numbers, cast to the appropriate data type before plotting.
[2025-03-01T11:27:09.197+0000] {subprocess.py:93} INFO - 2025-03-01 11:27:09,197 : INFO : Using categorical units to plot a list of strings that are all parsable as floats or dates. If these strings should be plotted as numbers, cast to the appropriate data type before plotting.
[2025-03-01T11:27:09.213+0000] {subprocess.py:93} INFO - 2025-03-01 11:27:09,212 : INFO : Using categorical units to plot a list of strings that are all parsable as floats or dates. If these strings should be plotted as numbers, cast to the appropriate data type before plotting.
[2025-03-01T11:27:09.255+0000] {subprocess.py:93} INFO - 2025-03-01 11:27:09,255 : INFO : Generating box plots for relation of Exited with non Categorical data.
[2025-03-01T11:27:09.406+0000] {subprocess.py:93} INFO - 2025-03-01 11:27:09,405 : INFO : Using categorical units to plot a list of strings that are all parsable as floats or dates. If these strings should be plotted as numbers, cast to the appropriate data type before plotting.
[2025-03-01T11:27:09.422+0000] {subprocess.py:93} INFO - 2025-03-01 11:27:09,422 : INFO : Using categorical units to plot a list of strings that are all parsable as floats or dates. If these strings should be plotted as numbers, cast to the appropriate data type before plotting.
[2025-03-01T11:27:09.502+0000] {subprocess.py:93} INFO - 2025-03-01 11:27:09,502 : INFO : Using categorical units to plot a list of strings that are all parsable as floats or dates. If these strings should be plotted as numbers, cast to the appropriate data type before plotting.
[2025-03-01T11:27:09.519+0000] {subprocess.py:93} INFO - 2025-03-01 11:27:09,518 : INFO : Using categorical units to plot a list of strings that are all parsable as floats or dates. If these strings should be plotted as numbers, cast to the appropriate data type before plotting.
[2025-03-01T11:27:09.612+0000] {subprocess.py:93} INFO - 2025-03-01 11:27:09,611 : INFO : Using categorical units to plot a list of strings that are all parsable as floats or dates. If these strings should be plotted as numbers, cast to the appropriate data type before plotting.
[2025-03-01T11:27:09.631+0000] {subprocess.py:93} INFO - 2025-03-01 11:27:09,630 : INFO : Using categorical units to plot a list of strings that are all parsable as floats or dates. If these strings should be plotted as numbers, cast to the appropriate data type before plotting.
[2025-03-01T11:27:09.719+0000] {subprocess.py:93} INFO - 2025-03-01 11:27:09,719 : INFO : Using categorical units to plot a list of strings that are all parsable as floats or dates. If these strings should be plotted as numbers, cast to the appropriate data type before plotting.
[2025-03-01T11:27:09.737+0000] {subprocess.py:93} INFO - 2025-03-01 11:27:09,737 : INFO : Using categorical units to plot a list of strings that are all parsable as floats or dates. If these strings should be plotted as numbers, cast to the appropriate data type before plotting.
[2025-03-01T11:27:09.815+0000] {subprocess.py:93} INFO - 2025-03-01 11:27:09,815 : INFO : Using categorical units to plot a list of strings that are all parsable as floats or dates. If these strings should be plotted as numbers, cast to the appropriate data type before plotting.
[2025-03-01T11:27:09.833+0000] {subprocess.py:93} INFO - 2025-03-01 11:27:09,833 : INFO : Using categorical units to plot a list of strings that are all parsable as floats or dates. If these strings should be plotted as numbers, cast to the appropriate data type before plotting.
[2025-03-01T11:27:09.913+0000] {subprocess.py:93} INFO - 2025-03-01 11:27:09,912 : INFO : Using categorical units to plot a list of strings that are all parsable as floats or dates. If these strings should be plotted as numbers, cast to the appropriate data type before plotting.
[2025-03-01T11:27:09.930+0000] {subprocess.py:93} INFO - 2025-03-01 11:27:09,929 : INFO : Using categorical units to plot a list of strings that are all parsable as floats or dates. If these strings should be plotted as numbers, cast to the appropriate data type before plotting.
[2025-03-01T11:27:10.347+0000] {subprocess.py:93} INFO - 2025-03-01 11:27:10,347 : INFO : Saved pdf in visualization/plots.pdf
[2025-03-01T11:27:12.348+0000] {subprocess.py:93} INFO - 
[2025-03-01T11:27:12.349+0000] {subprocess.py:93} INFO - To track the changes with git, run:
[2025-03-01T11:27:12.349+0000] {subprocess.py:93} INFO - 
[2025-03-01T11:27:12.349+0000] {subprocess.py:93} INFO - 	git add data/cleaned.dvc
[2025-03-01T11:27:12.349+0000] {subprocess.py:93} INFO - 
[2025-03-01T11:27:12.350+0000] {subprocess.py:93} INFO - To enable auto staging, run:
[2025-03-01T11:27:12.350+0000] {subprocess.py:93} INFO - 
[2025-03-01T11:27:12.350+0000] {subprocess.py:93} INFO - 	dvc config core.autostage true
[2025-03-01T11:27:12.758+0000] {subprocess.py:93} INFO - /bin/bash: line 3:  : command not found
