[2025-03-02T06:46:06.430+0000] {taskinstance.py:1159} INFO - Dependencies all met for dep_context=non-requeueable deps ti=<TaskInstance: customer_churn_ml_pipeline.data_ingestion_task manual__2025-03-02T06:45:59.992308+00:00 [queued]>
[2025-03-02T06:46:06.446+0000] {taskinstance.py:1159} INFO - Dependencies all met for dep_context=requeueable deps ti=<TaskInstance: customer_churn_ml_pipeline.data_ingestion_task manual__2025-03-02T06:45:59.992308+00:00 [queued]>
[2025-03-02T06:46:06.447+0000] {taskinstance.py:1361} INFO - Starting attempt 1 of 1
[2025-03-02T06:46:06.471+0000] {taskinstance.py:1382} INFO - Executing <Task(BashOperator): data_ingestion_task> on 2025-03-02 06:45:59.992308+00:00
[2025-03-02T06:46:06.476+0000] {standard_task_runner.py:57} INFO - Started process 5112 to run task
[2025-03-02T06:46:06.481+0000] {standard_task_runner.py:84} INFO - Running: ['***', 'tasks', 'run', 'customer_churn_ml_pipeline', 'data_ingestion_task', 'manual__2025-03-02T06:45:59.992308+00:00', '--job-id', '270', '--raw', '--subdir', 'DAGS_FOLDER/customer_churn.py', '--cfg-path', '/tmp/tmp67maazi4']
[2025-03-02T06:46:06.484+0000] {standard_task_runner.py:85} INFO - Job 270: Subtask data_ingestion_task
[2025-03-02T06:46:06.515+0000] {logging_mixin.py:154} WARNING - /home/***/.local/lib/python3.8/site-packages/***/settings.py:195 DeprecationWarning: The sql_alchemy_conn option in [core] has been moved to the sql_alchemy_conn option in [database] - the old setting has been used, but please update your config.
[2025-03-02T06:46:06.588+0000] {task_command.py:416} INFO - Running <TaskInstance: customer_churn_ml_pipeline.data_ingestion_task manual__2025-03-02T06:45:59.992308+00:00 [running]> on host 7e994a0ed489
[2025-03-02T06:46:06.786+0000] {taskinstance.py:1662} INFO - Exporting env vars: AIRFLOW_CTX_DAG_OWNER='***' AIRFLOW_CTX_DAG_ID='customer_churn_ml_pipeline' AIRFLOW_CTX_TASK_ID='data_ingestion_task' AIRFLOW_CTX_EXECUTION_DATE='2025-03-02T06:45:59.992308+00:00' AIRFLOW_CTX_TRY_NUMBER='1' AIRFLOW_CTX_DAG_RUN_ID='manual__2025-03-02T06:45:59.992308+00:00'
[2025-03-02T06:46:06.788+0000] {subprocess.py:63} INFO - Tmp dir root location: /tmp
[2025-03-02T06:46:06.789+0000] {subprocess.py:75} INFO - Running command: ['/bin/bash', '-c', 'python /opt/***/executables/data_ingestion.py && \t\t\tNOW=$(date \'+%d-%m-%Y\') &&\t\t\tcd /opt/*** && \t\t\tgit add logs &&                        git commit -m "Updated data ingestion" -a &&                         git push\n                    ']
[2025-03-02T06:46:06.803+0000] {subprocess.py:86} INFO - Output:
[2025-03-02T06:46:08.622+0000] {subprocess.py:93} INFO - 2025-03-02 06:46:08,622 : INFO : Reading data from CSV file customer_data.csv
[2025-03-02T06:46:08.779+0000] {subprocess.py:93} INFO - 2025-03-02 06:46:08,779 : INFO : Data from CSV customer_data.csv ingested successfully!
[2025-03-02T06:46:08.780+0000] {subprocess.py:93} INFO - 2025-03-02 06:46:08,779 : INFO : Connecting to Database
[2025-03-02T06:46:08.807+0000] {subprocess.py:93} INFO - 2025-03-02 06:46:08,807 : INFO : Connecting to Database Successfull
[2025-03-02T06:46:08.808+0000] {subprocess.py:93} INFO - 2025-03-02 06:46:08,807 : INFO : Reading data from database.
[2025-03-02T06:46:09.376+0000] {subprocess.py:93} INFO - /opt/***/executables/data_ingestion.py:50: UserWarning: pandas only supports SQLAlchemy connectable (engine/connection) or database string URI or sqlite3 DBAPI2 connection. Other DBAPI2 objects are not tested. Please consider using SQLAlchemy.
[2025-03-02T06:46:09.376+0000] {subprocess.py:93} INFO -   data = pd.read_sql(query, connection)
[2025-03-02T06:46:09.377+0000] {subprocess.py:93} INFO - 2025-03-02 06:46:09,375 : INFO : Data from Database ingested successfully!
[2025-03-02T06:46:09.377+0000] {subprocess.py:93} INFO - DRIVER={ODBC Driver 17 for SQL Server};SERVER=dmml_customer_churn_setup-sqlserver-1,1433;DATABASE=dmml_assignment;UID=sa;PWD=NewPASS1234
