[2025-03-03T16:40:39.868+0000] {taskinstance.py:1159} INFO - Dependencies all met for dep_context=non-requeueable deps ti=<TaskInstance: customer_churn_ml_pipeline.data_preparation_task manual__2025-03-03T16:39:59.268411+00:00 [queued]>
[2025-03-03T16:40:39.879+0000] {taskinstance.py:1159} INFO - Dependencies all met for dep_context=requeueable deps ti=<TaskInstance: customer_churn_ml_pipeline.data_preparation_task manual__2025-03-03T16:39:59.268411+00:00 [queued]>
[2025-03-03T16:40:39.879+0000] {taskinstance.py:1361} INFO - Starting attempt 1 of 1
[2025-03-03T16:40:39.894+0000] {taskinstance.py:1382} INFO - Executing <Task(BashOperator): data_preparation_task> on 2025-03-03 16:39:59.268411+00:00
[2025-03-03T16:40:39.899+0000] {standard_task_runner.py:57} INFO - Started process 4545 to run task
[2025-03-03T16:40:39.902+0000] {standard_task_runner.py:84} INFO - Running: ['***', 'tasks', 'run', 'customer_churn_ml_pipeline', 'data_preparation_task', 'manual__2025-03-03T16:39:59.268411+00:00', '--job-id', '103', '--raw', '--subdir', 'DAGS_FOLDER/customer_churn.py', '--cfg-path', '/tmp/tmp37i6dl8x']
[2025-03-03T16:40:39.905+0000] {standard_task_runner.py:85} INFO - Job 103: Subtask data_preparation_task
[2025-03-03T16:40:39.926+0000] {logging_mixin.py:154} WARNING - /home/***/.local/lib/python3.8/site-packages/***/settings.py:195 DeprecationWarning: The sql_alchemy_conn option in [core] has been moved to the sql_alchemy_conn option in [database] - the old setting has been used, but please update your config.
[2025-03-03T16:40:39.970+0000] {task_command.py:416} INFO - Running <TaskInstance: customer_churn_ml_pipeline.data_preparation_task manual__2025-03-03T16:39:59.268411+00:00 [running]> on host 157237bff8f7
[2025-03-03T16:40:40.083+0000] {taskinstance.py:1662} INFO - Exporting env vars: AIRFLOW_CTX_DAG_OWNER='***' AIRFLOW_CTX_DAG_ID='customer_churn_ml_pipeline' AIRFLOW_CTX_TASK_ID='data_preparation_task' AIRFLOW_CTX_EXECUTION_DATE='2025-03-03T16:39:59.268411+00:00' AIRFLOW_CTX_TRY_NUMBER='1' AIRFLOW_CTX_DAG_RUN_ID='manual__2025-03-03T16:39:59.268411+00:00'
[2025-03-03T16:40:40.084+0000] {subprocess.py:63} INFO - Tmp dir root location: /tmp
[2025-03-03T16:40:40.085+0000] {subprocess.py:75} INFO - Running command: ['/bin/bash', '-c', '\n\t\t\tcd /opt/*** &&\t\t\tpython /opt/***/executables/data_preparation.py &&                         dvc add /opt/***/data/cleaned &&                         git add /opt/***/data/cleaned.dvc && \t\t\tgit add logs && \\   \n\t\t\tgit add visualization &&    \t\t\tgit status &&                         git commit -m "Updated cleaned data version" -a &&                         dvc push && git push\n                    ']
[2025-03-03T16:40:40.095+0000] {subprocess.py:86} INFO - Output:
[2025-03-03T16:40:42.832+0000] {subprocess.py:93} INFO - 2025-03-03 16:40:42,832 : INFO : Starting data preparation for customer_data.csv.
[2025-03-03T16:40:42.852+0000] {subprocess.py:93} INFO - 2025-03-03 16:40:42,851 : INFO : Dropping 'Tenure' less than 0 and greater than 110 * 12
[2025-03-03T16:40:42.852+0000] {subprocess.py:93} INFO - 2025-03-03 16:40:42,852 : ERROR : Error in preparing data'tenure'
[2025-03-03T16:40:42.866+0000] {subprocess.py:93} INFO - Traceback (most recent call last):
[2025-03-03T16:40:42.866+0000] {subprocess.py:93} INFO -   File "/home/***/.local/lib/python3.8/site-packages/pandas/core/indexes/base.py", line 3802, in get_loc
[2025-03-03T16:40:42.866+0000] {subprocess.py:93} INFO -     return self._engine.get_loc(casted_key)
[2025-03-03T16:40:42.867+0000] {subprocess.py:93} INFO -   File "pandas/_libs/index.pyx", line 138, in pandas._libs.index.IndexEngine.get_loc
[2025-03-03T16:40:42.867+0000] {subprocess.py:93} INFO -   File "pandas/_libs/index.pyx", line 165, in pandas._libs.index.IndexEngine.get_loc
[2025-03-03T16:40:42.867+0000] {subprocess.py:93} INFO -   File "pandas/_libs/hashtable_class_helper.pxi", line 5745, in pandas._libs.hashtable.PyObjectHashTable.get_item
[2025-03-03T16:40:42.867+0000] {subprocess.py:93} INFO -   File "pandas/_libs/hashtable_class_helper.pxi", line 5753, in pandas._libs.hashtable.PyObjectHashTable.get_item
[2025-03-03T16:40:42.868+0000] {subprocess.py:93} INFO - KeyError: 'tenure'
[2025-03-03T16:40:42.868+0000] {subprocess.py:93} INFO - 
[2025-03-03T16:40:42.868+0000] {subprocess.py:93} INFO - The above exception was the direct cause of the following exception:
[2025-03-03T16:40:42.868+0000] {subprocess.py:93} INFO - 
[2025-03-03T16:40:42.868+0000] {subprocess.py:93} INFO - Traceback (most recent call last):
[2025-03-03T16:40:42.868+0000] {subprocess.py:93} INFO -   File "/opt/***/executables/data_preparation.py", line 148, in <module>
[2025-03-03T16:40:42.869+0000] {subprocess.py:93} INFO -     prepare_data("customer_data.csv", "csv", "fintech1", "customer_data.csv")
[2025-03-03T16:40:42.869+0000] {subprocess.py:93} INFO -   File "/opt/***/executables/data_preparation.py", line 92, in prepare_data
[2025-03-03T16:40:42.869+0000] {subprocess.py:93} INFO -     raise e
[2025-03-03T16:40:42.869+0000] {subprocess.py:93} INFO -   File "/opt/***/executables/data_preparation.py", line 48, in prepare_data
[2025-03-03T16:40:42.869+0000] {subprocess.py:93} INFO -     df.loc[(df['tenure'] >= 0) & (df['tenure'] < 110 * 12)].reset_index(drop=True)
[2025-03-03T16:40:42.869+0000] {subprocess.py:93} INFO -   File "/home/***/.local/lib/python3.8/site-packages/pandas/core/frame.py", line 3807, in __getitem__
[2025-03-03T16:40:42.870+0000] {subprocess.py:93} INFO -     indexer = self.columns.get_loc(key)
[2025-03-03T16:40:42.870+0000] {subprocess.py:93} INFO -   File "/home/***/.local/lib/python3.8/site-packages/pandas/core/indexes/base.py", line 3804, in get_loc
[2025-03-03T16:40:42.870+0000] {subprocess.py:93} INFO -     raise KeyError(key) from err
[2025-03-03T16:40:42.870+0000] {subprocess.py:93} INFO - KeyError: 'tenure'
[2025-03-03T16:40:43.188+0000] {subprocess.py:93} INFO - On branch main
[2025-03-03T16:40:43.189+0000] {subprocess.py:93} INFO - Your branch is up to date with 'origin/main'.
[2025-03-03T16:40:43.189+0000] {subprocess.py:93} INFO - 
[2025-03-03T16:40:43.189+0000] {subprocess.py:93} INFO - Changes not staged for commit:
[2025-03-03T16:40:43.189+0000] {subprocess.py:93} INFO -   (use "git add <file>..." to update what will be committed)
[2025-03-03T16:40:43.189+0000] {subprocess.py:93} INFO -   (use "git restore <file>..." to discard changes in working directory)
[2025-03-03T16:40:43.190+0000] {subprocess.py:93} INFO - 	modified:   logs/data_preparation.log
[2025-03-03T16:40:43.190+0000] {subprocess.py:93} INFO - 
[2025-03-03T16:40:43.190+0000] {subprocess.py:93} INFO - Untracked files:
[2025-03-03T16:40:43.190+0000] {subprocess.py:93} INFO -   (use "git add <file>..." to include in what will be committed)
[2025-03-03T16:40:43.190+0000] {subprocess.py:93} INFO - 	customer_churn_stats/feature_repo/data/online_store.db
[2025-03-03T16:40:43.190+0000] {subprocess.py:93} INFO - 	customer_churn_stats/feature_repo/data/registry.db
[2025-03-03T16:40:43.191+0000] {subprocess.py:93} INFO - 	logs/dag_id=customer_churn_ml_pipeline/run_id=manual__2025-03-03T16:39:59.268411+00:00/task_id=data_preparation_task/
[2025-03-03T16:40:43.191+0000] {subprocess.py:93} INFO - 	logs/dag_id=customer_churn_ml_pipeline/run_id=manual__2025-03-03T16:39:59.268411+00:00/task_id=data_validation_task/
[2025-03-03T16:40:43.191+0000] {subprocess.py:93} INFO - 	models/
[2025-03-03T16:40:43.191+0000] {subprocess.py:93} INFO - 	online.db
[2025-03-03T16:40:43.192+0000] {subprocess.py:93} INFO - 
[2025-03-03T16:40:43.192+0000] {subprocess.py:93} INFO - no changes added to commit (use "git add" and/or "git commit -a")
[2025-03-03T16:40:43.216+0000] {subprocess.py:93} INFO - [main 58965e9] Updated cleaned data version
[2025-03-03T16:40:43.216+0000] {subprocess.py:93} INFO -  1 file changed, 3 insertions(+)
[2025-03-03T16:40:48.270+0000] {subprocess.py:93} INFO - Everything is up to date.
[2025-03-03T16:40:49.962+0000] {subprocess.py:93} INFO - To https://github.com/anniemathew-trial/customer_churn_pipeline.git
[2025-03-03T16:40:49.963+0000] {subprocess.py:93} INFO -    b8efe21..58965e9  main -> main
[2025-03-03T16:40:49.980+0000] {subprocess.py:97} INFO - Command exited with return code 0
[2025-03-03T16:40:50.026+0000] {taskinstance.py:1400} INFO - Marking task as SUCCESS. dag_id=customer_churn_ml_pipeline, task_id=data_preparation_task, execution_date=20250303T163959, start_date=20250303T164039, end_date=20250303T164050
[2025-03-03T16:40:50.069+0000] {local_task_job_runner.py:228} INFO - Task exited with return code 0
[2025-03-03T16:40:50.110+0000] {taskinstance.py:2778} INFO - 1 downstream tasks scheduled from follow-on schedule check
