[2025-02-28T09:46:32.284+0000] {taskinstance.py:1159} INFO - Dependencies all met for dep_context=non-requeueable deps ti=<TaskInstance: customer_churn_ml_pipeline.data_transformation_task manual__2025-02-28T09:45:36.604822+00:00 [queued]>
[2025-02-28T09:46:32.300+0000] {taskinstance.py:1159} INFO - Dependencies all met for dep_context=requeueable deps ti=<TaskInstance: customer_churn_ml_pipeline.data_transformation_task manual__2025-02-28T09:45:36.604822+00:00 [queued]>
[2025-02-28T09:46:32.300+0000] {taskinstance.py:1361} INFO - Starting attempt 1 of 1
[2025-02-28T09:46:32.324+0000] {taskinstance.py:1382} INFO - Executing <Task(BashOperator): data_transformation_task> on 2025-02-28 09:45:36.604822+00:00
[2025-02-28T09:46:32.330+0000] {standard_task_runner.py:57} INFO - Started process 12266 to run task
[2025-02-28T09:46:32.334+0000] {standard_task_runner.py:84} INFO - Running: ['***', 'tasks', 'run', 'customer_churn_ml_pipeline', 'data_transformation_task', 'manual__2025-02-28T09:45:36.604822+00:00', '--job-id', '131', '--raw', '--subdir', 'DAGS_FOLDER/customer_churn.py', '--cfg-path', '/tmp/tmpizko4zz9']
[2025-02-28T09:46:32.337+0000] {standard_task_runner.py:85} INFO - Job 131: Subtask data_transformation_task
[2025-02-28T09:46:32.372+0000] {logging_mixin.py:154} WARNING - /home/***/.local/lib/python3.8/site-packages/***/settings.py:195 DeprecationWarning: The sql_alchemy_conn option in [core] has been moved to the sql_alchemy_conn option in [database] - the old setting has been used, but please update your config.
[2025-02-28T09:46:32.435+0000] {task_command.py:416} INFO - Running <TaskInstance: customer_churn_ml_pipeline.data_transformation_task manual__2025-02-28T09:45:36.604822+00:00 [running]> on host 4470298645d8
[2025-02-28T09:46:32.580+0000] {taskinstance.py:1662} INFO - Exporting env vars: AIRFLOW_CTX_DAG_OWNER='***' AIRFLOW_CTX_DAG_ID='customer_churn_ml_pipeline' AIRFLOW_CTX_TASK_ID='data_transformation_task' AIRFLOW_CTX_EXECUTION_DATE='2025-02-28T09:45:36.604822+00:00' AIRFLOW_CTX_TRY_NUMBER='1' AIRFLOW_CTX_DAG_RUN_ID='manual__2025-02-28T09:45:36.604822+00:00'
[2025-02-28T09:46:32.581+0000] {subprocess.py:63} INFO - Tmp dir root location: /tmp
[2025-02-28T09:46:32.582+0000] {subprocess.py:75} INFO - Running command: ['/bin/bash', '-c', '\n\t\t\tcd /opt/***\n                        dvc pull /opt/***/data/cleaned\n                        python /opt/***/executables/data_transformation.py &&                         dvc add /opt/***/data/transformed &&                         git add /opt/***/data/transformed.dvc &&                         git commit -m "Updated transformed data version" &&                         dvc push && git push\n                    ']
[2025-02-28T09:46:32.593+0000] {subprocess.py:86} INFO - Output:
[2025-02-28T09:46:35.888+0000] {subprocess.py:93} INFO - Everything is up to date.
[2025-02-28T09:46:40.982+0000] {subprocess.py:93} INFO - 
[2025-02-28T09:46:40.983+0000] {subprocess.py:93} INFO - To track the changes with git, run:
[2025-02-28T09:46:40.984+0000] {subprocess.py:93} INFO - 
[2025-02-28T09:46:40.984+0000] {subprocess.py:93} INFO - 	git add data/transformed.dvc
[2025-02-28T09:46:40.985+0000] {subprocess.py:93} INFO - 
[2025-02-28T09:46:40.985+0000] {subprocess.py:93} INFO - To enable auto staging, run:
[2025-02-28T09:46:40.985+0000] {subprocess.py:93} INFO - 
[2025-02-28T09:46:40.985+0000] {subprocess.py:93} INFO - 	dvc config core.autostage true
[2025-02-28T09:46:41.300+0000] {subprocess.py:93} INFO - On branch main
[2025-02-28T09:46:41.301+0000] {subprocess.py:93} INFO - Your branch is up to date with 'origin/main'.
[2025-02-28T09:46:41.301+0000] {subprocess.py:93} INFO - 
[2025-02-28T09:46:41.301+0000] {subprocess.py:93} INFO - Changes not staged for commit:
[2025-02-28T09:46:41.302+0000] {subprocess.py:93} INFO -   (use "git add <file>..." to update what will be committed)
[2025-02-28T09:46:41.302+0000] {subprocess.py:93} INFO -   (use "git restore <file>..." to discard changes in working directory)
[2025-02-28T09:46:41.302+0000] {subprocess.py:93} INFO - 	modified:   logs/dag_processor_manager/dag_processor_manager.log
[2025-02-28T09:46:41.302+0000] {subprocess.py:93} INFO - 	modified:   logs/data_transformation.log
[2025-02-28T09:46:41.303+0000] {subprocess.py:93} INFO - 	modified:   logs/scheduler/2025-02-28/customer_churn.py.log
[2025-02-28T09:46:41.303+0000] {subprocess.py:93} INFO - 
[2025-02-28T09:46:41.303+0000] {subprocess.py:93} INFO - Untracked files:
[2025-02-28T09:46:41.303+0000] {subprocess.py:93} INFO -   (use "git add <file>..." to include in what will be committed)
[2025-02-28T09:46:41.304+0000] {subprocess.py:93} INFO - 	logs/dag_id=customer_churn_ml_pipeline/run_id=manual__2025-02-28T09:39:52.213666+00:00/
[2025-02-28T09:46:41.304+0000] {subprocess.py:93} INFO - 	logs/dag_id=customer_churn_ml_pipeline/run_id=manual__2025-02-28T09:45:36.604822+00:00/
[2025-02-28T09:46:41.304+0000] {subprocess.py:93} INFO - 
[2025-02-28T09:46:41.304+0000] {subprocess.py:93} INFO - no changes added to commit (use "git add" and/or "git commit -a")
[2025-02-28T09:46:41.305+0000] {subprocess.py:97} INFO - Command exited with return code 1
[2025-02-28T09:46:41.331+0000] {taskinstance.py:1937} ERROR - Task failed with exception
Traceback (most recent call last):
  File "/home/airflow/.local/lib/python3.8/site-packages/airflow/operators/bash.py", line 210, in execute
    raise AirflowException(
airflow.exceptions.AirflowException: Bash command failed. The command returned a non-zero exit code 1.
[2025-02-28T09:46:41.341+0000] {taskinstance.py:1400} INFO - Marking task as FAILED. dag_id=customer_churn_ml_pipeline, task_id=data_transformation_task, execution_date=20250228T094536, start_date=20250228T094632, end_date=20250228T094641
[2025-02-28T09:46:41.372+0000] {standard_task_runner.py:104} ERROR - Failed to execute job 131 for task data_transformation_task (Bash command failed. The command returned a non-zero exit code 1.; 12266)
[2025-02-28T09:46:41.424+0000] {local_task_job_runner.py:228} INFO - Task exited with return code 1
[2025-02-28T09:46:41.501+0000] {taskinstance.py:2778} INFO - 0 downstream tasks scheduled from follow-on schedule check
