[2025-03-02T09:57:40.952+0000] {taskinstance.py:1159} INFO - Dependencies all met for dep_context=non-requeueable deps ti=<TaskInstance: customer_churn_ml_pipeline.data_preparation_task manual__2025-03-02T09:57:02.729168+00:00 [queued]>
[2025-03-02T09:57:40.973+0000] {taskinstance.py:1159} INFO - Dependencies all met for dep_context=requeueable deps ti=<TaskInstance: customer_churn_ml_pipeline.data_preparation_task manual__2025-03-02T09:57:02.729168+00:00 [queued]>
[2025-03-02T09:57:40.973+0000] {taskinstance.py:1361} INFO - Starting attempt 1 of 1
[2025-03-02T09:57:40.994+0000] {taskinstance.py:1382} INFO - Executing <Task(BashOperator): data_preparation_task> on 2025-03-02 09:57:02.729168+00:00
[2025-03-02T09:57:40.998+0000] {standard_task_runner.py:57} INFO - Started process 8731 to run task
[2025-03-02T09:57:41.001+0000] {standard_task_runner.py:84} INFO - Running: ['***', 'tasks', 'run', 'customer_churn_ml_pipeline', 'data_preparation_task', 'manual__2025-03-02T09:57:02.729168+00:00', '--job-id', '112', '--raw', '--subdir', 'DAGS_FOLDER/customer_churn.py', '--cfg-path', '/tmp/tmpr0hfzn3f']
[2025-03-02T09:57:41.005+0000] {standard_task_runner.py:85} INFO - Job 112: Subtask data_preparation_task
[2025-03-02T09:57:41.028+0000] {logging_mixin.py:154} WARNING - /home/***/.local/lib/python3.8/site-packages/***/settings.py:195 DeprecationWarning: The sql_alchemy_conn option in [core] has been moved to the sql_alchemy_conn option in [database] - the old setting has been used, but please update your config.
[2025-03-02T09:57:41.074+0000] {task_command.py:416} INFO - Running <TaskInstance: customer_churn_ml_pipeline.data_preparation_task manual__2025-03-02T09:57:02.729168+00:00 [running]> on host 9113a5746a05
[2025-03-02T09:57:41.234+0000] {taskinstance.py:1662} INFO - Exporting env vars: AIRFLOW_CTX_DAG_OWNER='***' AIRFLOW_CTX_DAG_ID='customer_churn_ml_pipeline' AIRFLOW_CTX_TASK_ID='data_preparation_task' AIRFLOW_CTX_EXECUTION_DATE='2025-03-02T09:57:02.729168+00:00' AIRFLOW_CTX_TRY_NUMBER='1' AIRFLOW_CTX_DAG_RUN_ID='manual__2025-03-02T09:57:02.729168+00:00'
[2025-03-02T09:57:41.235+0000] {subprocess.py:63} INFO - Tmp dir root location: /tmp
[2025-03-02T09:57:41.236+0000] {subprocess.py:75} INFO - Running command: ['/bin/bash', '-c', '\n\t\t\tcd /opt/*** &&\t\t\tpython /opt/***/executables/data_preparation.py &&                         dvc add /opt/***/data/cleaned &&                         git add /opt/***/data/cleaned.dvc && \t\t\tgit add logs && \\   \n\t\t\tgit add visualization &&    \t\t\tgit status &&                         git commit -m "Updated cleaned data version" -a &&                         dvc push && git push\n                    ']
[2025-03-02T09:57:41.245+0000] {subprocess.py:86} INFO - Output:
[2025-03-02T09:57:43.823+0000] {subprocess.py:93} INFO - 2025-03-02 09:57:43,823 : INFO : Starting data preparation for csv.
[2025-03-02T09:57:43.848+0000] {subprocess.py:93} INFO - 2025-03-02 09:57:43,848 : INFO : Handling 'Tenure', 'Balance', 'EstimatedSalary' empty data
[2025-03-02T09:57:43.848+0000] {subprocess.py:93} INFO - 2025-03-02 09:57:43,848 : INFO : Handling 'Age' empty data
[2025-03-02T09:57:43.850+0000] {subprocess.py:93} INFO - 2025-03-02 09:57:43,849 : INFO : Droping 'Surname' as it may lead to profiling, 'RowNumber', 'CustomerId' as it is not required
[2025-03-02T09:57:43.852+0000] {subprocess.py:93} INFO - 2025-03-02 09:57:43,852 : INFO : Making 'Geography', 'Gender', 'HasCrCard', 'IsActiveMember' as categorical
[2025-03-02T09:57:43.865+0000] {subprocess.py:93} INFO - 2025-03-02 09:57:43,865 : INFO : Saving data to S3.
[2025-03-02T09:57:43.868+0000] {subprocess.py:93} INFO - 2025-03-02 09:57:43,867 : ERROR : Error in preparing dataCannot save file into a non-existent directory: '/opt/***/data/cleaned/{today}/csv'
[2025-03-02T09:57:46.250+0000] {subprocess.py:93} INFO - 
[2025-03-02T09:57:46.250+0000] {subprocess.py:93} INFO - To track the changes with git, run:
[2025-03-02T09:57:46.251+0000] {subprocess.py:93} INFO - 
[2025-03-02T09:57:46.252+0000] {subprocess.py:93} INFO - 	git add data/cleaned.dvc
[2025-03-02T09:57:46.252+0000] {subprocess.py:93} INFO - 
[2025-03-02T09:57:46.252+0000] {subprocess.py:93} INFO - To enable auto staging, run:
[2025-03-02T09:57:46.253+0000] {subprocess.py:93} INFO - 
[2025-03-02T09:57:46.253+0000] {subprocess.py:93} INFO - 	dvc config core.autostage true
[2025-03-02T09:57:46.567+0000] {subprocess.py:93} INFO - /bin/bash: line 2:  : command not found
[2025-03-02T09:57:46.594+0000] {subprocess.py:93} INFO - On branch main
[2025-03-02T09:57:46.594+0000] {subprocess.py:93} INFO - Your branch is up to date with 'origin/main'.
[2025-03-02T09:57:46.594+0000] {subprocess.py:93} INFO - 
[2025-03-02T09:57:46.595+0000] {subprocess.py:93} INFO - Changes to be committed:
[2025-03-02T09:57:46.595+0000] {subprocess.py:93} INFO -   (use "git restore --staged <file>..." to unstage)
[2025-03-02T09:57:46.595+0000] {subprocess.py:93} INFO - 	new file:   data/cleaned.dvc
[2025-03-02T09:57:46.596+0000] {subprocess.py:93} INFO - 	new file:   logs/dag_id=customer_churn_ml_pipeline/run_id=manual__2025-03-02T09:57:02.729168+00:00/task_id=data_preparation_task/attempt=1.log
[2025-03-02T09:57:46.596+0000] {subprocess.py:93} INFO - 	new file:   logs/dag_id=customer_churn_ml_pipeline/run_id=manual__2025-03-02T09:57:02.729168+00:00/task_id=data_validation_task/attempt=1.log
[2025-03-02T09:57:46.596+0000] {subprocess.py:93} INFO - 	modified:   logs/data_preparation.log
[2025-03-02T09:57:46.596+0000] {subprocess.py:93} INFO - 	modified:   logs/scheduler/2025-03-02/customer_churn.py.log
[2025-03-02T09:57:46.597+0000] {subprocess.py:93} INFO - 
[2025-03-02T09:57:46.597+0000] {subprocess.py:93} INFO - Changes not staged for commit:
[2025-03-02T09:57:46.597+0000] {subprocess.py:93} INFO -   (use "git add <file>..." to update what will be committed)
[2025-03-02T09:57:46.597+0000] {subprocess.py:93} INFO -   (use "git restore <file>..." to discard changes in working directory)
[2025-03-02T09:57:46.598+0000] {subprocess.py:93} INFO - 	modified:   logs/dag_id=customer_churn_ml_pipeline/run_id=manual__2025-03-02T09:57:02.729168+00:00/task_id=data_preparation_task/attempt=1.log
[2025-03-02T09:57:46.598+0000] {subprocess.py:93} INFO - 
[2025-03-02T09:57:46.629+0000] {subprocess.py:93} INFO - [main 2e53148] Updated cleaned data version
[2025-03-02T09:57:46.630+0000] {subprocess.py:93} INFO -  5 files changed, 106 insertions(+)
[2025-03-02T09:57:46.630+0000] {subprocess.py:93} INFO -  create mode 100644 data/cleaned.dvc
[2025-03-02T09:57:46.630+0000] {subprocess.py:93} INFO -  create mode 100644 logs/dag_id=customer_churn_ml_pipeline/run_id=manual__2025-03-02T09:57:02.729168+00:00/task_id=data_preparation_task/attempt=1.log
[2025-03-02T09:57:46.630+0000] {subprocess.py:93} INFO -  create mode 100644 logs/dag_id=customer_churn_ml_pipeline/run_id=manual__2025-03-02T09:57:02.729168+00:00/task_id=data_validation_task/attempt=1.log
[2025-03-02T09:57:54.297+0000] {subprocess.py:93} INFO - 1 file pushed
[2025-03-02T09:57:56.380+0000] {subprocess.py:93} INFO - To https://github.com/anniemathew-trial/customer_churn_pipeline.git
[2025-03-02T09:57:56.381+0000] {subprocess.py:93} INFO -    793f77e..2e53148  main -> main
[2025-03-02T09:57:56.390+0000] {subprocess.py:97} INFO - Command exited with return code 0
[2025-03-02T09:57:56.454+0000] {taskinstance.py:1400} INFO - Marking task as SUCCESS. dag_id=customer_churn_ml_pipeline, task_id=data_preparation_task, execution_date=20250302T095702, start_date=20250302T095740, end_date=20250302T095756
[2025-03-02T09:57:56.534+0000] {local_task_job_runner.py:228} INFO - Task exited with return code 0
[2025-03-02T09:57:56.566+0000] {taskinstance.py:2778} INFO - 1 downstream tasks scheduled from follow-on schedule check
