[2025-03-02T15:37:49.792+0000] {taskinstance.py:1159} INFO - Dependencies all met for dep_context=non-requeueable deps ti=<TaskInstance: customer_churn_ml_pipeline.model_training_task manual__2025-03-02T15:34:31.306444+00:00 [queued]>
[2025-03-02T15:37:49.803+0000] {taskinstance.py:1159} INFO - Dependencies all met for dep_context=requeueable deps ti=<TaskInstance: customer_churn_ml_pipeline.model_training_task manual__2025-03-02T15:34:31.306444+00:00 [queued]>
[2025-03-02T15:37:49.804+0000] {taskinstance.py:1361} INFO - Starting attempt 1 of 1
[2025-03-02T15:37:49.819+0000] {taskinstance.py:1382} INFO - Executing <Task(BashOperator): model_training_task> on 2025-03-02 15:34:31.306444+00:00
[2025-03-02T15:37:49.823+0000] {standard_task_runner.py:57} INFO - Started process 3570 to run task
[2025-03-02T15:37:49.826+0000] {standard_task_runner.py:84} INFO - Running: ['***', 'tasks', 'run', 'customer_churn_ml_pipeline', 'model_training_task', 'manual__2025-03-02T15:34:31.306444+00:00', '--job-id', '65', '--raw', '--subdir', 'DAGS_FOLDER/customer_churn.py', '--cfg-path', '/tmp/tmphuw_clta']
[2025-03-02T15:37:49.828+0000] {standard_task_runner.py:85} INFO - Job 65: Subtask model_training_task
[2025-03-02T15:37:49.850+0000] {logging_mixin.py:154} WARNING - /home/***/.local/lib/python3.8/site-packages/***/settings.py:195 DeprecationWarning: The sql_alchemy_conn option in [core] has been moved to the sql_alchemy_conn option in [database] - the old setting has been used, but please update your config.
[2025-03-02T15:37:49.904+0000] {task_command.py:416} INFO - Running <TaskInstance: customer_churn_ml_pipeline.model_training_task manual__2025-03-02T15:34:31.306444+00:00 [running]> on host 157237bff8f7
[2025-03-02T15:37:50.062+0000] {taskinstance.py:1662} INFO - Exporting env vars: AIRFLOW_CTX_DAG_OWNER='***' AIRFLOW_CTX_DAG_ID='customer_churn_ml_pipeline' AIRFLOW_CTX_TASK_ID='model_training_task' AIRFLOW_CTX_EXECUTION_DATE='2025-03-02T15:34:31.306444+00:00' AIRFLOW_CTX_TRY_NUMBER='1' AIRFLOW_CTX_DAG_RUN_ID='manual__2025-03-02T15:34:31.306444+00:00'
[2025-03-02T15:37:50.063+0000] {subprocess.py:63} INFO - Tmp dir root location: /tmp
[2025-03-02T15:37:50.065+0000] {subprocess.py:75} INFO - Running command: ['/bin/bash', '-c', '\n\t    \t\tcd /opt/***\n       \t\t\t    python /opt/***/executables/model_training.py && \t      \t\t    git add logs && \t      \t\t    git add mlruns && \t        \t    git status &&                             git commit -m "Trained model version" -a && \\    \n\t\t\t    git push\n                        ']
[2025-03-02T15:37:50.073+0000] {subprocess.py:86} INFO - Output:
[2025-03-02T15:37:56.455+0000] {subprocess.py:93} INFO - /home/***/.local/lib/python3.8/site-packages/mlflow/gateway/config.py:64: PydanticDeprecatedSince20: Pydantic V1 style `@validator` validators are deprecated. You should migrate to Pydantic V2 style `@field_validator` validators, see the migration guide for more details. Deprecated in Pydantic V2.0 to be removed in V3.0. See Pydantic V2 Migration Guide at https://errors.pydantic.dev/2.4/migration/
[2025-03-02T15:37:56.456+0000] {subprocess.py:93} INFO -   @validator("togetherai_api_key", pre=True)
[2025-03-02T15:37:56.456+0000] {subprocess.py:93} INFO - /home/***/.local/lib/python3.8/site-packages/mlflow/gateway/config.py:372: PydanticDeprecatedSince20: Pydantic V1 style `@root_validator` validators are deprecated. You should migrate to Pydantic V2 style `@model_validator` validators, see the migration guide for more details. Deprecated in Pydantic V2.0 to be removed in V3.0. See Pydantic V2 Migration Guide at https://errors.pydantic.dev/2.4/migration/
[2025-03-02T15:37:56.456+0000] {subprocess.py:93} INFO -   @root_validator(skip_on_failure=True)
[2025-03-02T15:37:56.457+0000] {subprocess.py:93} INFO - /home/***/.local/lib/python3.8/site-packages/pydantic/_internal/_config.py:267: PydanticDeprecatedSince20: Support for class-based `config` is deprecated, use ConfigDict instead. Deprecated in Pydantic V2.0 to be removed in V3.0. See Pydantic V2 Migration Guide at https://errors.pydantic.dev/2.4/migration/
[2025-03-02T15:37:56.457+0000] {subprocess.py:93} INFO -   warnings.warn(DEPRECATION_MESSAGE, DeprecationWarning)
[2025-03-02T15:37:56.457+0000] {subprocess.py:93} INFO - 2025-03-02 15:37:56,455 : INFO : Starting model training
[2025-03-02T15:37:56.476+0000] {subprocess.py:93} INFO - 2025-03-02 15:37:56,475 : INFO : Registry cache expired, so refreshing
[2025-03-02T15:37:56.486+0000] {subprocess.py:93} INFO - 2025-03-02 15:37:56,486 : INFO : Getting data
[2025-03-02T15:37:56.487+0000] {subprocess.py:93} INFO - 2025-03-02 15:37:56,487 : INFO : Start and End Range: 1 to 1000
[2025-03-02T15:37:56.896+0000] {subprocess.py:93} INFO - 2025-03-02 15:37:56,896 : INFO : Data fetched: 999
[2025-03-02T15:37:56.897+0000] {subprocess.py:93} INFO - 2025-03-02 15:37:56,897 : INFO : New Start and End Range: 1001 to 2000
[2025-03-02T15:37:56.897+0000] {subprocess.py:93} INFO - 2025-03-02 15:37:56,897 : INFO : Start and End Range: 1001 to 2000
[2025-03-02T15:37:57.172+0000] {subprocess.py:93} INFO - 2025-03-02 15:37:57,172 : INFO : Data fetched: 999
[2025-03-02T15:37:57.173+0000] {subprocess.py:93} INFO - 2025-03-02 15:37:57,172 : INFO : New Start and End Range: 3001 to 4000
[2025-03-02T15:37:57.173+0000] {subprocess.py:93} INFO - 2025-03-02 15:37:57,173 : INFO : Start and End Range: 3001 to 4000
[2025-03-02T15:37:57.533+0000] {subprocess.py:93} INFO - 2025-03-02 15:37:57,533 : INFO : Data fetched: 999
[2025-03-02T15:37:57.534+0000] {subprocess.py:93} INFO - 2025-03-02 15:37:57,533 : INFO : New Start and End Range: 7001 to 8000
[2025-03-02T15:37:57.534+0000] {subprocess.py:93} INFO - 2025-03-02 15:37:57,534 : INFO : Start and End Range: 7001 to 8000
[2025-03-02T15:37:57.786+0000] {subprocess.py:93} INFO - 2025-03-02 15:37:57,786 : INFO : Data fetched: 999
[2025-03-02T15:37:57.786+0000] {subprocess.py:93} INFO - 2025-03-02 15:37:57,786 : INFO : New Start and End Range: 15001 to 16000
[2025-03-02T15:37:57.787+0000] {subprocess.py:93} INFO - 2025-03-02 15:37:57,786 : INFO : Start and End Range: 15001 to 16000
[2025-03-02T15:37:58.120+0000] {subprocess.py:93} INFO - 2025-03-02 15:37:58,120 : INFO : Data fetched: 999
[2025-03-02T15:37:58.121+0000] {subprocess.py:93} INFO - 2025-03-02 15:37:58,120 : INFO : New Start and End Range: 31001 to 32000
[2025-03-02T15:37:58.121+0000] {subprocess.py:93} INFO - 2025-03-02 15:37:58,120 : INFO : Start and End Range: 31001 to 32000
[2025-03-02T15:37:58.210+0000] {subprocess.py:93} INFO - 2025-03-02 15:37:58,210 : INFO : Reached End of Data
[2025-03-02T15:37:58.213+0000] {subprocess.py:93} INFO - 2025-03-02 15:37:58,212 : INFO : Stoping at Start and End Range: 31001 to 32000
[2025-03-02T15:37:58.213+0000] {subprocess.py:93} INFO - 2025-03-02 15:37:58,213 : INFO : Created feature data
[2025-03-02T15:37:58.213+0000] {subprocess.py:93} INFO - 2025-03-02 15:37:58,213 : INFO : Total Data fetched: 5
[2025-03-02T15:37:58.216+0000] {subprocess.py:93} INFO - 2025-03-02 15:37:58,216 : INFO : received feature data
[2025-03-02T15:37:58.220+0000] {subprocess.py:93} INFO - 2025-03-02 15:37:58,220 : INFO : Models defined
[2025-03-02T15:37:58.220+0000] {subprocess.py:93} INFO - 2025-03-02 15:37:58,220 : INFO : Training model RandomForest
[2025-03-02T15:37:59.309+0000] {subprocess.py:93} INFO - 2025-03-02 15:37:59,308 : INFO : Predicting model RandomForest
[2025-03-02T15:37:59.337+0000] {subprocess.py:93} INFO - 2025-03-02 15:37:59,336 : INFO : Calculating accuracy RandomForest
[2025-03-02T15:38:04.684+0000] {subprocess.py:93} INFO - 2025/03/02 15:38:04 WARNING mlflow.models.model: Model logged without a signature and input example. Please set `input_example` parameter when logging the model to auto infer the model signature.
[2025-03-02T15:38:04.854+0000] {subprocess.py:93} INFO - 2025-03-02 15:38:04,853 : INFO : Logged model RandomForest
[2025-03-02T15:38:04.882+0000] {subprocess.py:93} INFO - 2025/03/02 15:38:04 INFO mlflow.tracking._tracking_service.client: 🏃 View run RandomForest at: http://localhost:5000/#/experiments/0/runs/b4551c0812294a568fb83c77c6905af9.
[2025-03-02T15:38:04.882+0000] {subprocess.py:93} INFO - 2025/03/02 15:38:04 INFO mlflow.tracking._tracking_service.client: 🧪 View experiment at: http://localhost:5000/#/experiments/0.
[2025-03-02T15:38:04.892+0000] {subprocess.py:93} INFO - 2025-03-02 15:38:04,892 : INFO : Training model LogisticRegression
[2025-03-02T15:38:05.245+0000] {subprocess.py:93} INFO - /home/***/.local/lib/python3.8/site-packages/sklearn/linear_model/_logistic.py:460: ConvergenceWarning: lbfgs failed to converge (status=1):
[2025-03-02T15:38:05.246+0000] {subprocess.py:93} INFO - STOP: TOTAL NO. of ITERATIONS REACHED LIMIT.
[2025-03-02T15:38:05.246+0000] {subprocess.py:93} INFO - 
[2025-03-02T15:38:05.246+0000] {subprocess.py:93} INFO - Increase the number of iterations (max_iter) or scale the data as shown in:
[2025-03-02T15:38:05.246+0000] {subprocess.py:93} INFO -     https://scikit-learn.org/stable/modules/preprocessing.html
[2025-03-02T15:38:05.247+0000] {subprocess.py:93} INFO - Please also refer to the documentation for alternative solver options:
[2025-03-02T15:38:05.247+0000] {subprocess.py:93} INFO -     https://scikit-learn.org/stable/modules/linear_model.html#logistic-regression
[2025-03-02T15:38:05.247+0000] {subprocess.py:93} INFO -   n_iter_i = _check_optimize_result(
[2025-03-02T15:38:05.248+0000] {subprocess.py:93} INFO - 2025-03-02 15:38:05,244 : INFO : Predicting model LogisticRegression
[2025-03-02T15:38:05.252+0000] {subprocess.py:93} INFO - 2025-03-02 15:38:05,252 : INFO : Calculating accuracy LogisticRegression
[2025-03-02T15:38:09.324+0000] {subprocess.py:93} INFO - 2025/03/02 15:38:09 WARNING mlflow.models.model: Model logged without a signature and input example. Please set `input_example` parameter when logging the model to auto infer the model signature.
[2025-03-02T15:38:09.381+0000] {subprocess.py:93} INFO - 2025-03-02 15:38:09,380 : INFO : Logged model LogisticRegression
[2025-03-02T15:38:09.393+0000] {subprocess.py:93} INFO - 2025/03/02 15:38:09 INFO mlflow.tracking._tracking_service.client: 🏃 View run LogisticRegression at: http://localhost:5000/#/experiments/0/runs/0faddc583a2646c39b3acbd202c11ee3.
[2025-03-02T15:38:09.394+0000] {subprocess.py:93} INFO - 2025/03/02 15:38:09 INFO mlflow.tracking._tracking_service.client: 🧪 View experiment at: http://localhost:5000/#/experiments/0.
[2025-03-02T15:38:09.402+0000] {subprocess.py:93} INFO - 2025-03-02 15:38:09,401 : INFO : Training model SVM
[2025-03-02T15:38:11.813+0000] {subprocess.py:93} INFO - 2025-03-02 15:38:11,813 : INFO : Predicting model SVM
[2025-03-02T15:38:11.921+0000] {subprocess.py:93} INFO - 2025-03-02 15:38:11,921 : INFO : Calculating accuracy SVM
[2025-03-02T15:38:15.805+0000] {subprocess.py:93} INFO - /home/***/.local/lib/python3.8/site-packages/sklearn/metrics/_classification.py:1471: UndefinedMetricWarning: Precision is ill-defined and being set to 0.0 due to no predicted samples. Use `zero_division` parameter to control this behavior.
[2025-03-02T15:38:15.805+0000] {subprocess.py:93} INFO -   _warn_prf(average, modifier, msg_start, len(result))
[2025-03-02T15:38:15.805+0000] {subprocess.py:93} INFO - 2025/03/02 15:38:15 WARNING mlflow.models.model: Model logged without a signature and input example. Please set `input_example` parameter when logging the model to auto infer the model signature.
[2025-03-02T15:38:15.865+0000] {subprocess.py:93} INFO - 2025-03-02 15:38:15,865 : INFO : Logged model SVM
[2025-03-02T15:38:15.879+0000] {subprocess.py:93} INFO - 2025/03/02 15:38:15 INFO mlflow.tracking._tracking_service.client: 🏃 View run SVM at: http://localhost:5000/#/experiments/0/runs/9552e76cf692477b81a1c01f1e957a93.
[2025-03-02T15:38:15.879+0000] {subprocess.py:93} INFO - 2025/03/02 15:38:15 INFO mlflow.tracking._tracking_service.client: 🧪 View experiment at: http://localhost:5000/#/experiments/0.
[2025-03-02T15:38:15.889+0000] {subprocess.py:93} INFO - 2025-03-02 15:38:15,889 : INFO : Starting best model registration
[2025-03-02T15:38:15.890+0000] {subprocess.py:93} INFO - 2025-03-02 15:38:15,889 : INFO : Finding Best model
[2025-03-02T15:38:15.927+0000] {subprocess.py:93} INFO - 2025-03-02 15:38:15,927 : INFO : Selected best model : run_id                                            b4551c0812294a568fb83c77c6905af9
[2025-03-02T15:38:15.928+0000] {subprocess.py:93} INFO - experiment_id                                                                    0
[2025-03-02T15:38:15.928+0000] {subprocess.py:93} INFO - status                                                                    FINISHED
[2025-03-02T15:38:15.928+0000] {subprocess.py:93} INFO - artifact_uri                     mlflow-artifacts:/0/b4551c0812294a568fb83c77c6...
[2025-03-02T15:38:15.929+0000] {subprocess.py:93} INFO - start_time                                        2025-03-02 15:37:59.444000+00:00
[2025-03-02T15:38:15.929+0000] {subprocess.py:93} INFO - end_time                                          2025-03-02 15:38:04.870000+00:00
[2025-03-02T15:38:15.929+0000] {subprocess.py:93} INFO - metrics.f1_score                                                          0.586895
[2025-03-02T15:38:15.929+0000] {subprocess.py:93} INFO - metrics.accuracy                                                          0.854855
[2025-03-02T15:38:15.929+0000] {subprocess.py:93} INFO - metrics.precision                                                         0.730496
[2025-03-02T15:38:15.930+0000] {subprocess.py:93} INFO - metrics.recall                                                            0.490476
[2025-03-02T15:38:15.930+0000] {subprocess.py:93} INFO - params.model_type                                                     RandomForest
[2025-03-02T15:38:15.930+0000] {subprocess.py:93} INFO - tags.mlflow.log-model.history    [{"run_id": "b4551c0812294a568fb83c77c6905af9"...
[2025-03-02T15:38:15.931+0000] {subprocess.py:93} INFO - tags.mlflow.user                                                           ***
[2025-03-02T15:38:15.931+0000] {subprocess.py:93} INFO - tags.mlflow.source.type                                                      LOCAL
[2025-03-02T15:38:15.931+0000] {subprocess.py:93} INFO - tags.mlflow.source.git.commit             85ec7d261d5881f5e719a1cff00d85f0dd1a0d58
[2025-03-02T15:38:15.931+0000] {subprocess.py:93} INFO - tags.mlflow.runName                                                   RandomForest
[2025-03-02T15:38:15.932+0000] {subprocess.py:93} INFO - tags.mlflow.source.name                 /opt/***/executables/model_training.py
[2025-03-02T15:38:15.932+0000] {subprocess.py:93} INFO - Name: 2, dtype: object
[2025-03-02T15:38:15.932+0000] {subprocess.py:93} INFO - 2025-03-02 15:38:15,927 : INFO : Registering best model runs:/b4551c0812294a568fb83c77c6905af9/RandomForest_model
[2025-03-02T15:38:15.995+0000] {subprocess.py:93} INFO - Successfully registered model 'Best_ML_Model'.
[2025-03-02T15:38:15.995+0000] {subprocess.py:93} INFO - 2025/03/02 15:38:15 INFO mlflow.store.model_registry.abstract_store: Waiting up to 300 seconds for model version to finish creation. Model name: Best_ML_Model, version 1
[2025-03-02T15:38:15.996+0000] {subprocess.py:93} INFO - Created version '1' of model 'Best_ML_Model'.
[2025-03-02T15:38:15.996+0000] {subprocess.py:93} INFO - 2025-03-02 15:38:15,995 : INFO : Completed model training & registration !!
[2025-03-02T15:38:16.975+0000] {subprocess.py:93} INFO - On branch main
[2025-03-02T15:38:16.976+0000] {subprocess.py:93} INFO - Your branch is up to date with 'origin/main'.
[2025-03-02T15:38:16.976+0000] {subprocess.py:93} INFO - 
[2025-03-02T15:38:16.976+0000] {subprocess.py:93} INFO - Changes to be committed:
[2025-03-02T15:38:16.976+0000] {subprocess.py:93} INFO -   (use "git restore --staged <file>..." to unstage)
[2025-03-02T15:38:16.977+0000] {subprocess.py:93} INFO - 	modified:   logs/dag_id=customer_churn_ml_pipeline/run_id=manual__2025-03-02T15:34:31.306444+00:00/task_id=feature_store_task/attempt=1.log
[2025-03-02T15:38:16.977+0000] {subprocess.py:93} INFO - 	new file:   logs/dag_id=customer_churn_ml_pipeline/run_id=manual__2025-03-02T15:34:31.306444+00:00/task_id=model_training_task/attempt=1.log
[2025-03-02T15:38:16.977+0000] {subprocess.py:93} INFO - 	modified:   logs/dag_processor_manager/dag_processor_manager.log
[2025-03-02T15:38:16.977+0000] {subprocess.py:93} INFO - 	modified:   logs/model_training.log
[2025-03-02T15:38:16.978+0000] {subprocess.py:93} INFO - 	modified:   logs/scheduler/2025-03-02/customer_churn.py.log
[2025-03-02T15:38:16.978+0000] {subprocess.py:93} INFO - 	new file:   mlruns/mlruns/mlruns/mlartifacts/0/0faddc583a2646c39b3acbd202c11ee3/artifacts/LogisticRegression_model/MLmodel
[2025-03-02T15:38:16.978+0000] {subprocess.py:93} INFO - 	new file:   mlruns/mlruns/mlruns/mlartifacts/0/0faddc583a2646c39b3acbd202c11ee3/artifacts/LogisticRegression_model/conda.yaml
[2025-03-02T15:38:16.978+0000] {subprocess.py:93} INFO - 	new file:   mlruns/mlruns/mlruns/mlartifacts/0/0faddc583a2646c39b3acbd202c11ee3/artifacts/LogisticRegression_model/model.pkl
[2025-03-02T15:38:16.979+0000] {subprocess.py:93} INFO - 	new file:   mlruns/mlruns/mlruns/mlartifacts/0/0faddc583a2646c39b3acbd202c11ee3/artifacts/LogisticRegression_model/python_env.yaml
[2025-03-02T15:38:16.979+0000] {subprocess.py:93} INFO - 	new file:   mlruns/mlruns/mlruns/mlartifacts/0/0faddc583a2646c39b3acbd202c11ee3/artifacts/LogisticRegression_model/requirements.txt
[2025-03-02T15:38:16.979+0000] {subprocess.py:93} INFO - 	new file:   mlruns/mlruns/mlruns/mlartifacts/0/9552e76cf692477b81a1c01f1e957a93/artifacts/SVM_model/MLmodel
[2025-03-02T15:38:16.980+0000] {subprocess.py:93} INFO - 	new file:   mlruns/mlruns/mlruns/mlartifacts/0/9552e76cf692477b81a1c01f1e957a93/artifacts/SVM_model/conda.yaml
[2025-03-02T15:38:16.980+0000] {subprocess.py:93} INFO - 	new file:   mlruns/mlruns/mlruns/mlartifacts/0/9552e76cf692477b81a1c01f1e957a93/artifacts/SVM_model/model.pkl
[2025-03-02T15:38:16.980+0000] {subprocess.py:93} INFO - 	new file:   mlruns/mlruns/mlruns/mlartifacts/0/9552e76cf692477b81a1c01f1e957a93/artifacts/SVM_model/python_env.yaml
[2025-03-02T15:38:16.981+0000] {subprocess.py:93} INFO - 	new file:   mlruns/mlruns/mlruns/mlartifacts/0/9552e76cf692477b81a1c01f1e957a93/artifacts/SVM_model/requirements.txt
[2025-03-02T15:38:16.981+0000] {subprocess.py:93} INFO - 	new file:   mlruns/mlruns/mlruns/mlartifacts/0/b4551c0812294a568fb83c77c6905af9/artifacts/RandomForest_model/MLmodel
[2025-03-02T15:38:16.981+0000] {subprocess.py:93} INFO - 	new file:   mlruns/mlruns/mlruns/mlartifacts/0/b4551c0812294a568fb83c77c6905af9/artifacts/RandomForest_model/conda.yaml
[2025-03-02T15:38:16.982+0000] {subprocess.py:93} INFO - 	new file:   mlruns/mlruns/mlruns/mlartifacts/0/b4551c0812294a568fb83c77c6905af9/artifacts/RandomForest_model/model.pkl
[2025-03-02T15:38:16.982+0000] {subprocess.py:93} INFO - 	new file:   mlruns/mlruns/mlruns/mlartifacts/0/b4551c0812294a568fb83c77c6905af9/artifacts/RandomForest_model/python_env.yaml
[2025-03-02T15:38:16.982+0000] {subprocess.py:93} INFO - 	new file:   mlruns/mlruns/mlruns/mlartifacts/0/b4551c0812294a568fb83c77c6905af9/artifacts/RandomForest_model/requirements.txt
[2025-03-02T15:38:16.983+0000] {subprocess.py:93} INFO - 	new file:   mlruns/mlruns/mlruns/mlruns/0/0faddc583a2646c39b3acbd202c11ee3/meta.yaml
[2025-03-02T15:38:16.983+0000] {subprocess.py:93} INFO - 	new file:   mlruns/mlruns/mlruns/mlruns/0/0faddc583a2646c39b3acbd202c11ee3/metrics/accuracy
[2025-03-02T15:38:16.983+0000] {subprocess.py:93} INFO - 	new file:   mlruns/mlruns/mlruns/mlruns/0/0faddc583a2646c39b3acbd202c11ee3/metrics/f1_score
[2025-03-02T15:38:16.984+0000] {subprocess.py:93} INFO - 	new file:   mlruns/mlruns/mlruns/mlruns/0/0faddc583a2646c39b3acbd202c11ee3/metrics/precision
[2025-03-02T15:38:16.984+0000] {subprocess.py:93} INFO - 	new file:   mlruns/mlruns/mlruns/mlruns/0/0faddc583a2646c39b3acbd202c11ee3/metrics/recall
[2025-03-02T15:38:16.984+0000] {subprocess.py:93} INFO - 	new file:   mlruns/mlruns/mlruns/mlruns/0/0faddc583a2646c39b3acbd202c11ee3/params/model_type
[2025-03-02T15:38:16.985+0000] {subprocess.py:93} INFO - 	new file:   mlruns/mlruns/mlruns/mlruns/0/0faddc583a2646c39b3acbd202c11ee3/tags/mlflow.log-model.history
[2025-03-02T15:38:16.985+0000] {subprocess.py:93} INFO - 	new file:   mlruns/mlruns/mlruns/mlruns/0/0faddc583a2646c39b3acbd202c11ee3/tags/mlflow.runName
[2025-03-02T15:38:16.985+0000] {subprocess.py:93} INFO - 	new file:   mlruns/mlruns/mlruns/mlruns/0/0faddc583a2646c39b3acbd202c11ee3/tags/mlflow.source.git.commit
[2025-03-02T15:38:16.986+0000] {subprocess.py:93} INFO - 	new file:   mlruns/mlruns/mlruns/mlruns/0/0faddc583a2646c39b3acbd202c11ee3/tags/mlflow.source.name
[2025-03-02T15:38:16.986+0000] {subprocess.py:93} INFO - 	new file:   mlruns/mlruns/mlruns/mlruns/0/0faddc583a2646c39b3acbd202c11ee3/tags/mlflow.source.type
[2025-03-02T15:38:16.987+0000] {subprocess.py:93} INFO - 	new file:   mlruns/mlruns/mlruns/mlruns/0/0faddc583a2646c39b3acbd202c11ee3/tags/mlflow.user
[2025-03-02T15:38:16.987+0000] {subprocess.py:93} INFO - 	new file:   mlruns/mlruns/mlruns/mlruns/0/9552e76cf692477b81a1c01f1e957a93/meta.yaml
