[2025-03-09T11:42:00.318+0000] {taskinstance.py:1159} INFO - Dependencies all met for dep_context=non-requeueable deps ti=<TaskInstance: customer_churn_ml_pipeline.raw_data_storage_task manual__2025-03-09T11:41:44.371749+00:00 [queued]>
[2025-03-09T11:42:00.327+0000] {taskinstance.py:1159} INFO - Dependencies all met for dep_context=requeueable deps ti=<TaskInstance: customer_churn_ml_pipeline.raw_data_storage_task manual__2025-03-09T11:41:44.371749+00:00 [queued]>
[2025-03-09T11:42:00.327+0000] {taskinstance.py:1361} INFO - Starting attempt 1 of 1
[2025-03-09T11:42:00.343+0000] {taskinstance.py:1382} INFO - Executing <Task(BashOperator): raw_data_storage_task> on 2025-03-09 11:41:44.371749+00:00
[2025-03-09T11:42:00.346+0000] {standard_task_runner.py:57} INFO - Started process 3441 to run task
[2025-03-09T11:42:00.349+0000] {standard_task_runner.py:84} INFO - Running: ['***', 'tasks', 'run', 'customer_churn_ml_pipeline', 'raw_data_storage_task', 'manual__2025-03-09T11:41:44.371749+00:00', '--job-id', '323', '--raw', '--subdir', 'DAGS_FOLDER/customer_churn.py', '--cfg-path', '/tmp/tmpb8918u0f']
[2025-03-09T11:42:00.351+0000] {standard_task_runner.py:85} INFO - Job 323: Subtask raw_data_storage_task
[2025-03-09T11:42:00.370+0000] {logging_mixin.py:154} WARNING - /home/***/.local/lib/python3.8/site-packages/***/settings.py:195 DeprecationWarning: The sql_alchemy_conn option in [core] has been moved to the sql_alchemy_conn option in [database] - the old setting has been used, but please update your config.
[2025-03-09T11:42:00.409+0000] {task_command.py:416} INFO - Running <TaskInstance: customer_churn_ml_pipeline.raw_data_storage_task manual__2025-03-09T11:41:44.371749+00:00 [running]> on host 157237bff8f7
[2025-03-09T11:42:00.514+0000] {taskinstance.py:1662} INFO - Exporting env vars: AIRFLOW_CTX_DAG_OWNER='***' AIRFLOW_CTX_DAG_ID='customer_churn_ml_pipeline' AIRFLOW_CTX_TASK_ID='raw_data_storage_task' AIRFLOW_CTX_EXECUTION_DATE='2025-03-09T11:41:44.371749+00:00' AIRFLOW_CTX_TRY_NUMBER='1' AIRFLOW_CTX_DAG_RUN_ID='manual__2025-03-09T11:41:44.371749+00:00'
[2025-03-09T11:42:00.515+0000] {subprocess.py:63} INFO - Tmp dir root location: /tmp
[2025-03-09T11:42:00.515+0000] {subprocess.py:75} INFO - Running command: ['/bin/bash', '-c', '\n\t\t\tcd /opt/*** &&                        python /opt/***/executables/raw_data_storage.py && \t\t\tgit rm -r --cached \'opt/***/data/raw\' && \t\t\tgit commit -m "stop tracking data/raw"\n                        dvc add /opt/***/data/raw &&                         git add /opt/***/data/raw.dvc && \t\t\tgit add logs &&\\   \n   \t\t\tgit status &&                         git commit -m "Updated raw data storage" -a &&                         dvc push && git push\n                    ']
[2025-03-09T11:42:00.523+0000] {subprocess.py:86} INFO - Output:
[2025-03-09T11:42:01.030+0000] {subprocess.py:93} INFO - 2025-03-09 11:42:01,030 : INFO : Starting Raw Data upload for CSV
[2025-03-09T11:42:03.943+0000] {subprocess.py:93} INFO - 2025-03-09 11:42:03,942 : INFO : Upload completed for CSV.
[2025-03-09T11:42:03.944+0000] {subprocess.py:93} INFO - 2025-03-09 11:42:03,943 : INFO : Starting Raw Data upload for Database
[2025-03-09T11:42:06.457+0000] {subprocess.py:93} INFO - 2025-03-09 11:42:06,457 : INFO : Upload completed for database.
[2025-03-09T11:42:06.564+0000] {subprocess.py:93} INFO - fatal: pathspec 'opt/***/data/raw' did not match any files
[2025-03-09T11:42:09.140+0000] {subprocess.py:93} INFO - 
[2025-03-09T11:42:09.141+0000] {subprocess.py:93} INFO - To track the changes with git, run:
[2025-03-09T11:42:09.141+0000] {subprocess.py:93} INFO - 
[2025-03-09T11:42:09.141+0000] {subprocess.py:93} INFO - 	git add data/raw.dvc
[2025-03-09T11:42:09.141+0000] {subprocess.py:93} INFO - 
[2025-03-09T11:42:09.142+0000] {subprocess.py:93} INFO - To enable auto staging, run:
[2025-03-09T11:42:09.142+0000] {subprocess.py:93} INFO - 
[2025-03-09T11:42:09.142+0000] {subprocess.py:93} INFO - 	dvc config core.autostage true
[2025-03-09T11:42:09.457+0000] {subprocess.py:93} INFO - /bin/bash: line 3:  : command not found
[2025-03-09T11:42:09.481+0000] {subprocess.py:93} INFO - On branch main
[2025-03-09T11:42:09.481+0000] {subprocess.py:93} INFO - Your branch is up to date with 'origin/main'.
[2025-03-09T11:42:09.482+0000] {subprocess.py:93} INFO - 
[2025-03-09T11:42:09.482+0000] {subprocess.py:93} INFO - Changes to be committed:
[2025-03-09T11:42:09.482+0000] {subprocess.py:93} INFO -   (use "git restore --staged <file>..." to unstage)
[2025-03-09T11:42:09.483+0000] {subprocess.py:93} INFO - 	modified:   logs/dag_id=customer_churn_ml_pipeline/run_id=manual__2025-03-09T11:41:44.371749+00:00/task_id=data_ingestion_task/attempt=1.log
[2025-03-09T11:42:09.483+0000] {subprocess.py:93} INFO - 	new file:   logs/dag_id=customer_churn_ml_pipeline/run_id=manual__2025-03-09T11:41:44.371749+00:00/task_id=raw_data_storage_task/attempt=1.log
[2025-03-09T11:42:09.483+0000] {subprocess.py:93} INFO - 	modified:   logs/raw_data_storage.log
[2025-03-09T11:42:09.483+0000] {subprocess.py:93} INFO - 
[2025-03-09T11:42:09.484+0000] {subprocess.py:93} INFO - Changes not staged for commit:
[2025-03-09T11:42:09.484+0000] {subprocess.py:93} INFO -   (use "git add <file>..." to update what will be committed)
[2025-03-09T11:42:09.484+0000] {subprocess.py:93} INFO -   (use "git restore <file>..." to discard changes in working directory)
[2025-03-09T11:42:09.485+0000] {subprocess.py:93} INFO - 	modified:   logs/dag_id=customer_churn_ml_pipeline/run_id=manual__2025-03-09T11:41:44.371749+00:00/task_id=raw_data_storage_task/attempt=1.log
[2025-03-09T11:42:09.485+0000] {subprocess.py:93} INFO - 
[2025-03-09T11:42:09.485+0000] {subprocess.py:93} INFO - Untracked files:
[2025-03-09T11:42:09.485+0000] {subprocess.py:93} INFO -   (use "git add <file>..." to include in what will be committed)
[2025-03-09T11:42:09.486+0000] {subprocess.py:93} INFO - 	customer_churn_stats/feature_repo/data/online_store.db
[2025-03-09T11:42:09.486+0000] {subprocess.py:93} INFO - 	customer_churn_stats/feature_repo/data/registry.db
[2025-03-09T11:42:09.486+0000] {subprocess.py:93} INFO - 	mlartifacts/
[2025-03-09T11:42:09.486+0000] {subprocess.py:93} INFO - 	mlruns/0/02cf6e6206f844d1ba80a33e9129d0ec/
[2025-03-09T11:42:09.487+0000] {subprocess.py:93} INFO - 	mlruns/0/2428ae54236c4dc5ac70531d2223aa46/
[2025-03-09T11:42:09.487+0000] {subprocess.py:93} INFO - 	mlruns/0/4670ea9ac5774a62a0288c9d9cd091d4/
[2025-03-09T11:42:09.487+0000] {subprocess.py:93} INFO - 	mlruns/0/b0c108eb50f34f989a06d9757a745734/
[2025-03-09T11:42:09.487+0000] {subprocess.py:93} INFO - 	mlruns/0/bdf0858443144132aaa37af668cdfb45/
[2025-03-09T11:42:09.487+0000] {subprocess.py:93} INFO - 	mlruns/0/d372010ed55142098d35f880b4b7339f/
[2025-03-09T11:42:09.488+0000] {subprocess.py:93} INFO - 	mlruns/0/ec578aef29c94a80b987ea5333f145ab/
[2025-03-09T11:42:09.488+0000] {subprocess.py:93} INFO - 	mlruns/0/f6ec5813e0d2496ab1aab0cdf0e24daa/
[2025-03-09T11:42:09.488+0000] {subprocess.py:93} INFO - 	mlruns/models/
[2025-03-09T11:42:09.488+0000] {subprocess.py:93} INFO - 	models/
[2025-03-09T11:42:09.489+0000] {subprocess.py:93} INFO - 	online.db
[2025-03-09T11:42:09.489+0000] {subprocess.py:93} INFO - 
