[2025-03-02T08:00:47.976+0000] {taskinstance.py:1159} INFO - Dependencies all met for dep_context=non-requeueable deps ti=<TaskInstance: customer_churn_ml_pipeline.feature_store_task scheduled__2025-03-01T08:00:00+00:00 [queued]>
[2025-03-02T08:00:48.109+0000] {taskinstance.py:1159} INFO - Dependencies all met for dep_context=requeueable deps ti=<TaskInstance: customer_churn_ml_pipeline.feature_store_task scheduled__2025-03-01T08:00:00+00:00 [queued]>
[2025-03-02T08:00:48.111+0000] {taskinstance.py:1361} INFO - Starting attempt 1 of 1
[2025-03-02T08:00:48.328+0000] {taskinstance.py:1382} INFO - Executing <Task(BashOperator): feature_store_task> on 2025-03-01 08:00:00+00:00
[2025-03-02T08:00:48.363+0000] {standard_task_runner.py:57} INFO - Started process 7827 to run task
[2025-03-02T08:00:48.385+0000] {standard_task_runner.py:84} INFO - Running: ['***', 'tasks', 'run', 'customer_churn_ml_pipeline', 'feature_store_task', 'scheduled__2025-03-01T08:00:00+00:00', '--job-id', '301', '--raw', '--subdir', 'DAGS_FOLDER/customer_churn.py', '--cfg-path', '/tmp/tmp_xhd7icb']
[2025-03-02T08:00:48.426+0000] {standard_task_runner.py:85} INFO - Job 301: Subtask feature_store_task
[2025-03-02T08:00:48.765+0000] {logging_mixin.py:154} WARNING - /home/***/.local/lib/python3.8/site-packages/***/settings.py:195 DeprecationWarning: The sql_alchemy_conn option in [core] has been moved to the sql_alchemy_conn option in [database] - the old setting has been used, but please update your config.
[2025-03-02T08:00:49.278+0000] {task_command.py:416} INFO - Running <TaskInstance: customer_churn_ml_pipeline.feature_store_task scheduled__2025-03-01T08:00:00+00:00 [running]> on host 7e994a0ed489
[2025-03-02T08:00:49.934+0000] {taskinstance.py:1662} INFO - Exporting env vars: AIRFLOW_CTX_DAG_OWNER='***' AIRFLOW_CTX_DAG_ID='customer_churn_ml_pipeline' AIRFLOW_CTX_TASK_ID='feature_store_task' AIRFLOW_CTX_EXECUTION_DATE='2025-03-01T08:00:00+00:00' AIRFLOW_CTX_TRY_NUMBER='1' AIRFLOW_CTX_DAG_RUN_ID='scheduled__2025-03-01T08:00:00+00:00'
[2025-03-02T08:00:49.951+0000] {subprocess.py:63} INFO - Tmp dir root location: /tmp
[2025-03-02T08:00:49.968+0000] {subprocess.py:75} INFO - Running command: ['/bin/bash', '-c', '\n\t\t\tcd /opt/***/customer_churn_stats/feature_repo &&                         feast apply &&                         feast materialize-incremental $(date -u +\'%Y-%m-%dT%H:%M:%S\') &&                         git commit -m "Updated feature store" -a &&                         git push\n                    ']
[2025-03-02T08:00:50.074+0000] {subprocess.py:86} INFO - Output:
[2025-03-02T08:01:53.302+0000] {subprocess.py:93} INFO -    Id  CreditScore  ...  BalanceAgeRatio               CreatedOn
[2025-03-02T08:01:53.303+0000] {subprocess.py:93} INFO - 0   1          619  ...              0.0 2025-02-28 17:11:17.357
[2025-03-02T08:01:53.304+0000] {subprocess.py:93} INFO - 1   2          608  ...           2044.0 2025-02-28 17:11:17.360
[2025-03-02T08:01:53.304+0000] {subprocess.py:93} INFO - 2   3          502  ...           3801.0 2025-02-28 17:11:17.367
[2025-03-02T08:01:53.304+0000] {subprocess.py:93} INFO - 3   4          699  ...              0.0 2025-02-28 17:11:17.370
[2025-03-02T08:01:53.305+0000] {subprocess.py:93} INFO - 4   5          850  ...           2919.0 2025-02-28 17:11:17.373
[2025-03-02T08:01:53.305+0000] {subprocess.py:93} INFO - 
[2025-03-02T08:01:53.305+0000] {subprocess.py:93} INFO - [5 rows x 18 columns]
[2025-03-02T08:01:53.306+0000] {subprocess.py:93} INFO - No changes to registry
[2025-03-02T08:01:53.306+0000] {subprocess.py:93} INFO - No changes to infrastructure
[2025-03-02T08:01:53.307+0000] {subprocess.py:93} INFO - /opt/***/customer_churn_stats/feature_repo/feature_store.py:21: UserWarning: pandas only supports SQLAlchemy connectable (engine/connection) or database string URI or sqlite3 DBAPI2 connection. Other DBAPI2 objects are not tested. Please consider using SQLAlchemy.
[2025-03-02T08:01:53.308+0000] {subprocess.py:93} INFO -   data = pd.read_sql(query, connection)
[2025-03-02T08:02:17.209+0000] {subprocess.py:93} INFO - Materializing [1m[32m1[0m feature views to [1m[32m2025-03-02 08:01:54+00:00[0m into the [1m[32msqlite[0m online store.
[2025-03-02T08:02:17.210+0000] {subprocess.py:93} INFO - 
[2025-03-02T08:02:17.210+0000] {subprocess.py:93} INFO - [1m[32mcustomer_stats_fv[0m from [1m[32m2025-03-02 07:56:22+00:00[0m to [1m[32m2025-03-02 08:01:54+00:00[0m:
[2025-03-02T08:02:17.219+0000] {subprocess.py:93} INFO - 0it [00:00, ?it/s]0it [00:00, ?it/s]
[2025-03-02T08:02:18.500+0000] {subprocess.py:93} INFO - [main 5181c56] Updated feature store
[2025-03-02T08:02:18.501+0000] {subprocess.py:93} INFO -  8 files changed, 175 insertions(+)
[2025-03-02T08:02:20.111+0000] {subprocess.py:93} INFO - To https://github.com/anniemathew-trial/customer_churn_pipeline.git
[2025-03-02T08:02:20.112+0000] {subprocess.py:93} INFO -    63ff55b..5181c56  main -> main
[2025-03-02T08:02:20.122+0000] {subprocess.py:97} INFO - Command exited with return code 0
[2025-03-02T08:02:20.243+0000] {taskinstance.py:1400} INFO - Marking task as SUCCESS. dag_id=customer_churn_ml_pipeline, task_id=feature_store_task, execution_date=20250301T080000, start_date=20250302T080047, end_date=20250302T080220
[2025-03-02T08:02:20.295+0000] {local_task_job_runner.py:228} INFO - Task exited with return code 0
[2025-03-02T08:02:20.416+0000] {taskinstance.py:2778} INFO - 0 downstream tasks scheduled from follow-on schedule check
[2025-03-02T08:36:32.358+0000] {taskinstance.py:1159} INFO - Dependencies all met for dep_context=non-requeueable deps ti=<TaskInstance: customer_churn_ml_pipeline.feature_store_task scheduled__2025-03-01T08:00:00+00:00 [queued]>
[2025-03-02T08:36:32.375+0000] {taskinstance.py:1159} INFO - Dependencies all met for dep_context=requeueable deps ti=<TaskInstance: customer_churn_ml_pipeline.feature_store_task scheduled__2025-03-01T08:00:00+00:00 [queued]>
[2025-03-02T08:36:32.376+0000] {taskinstance.py:1361} INFO - Starting attempt 1 of 1
[2025-03-02T08:36:32.402+0000] {taskinstance.py:1382} INFO - Executing <Task(BashOperator): feature_store_task> on 2025-03-01 08:00:00+00:00
[2025-03-02T08:36:32.407+0000] {standard_task_runner.py:57} INFO - Started process 3597 to run task
[2025-03-02T08:36:32.412+0000] {standard_task_runner.py:84} INFO - Running: ['***', 'tasks', 'run', 'customer_churn_ml_pipeline', 'feature_store_task', 'scheduled__2025-03-01T08:00:00+00:00', '--job-id', '8', '--raw', '--subdir', 'DAGS_FOLDER/customer_churn.py', '--cfg-path', '/tmp/tmpkhkyhozk']
[2025-03-02T08:36:32.417+0000] {standard_task_runner.py:85} INFO - Job 8: Subtask feature_store_task
[2025-03-02T08:36:32.452+0000] {logging_mixin.py:154} WARNING - /home/***/.local/lib/python3.8/site-packages/***/settings.py:195 DeprecationWarning: The sql_alchemy_conn option in [core] has been moved to the sql_alchemy_conn option in [database] - the old setting has been used, but please update your config.
[2025-03-02T08:36:32.522+0000] {task_command.py:416} INFO - Running <TaskInstance: customer_churn_ml_pipeline.feature_store_task scheduled__2025-03-01T08:00:00+00:00 [running]> on host 9113a5746a05
[2025-03-02T08:36:32.667+0000] {taskinstance.py:1662} INFO - Exporting env vars: AIRFLOW_CTX_DAG_OWNER='***' AIRFLOW_CTX_DAG_ID='customer_churn_ml_pipeline' AIRFLOW_CTX_TASK_ID='feature_store_task' AIRFLOW_CTX_EXECUTION_DATE='2025-03-01T08:00:00+00:00' AIRFLOW_CTX_TRY_NUMBER='1' AIRFLOW_CTX_DAG_RUN_ID='scheduled__2025-03-01T08:00:00+00:00'
[2025-03-02T08:36:32.668+0000] {subprocess.py:63} INFO - Tmp dir root location: /tmp
[2025-03-02T08:36:32.669+0000] {subprocess.py:75} INFO - Running command: ['/bin/bash', '-c', '\n\t\t\tcd /opt/***/customer_churn_stats/feature_repo &&                         feast apply &&                         feast materialize-incremental $(date -u +\'%Y-%m-%dT%H:%M:%S\') &&                         git commit -m "Updated feature store" -a &&                         git push\n                    ']
[2025-03-02T08:36:32.679+0000] {subprocess.py:86} INFO - Output:
[2025-03-02T08:36:32.686+0000] {subprocess.py:93} INFO - /bin/bash: line 2: feast: command not found
[2025-03-02T08:36:32.687+0000] {subprocess.py:97} INFO - Command exited with return code 127
[2025-03-02T08:36:32.712+0000] {taskinstance.py:1937} ERROR - Task failed with exception
Traceback (most recent call last):
  File "/home/airflow/.local/lib/python3.8/site-packages/airflow/operators/bash.py", line 210, in execute
    raise AirflowException(
airflow.exceptions.AirflowException: Bash command failed. The command returned a non-zero exit code 127.
[2025-03-02T08:36:32.718+0000] {taskinstance.py:1400} INFO - Marking task as FAILED. dag_id=customer_churn_ml_pipeline, task_id=feature_store_task, execution_date=20250301T080000, start_date=20250302T083632, end_date=20250302T083632
[2025-03-02T08:36:32.738+0000] {standard_task_runner.py:104} ERROR - Failed to execute job 8 for task feature_store_task (Bash command failed. The command returned a non-zero exit code 127.; 3597)
[2025-03-02T08:36:32.761+0000] {local_task_job_runner.py:228} INFO - Task exited with return code 1
[2025-03-02T08:36:32.793+0000] {taskinstance.py:2778} INFO - 0 downstream tasks scheduled from follow-on schedule check
