[2025-03-02T13:18:22.971+0000] {taskinstance.py:1159} INFO - Dependencies all met for dep_context=non-requeueable deps ti=<TaskInstance: customer_churn_ml_pipeline.data_storage_task manual__2025-03-02T13:16:50.520829+00:00 [queued]>
[2025-03-02T13:18:22.994+0000] {taskinstance.py:1159} INFO - Dependencies all met for dep_context=requeueable deps ti=<TaskInstance: customer_churn_ml_pipeline.data_storage_task manual__2025-03-02T13:16:50.520829+00:00 [queued]>
[2025-03-02T13:18:22.995+0000] {taskinstance.py:1361} INFO - Starting attempt 1 of 1
[2025-03-02T13:18:23.032+0000] {taskinstance.py:1382} INFO - Executing <Task(BashOperator): data_storage_task> on 2025-03-02 13:16:50.520829+00:00
[2025-03-02T13:18:23.037+0000] {standard_task_runner.py:57} INFO - Started process 20865 to run task
[2025-03-02T13:18:23.041+0000] {standard_task_runner.py:84} INFO - Running: ['***', 'tasks', 'run', 'customer_churn_ml_pipeline', 'data_storage_task', 'manual__2025-03-02T13:16:50.520829+00:00', '--job-id', '274', '--raw', '--subdir', 'DAGS_FOLDER/customer_churn.py', '--cfg-path', '/tmp/tmpky956458']
[2025-03-02T13:18:23.044+0000] {standard_task_runner.py:85} INFO - Job 274: Subtask data_storage_task
[2025-03-02T13:18:23.075+0000] {logging_mixin.py:154} WARNING - /home/***/.local/lib/python3.8/site-packages/***/settings.py:195 DeprecationWarning: The sql_alchemy_conn option in [core] has been moved to the sql_alchemy_conn option in [database] - the old setting has been used, but please update your config.
[2025-03-02T13:18:23.168+0000] {task_command.py:416} INFO - Running <TaskInstance: customer_churn_ml_pipeline.data_storage_task manual__2025-03-02T13:16:50.520829+00:00 [running]> on host 9113a5746a05
[2025-03-02T13:18:23.319+0000] {taskinstance.py:1662} INFO - Exporting env vars: AIRFLOW_CTX_DAG_OWNER='***' AIRFLOW_CTX_DAG_ID='customer_churn_ml_pipeline' AIRFLOW_CTX_TASK_ID='data_storage_task' AIRFLOW_CTX_EXECUTION_DATE='2025-03-02T13:16:50.520829+00:00' AIRFLOW_CTX_TRY_NUMBER='1' AIRFLOW_CTX_DAG_RUN_ID='manual__2025-03-02T13:16:50.520829+00:00'
[2025-03-02T13:18:23.320+0000] {subprocess.py:63} INFO - Tmp dir root location: /tmp
[2025-03-02T13:18:23.321+0000] {subprocess.py:75} INFO - Running command: ['/bin/bash', '-c', '\n\t\t\tcd /opt/***\n                        dvc pull /opt/***/data/transformed\n                        python /opt/***/executables/data_storage.py && \t\t\tgit add logs &&    \t\t\tgit status &&                         git commit -m "Updated stored data version" -a &&                         dvc push && git push\n                    ']
[2025-03-02T13:18:23.331+0000] {subprocess.py:86} INFO - Output:
[2025-03-02T13:18:26.839+0000] {subprocess.py:93} INFO - Everything is up to date.
[2025-03-02T13:18:28.421+0000] {subprocess.py:93} INFO - 2025-03-02 13:18:28,420 : INFO : Connecting to Database
[2025-03-02T13:18:28.453+0000] {subprocess.py:93} INFO - 2025-03-02 13:18:28,453 : INFO : Connecting to Database Successfull
[2025-03-02T13:18:28.454+0000] {subprocess.py:93} INFO - 2025-03-02 13:18:28,453 : INFO : Reading Initial DB Setup Script
[2025-03-02T13:18:28.454+0000] {subprocess.py:93} INFO - 2025-03-02 13:18:28,454 : INFO : Executing script to Database
[2025-03-02T13:18:28.456+0000] {subprocess.py:93} INFO - 2025-03-02 13:18:28,455 : INFO : Executed script successfully !!
[2025-03-02T13:18:28.456+0000] {subprocess.py:93} INFO - 2025-03-02 13:18:28,456 : INFO : Reading insert script template
[2025-03-02T13:18:28.456+0000] {subprocess.py:93} INFO - 2025-03-02 13:18:28,456 : INFO : Inserting data to database
[2025-03-02T13:18:34.908+0000] {subprocess.py:93} INFO - 2025-03-02 13:18:34,908 : INFO : Executed script successfully !!
[2025-03-02T13:18:34.909+0000] {subprocess.py:93} INFO - 2025-03-02 13:18:34,909 : INFO : Connection closed !!
[2025-03-02T13:18:35.035+0000] {subprocess.py:93} INFO - On branch main
[2025-03-02T13:18:35.036+0000] {subprocess.py:93} INFO - Your branch is up to date with 'origin/main'.
[2025-03-02T13:18:35.036+0000] {subprocess.py:93} INFO - 
[2025-03-02T13:18:35.036+0000] {subprocess.py:93} INFO - Changes to be committed:
[2025-03-02T13:18:35.036+0000] {subprocess.py:93} INFO -   (use "git restore --staged <file>..." to unstage)
[2025-03-02T13:18:35.037+0000] {subprocess.py:93} INFO - 	new file:   logs/dag_id=customer_churn_ml_pipeline/run_id=manual__2025-03-02T13:16:50.520829+00:00/task_id=data_storage_task/attempt=1.log
[2025-03-02T13:18:35.037+0000] {subprocess.py:93} INFO - 	modified:   logs/dag_id=customer_churn_ml_pipeline/run_id=manual__2025-03-02T13:16:50.520829+00:00/task_id=data_transformation_task/attempt=1.log
[2025-03-02T13:18:35.037+0000] {subprocess.py:93} INFO - 	modified:   logs/data_storage.log
[2025-03-02T13:18:35.037+0000] {subprocess.py:93} INFO - 
[2025-03-02T13:18:35.037+0000] {subprocess.py:93} INFO - Untracked files:
[2025-03-02T13:18:35.037+0000] {subprocess.py:93} INFO -   (use "git add <file>..." to include in what will be committed)
[2025-03-02T13:18:35.038+0000] {subprocess.py:93} INFO - 	customer_churn_stats/README.md
[2025-03-02T13:18:35.038+0000] {subprocess.py:93} INFO - 	customer_churn_stats/feature_repo/__pycache__/example_repo.cpython-38.pyc
[2025-03-02T13:18:35.038+0000] {subprocess.py:93} INFO - 	customer_churn_stats/feature_repo/__pycache__/test_workflow.cpython-38.pyc
[2025-03-02T13:18:35.038+0000] {subprocess.py:93} INFO - 
[2025-03-02T13:18:35.056+0000] {subprocess.py:93} INFO - [main c4571c5] Updated stored data version
[2025-03-02T13:18:35.056+0000] {subprocess.py:93} INFO -  3 files changed, 57 insertions(+)
[2025-03-02T13:18:35.056+0000] {subprocess.py:93} INFO -  create mode 100644 logs/dag_id=customer_churn_ml_pipeline/run_id=manual__2025-03-02T13:16:50.520829+00:00/task_id=data_storage_task/attempt=1.log
[2025-03-02T13:18:40.197+0000] {subprocess.py:93} INFO - Everything is up to date.
[2025-03-02T13:18:43.584+0000] {subprocess.py:93} INFO - To https://github.com/anniemathew-trial/customer_churn_pipeline.git
[2025-03-02T13:18:43.586+0000] {subprocess.py:93} INFO -    aba18cf..c4571c5  main -> main
[2025-03-02T13:18:43.600+0000] {subprocess.py:97} INFO - Command exited with return code 0
[2025-03-02T13:18:43.659+0000] {taskinstance.py:1400} INFO - Marking task as SUCCESS. dag_id=customer_churn_ml_pipeline, task_id=data_storage_task, execution_date=20250302T131650, start_date=20250302T131822, end_date=20250302T131843
[2025-03-02T13:18:43.698+0000] {local_task_job_runner.py:228} INFO - Task exited with return code 0
[2025-03-02T13:18:43.757+0000] {taskinstance.py:2778} INFO - 1 downstream tasks scheduled from follow-on schedule check
