[2025-03-02T06:39:58.809+0000] {taskinstance.py:1159} INFO - Dependencies all met for dep_context=non-requeueable deps ti=<TaskInstance: customer_churn_ml_pipeline.data_ingestion_task manual__2025-03-02T06:39:50.917744+00:00 [queued]>
[2025-03-02T06:39:58.824+0000] {taskinstance.py:1159} INFO - Dependencies all met for dep_context=requeueable deps ti=<TaskInstance: customer_churn_ml_pipeline.data_ingestion_task manual__2025-03-02T06:39:50.917744+00:00 [queued]>
[2025-03-02T06:39:58.825+0000] {taskinstance.py:1361} INFO - Starting attempt 1 of 1
[2025-03-02T06:39:58.849+0000] {taskinstance.py:1382} INFO - Executing <Task(BashOperator): data_ingestion_task> on 2025-03-02 06:39:50.917744+00:00
[2025-03-02T06:39:58.855+0000] {standard_task_runner.py:57} INFO - Started process 4878 to run task
[2025-03-02T06:39:58.860+0000] {standard_task_runner.py:84} INFO - Running: ['***', 'tasks', 'run', 'customer_churn_ml_pipeline', 'data_ingestion_task', 'manual__2025-03-02T06:39:50.917744+00:00', '--job-id', '265', '--raw', '--subdir', 'DAGS_FOLDER/customer_churn.py', '--cfg-path', '/tmp/tmp1txuz7vc']
[2025-03-02T06:39:58.863+0000] {standard_task_runner.py:85} INFO - Job 265: Subtask data_ingestion_task
[2025-03-02T06:39:58.895+0000] {logging_mixin.py:154} WARNING - /home/***/.local/lib/python3.8/site-packages/***/settings.py:195 DeprecationWarning: The sql_alchemy_conn option in [core] has been moved to the sql_alchemy_conn option in [database] - the old setting has been used, but please update your config.
[2025-03-02T06:39:58.964+0000] {task_command.py:416} INFO - Running <TaskInstance: customer_churn_ml_pipeline.data_ingestion_task manual__2025-03-02T06:39:50.917744+00:00 [running]> on host 7e994a0ed489
[2025-03-02T06:39:59.135+0000] {taskinstance.py:1662} INFO - Exporting env vars: AIRFLOW_CTX_DAG_OWNER='***' AIRFLOW_CTX_DAG_ID='customer_churn_ml_pipeline' AIRFLOW_CTX_TASK_ID='data_ingestion_task' AIRFLOW_CTX_EXECUTION_DATE='2025-03-02T06:39:50.917744+00:00' AIRFLOW_CTX_TRY_NUMBER='1' AIRFLOW_CTX_DAG_RUN_ID='manual__2025-03-02T06:39:50.917744+00:00'
[2025-03-02T06:39:59.137+0000] {subprocess.py:63} INFO - Tmp dir root location: /tmp
[2025-03-02T06:39:59.138+0000] {subprocess.py:75} INFO - Running command: ['/bin/bash', '-c', 'python /opt/***/executables/data_ingestion.py && \t\t\tNOW=$(date \'+%d-%m-%Y\') &&\t\t\tcd /opt/*** && \t\t\tgit add logs &&                        git commit -m "Updated data ingestion" -a &&                         git push\n                    ']
[2025-03-02T06:39:59.149+0000] {subprocess.py:86} INFO - Output:
[2025-03-02T06:40:00.676+0000] {subprocess.py:93} INFO - 2025-03-02 06:40:00,676 : INFO : Reading data from CSV file customer_data.csv
[2025-03-02T06:40:00.828+0000] {subprocess.py:93} INFO - 2025-03-02 06:40:00,828 : INFO : Data from CSV customer_data.csv ingested successfully!
[2025-03-02T06:40:00.828+0000] {subprocess.py:93} INFO - 2025-03-02 06:40:00,828 : INFO : Connecting to Database
[2025-03-02T06:40:00.830+0000] {subprocess.py:93} INFO - 2025-03-02 06:40:00,830 : ERROR : Error ingesting database: ('01000', "[01000] [unixODBC][Driver Manager]Can't open lib '{ODBC Driver 17 for SQL Server};SERVER=dmml_customer_churn_setup-sqlserver-1,1433;DATABASE=dmml_assignment;UID=sa;PWD=NewPASS1234' : file not found (0) (SQLDriverConnect)")
[2025-03-02T06:40:00.831+0000] {subprocess.py:93} INFO - DRIVER={{ODBC Driver 17 for SQL Server}};SERVER=dmml_customer_churn_setup-sqlserver-1,1433;DATABASE=dmml_assignment;UID=sa;PWD=NewPASS1234
[2025-03-02T06:40:01.000+0000] {subprocess.py:93} INFO - [main 52e2546] Updated data ingestion
[2025-03-02T06:40:01.001+0000] {subprocess.py:93} INFO -  4 files changed, 106 insertions(+)
[2025-03-02T06:40:01.002+0000] {subprocess.py:93} INFO -  create mode 100644 logs/dag_id=customer_churn_ml_pipeline/run_id=manual__2025-03-02T06:37:55.944013+00:00/task_id=feature_store_task/attempt=1.log
[2025-03-02T06:40:01.002+0000] {subprocess.py:93} INFO -  create mode 100644 logs/dag_id=customer_churn_ml_pipeline/run_id=manual__2025-03-02T06:39:50.917744+00:00/task_id=data_ingestion_task/attempt=1.log
[2025-03-02T06:40:01.003+0000] {subprocess.py:93} INFO -  create mode 100644 logs/dag_id=customer_churn_ml_pipeline/run_id=manual__2025-03-02T06:39:50.917744+00:00/task_id=pull_latest_codes/attempt=1.log
[2025-03-02T06:40:02.730+0000] {subprocess.py:93} INFO - To https://github.com/anniemathew-trial/customer_churn_pipeline.git
[2025-03-02T06:40:02.731+0000] {subprocess.py:93} INFO -    f117349..52e2546  main -> main
[2025-03-02T06:40:02.745+0000] {subprocess.py:97} INFO - Command exited with return code 0
[2025-03-02T06:40:02.795+0000] {taskinstance.py:1400} INFO - Marking task as SUCCESS. dag_id=customer_churn_ml_pipeline, task_id=data_ingestion_task, execution_date=20250302T063950, start_date=20250302T063958, end_date=20250302T064002
[2025-03-02T06:40:02.817+0000] {local_task_job_runner.py:228} INFO - Task exited with return code 0
[2025-03-02T06:40:02.855+0000] {taskinstance.py:2778} INFO - 1 downstream tasks scheduled from follow-on schedule check
