[2025-03-01T09:49:18.350+0000] {taskinstance.py:1159} INFO - Dependencies all met for dep_context=non-requeueable deps ti=<TaskInstance: customer_churn_ml_pipeline.data_storage_task manual__2025-03-01T09:48:01.569331+00:00 [queued]>
[2025-03-01T09:49:18.361+0000] {taskinstance.py:1159} INFO - Dependencies all met for dep_context=requeueable deps ti=<TaskInstance: customer_churn_ml_pipeline.data_storage_task manual__2025-03-01T09:48:01.569331+00:00 [queued]>
[2025-03-01T09:49:18.362+0000] {taskinstance.py:1361} INFO - Starting attempt 1 of 1
[2025-03-01T09:49:18.384+0000] {taskinstance.py:1382} INFO - Executing <Task(BashOperator): data_storage_task> on 2025-03-01 09:48:01.569331+00:00
[2025-03-01T09:49:18.389+0000] {standard_task_runner.py:57} INFO - Started process 6597 to run task
[2025-03-01T09:49:18.392+0000] {standard_task_runner.py:84} INFO - Running: ['***', 'tasks', 'run', 'customer_churn_ml_pipeline', 'data_storage_task', 'manual__2025-03-01T09:48:01.569331+00:00', '--job-id', '35', '--raw', '--subdir', 'DAGS_FOLDER/customer_churn.py', '--cfg-path', '/tmp/tmp01p4gsyk']
[2025-03-01T09:49:18.395+0000] {standard_task_runner.py:85} INFO - Job 35: Subtask data_storage_task
[2025-03-01T09:49:18.415+0000] {logging_mixin.py:154} WARNING - /home/***/.local/lib/python3.8/site-packages/***/settings.py:195 DeprecationWarning: The sql_alchemy_conn option in [core] has been moved to the sql_alchemy_conn option in [database] - the old setting has been used, but please update your config.
[2025-03-01T09:49:18.465+0000] {task_command.py:416} INFO - Running <TaskInstance: customer_churn_ml_pipeline.data_storage_task manual__2025-03-01T09:48:01.569331+00:00 [running]> on host 7e994a0ed489
[2025-03-01T09:49:18.567+0000] {taskinstance.py:1662} INFO - Exporting env vars: AIRFLOW_CTX_DAG_OWNER='***' AIRFLOW_CTX_DAG_ID='customer_churn_ml_pipeline' AIRFLOW_CTX_TASK_ID='data_storage_task' AIRFLOW_CTX_EXECUTION_DATE='2025-03-01T09:48:01.569331+00:00' AIRFLOW_CTX_TRY_NUMBER='1' AIRFLOW_CTX_DAG_RUN_ID='manual__2025-03-01T09:48:01.569331+00:00'
[2025-03-01T09:49:18.568+0000] {subprocess.py:63} INFO - Tmp dir root location: /tmp
[2025-03-01T09:49:18.568+0000] {subprocess.py:75} INFO - Running command: ['/bin/bash', '-c', '\n\t\t\tcd /opt/***\n                        dvc pull /opt/***/data/transformed\n                        python /opt/***/executables/data_storage.py &&                         git commit -m "Updated stored data version" -a &&                         dvc push && git push\n                    ']
[2025-03-01T09:49:18.578+0000] {subprocess.py:86} INFO - Output:
[2025-03-01T09:49:21.840+0000] {subprocess.py:93} INFO - Everything is up to date.
[2025-03-01T09:49:33.263+0000] {subprocess.py:93} INFO - [main fe368de] Updated stored data version
[2025-03-01T09:49:33.264+0000] {subprocess.py:93} INFO -  2 files changed, 17 insertions(+)
[2025-03-01T09:49:39.864+0000] {subprocess.py:93} INFO - Everything is up to date.
[2025-03-01T09:49:42.279+0000] {subprocess.py:93} INFO - To https://github.com/anniemathew-trial/customer_churn_pipeline.git
[2025-03-01T09:49:42.280+0000] {subprocess.py:93} INFO -    a743c1f..fe368de  main -> main
[2025-03-01T09:49:42.287+0000] {subprocess.py:97} INFO - Command exited with return code 0
[2025-03-01T09:49:42.341+0000] {taskinstance.py:1400} INFO - Marking task as SUCCESS. dag_id=customer_churn_ml_pipeline, task_id=data_storage_task, execution_date=20250301T094801, start_date=20250301T094918, end_date=20250301T094942
[2025-03-01T09:49:42.409+0000] {local_task_job_runner.py:228} INFO - Task exited with return code 0
[2025-03-01T09:49:42.488+0000] {taskinstance.py:2778} INFO - 0 downstream tasks scheduled from follow-on schedule check
