[2025-03-02T12:01:45.080+0000] {taskinstance.py:1159} INFO - Dependencies all met for dep_context=non-requeueable deps ti=<TaskInstance: customer_churn_ml_pipeline.model_training_task manual__2025-03-02T11:59:10.816860+00:00 [queued]>
[2025-03-02T12:01:45.092+0000] {taskinstance.py:1159} INFO - Dependencies all met for dep_context=requeueable deps ti=<TaskInstance: customer_churn_ml_pipeline.model_training_task manual__2025-03-02T11:59:10.816860+00:00 [queued]>
[2025-03-02T12:01:45.092+0000] {taskinstance.py:1361} INFO - Starting attempt 1 of 1
[2025-03-02T12:01:45.109+0000] {taskinstance.py:1382} INFO - Executing <Task(BashOperator): model_training_task> on 2025-03-02 11:59:10.816860+00:00
[2025-03-02T12:01:45.114+0000] {standard_task_runner.py:57} INFO - Started process 17320 to run task
[2025-03-02T12:01:45.117+0000] {standard_task_runner.py:84} INFO - Running: ['***', 'tasks', 'run', 'customer_churn_ml_pipeline', 'model_training_task', 'manual__2025-03-02T11:59:10.816860+00:00', '--job-id', '240', '--raw', '--subdir', 'DAGS_FOLDER/customer_churn.py', '--cfg-path', '/tmp/tmpn8q7nd33']
[2025-03-02T12:01:45.120+0000] {standard_task_runner.py:85} INFO - Job 240: Subtask model_training_task
[2025-03-02T12:01:45.142+0000] {logging_mixin.py:154} WARNING - /home/***/.local/lib/python3.8/site-packages/***/settings.py:195 DeprecationWarning: The sql_alchemy_conn option in [core] has been moved to the sql_alchemy_conn option in [database] - the old setting has been used, but please update your config.
[2025-03-02T12:01:45.191+0000] {task_command.py:416} INFO - Running <TaskInstance: customer_churn_ml_pipeline.model_training_task manual__2025-03-02T11:59:10.816860+00:00 [running]> on host 9113a5746a05
[2025-03-02T12:01:45.302+0000] {taskinstance.py:1662} INFO - Exporting env vars: AIRFLOW_CTX_DAG_OWNER='***' AIRFLOW_CTX_DAG_ID='customer_churn_ml_pipeline' AIRFLOW_CTX_TASK_ID='model_training_task' AIRFLOW_CTX_EXECUTION_DATE='2025-03-02T11:59:10.816860+00:00' AIRFLOW_CTX_TRY_NUMBER='1' AIRFLOW_CTX_DAG_RUN_ID='manual__2025-03-02T11:59:10.816860+00:00'
[2025-03-02T12:01:45.304+0000] {subprocess.py:63} INFO - Tmp dir root location: /tmp
[2025-03-02T12:01:45.304+0000] {subprocess.py:75} INFO - Running command: ['/bin/bash', '-c', '\n\t    \t\tcd /opt/***\n       \t\t\t    python /opt/***/executables/model_training.py && \t      \t\t    git add logs && \t      \t\t    git add mlruns && \t        \t    git status &&                             git commit -m "Trained model version" -a && \\    \n\t\t\t    git push\n                        ']
[2025-03-02T12:01:45.314+0000] {subprocess.py:86} INFO - Output:
[2025-03-02T12:01:53.265+0000] {subprocess.py:93} INFO - /home/***/.local/lib/python3.8/site-packages/mlflow/gateway/config.py:64: PydanticDeprecatedSince20: Pydantic V1 style `@validator` validators are deprecated. You should migrate to Pydantic V2 style `@field_validator` validators, see the migration guide for more details. Deprecated in Pydantic V2.0 to be removed in V3.0. See Pydantic V2 Migration Guide at https://errors.pydantic.dev/2.4/migration/
[2025-03-02T12:01:53.265+0000] {subprocess.py:93} INFO -   @validator("togetherai_api_key", pre=True)
[2025-03-02T12:01:53.265+0000] {subprocess.py:93} INFO - /home/***/.local/lib/python3.8/site-packages/mlflow/gateway/config.py:372: PydanticDeprecatedSince20: Pydantic V1 style `@root_validator` validators are deprecated. You should migrate to Pydantic V2 style `@model_validator` validators, see the migration guide for more details. Deprecated in Pydantic V2.0 to be removed in V3.0. See Pydantic V2 Migration Guide at https://errors.pydantic.dev/2.4/migration/
[2025-03-02T12:01:53.266+0000] {subprocess.py:93} INFO -   @root_validator(skip_on_failure=True)
[2025-03-02T12:01:53.266+0000] {subprocess.py:93} INFO - /home/***/.local/lib/python3.8/site-packages/pydantic/_internal/_config.py:267: PydanticDeprecatedSince20: Support for class-based `config` is deprecated, use ConfigDict instead. Deprecated in Pydantic V2.0 to be removed in V3.0. See Pydantic V2 Migration Guide at https://errors.pydantic.dev/2.4/migration/
[2025-03-02T12:01:53.266+0000] {subprocess.py:93} INFO -   warnings.warn(DEPRECATION_MESSAGE, DeprecationWarning)
[2025-03-02T12:01:53.266+0000] {subprocess.py:93} INFO - 2025-03-02 12:01:53,264 : INFO : Starting model training
[2025-03-02T12:01:53.288+0000] {subprocess.py:93} INFO - 2025-03-02 12:01:53,287 : INFO : Registry cache expired, so refreshing
[2025-03-02T12:01:53.301+0000] {subprocess.py:93} INFO - 2025-03-02 12:01:53,301 : INFO : Getting data
[2025-03-02T12:01:53.302+0000] {subprocess.py:93} INFO - 2025-03-02 12:01:53,302 : INFO : Start and End Range: 1 to 1000
[2025-03-02T12:01:53.417+0000] {subprocess.py:93} INFO - 2025-03-02 12:01:53,417 : INFO : Stoping at Start and End Range: 1 to 1000
[2025-03-02T12:01:53.418+0000] {subprocess.py:93} INFO - 2025-03-02 12:01:53,417 : INFO : Created feature data
[2025-03-02T12:01:53.418+0000] {subprocess.py:93} INFO - Error in model training: No objects to concatenate
[2025-03-02T12:01:54.334+0000] {subprocess.py:93} INFO - On branch main
[2025-03-02T12:01:54.335+0000] {subprocess.py:93} INFO - Your branch is up to date with 'origin/main'.
[2025-03-02T12:01:54.335+0000] {subprocess.py:93} INFO - 
[2025-03-02T12:01:54.335+0000] {subprocess.py:93} INFO - Changes to be committed:
[2025-03-02T12:01:54.335+0000] {subprocess.py:93} INFO -   (use "git restore --staged <file>..." to unstage)
[2025-03-02T12:01:54.335+0000] {subprocess.py:93} INFO - 	modified:   logs/dag_id=customer_churn_ml_pipeline/run_id=manual__2025-03-02T11:59:10.816860+00:00/task_id=feature_store_task/attempt=1.log
[2025-03-02T12:01:54.336+0000] {subprocess.py:93} INFO - 	new file:   logs/dag_id=customer_churn_ml_pipeline/run_id=manual__2025-03-02T11:59:10.816860+00:00/task_id=model_training_task/attempt=1.log
[2025-03-02T12:01:54.336+0000] {subprocess.py:93} INFO - 	modified:   logs/model_training.log
[2025-03-02T12:01:54.336+0000] {subprocess.py:93} INFO - 	modified:   logs/scheduler/2025-03-02/customer_churn.py.log
[2025-03-02T12:01:54.336+0000] {subprocess.py:93} INFO - 
[2025-03-02T12:01:54.336+0000] {subprocess.py:93} INFO - Untracked files:
[2025-03-02T12:01:54.336+0000] {subprocess.py:93} INFO -   (use "git add <file>..." to include in what will be committed)
[2025-03-02T12:01:54.337+0000] {subprocess.py:93} INFO - 	customer_churn_stats/feature_repo/data/
[2025-03-02T12:01:54.337+0000] {subprocess.py:93} INFO - 
