[2025-03-02T12:50:26.165+0000] {taskinstance.py:1159} INFO - Dependencies all met for dep_context=non-requeueable deps ti=<TaskInstance: customer_churn_ml_pipeline.raw_data_storage_task manual__2025-03-02T12:50:14.407067+00:00 [queued]>
[2025-03-02T12:50:26.174+0000] {taskinstance.py:1159} INFO - Dependencies all met for dep_context=requeueable deps ti=<TaskInstance: customer_churn_ml_pipeline.raw_data_storage_task manual__2025-03-02T12:50:14.407067+00:00 [queued]>
[2025-03-02T12:50:26.175+0000] {taskinstance.py:1361} INFO - Starting attempt 1 of 1
[2025-03-02T12:50:26.194+0000] {taskinstance.py:1382} INFO - Executing <Task(BashOperator): raw_data_storage_task> on 2025-03-02 12:50:14.407067+00:00
[2025-03-02T12:50:26.198+0000] {standard_task_runner.py:57} INFO - Started process 19408 to run task
[2025-03-02T12:50:26.201+0000] {standard_task_runner.py:84} INFO - Running: ['***', 'tasks', 'run', 'customer_churn_ml_pipeline', 'raw_data_storage_task', 'manual__2025-03-02T12:50:14.407067+00:00', '--job-id', '261', '--raw', '--subdir', 'DAGS_FOLDER/customer_churn.py', '--cfg-path', '/tmp/tmpzn_6ftr5']
[2025-03-02T12:50:26.203+0000] {standard_task_runner.py:85} INFO - Job 261: Subtask raw_data_storage_task
[2025-03-02T12:50:26.224+0000] {logging_mixin.py:154} WARNING - /home/***/.local/lib/python3.8/site-packages/***/settings.py:195 DeprecationWarning: The sql_alchemy_conn option in [core] has been moved to the sql_alchemy_conn option in [database] - the old setting has been used, but please update your config.
[2025-03-02T12:50:26.268+0000] {task_command.py:416} INFO - Running <TaskInstance: customer_churn_ml_pipeline.raw_data_storage_task manual__2025-03-02T12:50:14.407067+00:00 [running]> on host 9113a5746a05
[2025-03-02T12:50:26.380+0000] {taskinstance.py:1662} INFO - Exporting env vars: AIRFLOW_CTX_DAG_OWNER='***' AIRFLOW_CTX_DAG_ID='customer_churn_ml_pipeline' AIRFLOW_CTX_TASK_ID='raw_data_storage_task' AIRFLOW_CTX_EXECUTION_DATE='2025-03-02T12:50:14.407067+00:00' AIRFLOW_CTX_TRY_NUMBER='1' AIRFLOW_CTX_DAG_RUN_ID='manual__2025-03-02T12:50:14.407067+00:00'
[2025-03-02T12:50:26.381+0000] {subprocess.py:63} INFO - Tmp dir root location: /tmp
[2025-03-02T12:50:26.382+0000] {subprocess.py:75} INFO - Running command: ['/bin/bash', '-c', '\n\t\t\tcd /opt/*** &&                        python /opt/***/executables/raw_data_storage.py && \t\t\tgit rm -r --cached \'opt/***/data/raw\' && \t\t\tgit commit -m "stop tracking data/raw"\n                        dvc add /opt/***/data/raw &&                         git add /opt/***/data/raw.dvc && \t\t\tgit add logs &&\\   \n   \t\t\tgit status &&                         git commit -m "Updated raw data storage" -a &&                         dvc push && git push\n                    ']
[2025-03-02T12:50:26.390+0000] {subprocess.py:86} INFO - Output:
[2025-03-02T12:50:26.910+0000] {subprocess.py:93} INFO - 2025-03-02 12:50:26,909 : INFO : Starting Raw Data upload for CSV
[2025-03-02T12:50:34.115+0000] {subprocess.py:93} INFO - 2025-03-02 12:50:34,114 : INFO : Upload completed for CSV.
[2025-03-02T12:50:34.116+0000] {subprocess.py:93} INFO - 2025-03-02 12:50:34,115 : INFO : Starting Raw Data upload for Database
[2025-03-02T12:50:36.788+0000] {subprocess.py:93} INFO - 2025-03-02 12:50:36,788 : INFO : Upload completed for database.
[2025-03-02T12:50:36.892+0000] {subprocess.py:93} INFO - fatal: pathspec 'opt/***/data/raw' did not match any files
[2025-03-02T12:50:38.299+0000] {subprocess.py:93} INFO - 
[2025-03-02T12:50:38.300+0000] {subprocess.py:93} INFO - To track the changes with git, run:
[2025-03-02T12:50:38.300+0000] {subprocess.py:93} INFO - 
[2025-03-02T12:50:38.300+0000] {subprocess.py:93} INFO - 	git add data/raw.dvc
[2025-03-02T12:50:38.300+0000] {subprocess.py:93} INFO - 
[2025-03-02T12:50:38.300+0000] {subprocess.py:93} INFO - To enable auto staging, run:
[2025-03-02T12:50:38.301+0000] {subprocess.py:93} INFO - 
[2025-03-02T12:50:38.301+0000] {subprocess.py:93} INFO - 	dvc config core.autostage true
[2025-03-02T12:50:38.577+0000] {subprocess.py:93} INFO - /bin/bash: line 3:  : command not found
[2025-03-02T12:50:38.608+0000] {subprocess.py:93} INFO - On branch main
[2025-03-02T12:50:38.608+0000] {subprocess.py:93} INFO - Your branch is up to date with 'origin/main'.
[2025-03-02T12:50:38.609+0000] {subprocess.py:93} INFO - 
[2025-03-02T12:50:38.609+0000] {subprocess.py:93} INFO - Changes to be committed:
[2025-03-02T12:50:38.610+0000] {subprocess.py:93} INFO -   (use "git restore --staged <file>..." to unstage)
[2025-03-02T12:50:38.610+0000] {subprocess.py:93} INFO - 	modified:   logs/dag_id=customer_churn_ml_pipeline/run_id=manual__2025-03-02T12:50:14.407067+00:00/task_id=data_ingestion_task/attempt=1.log
[2025-03-02T12:50:38.611+0000] {subprocess.py:93} INFO - 	new file:   logs/dag_id=customer_churn_ml_pipeline/run_id=manual__2025-03-02T12:50:14.407067+00:00/task_id=raw_data_storage_task/attempt=1.log
[2025-03-02T12:50:38.611+0000] {subprocess.py:93} INFO - 	modified:   logs/raw_data_storage.log
[2025-03-02T12:50:38.611+0000] {subprocess.py:93} INFO - 
[2025-03-02T12:50:38.612+0000] {subprocess.py:93} INFO - Changes not staged for commit:
[2025-03-02T12:50:38.612+0000] {subprocess.py:93} INFO -   (use "git add <file>..." to update what will be committed)
[2025-03-02T12:50:38.612+0000] {subprocess.py:93} INFO -   (use "git restore <file>..." to discard changes in working directory)
[2025-03-02T12:50:38.613+0000] {subprocess.py:93} INFO - 	modified:   logs/dag_id=customer_churn_ml_pipeline/run_id=manual__2025-03-02T12:50:14.407067+00:00/task_id=raw_data_storage_task/attempt=1.log
[2025-03-02T12:50:38.613+0000] {subprocess.py:93} INFO - 
[2025-03-02T12:50:38.613+0000] {subprocess.py:93} INFO - Untracked files:
[2025-03-02T12:50:38.613+0000] {subprocess.py:93} INFO -   (use "git add <file>..." to include in what will be committed)
[2025-03-02T12:50:38.614+0000] {subprocess.py:93} INFO - 	customer_churn_stats/feature_repo/data/
[2025-03-02T12:50:38.617+0000] {subprocess.py:93} INFO - 	mlruns/mlruns/mlruns/
[2025-03-02T12:50:38.617+0000] {subprocess.py:93} INFO - 
[2025-03-02T12:50:38.634+0000] {subprocess.py:93} INFO - [main f58d67a] Updated raw data storage
[2025-03-02T12:50:38.635+0000] {subprocess.py:93} INFO -  3 files changed, 60 insertions(+)
[2025-03-02T12:50:38.635+0000] {subprocess.py:93} INFO -  create mode 100644 logs/dag_id=customer_churn_ml_pipeline/run_id=manual__2025-03-02T12:50:14.407067+00:00/task_id=raw_data_storage_task/attempt=1.log
[2025-03-02T12:50:44.762+0000] {subprocess.py:93} INFO - Everything is up to date.
[2025-03-02T12:50:46.378+0000] {subprocess.py:93} INFO - To https://github.com/anniemathew-trial/customer_churn_pipeline.git
[2025-03-02T12:50:46.379+0000] {subprocess.py:93} INFO -    d3f907f..f58d67a  main -> main
[2025-03-02T12:50:46.388+0000] {subprocess.py:97} INFO - Command exited with return code 0
[2025-03-02T12:50:46.433+0000] {taskinstance.py:1400} INFO - Marking task as SUCCESS. dag_id=customer_churn_ml_pipeline, task_id=raw_data_storage_task, execution_date=20250302T125014, start_date=20250302T125026, end_date=20250302T125046
[2025-03-02T12:50:46.474+0000] {local_task_job_runner.py:228} INFO - Task exited with return code 0
[2025-03-02T12:50:46.511+0000] {taskinstance.py:2778} INFO - 1 downstream tasks scheduled from follow-on schedule check
