[2025-03-09T12:11:56.991+0000] {taskinstance.py:1159} INFO - Dependencies all met for dep_context=non-requeueable deps ti=<TaskInstance: customer_churn_ml_pipeline.model_training_task manual__2025-03-09T12:09:46.285124+00:00 [queued]>
[2025-03-09T12:11:57.001+0000] {taskinstance.py:1159} INFO - Dependencies all met for dep_context=requeueable deps ti=<TaskInstance: customer_churn_ml_pipeline.model_training_task manual__2025-03-09T12:09:46.285124+00:00 [queued]>
[2025-03-09T12:11:57.001+0000] {taskinstance.py:1361} INFO - Starting attempt 1 of 1
[2025-03-09T12:11:57.020+0000] {taskinstance.py:1382} INFO - Executing <Task(BashOperator): model_training_task> on 2025-03-09 12:09:46.285124+00:00
[2025-03-09T12:11:57.024+0000] {standard_task_runner.py:57} INFO - Started process 5322 to run task
[2025-03-09T12:11:57.026+0000] {standard_task_runner.py:84} INFO - Running: ['***', 'tasks', 'run', 'customer_churn_ml_pipeline', 'model_training_task', 'manual__2025-03-09T12:09:46.285124+00:00', '--job-id', '347', '--raw', '--subdir', 'DAGS_FOLDER/customer_churn.py', '--cfg-path', '/tmp/tmp6dth1g85']
[2025-03-09T12:11:57.028+0000] {standard_task_runner.py:85} INFO - Job 347: Subtask model_training_task
[2025-03-09T12:11:57.053+0000] {logging_mixin.py:154} WARNING - /home/***/.local/lib/python3.8/site-packages/***/settings.py:195 DeprecationWarning: The sql_alchemy_conn option in [core] has been moved to the sql_alchemy_conn option in [database] - the old setting has been used, but please update your config.
[2025-03-09T12:11:57.090+0000] {task_command.py:416} INFO - Running <TaskInstance: customer_churn_ml_pipeline.model_training_task manual__2025-03-09T12:09:46.285124+00:00 [running]> on host 157237bff8f7
[2025-03-09T12:11:57.194+0000] {taskinstance.py:1662} INFO - Exporting env vars: AIRFLOW_CTX_DAG_OWNER='***' AIRFLOW_CTX_DAG_ID='customer_churn_ml_pipeline' AIRFLOW_CTX_TASK_ID='model_training_task' AIRFLOW_CTX_EXECUTION_DATE='2025-03-09T12:09:46.285124+00:00' AIRFLOW_CTX_TRY_NUMBER='1' AIRFLOW_CTX_DAG_RUN_ID='manual__2025-03-09T12:09:46.285124+00:00'
[2025-03-09T12:11:57.195+0000] {subprocess.py:63} INFO - Tmp dir root location: /tmp
[2025-03-09T12:11:57.195+0000] {subprocess.py:75} INFO - Running command: ['/bin/bash', '-c', '\n\t    \t\tcd /opt/***\n       \t\t\t    python /opt/***/executables/model_training.py && \t      \t\t    git add logs && \t      \t\t    git add mlruns && \t        \t    git status &&                             git commit -m "Trained model version" -a && \\    \n\t\t\t    git push\n                        ']
[2025-03-09T12:11:57.203+0000] {subprocess.py:86} INFO - Output:
[2025-03-09T12:12:03.534+0000] {subprocess.py:93} INFO - /home/***/.local/lib/python3.8/site-packages/mlflow/gateway/config.py:64: PydanticDeprecatedSince20: Pydantic V1 style `@validator` validators are deprecated. You should migrate to Pydantic V2 style `@field_validator` validators, see the migration guide for more details. Deprecated in Pydantic V2.0 to be removed in V3.0. See Pydantic V2 Migration Guide at https://errors.pydantic.dev/2.4/migration/
[2025-03-09T12:12:03.534+0000] {subprocess.py:93} INFO -   @validator("togetherai_api_key", pre=True)
[2025-03-09T12:12:03.534+0000] {subprocess.py:93} INFO - /home/***/.local/lib/python3.8/site-packages/mlflow/gateway/config.py:372: PydanticDeprecatedSince20: Pydantic V1 style `@root_validator` validators are deprecated. You should migrate to Pydantic V2 style `@model_validator` validators, see the migration guide for more details. Deprecated in Pydantic V2.0 to be removed in V3.0. See Pydantic V2 Migration Guide at https://errors.pydantic.dev/2.4/migration/
[2025-03-09T12:12:03.535+0000] {subprocess.py:93} INFO -   @root_validator(skip_on_failure=True)
[2025-03-09T12:12:03.535+0000] {subprocess.py:93} INFO - /home/***/.local/lib/python3.8/site-packages/pydantic/_internal/_config.py:267: PydanticDeprecatedSince20: Support for class-based `config` is deprecated, use ConfigDict instead. Deprecated in Pydantic V2.0 to be removed in V3.0. See Pydantic V2 Migration Guide at https://errors.pydantic.dev/2.4/migration/
[2025-03-09T12:12:03.535+0000] {subprocess.py:93} INFO -   warnings.warn(DEPRECATION_MESSAGE, DeprecationWarning)
[2025-03-09T12:12:03.535+0000] {subprocess.py:93} INFO - 2025-03-09 12:12:03,534 : INFO : Starting model training
[2025-03-09T12:12:03.550+0000] {subprocess.py:93} INFO - 2025-03-09 12:12:03,549 : INFO : Registry cache expired, so refreshing
[2025-03-09T12:12:03.559+0000] {subprocess.py:93} INFO - 2025-03-09 12:12:03,559 : INFO : Getting data
[2025-03-09T12:12:03.560+0000] {subprocess.py:93} INFO - 2025-03-09 12:12:03,559 : INFO : Start and End Range: 1 to 1000
[2025-03-09T12:12:03.907+0000] {subprocess.py:93} INFO - 2025-03-09 12:12:03,906 : INFO : Data fetched: 999
[2025-03-09T12:12:03.907+0000] {subprocess.py:93} INFO - 2025-03-09 12:12:03,907 : INFO : New Start and End Range: 1001 to 2000
[2025-03-09T12:12:03.908+0000] {subprocess.py:93} INFO - 2025-03-09 12:12:03,907 : INFO : Start and End Range: 1001 to 2000
[2025-03-09T12:12:04.174+0000] {subprocess.py:93} INFO - 2025-03-09 12:12:04,172 : INFO : Data fetched: 999
[2025-03-09T12:12:04.175+0000] {subprocess.py:93} INFO - 2025-03-09 12:12:04,174 : INFO : New Start and End Range: 3001 to 4000
[2025-03-09T12:12:04.175+0000] {subprocess.py:93} INFO - 2025-03-09 12:12:04,175 : INFO : Start and End Range: 3001 to 4000
[2025-03-09T12:12:04.521+0000] {subprocess.py:93} INFO - 2025-03-09 12:12:04,520 : INFO : Data fetched: 999
[2025-03-09T12:12:04.521+0000] {subprocess.py:93} INFO - 2025-03-09 12:12:04,520 : INFO : New Start and End Range: 7001 to 8000
[2025-03-09T12:12:04.521+0000] {subprocess.py:93} INFO - 2025-03-09 12:12:04,521 : INFO : Start and End Range: 7001 to 8000
[2025-03-09T12:12:04.808+0000] {subprocess.py:93} INFO - 2025-03-09 12:12:04,808 : INFO : Data fetched: 999
[2025-03-09T12:12:04.808+0000] {subprocess.py:93} INFO - 2025-03-09 12:12:04,808 : INFO : New Start and End Range: 15001 to 16000
[2025-03-09T12:12:04.809+0000] {subprocess.py:93} INFO - 2025-03-09 12:12:04,808 : INFO : Start and End Range: 15001 to 16000
[2025-03-09T12:12:05.295+0000] {subprocess.py:93} INFO - 2025-03-09 12:12:05,295 : INFO : Data fetched: 999
[2025-03-09T12:12:05.295+0000] {subprocess.py:93} INFO - 2025-03-09 12:12:05,295 : INFO : New Start and End Range: 31001 to 32000
[2025-03-09T12:12:05.296+0000] {subprocess.py:93} INFO - 2025-03-09 12:12:05,295 : INFO : Start and End Range: 31001 to 32000
[2025-03-09T12:12:05.596+0000] {subprocess.py:93} INFO - 2025-03-09 12:12:05,595 : INFO : Data fetched: 999
[2025-03-09T12:12:05.596+0000] {subprocess.py:93} INFO - 2025-03-09 12:12:05,596 : INFO : New Start and End Range: 63001 to 64000
[2025-03-09T12:12:05.596+0000] {subprocess.py:93} INFO - 2025-03-09 12:12:05,596 : INFO : Start and End Range: 63001 to 64000
[2025-03-09T12:12:05.684+0000] {subprocess.py:93} INFO - 2025-03-09 12:12:05,683 : INFO : Reached End of Data
[2025-03-09T12:12:05.686+0000] {subprocess.py:93} INFO - 2025-03-09 12:12:05,686 : INFO : Stoping at Start and End Range: 63001 to 64000
[2025-03-09T12:12:05.687+0000] {subprocess.py:93} INFO - 2025-03-09 12:12:05,686 : INFO : Created feature data
[2025-03-09T12:12:05.687+0000] {subprocess.py:93} INFO - 2025-03-09 12:12:05,686 : INFO : Total Data fetched: 6
[2025-03-09T12:12:05.691+0000] {subprocess.py:93} INFO - 2025-03-09 12:12:05,691 : INFO : received feature data
[2025-03-09T12:12:05.696+0000] {subprocess.py:93} INFO - 2025-03-09 12:12:05,695 : INFO : Models defined
[2025-03-09T12:12:05.696+0000] {subprocess.py:93} INFO - 2025-03-09 12:12:05,696 : INFO : Training model RandomForest
[2025-03-09T12:12:06.956+0000] {subprocess.py:93} INFO - 2025-03-09 12:12:06,955 : INFO : Predicting model RandomForest
[2025-03-09T12:12:06.984+0000] {subprocess.py:93} INFO - 2025-03-09 12:12:06,984 : INFO : Calculating accuracy RandomForest
[2025-03-09T12:12:11.272+0000] {subprocess.py:93} INFO - 2025/03/09 12:12:11 WARNING mlflow.models.model: Model logged without a signature and input example. Please set `input_example` parameter when logging the model to auto infer the model signature.
[2025-03-09T12:12:11.402+0000] {subprocess.py:93} INFO - 2025-03-09 12:12:11,402 : INFO : Logged model RandomForest
[2025-03-09T12:12:11.434+0000] {subprocess.py:93} INFO - 2025/03/09 12:12:11 INFO mlflow.tracking._tracking_service.client: 🏃 View run RandomForest at: http://localhost:5000/#/experiments/0/runs/bd320bda64ca4f3798521ad0e101f9f6.
[2025-03-09T12:12:11.434+0000] {subprocess.py:93} INFO - 2025/03/09 12:12:11 INFO mlflow.tracking._tracking_service.client: 🧪 View experiment at: http://localhost:5000/#/experiments/0.
[2025-03-09T12:12:11.441+0000] {subprocess.py:93} INFO - 2025-03-09 12:12:11,441 : INFO : Training model LinearRegression
[2025-03-09T12:12:11.504+0000] {subprocess.py:93} INFO - /home/***/.local/lib/python3.8/site-packages/sklearn/linear_model/_logistic.py:460: ConvergenceWarning: lbfgs failed to converge (status=1):
[2025-03-09T12:12:11.505+0000] {subprocess.py:93} INFO - STOP: TOTAL NO. of ITERATIONS REACHED LIMIT.
[2025-03-09T12:12:11.505+0000] {subprocess.py:93} INFO - 
[2025-03-09T12:12:11.505+0000] {subprocess.py:93} INFO - Increase the number of iterations (max_iter) or scale the data as shown in:
[2025-03-09T12:12:11.505+0000] {subprocess.py:93} INFO -     https://scikit-learn.org/stable/modules/preprocessing.html
[2025-03-09T12:12:11.506+0000] {subprocess.py:93} INFO - Please also refer to the documentation for alternative solver options:
[2025-03-09T12:12:11.506+0000] {subprocess.py:93} INFO -     https://scikit-learn.org/stable/modules/linear_model.html#logistic-regression
[2025-03-09T12:12:11.506+0000] {subprocess.py:93} INFO -   n_iter_i = _check_optimize_result(
[2025-03-09T12:12:11.506+0000] {subprocess.py:93} INFO - 2025-03-09 12:12:11,504 : INFO : Predicting model LinearRegression
[2025-03-09T12:12:11.509+0000] {subprocess.py:93} INFO - 2025-03-09 12:12:11,509 : INFO : Calculating accuracy LinearRegression
[2025-03-09T12:12:15.167+0000] {subprocess.py:93} INFO - 2025/03/09 12:12:15 WARNING mlflow.models.model: Model logged without a signature and input example. Please set `input_example` parameter when logging the model to auto infer the model signature.
[2025-03-09T12:12:15.239+0000] {subprocess.py:93} INFO - 2025-03-09 12:12:15,238 : INFO : Logged model LinearRegression
[2025-03-09T12:12:15.254+0000] {subprocess.py:93} INFO - 2025/03/09 12:12:15 INFO mlflow.tracking._tracking_service.client: 🏃 View run LinearRegression at: http://localhost:5000/#/experiments/0/runs/709d12f32eac46a3a486b4f309d3e165.
[2025-03-09T12:12:15.254+0000] {subprocess.py:93} INFO - 2025/03/09 12:12:15 INFO mlflow.tracking._tracking_service.client: 🧪 View experiment at: http://localhost:5000/#/experiments/0.
[2025-03-09T12:12:15.265+0000] {subprocess.py:93} INFO - 2025-03-09 12:12:15,265 : INFO : Training model DecisionTree
[2025-03-09T12:12:15.297+0000] {subprocess.py:93} INFO - 2025-03-09 12:12:15,297 : INFO : Predicting model DecisionTree
[2025-03-09T12:12:15.300+0000] {subprocess.py:93} INFO - 2025-03-09 12:12:15,300 : INFO : Calculating accuracy DecisionTree
[2025-03-09T12:12:19.575+0000] {subprocess.py:93} INFO - 2025/03/09 12:12:19 WARNING mlflow.models.model: Model logged without a signature and input example. Please set `input_example` parameter when logging the model to auto infer the model signature.
[2025-03-09T12:12:19.623+0000] {subprocess.py:93} INFO - 2025-03-09 12:12:19,623 : INFO : Logged model DecisionTree
[2025-03-09T12:12:19.633+0000] {subprocess.py:93} INFO - 2025/03/09 12:12:19 INFO mlflow.tracking._tracking_service.client: 🏃 View run DecisionTree at: http://localhost:5000/#/experiments/0/runs/970193bd7c6445ec995a4562d3ffdf8b.
[2025-03-09T12:12:19.634+0000] {subprocess.py:93} INFO - 2025/03/09 12:12:19 INFO mlflow.tracking._tracking_service.client: 🧪 View experiment at: http://localhost:5000/#/experiments/0.
[2025-03-09T12:12:19.640+0000] {subprocess.py:93} INFO - 2025-03-09 12:12:19,640 : INFO : Starting best model registration
[2025-03-09T12:12:19.641+0000] {subprocess.py:93} INFO - 2025-03-09 12:12:19,640 : INFO : Finding Best model
[2025-03-09T12:12:19.714+0000] {subprocess.py:93} INFO - 2025-03-09 12:12:19,713 : INFO : Selected best model : run_id                                            d372010ed55142098d35f880b4b7339f
[2025-03-09T12:12:19.714+0000] {subprocess.py:93} INFO - experiment_id                                                                    0
[2025-03-09T12:12:19.714+0000] {subprocess.py:93} INFO - status                                                                    FINISHED
[2025-03-09T12:12:19.714+0000] {subprocess.py:93} INFO - artifact_uri                     mlflow-artifacts:/0/d372010ed55142098d35f880b4...
[2025-03-09T12:12:19.714+0000] {subprocess.py:93} INFO - start_time                                        2025-03-09 11:35:45.395000+00:00
[2025-03-09T12:12:19.715+0000] {subprocess.py:93} INFO - end_time                                          2025-03-09 11:35:50.125000+00:00
[2025-03-09T12:12:19.715+0000] {subprocess.py:93} INFO - metrics.f1_score                                                          0.652381
[2025-03-09T12:12:19.715+0000] {subprocess.py:93} INFO - metrics.precision                                                         0.791908
[2025-03-09T12:12:19.715+0000] {subprocess.py:93} INFO - metrics.recall                                                            0.554656
[2025-03-09T12:12:19.715+0000] {subprocess.py:93} INFO - metrics.accuracy                                                          0.878232
[2025-03-09T12:12:19.715+0000] {subprocess.py:93} INFO - params.model_type                                                     RandomForest
[2025-03-09T12:12:19.715+0000] {subprocess.py:93} INFO - tags.mlflow.source.name                              executables/model_training.py
[2025-03-09T12:12:19.716+0000] {subprocess.py:93} INFO - tags.mlflow.log-model.history    [{"run_id": "d372010ed55142098d35f880b4b7339f"...
[2025-03-09T12:12:19.716+0000] {subprocess.py:93} INFO - tags.mlflow.source.git.commit             c7be44594672bffe451ff8b64c27676ce66f5d44
[2025-03-09T12:12:19.716+0000] {subprocess.py:93} INFO - tags.mlflow.source.type                                                      LOCAL
[2025-03-09T12:12:19.716+0000] {subprocess.py:93} INFO - tags.mlflow.user                                                           ***
[2025-03-09T12:12:19.716+0000] {subprocess.py:93} INFO - tags.mlflow.runName                                                   RandomForest
[2025-03-09T12:12:19.716+0000] {subprocess.py:93} INFO - Name: 11, dtype: object
[2025-03-09T12:12:19.716+0000] {subprocess.py:93} INFO - 2025-03-09 12:12:19,714 : INFO : Registering best model runs:/d372010ed55142098d35f880b4b7339f/RandomForest_model
[2025-03-09T12:12:19.775+0000] {subprocess.py:93} INFO - Registered model 'Best_ML_Model' already exists. Creating a new version of this model...
[2025-03-09T12:12:19.775+0000] {subprocess.py:93} INFO - 2025/03/09 12:12:19 INFO mlflow.store.model_registry.abstract_store: Waiting up to 300 seconds for model version to finish creation. Model name: Best_ML_Model, version 4
[2025-03-09T12:12:19.775+0000] {subprocess.py:93} INFO - Created version '4' of model 'Best_ML_Model'.
[2025-03-09T12:12:19.775+0000] {subprocess.py:93} INFO - 2025-03-09 12:12:19,775 : INFO : Completed model training & registration !!
[2025-03-09T12:12:20.411+0000] {subprocess.py:93} INFO - On branch main
[2025-03-09T12:12:20.411+0000] {subprocess.py:93} INFO - Your branch is up to date with 'origin/main'.
[2025-03-09T12:12:20.411+0000] {subprocess.py:93} INFO - 
[2025-03-09T12:12:20.411+0000] {subprocess.py:93} INFO - Changes to be committed:
[2025-03-09T12:12:20.411+0000] {subprocess.py:93} INFO -   (use "git restore --staged <file>..." to unstage)
[2025-03-09T12:12:20.412+0000] {subprocess.py:93} INFO - 	new file:   logs/dag_id=customer_churn_ml_pipeline/run_id=manual__2025-03-09T12:09:46.285124+00:00/task_id=feature_store_task/attempt=1.log
[2025-03-09T12:12:20.412+0000] {subprocess.py:93} INFO - 	new file:   logs/dag_id=customer_churn_ml_pipeline/run_id=manual__2025-03-09T12:09:46.285124+00:00/task_id=model_training_task/attempt=1.log
[2025-03-09T12:12:20.412+0000] {subprocess.py:93} INFO - 	modified:   logs/dag_processor_manager/dag_processor_manager.log
[2025-03-09T12:12:20.412+0000] {subprocess.py:93} INFO - 	modified:   logs/model_training.log
[2025-03-09T12:12:20.412+0000] {subprocess.py:93} INFO - 	modified:   logs/scheduler/2025-03-09/customer_churn.py.log
[2025-03-09T12:12:20.412+0000] {subprocess.py:93} INFO - 	new file:   mlruns/0/709d12f32eac46a3a486b4f309d3e165/meta.yaml
[2025-03-09T12:12:20.412+0000] {subprocess.py:93} INFO - 	new file:   mlruns/0/709d12f32eac46a3a486b4f309d3e165/metrics/accuracy
[2025-03-09T12:12:20.412+0000] {subprocess.py:93} INFO - 	new file:   mlruns/0/709d12f32eac46a3a486b4f309d3e165/metrics/f1_score
[2025-03-09T12:12:20.412+0000] {subprocess.py:93} INFO - 	new file:   mlruns/0/709d12f32eac46a3a486b4f309d3e165/metrics/precision
[2025-03-09T12:12:20.413+0000] {subprocess.py:93} INFO - 	new file:   mlruns/0/709d12f32eac46a3a486b4f309d3e165/metrics/recall
[2025-03-09T12:12:20.413+0000] {subprocess.py:93} INFO - 	new file:   mlruns/0/709d12f32eac46a3a486b4f309d3e165/params/model_type
[2025-03-09T12:12:20.413+0000] {subprocess.py:93} INFO - 	new file:   mlruns/0/709d12f32eac46a3a486b4f309d3e165/tags/mlflow.log-model.history
[2025-03-09T12:12:20.413+0000] {subprocess.py:93} INFO - 	new file:   mlruns/0/709d12f32eac46a3a486b4f309d3e165/tags/mlflow.runName
[2025-03-09T12:12:20.413+0000] {subprocess.py:93} INFO - 	new file:   mlruns/0/709d12f32eac46a3a486b4f309d3e165/tags/mlflow.source.git.commit
[2025-03-09T12:12:20.413+0000] {subprocess.py:93} INFO - 	new file:   mlruns/0/709d12f32eac46a3a486b4f309d3e165/tags/mlflow.source.name
[2025-03-09T12:12:20.413+0000] {subprocess.py:93} INFO - 	new file:   mlruns/0/709d12f32eac46a3a486b4f309d3e165/tags/mlflow.source.type
[2025-03-09T12:12:20.413+0000] {subprocess.py:93} INFO - 	new file:   mlruns/0/709d12f32eac46a3a486b4f309d3e165/tags/mlflow.user
[2025-03-09T12:12:20.414+0000] {subprocess.py:93} INFO - 	new file:   mlruns/0/970193bd7c6445ec995a4562d3ffdf8b/meta.yaml
[2025-03-09T12:12:20.414+0000] {subprocess.py:93} INFO - 	new file:   mlruns/0/970193bd7c6445ec995a4562d3ffdf8b/metrics/accuracy
[2025-03-09T12:12:20.414+0000] {subprocess.py:93} INFO - 	new file:   mlruns/0/970193bd7c6445ec995a4562d3ffdf8b/metrics/f1_score
[2025-03-09T12:12:20.414+0000] {subprocess.py:93} INFO - 	new file:   mlruns/0/970193bd7c6445ec995a4562d3ffdf8b/metrics/precision
[2025-03-09T12:12:20.414+0000] {subprocess.py:93} INFO - 	new file:   mlruns/0/970193bd7c6445ec995a4562d3ffdf8b/metrics/recall
[2025-03-09T12:12:20.414+0000] {subprocess.py:93} INFO - 	new file:   mlruns/0/970193bd7c6445ec995a4562d3ffdf8b/params/model_type
[2025-03-09T12:12:20.414+0000] {subprocess.py:93} INFO - 	new file:   mlruns/0/970193bd7c6445ec995a4562d3ffdf8b/tags/mlflow.log-model.history
[2025-03-09T12:12:20.414+0000] {subprocess.py:93} INFO - 	new file:   mlruns/0/970193bd7c6445ec995a4562d3ffdf8b/tags/mlflow.runName
[2025-03-09T12:12:20.414+0000] {subprocess.py:93} INFO - 	new file:   mlruns/0/970193bd7c6445ec995a4562d3ffdf8b/tags/mlflow.source.git.commit
[2025-03-09T12:12:20.415+0000] {subprocess.py:93} INFO - 	new file:   mlruns/0/970193bd7c6445ec995a4562d3ffdf8b/tags/mlflow.source.name
[2025-03-09T12:12:20.415+0000] {subprocess.py:93} INFO - 	new file:   mlruns/0/970193bd7c6445ec995a4562d3ffdf8b/tags/mlflow.source.type
[2025-03-09T12:12:20.415+0000] {subprocess.py:93} INFO - 	new file:   mlruns/0/970193bd7c6445ec995a4562d3ffdf8b/tags/mlflow.user
[2025-03-09T12:12:20.415+0000] {subprocess.py:93} INFO - 	new file:   mlruns/0/bd320bda64ca4f3798521ad0e101f9f6/meta.yaml
[2025-03-09T12:12:20.415+0000] {subprocess.py:93} INFO - 	new file:   mlruns/0/bd320bda64ca4f3798521ad0e101f9f6/metrics/accuracy
[2025-03-09T12:12:20.415+0000] {subprocess.py:93} INFO - 	new file:   mlruns/0/bd320bda64ca4f3798521ad0e101f9f6/metrics/f1_score
[2025-03-09T12:12:20.415+0000] {subprocess.py:93} INFO - 	new file:   mlruns/0/bd320bda64ca4f3798521ad0e101f9f6/metrics/precision
[2025-03-09T12:12:20.415+0000] {subprocess.py:93} INFO - 	new file:   mlruns/0/bd320bda64ca4f3798521ad0e101f9f6/metrics/recall
[2025-03-09T12:12:20.416+0000] {subprocess.py:93} INFO - 	new file:   mlruns/0/bd320bda64ca4f3798521ad0e101f9f6/params/model_type
[2025-03-09T12:12:20.416+0000] {subprocess.py:93} INFO - 	new file:   mlruns/0/bd320bda64ca4f3798521ad0e101f9f6/tags/mlflow.log-model.history
[2025-03-09T12:12:20.416+0000] {subprocess.py:93} INFO - 	new file:   mlruns/0/bd320bda64ca4f3798521ad0e101f9f6/tags/mlflow.runName
[2025-03-09T12:12:20.416+0000] {subprocess.py:93} INFO - 	new file:   mlruns/0/bd320bda64ca4f3798521ad0e101f9f6/tags/mlflow.source.git.commit
[2025-03-09T12:12:20.416+0000] {subprocess.py:93} INFO - 	new file:   mlruns/0/bd320bda64ca4f3798521ad0e101f9f6/tags/mlflow.source.name
