[2025-03-01T09:59:42.503+0000] {taskinstance.py:1159} INFO - Dependencies all met for dep_context=non-requeueable deps ti=<TaskInstance: customer_churn_ml_pipeline.model_training_task manual__2025-03-01T09:56:13.522073+00:00 [queued]>
[2025-03-01T09:59:42.520+0000] {taskinstance.py:1159} INFO - Dependencies all met for dep_context=requeueable deps ti=<TaskInstance: customer_churn_ml_pipeline.model_training_task manual__2025-03-01T09:56:13.522073+00:00 [queued]>
[2025-03-01T09:59:42.520+0000] {taskinstance.py:1361} INFO - Starting attempt 1 of 1
[2025-03-01T09:59:42.546+0000] {taskinstance.py:1382} INFO - Executing <Task(BashOperator): model_training_task> on 2025-03-01 09:56:13.522073+00:00
[2025-03-01T09:59:42.554+0000] {standard_task_runner.py:57} INFO - Started process 7929 to run task
[2025-03-01T09:59:42.561+0000] {standard_task_runner.py:84} INFO - Running: ['***', 'tasks', 'run', 'customer_churn_ml_pipeline', 'model_training_task', 'manual__2025-03-01T09:56:13.522073+00:00', '--job-id', '53', '--raw', '--subdir', 'DAGS_FOLDER/customer_churn.py', '--cfg-path', '/tmp/tmpjjpqidm7']
[2025-03-01T09:59:42.566+0000] {standard_task_runner.py:85} INFO - Job 53: Subtask model_training_task
[2025-03-01T09:59:42.597+0000] {logging_mixin.py:154} WARNING - /home/***/.local/lib/python3.8/site-packages/***/settings.py:195 DeprecationWarning: The sql_alchemy_conn option in [core] has been moved to the sql_alchemy_conn option in [database] - the old setting has been used, but please update your config.
[2025-03-01T09:59:42.644+0000] {task_command.py:416} INFO - Running <TaskInstance: customer_churn_ml_pipeline.model_training_task manual__2025-03-01T09:56:13.522073+00:00 [running]> on host 7e994a0ed489
[2025-03-01T09:59:42.758+0000] {taskinstance.py:1662} INFO - Exporting env vars: AIRFLOW_CTX_DAG_OWNER='***' AIRFLOW_CTX_DAG_ID='customer_churn_ml_pipeline' AIRFLOW_CTX_TASK_ID='model_training_task' AIRFLOW_CTX_EXECUTION_DATE='2025-03-01T09:56:13.522073+00:00' AIRFLOW_CTX_TRY_NUMBER='1' AIRFLOW_CTX_DAG_RUN_ID='manual__2025-03-01T09:56:13.522073+00:00'
[2025-03-01T09:59:42.759+0000] {subprocess.py:63} INFO - Tmp dir root location: /tmp
[2025-03-01T09:59:42.760+0000] {subprocess.py:75} INFO - Running command: ['/bin/bash', '-c', '\n\t    \t\tcd /opt/***\n       \t\t\t    mlflow ui --host 0.0.0.0 --port 5000\n\t    \t\t    python /opt/***/executables/model_training.py &&                             git commit -m "Trained model version" -a && \\                            \n                        ']
[2025-03-01T09:59:42.771+0000] {subprocess.py:86} INFO - Output:
[2025-03-01T09:59:42.773+0000] {subprocess.py:93} INFO - /bin/bash: line 3: mlflow: command not found
[2025-03-01T09:59:51.006+0000] {subprocess.py:93} INFO - Traceback (most recent call last):
[2025-03-01T09:59:51.006+0000] {subprocess.py:93} INFO -   File "/opt/***/executables/model_training.py", line 10, in <module>
[2025-03-01T09:59:51.007+0000] {subprocess.py:93} INFO -     import mlflow
[2025-03-01T09:59:51.007+0000] {subprocess.py:93} INFO - ModuleNotFoundError: No module named 'mlflow'
[2025-03-01T09:59:51.469+0000] {subprocess.py:97} INFO - Command exited with return code 1
[2025-03-01T09:59:51.491+0000] {taskinstance.py:1937} ERROR - Task failed with exception
Traceback (most recent call last):
  File "/home/airflow/.local/lib/python3.8/site-packages/airflow/operators/bash.py", line 210, in execute
    raise AirflowException(
airflow.exceptions.AirflowException: Bash command failed. The command returned a non-zero exit code 1.
[2025-03-01T09:59:51.497+0000] {taskinstance.py:1400} INFO - Marking task as FAILED. dag_id=customer_churn_ml_pipeline, task_id=model_training_task, execution_date=20250301T095613, start_date=20250301T095942, end_date=20250301T095951
[2025-03-01T09:59:51.519+0000] {standard_task_runner.py:104} ERROR - Failed to execute job 53 for task model_training_task (Bash command failed. The command returned a non-zero exit code 1.; 7929)
[2025-03-01T09:59:51.542+0000] {local_task_job_runner.py:228} INFO - Task exited with return code 1
[2025-03-01T09:59:51.574+0000] {taskinstance.py:2778} INFO - 0 downstream tasks scheduled from follow-on schedule check
