[2025-03-01T09:28:55.922+0000] {taskinstance.py:1159} INFO - Dependencies all met for dep_context=non-requeueable deps ti=<TaskInstance: customer_churn_ml_pipeline.data_ingestion_task manual__2025-03-01T09:28:45.794831+00:00 [queued]>
[2025-03-01T09:28:55.946+0000] {taskinstance.py:1159} INFO - Dependencies all met for dep_context=requeueable deps ti=<TaskInstance: customer_churn_ml_pipeline.data_ingestion_task manual__2025-03-01T09:28:45.794831+00:00 [queued]>
[2025-03-01T09:28:55.947+0000] {taskinstance.py:1361} INFO - Starting attempt 1 of 1
[2025-03-01T09:28:55.987+0000] {taskinstance.py:1382} INFO - Executing <Task(BashOperator): data_ingestion_task> on 2025-03-01 09:28:45.794831+00:00
[2025-03-01T09:28:55.994+0000] {standard_task_runner.py:57} INFO - Started process 4455 to run task
[2025-03-01T09:28:56.011+0000] {standard_task_runner.py:84} INFO - Running: ['***', 'tasks', 'run', 'customer_churn_ml_pipeline', 'data_ingestion_task', 'manual__2025-03-01T09:28:45.794831+00:00', '--job-id', '8', '--raw', '--subdir', 'DAGS_FOLDER/customer_churn.py', '--cfg-path', '/tmp/tmp1zqfjklh']
[2025-03-01T09:28:56.029+0000] {standard_task_runner.py:85} INFO - Job 8: Subtask data_ingestion_task
[2025-03-01T09:28:56.095+0000] {logging_mixin.py:154} WARNING - /home/***/.local/lib/python3.8/site-packages/***/settings.py:195 DeprecationWarning: The sql_alchemy_conn option in [core] has been moved to the sql_alchemy_conn option in [database] - the old setting has been used, but please update your config.
[2025-03-01T09:28:56.242+0000] {task_command.py:416} INFO - Running <TaskInstance: customer_churn_ml_pipeline.data_ingestion_task manual__2025-03-01T09:28:45.794831+00:00 [running]> on host 7e994a0ed489
[2025-03-01T09:28:56.665+0000] {taskinstance.py:1662} INFO - Exporting env vars: AIRFLOW_CTX_DAG_OWNER='***' AIRFLOW_CTX_DAG_ID='customer_churn_ml_pipeline' AIRFLOW_CTX_TASK_ID='data_ingestion_task' AIRFLOW_CTX_EXECUTION_DATE='2025-03-01T09:28:45.794831+00:00' AIRFLOW_CTX_TRY_NUMBER='1' AIRFLOW_CTX_DAG_RUN_ID='manual__2025-03-01T09:28:45.794831+00:00'
[2025-03-01T09:28:56.668+0000] {subprocess.py:63} INFO - Tmp dir root location: /tmp
[2025-03-01T09:28:56.670+0000] {subprocess.py:75} INFO - Running command: ['/bin/bash', '-c', 'python /opt/***/executables/data_ingestion.py && \t\t\tcd /opt/*** && \t\t\tgit rm -r --cached \'data/raw\'\n\t\t\tgit commit -m "stop tracking data/raw"\n                        dvc add /opt/***/data/raw &&                         git add /opt/***/data/raw.dvc &&                         git commit -m "Updated raw data version" -a &&                         dvc push && git push\n                    ']
[2025-03-01T09:28:56.707+0000] {subprocess.py:86} INFO - Output:
[2025-03-01T09:28:58.878+0000] {subprocess.py:93} INFO - /opt/***/executables/data_ingestion.py:46: UserWarning: pandas only supports SQLAlchemy connectable (engine/connection) or database string URI or sqlite3 DBAPI2 connection. Other DBAPI2 objects are not tested. Please consider using SQLAlchemy.
[2025-03-01T09:28:58.878+0000] {subprocess.py:93} INFO -   data = pd.read_sql(query, connection)
[2025-03-01T09:28:59.013+0000] {subprocess.py:93} INFO - fatal: pathspec 'data/raw' did not match any files
[2025-03-01T09:28:59.019+0000] {subprocess.py:93} INFO - On branch main
[2025-03-01T09:28:59.020+0000] {subprocess.py:93} INFO - Your branch is up to date with 'origin/main'.
[2025-03-01T09:28:59.020+0000] {subprocess.py:93} INFO - 
[2025-03-01T09:28:59.021+0000] {subprocess.py:93} INFO - Last command done (1 command done):
[2025-03-01T09:28:59.021+0000] {subprocess.py:93} INFO -    pick 3c82e37 Initial Commit
[2025-03-01T09:28:59.021+0000] {subprocess.py:93} INFO - No commands remaining.
[2025-03-01T09:28:59.021+0000] {subprocess.py:93} INFO - You are currently editing a commit while rebasing branch 'master' on 'f6df714'.
[2025-03-01T09:28:59.022+0000] {subprocess.py:93} INFO -   (use "git commit --amend" to amend the current commit)
[2025-03-01T09:28:59.022+0000] {subprocess.py:93} INFO -   (use "git rebase --continue" once you are satisfied with your changes)
[2025-03-01T09:28:59.022+0000] {subprocess.py:93} INFO - 
[2025-03-01T09:28:59.023+0000] {subprocess.py:93} INFO - Changes not staged for commit:
[2025-03-01T09:28:59.023+0000] {subprocess.py:93} INFO -   (use "git add <file>..." to update what will be committed)
[2025-03-01T09:28:59.023+0000] {subprocess.py:93} INFO -   (use "git restore <file>..." to discard changes in working directory)
[2025-03-01T09:28:59.023+0000] {subprocess.py:93} INFO - 	modified:   dags/__pycache__/customer_churn.cpython-38.pyc
[2025-03-01T09:28:59.024+0000] {subprocess.py:93} INFO - 	modified:   logs/dag_processor_manager/dag_processor_manager.log
[2025-03-01T09:28:59.024+0000] {subprocess.py:93} INFO - 	modified:   logs/data_ingestion.log
[2025-03-01T09:28:59.024+0000] {subprocess.py:93} INFO - 
[2025-03-01T09:28:59.024+0000] {subprocess.py:93} INFO - Untracked files:
[2025-03-01T09:28:59.024+0000] {subprocess.py:93} INFO -   (use "git add <file>..." to include in what will be committed)
[2025-03-01T09:28:59.024+0000] {subprocess.py:93} INFO - 	logs/dag_id=customer_churn_ml_pipeline/run_id=manual__2025-03-01T09:24:44.681682+00:00/
[2025-03-01T09:28:59.025+0000] {subprocess.py:93} INFO - 	logs/dag_id=customer_churn_ml_pipeline/run_id=manual__2025-03-01T09:26:34.885424+00:00/
[2025-03-01T09:28:59.025+0000] {subprocess.py:93} INFO - 	logs/dag_id=customer_churn_ml_pipeline/run_id=manual__2025-03-01T09:28:45.794831+00:00/
[2025-03-01T09:28:59.025+0000] {subprocess.py:93} INFO - 	logs/dag_id=customer_churn_ml_pipeline/run_id=scheduled__2025-02-28T08:00:00+00:00/
[2025-03-01T09:28:59.025+0000] {subprocess.py:93} INFO - 	logs/scheduler/2025-03-01/
[2025-03-01T09:28:59.025+0000] {subprocess.py:93} INFO - 
[2025-03-01T09:28:59.026+0000] {subprocess.py:93} INFO - no changes added to commit (use "git add" and/or "git commit -a")
[2025-03-01T09:29:00.977+0000] {subprocess.py:93} INFO - 
[2025-03-01T09:29:00.977+0000] {subprocess.py:93} INFO - To track the changes with git, run:
[2025-03-01T09:29:00.977+0000] {subprocess.py:93} INFO - 
[2025-03-01T09:29:00.977+0000] {subprocess.py:93} INFO - 	git add data/raw.dvc
[2025-03-01T09:29:00.978+0000] {subprocess.py:93} INFO - 
[2025-03-01T09:29:00.978+0000] {subprocess.py:93} INFO - To enable auto staging, run:
[2025-03-01T09:29:00.978+0000] {subprocess.py:93} INFO - 
[2025-03-01T09:29:00.978+0000] {subprocess.py:93} INFO - 	dvc config core.autostage true
[2025-03-01T09:29:01.315+0000] {subprocess.py:93} INFO - [main af71f58] Updated raw data version
[2025-03-01T09:29:01.316+0000] {subprocess.py:93} INFO -  3 files changed, 79 insertions(+)
[2025-03-01T09:29:07.305+0000] {subprocess.py:93} INFO - Everything is up to date.
[2025-03-01T09:29:08.601+0000] {subprocess.py:93} INFO - remote: Permission to anniemathew-trial/customer_churn_pipeline.git denied to anniemathew-trial.
[2025-03-01T09:29:08.601+0000] {subprocess.py:93} INFO - fatal: unable to access 'https://github.com/anniemathew-trial/customer_churn_pipeline.git/': The requested URL returned error: 403
[2025-03-01T09:29:08.605+0000] {subprocess.py:97} INFO - Command exited with return code 128
[2025-03-01T09:29:08.646+0000] {taskinstance.py:1937} ERROR - Task failed with exception
Traceback (most recent call last):
  File "/home/airflow/.local/lib/python3.8/site-packages/airflow/operators/bash.py", line 210, in execute
    raise AirflowException(
airflow.exceptions.AirflowException: Bash command failed. The command returned a non-zero exit code 128.
[2025-03-01T09:29:08.655+0000] {taskinstance.py:1400} INFO - Marking task as FAILED. dag_id=customer_churn_ml_pipeline, task_id=data_ingestion_task, execution_date=20250301T092845, start_date=20250301T092855, end_date=20250301T092908
[2025-03-01T09:29:08.689+0000] {standard_task_runner.py:104} ERROR - Failed to execute job 8 for task data_ingestion_task (Bash command failed. The command returned a non-zero exit code 128.; 4455)
[2025-03-01T09:29:08.723+0000] {local_task_job_runner.py:228} INFO - Task exited with return code 1
[2025-03-01T09:29:08.794+0000] {taskinstance.py:2778} INFO - 0 downstream tasks scheduled from follow-on schedule check
