[2025-03-02T13:21:59.602+0000] {taskinstance.py:1159} INFO - Dependencies all met for dep_context=non-requeueable deps ti=<TaskInstance: customer_churn_ml_pipeline.data_preparation_task manual__2025-03-02T13:21:14.694081+00:00 [queued]>
[2025-03-02T13:21:59.613+0000] {taskinstance.py:1159} INFO - Dependencies all met for dep_context=requeueable deps ti=<TaskInstance: customer_churn_ml_pipeline.data_preparation_task manual__2025-03-02T13:21:14.694081+00:00 [queued]>
[2025-03-02T13:21:59.613+0000] {taskinstance.py:1361} INFO - Starting attempt 1 of 1
[2025-03-02T13:21:59.638+0000] {taskinstance.py:1382} INFO - Executing <Task(BashOperator): data_preparation_task> on 2025-03-02 13:21:14.694081+00:00
[2025-03-02T13:21:59.648+0000] {standard_task_runner.py:57} INFO - Started process 21240 to run task
[2025-03-02T13:21:59.655+0000] {standard_task_runner.py:84} INFO - Running: ['***', 'tasks', 'run', 'customer_churn_ml_pipeline', 'data_preparation_task', 'manual__2025-03-02T13:21:14.694081+00:00', '--job-id', '281', '--raw', '--subdir', 'DAGS_FOLDER/customer_churn.py', '--cfg-path', '/tmp/tmphvx0zx5m']
[2025-03-02T13:21:59.659+0000] {standard_task_runner.py:85} INFO - Job 281: Subtask data_preparation_task
[2025-03-02T13:21:59.692+0000] {logging_mixin.py:154} WARNING - /home/***/.local/lib/python3.8/site-packages/***/settings.py:195 DeprecationWarning: The sql_alchemy_conn option in [core] has been moved to the sql_alchemy_conn option in [database] - the old setting has been used, but please update your config.
[2025-03-02T13:21:59.768+0000] {task_command.py:416} INFO - Running <TaskInstance: customer_churn_ml_pipeline.data_preparation_task manual__2025-03-02T13:21:14.694081+00:00 [running]> on host 9113a5746a05
[2025-03-02T13:21:59.981+0000] {taskinstance.py:1662} INFO - Exporting env vars: AIRFLOW_CTX_DAG_OWNER='***' AIRFLOW_CTX_DAG_ID='customer_churn_ml_pipeline' AIRFLOW_CTX_TASK_ID='data_preparation_task' AIRFLOW_CTX_EXECUTION_DATE='2025-03-02T13:21:14.694081+00:00' AIRFLOW_CTX_TRY_NUMBER='1' AIRFLOW_CTX_DAG_RUN_ID='manual__2025-03-02T13:21:14.694081+00:00'
[2025-03-02T13:21:59.983+0000] {subprocess.py:63} INFO - Tmp dir root location: /tmp
[2025-03-02T13:21:59.985+0000] {subprocess.py:75} INFO - Running command: ['/bin/bash', '-c', '\n\t\t\tcd /opt/*** &&\t\t\tpython /opt/***/executables/data_preparation.py &&                         dvc add /opt/***/data/cleaned &&                         git add /opt/***/data/cleaned.dvc && \t\t\tgit add logs && \\   \n\t\t\tgit add visualization &&    \t\t\tgit status &&                         git commit -m "Updated cleaned data version" -a &&                         dvc push && git push\n                    ']
[2025-03-02T13:21:59.999+0000] {subprocess.py:86} INFO - Output:
[2025-03-02T13:22:02.872+0000] {subprocess.py:93} INFO - 2025-03-02 13:22:02,872 : INFO : Starting data preparation for csv.
[2025-03-02T13:22:02.894+0000] {subprocess.py:93} INFO - 2025-03-02 13:22:02,893 : INFO : Handling 'Tenure', 'Balance', 'EstimatedSalary' empty data
[2025-03-02T13:22:02.894+0000] {subprocess.py:93} INFO - 2025-03-02 13:22:02,894 : INFO : Handling 'Age' empty data
[2025-03-02T13:22:02.895+0000] {subprocess.py:93} INFO - 2025-03-02 13:22:02,895 : INFO : Droping 'Surname' as it may lead to profiling, 'RowNumber', 'CustomerId' as it is not required
[2025-03-02T13:22:02.897+0000] {subprocess.py:93} INFO - 2025-03-02 13:22:02,897 : INFO : Making 'Geography', 'Gender', 'HasCrCard', 'IsActiveMember' as categorical
[2025-03-02T13:22:02.906+0000] {subprocess.py:93} INFO - 2025-03-02 13:22:02,906 : INFO : Saving data to S3.
[2025-03-02T13:22:02.906+0000] {subprocess.py:93} INFO - 2025-03-02 13:22:02,906 : INFO : Directory created at /opt/***/data/cleaned/02-03-2025/csv
[2025-03-02T13:22:03.140+0000] {subprocess.py:93} INFO - 2025-03-02 13:22:03,140 : INFO : Connected to s3
[2025-03-02T13:22:06.507+0000] {subprocess.py:93} INFO - 2025-03-02 13:22:06,506 : INFO : File uploaded to S3
[2025-03-02T13:22:06.509+0000] {subprocess.py:93} INFO - 2025-03-02 13:22:06,509 : INFO : Creating Pie chart
[2025-03-02T13:22:06.600+0000] {subprocess.py:93} INFO - 2025-03-02 13:22:06,599 : INFO : Generating histogram for column CreditScore.
[2025-03-02T13:22:06.732+0000] {subprocess.py:93} INFO - 2025-03-02 13:22:06,732 : INFO : Generating histogram for column Geography.
[2025-03-02T13:22:06.906+0000] {subprocess.py:93} INFO - 2025-03-02 13:22:06,906 : INFO : Generating histogram for column Gender.
[2025-03-02T13:22:07.009+0000] {subprocess.py:93} INFO - 2025-03-02 13:22:07,009 : INFO : Generating histogram for column Age.
[2025-03-02T13:22:07.174+0000] {subprocess.py:93} INFO - 2025-03-02 13:22:07,173 : INFO : Generating histogram for column Tenure.
[2025-03-02T13:22:07.390+0000] {subprocess.py:93} INFO - 2025-03-02 13:22:07,390 : INFO : Generating histogram for column Balance.
[2025-03-02T13:22:07.565+0000] {subprocess.py:93} INFO - 2025-03-02 13:22:07,564 : INFO : Generating histogram for column NumOfProducts.
[2025-03-02T13:22:07.728+0000] {subprocess.py:93} INFO - 2025-03-02 13:22:07,728 : INFO : Generating histogram for column HasCrCard.
[2025-03-02T13:22:07.911+0000] {subprocess.py:93} INFO - 2025-03-02 13:22:07,910 : INFO : Generating histogram for column IsActiveMember.
[2025-03-02T13:22:08.067+0000] {subprocess.py:93} INFO - 2025-03-02 13:22:08,067 : INFO : Generating histogram for column EstimatedSalary.
[2025-03-02T13:22:08.241+0000] {subprocess.py:93} INFO - 2025-03-02 13:22:08,241 : INFO : Generating histogram for column Exited.
[2025-03-02T13:22:08.429+0000] {subprocess.py:93} INFO - 2025-03-02 13:22:08,428 : INFO : Generating histogram for relation of Exited with Categorical data.
[2025-03-02T13:22:08.836+0000] {subprocess.py:93} INFO - 2025-03-02 13:22:08,835 : INFO : Using categorical units to plot a list of strings that are all parsable as floats or dates. If these strings should be plotted as numbers, cast to the appropriate data type before plotting.
[2025-03-02T13:22:08.850+0000] {subprocess.py:93} INFO - 2025-03-02 13:22:08,849 : INFO : Using categorical units to plot a list of strings that are all parsable as floats or dates. If these strings should be plotted as numbers, cast to the appropriate data type before plotting.
[2025-03-02T13:22:08.914+0000] {subprocess.py:93} INFO - 2025-03-02 13:22:08,914 : INFO : Using categorical units to plot a list of strings that are all parsable as floats or dates. If these strings should be plotted as numbers, cast to the appropriate data type before plotting.
[2025-03-02T13:22:08.928+0000] {subprocess.py:93} INFO - 2025-03-02 13:22:08,928 : INFO : Using categorical units to plot a list of strings that are all parsable as floats or dates. If these strings should be plotted as numbers, cast to the appropriate data type before plotting.
[2025-03-02T13:22:08.973+0000] {subprocess.py:93} INFO - 2025-03-02 13:22:08,973 : INFO : Generating box plots for relation of Exited with non Categorical data.
[2025-03-02T13:22:09.160+0000] {subprocess.py:93} INFO - 2025-03-02 13:22:09,160 : INFO : Using categorical units to plot a list of strings that are all parsable as floats or dates. If these strings should be plotted as numbers, cast to the appropriate data type before plotting.
[2025-03-02T13:22:09.175+0000] {subprocess.py:93} INFO - 2025-03-02 13:22:09,174 : INFO : Using categorical units to plot a list of strings that are all parsable as floats or dates. If these strings should be plotted as numbers, cast to the appropriate data type before plotting.
[2025-03-02T13:22:09.252+0000] {subprocess.py:93} INFO - 2025-03-02 13:22:09,251 : INFO : Using categorical units to plot a list of strings that are all parsable as floats or dates. If these strings should be plotted as numbers, cast to the appropriate data type before plotting.
[2025-03-02T13:22:09.266+0000] {subprocess.py:93} INFO - 2025-03-02 13:22:09,265 : INFO : Using categorical units to plot a list of strings that are all parsable as floats or dates. If these strings should be plotted as numbers, cast to the appropriate data type before plotting.
[2025-03-02T13:22:09.354+0000] {subprocess.py:93} INFO - 2025-03-02 13:22:09,353 : INFO : Using categorical units to plot a list of strings that are all parsable as floats or dates. If these strings should be plotted as numbers, cast to the appropriate data type before plotting.
[2025-03-02T13:22:09.368+0000] {subprocess.py:93} INFO - 2025-03-02 13:22:09,367 : INFO : Using categorical units to plot a list of strings that are all parsable as floats or dates. If these strings should be plotted as numbers, cast to the appropriate data type before plotting.
[2025-03-02T13:22:09.450+0000] {subprocess.py:93} INFO - 2025-03-02 13:22:09,449 : INFO : Using categorical units to plot a list of strings that are all parsable as floats or dates. If these strings should be plotted as numbers, cast to the appropriate data type before plotting.
[2025-03-02T13:22:09.469+0000] {subprocess.py:93} INFO - 2025-03-02 13:22:09,468 : INFO : Using categorical units to plot a list of strings that are all parsable as floats or dates. If these strings should be plotted as numbers, cast to the appropriate data type before plotting.
[2025-03-02T13:22:09.563+0000] {subprocess.py:93} INFO - 2025-03-02 13:22:09,563 : INFO : Using categorical units to plot a list of strings that are all parsable as floats or dates. If these strings should be plotted as numbers, cast to the appropriate data type before plotting.
[2025-03-02T13:22:09.591+0000] {subprocess.py:93} INFO - 2025-03-02 13:22:09,590 : INFO : Using categorical units to plot a list of strings that are all parsable as floats or dates. If these strings should be plotted as numbers, cast to the appropriate data type before plotting.
[2025-03-02T13:22:09.848+0000] {subprocess.py:93} INFO - 2025-03-02 13:22:09,848 : INFO : Using categorical units to plot a list of strings that are all parsable as floats or dates. If these strings should be plotted as numbers, cast to the appropriate data type before plotting.
[2025-03-02T13:22:09.865+0000] {subprocess.py:93} INFO - 2025-03-02 13:22:09,864 : INFO : Using categorical units to plot a list of strings that are all parsable as floats or dates. If these strings should be plotted as numbers, cast to the appropriate data type before plotting.
[2025-03-02T13:22:10.441+0000] {subprocess.py:93} INFO - 2025-03-02 13:22:10,441 : INFO : Saved pdf in visualization/plots.pdf
[2025-03-02T13:22:13.304+0000] {subprocess.py:93} INFO - 
[2025-03-02T13:22:13.305+0000] {subprocess.py:93} INFO - To track the changes with git, run:
[2025-03-02T13:22:13.305+0000] {subprocess.py:93} INFO - 
[2025-03-02T13:22:13.307+0000] {subprocess.py:93} INFO - 	git add data/cleaned.dvc
[2025-03-02T13:22:13.307+0000] {subprocess.py:93} INFO - 
[2025-03-02T13:22:13.308+0000] {subprocess.py:93} INFO - To enable auto staging, run:
[2025-03-02T13:22:13.308+0000] {subprocess.py:93} INFO - 
[2025-03-02T13:22:13.308+0000] {subprocess.py:93} INFO - 	dvc config core.autostage true
[2025-03-02T13:22:13.666+0000] {subprocess.py:93} INFO - /bin/bash: line 2:  : command not found
[2025-03-02T13:22:13.696+0000] {subprocess.py:93} INFO - On branch main
[2025-03-02T13:22:13.696+0000] {subprocess.py:93} INFO - Your branch is up to date with 'origin/main'.
[2025-03-02T13:22:13.697+0000] {subprocess.py:93} INFO - 
[2025-03-02T13:22:13.697+0000] {subprocess.py:93} INFO - Changes to be committed:
[2025-03-02T13:22:13.697+0000] {subprocess.py:93} INFO -   (use "git restore --staged <file>..." to unstage)
[2025-03-02T13:22:13.697+0000] {subprocess.py:93} INFO - 	new file:   logs/dag_id=customer_churn_ml_pipeline/run_id=manual__2025-03-02T13:21:14.694081+00:00/task_id=data_preparation_task/attempt=1.log
[2025-03-02T13:22:13.698+0000] {subprocess.py:93} INFO - 	modified:   logs/dag_id=customer_churn_ml_pipeline/run_id=manual__2025-03-02T13:21:14.694081+00:00/task_id=data_validation_task/attempt=1.log
[2025-03-02T13:22:13.698+0000] {subprocess.py:93} INFO - 	modified:   logs/data_preparation.log
[2025-03-02T13:22:13.698+0000] {subprocess.py:93} INFO - 	modified:   logs/scheduler/2025-03-02/customer_churn.py.log
[2025-03-02T13:22:13.698+0000] {subprocess.py:93} INFO - 	modified:   visualization/plots.pdf
[2025-03-02T13:22:13.699+0000] {subprocess.py:93} INFO - 
[2025-03-02T13:22:13.699+0000] {subprocess.py:93} INFO - Changes not staged for commit:
[2025-03-02T13:22:13.699+0000] {subprocess.py:93} INFO -   (use "git add <file>..." to update what will be committed)
[2025-03-02T13:22:13.699+0000] {subprocess.py:93} INFO -   (use "git restore <file>..." to discard changes in working directory)
[2025-03-02T13:22:13.700+0000] {subprocess.py:93} INFO - 	modified:   logs/dag_id=customer_churn_ml_pipeline/run_id=manual__2025-03-02T13:21:14.694081+00:00/task_id=data_preparation_task/attempt=1.log
[2025-03-02T13:22:13.700+0000] {subprocess.py:93} INFO - 
[2025-03-02T13:22:13.700+0000] {subprocess.py:93} INFO - Untracked files:
[2025-03-02T13:22:13.700+0000] {subprocess.py:93} INFO -   (use "git add <file>..." to include in what will be committed)
[2025-03-02T13:22:13.700+0000] {subprocess.py:93} INFO - 	customer_churn_stats/README.md
[2025-03-02T13:22:13.701+0000] {subprocess.py:93} INFO - 	customer_churn_stats/feature_repo/__pycache__/example_repo.cpython-38.pyc
[2025-03-02T13:22:13.701+0000] {subprocess.py:93} INFO - 	customer_churn_stats/feature_repo/__pycache__/test_workflow.cpython-38.pyc
[2025-03-02T13:22:13.701+0000] {subprocess.py:93} INFO - 
[2025-03-02T13:22:13.735+0000] {subprocess.py:93} INFO - [main b4a412e] Updated cleaned data version
[2025-03-02T13:22:13.735+0000] {subprocess.py:93} INFO -  5 files changed, 141 insertions(+)
[2025-03-02T13:22:13.736+0000] {subprocess.py:93} INFO -  create mode 100644 logs/dag_id=customer_churn_ml_pipeline/run_id=manual__2025-03-02T13:21:14.694081+00:00/task_id=data_preparation_task/attempt=1.log
[2025-03-02T13:22:19.990+0000] {subprocess.py:93} INFO - Everything is up to date.
[2025-03-02T13:22:22.002+0000] {subprocess.py:93} INFO - To https://github.com/anniemathew-trial/customer_churn_pipeline.git
[2025-03-02T13:22:22.002+0000] {subprocess.py:93} INFO -    9f79af4..b4a412e  main -> main
[2025-03-02T13:22:22.011+0000] {subprocess.py:97} INFO - Command exited with return code 0
[2025-03-02T13:22:22.080+0000] {taskinstance.py:1400} INFO - Marking task as SUCCESS. dag_id=customer_churn_ml_pipeline, task_id=data_preparation_task, execution_date=20250302T132114, start_date=20250302T132159, end_date=20250302T132222
[2025-03-02T13:22:22.138+0000] {local_task_job_runner.py:228} INFO - Task exited with return code 0
[2025-03-02T13:22:22.175+0000] {taskinstance.py:2778} INFO - 1 downstream tasks scheduled from follow-on schedule check
