[2025-03-09T10:55:46.845+0000] {processor.py:157} INFO - Started process (PID=313) to work on /opt/airflow/dags/customer_churn.py
[2025-03-09T10:55:46.846+0000] {processor.py:829} INFO - Processing file /opt/airflow/dags/customer_churn.py for tasks to queue
[2025-03-09T10:55:46.848+0000] {logging_mixin.py:154} INFO - [2025-03-09T10:55:46.847+0000] {dagbag.py:536} INFO - Filling up the DagBag from /opt/airflow/dags/customer_churn.py
[2025-03-09T10:55:46.871+0000] {processor.py:839} INFO - DAG(s) dict_keys(['customer_churn_ml_pipeline']) retrieved from /opt/airflow/dags/customer_churn.py
[2025-03-09T10:55:46.948+0000] {logging_mixin.py:154} INFO - [2025-03-09T10:55:46.948+0000] {dag.py:2941} INFO - Sync 1 DAGs
[2025-03-09T10:55:46.994+0000] {logging_mixin.py:154} INFO - [2025-03-09T10:55:46.994+0000] {dag.py:3722} INFO - Setting next_dagrun for customer_churn_ml_pipeline to 2025-03-09T08:00:00+00:00, run_after=2025-03-10T08:00:00+00:00
[2025-03-09T10:55:47.034+0000] {processor.py:179} INFO - Processing /opt/airflow/dags/customer_churn.py took 0.194 seconds
[2025-03-09T10:56:17.081+0000] {processor.py:157} INFO - Started process (PID=460) to work on /opt/airflow/dags/customer_churn.py
[2025-03-09T10:56:17.083+0000] {processor.py:829} INFO - Processing file /opt/airflow/dags/customer_churn.py for tasks to queue
[2025-03-09T10:56:17.084+0000] {logging_mixin.py:154} INFO - [2025-03-09T10:56:17.084+0000] {dagbag.py:536} INFO - Filling up the DagBag from /opt/airflow/dags/customer_churn.py
[2025-03-09T10:56:17.108+0000] {processor.py:839} INFO - DAG(s) dict_keys(['customer_churn_ml_pipeline']) retrieved from /opt/airflow/dags/customer_churn.py
[2025-03-09T10:56:17.179+0000] {logging_mixin.py:154} INFO - [2025-03-09T10:56:17.179+0000] {dag.py:2941} INFO - Sync 1 DAGs
[2025-03-09T10:56:17.237+0000] {logging_mixin.py:154} INFO - [2025-03-09T10:56:17.236+0000] {dag.py:3722} INFO - Setting next_dagrun for customer_churn_ml_pipeline to 2025-03-09T08:00:00+00:00, run_after=2025-03-10T08:00:00+00:00
[2025-03-09T10:56:17.273+0000] {processor.py:179} INFO - Processing /opt/airflow/dags/customer_churn.py took 0.197 seconds
[2025-03-09T10:56:47.395+0000] {processor.py:157} INFO - Started process (PID=582) to work on /opt/airflow/dags/customer_churn.py
[2025-03-09T10:56:47.397+0000] {processor.py:829} INFO - Processing file /opt/airflow/dags/customer_churn.py for tasks to queue
[2025-03-09T10:56:47.398+0000] {logging_mixin.py:154} INFO - [2025-03-09T10:56:47.397+0000] {dagbag.py:536} INFO - Filling up the DagBag from /opt/airflow/dags/customer_churn.py
[2025-03-09T10:56:47.426+0000] {processor.py:839} INFO - DAG(s) dict_keys(['customer_churn_ml_pipeline']) retrieved from /opt/airflow/dags/customer_churn.py
[2025-03-09T10:56:47.487+0000] {logging_mixin.py:154} INFO - [2025-03-09T10:56:47.486+0000] {dag.py:2941} INFO - Sync 1 DAGs
[2025-03-09T10:56:47.531+0000] {logging_mixin.py:154} INFO - [2025-03-09T10:56:47.531+0000] {dag.py:3722} INFO - Setting next_dagrun for customer_churn_ml_pipeline to 2025-03-09T08:00:00+00:00, run_after=2025-03-10T08:00:00+00:00
[2025-03-09T10:56:47.565+0000] {processor.py:179} INFO - Processing /opt/airflow/dags/customer_churn.py took 0.176 seconds
[2025-03-09T10:57:17.617+0000] {processor.py:157} INFO - Started process (PID=665) to work on /opt/airflow/dags/customer_churn.py
[2025-03-09T10:57:17.619+0000] {processor.py:829} INFO - Processing file /opt/airflow/dags/customer_churn.py for tasks to queue
[2025-03-09T10:57:17.620+0000] {logging_mixin.py:154} INFO - [2025-03-09T10:57:17.620+0000] {dagbag.py:536} INFO - Filling up the DagBag from /opt/airflow/dags/customer_churn.py
[2025-03-09T10:57:17.640+0000] {processor.py:839} INFO - DAG(s) dict_keys(['customer_churn_ml_pipeline']) retrieved from /opt/airflow/dags/customer_churn.py
[2025-03-09T10:57:17.688+0000] {logging_mixin.py:154} INFO - [2025-03-09T10:57:17.688+0000] {dag.py:2941} INFO - Sync 1 DAGs
[2025-03-09T10:57:17.725+0000] {logging_mixin.py:154} INFO - [2025-03-09T10:57:17.725+0000] {dag.py:3722} INFO - Setting next_dagrun for customer_churn_ml_pipeline to 2025-03-09T08:00:00+00:00, run_after=2025-03-10T08:00:00+00:00
[2025-03-09T10:57:17.754+0000] {processor.py:179} INFO - Processing /opt/airflow/dags/customer_churn.py took 0.141 seconds
[2025-03-09T10:57:47.938+0000] {processor.py:157} INFO - Started process (PID=748) to work on /opt/airflow/dags/customer_churn.py
[2025-03-09T10:57:47.939+0000] {processor.py:829} INFO - Processing file /opt/airflow/dags/customer_churn.py for tasks to queue
[2025-03-09T10:57:47.939+0000] {logging_mixin.py:154} INFO - [2025-03-09T10:57:47.939+0000] {dagbag.py:536} INFO - Filling up the DagBag from /opt/airflow/dags/customer_churn.py
[2025-03-09T10:57:47.952+0000] {processor.py:839} INFO - DAG(s) dict_keys(['customer_churn_ml_pipeline']) retrieved from /opt/airflow/dags/customer_churn.py
[2025-03-09T10:57:47.981+0000] {logging_mixin.py:154} INFO - [2025-03-09T10:57:47.980+0000] {dag.py:2941} INFO - Sync 1 DAGs
[2025-03-09T10:57:48.004+0000] {logging_mixin.py:154} INFO - [2025-03-09T10:57:48.004+0000] {dag.py:3722} INFO - Setting next_dagrun for customer_churn_ml_pipeline to 2025-03-09T08:00:00+00:00, run_after=2025-03-10T08:00:00+00:00
[2025-03-09T10:57:48.023+0000] {processor.py:179} INFO - Processing /opt/airflow/dags/customer_churn.py took 0.088 seconds
[2025-03-09T10:58:18.102+0000] {processor.py:157} INFO - Started process (PID=845) to work on /opt/airflow/dags/customer_churn.py
[2025-03-09T10:58:18.103+0000] {processor.py:829} INFO - Processing file /opt/airflow/dags/customer_churn.py for tasks to queue
[2025-03-09T10:58:18.103+0000] {logging_mixin.py:154} INFO - [2025-03-09T10:58:18.103+0000] {dagbag.py:536} INFO - Filling up the DagBag from /opt/airflow/dags/customer_churn.py
[2025-03-09T10:58:18.117+0000] {processor.py:839} INFO - DAG(s) dict_keys(['customer_churn_ml_pipeline']) retrieved from /opt/airflow/dags/customer_churn.py
[2025-03-09T10:58:18.155+0000] {logging_mixin.py:154} INFO - [2025-03-09T10:58:18.155+0000] {dag.py:2941} INFO - Sync 1 DAGs
[2025-03-09T10:58:18.186+0000] {logging_mixin.py:154} INFO - [2025-03-09T10:58:18.186+0000] {dag.py:3722} INFO - Setting next_dagrun for customer_churn_ml_pipeline to 2025-03-09T08:00:00+00:00, run_after=2025-03-10T08:00:00+00:00
[2025-03-09T10:58:18.211+0000] {processor.py:179} INFO - Processing /opt/airflow/dags/customer_churn.py took 0.113 seconds
[2025-03-09T10:58:48.358+0000] {processor.py:157} INFO - Started process (PID=956) to work on /opt/airflow/dags/customer_churn.py
[2025-03-09T10:58:48.360+0000] {processor.py:829} INFO - Processing file /opt/airflow/dags/customer_churn.py for tasks to queue
[2025-03-09T10:58:48.361+0000] {logging_mixin.py:154} INFO - [2025-03-09T10:58:48.361+0000] {dagbag.py:536} INFO - Filling up the DagBag from /opt/airflow/dags/customer_churn.py
[2025-03-09T10:58:48.374+0000] {processor.py:839} INFO - DAG(s) dict_keys(['customer_churn_ml_pipeline']) retrieved from /opt/airflow/dags/customer_churn.py
[2025-03-09T10:58:48.405+0000] {logging_mixin.py:154} INFO - [2025-03-09T10:58:48.405+0000] {dag.py:2941} INFO - Sync 1 DAGs
[2025-03-09T10:58:48.431+0000] {logging_mixin.py:154} INFO - [2025-03-09T10:58:48.431+0000] {dag.py:3722} INFO - Setting next_dagrun for customer_churn_ml_pipeline to 2025-03-09T08:00:00+00:00, run_after=2025-03-10T08:00:00+00:00
[2025-03-09T10:58:48.453+0000] {processor.py:179} INFO - Processing /opt/airflow/dags/customer_churn.py took 0.098 seconds
[2025-03-09T10:59:18.619+0000] {processor.py:157} INFO - Started process (PID=961) to work on /opt/airflow/dags/customer_churn.py
[2025-03-09T10:59:18.621+0000] {processor.py:829} INFO - Processing file /opt/airflow/dags/customer_churn.py for tasks to queue
[2025-03-09T10:59:18.623+0000] {logging_mixin.py:154} INFO - [2025-03-09T10:59:18.622+0000] {dagbag.py:536} INFO - Filling up the DagBag from /opt/airflow/dags/customer_churn.py
[2025-03-09T10:59:18.644+0000] {processor.py:839} INFO - DAG(s) dict_keys(['customer_churn_ml_pipeline']) retrieved from /opt/airflow/dags/customer_churn.py
[2025-03-09T10:59:18.678+0000] {logging_mixin.py:154} INFO - [2025-03-09T10:59:18.678+0000] {dag.py:2941} INFO - Sync 1 DAGs
[2025-03-09T10:59:18.700+0000] {logging_mixin.py:154} INFO - [2025-03-09T10:59:18.700+0000] {dag.py:3722} INFO - Setting next_dagrun for customer_churn_ml_pipeline to 2025-03-09T08:00:00+00:00, run_after=2025-03-10T08:00:00+00:00
[2025-03-09T10:59:18.721+0000] {processor.py:179} INFO - Processing /opt/airflow/dags/customer_churn.py took 0.110 seconds
[2025-03-09T10:59:48.918+0000] {processor.py:157} INFO - Started process (PID=966) to work on /opt/airflow/dags/customer_churn.py
[2025-03-09T10:59:48.920+0000] {processor.py:829} INFO - Processing file /opt/airflow/dags/customer_churn.py for tasks to queue
[2025-03-09T10:59:48.921+0000] {logging_mixin.py:154} INFO - [2025-03-09T10:59:48.921+0000] {dagbag.py:536} INFO - Filling up the DagBag from /opt/airflow/dags/customer_churn.py
[2025-03-09T10:59:48.938+0000] {processor.py:839} INFO - DAG(s) dict_keys(['customer_churn_ml_pipeline']) retrieved from /opt/airflow/dags/customer_churn.py
[2025-03-09T10:59:48.972+0000] {logging_mixin.py:154} INFO - [2025-03-09T10:59:48.972+0000] {dag.py:2941} INFO - Sync 1 DAGs
[2025-03-09T10:59:48.997+0000] {logging_mixin.py:154} INFO - [2025-03-09T10:59:48.997+0000] {dag.py:3722} INFO - Setting next_dagrun for customer_churn_ml_pipeline to 2025-03-09T08:00:00+00:00, run_after=2025-03-10T08:00:00+00:00
[2025-03-09T10:59:49.020+0000] {processor.py:179} INFO - Processing /opt/airflow/dags/customer_churn.py took 0.106 seconds
[2025-03-09T11:00:19.143+0000] {processor.py:157} INFO - Started process (PID=971) to work on /opt/airflow/dags/customer_churn.py
[2025-03-09T11:00:19.152+0000] {processor.py:829} INFO - Processing file /opt/airflow/dags/customer_churn.py for tasks to queue
[2025-03-09T11:00:19.153+0000] {logging_mixin.py:154} INFO - [2025-03-09T11:00:19.153+0000] {dagbag.py:536} INFO - Filling up the DagBag from /opt/airflow/dags/customer_churn.py
[2025-03-09T11:00:19.168+0000] {processor.py:839} INFO - DAG(s) dict_keys(['customer_churn_ml_pipeline']) retrieved from /opt/airflow/dags/customer_churn.py
[2025-03-09T11:00:19.200+0000] {logging_mixin.py:154} INFO - [2025-03-09T11:00:19.199+0000] {dag.py:2941} INFO - Sync 1 DAGs
[2025-03-09T11:00:19.224+0000] {logging_mixin.py:154} INFO - [2025-03-09T11:00:19.224+0000] {dag.py:3722} INFO - Setting next_dagrun for customer_churn_ml_pipeline to 2025-03-09T08:00:00+00:00, run_after=2025-03-10T08:00:00+00:00
[2025-03-09T11:00:19.244+0000] {processor.py:179} INFO - Processing /opt/airflow/dags/customer_churn.py took 0.105 seconds
[2025-03-09T11:00:49.446+0000] {processor.py:157} INFO - Started process (PID=976) to work on /opt/airflow/dags/customer_churn.py
[2025-03-09T11:00:49.448+0000] {processor.py:829} INFO - Processing file /opt/airflow/dags/customer_churn.py for tasks to queue
[2025-03-09T11:00:49.449+0000] {logging_mixin.py:154} INFO - [2025-03-09T11:00:49.448+0000] {dagbag.py:536} INFO - Filling up the DagBag from /opt/airflow/dags/customer_churn.py
[2025-03-09T11:00:49.462+0000] {processor.py:839} INFO - DAG(s) dict_keys(['customer_churn_ml_pipeline']) retrieved from /opt/airflow/dags/customer_churn.py
[2025-03-09T11:00:49.494+0000] {logging_mixin.py:154} INFO - [2025-03-09T11:00:49.494+0000] {dag.py:2941} INFO - Sync 1 DAGs
[2025-03-09T11:00:49.519+0000] {logging_mixin.py:154} INFO - [2025-03-09T11:00:49.518+0000] {dag.py:3722} INFO - Setting next_dagrun for customer_churn_ml_pipeline to 2025-03-09T08:00:00+00:00, run_after=2025-03-10T08:00:00+00:00
[2025-03-09T11:00:49.539+0000] {processor.py:179} INFO - Processing /opt/airflow/dags/customer_churn.py took 0.098 seconds
[2025-03-09T11:01:19.675+0000] {processor.py:157} INFO - Started process (PID=981) to work on /opt/airflow/dags/customer_churn.py
[2025-03-09T11:01:19.683+0000] {processor.py:829} INFO - Processing file /opt/airflow/dags/customer_churn.py for tasks to queue
[2025-03-09T11:01:19.684+0000] {logging_mixin.py:154} INFO - [2025-03-09T11:01:19.683+0000] {dagbag.py:536} INFO - Filling up the DagBag from /opt/airflow/dags/customer_churn.py
[2025-03-09T11:01:19.698+0000] {processor.py:839} INFO - DAG(s) dict_keys(['customer_churn_ml_pipeline']) retrieved from /opt/airflow/dags/customer_churn.py
[2025-03-09T11:01:19.731+0000] {logging_mixin.py:154} INFO - [2025-03-09T11:01:19.731+0000] {dag.py:2941} INFO - Sync 1 DAGs
[2025-03-09T11:01:19.756+0000] {logging_mixin.py:154} INFO - [2025-03-09T11:01:19.755+0000] {dag.py:3722} INFO - Setting next_dagrun for customer_churn_ml_pipeline to 2025-03-09T08:00:00+00:00, run_after=2025-03-10T08:00:00+00:00
[2025-03-09T11:01:19.775+0000] {processor.py:179} INFO - Processing /opt/airflow/dags/customer_churn.py took 0.104 seconds
[2025-03-09T11:01:49.983+0000] {processor.py:157} INFO - Started process (PID=986) to work on /opt/airflow/dags/customer_churn.py
[2025-03-09T11:01:49.984+0000] {processor.py:829} INFO - Processing file /opt/airflow/dags/customer_churn.py for tasks to queue
[2025-03-09T11:01:49.984+0000] {logging_mixin.py:154} INFO - [2025-03-09T11:01:49.984+0000] {dagbag.py:536} INFO - Filling up the DagBag from /opt/airflow/dags/customer_churn.py
[2025-03-09T11:01:49.994+0000] {processor.py:839} INFO - DAG(s) dict_keys(['customer_churn_ml_pipeline']) retrieved from /opt/airflow/dags/customer_churn.py
[2025-03-09T11:01:50.021+0000] {logging_mixin.py:154} INFO - [2025-03-09T11:01:50.021+0000] {dag.py:2941} INFO - Sync 1 DAGs
[2025-03-09T11:01:50.042+0000] {logging_mixin.py:154} INFO - [2025-03-09T11:01:50.042+0000] {dag.py:3722} INFO - Setting next_dagrun for customer_churn_ml_pipeline to 2025-03-09T08:00:00+00:00, run_after=2025-03-10T08:00:00+00:00
[2025-03-09T11:01:50.059+0000] {processor.py:179} INFO - Processing /opt/airflow/dags/customer_churn.py took 0.078 seconds
[2025-03-09T11:02:20.195+0000] {processor.py:157} INFO - Started process (PID=991) to work on /opt/airflow/dags/customer_churn.py
[2025-03-09T11:02:20.196+0000] {processor.py:829} INFO - Processing file /opt/airflow/dags/customer_churn.py for tasks to queue
[2025-03-09T11:02:20.196+0000] {logging_mixin.py:154} INFO - [2025-03-09T11:02:20.196+0000] {dagbag.py:536} INFO - Filling up the DagBag from /opt/airflow/dags/customer_churn.py
[2025-03-09T11:02:20.207+0000] {processor.py:839} INFO - DAG(s) dict_keys(['customer_churn_ml_pipeline']) retrieved from /opt/airflow/dags/customer_churn.py
[2025-03-09T11:02:20.235+0000] {logging_mixin.py:154} INFO - [2025-03-09T11:02:20.234+0000] {dag.py:2941} INFO - Sync 1 DAGs
[2025-03-09T11:02:20.256+0000] {logging_mixin.py:154} INFO - [2025-03-09T11:02:20.256+0000] {dag.py:3722} INFO - Setting next_dagrun for customer_churn_ml_pipeline to 2025-03-09T08:00:00+00:00, run_after=2025-03-10T08:00:00+00:00
[2025-03-09T11:02:20.274+0000] {processor.py:179} INFO - Processing /opt/airflow/dags/customer_churn.py took 0.082 seconds
[2025-03-09T11:02:50.514+0000] {processor.py:157} INFO - Started process (PID=996) to work on /opt/airflow/dags/customer_churn.py
[2025-03-09T11:02:50.516+0000] {processor.py:829} INFO - Processing file /opt/airflow/dags/customer_churn.py for tasks to queue
[2025-03-09T11:02:50.517+0000] {logging_mixin.py:154} INFO - [2025-03-09T11:02:50.517+0000] {dagbag.py:536} INFO - Filling up the DagBag from /opt/airflow/dags/customer_churn.py
[2025-03-09T11:02:50.532+0000] {processor.py:839} INFO - DAG(s) dict_keys(['customer_churn_ml_pipeline']) retrieved from /opt/airflow/dags/customer_churn.py
[2025-03-09T11:02:50.565+0000] {logging_mixin.py:154} INFO - [2025-03-09T11:02:50.564+0000] {dag.py:2941} INFO - Sync 1 DAGs
[2025-03-09T11:02:50.588+0000] {logging_mixin.py:154} INFO - [2025-03-09T11:02:50.588+0000] {dag.py:3722} INFO - Setting next_dagrun for customer_churn_ml_pipeline to 2025-03-09T08:00:00+00:00, run_after=2025-03-10T08:00:00+00:00
[2025-03-09T11:02:50.607+0000] {processor.py:179} INFO - Processing /opt/airflow/dags/customer_churn.py took 0.096 seconds
[2025-03-09T11:03:20.757+0000] {processor.py:157} INFO - Started process (PID=1001) to work on /opt/airflow/dags/customer_churn.py
[2025-03-09T11:03:20.759+0000] {processor.py:829} INFO - Processing file /opt/airflow/dags/customer_churn.py for tasks to queue
[2025-03-09T11:03:20.760+0000] {logging_mixin.py:154} INFO - [2025-03-09T11:03:20.759+0000] {dagbag.py:536} INFO - Filling up the DagBag from /opt/airflow/dags/customer_churn.py
[2025-03-09T11:03:20.778+0000] {processor.py:839} INFO - DAG(s) dict_keys(['customer_churn_ml_pipeline']) retrieved from /opt/airflow/dags/customer_churn.py
[2025-03-09T11:03:20.812+0000] {logging_mixin.py:154} INFO - [2025-03-09T11:03:20.812+0000] {dag.py:2941} INFO - Sync 1 DAGs
[2025-03-09T11:03:20.836+0000] {logging_mixin.py:154} INFO - [2025-03-09T11:03:20.836+0000] {dag.py:3722} INFO - Setting next_dagrun for customer_churn_ml_pipeline to 2025-03-09T08:00:00+00:00, run_after=2025-03-10T08:00:00+00:00
[2025-03-09T11:03:20.854+0000] {processor.py:179} INFO - Processing /opt/airflow/dags/customer_churn.py took 0.104 seconds
[2025-03-09T11:03:51.072+0000] {processor.py:157} INFO - Started process (PID=1006) to work on /opt/airflow/dags/customer_churn.py
[2025-03-09T11:03:51.073+0000] {processor.py:829} INFO - Processing file /opt/airflow/dags/customer_churn.py for tasks to queue
[2025-03-09T11:03:51.075+0000] {logging_mixin.py:154} INFO - [2025-03-09T11:03:51.074+0000] {dagbag.py:536} INFO - Filling up the DagBag from /opt/airflow/dags/customer_churn.py
[2025-03-09T11:03:51.095+0000] {processor.py:839} INFO - DAG(s) dict_keys(['customer_churn_ml_pipeline']) retrieved from /opt/airflow/dags/customer_churn.py
[2025-03-09T11:03:51.130+0000] {logging_mixin.py:154} INFO - [2025-03-09T11:03:51.130+0000] {dag.py:2941} INFO - Sync 1 DAGs
[2025-03-09T11:03:51.155+0000] {logging_mixin.py:154} INFO - [2025-03-09T11:03:51.155+0000] {dag.py:3722} INFO - Setting next_dagrun for customer_churn_ml_pipeline to 2025-03-09T08:00:00+00:00, run_after=2025-03-10T08:00:00+00:00
[2025-03-09T11:03:51.175+0000] {processor.py:179} INFO - Processing /opt/airflow/dags/customer_churn.py took 0.108 seconds
[2025-03-09T11:04:21.347+0000] {processor.py:157} INFO - Started process (PID=1011) to work on /opt/airflow/dags/customer_churn.py
[2025-03-09T11:04:21.349+0000] {processor.py:829} INFO - Processing file /opt/airflow/dags/customer_churn.py for tasks to queue
[2025-03-09T11:04:21.351+0000] {logging_mixin.py:154} INFO - [2025-03-09T11:04:21.350+0000] {dagbag.py:536} INFO - Filling up the DagBag from /opt/airflow/dags/customer_churn.py
[2025-03-09T11:04:21.366+0000] {processor.py:839} INFO - DAG(s) dict_keys(['customer_churn_ml_pipeline']) retrieved from /opt/airflow/dags/customer_churn.py
[2025-03-09T11:04:21.403+0000] {logging_mixin.py:154} INFO - [2025-03-09T11:04:21.403+0000] {dag.py:2941} INFO - Sync 1 DAGs
[2025-03-09T11:04:21.430+0000] {logging_mixin.py:154} INFO - [2025-03-09T11:04:21.430+0000] {dag.py:3722} INFO - Setting next_dagrun for customer_churn_ml_pipeline to 2025-03-09T08:00:00+00:00, run_after=2025-03-10T08:00:00+00:00
[2025-03-09T11:04:21.451+0000] {processor.py:179} INFO - Processing /opt/airflow/dags/customer_churn.py took 0.108 seconds
[2025-03-09T11:04:51.633+0000] {processor.py:157} INFO - Started process (PID=1016) to work on /opt/airflow/dags/customer_churn.py
[2025-03-09T11:04:51.635+0000] {processor.py:829} INFO - Processing file /opt/airflow/dags/customer_churn.py for tasks to queue
[2025-03-09T11:04:51.636+0000] {logging_mixin.py:154} INFO - [2025-03-09T11:04:51.635+0000] {dagbag.py:536} INFO - Filling up the DagBag from /opt/airflow/dags/customer_churn.py
[2025-03-09T11:04:51.648+0000] {processor.py:839} INFO - DAG(s) dict_keys(['customer_churn_ml_pipeline']) retrieved from /opt/airflow/dags/customer_churn.py
[2025-03-09T11:04:51.676+0000] {logging_mixin.py:154} INFO - [2025-03-09T11:04:51.675+0000] {dag.py:2941} INFO - Sync 1 DAGs
[2025-03-09T11:04:51.699+0000] {logging_mixin.py:154} INFO - [2025-03-09T11:04:51.699+0000] {dag.py:3722} INFO - Setting next_dagrun for customer_churn_ml_pipeline to 2025-03-09T08:00:00+00:00, run_after=2025-03-10T08:00:00+00:00
[2025-03-09T11:04:51.716+0000] {processor.py:179} INFO - Processing /opt/airflow/dags/customer_churn.py took 0.087 seconds
[2025-03-09T11:05:21.904+0000] {processor.py:157} INFO - Started process (PID=1021) to work on /opt/airflow/dags/customer_churn.py
[2025-03-09T11:05:21.906+0000] {processor.py:829} INFO - Processing file /opt/airflow/dags/customer_churn.py for tasks to queue
[2025-03-09T11:05:21.907+0000] {logging_mixin.py:154} INFO - [2025-03-09T11:05:21.907+0000] {dagbag.py:536} INFO - Filling up the DagBag from /opt/airflow/dags/customer_churn.py
[2025-03-09T11:05:21.925+0000] {processor.py:839} INFO - DAG(s) dict_keys(['customer_churn_ml_pipeline']) retrieved from /opt/airflow/dags/customer_churn.py
[2025-03-09T11:05:21.959+0000] {logging_mixin.py:154} INFO - [2025-03-09T11:05:21.959+0000] {dag.py:2941} INFO - Sync 1 DAGs
[2025-03-09T11:05:21.984+0000] {logging_mixin.py:154} INFO - [2025-03-09T11:05:21.984+0000] {dag.py:3722} INFO - Setting next_dagrun for customer_churn_ml_pipeline to 2025-03-09T08:00:00+00:00, run_after=2025-03-10T08:00:00+00:00
[2025-03-09T11:05:22.006+0000] {processor.py:179} INFO - Processing /opt/airflow/dags/customer_churn.py took 0.106 seconds
[2025-03-09T11:05:52.236+0000] {processor.py:157} INFO - Started process (PID=1026) to work on /opt/airflow/dags/customer_churn.py
[2025-03-09T11:05:52.237+0000] {processor.py:829} INFO - Processing file /opt/airflow/dags/customer_churn.py for tasks to queue
[2025-03-09T11:05:52.238+0000] {logging_mixin.py:154} INFO - [2025-03-09T11:05:52.238+0000] {dagbag.py:536} INFO - Filling up the DagBag from /opt/airflow/dags/customer_churn.py
[2025-03-09T11:05:52.252+0000] {processor.py:839} INFO - DAG(s) dict_keys(['customer_churn_ml_pipeline']) retrieved from /opt/airflow/dags/customer_churn.py
[2025-03-09T11:05:52.285+0000] {logging_mixin.py:154} INFO - [2025-03-09T11:05:52.285+0000] {dag.py:2941} INFO - Sync 1 DAGs
[2025-03-09T11:05:52.310+0000] {logging_mixin.py:154} INFO - [2025-03-09T11:05:52.310+0000] {dag.py:3722} INFO - Setting next_dagrun for customer_churn_ml_pipeline to 2025-03-09T08:00:00+00:00, run_after=2025-03-10T08:00:00+00:00
[2025-03-09T11:05:52.330+0000] {processor.py:179} INFO - Processing /opt/airflow/dags/customer_churn.py took 0.099 seconds
[2025-03-09T11:06:22.488+0000] {processor.py:157} INFO - Started process (PID=1033) to work on /opt/airflow/dags/customer_churn.py
[2025-03-09T11:06:22.496+0000] {processor.py:829} INFO - Processing file /opt/airflow/dags/customer_churn.py for tasks to queue
[2025-03-09T11:06:22.497+0000] {logging_mixin.py:154} INFO - [2025-03-09T11:06:22.497+0000] {dagbag.py:536} INFO - Filling up the DagBag from /opt/airflow/dags/customer_churn.py
[2025-03-09T11:06:22.508+0000] {processor.py:839} INFO - DAG(s) dict_keys(['customer_churn_ml_pipeline']) retrieved from /opt/airflow/dags/customer_churn.py
[2025-03-09T11:06:22.538+0000] {logging_mixin.py:154} INFO - [2025-03-09T11:06:22.537+0000] {dag.py:2941} INFO - Sync 1 DAGs
[2025-03-09T11:06:22.563+0000] {logging_mixin.py:154} INFO - [2025-03-09T11:06:22.563+0000] {dag.py:3722} INFO - Setting next_dagrun for customer_churn_ml_pipeline to 2025-03-09T08:00:00+00:00, run_after=2025-03-10T08:00:00+00:00
[2025-03-09T11:06:22.584+0000] {processor.py:179} INFO - Processing /opt/airflow/dags/customer_churn.py took 0.098 seconds
[2025-03-09T11:06:52.767+0000] {processor.py:157} INFO - Started process (PID=1075) to work on /opt/airflow/dags/customer_churn.py
[2025-03-09T11:06:52.776+0000] {processor.py:829} INFO - Processing file /opt/airflow/dags/customer_churn.py for tasks to queue
[2025-03-09T11:06:52.777+0000] {logging_mixin.py:154} INFO - [2025-03-09T11:06:52.777+0000] {dagbag.py:536} INFO - Filling up the DagBag from /opt/airflow/dags/customer_churn.py
[2025-03-09T11:06:52.794+0000] {processor.py:839} INFO - DAG(s) dict_keys(['customer_churn_ml_pipeline']) retrieved from /opt/airflow/dags/customer_churn.py
[2025-03-09T11:06:52.834+0000] {logging_mixin.py:154} INFO - [2025-03-09T11:06:52.834+0000] {dag.py:2941} INFO - Sync 1 DAGs
[2025-03-09T11:06:52.866+0000] {logging_mixin.py:154} INFO - [2025-03-09T11:06:52.866+0000] {dag.py:3722} INFO - Setting next_dagrun for customer_churn_ml_pipeline to 2025-03-09T08:00:00+00:00, run_after=2025-03-10T08:00:00+00:00
[2025-03-09T11:06:52.889+0000] {processor.py:179} INFO - Processing /opt/airflow/dags/customer_churn.py took 0.126 seconds
[2025-03-09T11:07:23.026+0000] {processor.py:157} INFO - Started process (PID=1145) to work on /opt/airflow/dags/customer_churn.py
[2025-03-09T11:07:23.029+0000] {processor.py:829} INFO - Processing file /opt/airflow/dags/customer_churn.py for tasks to queue
[2025-03-09T11:07:23.031+0000] {logging_mixin.py:154} INFO - [2025-03-09T11:07:23.030+0000] {dagbag.py:536} INFO - Filling up the DagBag from /opt/airflow/dags/customer_churn.py
[2025-03-09T11:07:23.049+0000] {processor.py:839} INFO - DAG(s) dict_keys(['customer_churn_ml_pipeline']) retrieved from /opt/airflow/dags/customer_churn.py
[2025-03-09T11:07:23.084+0000] {logging_mixin.py:154} INFO - [2025-03-09T11:07:23.083+0000] {dag.py:2941} INFO - Sync 1 DAGs
[2025-03-09T11:07:23.110+0000] {logging_mixin.py:154} INFO - [2025-03-09T11:07:23.109+0000] {dag.py:3722} INFO - Setting next_dagrun for customer_churn_ml_pipeline to 2025-03-09T08:00:00+00:00, run_after=2025-03-10T08:00:00+00:00
[2025-03-09T11:07:23.131+0000] {processor.py:179} INFO - Processing /opt/airflow/dags/customer_churn.py took 0.111 seconds
[2025-03-09T11:07:53.333+0000] {processor.py:157} INFO - Started process (PID=1248) to work on /opt/airflow/dags/customer_churn.py
[2025-03-09T11:07:53.334+0000] {processor.py:829} INFO - Processing file /opt/airflow/dags/customer_churn.py for tasks to queue
[2025-03-09T11:07:53.335+0000] {logging_mixin.py:154} INFO - [2025-03-09T11:07:53.335+0000] {dagbag.py:536} INFO - Filling up the DagBag from /opt/airflow/dags/customer_churn.py
[2025-03-09T11:07:53.350+0000] {processor.py:839} INFO - DAG(s) dict_keys(['customer_churn_ml_pipeline']) retrieved from /opt/airflow/dags/customer_churn.py
[2025-03-09T11:07:53.384+0000] {logging_mixin.py:154} INFO - [2025-03-09T11:07:53.384+0000] {dag.py:2941} INFO - Sync 1 DAGs
[2025-03-09T11:07:53.409+0000] {logging_mixin.py:154} INFO - [2025-03-09T11:07:53.409+0000] {dag.py:3722} INFO - Setting next_dagrun for customer_churn_ml_pipeline to 2025-03-09T08:00:00+00:00, run_after=2025-03-10T08:00:00+00:00
[2025-03-09T11:07:53.430+0000] {processor.py:179} INFO - Processing /opt/airflow/dags/customer_churn.py took 0.101 seconds
[2025-03-09T11:08:23.530+0000] {processor.py:157} INFO - Started process (PID=1351) to work on /opt/airflow/dags/customer_churn.py
[2025-03-09T11:08:23.532+0000] {processor.py:829} INFO - Processing file /opt/airflow/dags/customer_churn.py for tasks to queue
[2025-03-09T11:08:23.533+0000] {logging_mixin.py:154} INFO - [2025-03-09T11:08:23.533+0000] {dagbag.py:536} INFO - Filling up the DagBag from /opt/airflow/dags/customer_churn.py
[2025-03-09T11:08:23.549+0000] {processor.py:839} INFO - DAG(s) dict_keys(['customer_churn_ml_pipeline']) retrieved from /opt/airflow/dags/customer_churn.py
[2025-03-09T11:08:23.584+0000] {logging_mixin.py:154} INFO - [2025-03-09T11:08:23.584+0000] {dag.py:2941} INFO - Sync 1 DAGs
[2025-03-09T11:08:23.608+0000] {logging_mixin.py:154} INFO - [2025-03-09T11:08:23.608+0000] {dag.py:3722} INFO - Setting next_dagrun for customer_churn_ml_pipeline to 2025-03-09T08:00:00+00:00, run_after=2025-03-10T08:00:00+00:00
[2025-03-09T11:08:23.627+0000] {processor.py:179} INFO - Processing /opt/airflow/dags/customer_churn.py took 0.102 seconds
[2025-03-09T11:08:53.837+0000] {processor.py:157} INFO - Started process (PID=1356) to work on /opt/airflow/dags/customer_churn.py
[2025-03-09T11:08:53.845+0000] {processor.py:829} INFO - Processing file /opt/airflow/dags/customer_churn.py for tasks to queue
[2025-03-09T11:08:53.846+0000] {logging_mixin.py:154} INFO - [2025-03-09T11:08:53.846+0000] {dagbag.py:536} INFO - Filling up the DagBag from /opt/airflow/dags/customer_churn.py
[2025-03-09T11:08:53.857+0000] {processor.py:839} INFO - DAG(s) dict_keys(['customer_churn_ml_pipeline']) retrieved from /opt/airflow/dags/customer_churn.py
[2025-03-09T11:08:53.883+0000] {logging_mixin.py:154} INFO - [2025-03-09T11:08:53.883+0000] {dag.py:2941} INFO - Sync 1 DAGs
[2025-03-09T11:08:53.909+0000] {logging_mixin.py:154} INFO - [2025-03-09T11:08:53.909+0000] {dag.py:3722} INFO - Setting next_dagrun for customer_churn_ml_pipeline to 2025-03-09T08:00:00+00:00, run_after=2025-03-10T08:00:00+00:00
[2025-03-09T11:08:53.930+0000] {processor.py:179} INFO - Processing /opt/airflow/dags/customer_churn.py took 0.097 seconds
[2025-03-09T11:09:24.077+0000] {processor.py:157} INFO - Started process (PID=1435) to work on /opt/airflow/dags/customer_churn.py
[2025-03-09T11:09:24.086+0000] {processor.py:829} INFO - Processing file /opt/airflow/dags/customer_churn.py for tasks to queue
[2025-03-09T11:09:24.088+0000] {logging_mixin.py:154} INFO - [2025-03-09T11:09:24.087+0000] {dagbag.py:536} INFO - Filling up the DagBag from /opt/airflow/dags/customer_churn.py
[2025-03-09T11:09:24.123+0000] {processor.py:839} INFO - DAG(s) dict_keys(['customer_churn_ml_pipeline']) retrieved from /opt/airflow/dags/customer_churn.py
[2025-03-09T11:09:24.208+0000] {logging_mixin.py:154} INFO - [2025-03-09T11:09:24.207+0000] {dag.py:2941} INFO - Sync 1 DAGs
[2025-03-09T11:09:24.284+0000] {logging_mixin.py:154} INFO - [2025-03-09T11:09:24.283+0000] {dag.py:3722} INFO - Setting next_dagrun for customer_churn_ml_pipeline to 2025-03-09T08:00:00+00:00, run_after=2025-03-10T08:00:00+00:00
[2025-03-09T11:09:24.349+0000] {processor.py:179} INFO - Processing /opt/airflow/dags/customer_churn.py took 0.281 seconds
[2025-03-09T11:09:54.554+0000] {processor.py:157} INFO - Started process (PID=1544) to work on /opt/airflow/dags/customer_churn.py
[2025-03-09T11:09:54.554+0000] {processor.py:829} INFO - Processing file /opt/airflow/dags/customer_churn.py for tasks to queue
[2025-03-09T11:09:54.555+0000] {logging_mixin.py:154} INFO - [2025-03-09T11:09:54.555+0000] {dagbag.py:536} INFO - Filling up the DagBag from /opt/airflow/dags/customer_churn.py
[2025-03-09T11:09:54.567+0000] {processor.py:839} INFO - DAG(s) dict_keys(['customer_churn_ml_pipeline']) retrieved from /opt/airflow/dags/customer_churn.py
[2025-03-09T11:09:54.600+0000] {logging_mixin.py:154} INFO - [2025-03-09T11:09:54.600+0000] {dag.py:2941} INFO - Sync 1 DAGs
[2025-03-09T11:09:54.626+0000] {logging_mixin.py:154} INFO - [2025-03-09T11:09:54.626+0000] {dag.py:3722} INFO - Setting next_dagrun for customer_churn_ml_pipeline to 2025-03-09T08:00:00+00:00, run_after=2025-03-10T08:00:00+00:00
[2025-03-09T11:09:54.661+0000] {processor.py:179} INFO - Processing /opt/airflow/dags/customer_churn.py took 0.111 seconds
[2025-03-09T11:10:24.742+0000] {processor.py:157} INFO - Started process (PID=1686) to work on /opt/airflow/dags/customer_churn.py
[2025-03-09T11:10:24.744+0000] {processor.py:829} INFO - Processing file /opt/airflow/dags/customer_churn.py for tasks to queue
[2025-03-09T11:10:24.746+0000] {logging_mixin.py:154} INFO - [2025-03-09T11:10:24.745+0000] {dagbag.py:536} INFO - Filling up the DagBag from /opt/airflow/dags/customer_churn.py
[2025-03-09T11:10:24.800+0000] {processor.py:839} INFO - DAG(s) dict_keys(['customer_churn_ml_pipeline']) retrieved from /opt/airflow/dags/customer_churn.py
[2025-03-09T11:10:24.875+0000] {logging_mixin.py:154} INFO - [2025-03-09T11:10:24.874+0000] {dag.py:2941} INFO - Sync 1 DAGs
[2025-03-09T11:10:24.939+0000] {logging_mixin.py:154} INFO - [2025-03-09T11:10:24.938+0000] {dag.py:3722} INFO - Setting next_dagrun for customer_churn_ml_pipeline to 2025-03-09T08:00:00+00:00, run_after=2025-03-10T08:00:00+00:00
[2025-03-09T11:10:24.989+0000] {processor.py:179} INFO - Processing /opt/airflow/dags/customer_churn.py took 0.254 seconds
[2025-03-09T11:10:55.047+0000] {processor.py:157} INFO - Started process (PID=1762) to work on /opt/airflow/dags/customer_churn.py
[2025-03-09T11:10:55.049+0000] {processor.py:829} INFO - Processing file /opt/airflow/dags/customer_churn.py for tasks to queue
[2025-03-09T11:10:55.050+0000] {logging_mixin.py:154} INFO - [2025-03-09T11:10:55.050+0000] {dagbag.py:536} INFO - Filling up the DagBag from /opt/airflow/dags/customer_churn.py
[2025-03-09T11:10:55.080+0000] {processor.py:839} INFO - DAG(s) dict_keys(['customer_churn_ml_pipeline']) retrieved from /opt/airflow/dags/customer_churn.py
[2025-03-09T11:10:55.146+0000] {logging_mixin.py:154} INFO - [2025-03-09T11:10:55.146+0000] {dag.py:2941} INFO - Sync 1 DAGs
[2025-03-09T11:10:55.198+0000] {logging_mixin.py:154} INFO - [2025-03-09T11:10:55.197+0000] {dag.py:3722} INFO - Setting next_dagrun for customer_churn_ml_pipeline to 2025-03-09T08:00:00+00:00, run_after=2025-03-10T08:00:00+00:00
[2025-03-09T11:10:55.235+0000] {processor.py:179} INFO - Processing /opt/airflow/dags/customer_churn.py took 0.193 seconds
[2025-03-09T11:11:25.346+0000] {processor.py:157} INFO - Started process (PID=1874) to work on /opt/airflow/dags/customer_churn.py
[2025-03-09T11:11:25.347+0000] {processor.py:829} INFO - Processing file /opt/airflow/dags/customer_churn.py for tasks to queue
[2025-03-09T11:11:25.349+0000] {logging_mixin.py:154} INFO - [2025-03-09T11:11:25.348+0000] {dagbag.py:536} INFO - Filling up the DagBag from /opt/airflow/dags/customer_churn.py
[2025-03-09T11:11:25.380+0000] {processor.py:839} INFO - DAG(s) dict_keys(['customer_churn_ml_pipeline']) retrieved from /opt/airflow/dags/customer_churn.py
[2025-03-09T11:11:25.452+0000] {logging_mixin.py:154} INFO - [2025-03-09T11:11:25.451+0000] {dag.py:2941} INFO - Sync 1 DAGs
[2025-03-09T11:11:25.515+0000] {logging_mixin.py:154} INFO - [2025-03-09T11:11:25.514+0000] {dag.py:3722} INFO - Setting next_dagrun for customer_churn_ml_pipeline to 2025-03-09T08:00:00+00:00, run_after=2025-03-10T08:00:00+00:00
[2025-03-09T11:11:25.558+0000] {processor.py:179} INFO - Processing /opt/airflow/dags/customer_churn.py took 0.220 seconds
[2025-03-09T11:11:55.739+0000] {processor.py:157} INFO - Started process (PID=1977) to work on /opt/airflow/dags/customer_churn.py
[2025-03-09T11:11:55.741+0000] {processor.py:829} INFO - Processing file /opt/airflow/dags/customer_churn.py for tasks to queue
[2025-03-09T11:11:55.743+0000] {logging_mixin.py:154} INFO - [2025-03-09T11:11:55.742+0000] {dagbag.py:536} INFO - Filling up the DagBag from /opt/airflow/dags/customer_churn.py
[2025-03-09T11:11:55.771+0000] {processor.py:839} INFO - DAG(s) dict_keys(['customer_churn_ml_pipeline']) retrieved from /opt/airflow/dags/customer_churn.py
[2025-03-09T11:11:55.851+0000] {logging_mixin.py:154} INFO - [2025-03-09T11:11:55.851+0000] {dag.py:2941} INFO - Sync 1 DAGs
[2025-03-09T11:11:55.919+0000] {logging_mixin.py:154} INFO - [2025-03-09T11:11:55.918+0000] {dag.py:3722} INFO - Setting next_dagrun for customer_churn_ml_pipeline to 2025-03-09T08:00:00+00:00, run_after=2025-03-10T08:00:00+00:00
[2025-03-09T11:11:55.958+0000] {processor.py:179} INFO - Processing /opt/airflow/dags/customer_churn.py took 0.225 seconds
[2025-03-09T11:12:26.219+0000] {processor.py:157} INFO - Started process (PID=2014) to work on /opt/airflow/dags/customer_churn.py
[2025-03-09T11:12:26.221+0000] {processor.py:829} INFO - Processing file /opt/airflow/dags/customer_churn.py for tasks to queue
[2025-03-09T11:12:26.223+0000] {logging_mixin.py:154} INFO - [2025-03-09T11:12:26.222+0000] {dagbag.py:536} INFO - Filling up the DagBag from /opt/airflow/dags/customer_churn.py
[2025-03-09T11:12:26.244+0000] {processor.py:839} INFO - DAG(s) dict_keys(['customer_churn_ml_pipeline']) retrieved from /opt/airflow/dags/customer_churn.py
[2025-03-09T11:12:26.280+0000] {logging_mixin.py:154} INFO - [2025-03-09T11:12:26.280+0000] {dag.py:2941} INFO - Sync 1 DAGs
[2025-03-09T11:12:26.305+0000] {logging_mixin.py:154} INFO - [2025-03-09T11:12:26.305+0000] {dag.py:3722} INFO - Setting next_dagrun for customer_churn_ml_pipeline to 2025-03-09T08:00:00+00:00, run_after=2025-03-10T08:00:00+00:00
[2025-03-09T11:12:26.327+0000] {processor.py:179} INFO - Processing /opt/airflow/dags/customer_churn.py took 0.114 seconds
[2025-03-09T11:12:56.454+0000] {processor.py:157} INFO - Started process (PID=2019) to work on /opt/airflow/dags/customer_churn.py
[2025-03-09T11:12:56.455+0000] {processor.py:829} INFO - Processing file /opt/airflow/dags/customer_churn.py for tasks to queue
[2025-03-09T11:12:56.456+0000] {logging_mixin.py:154} INFO - [2025-03-09T11:12:56.456+0000] {dagbag.py:536} INFO - Filling up the DagBag from /opt/airflow/dags/customer_churn.py
[2025-03-09T11:12:56.472+0000] {processor.py:839} INFO - DAG(s) dict_keys(['customer_churn_ml_pipeline']) retrieved from /opt/airflow/dags/customer_churn.py
[2025-03-09T11:12:56.505+0000] {logging_mixin.py:154} INFO - [2025-03-09T11:12:56.505+0000] {dag.py:2941} INFO - Sync 1 DAGs
[2025-03-09T11:12:56.530+0000] {logging_mixin.py:154} INFO - [2025-03-09T11:12:56.530+0000] {dag.py:3722} INFO - Setting next_dagrun for customer_churn_ml_pipeline to 2025-03-09T08:00:00+00:00, run_after=2025-03-10T08:00:00+00:00
[2025-03-09T11:12:56.551+0000] {processor.py:179} INFO - Processing /opt/airflow/dags/customer_churn.py took 0.101 seconds
[2025-03-09T11:13:26.766+0000] {processor.py:157} INFO - Started process (PID=2024) to work on /opt/airflow/dags/customer_churn.py
[2025-03-09T11:13:26.768+0000] {processor.py:829} INFO - Processing file /opt/airflow/dags/customer_churn.py for tasks to queue
[2025-03-09T11:13:26.769+0000] {logging_mixin.py:154} INFO - [2025-03-09T11:13:26.769+0000] {dagbag.py:536} INFO - Filling up the DagBag from /opt/airflow/dags/customer_churn.py
[2025-03-09T11:13:26.785+0000] {processor.py:839} INFO - DAG(s) dict_keys(['customer_churn_ml_pipeline']) retrieved from /opt/airflow/dags/customer_churn.py
[2025-03-09T11:13:26.819+0000] {logging_mixin.py:154} INFO - [2025-03-09T11:13:26.818+0000] {dag.py:2941} INFO - Sync 1 DAGs
[2025-03-09T11:13:26.845+0000] {logging_mixin.py:154} INFO - [2025-03-09T11:13:26.844+0000] {dag.py:3722} INFO - Setting next_dagrun for customer_churn_ml_pipeline to 2025-03-09T08:00:00+00:00, run_after=2025-03-10T08:00:00+00:00
[2025-03-09T11:13:26.865+0000] {processor.py:179} INFO - Processing /opt/airflow/dags/customer_churn.py took 0.104 seconds
[2025-03-09T11:13:57.008+0000] {processor.py:157} INFO - Started process (PID=2029) to work on /opt/airflow/dags/customer_churn.py
[2025-03-09T11:13:57.017+0000] {processor.py:829} INFO - Processing file /opt/airflow/dags/customer_churn.py for tasks to queue
[2025-03-09T11:13:57.018+0000] {logging_mixin.py:154} INFO - [2025-03-09T11:13:57.018+0000] {dagbag.py:536} INFO - Filling up the DagBag from /opt/airflow/dags/customer_churn.py
[2025-03-09T11:13:57.036+0000] {processor.py:839} INFO - DAG(s) dict_keys(['customer_churn_ml_pipeline']) retrieved from /opt/airflow/dags/customer_churn.py
[2025-03-09T11:13:57.069+0000] {logging_mixin.py:154} INFO - [2025-03-09T11:13:57.069+0000] {dag.py:2941} INFO - Sync 1 DAGs
[2025-03-09T11:13:57.094+0000] {logging_mixin.py:154} INFO - [2025-03-09T11:13:57.093+0000] {dag.py:3722} INFO - Setting next_dagrun for customer_churn_ml_pipeline to 2025-03-09T08:00:00+00:00, run_after=2025-03-10T08:00:00+00:00
[2025-03-09T11:13:57.114+0000] {processor.py:179} INFO - Processing /opt/airflow/dags/customer_churn.py took 0.111 seconds
[2025-03-09T11:14:27.309+0000] {processor.py:157} INFO - Started process (PID=2034) to work on /opt/airflow/dags/customer_churn.py
[2025-03-09T11:14:27.310+0000] {processor.py:829} INFO - Processing file /opt/airflow/dags/customer_churn.py for tasks to queue
[2025-03-09T11:14:27.311+0000] {logging_mixin.py:154} INFO - [2025-03-09T11:14:27.311+0000] {dagbag.py:536} INFO - Filling up the DagBag from /opt/airflow/dags/customer_churn.py
[2025-03-09T11:14:27.326+0000] {processor.py:839} INFO - DAG(s) dict_keys(['customer_churn_ml_pipeline']) retrieved from /opt/airflow/dags/customer_churn.py
[2025-03-09T11:14:27.359+0000] {logging_mixin.py:154} INFO - [2025-03-09T11:14:27.359+0000] {dag.py:2941} INFO - Sync 1 DAGs
[2025-03-09T11:14:27.384+0000] {logging_mixin.py:154} INFO - [2025-03-09T11:14:27.384+0000] {dag.py:3722} INFO - Setting next_dagrun for customer_churn_ml_pipeline to 2025-03-09T08:00:00+00:00, run_after=2025-03-10T08:00:00+00:00
[2025-03-09T11:14:27.404+0000] {processor.py:179} INFO - Processing /opt/airflow/dags/customer_churn.py took 0.099 seconds
[2025-03-09T11:14:57.567+0000] {processor.py:157} INFO - Started process (PID=2039) to work on /opt/airflow/dags/customer_churn.py
[2025-03-09T11:14:57.569+0000] {processor.py:829} INFO - Processing file /opt/airflow/dags/customer_churn.py for tasks to queue
[2025-03-09T11:14:57.570+0000] {logging_mixin.py:154} INFO - [2025-03-09T11:14:57.569+0000] {dagbag.py:536} INFO - Filling up the DagBag from /opt/airflow/dags/customer_churn.py
[2025-03-09T11:14:57.584+0000] {processor.py:839} INFO - DAG(s) dict_keys(['customer_churn_ml_pipeline']) retrieved from /opt/airflow/dags/customer_churn.py
[2025-03-09T11:14:57.615+0000] {logging_mixin.py:154} INFO - [2025-03-09T11:14:57.615+0000] {dag.py:2941} INFO - Sync 1 DAGs
[2025-03-09T11:14:57.642+0000] {logging_mixin.py:154} INFO - [2025-03-09T11:14:57.642+0000] {dag.py:3722} INFO - Setting next_dagrun for customer_churn_ml_pipeline to 2025-03-09T08:00:00+00:00, run_after=2025-03-10T08:00:00+00:00
[2025-03-09T11:14:57.662+0000] {processor.py:179} INFO - Processing /opt/airflow/dags/customer_churn.py took 0.099 seconds
[2025-03-09T11:15:27.838+0000] {processor.py:157} INFO - Started process (PID=2044) to work on /opt/airflow/dags/customer_churn.py
[2025-03-09T11:15:27.840+0000] {processor.py:829} INFO - Processing file /opt/airflow/dags/customer_churn.py for tasks to queue
[2025-03-09T11:15:27.841+0000] {logging_mixin.py:154} INFO - [2025-03-09T11:15:27.840+0000] {dagbag.py:536} INFO - Filling up the DagBag from /opt/airflow/dags/customer_churn.py
[2025-03-09T11:15:27.859+0000] {processor.py:839} INFO - DAG(s) dict_keys(['customer_churn_ml_pipeline']) retrieved from /opt/airflow/dags/customer_churn.py
[2025-03-09T11:15:27.891+0000] {logging_mixin.py:154} INFO - [2025-03-09T11:15:27.891+0000] {dag.py:2941} INFO - Sync 1 DAGs
[2025-03-09T11:15:27.916+0000] {logging_mixin.py:154} INFO - [2025-03-09T11:15:27.916+0000] {dag.py:3722} INFO - Setting next_dagrun for customer_churn_ml_pipeline to 2025-03-09T08:00:00+00:00, run_after=2025-03-10T08:00:00+00:00
[2025-03-09T11:15:27.938+0000] {processor.py:179} INFO - Processing /opt/airflow/dags/customer_churn.py took 0.106 seconds
[2025-03-09T11:15:58.104+0000] {processor.py:157} INFO - Started process (PID=2049) to work on /opt/airflow/dags/customer_churn.py
[2025-03-09T11:15:58.106+0000] {processor.py:829} INFO - Processing file /opt/airflow/dags/customer_churn.py for tasks to queue
[2025-03-09T11:15:58.106+0000] {logging_mixin.py:154} INFO - [2025-03-09T11:15:58.106+0000] {dagbag.py:536} INFO - Filling up the DagBag from /opt/airflow/dags/customer_churn.py
[2025-03-09T11:15:58.117+0000] {processor.py:839} INFO - DAG(s) dict_keys(['customer_churn_ml_pipeline']) retrieved from /opt/airflow/dags/customer_churn.py
[2025-03-09T11:15:58.144+0000] {logging_mixin.py:154} INFO - [2025-03-09T11:15:58.144+0000] {dag.py:2941} INFO - Sync 1 DAGs
[2025-03-09T11:15:58.165+0000] {logging_mixin.py:154} INFO - [2025-03-09T11:15:58.165+0000] {dag.py:3722} INFO - Setting next_dagrun for customer_churn_ml_pipeline to 2025-03-09T08:00:00+00:00, run_after=2025-03-10T08:00:00+00:00
[2025-03-09T11:15:58.184+0000] {processor.py:179} INFO - Processing /opt/airflow/dags/customer_churn.py took 0.081 seconds
[2025-03-09T11:16:28.382+0000] {processor.py:157} INFO - Started process (PID=2054) to work on /opt/airflow/dags/customer_churn.py
[2025-03-09T11:16:28.385+0000] {processor.py:829} INFO - Processing file /opt/airflow/dags/customer_churn.py for tasks to queue
[2025-03-09T11:16:28.386+0000] {logging_mixin.py:154} INFO - [2025-03-09T11:16:28.385+0000] {dagbag.py:536} INFO - Filling up the DagBag from /opt/airflow/dags/customer_churn.py
[2025-03-09T11:16:28.400+0000] {processor.py:839} INFO - DAG(s) dict_keys(['customer_churn_ml_pipeline']) retrieved from /opt/airflow/dags/customer_churn.py
[2025-03-09T11:16:28.432+0000] {logging_mixin.py:154} INFO - [2025-03-09T11:16:28.432+0000] {dag.py:2941} INFO - Sync 1 DAGs
[2025-03-09T11:16:28.459+0000] {logging_mixin.py:154} INFO - [2025-03-09T11:16:28.459+0000] {dag.py:3722} INFO - Setting next_dagrun for customer_churn_ml_pipeline to 2025-03-09T08:00:00+00:00, run_after=2025-03-10T08:00:00+00:00
[2025-03-09T11:16:28.480+0000] {processor.py:179} INFO - Processing /opt/airflow/dags/customer_churn.py took 0.103 seconds
[2025-03-09T11:16:58.658+0000] {processor.py:157} INFO - Started process (PID=2059) to work on /opt/airflow/dags/customer_churn.py
[2025-03-09T11:16:58.660+0000] {processor.py:829} INFO - Processing file /opt/airflow/dags/customer_churn.py for tasks to queue
[2025-03-09T11:16:58.661+0000] {logging_mixin.py:154} INFO - [2025-03-09T11:16:58.660+0000] {dagbag.py:536} INFO - Filling up the DagBag from /opt/airflow/dags/customer_churn.py
[2025-03-09T11:16:58.678+0000] {processor.py:839} INFO - DAG(s) dict_keys(['customer_churn_ml_pipeline']) retrieved from /opt/airflow/dags/customer_churn.py
[2025-03-09T11:16:58.711+0000] {logging_mixin.py:154} INFO - [2025-03-09T11:16:58.711+0000] {dag.py:2941} INFO - Sync 1 DAGs
[2025-03-09T11:16:58.736+0000] {logging_mixin.py:154} INFO - [2025-03-09T11:16:58.736+0000] {dag.py:3722} INFO - Setting next_dagrun for customer_churn_ml_pipeline to 2025-03-09T08:00:00+00:00, run_after=2025-03-10T08:00:00+00:00
[2025-03-09T11:16:58.757+0000] {processor.py:179} INFO - Processing /opt/airflow/dags/customer_churn.py took 0.104 seconds
[2025-03-09T11:17:28.907+0000] {processor.py:157} INFO - Started process (PID=2064) to work on /opt/airflow/dags/customer_churn.py
[2025-03-09T11:17:28.909+0000] {processor.py:829} INFO - Processing file /opt/airflow/dags/customer_churn.py for tasks to queue
[2025-03-09T11:17:28.910+0000] {logging_mixin.py:154} INFO - [2025-03-09T11:17:28.910+0000] {dagbag.py:536} INFO - Filling up the DagBag from /opt/airflow/dags/customer_churn.py
[2025-03-09T11:17:28.926+0000] {processor.py:839} INFO - DAG(s) dict_keys(['customer_churn_ml_pipeline']) retrieved from /opt/airflow/dags/customer_churn.py
[2025-03-09T11:17:28.960+0000] {logging_mixin.py:154} INFO - [2025-03-09T11:17:28.960+0000] {dag.py:2941} INFO - Sync 1 DAGs
[2025-03-09T11:17:28.984+0000] {logging_mixin.py:154} INFO - [2025-03-09T11:17:28.984+0000] {dag.py:3722} INFO - Setting next_dagrun for customer_churn_ml_pipeline to 2025-03-09T08:00:00+00:00, run_after=2025-03-10T08:00:00+00:00
[2025-03-09T11:17:29.006+0000] {processor.py:179} INFO - Processing /opt/airflow/dags/customer_churn.py took 0.103 seconds
[2025-03-09T11:17:59.166+0000] {processor.py:157} INFO - Started process (PID=2069) to work on /opt/airflow/dags/customer_churn.py
[2025-03-09T11:17:59.168+0000] {processor.py:829} INFO - Processing file /opt/airflow/dags/customer_churn.py for tasks to queue
[2025-03-09T11:17:59.169+0000] {logging_mixin.py:154} INFO - [2025-03-09T11:17:59.169+0000] {dagbag.py:536} INFO - Filling up the DagBag from /opt/airflow/dags/customer_churn.py
[2025-03-09T11:17:59.189+0000] {processor.py:839} INFO - DAG(s) dict_keys(['customer_churn_ml_pipeline']) retrieved from /opt/airflow/dags/customer_churn.py
[2025-03-09T11:17:59.223+0000] {logging_mixin.py:154} INFO - [2025-03-09T11:17:59.223+0000] {dag.py:2941} INFO - Sync 1 DAGs
[2025-03-09T11:17:59.248+0000] {logging_mixin.py:154} INFO - [2025-03-09T11:17:59.248+0000] {dag.py:3722} INFO - Setting next_dagrun for customer_churn_ml_pipeline to 2025-03-09T08:00:00+00:00, run_after=2025-03-10T08:00:00+00:00
[2025-03-09T11:17:59.268+0000] {processor.py:179} INFO - Processing /opt/airflow/dags/customer_churn.py took 0.108 seconds
[2025-03-09T11:18:29.443+0000] {processor.py:157} INFO - Started process (PID=2074) to work on /opt/airflow/dags/customer_churn.py
[2025-03-09T11:18:29.445+0000] {processor.py:829} INFO - Processing file /opt/airflow/dags/customer_churn.py for tasks to queue
[2025-03-09T11:18:29.446+0000] {logging_mixin.py:154} INFO - [2025-03-09T11:18:29.446+0000] {dagbag.py:536} INFO - Filling up the DagBag from /opt/airflow/dags/customer_churn.py
[2025-03-09T11:18:29.463+0000] {processor.py:839} INFO - DAG(s) dict_keys(['customer_churn_ml_pipeline']) retrieved from /opt/airflow/dags/customer_churn.py
[2025-03-09T11:18:29.496+0000] {logging_mixin.py:154} INFO - [2025-03-09T11:18:29.495+0000] {dag.py:2941} INFO - Sync 1 DAGs
[2025-03-09T11:18:29.520+0000] {logging_mixin.py:154} INFO - [2025-03-09T11:18:29.519+0000] {dag.py:3722} INFO - Setting next_dagrun for customer_churn_ml_pipeline to 2025-03-09T08:00:00+00:00, run_after=2025-03-10T08:00:00+00:00
[2025-03-09T11:18:29.540+0000] {processor.py:179} INFO - Processing /opt/airflow/dags/customer_churn.py took 0.102 seconds
[2025-03-09T11:18:59.681+0000] {processor.py:157} INFO - Started process (PID=2079) to work on /opt/airflow/dags/customer_churn.py
[2025-03-09T11:18:59.682+0000] {processor.py:829} INFO - Processing file /opt/airflow/dags/customer_churn.py for tasks to queue
[2025-03-09T11:18:59.683+0000] {logging_mixin.py:154} INFO - [2025-03-09T11:18:59.683+0000] {dagbag.py:536} INFO - Filling up the DagBag from /opt/airflow/dags/customer_churn.py
[2025-03-09T11:18:59.696+0000] {processor.py:839} INFO - DAG(s) dict_keys(['customer_churn_ml_pipeline']) retrieved from /opt/airflow/dags/customer_churn.py
[2025-03-09T11:18:59.728+0000] {logging_mixin.py:154} INFO - [2025-03-09T11:18:59.728+0000] {dag.py:2941} INFO - Sync 1 DAGs
[2025-03-09T11:18:59.755+0000] {logging_mixin.py:154} INFO - [2025-03-09T11:18:59.755+0000] {dag.py:3722} INFO - Setting next_dagrun for customer_churn_ml_pipeline to 2025-03-09T08:00:00+00:00, run_after=2025-03-10T08:00:00+00:00
[2025-03-09T11:18:59.775+0000] {processor.py:179} INFO - Processing /opt/airflow/dags/customer_churn.py took 0.097 seconds
[2025-03-09T11:19:30.008+0000] {processor.py:157} INFO - Started process (PID=2084) to work on /opt/airflow/dags/customer_churn.py
[2025-03-09T11:19:30.010+0000] {processor.py:829} INFO - Processing file /opt/airflow/dags/customer_churn.py for tasks to queue
[2025-03-09T11:19:30.011+0000] {logging_mixin.py:154} INFO - [2025-03-09T11:19:30.011+0000] {dagbag.py:536} INFO - Filling up the DagBag from /opt/airflow/dags/customer_churn.py
[2025-03-09T11:19:30.026+0000] {processor.py:839} INFO - DAG(s) dict_keys(['customer_churn_ml_pipeline']) retrieved from /opt/airflow/dags/customer_churn.py
[2025-03-09T11:19:30.056+0000] {logging_mixin.py:154} INFO - [2025-03-09T11:19:30.056+0000] {dag.py:2941} INFO - Sync 1 DAGs
[2025-03-09T11:19:30.081+0000] {logging_mixin.py:154} INFO - [2025-03-09T11:19:30.081+0000] {dag.py:3722} INFO - Setting next_dagrun for customer_churn_ml_pipeline to 2025-03-09T08:00:00+00:00, run_after=2025-03-10T08:00:00+00:00
[2025-03-09T11:19:30.100+0000] {processor.py:179} INFO - Processing /opt/airflow/dags/customer_churn.py took 0.097 seconds
[2025-03-09T11:20:00.272+0000] {processor.py:157} INFO - Started process (PID=2089) to work on /opt/airflow/dags/customer_churn.py
[2025-03-09T11:20:00.281+0000] {processor.py:829} INFO - Processing file /opt/airflow/dags/customer_churn.py for tasks to queue
[2025-03-09T11:20:00.283+0000] {logging_mixin.py:154} INFO - [2025-03-09T11:20:00.282+0000] {dagbag.py:536} INFO - Filling up the DagBag from /opt/airflow/dags/customer_churn.py
[2025-03-09T11:20:00.300+0000] {processor.py:839} INFO - DAG(s) dict_keys(['customer_churn_ml_pipeline']) retrieved from /opt/airflow/dags/customer_churn.py
[2025-03-09T11:20:00.334+0000] {logging_mixin.py:154} INFO - [2025-03-09T11:20:00.333+0000] {dag.py:2941} INFO - Sync 1 DAGs
[2025-03-09T11:20:00.357+0000] {logging_mixin.py:154} INFO - [2025-03-09T11:20:00.357+0000] {dag.py:3722} INFO - Setting next_dagrun for customer_churn_ml_pipeline to 2025-03-09T08:00:00+00:00, run_after=2025-03-10T08:00:00+00:00
[2025-03-09T11:20:00.373+0000] {processor.py:179} INFO - Processing /opt/airflow/dags/customer_churn.py took 0.107 seconds
[2025-03-09T11:20:30.474+0000] {processor.py:157} INFO - Started process (PID=2094) to work on /opt/airflow/dags/customer_churn.py
[2025-03-09T11:20:30.475+0000] {processor.py:829} INFO - Processing file /opt/airflow/dags/customer_churn.py for tasks to queue
[2025-03-09T11:20:30.475+0000] {logging_mixin.py:154} INFO - [2025-03-09T11:20:30.475+0000] {dagbag.py:536} INFO - Filling up the DagBag from /opt/airflow/dags/customer_churn.py
[2025-03-09T11:20:30.486+0000] {processor.py:839} INFO - DAG(s) dict_keys(['customer_churn_ml_pipeline']) retrieved from /opt/airflow/dags/customer_churn.py
[2025-03-09T11:20:30.521+0000] {logging_mixin.py:154} INFO - [2025-03-09T11:20:30.521+0000] {dag.py:2941} INFO - Sync 1 DAGs
[2025-03-09T11:20:30.550+0000] {logging_mixin.py:154} INFO - [2025-03-09T11:20:30.550+0000] {dag.py:3722} INFO - Setting next_dagrun for customer_churn_ml_pipeline to 2025-03-09T08:00:00+00:00, run_after=2025-03-10T08:00:00+00:00
[2025-03-09T11:20:30.568+0000] {processor.py:179} INFO - Processing /opt/airflow/dags/customer_churn.py took 0.096 seconds
[2025-03-09T11:21:00.751+0000] {processor.py:157} INFO - Started process (PID=2171) to work on /opt/airflow/dags/customer_churn.py
[2025-03-09T11:21:00.752+0000] {processor.py:829} INFO - Processing file /opt/airflow/dags/customer_churn.py for tasks to queue
[2025-03-09T11:21:00.752+0000] {logging_mixin.py:154} INFO - [2025-03-09T11:21:00.752+0000] {dagbag.py:536} INFO - Filling up the DagBag from /opt/airflow/dags/customer_churn.py
[2025-03-09T11:21:00.764+0000] {processor.py:839} INFO - DAG(s) dict_keys(['customer_churn_ml_pipeline']) retrieved from /opt/airflow/dags/customer_churn.py
[2025-03-09T11:21:00.791+0000] {logging_mixin.py:154} INFO - [2025-03-09T11:21:00.790+0000] {dag.py:2941} INFO - Sync 1 DAGs
[2025-03-09T11:21:00.811+0000] {logging_mixin.py:154} INFO - [2025-03-09T11:21:00.811+0000] {dag.py:3722} INFO - Setting next_dagrun for customer_churn_ml_pipeline to 2025-03-09T08:00:00+00:00, run_after=2025-03-10T08:00:00+00:00
[2025-03-09T11:21:00.830+0000] {processor.py:179} INFO - Processing /opt/airflow/dags/customer_churn.py took 0.082 seconds
