[2025-03-09T19:00:55.496+0000] {taskinstance.py:1159} INFO - Dependencies all met for dep_context=non-requeueable deps ti=<TaskInstance: customer_churn_ml_pipeline.data_transformation_task manual__2025-03-09T18:59:08.350415+00:00 [queued]>
[2025-03-09T19:00:55.516+0000] {taskinstance.py:1159} INFO - Dependencies all met for dep_context=requeueable deps ti=<TaskInstance: customer_churn_ml_pipeline.data_transformation_task manual__2025-03-09T18:59:08.350415+00:00 [queued]>
[2025-03-09T19:00:55.517+0000] {taskinstance.py:1361} INFO - Starting attempt 1 of 1
[2025-03-09T19:00:55.542+0000] {taskinstance.py:1382} INFO - Executing <Task(BashOperator): data_transformation_task> on 2025-03-09 18:59:08.350415+00:00
[2025-03-09T19:00:55.549+0000] {standard_task_runner.py:57} INFO - Started process 17279 to run task
[2025-03-09T19:00:55.554+0000] {standard_task_runner.py:84} INFO - Running: ['***', 'tasks', 'run', 'customer_churn_ml_pipeline', 'data_transformation_task', 'manual__2025-03-09T18:59:08.350415+00:00', '--job-id', '462', '--raw', '--subdir', 'DAGS_FOLDER/customer_churn.py', '--cfg-path', '/tmp/tmphnfcpd9b']
[2025-03-09T19:00:55.559+0000] {standard_task_runner.py:85} INFO - Job 462: Subtask data_transformation_task
[2025-03-09T19:00:55.594+0000] {logging_mixin.py:154} WARNING - /home/***/.local/lib/python3.8/site-packages/***/settings.py:195 DeprecationWarning: The sql_alchemy_conn option in [core] has been moved to the sql_alchemy_conn option in [database] - the old setting has been used, but please update your config.
[2025-03-09T19:00:55.669+0000] {task_command.py:416} INFO - Running <TaskInstance: customer_churn_ml_pipeline.data_transformation_task manual__2025-03-09T18:59:08.350415+00:00 [running]> on host 157237bff8f7
[2025-03-09T19:00:55.863+0000] {taskinstance.py:1662} INFO - Exporting env vars: AIRFLOW_CTX_DAG_OWNER='***' AIRFLOW_CTX_DAG_ID='customer_churn_ml_pipeline' AIRFLOW_CTX_TASK_ID='data_transformation_task' AIRFLOW_CTX_EXECUTION_DATE='2025-03-09T18:59:08.350415+00:00' AIRFLOW_CTX_TRY_NUMBER='1' AIRFLOW_CTX_DAG_RUN_ID='manual__2025-03-09T18:59:08.350415+00:00'
[2025-03-09T19:00:55.865+0000] {subprocess.py:63} INFO - Tmp dir root location: /tmp
[2025-03-09T19:00:55.866+0000] {subprocess.py:75} INFO - Running command: ['/bin/bash', '-c', '\n\t\t\tcd /opt/*** &&                        dvc pull /opt/***/data/cleaned\n                        python /opt/***/executables/data_transformation.py &&                         dvc add /opt/***/data/transformed &&                         git add /opt/***/data/transformed.dvc && \t\t\tgit add logs &&    \t\t\tgit status &&                         git commit -m "Updated transformed data version" -a &&                         dvc push && git push\n                    ']
[2025-03-09T19:00:55.881+0000] {subprocess.py:86} INFO - Output:
[2025-03-09T19:01:00.236+0000] {subprocess.py:93} INFO - Everything is up to date.
[2025-03-09T19:01:04.503+0000] {subprocess.py:93} INFO - 2025-03-09 19:01:04,503 : INFO : Starting data transformation for csv.
[2025-03-09T19:01:04.546+0000] {subprocess.py:93} INFO - 2025-03-09 19:01:04,546 : INFO : Scaling 'Balance', 'EstimatedSalary'.
[2025-03-09T19:01:04.554+0000] {subprocess.py:93} INFO - 2025-03-09 19:01:04,554 : INFO : Saving data to S3.
[2025-03-09T19:01:08.008+0000] {subprocess.py:93} INFO - 2025-03-09 19:01:08,007 : INFO : Starting data transformation for csv.
[2025-03-09T19:01:08.053+0000] {subprocess.py:93} INFO - 2025-03-09 19:01:08,053 : INFO : Scaling 'Balance', 'EstimatedSalary'.
[2025-03-09T19:01:08.066+0000] {subprocess.py:93} INFO - 2025-03-09 19:01:08,065 : INFO : Saving data to S3.
[2025-03-09T19:01:17.037+0000] {subprocess.py:93} INFO - 
[2025-03-09T19:01:17.038+0000] {subprocess.py:93} INFO - To track the changes with git, run:
[2025-03-09T19:01:17.038+0000] {subprocess.py:93} INFO - 
[2025-03-09T19:01:17.038+0000] {subprocess.py:93} INFO - 	git add data/transformed.dvc
[2025-03-09T19:01:17.039+0000] {subprocess.py:93} INFO - 
[2025-03-09T19:01:17.039+0000] {subprocess.py:93} INFO - To enable auto staging, run:
[2025-03-09T19:01:17.039+0000] {subprocess.py:93} INFO - 
[2025-03-09T19:01:17.039+0000] {subprocess.py:93} INFO - 	dvc config core.autostage true
[2025-03-09T19:01:17.534+0000] {subprocess.py:93} INFO - On branch main
[2025-03-09T19:01:17.534+0000] {subprocess.py:93} INFO - Your branch is up to date with 'origin/main'.
[2025-03-09T19:01:17.535+0000] {subprocess.py:93} INFO - 
[2025-03-09T19:01:17.535+0000] {subprocess.py:93} INFO - Changes to be committed:
[2025-03-09T19:01:17.536+0000] {subprocess.py:93} INFO -   (use "git restore --staged <file>..." to unstage)
[2025-03-09T19:01:17.536+0000] {subprocess.py:93} INFO - 	modified:   logs/dag_id=customer_churn_ml_pipeline/run_id=manual__2025-03-09T18:59:08.350415+00:00/task_id=data_preparation_task/attempt=1.log
[2025-03-09T19:01:17.536+0000] {subprocess.py:93} INFO - 	new file:   logs/dag_id=customer_churn_ml_pipeline/run_id=manual__2025-03-09T18:59:08.350415+00:00/task_id=data_transformation_task/attempt=1.log
[2025-03-09T19:01:17.536+0000] {subprocess.py:93} INFO - 	modified:   logs/dag_processor_manager/dag_processor_manager.log
[2025-03-09T19:01:17.537+0000] {subprocess.py:93} INFO - 	modified:   logs/data_transformation.log
[2025-03-09T19:01:17.537+0000] {subprocess.py:93} INFO - 	modified:   logs/scheduler/2025-03-09/customer_churn.py.log
[2025-03-09T19:01:17.537+0000] {subprocess.py:93} INFO - 
[2025-03-09T19:01:17.538+0000] {subprocess.py:93} INFO - Untracked files:
[2025-03-09T19:01:17.538+0000] {subprocess.py:93} INFO -   (use "git add <file>..." to include in what will be committed)
[2025-03-09T19:01:17.538+0000] {subprocess.py:93} INFO - 	customer_churn_stats/feature_repo/data/online_store.db
[2025-03-09T19:01:17.539+0000] {subprocess.py:93} INFO - 	customer_churn_stats/feature_repo/data/registry.db
[2025-03-09T19:01:17.539+0000] {subprocess.py:93} INFO - 	mlartifacts/
[2025-03-09T19:01:17.539+0000] {subprocess.py:93} INFO - 	online.db
[2025-03-09T19:01:17.540+0000] {subprocess.py:93} INFO - 
[2025-03-09T19:01:17.690+0000] {subprocess.py:93} INFO - [main 6b902b0] Updated transformed data version
[2025-03-09T19:01:17.691+0000] {subprocess.py:93} INFO -  5 files changed, 77 insertions(+)
[2025-03-09T19:01:17.691+0000] {subprocess.py:93} INFO -  create mode 100644 logs/dag_id=customer_churn_ml_pipeline/run_id=manual__2025-03-09T18:59:08.350415+00:00/task_id=data_transformation_task/attempt=1.log
[2025-03-09T19:01:25.487+0000] {subprocess.py:93} INFO - Everything is up to date.
[2025-03-09T19:01:27.855+0000] {subprocess.py:93} INFO - To https://github.com/anniemathew-trial/customer_churn_pipeline.git
[2025-03-09T19:01:27.856+0000] {subprocess.py:93} INFO -    6ed8b1a..6b902b0  main -> main
[2025-03-09T19:01:27.865+0000] {subprocess.py:97} INFO - Command exited with return code 0
[2025-03-09T19:01:27.937+0000] {taskinstance.py:1400} INFO - Marking task as SUCCESS. dag_id=customer_churn_ml_pipeline, task_id=data_transformation_task, execution_date=20250309T185908, start_date=20250309T190055, end_date=20250309T190127
[2025-03-09T19:01:27.996+0000] {local_task_job_runner.py:228} INFO - Task exited with return code 0
[2025-03-09T19:01:28.079+0000] {taskinstance.py:2778} INFO - 1 downstream tasks scheduled from follow-on schedule check
