[2025-03-09T11:43:01.686+0000] {taskinstance.py:1159} INFO - Dependencies all met for dep_context=non-requeueable deps ti=<TaskInstance: customer_churn_ml_pipeline.data_transformation_task manual__2025-03-09T11:41:44.371749+00:00 [queued]>
[2025-03-09T11:43:01.695+0000] {taskinstance.py:1159} INFO - Dependencies all met for dep_context=requeueable deps ti=<TaskInstance: customer_churn_ml_pipeline.data_transformation_task manual__2025-03-09T11:41:44.371749+00:00 [queued]>
[2025-03-09T11:43:01.695+0000] {taskinstance.py:1361} INFO - Starting attempt 1 of 1
[2025-03-09T11:43:01.711+0000] {taskinstance.py:1382} INFO - Executing <Task(BashOperator): data_transformation_task> on 2025-03-09 11:41:44.371749+00:00
[2025-03-09T11:43:01.714+0000] {standard_task_runner.py:57} INFO - Started process 3664 to run task
[2025-03-09T11:43:01.717+0000] {standard_task_runner.py:84} INFO - Running: ['***', 'tasks', 'run', 'customer_churn_ml_pipeline', 'data_transformation_task', 'manual__2025-03-09T11:41:44.371749+00:00', '--job-id', '326', '--raw', '--subdir', 'DAGS_FOLDER/customer_churn.py', '--cfg-path', '/tmp/tmpsd5odj9m']
[2025-03-09T11:43:01.719+0000] {standard_task_runner.py:85} INFO - Job 326: Subtask data_transformation_task
[2025-03-09T11:43:01.739+0000] {logging_mixin.py:154} WARNING - /home/***/.local/lib/python3.8/site-packages/***/settings.py:195 DeprecationWarning: The sql_alchemy_conn option in [core] has been moved to the sql_alchemy_conn option in [database] - the old setting has been used, but please update your config.
[2025-03-09T11:43:01.777+0000] {task_command.py:416} INFO - Running <TaskInstance: customer_churn_ml_pipeline.data_transformation_task manual__2025-03-09T11:41:44.371749+00:00 [running]> on host 157237bff8f7
[2025-03-09T11:43:01.881+0000] {taskinstance.py:1662} INFO - Exporting env vars: AIRFLOW_CTX_DAG_OWNER='***' AIRFLOW_CTX_DAG_ID='customer_churn_ml_pipeline' AIRFLOW_CTX_TASK_ID='data_transformation_task' AIRFLOW_CTX_EXECUTION_DATE='2025-03-09T11:41:44.371749+00:00' AIRFLOW_CTX_TRY_NUMBER='1' AIRFLOW_CTX_DAG_RUN_ID='manual__2025-03-09T11:41:44.371749+00:00'
[2025-03-09T11:43:01.882+0000] {subprocess.py:63} INFO - Tmp dir root location: /tmp
[2025-03-09T11:43:01.882+0000] {subprocess.py:75} INFO - Running command: ['/bin/bash', '-c', '\n\t\t\tcd /opt/*** &&                        dvc pull /opt/***/data/cleaned\n                        python /opt/***/executables/data_transformation.py &&                         dvc add /opt/***/data/transformed &&                         git add /opt/***/data/transformed.dvc && \t\t\tgit add logs &&    \t\t\tgit status &&                         git commit -m "Updated transformed data version" -a &&                         dvc push && git push\n                    ']
[2025-03-09T11:43:01.890+0000] {subprocess.py:86} INFO - Output:
[2025-03-09T11:43:05.517+0000] {subprocess.py:93} INFO - Everything is up to date.
[2025-03-09T11:43:08.220+0000] {subprocess.py:93} INFO - 2025-03-09 11:43:08,220 : INFO : Starting data transformation for csv.
[2025-03-09T11:43:08.251+0000] {subprocess.py:93} INFO - 2025-03-09 11:43:08,251 : INFO : Scaling 'Balance', 'EstimatedSalary'.
[2025-03-09T11:43:08.257+0000] {subprocess.py:93} INFO - 2025-03-09 11:43:08,257 : INFO : Saving data to S3.
[2025-03-09T11:43:13.556+0000] {subprocess.py:93} INFO - 2025-03-09 11:43:13,556 : INFO : Starting data transformation for csv.
[2025-03-09T11:43:13.586+0000] {subprocess.py:93} INFO - 2025-03-09 11:43:13,586 : INFO : Scaling 'Balance', 'EstimatedSalary'.
[2025-03-09T11:43:13.592+0000] {subprocess.py:93} INFO - 2025-03-09 11:43:13,592 : INFO : Saving data to S3.
[2025-03-09T11:43:18.210+0000] {subprocess.py:93} INFO - 
[2025-03-09T11:43:18.210+0000] {subprocess.py:93} INFO - To track the changes with git, run:
[2025-03-09T11:43:18.210+0000] {subprocess.py:93} INFO - 
[2025-03-09T11:43:18.210+0000] {subprocess.py:93} INFO - 	git add data/transformed.dvc
[2025-03-09T11:43:18.211+0000] {subprocess.py:93} INFO - 
[2025-03-09T11:43:18.212+0000] {subprocess.py:93} INFO - To enable auto staging, run:
[2025-03-09T11:43:18.212+0000] {subprocess.py:93} INFO - 
[2025-03-09T11:43:18.212+0000] {subprocess.py:93} INFO - 	dvc config core.autostage true
[2025-03-09T11:43:18.507+0000] {subprocess.py:93} INFO - On branch main
[2025-03-09T11:43:18.508+0000] {subprocess.py:93} INFO - Your branch is up to date with 'origin/main'.
[2025-03-09T11:43:18.508+0000] {subprocess.py:93} INFO - 
[2025-03-09T11:43:18.508+0000] {subprocess.py:93} INFO - Changes to be committed:
[2025-03-09T11:43:18.508+0000] {subprocess.py:93} INFO -   (use "git restore --staged <file>..." to unstage)
[2025-03-09T11:43:18.509+0000] {subprocess.py:93} INFO - 	modified:   logs/dag_id=customer_churn_ml_pipeline/run_id=manual__2025-03-09T11:41:44.371749+00:00/task_id=data_preparation_task/attempt=1.log
[2025-03-09T11:43:18.509+0000] {subprocess.py:93} INFO - 	new file:   logs/dag_id=customer_churn_ml_pipeline/run_id=manual__2025-03-09T11:41:44.371749+00:00/task_id=data_transformation_task/attempt=1.log
[2025-03-09T11:43:18.509+0000] {subprocess.py:93} INFO - 	modified:   logs/dag_processor_manager/dag_processor_manager.log
[2025-03-09T11:43:18.509+0000] {subprocess.py:93} INFO - 	modified:   logs/data_transformation.log
[2025-03-09T11:43:18.509+0000] {subprocess.py:93} INFO - 	modified:   logs/scheduler/2025-03-09/customer_churn.py.log
[2025-03-09T11:43:18.509+0000] {subprocess.py:93} INFO - 
[2025-03-09T11:43:18.509+0000] {subprocess.py:93} INFO - Untracked files:
[2025-03-09T11:43:18.510+0000] {subprocess.py:93} INFO -   (use "git add <file>..." to include in what will be committed)
[2025-03-09T11:43:18.510+0000] {subprocess.py:93} INFO - 	customer_churn_stats/feature_repo/data/online_store.db
[2025-03-09T11:43:18.510+0000] {subprocess.py:93} INFO - 	customer_churn_stats/feature_repo/data/registry.db
[2025-03-09T11:43:18.510+0000] {subprocess.py:93} INFO - 	mlartifacts/
[2025-03-09T11:43:18.510+0000] {subprocess.py:93} INFO - 	mlruns/0/02cf6e6206f844d1ba80a33e9129d0ec/
[2025-03-09T11:43:18.510+0000] {subprocess.py:93} INFO - 	mlruns/0/2428ae54236c4dc5ac70531d2223aa46/
[2025-03-09T11:43:18.511+0000] {subprocess.py:93} INFO - 	mlruns/0/4670ea9ac5774a62a0288c9d9cd091d4/
[2025-03-09T11:43:18.511+0000] {subprocess.py:93} INFO - 	mlruns/0/b0c108eb50f34f989a06d9757a745734/
[2025-03-09T11:43:18.511+0000] {subprocess.py:93} INFO - 	mlruns/0/bdf0858443144132aaa37af668cdfb45/
[2025-03-09T11:43:18.511+0000] {subprocess.py:93} INFO - 	mlruns/0/d372010ed55142098d35f880b4b7339f/
[2025-03-09T11:43:18.511+0000] {subprocess.py:93} INFO - 	mlruns/0/ec578aef29c94a80b987ea5333f145ab/
[2025-03-09T11:43:18.511+0000] {subprocess.py:93} INFO - 	mlruns/0/f6ec5813e0d2496ab1aab0cdf0e24daa/
[2025-03-09T11:43:18.512+0000] {subprocess.py:93} INFO - 	mlruns/models/
[2025-03-09T11:43:18.512+0000] {subprocess.py:93} INFO - 	models/
[2025-03-09T11:43:18.512+0000] {subprocess.py:93} INFO - 	online.db
[2025-03-09T11:43:18.512+0000] {subprocess.py:93} INFO - 
[2025-03-09T11:43:18.587+0000] {subprocess.py:93} INFO - [main 7ab868c] Updated transformed data version
[2025-03-09T11:43:18.587+0000] {subprocess.py:93} INFO -  5 files changed, 87 insertions(+)
[2025-03-09T11:43:18.587+0000] {subprocess.py:93} INFO -  create mode 100644 logs/dag_id=customer_churn_ml_pipeline/run_id=manual__2025-03-09T11:41:44.371749+00:00/task_id=data_transformation_task/attempt=1.log
[2025-03-09T11:43:24.172+0000] {subprocess.py:93} INFO - Everything is up to date.
[2025-03-09T11:43:26.075+0000] {subprocess.py:93} INFO - To https://github.com/anniemathew-trial/customer_churn_pipeline.git
[2025-03-09T11:43:26.078+0000] {subprocess.py:93} INFO -    cf6a9ca..7ab868c  main -> main
[2025-03-09T11:43:26.085+0000] {subprocess.py:97} INFO - Command exited with return code 0
[2025-03-09T11:43:26.138+0000] {taskinstance.py:1400} INFO - Marking task as SUCCESS. dag_id=customer_churn_ml_pipeline, task_id=data_transformation_task, execution_date=20250309T114144, start_date=20250309T114301, end_date=20250309T114326
[2025-03-09T11:43:26.178+0000] {local_task_job_runner.py:228} INFO - Task exited with return code 0
[2025-03-09T11:43:26.227+0000] {taskinstance.py:2778} INFO - 1 downstream tasks scheduled from follow-on schedule check
