[2025-03-09T17:21:26.835+0000] {taskinstance.py:1159} INFO - Dependencies all met for dep_context=non-requeueable deps ti=<TaskInstance: customer_churn_ml_pipeline.model_training_task manual__2025-03-09T17:18:26.149113+00:00 [queued]>
[2025-03-09T17:21:26.860+0000] {taskinstance.py:1159} INFO - Dependencies all met for dep_context=requeueable deps ti=<TaskInstance: customer_churn_ml_pipeline.model_training_task manual__2025-03-09T17:18:26.149113+00:00 [queued]>
[2025-03-09T17:21:26.861+0000] {taskinstance.py:1361} INFO - Starting attempt 1 of 1
[2025-03-09T17:21:26.899+0000] {taskinstance.py:1382} INFO - Executing <Task(BashOperator): model_training_task> on 2025-03-09 17:18:26.149113+00:00
[2025-03-09T17:21:26.908+0000] {standard_task_runner.py:57} INFO - Started process 13319 to run task
[2025-03-09T17:21:26.913+0000] {standard_task_runner.py:84} INFO - Running: ['***', 'tasks', 'run', 'customer_churn_ml_pipeline', 'model_training_task', 'manual__2025-03-09T17:18:26.149113+00:00', '--job-id', '420', '--raw', '--subdir', 'DAGS_FOLDER/customer_churn.py', '--cfg-path', '/tmp/tmpe47j6x6_']
[2025-03-09T17:21:26.918+0000] {standard_task_runner.py:85} INFO - Job 420: Subtask model_training_task
[2025-03-09T17:21:26.961+0000] {logging_mixin.py:154} WARNING - /home/***/.local/lib/python3.8/site-packages/***/settings.py:195 DeprecationWarning: The sql_alchemy_conn option in [core] has been moved to the sql_alchemy_conn option in [database] - the old setting has been used, but please update your config.
[2025-03-09T17:21:27.049+0000] {task_command.py:416} INFO - Running <TaskInstance: customer_churn_ml_pipeline.model_training_task manual__2025-03-09T17:18:26.149113+00:00 [running]> on host 157237bff8f7
[2025-03-09T17:21:27.281+0000] {taskinstance.py:1662} INFO - Exporting env vars: AIRFLOW_CTX_DAG_OWNER='***' AIRFLOW_CTX_DAG_ID='customer_churn_ml_pipeline' AIRFLOW_CTX_TASK_ID='model_training_task' AIRFLOW_CTX_EXECUTION_DATE='2025-03-09T17:18:26.149113+00:00' AIRFLOW_CTX_TRY_NUMBER='1' AIRFLOW_CTX_DAG_RUN_ID='manual__2025-03-09T17:18:26.149113+00:00'
[2025-03-09T17:21:27.283+0000] {subprocess.py:63} INFO - Tmp dir root location: /tmp
[2025-03-09T17:21:27.285+0000] {subprocess.py:75} INFO - Running command: ['/bin/bash', '-c', '\n\t    \t\tcd /opt/***\n       \t\t\t    python /opt/***/executables/model_training.py && \t      \t\t    git add logs && \t      \t\t    git add mlruns && \t     \t\t    git add models\n\t        \t    git status &&                             git commit -m "Trained model version" -a && \\    \n\t\t\t    git push\n                        ']
[2025-03-09T17:21:27.301+0000] {subprocess.py:86} INFO - Output:
[2025-03-09T17:21:37.917+0000] {subprocess.py:93} INFO - /home/***/.local/lib/python3.8/site-packages/mlflow/gateway/config.py:64: PydanticDeprecatedSince20: Pydantic V1 style `@validator` validators are deprecated. You should migrate to Pydantic V2 style `@field_validator` validators, see the migration guide for more details. Deprecated in Pydantic V2.0 to be removed in V3.0. See Pydantic V2 Migration Guide at https://errors.pydantic.dev/2.4/migration/
[2025-03-09T17:21:37.918+0000] {subprocess.py:93} INFO -   @validator("togetherai_api_key", pre=True)
[2025-03-09T17:21:37.918+0000] {subprocess.py:93} INFO - /home/***/.local/lib/python3.8/site-packages/mlflow/gateway/config.py:372: PydanticDeprecatedSince20: Pydantic V1 style `@root_validator` validators are deprecated. You should migrate to Pydantic V2 style `@model_validator` validators, see the migration guide for more details. Deprecated in Pydantic V2.0 to be removed in V3.0. See Pydantic V2 Migration Guide at https://errors.pydantic.dev/2.4/migration/
[2025-03-09T17:21:37.919+0000] {subprocess.py:93} INFO -   @root_validator(skip_on_failure=True)
[2025-03-09T17:21:37.919+0000] {subprocess.py:93} INFO - /home/***/.local/lib/python3.8/site-packages/pydantic/_internal/_config.py:267: PydanticDeprecatedSince20: Support for class-based `config` is deprecated, use ConfigDict instead. Deprecated in Pydantic V2.0 to be removed in V3.0. See Pydantic V2 Migration Guide at https://errors.pydantic.dev/2.4/migration/
[2025-03-09T17:21:37.919+0000] {subprocess.py:93} INFO -   warnings.warn(DEPRECATION_MESSAGE, DeprecationWarning)
[2025-03-09T17:21:37.920+0000] {subprocess.py:93} INFO - 2025-03-09 17:21:37,917 : INFO : Starting model training
[2025-03-09T17:21:37.958+0000] {subprocess.py:93} INFO - 2025-03-09 17:21:37,958 : INFO : Registry cache expired, so refreshing
[2025-03-09T17:21:37.978+0000] {subprocess.py:93} INFO - 2025-03-09 17:21:37,977 : INFO : Getting data
[2025-03-09T17:21:37.979+0000] {subprocess.py:93} INFO - 2025-03-09 17:21:37,978 : INFO : Start and End Range: 1 to 1000
[2025-03-09T17:21:38.821+0000] {subprocess.py:93} INFO - 2025-03-09 17:21:38,821 : INFO : Data fetched: 999
[2025-03-09T17:21:38.822+0000] {subprocess.py:93} INFO - 2025-03-09 17:21:38,821 : INFO : New Start and End Range: 1001 to 2000
[2025-03-09T17:21:38.822+0000] {subprocess.py:93} INFO - 2025-03-09 17:21:38,822 : INFO : Start and End Range: 1001 to 2000
[2025-03-09T17:21:39.423+0000] {subprocess.py:93} INFO - 2025-03-09 17:21:39,422 : INFO : Data fetched: 999
[2025-03-09T17:21:39.424+0000] {subprocess.py:93} INFO - 2025-03-09 17:21:39,423 : INFO : New Start and End Range: 3001 to 4000
[2025-03-09T17:21:39.424+0000] {subprocess.py:93} INFO - 2025-03-09 17:21:39,423 : INFO : Start and End Range: 3001 to 4000
[2025-03-09T17:21:40.060+0000] {subprocess.py:93} INFO - 2025-03-09 17:21:40,059 : INFO : Data fetched: 999
[2025-03-09T17:21:40.060+0000] {subprocess.py:93} INFO - 2025-03-09 17:21:40,060 : INFO : New Start and End Range: 7001 to 8000
[2025-03-09T17:21:40.061+0000] {subprocess.py:93} INFO - 2025-03-09 17:21:40,061 : INFO : Start and End Range: 7001 to 8000
[2025-03-09T17:21:40.647+0000] {subprocess.py:93} INFO - 2025-03-09 17:21:40,646 : INFO : Data fetched: 999
[2025-03-09T17:21:40.647+0000] {subprocess.py:93} INFO - 2025-03-09 17:21:40,646 : INFO : New Start and End Range: 15001 to 16000
[2025-03-09T17:21:40.650+0000] {subprocess.py:93} INFO - 2025-03-09 17:21:40,648 : INFO : Start and End Range: 15001 to 16000
[2025-03-09T17:21:41.537+0000] {subprocess.py:93} INFO - 2025-03-09 17:21:41,536 : INFO : Data fetched: 999
[2025-03-09T17:21:41.538+0000] {subprocess.py:93} INFO - 2025-03-09 17:21:41,537 : INFO : New Start and End Range: 31001 to 32000
[2025-03-09T17:21:41.540+0000] {subprocess.py:93} INFO - 2025-03-09 17:21:41,539 : INFO : Start and End Range: 31001 to 32000
[2025-03-09T17:21:42.777+0000] {subprocess.py:93} INFO - 2025-03-09 17:21:42,776 : INFO : Data fetched: 999
[2025-03-09T17:21:42.778+0000] {subprocess.py:93} INFO - 2025-03-09 17:21:42,777 : INFO : New Start and End Range: 63001 to 64000
[2025-03-09T17:21:42.779+0000] {subprocess.py:93} INFO - 2025-03-09 17:21:42,778 : INFO : Start and End Range: 63001 to 64000
[2025-03-09T17:21:43.352+0000] {subprocess.py:93} INFO - 2025-03-09 17:21:43,351 : INFO : Reached End of Data
[2025-03-09T17:21:43.360+0000] {subprocess.py:93} INFO - 2025-03-09 17:21:43,359 : INFO : Stoping at Start and End Range: 63001 to 64000
[2025-03-09T17:21:43.361+0000] {subprocess.py:93} INFO - 2025-03-09 17:21:43,360 : INFO : Created feature data
[2025-03-09T17:21:43.362+0000] {subprocess.py:93} INFO - 2025-03-09 17:21:43,360 : INFO : Total Data fetched: 6
[2025-03-09T17:21:43.386+0000] {subprocess.py:93} INFO - 2025-03-09 17:21:43,385 : INFO : received feature data
[2025-03-09T17:21:43.398+0000] {subprocess.py:93} INFO - 2025-03-09 17:21:43,398 : INFO : Models defined
[2025-03-09T17:21:43.399+0000] {subprocess.py:93} INFO - 2025-03-09 17:21:43,399 : INFO : Training model RandomForest
[2025-03-09T17:21:45.528+0000] {subprocess.py:93} INFO - 2025-03-09 17:21:45,528 : INFO : Predicting model RandomForest
[2025-03-09T17:21:45.576+0000] {subprocess.py:93} INFO - 2025-03-09 17:21:45,576 : INFO : Calculating accuracy RandomForest
[2025-03-09T17:21:53.777+0000] {subprocess.py:93} INFO - 2025/03/09 17:21:53 WARNING mlflow.models.model: Model logged without a signature and input example. Please set `input_example` parameter when logging the model to auto infer the model signature.
[2025-03-09T17:21:53.967+0000] {subprocess.py:93} INFO - 2025-03-09 17:21:53,967 : INFO : Logged model RandomForest
[2025-03-09T17:21:54.017+0000] {subprocess.py:93} INFO - 2025/03/09 17:21:54 INFO mlflow.tracking._tracking_service.client: 🏃 View run RandomForest at: http://localhost:5000/#/experiments/0/runs/1f854d21c4fb473d9b0f6e7c4f11fbaa.
[2025-03-09T17:21:54.018+0000] {subprocess.py:93} INFO - 2025/03/09 17:21:54 INFO mlflow.tracking._tracking_service.client: 🧪 View experiment at: http://localhost:5000/#/experiments/0.
[2025-03-09T17:21:54.027+0000] {subprocess.py:93} INFO - 2025-03-09 17:21:54,027 : INFO : Training model LinearRegression
[2025-03-09T17:21:55.714+0000] {subprocess.py:93} INFO - /home/***/.local/lib/python3.8/site-packages/sklearn/linear_model/_logistic.py:460: ConvergenceWarning: lbfgs failed to converge (status=1):
[2025-03-09T17:21:55.720+0000] {subprocess.py:93} INFO - STOP: TOTAL NO. of ITERATIONS REACHED LIMIT.
[2025-03-09T17:21:55.721+0000] {subprocess.py:93} INFO - 
[2025-03-09T17:21:55.721+0000] {subprocess.py:93} INFO - Increase the number of iterations (max_iter) or scale the data as shown in:
[2025-03-09T17:21:55.721+0000] {subprocess.py:93} INFO -     https://scikit-learn.org/stable/modules/preprocessing.html
[2025-03-09T17:21:55.722+0000] {subprocess.py:93} INFO - Please also refer to the documentation for alternative solver options:
[2025-03-09T17:21:55.722+0000] {subprocess.py:93} INFO -     https://scikit-learn.org/stable/modules/linear_model.html#logistic-regression
[2025-03-09T17:21:55.723+0000] {subprocess.py:93} INFO -   n_iter_i = _check_optimize_result(
[2025-03-09T17:21:55.724+0000] {subprocess.py:93} INFO - 2025-03-09 17:21:55,713 : INFO : Predicting model LinearRegression
[2025-03-09T17:21:55.749+0000] {subprocess.py:93} INFO - 2025-03-09 17:21:55,749 : INFO : Calculating accuracy LinearRegression
[2025-03-09T17:22:02.436+0000] {subprocess.py:93} INFO - 2025/03/09 17:22:02 WARNING mlflow.models.model: Model logged without a signature and input example. Please set `input_example` parameter when logging the model to auto infer the model signature.
[2025-03-09T17:22:02.523+0000] {subprocess.py:93} INFO - 2025-03-09 17:22:02,522 : INFO : Logged model LinearRegression
[2025-03-09T17:22:02.538+0000] {subprocess.py:93} INFO - 2025/03/09 17:22:02 INFO mlflow.tracking._tracking_service.client: 🏃 View run LinearRegression at: http://localhost:5000/#/experiments/0/runs/3c0a810ba9124437adcb303ae030a6bb.
[2025-03-09T17:22:02.538+0000] {subprocess.py:93} INFO - 2025/03/09 17:22:02 INFO mlflow.tracking._tracking_service.client: 🧪 View experiment at: http://localhost:5000/#/experiments/0.
[2025-03-09T17:22:02.550+0000] {subprocess.py:93} INFO - 2025-03-09 17:22:02,549 : INFO : Training model DecisionTree
[2025-03-09T17:22:02.584+0000] {subprocess.py:93} INFO - 2025-03-09 17:22:02,584 : INFO : Predicting model DecisionTree
[2025-03-09T17:22:02.588+0000] {subprocess.py:93} INFO - 2025-03-09 17:22:02,587 : INFO : Calculating accuracy DecisionTree
[2025-03-09T17:22:08.344+0000] {subprocess.py:93} INFO - 2025/03/09 17:22:08 WARNING mlflow.models.model: Model logged without a signature and input example. Please set `input_example` parameter when logging the model to auto infer the model signature.
[2025-03-09T17:22:08.450+0000] {subprocess.py:93} INFO - 2025-03-09 17:22:08,450 : INFO : Logged model DecisionTree
[2025-03-09T17:22:08.466+0000] {subprocess.py:93} INFO - 2025/03/09 17:22:08 INFO mlflow.tracking._tracking_service.client: 🏃 View run DecisionTree at: http://localhost:5000/#/experiments/0/runs/bb006d02ad5444de9a8fdbc3d85b7f00.
[2025-03-09T17:22:08.467+0000] {subprocess.py:93} INFO - 2025/03/09 17:22:08 INFO mlflow.tracking._tracking_service.client: 🧪 View experiment at: http://localhost:5000/#/experiments/0.
[2025-03-09T17:22:08.478+0000] {subprocess.py:93} INFO - 2025-03-09 17:22:08,478 : INFO : Starting best model registration
[2025-03-09T17:22:08.479+0000] {subprocess.py:93} INFO - 2025-03-09 17:22:08,478 : INFO : Finding Best model
[2025-03-09T17:22:08.793+0000] {subprocess.py:93} INFO - 2025-03-09 17:22:08,793 : INFO : Selected best model : run_id                                            d372010ed55142098d35f880b4b7339f
[2025-03-09T17:22:08.794+0000] {subprocess.py:93} INFO - experiment_id                                                                    0
[2025-03-09T17:22:08.794+0000] {subprocess.py:93} INFO - status                                                                    FINISHED
[2025-03-09T17:22:08.794+0000] {subprocess.py:93} INFO - artifact_uri                     mlflow-artifacts:/0/d372010ed55142098d35f880b4...
[2025-03-09T17:22:08.794+0000] {subprocess.py:93} INFO - start_time                                        2025-03-09 11:35:45.395000+00:00
[2025-03-09T17:22:08.795+0000] {subprocess.py:93} INFO - end_time                                          2025-03-09 11:35:50.125000+00:00
[2025-03-09T17:22:08.795+0000] {subprocess.py:93} INFO - metrics.f1_score                                                          0.652381
[2025-03-09T17:22:08.795+0000] {subprocess.py:93} INFO - metrics.precision                                                         0.791908
[2025-03-09T17:22:08.795+0000] {subprocess.py:93} INFO - metrics.accuracy                                                          0.878232
[2025-03-09T17:22:08.796+0000] {subprocess.py:93} INFO - metrics.recall                                                            0.554656
[2025-03-09T17:22:08.796+0000] {subprocess.py:93} INFO - params.model_type                                                     RandomForest
[2025-03-09T17:22:08.796+0000] {subprocess.py:93} INFO - tags.mlflow.runName                                                   RandomForest
[2025-03-09T17:22:08.796+0000] {subprocess.py:93} INFO - tags.mlflow.source.type                                                      LOCAL
[2025-03-09T17:22:08.796+0000] {subprocess.py:93} INFO - tags.mlflow.source.name                              executables/model_training.py
[2025-03-09T17:22:08.797+0000] {subprocess.py:93} INFO - tags.mlflow.user                                                           ***
[2025-03-09T17:22:08.797+0000] {subprocess.py:93} INFO - tags.mlflow.log-model.history    [{"run_id": "d372010ed55142098d35f880b4b7339f"...
[2025-03-09T17:22:08.798+0000] {subprocess.py:93} INFO - tags.mlflow.source.git.commit             c7be44594672bffe451ff8b64c27676ce66f5d44
[2025-03-09T17:22:08.798+0000] {subprocess.py:93} INFO - Name: 35, dtype: object
[2025-03-09T17:22:08.798+0000] {subprocess.py:93} INFO - 2025-03-09 17:22:08,793 : INFO : Registering best model runs:/d372010ed55142098d35f880b4b7339f/RandomForest_model
[2025-03-09T17:22:08.945+0000] {subprocess.py:93} INFO - Registered model 'Best_ML_Model' already exists. Creating a new version of this model...
[2025-03-09T17:22:08.946+0000] {subprocess.py:93} INFO - 2025/03/09 17:22:08 INFO mlflow.store.model_registry.abstract_store: Waiting up to 300 seconds for model version to finish creation. Model name: Best_ML_Model, version 12
[2025-03-09T17:22:08.946+0000] {subprocess.py:93} INFO - Created version '12' of model 'Best_ML_Model'.
[2025-03-09T17:22:08.947+0000] {subprocess.py:93} INFO - 2025-03-09 17:22:08,945 : INFO : Completed model training & registration !!
[2025-03-09T17:22:10.795+0000] {subprocess.py:93} INFO - On branch main
[2025-03-09T17:22:10.796+0000] {subprocess.py:93} INFO - Your branch is up to date with 'origin/main'.
[2025-03-09T17:22:10.796+0000] {subprocess.py:93} INFO - 
[2025-03-09T17:22:10.796+0000] {subprocess.py:93} INFO - Changes to be committed:
[2025-03-09T17:22:10.797+0000] {subprocess.py:93} INFO -   (use "git restore --staged <file>..." to unstage)
[2025-03-09T17:22:10.797+0000] {subprocess.py:93} INFO - 	new file:   logs/dag_id=customer_churn_ml_pipeline/run_id=manual__2025-03-09T17:18:26.149113+00:00/task_id=feature_store_task/attempt=1.log
[2025-03-09T17:22:10.798+0000] {subprocess.py:93} INFO - 	new file:   logs/dag_id=customer_churn_ml_pipeline/run_id=manual__2025-03-09T17:18:26.149113+00:00/task_id=model_training_task/attempt=1.log
[2025-03-09T17:22:10.798+0000] {subprocess.py:93} INFO - 	modified:   logs/dag_processor_manager/dag_processor_manager.log
[2025-03-09T17:22:10.798+0000] {subprocess.py:93} INFO - 	modified:   logs/model_training.log
[2025-03-09T17:22:10.799+0000] {subprocess.py:93} INFO - 	modified:   logs/scheduler/2025-03-09/customer_churn.py.log
[2025-03-09T17:22:10.799+0000] {subprocess.py:93} INFO - 	new file:   mlruns/0/1f854d21c4fb473d9b0f6e7c4f11fbaa/meta.yaml
[2025-03-09T17:22:10.800+0000] {subprocess.py:93} INFO - 	new file:   mlruns/0/1f854d21c4fb473d9b0f6e7c4f11fbaa/metrics/accuracy
[2025-03-09T17:22:10.800+0000] {subprocess.py:93} INFO - 	new file:   mlruns/0/1f854d21c4fb473d9b0f6e7c4f11fbaa/metrics/f1_score
[2025-03-09T17:22:10.801+0000] {subprocess.py:93} INFO - 	new file:   mlruns/0/1f854d21c4fb473d9b0f6e7c4f11fbaa/metrics/precision
[2025-03-09T17:22:10.801+0000] {subprocess.py:93} INFO - 	new file:   mlruns/0/1f854d21c4fb473d9b0f6e7c4f11fbaa/metrics/recall
[2025-03-09T17:22:10.801+0000] {subprocess.py:93} INFO - 	new file:   mlruns/0/1f854d21c4fb473d9b0f6e7c4f11fbaa/params/model_type
[2025-03-09T17:22:10.802+0000] {subprocess.py:93} INFO - 	new file:   mlruns/0/1f854d21c4fb473d9b0f6e7c4f11fbaa/tags/mlflow.log-model.history
[2025-03-09T17:22:10.802+0000] {subprocess.py:93} INFO - 	new file:   mlruns/0/1f854d21c4fb473d9b0f6e7c4f11fbaa/tags/mlflow.runName
[2025-03-09T17:22:10.803+0000] {subprocess.py:93} INFO - 	new file:   mlruns/0/1f854d21c4fb473d9b0f6e7c4f11fbaa/tags/mlflow.source.git.commit
[2025-03-09T17:22:10.803+0000] {subprocess.py:93} INFO - 	new file:   mlruns/0/1f854d21c4fb473d9b0f6e7c4f11fbaa/tags/mlflow.source.name
[2025-03-09T17:22:10.803+0000] {subprocess.py:93} INFO - 	new file:   mlruns/0/1f854d21c4fb473d9b0f6e7c4f11fbaa/tags/mlflow.source.type
[2025-03-09T17:22:10.805+0000] {subprocess.py:93} INFO - 	new file:   mlruns/0/1f854d21c4fb473d9b0f6e7c4f11fbaa/tags/mlflow.user
[2025-03-09T17:22:10.806+0000] {subprocess.py:93} INFO - 	new file:   mlruns/0/3c0a810ba9124437adcb303ae030a6bb/meta.yaml
[2025-03-09T17:22:10.806+0000] {subprocess.py:93} INFO - 	new file:   mlruns/0/3c0a810ba9124437adcb303ae030a6bb/metrics/accuracy
[2025-03-09T17:22:10.807+0000] {subprocess.py:93} INFO - 	new file:   mlruns/0/3c0a810ba9124437adcb303ae030a6bb/metrics/f1_score
[2025-03-09T17:22:10.807+0000] {subprocess.py:93} INFO - 	new file:   mlruns/0/3c0a810ba9124437adcb303ae030a6bb/metrics/precision
[2025-03-09T17:22:10.808+0000] {subprocess.py:93} INFO - 	new file:   mlruns/0/3c0a810ba9124437adcb303ae030a6bb/metrics/recall
[2025-03-09T17:22:10.808+0000] {subprocess.py:93} INFO - 	new file:   mlruns/0/3c0a810ba9124437adcb303ae030a6bb/params/model_type
[2025-03-09T17:22:10.809+0000] {subprocess.py:93} INFO - 	new file:   mlruns/0/3c0a810ba9124437adcb303ae030a6bb/tags/mlflow.log-model.history
[2025-03-09T17:22:10.810+0000] {subprocess.py:93} INFO - 	new file:   mlruns/0/3c0a810ba9124437adcb303ae030a6bb/tags/mlflow.runName
[2025-03-09T17:22:10.810+0000] {subprocess.py:93} INFO - 	new file:   mlruns/0/3c0a810ba9124437adcb303ae030a6bb/tags/mlflow.source.git.commit
[2025-03-09T17:22:10.811+0000] {subprocess.py:93} INFO - 	new file:   mlruns/0/3c0a810ba9124437adcb303ae030a6bb/tags/mlflow.source.name
[2025-03-09T17:22:10.812+0000] {subprocess.py:93} INFO - 	new file:   mlruns/0/3c0a810ba9124437adcb303ae030a6bb/tags/mlflow.source.type
[2025-03-09T17:22:10.812+0000] {subprocess.py:93} INFO - 	new file:   mlruns/0/3c0a810ba9124437adcb303ae030a6bb/tags/mlflow.user
[2025-03-09T17:22:10.813+0000] {subprocess.py:93} INFO - 	new file:   mlruns/0/bb006d02ad5444de9a8fdbc3d85b7f00/meta.yaml
[2025-03-09T17:22:10.813+0000] {subprocess.py:93} INFO - 	new file:   mlruns/0/bb006d02ad5444de9a8fdbc3d85b7f00/metrics/accuracy
[2025-03-09T17:22:10.814+0000] {subprocess.py:93} INFO - 	new file:   mlruns/0/bb006d02ad5444de9a8fdbc3d85b7f00/metrics/f1_score
[2025-03-09T17:22:10.814+0000] {subprocess.py:93} INFO - 	new file:   mlruns/0/bb006d02ad5444de9a8fdbc3d85b7f00/metrics/precision
[2025-03-09T17:22:10.815+0000] {subprocess.py:93} INFO - 	new file:   mlruns/0/bb006d02ad5444de9a8fdbc3d85b7f00/metrics/recall
[2025-03-09T17:22:10.815+0000] {subprocess.py:93} INFO - 	new file:   mlruns/0/bb006d02ad5444de9a8fdbc3d85b7f00/params/model_type
[2025-03-09T17:22:10.816+0000] {subprocess.py:93} INFO - 	new file:   mlruns/0/bb006d02ad5444de9a8fdbc3d85b7f00/tags/mlflow.log-model.history
[2025-03-09T17:22:10.816+0000] {subprocess.py:93} INFO - 	new file:   mlruns/0/bb006d02ad5444de9a8fdbc3d85b7f00/tags/mlflow.runName
[2025-03-09T17:22:10.817+0000] {subprocess.py:93} INFO - 	new file:   mlruns/0/bb006d02ad5444de9a8fdbc3d85b7f00/tags/mlflow.source.git.commit
[2025-03-09T17:22:10.818+0000] {subprocess.py:93} INFO - 	new file:   mlruns/0/bb006d02ad5444de9a8fdbc3d85b7f00/tags/mlflow.source.name
[2025-03-09T17:22:10.818+0000] {subprocess.py:93} INFO - 	new file:   mlruns/0/bb006d02ad5444de9a8fdbc3d85b7f00/tags/mlflow.source.type
[2025-03-09T17:22:10.820+0000] {subprocess.py:93} INFO - 	new file:   mlruns/0/bb006d02ad5444de9a8fdbc3d85b7f00/tags/mlflow.user
[2025-03-09T17:22:10.820+0000] {subprocess.py:93} INFO - 	modified:   mlruns/models/Best_ML_Model/meta.yaml
[2025-03-09T17:22:10.820+0000] {subprocess.py:93} INFO - 	new file:   mlruns/models/Best_ML_Model/version-12/meta.yaml
[2025-03-09T17:22:10.821+0000] {subprocess.py:93} INFO - 	modified:   models/DecisionTree.pkl
[2025-03-09T17:22:10.821+0000] {subprocess.py:93} INFO - 	modified:   models/LinearRegression.pkl
[2025-03-09T17:22:10.821+0000] {subprocess.py:93} INFO - 	modified:   models/RandomForest.pkl
[2025-03-09T17:22:10.822+0000] {subprocess.py:93} INFO - 
[2025-03-09T17:22:10.822+0000] {subprocess.py:93} INFO - Untracked files:
[2025-03-09T17:22:10.822+0000] {subprocess.py:93} INFO -   (use "git add <file>..." to include in what will be committed)
[2025-03-09T17:22:10.823+0000] {subprocess.py:93} INFO - 	customer_churn_stats/feature_repo/data/online_store.db
[2025-03-09T17:22:10.823+0000] {subprocess.py:93} INFO - 	customer_churn_stats/feature_repo/data/registry.db
[2025-03-09T17:22:10.823+0000] {subprocess.py:93} INFO - 	mlartifacts/
[2025-03-09T17:22:10.823+0000] {subprocess.py:93} INFO - 	online.db
[2025-03-09T17:22:10.824+0000] {subprocess.py:93} INFO - 
[2025-03-09T17:22:11.319+0000] {subprocess.py:93} INFO - [main 5d84cae] Trained model version
[2025-03-09T17:22:11.320+0000] {subprocess.py:93} INFO -  46 files changed, 426 insertions(+), 1 deletion(-)
[2025-03-09T17:22:11.320+0000] {subprocess.py:93} INFO -  create mode 100644 logs/dag_id=customer_churn_ml_pipeline/run_id=manual__2025-03-09T17:18:26.149113+00:00/task_id=feature_store_task/attempt=1.log
[2025-03-09T17:22:11.321+0000] {subprocess.py:93} INFO -  create mode 100644 logs/dag_id=customer_churn_ml_pipeline/run_id=manual__2025-03-09T17:18:26.149113+00:00/task_id=model_training_task/attempt=1.log
[2025-03-09T17:22:11.322+0000] {subprocess.py:93} INFO -  create mode 100644 mlruns/0/1f854d21c4fb473d9b0f6e7c4f11fbaa/meta.yaml
[2025-03-09T17:22:11.322+0000] {subprocess.py:93} INFO -  create mode 100644 mlruns/0/1f854d21c4fb473d9b0f6e7c4f11fbaa/metrics/accuracy
[2025-03-09T17:22:11.323+0000] {subprocess.py:93} INFO -  create mode 100644 mlruns/0/1f854d21c4fb473d9b0f6e7c4f11fbaa/metrics/f1_score
[2025-03-09T17:22:11.323+0000] {subprocess.py:93} INFO -  create mode 100644 mlruns/0/1f854d21c4fb473d9b0f6e7c4f11fbaa/metrics/precision
[2025-03-09T17:22:11.323+0000] {subprocess.py:93} INFO -  create mode 100644 mlruns/0/1f854d21c4fb473d9b0f6e7c4f11fbaa/metrics/recall
[2025-03-09T17:22:11.324+0000] {subprocess.py:93} INFO -  create mode 100644 mlruns/0/1f854d21c4fb473d9b0f6e7c4f11fbaa/params/model_type
[2025-03-09T17:22:11.324+0000] {subprocess.py:93} INFO -  create mode 100644 mlruns/0/1f854d21c4fb473d9b0f6e7c4f11fbaa/tags/mlflow.log-model.history
[2025-03-09T17:22:11.325+0000] {subprocess.py:93} INFO -  create mode 100644 mlruns/0/1f854d21c4fb473d9b0f6e7c4f11fbaa/tags/mlflow.runName
[2025-03-09T17:22:11.325+0000] {subprocess.py:93} INFO -  create mode 100644 mlruns/0/1f854d21c4fb473d9b0f6e7c4f11fbaa/tags/mlflow.source.git.commit
[2025-03-09T17:22:11.325+0000] {subprocess.py:93} INFO -  create mode 100644 mlruns/0/1f854d21c4fb473d9b0f6e7c4f11fbaa/tags/mlflow.source.name
[2025-03-09T17:22:11.326+0000] {subprocess.py:93} INFO -  create mode 100644 mlruns/0/1f854d21c4fb473d9b0f6e7c4f11fbaa/tags/mlflow.source.type
[2025-03-09T17:22:11.326+0000] {subprocess.py:93} INFO -  create mode 100644 mlruns/0/1f854d21c4fb473d9b0f6e7c4f11fbaa/tags/mlflow.user
[2025-03-09T17:22:11.327+0000] {subprocess.py:93} INFO -  create mode 100644 mlruns/0/3c0a810ba9124437adcb303ae030a6bb/meta.yaml
[2025-03-09T17:22:11.327+0000] {subprocess.py:93} INFO -  create mode 100644 mlruns/0/3c0a810ba9124437adcb303ae030a6bb/metrics/accuracy
[2025-03-09T17:22:11.327+0000] {subprocess.py:93} INFO -  create mode 100644 mlruns/0/3c0a810ba9124437adcb303ae030a6bb/metrics/f1_score
[2025-03-09T17:22:11.328+0000] {subprocess.py:93} INFO -  create mode 100644 mlruns/0/3c0a810ba9124437adcb303ae030a6bb/metrics/precision
[2025-03-09T17:22:11.328+0000] {subprocess.py:93} INFO -  create mode 100644 mlruns/0/3c0a810ba9124437adcb303ae030a6bb/metrics/recall
[2025-03-09T17:22:11.328+0000] {subprocess.py:93} INFO -  create mode 100644 mlruns/0/3c0a810ba9124437adcb303ae030a6bb/params/model_type
[2025-03-09T17:22:11.329+0000] {subprocess.py:93} INFO -  create mode 100644 mlruns/0/3c0a810ba9124437adcb303ae030a6bb/tags/mlflow.log-model.history
[2025-03-09T17:22:11.331+0000] {subprocess.py:93} INFO -  create mode 100644 mlruns/0/3c0a810ba9124437adcb303ae030a6bb/tags/mlflow.runName
[2025-03-09T17:22:11.332+0000] {subprocess.py:93} INFO -  create mode 100644 mlruns/0/3c0a810ba9124437adcb303ae030a6bb/tags/mlflow.source.git.commit
[2025-03-09T17:22:11.332+0000] {subprocess.py:93} INFO -  create mode 100644 mlruns/0/3c0a810ba9124437adcb303ae030a6bb/tags/mlflow.source.name
[2025-03-09T17:22:11.333+0000] {subprocess.py:93} INFO -  create mode 100644 mlruns/0/3c0a810ba9124437adcb303ae030a6bb/tags/mlflow.source.type
[2025-03-09T17:22:11.333+0000] {subprocess.py:93} INFO -  create mode 100644 mlruns/0/3c0a810ba9124437adcb303ae030a6bb/tags/mlflow.user
[2025-03-09T17:22:11.334+0000] {subprocess.py:93} INFO -  create mode 100644 mlruns/0/bb006d02ad5444de9a8fdbc3d85b7f00/meta.yaml
[2025-03-09T17:22:11.334+0000] {subprocess.py:93} INFO -  create mode 100644 mlruns/0/bb006d02ad5444de9a8fdbc3d85b7f00/metrics/accuracy
[2025-03-09T17:22:11.334+0000] {subprocess.py:93} INFO -  create mode 100644 mlruns/0/bb006d02ad5444de9a8fdbc3d85b7f00/metrics/f1_score
[2025-03-09T17:22:11.334+0000] {subprocess.py:93} INFO -  create mode 100644 mlruns/0/bb006d02ad5444de9a8fdbc3d85b7f00/metrics/precision
[2025-03-09T17:22:11.335+0000] {subprocess.py:93} INFO -  create mode 100644 mlruns/0/bb006d02ad5444de9a8fdbc3d85b7f00/metrics/recall
[2025-03-09T17:22:11.335+0000] {subprocess.py:93} INFO -  create mode 100644 mlruns/0/bb006d02ad5444de9a8fdbc3d85b7f00/params/model_type
[2025-03-09T17:22:11.335+0000] {subprocess.py:93} INFO -  create mode 100644 mlruns/0/bb006d02ad5444de9a8fdbc3d85b7f00/tags/mlflow.log-model.history
[2025-03-09T17:22:11.335+0000] {subprocess.py:93} INFO -  create mode 100644 mlruns/0/bb006d02ad5444de9a8fdbc3d85b7f00/tags/mlflow.runName
[2025-03-09T17:22:11.336+0000] {subprocess.py:93} INFO -  create mode 100644 mlruns/0/bb006d02ad5444de9a8fdbc3d85b7f00/tags/mlflow.source.git.commit
[2025-03-09T17:22:11.336+0000] {subprocess.py:93} INFO -  create mode 100644 mlruns/0/bb006d02ad5444de9a8fdbc3d85b7f00/tags/mlflow.source.name
[2025-03-09T17:22:11.336+0000] {subprocess.py:93} INFO -  create mode 100644 mlruns/0/bb006d02ad5444de9a8fdbc3d85b7f00/tags/mlflow.source.type
[2025-03-09T17:22:11.336+0000] {subprocess.py:93} INFO -  create mode 100644 mlruns/0/bb006d02ad5444de9a8fdbc3d85b7f00/tags/mlflow.user
[2025-03-09T17:22:11.337+0000] {subprocess.py:93} INFO -  create mode 100644 mlruns/models/Best_ML_Model/version-12/meta.yaml
[2025-03-09T17:22:11.337+0000] {subprocess.py:93} INFO -  rewrite models/DecisionTree.pkl (63%)
[2025-03-09T17:22:11.337+0000] {subprocess.py:93} INFO - /bin/bash: line 4:  : command not found
[2025-03-09T17:22:17.724+0000] {subprocess.py:93} INFO - To https://github.com/anniemathew-trial/customer_churn_pipeline.git
[2025-03-09T17:22:17.725+0000] {subprocess.py:93} INFO -    06ca225..5d84cae  main -> main
[2025-03-09T17:22:17.730+0000] {subprocess.py:97} INFO - Command exited with return code 0
[2025-03-09T17:22:17.772+0000] {taskinstance.py:1400} INFO - Marking task as SUCCESS. dag_id=customer_churn_ml_pipeline, task_id=model_training_task, execution_date=20250309T171826, start_date=20250309T172126, end_date=20250309T172217
[2025-03-09T17:22:17.820+0000] {local_task_job_runner.py:228} INFO - Task exited with return code 0
[2025-03-09T17:22:17.843+0000] {taskinstance.py:2778} INFO - 0 downstream tasks scheduled from follow-on schedule check
