[2025-03-02T09:14:01.448+0000] {taskinstance.py:1159} INFO - Dependencies all met for dep_context=non-requeueable deps ti=<TaskInstance: customer_churn_ml_pipeline.data_ingestion_task manual__2025-03-02T09:13:54.407678+00:00 [queued]>
[2025-03-02T09:14:01.462+0000] {taskinstance.py:1159} INFO - Dependencies all met for dep_context=requeueable deps ti=<TaskInstance: customer_churn_ml_pipeline.data_ingestion_task manual__2025-03-02T09:13:54.407678+00:00 [queued]>
[2025-03-02T09:14:01.462+0000] {taskinstance.py:1361} INFO - Starting attempt 1 of 1
[2025-03-02T09:14:01.482+0000] {taskinstance.py:1382} INFO - Executing <Task(BashOperator): data_ingestion_task> on 2025-03-02 09:13:54.407678+00:00
[2025-03-02T09:14:01.486+0000] {standard_task_runner.py:57} INFO - Started process 5953 to run task
[2025-03-02T09:14:01.489+0000] {standard_task_runner.py:84} INFO - Running: ['***', 'tasks', 'run', 'customer_churn_ml_pipeline', 'data_ingestion_task', 'manual__2025-03-02T09:13:54.407678+00:00', '--job-id', '60', '--raw', '--subdir', 'DAGS_FOLDER/customer_churn.py', '--cfg-path', '/tmp/tmpz_l6fa49']
[2025-03-02T09:14:01.492+0000] {standard_task_runner.py:85} INFO - Job 60: Subtask data_ingestion_task
[2025-03-02T09:14:01.513+0000] {logging_mixin.py:154} WARNING - /home/***/.local/lib/python3.8/site-packages/***/settings.py:195 DeprecationWarning: The sql_alchemy_conn option in [core] has been moved to the sql_alchemy_conn option in [database] - the old setting has been used, but please update your config.
[2025-03-02T09:14:01.557+0000] {task_command.py:416} INFO - Running <TaskInstance: customer_churn_ml_pipeline.data_ingestion_task manual__2025-03-02T09:13:54.407678+00:00 [running]> on host 9113a5746a05
[2025-03-02T09:14:01.678+0000] {taskinstance.py:1662} INFO - Exporting env vars: AIRFLOW_CTX_DAG_OWNER='***' AIRFLOW_CTX_DAG_ID='customer_churn_ml_pipeline' AIRFLOW_CTX_TASK_ID='data_ingestion_task' AIRFLOW_CTX_EXECUTION_DATE='2025-03-02T09:13:54.407678+00:00' AIRFLOW_CTX_TRY_NUMBER='1' AIRFLOW_CTX_DAG_RUN_ID='manual__2025-03-02T09:13:54.407678+00:00'
[2025-03-02T09:14:01.679+0000] {subprocess.py:63} INFO - Tmp dir root location: /tmp
[2025-03-02T09:14:01.680+0000] {subprocess.py:75} INFO - Running command: ['/bin/bash', '-c', 'python /opt/***/executables/data_ingestion.py && \t\t\tNOW=$(date \'+%d-%m-%Y\') &&\t\t\tcd /opt/*** && \t\t\tgit add logs &&                        git commit -m "Updated data ingestion" -a &&                         git push\n                    ']
[2025-03-02T09:14:01.689+0000] {subprocess.py:86} INFO - Output:
[2025-03-02T09:14:02.486+0000] {subprocess.py:93} INFO - 2025-03-02 09:14:02,486 : INFO : Reading data from CSV file customer_data.csv
[2025-03-02T09:14:02.565+0000] {subprocess.py:93} INFO - 2025-03-02 09:14:02,565 : INFO : Data from CSV customer_data.csv ingested successfully!
[2025-03-02T09:14:02.566+0000] {subprocess.py:93} INFO - 2025-03-02 09:14:02,565 : INFO : Connecting to Database
[2025-03-02T09:14:02.584+0000] {subprocess.py:93} INFO - 2025-03-02 09:14:02,584 : INFO : Connecting to Database Successfull
[2025-03-02T09:14:02.584+0000] {subprocess.py:93} INFO - 2025-03-02 09:14:02,584 : INFO : Reading data from database.
[2025-03-02T09:14:02.922+0000] {subprocess.py:93} INFO - /opt/***/executables/data_ingestion.py:49: UserWarning: pandas only supports SQLAlchemy connectable (engine/connection) or database string URI or sqlite3 DBAPI2 connection. Other DBAPI2 objects are not tested. Please consider using SQLAlchemy.
[2025-03-02T09:14:02.923+0000] {subprocess.py:93} INFO -   data = pd.read_sql(query, connection)
[2025-03-02T09:14:02.923+0000] {subprocess.py:93} INFO - 2025-03-02 09:14:02,922 : INFO : Data from Database ingested successfully!
