[2025-03-03T23:33:25.189+0000] {taskinstance.py:1159} INFO - Dependencies all met for dep_context=non-requeueable deps ti=<TaskInstance: customer_churn_ml_pipeline.data_preparation_task manual__2025-03-03T23:32:42.103488+00:00 [queued]>
[2025-03-03T23:33:25.199+0000] {taskinstance.py:1159} INFO - Dependencies all met for dep_context=requeueable deps ti=<TaskInstance: customer_churn_ml_pipeline.data_preparation_task manual__2025-03-03T23:32:42.103488+00:00 [queued]>
[2025-03-03T23:33:25.200+0000] {taskinstance.py:1361} INFO - Starting attempt 1 of 1
[2025-03-03T23:33:25.216+0000] {taskinstance.py:1382} INFO - Executing <Task(BashOperator): data_preparation_task> on 2025-03-03 23:32:42.103488+00:00
[2025-03-03T23:33:25.221+0000] {standard_task_runner.py:57} INFO - Started process 7594 to run task
[2025-03-03T23:33:25.224+0000] {standard_task_runner.py:84} INFO - Running: ['***', 'tasks', 'run', 'customer_churn_ml_pipeline', 'data_preparation_task', 'manual__2025-03-03T23:32:42.103488+00:00', '--job-id', '250', '--raw', '--subdir', 'DAGS_FOLDER/customer_churn.py', '--cfg-path', '/tmp/tmplvwhs6gq']
[2025-03-03T23:33:25.227+0000] {standard_task_runner.py:85} INFO - Job 250: Subtask data_preparation_task
[2025-03-03T23:33:25.249+0000] {logging_mixin.py:154} WARNING - /home/***/.local/lib/python3.8/site-packages/***/settings.py:195 DeprecationWarning: The sql_alchemy_conn option in [core] has been moved to the sql_alchemy_conn option in [database] - the old setting has been used, but please update your config.
[2025-03-03T23:33:25.294+0000] {task_command.py:416} INFO - Running <TaskInstance: customer_churn_ml_pipeline.data_preparation_task manual__2025-03-03T23:32:42.103488+00:00 [running]> on host 157237bff8f7
[2025-03-03T23:33:25.406+0000] {taskinstance.py:1662} INFO - Exporting env vars: AIRFLOW_CTX_DAG_OWNER='***' AIRFLOW_CTX_DAG_ID='customer_churn_ml_pipeline' AIRFLOW_CTX_TASK_ID='data_preparation_task' AIRFLOW_CTX_EXECUTION_DATE='2025-03-03T23:32:42.103488+00:00' AIRFLOW_CTX_TRY_NUMBER='1' AIRFLOW_CTX_DAG_RUN_ID='manual__2025-03-03T23:32:42.103488+00:00'
[2025-03-03T23:33:25.407+0000] {subprocess.py:63} INFO - Tmp dir root location: /tmp
[2025-03-03T23:33:25.408+0000] {subprocess.py:75} INFO - Running command: ['/bin/bash', '-c', '\n\t\t\tcd /opt/*** &&\t\t\tpython /opt/***/executables/data_preparation.py &&                         dvc add /opt/***/data/cleaned &&                         git add /opt/***/data/cleaned.dvc && \t\t\tgit add logs && \\   \n\t\t\tgit add visualization &&    \t\t\tgit status &&                         git commit -m "Updated cleaned data version" -a &&                         dvc push && git push\n                    ']
[2025-03-03T23:33:25.417+0000] {subprocess.py:86} INFO - Output:
[2025-03-03T23:33:28.231+0000] {subprocess.py:93} INFO - 2025-03-03 23:33:28,230 : INFO : Starting data preparation for customer_data.csv.
[2025-03-03T23:33:28.255+0000] {subprocess.py:93} INFO - 2025-03-03 23:33:28,254 : INFO : Dropping 'Estimated Salary' & 'Credit Score' with 0 & negative values
[2025-03-03T23:33:28.258+0000] {subprocess.py:93} INFO - 2025-03-03 23:33:28,258 : INFO : Handling 'Balance', 'EstimatedSalary' empty data with mean
[2025-03-03T23:33:28.259+0000] {subprocess.py:93} INFO - 2025-03-03 23:33:28,258 : INFO : Handling 'Tenure', 'Age' empty data with tenure + 18 in age and droping tenure with 0 values & negative values
[2025-03-03T23:33:28.270+0000] {subprocess.py:93} INFO - 2025-03-03 23:33:28,270 : INFO : Dropping 'Tenure' less than 0 and greater than 80
[2025-03-03T23:33:28.274+0000] {subprocess.py:93} INFO - 2025-03-03 23:33:28,273 : INFO : Handling 'Age' empty data
[2025-03-03T23:33:28.275+0000] {subprocess.py:93} INFO - 2025-03-03 23:33:28,275 : INFO : Dropping 'Age' less than 18 and greater than 110
[2025-03-03T23:33:28.278+0000] {subprocess.py:93} INFO - 2025-03-03 23:33:28,277 : INFO : Droping 'Surname' as it may lead to profiling, 'RowNumber', 'CustomerId' as it is not required
[2025-03-03T23:33:28.280+0000] {subprocess.py:93} INFO - 2025-03-03 23:33:28,279 : INFO : Making 'Geography', 'Gender' as categorical
[2025-03-03T23:33:28.285+0000] {subprocess.py:93} INFO - 2025-03-03 23:33:28,285 : INFO : Making 'HasCrCard', 'IsActiveMember', 'Exited' as integers
[2025-03-03T23:33:28.286+0000] {subprocess.py:93} INFO - 2025-03-03 23:33:28,286 : INFO : Saving data to S3.
[2025-03-03T23:33:28.287+0000] {subprocess.py:93} INFO - 2025-03-03 23:33:28,286 : INFO : Directory created at /opt/***/data/cleaned/fintech1/03-03-2025/csv
[2025-03-03T23:33:28.502+0000] {subprocess.py:93} INFO - 2025-03-03 23:33:28,502 : INFO : Connected to s3
[2025-03-03T23:33:30.960+0000] {subprocess.py:93} INFO - 2025-03-03 23:33:30,960 : INFO : File uploaded to S3
[2025-03-03T23:33:30.961+0000] {subprocess.py:93} INFO - 2025-03-03 23:33:30,961 : INFO : Creating Pie chart
[2025-03-03T23:33:31.009+0000] {subprocess.py:93} INFO - 2025-03-03 23:33:31,009 : INFO : Generating histogram for column CreditScore.
[2025-03-03T23:33:31.157+0000] {subprocess.py:93} INFO - 2025-03-03 23:33:31,156 : INFO : Generating histogram for column Geography.
[2025-03-03T23:33:31.356+0000] {subprocess.py:93} INFO - 2025-03-03 23:33:31,356 : INFO : Generating histogram for column Gender.
[2025-03-03T23:33:31.489+0000] {subprocess.py:93} INFO - 2025-03-03 23:33:31,488 : INFO : Generating histogram for column Age.
[2025-03-03T23:33:31.669+0000] {subprocess.py:93} INFO - 2025-03-03 23:33:31,669 : INFO : Generating histogram for column Tenure.
[2025-03-03T23:33:31.874+0000] {subprocess.py:93} INFO - 2025-03-03 23:33:31,873 : INFO : Generating histogram for column Balance.
[2025-03-03T23:33:32.088+0000] {subprocess.py:93} INFO - 2025-03-03 23:33:32,088 : INFO : Generating histogram for column NumOfProducts.
[2025-03-03T23:33:32.283+0000] {subprocess.py:93} INFO - 2025-03-03 23:33:32,282 : INFO : Generating histogram for column HasCrCard.
[2025-03-03T23:33:32.584+0000] {subprocess.py:93} INFO - 2025-03-03 23:33:32,583 : INFO : Generating histogram for column IsActiveMember.
[2025-03-03T23:33:32.879+0000] {subprocess.py:93} INFO - 2025-03-03 23:33:32,878 : INFO : Generating histogram for column EstimatedSalary.
[2025-03-03T23:33:33.154+0000] {subprocess.py:93} INFO - 2025-03-03 23:33:33,154 : INFO : Generating histogram for column Exited.
[2025-03-03T23:33:33.466+0000] {subprocess.py:93} INFO - 2025-03-03 23:33:33,466 : INFO : Generating histogram for relation of Exited with Categorical data.
[2025-03-03T23:33:33.878+0000] {subprocess.py:93} INFO - 2025-03-03 23:33:33,877 : INFO : Using categorical units to plot a list of strings that are all parsable as floats or dates. If these strings should be plotted as numbers, cast to the appropriate data type before plotting.
[2025-03-03T23:33:33.897+0000] {subprocess.py:93} INFO - 2025-03-03 23:33:33,897 : INFO : Using categorical units to plot a list of strings that are all parsable as floats or dates. If these strings should be plotted as numbers, cast to the appropriate data type before plotting.
[2025-03-03T23:33:33.991+0000] {subprocess.py:93} INFO - 2025-03-03 23:33:33,990 : INFO : Using categorical units to plot a list of strings that are all parsable as floats or dates. If these strings should be plotted as numbers, cast to the appropriate data type before plotting.
[2025-03-03T23:33:34.009+0000] {subprocess.py:93} INFO - 2025-03-03 23:33:34,009 : INFO : Using categorical units to plot a list of strings that are all parsable as floats or dates. If these strings should be plotted as numbers, cast to the appropriate data type before plotting.
[2025-03-03T23:33:34.063+0000] {subprocess.py:93} INFO - 2025-03-03 23:33:34,063 : INFO : Generating box plots for relation of Exited with non Categorical data.
[2025-03-03T23:33:34.246+0000] {subprocess.py:93} INFO - 2025-03-03 23:33:34,246 : INFO : Using categorical units to plot a list of strings that are all parsable as floats or dates. If these strings should be plotted as numbers, cast to the appropriate data type before plotting.
[2025-03-03T23:33:34.263+0000] {subprocess.py:93} INFO - 2025-03-03 23:33:34,263 : INFO : Using categorical units to plot a list of strings that are all parsable as floats or dates. If these strings should be plotted as numbers, cast to the appropriate data type before plotting.
[2025-03-03T23:33:34.363+0000] {subprocess.py:93} INFO - 2025-03-03 23:33:34,362 : INFO : Using categorical units to plot a list of strings that are all parsable as floats or dates. If these strings should be plotted as numbers, cast to the appropriate data type before plotting.
[2025-03-03T23:33:34.379+0000] {subprocess.py:93} INFO - 2025-03-03 23:33:34,379 : INFO : Using categorical units to plot a list of strings that are all parsable as floats or dates. If these strings should be plotted as numbers, cast to the appropriate data type before plotting.
[2025-03-03T23:33:34.494+0000] {subprocess.py:93} INFO - 2025-03-03 23:33:34,493 : INFO : Using categorical units to plot a list of strings that are all parsable as floats or dates. If these strings should be plotted as numbers, cast to the appropriate data type before plotting.
[2025-03-03T23:33:34.516+0000] {subprocess.py:93} INFO - 2025-03-03 23:33:34,516 : INFO : Using categorical units to plot a list of strings that are all parsable as floats or dates. If these strings should be plotted as numbers, cast to the appropriate data type before plotting.
[2025-03-03T23:33:34.619+0000] {subprocess.py:93} INFO - 2025-03-03 23:33:34,618 : INFO : Using categorical units to plot a list of strings that are all parsable as floats or dates. If these strings should be plotted as numbers, cast to the appropriate data type before plotting.
[2025-03-03T23:33:34.639+0000] {subprocess.py:93} INFO - 2025-03-03 23:33:34,638 : INFO : Using categorical units to plot a list of strings that are all parsable as floats or dates. If these strings should be plotted as numbers, cast to the appropriate data type before plotting.
[2025-03-03T23:33:34.739+0000] {subprocess.py:93} INFO - 2025-03-03 23:33:34,739 : INFO : Using categorical units to plot a list of strings that are all parsable as floats or dates. If these strings should be plotted as numbers, cast to the appropriate data type before plotting.
[2025-03-03T23:33:34.760+0000] {subprocess.py:93} INFO - 2025-03-03 23:33:34,759 : INFO : Using categorical units to plot a list of strings that are all parsable as floats or dates. If these strings should be plotted as numbers, cast to the appropriate data type before plotting.
[2025-03-03T23:33:34.968+0000] {subprocess.py:93} INFO - 2025-03-03 23:33:34,968 : INFO : Using categorical units to plot a list of strings that are all parsable as floats or dates. If these strings should be plotted as numbers, cast to the appropriate data type before plotting.
[2025-03-03T23:33:34.987+0000] {subprocess.py:93} INFO - 2025-03-03 23:33:34,987 : INFO : Using categorical units to plot a list of strings that are all parsable as floats or dates. If these strings should be plotted as numbers, cast to the appropriate data type before plotting.
[2025-03-03T23:33:35.470+0000] {subprocess.py:93} INFO - 2025-03-03 23:33:35,470 : INFO : Saved pdf in /opt/***/visualization/fintech1/03-03-2025/csv/plots.pdf
[2025-03-03T23:33:35.512+0000] {subprocess.py:93} INFO - 2025-03-03 23:33:35,511 : INFO : Starting data preparation for database_data.csv.
[2025-03-03T23:33:35.546+0000] {subprocess.py:93} INFO - 2025-03-03 23:33:35,545 : INFO : Dropping 'Estimated Salary' & 'Credit Score' with 0 & negative values
[2025-03-03T23:33:35.550+0000] {subprocess.py:93} INFO - 2025-03-03 23:33:35,550 : INFO : Handling 'Balance', 'EstimatedSalary' empty data with mean
[2025-03-03T23:33:35.551+0000] {subprocess.py:93} INFO - 2025-03-03 23:33:35,550 : INFO : Handling 'Tenure', 'Age' empty data with tenure + 18 in age and droping tenure with 0 values & negative values
[2025-03-03T23:33:35.551+0000] {subprocess.py:93} INFO - 2025-03-03 23:33:35,551 : INFO : Dropping 'Tenure' less than 0 and greater than 80
[2025-03-03T23:33:35.554+0000] {subprocess.py:93} INFO - 2025-03-03 23:33:35,554 : INFO : Handling 'Age' empty data
[2025-03-03T23:33:35.557+0000] {subprocess.py:93} INFO - 2025-03-03 23:33:35,556 : INFO : Dropping 'Age' less than 18 and greater than 110
[2025-03-03T23:33:35.560+0000] {subprocess.py:93} INFO - 2025-03-03 23:33:35,560 : INFO : Droping 'Surname' as it may lead to profiling, 'RowNumber', 'CustomerId' as it is not required
[2025-03-03T23:33:35.562+0000] {subprocess.py:93} INFO - 2025-03-03 23:33:35,562 : INFO : Making 'Geography', 'Gender' as categorical
[2025-03-03T23:33:35.569+0000] {subprocess.py:93} INFO - 2025-03-03 23:33:35,568 : INFO : Making 'HasCrCard', 'IsActiveMember', 'Exited' as integers
[2025-03-03T23:33:35.571+0000] {subprocess.py:93} INFO - 2025-03-03 23:33:35,571 : INFO : Saving data to S3.
[2025-03-03T23:33:35.572+0000] {subprocess.py:93} INFO - 2025-03-03 23:33:35,571 : INFO : Directory created at /opt/***/data/cleaned/fintech2/03-03-2025/database
[2025-03-03T23:33:35.680+0000] {subprocess.py:93} INFO - 2025-03-03 23:33:35,680 : INFO : Connected to s3
[2025-03-03T23:33:38.251+0000] {subprocess.py:93} INFO - 2025-03-03 23:33:38,250 : INFO : File uploaded to S3
[2025-03-03T23:33:38.251+0000] {subprocess.py:93} INFO - 2025-03-03 23:33:38,251 : INFO : Creating Pie chart
[2025-03-03T23:33:38.304+0000] {subprocess.py:93} INFO - 2025-03-03 23:33:38,304 : INFO : Generating histogram for column CreditScore.
[2025-03-03T23:33:38.412+0000] {subprocess.py:93} INFO - 2025-03-03 23:33:38,412 : INFO : Generating histogram for column Geography.
[2025-03-03T23:33:38.564+0000] {subprocess.py:93} INFO - 2025-03-03 23:33:38,564 : INFO : Generating histogram for column Gender.
[2025-03-03T23:33:38.768+0000] {subprocess.py:93} INFO - 2025-03-03 23:33:38,768 : INFO : Generating histogram for column Age.
[2025-03-03T23:33:39.041+0000] {subprocess.py:93} INFO - 2025-03-03 23:33:39,041 : INFO : Generating histogram for column Tenure.
[2025-03-03T23:33:39.224+0000] {subprocess.py:93} INFO - 2025-03-03 23:33:39,223 : INFO : Generating histogram for column Balance.
[2025-03-03T23:33:39.423+0000] {subprocess.py:93} INFO - 2025-03-03 23:33:39,422 : INFO : Generating histogram for column NumOfProducts.
[2025-03-03T23:33:39.603+0000] {subprocess.py:93} INFO - 2025-03-03 23:33:39,603 : INFO : Generating histogram for column HasCrCard.
[2025-03-03T23:33:39.793+0000] {subprocess.py:93} INFO - 2025-03-03 23:33:39,793 : INFO : Generating histogram for column IsActiveMember.
[2025-03-03T23:33:39.958+0000] {subprocess.py:93} INFO - 2025-03-03 23:33:39,957 : INFO : Generating histogram for column EstimatedSalary.
[2025-03-03T23:33:40.146+0000] {subprocess.py:93} INFO - 2025-03-03 23:33:40,145 : INFO : Generating histogram for column Exited.
[2025-03-03T23:33:40.357+0000] {subprocess.py:93} INFO - 2025-03-03 23:33:40,356 : INFO : Generating histogram for relation of Exited with Categorical data.
[2025-03-03T23:33:40.699+0000] {subprocess.py:93} INFO - 2025-03-03 23:33:40,699 : INFO : Using categorical units to plot a list of strings that are all parsable as floats or dates. If these strings should be plotted as numbers, cast to the appropriate data type before plotting.
[2025-03-03T23:33:40.717+0000] {subprocess.py:93} INFO - 2025-03-03 23:33:40,716 : INFO : Using categorical units to plot a list of strings that are all parsable as floats or dates. If these strings should be plotted as numbers, cast to the appropriate data type before plotting.
[2025-03-03T23:33:40.803+0000] {subprocess.py:93} INFO - 2025-03-03 23:33:40,803 : INFO : Using categorical units to plot a list of strings that are all parsable as floats or dates. If these strings should be plotted as numbers, cast to the appropriate data type before plotting.
[2025-03-03T23:33:40.844+0000] {subprocess.py:93} INFO - 2025-03-03 23:33:40,844 : INFO : Using categorical units to plot a list of strings that are all parsable as floats or dates. If these strings should be plotted as numbers, cast to the appropriate data type before plotting.
[2025-03-03T23:33:40.908+0000] {subprocess.py:93} INFO - 2025-03-03 23:33:40,907 : INFO : Generating box plots for relation of Exited with non Categorical data.
[2025-03-03T23:33:41.210+0000] {subprocess.py:93} INFO - 2025-03-03 23:33:41,209 : INFO : Using categorical units to plot a list of strings that are all parsable as floats or dates. If these strings should be plotted as numbers, cast to the appropriate data type before plotting.
[2025-03-03T23:33:41.229+0000] {subprocess.py:93} INFO - 2025-03-03 23:33:41,229 : INFO : Using categorical units to plot a list of strings that are all parsable as floats or dates. If these strings should be plotted as numbers, cast to the appropriate data type before plotting.
[2025-03-03T23:33:41.341+0000] {subprocess.py:93} INFO - 2025-03-03 23:33:41,340 : INFO : Using categorical units to plot a list of strings that are all parsable as floats or dates. If these strings should be plotted as numbers, cast to the appropriate data type before plotting.
[2025-03-03T23:33:41.367+0000] {subprocess.py:93} INFO - 2025-03-03 23:33:41,365 : INFO : Using categorical units to plot a list of strings that are all parsable as floats or dates. If these strings should be plotted as numbers, cast to the appropriate data type before plotting.
[2025-03-03T23:33:41.487+0000] {subprocess.py:93} INFO - 2025-03-03 23:33:41,486 : INFO : Using categorical units to plot a list of strings that are all parsable as floats or dates. If these strings should be plotted as numbers, cast to the appropriate data type before plotting.
[2025-03-03T23:33:41.504+0000] {subprocess.py:93} INFO - 2025-03-03 23:33:41,503 : INFO : Using categorical units to plot a list of strings that are all parsable as floats or dates. If these strings should be plotted as numbers, cast to the appropriate data type before plotting.
[2025-03-03T23:33:41.617+0000] {subprocess.py:93} INFO - 2025-03-03 23:33:41,617 : INFO : Using categorical units to plot a list of strings that are all parsable as floats or dates. If these strings should be plotted as numbers, cast to the appropriate data type before plotting.
[2025-03-03T23:33:41.646+0000] {subprocess.py:93} INFO - 2025-03-03 23:33:41,646 : INFO : Using categorical units to plot a list of strings that are all parsable as floats or dates. If these strings should be plotted as numbers, cast to the appropriate data type before plotting.
[2025-03-03T23:33:41.775+0000] {subprocess.py:93} INFO - 2025-03-03 23:33:41,775 : INFO : Using categorical units to plot a list of strings that are all parsable as floats or dates. If these strings should be plotted as numbers, cast to the appropriate data type before plotting.
[2025-03-03T23:33:41.793+0000] {subprocess.py:93} INFO - 2025-03-03 23:33:41,793 : INFO : Using categorical units to plot a list of strings that are all parsable as floats or dates. If these strings should be plotted as numbers, cast to the appropriate data type before plotting.
[2025-03-03T23:33:41.901+0000] {subprocess.py:93} INFO - 2025-03-03 23:33:41,900 : INFO : Using categorical units to plot a list of strings that are all parsable as floats or dates. If these strings should be plotted as numbers, cast to the appropriate data type before plotting.
[2025-03-03T23:33:41.926+0000] {subprocess.py:93} INFO - 2025-03-03 23:33:41,925 : INFO : Using categorical units to plot a list of strings that are all parsable as floats or dates. If these strings should be plotted as numbers, cast to the appropriate data type before plotting.
[2025-03-03T23:33:42.529+0000] {subprocess.py:93} INFO - 2025-03-03 23:33:42,529 : INFO : Saved pdf in /opt/***/visualization/fintech2/03-03-2025/database/plots.pdf
[2025-03-03T23:33:45.531+0000] {subprocess.py:93} INFO - 
[2025-03-03T23:33:45.531+0000] {subprocess.py:93} INFO - To track the changes with git, run:
[2025-03-03T23:33:45.532+0000] {subprocess.py:93} INFO - 
[2025-03-03T23:33:45.532+0000] {subprocess.py:93} INFO - 	git add data/cleaned.dvc
[2025-03-03T23:33:45.532+0000] {subprocess.py:93} INFO - 
[2025-03-03T23:33:45.532+0000] {subprocess.py:93} INFO - To enable auto staging, run:
[2025-03-03T23:33:45.532+0000] {subprocess.py:93} INFO - 
[2025-03-03T23:33:45.533+0000] {subprocess.py:93} INFO - 	dvc config core.autostage true
[2025-03-03T23:33:45.988+0000] {subprocess.py:93} INFO - /bin/bash: line 2:  : command not found
[2025-03-03T23:33:46.037+0000] {subprocess.py:93} INFO - On branch main
[2025-03-03T23:33:46.038+0000] {subprocess.py:93} INFO - Your branch is up to date with 'origin/main'.
[2025-03-03T23:33:46.038+0000] {subprocess.py:93} INFO - 
[2025-03-03T23:33:46.039+0000] {subprocess.py:93} INFO - Changes to be committed:
[2025-03-03T23:33:46.039+0000] {subprocess.py:93} INFO -   (use "git restore --staged <file>..." to unstage)
[2025-03-03T23:33:46.039+0000] {subprocess.py:93} INFO - 	new file:   logs/dag_id=customer_churn_ml_pipeline/run_id=manual__2025-03-03T23:32:42.103488+00:00/task_id=data_preparation_task/attempt=1.log
[2025-03-03T23:33:46.040+0000] {subprocess.py:93} INFO - 	modified:   logs/dag_id=customer_churn_ml_pipeline/run_id=manual__2025-03-03T23:32:42.103488+00:00/task_id=data_validation_task/attempt=1.log
[2025-03-03T23:33:46.040+0000] {subprocess.py:93} INFO - 	modified:   logs/dag_processor_manager/dag_processor_manager.log
[2025-03-03T23:33:46.040+0000] {subprocess.py:93} INFO - 	modified:   logs/data_preparation.log
[2025-03-03T23:33:46.040+0000] {subprocess.py:93} INFO - 	modified:   logs/scheduler/2025-03-03/customer_churn.py.log
[2025-03-03T23:33:46.040+0000] {subprocess.py:93} INFO - 	modified:   visualization/fintech1/03-03-2025/csv/plots.pdf
[2025-03-03T23:33:46.041+0000] {subprocess.py:93} INFO - 	modified:   visualization/fintech2/03-03-2025/database/plots.pdf
[2025-03-03T23:33:46.041+0000] {subprocess.py:93} INFO - 
[2025-03-03T23:33:46.041+0000] {subprocess.py:93} INFO - Changes not staged for commit:
[2025-03-03T23:33:46.041+0000] {subprocess.py:93} INFO -   (use "git add <file>..." to update what will be committed)
[2025-03-03T23:33:46.041+0000] {subprocess.py:93} INFO -   (use "git restore <file>..." to discard changes in working directory)
[2025-03-03T23:33:46.042+0000] {subprocess.py:93} INFO - 	modified:   logs/dag_id=customer_churn_ml_pipeline/run_id=manual__2025-03-03T23:32:42.103488+00:00/task_id=data_preparation_task/attempt=1.log
[2025-03-03T23:33:46.042+0000] {subprocess.py:93} INFO - 
[2025-03-03T23:33:46.042+0000] {subprocess.py:93} INFO - Untracked files:
[2025-03-03T23:33:46.042+0000] {subprocess.py:93} INFO -   (use "git add <file>..." to include in what will be committed)
[2025-03-03T23:33:46.043+0000] {subprocess.py:93} INFO - 	customer_churn_stats/feature_repo/data/online_store.db
[2025-03-03T23:33:46.043+0000] {subprocess.py:93} INFO - 	customer_churn_stats/feature_repo/data/registry.db
[2025-03-03T23:33:46.043+0000] {subprocess.py:93} INFO - 	models/
[2025-03-03T23:33:46.043+0000] {subprocess.py:93} INFO - 	online.db
[2025-03-03T23:33:46.044+0000] {subprocess.py:93} INFO - 
