[2025-03-09T16:23:17.679+0000] {taskinstance.py:1159} INFO - Dependencies all met for dep_context=non-requeueable deps ti=<TaskInstance: customer_churn_ml_pipeline.data_transformation_task manual__2025-03-09T16:21:05.896094+00:00 [queued]>
[2025-03-09T16:23:17.718+0000] {taskinstance.py:1159} INFO - Dependencies all met for dep_context=requeueable deps ti=<TaskInstance: customer_churn_ml_pipeline.data_transformation_task manual__2025-03-09T16:21:05.896094+00:00 [queued]>
[2025-03-09T16:23:17.719+0000] {taskinstance.py:1361} INFO - Starting attempt 1 of 1
[2025-03-09T16:23:17.767+0000] {taskinstance.py:1382} INFO - Executing <Task(BashOperator): data_transformation_task> on 2025-03-09 16:21:05.896094+00:00
[2025-03-09T16:23:17.775+0000] {standard_task_runner.py:57} INFO - Started process 9279 to run task
[2025-03-09T16:23:17.783+0000] {standard_task_runner.py:84} INFO - Running: ['***', 'tasks', 'run', 'customer_churn_ml_pipeline', 'data_transformation_task', 'manual__2025-03-09T16:21:05.896094+00:00', '--job-id', '371', '--raw', '--subdir', 'DAGS_FOLDER/customer_churn.py', '--cfg-path', '/tmp/tmpm206ld7l']
[2025-03-09T16:23:17.789+0000] {standard_task_runner.py:85} INFO - Job 371: Subtask data_transformation_task
[2025-03-09T16:23:17.838+0000] {logging_mixin.py:154} WARNING - /home/***/.local/lib/python3.8/site-packages/***/settings.py:195 DeprecationWarning: The sql_alchemy_conn option in [core] has been moved to the sql_alchemy_conn option in [database] - the old setting has been used, but please update your config.
[2025-03-09T16:23:17.939+0000] {task_command.py:416} INFO - Running <TaskInstance: customer_churn_ml_pipeline.data_transformation_task manual__2025-03-09T16:21:05.896094+00:00 [running]> on host 157237bff8f7
[2025-03-09T16:23:18.211+0000] {taskinstance.py:1662} INFO - Exporting env vars: AIRFLOW_CTX_DAG_OWNER='***' AIRFLOW_CTX_DAG_ID='customer_churn_ml_pipeline' AIRFLOW_CTX_TASK_ID='data_transformation_task' AIRFLOW_CTX_EXECUTION_DATE='2025-03-09T16:21:05.896094+00:00' AIRFLOW_CTX_TRY_NUMBER='1' AIRFLOW_CTX_DAG_RUN_ID='manual__2025-03-09T16:21:05.896094+00:00'
[2025-03-09T16:23:18.212+0000] {subprocess.py:63} INFO - Tmp dir root location: /tmp
[2025-03-09T16:23:18.215+0000] {subprocess.py:75} INFO - Running command: ['/bin/bash', '-c', '\n\t\t\tcd /opt/*** &&                        dvc pull /opt/***/data/cleaned\n                        python /opt/***/executables/data_transformation.py &&                         dvc add /opt/***/data/transformed &&                         git add /opt/***/data/transformed.dvc && \t\t\tgit add logs &&    \t\t\tgit status &&                         git commit -m "Updated transformed data version" -a &&                         dvc push && git push\n                    ']
[2025-03-09T16:23:18.233+0000] {subprocess.py:86} INFO - Output:
[2025-03-09T16:23:24.880+0000] {subprocess.py:93} INFO - Everything is up to date.
[2025-03-09T16:23:31.069+0000] {subprocess.py:93} INFO - 2025-03-09 16:23:31,068 : INFO : Starting data transformation for csv.
[2025-03-09T16:23:31.124+0000] {subprocess.py:93} INFO - 2025-03-09 16:23:31,124 : INFO : Scaling 'Balance', 'EstimatedSalary'.
[2025-03-09T16:23:31.137+0000] {subprocess.py:93} INFO - 2025-03-09 16:23:31,136 : INFO : Saving data to S3.
[2025-03-09T16:23:34.648+0000] {subprocess.py:93} INFO - 2025-03-09 16:23:34,647 : INFO : Starting data transformation for csv.
[2025-03-09T16:23:34.690+0000] {subprocess.py:93} INFO - 2025-03-09 16:23:34,689 : INFO : Scaling 'Balance', 'EstimatedSalary'.
[2025-03-09T16:23:34.702+0000] {subprocess.py:93} INFO - 2025-03-09 16:23:34,702 : INFO : Saving data to S3.
[2025-03-09T16:23:42.845+0000] {subprocess.py:93} INFO - 
[2025-03-09T16:23:42.845+0000] {subprocess.py:93} INFO - To track the changes with git, run:
[2025-03-09T16:23:42.846+0000] {subprocess.py:93} INFO - 
[2025-03-09T16:23:42.849+0000] {subprocess.py:93} INFO - 	git add data/transformed.dvc
[2025-03-09T16:23:42.850+0000] {subprocess.py:93} INFO - 
[2025-03-09T16:23:42.850+0000] {subprocess.py:93} INFO - To enable auto staging, run:
[2025-03-09T16:23:42.851+0000] {subprocess.py:93} INFO - 
[2025-03-09T16:23:42.851+0000] {subprocess.py:93} INFO - 	dvc config core.autostage true
[2025-03-09T16:23:43.544+0000] {subprocess.py:93} INFO - On branch main
[2025-03-09T16:23:43.545+0000] {subprocess.py:93} INFO - Your branch is up to date with 'origin/main'.
[2025-03-09T16:23:43.545+0000] {subprocess.py:93} INFO - 
[2025-03-09T16:23:43.546+0000] {subprocess.py:93} INFO - Changes to be committed:
[2025-03-09T16:23:43.546+0000] {subprocess.py:93} INFO -   (use "git restore --staged <file>..." to unstage)
[2025-03-09T16:23:43.547+0000] {subprocess.py:93} INFO - 	modified:   logs/dag_id=customer_churn_ml_pipeline/run_id=manual__2025-03-09T16:21:05.896094+00:00/task_id=data_preparation_task/attempt=1.log
[2025-03-09T16:23:43.547+0000] {subprocess.py:93} INFO - 	new file:   logs/dag_id=customer_churn_ml_pipeline/run_id=manual__2025-03-09T16:21:05.896094+00:00/task_id=data_transformation_task/attempt=1.log
[2025-03-09T16:23:43.548+0000] {subprocess.py:93} INFO - 	modified:   logs/dag_processor_manager/dag_processor_manager.log
[2025-03-09T16:23:43.548+0000] {subprocess.py:93} INFO - 	modified:   logs/data_transformation.log
[2025-03-09T16:23:43.549+0000] {subprocess.py:93} INFO - 	modified:   logs/scheduler/2025-03-09/customer_churn.py.log
[2025-03-09T16:23:43.549+0000] {subprocess.py:93} INFO - 
[2025-03-09T16:23:43.549+0000] {subprocess.py:93} INFO - Untracked files:
[2025-03-09T16:23:43.550+0000] {subprocess.py:93} INFO -   (use "git add <file>..." to include in what will be committed)
[2025-03-09T16:23:43.550+0000] {subprocess.py:93} INFO - 	customer_churn_stats/feature_repo/data/online_store.db
[2025-03-09T16:23:43.551+0000] {subprocess.py:93} INFO - 	customer_churn_stats/feature_repo/data/registry.db
[2025-03-09T16:23:43.551+0000] {subprocess.py:93} INFO - 	mlartifacts/
[2025-03-09T16:23:43.551+0000] {subprocess.py:93} INFO - 	models/
[2025-03-09T16:23:43.552+0000] {subprocess.py:93} INFO - 	online.db
[2025-03-09T16:23:43.552+0000] {subprocess.py:93} INFO - 
[2025-03-09T16:23:43.737+0000] {subprocess.py:93} INFO - [main ebe15f4] Updated transformed data version
[2025-03-09T16:23:43.738+0000] {subprocess.py:93} INFO -  5 files changed, 86 insertions(+)
[2025-03-09T16:23:43.738+0000] {subprocess.py:93} INFO -  create mode 100644 logs/dag_id=customer_churn_ml_pipeline/run_id=manual__2025-03-09T16:21:05.896094+00:00/task_id=data_transformation_task/attempt=1.log
[2025-03-09T16:23:53.179+0000] {subprocess.py:93} INFO - Everything is up to date.
[2025-03-09T16:23:55.686+0000] {subprocess.py:93} INFO - To https://github.com/anniemathew-trial/customer_churn_pipeline.git
[2025-03-09T16:23:55.687+0000] {subprocess.py:93} INFO -    83c03ef..ebe15f4  main -> main
[2025-03-09T16:23:55.696+0000] {subprocess.py:97} INFO - Command exited with return code 0
[2025-03-09T16:23:55.802+0000] {taskinstance.py:1400} INFO - Marking task as SUCCESS. dag_id=customer_churn_ml_pipeline, task_id=data_transformation_task, execution_date=20250309T162105, start_date=20250309T162317, end_date=20250309T162355
[2025-03-09T16:23:55.889+0000] {local_task_job_runner.py:228} INFO - Task exited with return code 0
[2025-03-09T16:23:56.017+0000] {taskinstance.py:2778} INFO - 1 downstream tasks scheduled from follow-on schedule check
