[2025-03-02T14:15:11.406+0000] {taskinstance.py:1159} INFO - Dependencies all met for dep_context=non-requeueable deps ti=<TaskInstance: customer_churn_ml_pipeline.data_transformation_task manual__2025-03-02T14:13:45.132348+00:00 [queued]>
[2025-03-02T14:15:11.427+0000] {taskinstance.py:1159} INFO - Dependencies all met for dep_context=requeueable deps ti=<TaskInstance: customer_churn_ml_pipeline.data_transformation_task manual__2025-03-02T14:13:45.132348+00:00 [queued]>
[2025-03-02T14:15:11.428+0000] {taskinstance.py:1361} INFO - Starting attempt 1 of 1
[2025-03-02T14:15:11.460+0000] {taskinstance.py:1382} INFO - Executing <Task(BashOperator): data_transformation_task> on 2025-03-02 14:13:45.132348+00:00
[2025-03-02T14:15:11.467+0000] {standard_task_runner.py:57} INFO - Started process 5873 to run task
[2025-03-02T14:15:11.472+0000] {standard_task_runner.py:84} INFO - Running: ['***', 'tasks', 'run', 'customer_churn_ml_pipeline', 'data_transformation_task', 'manual__2025-03-02T14:13:45.132348+00:00', '--job-id', '28', '--raw', '--subdir', 'DAGS_FOLDER/customer_churn.py', '--cfg-path', '/tmp/tmpuhc69_0p']
[2025-03-02T14:15:11.477+0000] {standard_task_runner.py:85} INFO - Job 28: Subtask data_transformation_task
[2025-03-02T14:15:11.514+0000] {logging_mixin.py:154} WARNING - /home/***/.local/lib/python3.8/site-packages/***/settings.py:195 DeprecationWarning: The sql_alchemy_conn option in [core] has been moved to the sql_alchemy_conn option in [database] - the old setting has been used, but please update your config.
[2025-03-02T14:15:11.599+0000] {task_command.py:416} INFO - Running <TaskInstance: customer_churn_ml_pipeline.data_transformation_task manual__2025-03-02T14:13:45.132348+00:00 [running]> on host 157237bff8f7
[2025-03-02T14:15:11.818+0000] {taskinstance.py:1662} INFO - Exporting env vars: AIRFLOW_CTX_DAG_OWNER='***' AIRFLOW_CTX_DAG_ID='customer_churn_ml_pipeline' AIRFLOW_CTX_TASK_ID='data_transformation_task' AIRFLOW_CTX_EXECUTION_DATE='2025-03-02T14:13:45.132348+00:00' AIRFLOW_CTX_TRY_NUMBER='1' AIRFLOW_CTX_DAG_RUN_ID='manual__2025-03-02T14:13:45.132348+00:00'
[2025-03-02T14:15:11.821+0000] {subprocess.py:63} INFO - Tmp dir root location: /tmp
[2025-03-02T14:15:11.822+0000] {subprocess.py:75} INFO - Running command: ['/bin/bash', '-c', '\n\t\t\tcd /opt/*** &&                        dvc pull /opt/***/data/cleaned\n                        python /opt/***/executables/data_transformation.py &&                         dvc add /opt/***/data/transformed &&                         git add /opt/***/data/transformed.dvc && \t\t\tgit add logs &&    \t\t\tgit status &&                         git commit -m "Updated transformed data version" -a &&                         dvc push && git push\n                    ']
[2025-03-02T14:15:11.838+0000] {subprocess.py:86} INFO - Output:
[2025-03-02T14:15:17.489+0000] {subprocess.py:93} INFO - Everything is up to date.
[2025-03-02T14:15:20.899+0000] {subprocess.py:93} INFO - 2025-03-02 14:15:20,899 : INFO : Starting data transformation for csv.
[2025-03-02T14:15:20.940+0000] {subprocess.py:93} INFO - 2025-03-02 14:15:20,940 : INFO : Scaling 'Tenure', 'Balance', 'EstimatedSalary'.
[2025-03-02T14:15:20.948+0000] {subprocess.py:93} INFO - 2025-03-02 14:15:20,948 : INFO : Saving data to S3.
[2025-03-02T14:15:27.460+0000] {subprocess.py:93} INFO - 
[2025-03-02T14:15:27.461+0000] {subprocess.py:93} INFO - To track the changes with git, run:
[2025-03-02T14:15:27.461+0000] {subprocess.py:93} INFO - 
[2025-03-02T14:15:27.461+0000] {subprocess.py:93} INFO - 	git add data/transformed.dvc
[2025-03-02T14:15:27.462+0000] {subprocess.py:93} INFO - 
[2025-03-02T14:15:27.462+0000] {subprocess.py:93} INFO - To enable auto staging, run:
[2025-03-02T14:15:27.462+0000] {subprocess.py:93} INFO - 
[2025-03-02T14:15:27.462+0000] {subprocess.py:93} INFO - 	dvc config core.autostage true
[2025-03-02T14:15:27.850+0000] {subprocess.py:93} INFO - On branch main
[2025-03-02T14:15:27.850+0000] {subprocess.py:93} INFO - Your branch is ahead of 'origin/main' by 1 commit.
[2025-03-02T14:15:27.850+0000] {subprocess.py:93} INFO -   (use "git push" to publish your local commits)
[2025-03-02T14:15:27.851+0000] {subprocess.py:93} INFO - 
[2025-03-02T14:15:27.851+0000] {subprocess.py:93} INFO - Changes to be committed:
[2025-03-02T14:15:27.851+0000] {subprocess.py:93} INFO -   (use "git restore --staged <file>..." to unstage)
[2025-03-02T14:15:27.851+0000] {subprocess.py:93} INFO - 	modified:   logs/dag_id=customer_churn_ml_pipeline/run_id=manual__2025-03-02T14:13:34.519458+00:00/task_id=data_transformation_task/attempt=1.log
[2025-03-02T14:15:27.852+0000] {subprocess.py:93} INFO - 	modified:   logs/dag_id=customer_churn_ml_pipeline/run_id=manual__2025-03-02T14:13:45.132348+00:00/task_id=data_transformation_task/attempt=1.log
[2025-03-02T14:15:27.852+0000] {subprocess.py:93} INFO - 
[2025-03-02T14:15:27.852+0000] {subprocess.py:93} INFO - Untracked files:
[2025-03-02T14:15:27.852+0000] {subprocess.py:93} INFO -   (use "git add <file>..." to include in what will be committed)
[2025-03-02T14:15:27.852+0000] {subprocess.py:93} INFO - 	customer_churn_pipeline/
[2025-03-02T14:15:27.853+0000] {subprocess.py:93} INFO - 	customer_churn_stats/feature_repo/data/registry.db
[2025-03-02T14:15:27.853+0000] {subprocess.py:93} INFO - 
[2025-03-02T14:15:27.872+0000] {subprocess.py:93} INFO - [main 6cdd5df] Updated transformed data version
[2025-03-02T14:15:27.872+0000] {subprocess.py:93} INFO -  2 files changed, 26 insertions(+)
[2025-03-02T14:15:32.657+0000] {subprocess.py:93} INFO - ERROR: failed to push data to the cloud - Unable to acquire lock. Most likely another DVC process is running or was terminated abruptly. Check the page <https://dvc.org/doc/user-guide/troubleshooting#lock-issue> for other possible reasons and to learn how to resolve this.
[2025-03-02T14:15:32.863+0000] {subprocess.py:97} INFO - Command exited with return code 1
[2025-03-02T14:15:32.889+0000] {taskinstance.py:1937} ERROR - Task failed with exception
Traceback (most recent call last):
  File "/home/airflow/.local/lib/python3.8/site-packages/airflow/operators/bash.py", line 210, in execute
    raise AirflowException(
airflow.exceptions.AirflowException: Bash command failed. The command returned a non-zero exit code 1.
[2025-03-02T14:15:32.895+0000] {taskinstance.py:1400} INFO - Marking task as FAILED. dag_id=customer_churn_ml_pipeline, task_id=data_transformation_task, execution_date=20250302T141345, start_date=20250302T141511, end_date=20250302T141532
[2025-03-02T14:15:32.929+0000] {standard_task_runner.py:104} ERROR - Failed to execute job 28 for task data_transformation_task (Bash command failed. The command returned a non-zero exit code 1.; 5873)
[2025-03-02T14:15:32.970+0000] {local_task_job_runner.py:228} INFO - Task exited with return code 1
[2025-03-02T14:15:33.026+0000] {taskinstance.py:2778} INFO - 0 downstream tasks scheduled from follow-on schedule check
