[2025-03-02T11:07:15.702+0000] {taskinstance.py:1159} INFO - Dependencies all met for dep_context=non-requeueable deps ti=<TaskInstance: customer_churn_ml_pipeline.data_storage_task manual__2025-03-02T11:05:03.197874+00:00 [queued]>
[2025-03-02T11:07:15.720+0000] {taskinstance.py:1159} INFO - Dependencies all met for dep_context=requeueable deps ti=<TaskInstance: customer_churn_ml_pipeline.data_storage_task manual__2025-03-02T11:05:03.197874+00:00 [queued]>
[2025-03-02T11:07:15.721+0000] {taskinstance.py:1361} INFO - Starting attempt 1 of 1
[2025-03-02T11:07:15.748+0000] {taskinstance.py:1382} INFO - Executing <Task(BashOperator): data_storage_task> on 2025-03-02 11:05:03.197874+00:00
[2025-03-02T11:07:15.754+0000] {standard_task_runner.py:57} INFO - Started process 15020 to run task
[2025-03-02T11:07:15.759+0000] {standard_task_runner.py:84} INFO - Running: ['***', 'tasks', 'run', 'customer_churn_ml_pipeline', 'data_storage_task', 'manual__2025-03-02T11:05:03.197874+00:00', '--job-id', '217', '--raw', '--subdir', 'DAGS_FOLDER/customer_churn.py', '--cfg-path', '/tmp/tmpdd597u5a']
[2025-03-02T11:07:15.763+0000] {standard_task_runner.py:85} INFO - Job 217: Subtask data_storage_task
[2025-03-02T11:07:15.798+0000] {logging_mixin.py:154} WARNING - /home/***/.local/lib/python3.8/site-packages/***/settings.py:195 DeprecationWarning: The sql_alchemy_conn option in [core] has been moved to the sql_alchemy_conn option in [database] - the old setting has been used, but please update your config.
[2025-03-02T11:07:15.877+0000] {task_command.py:416} INFO - Running <TaskInstance: customer_churn_ml_pipeline.data_storage_task manual__2025-03-02T11:05:03.197874+00:00 [running]> on host 9113a5746a05
[2025-03-02T11:07:16.060+0000] {taskinstance.py:1662} INFO - Exporting env vars: AIRFLOW_CTX_DAG_OWNER='***' AIRFLOW_CTX_DAG_ID='customer_churn_ml_pipeline' AIRFLOW_CTX_TASK_ID='data_storage_task' AIRFLOW_CTX_EXECUTION_DATE='2025-03-02T11:05:03.197874+00:00' AIRFLOW_CTX_TRY_NUMBER='1' AIRFLOW_CTX_DAG_RUN_ID='manual__2025-03-02T11:05:03.197874+00:00'
[2025-03-02T11:07:16.061+0000] {subprocess.py:63} INFO - Tmp dir root location: /tmp
[2025-03-02T11:07:16.062+0000] {subprocess.py:75} INFO - Running command: ['/bin/bash', '-c', '\n\t\t\tcd /opt/***\n                        dvc pull /opt/***/data/transformed\n                        python /opt/***/executables/data_storage.py && \t\t\tgit add logs &&    \t\t\tgit status &&                         git commit -m "Updated stored data version" -a &&                         dvc push && git push\n                    ']
[2025-03-02T11:07:16.077+0000] {subprocess.py:86} INFO - Output:
[2025-03-02T11:07:20.894+0000] {subprocess.py:93} INFO - Everything is up to date.
[2025-03-02T11:07:22.576+0000] {subprocess.py:93} INFO - 2025-03-02 11:07:22,576 : INFO : Connecting to Database
[2025-03-02T11:07:22.607+0000] {subprocess.py:93} INFO - 2025-03-02 11:07:22,606 : INFO : Connecting to Database Successfull
[2025-03-02T11:07:22.607+0000] {subprocess.py:93} INFO - 2025-03-02 11:07:22,607 : INFO : Reading Initial DB Setup Script
[2025-03-02T11:07:22.608+0000] {subprocess.py:93} INFO - 2025-03-02 11:07:22,607 : INFO : Executing script to Database
[2025-03-02T11:07:22.609+0000] {subprocess.py:93} INFO - 2025-03-02 11:07:22,609 : INFO : Executed script successfully !!
[2025-03-02T11:07:22.609+0000] {subprocess.py:93} INFO - 2025-03-02 11:07:22,609 : INFO : Reading insert script template
[2025-03-02T11:07:22.610+0000] {subprocess.py:93} INFO - 2025-03-02 11:07:22,609 : INFO : Inserting data to database
[2025-03-02T11:07:29.432+0000] {subprocess.py:93} INFO - 2025-03-02 11:07:29,431 : INFO : Executed script successfully !!
[2025-03-02T11:07:29.433+0000] {subprocess.py:93} INFO - 2025-03-02 11:07:29,433 : INFO : Connection closed !!
[2025-03-02T11:07:29.644+0000] {subprocess.py:93} INFO - On branch main
[2025-03-02T11:07:29.645+0000] {subprocess.py:93} INFO - Your branch is up to date with 'origin/main'.
[2025-03-02T11:07:29.646+0000] {subprocess.py:93} INFO - 
[2025-03-02T11:07:29.646+0000] {subprocess.py:93} INFO - Changes to be committed:
[2025-03-02T11:07:29.646+0000] {subprocess.py:93} INFO -   (use "git restore --staged <file>..." to unstage)
[2025-03-02T11:07:29.647+0000] {subprocess.py:93} INFO - 	new file:   logs/dag_id=customer_churn_ml_pipeline/run_id=manual__2025-03-02T11:05:03.197874+00:00/task_id=data_storage_task/attempt=1.log
[2025-03-02T11:07:29.647+0000] {subprocess.py:93} INFO - 	modified:   logs/dag_id=customer_churn_ml_pipeline/run_id=manual__2025-03-02T11:05:03.197874+00:00/task_id=data_transformation_task/attempt=1.log
[2025-03-02T11:07:29.647+0000] {subprocess.py:93} INFO - 	modified:   logs/dag_processor_manager/dag_processor_manager.log
[2025-03-02T11:07:29.647+0000] {subprocess.py:93} INFO - 	modified:   logs/data_storage.log
[2025-03-02T11:07:29.648+0000] {subprocess.py:93} INFO - 	modified:   logs/scheduler/2025-03-02/customer_churn.py.log
[2025-03-02T11:07:29.648+0000] {subprocess.py:93} INFO - 
[2025-03-02T11:07:29.648+0000] {subprocess.py:93} INFO - Untracked files:
[2025-03-02T11:07:29.648+0000] {subprocess.py:93} INFO -   (use "git add <file>..." to include in what will be committed)
[2025-03-02T11:07:29.648+0000] {subprocess.py:93} INFO - 	customer_churn_stats/feature_repo/data/
[2025-03-02T11:07:29.649+0000] {subprocess.py:93} INFO - 
