[2025-03-02T11:05:16.721+0000] {taskinstance.py:1159} INFO - Dependencies all met for dep_context=non-requeueable deps ti=<TaskInstance: customer_churn_ml_pipeline.data_ingestion_task manual__2025-03-02T11:05:03.197874+00:00 [queued]>
[2025-03-02T11:05:16.749+0000] {taskinstance.py:1159} INFO - Dependencies all met for dep_context=requeueable deps ti=<TaskInstance: customer_churn_ml_pipeline.data_ingestion_task manual__2025-03-02T11:05:03.197874+00:00 [queued]>
[2025-03-02T11:05:16.750+0000] {taskinstance.py:1361} INFO - Starting attempt 1 of 1
[2025-03-02T11:05:16.791+0000] {taskinstance.py:1382} INFO - Executing <Task(BashOperator): data_ingestion_task> on 2025-03-02 11:05:03.197874+00:00
[2025-03-02T11:05:16.800+0000] {standard_task_runner.py:57} INFO - Started process 14682 to run task
[2025-03-02T11:05:16.807+0000] {standard_task_runner.py:84} INFO - Running: ['***', 'tasks', 'run', 'customer_churn_ml_pipeline', 'data_ingestion_task', 'manual__2025-03-02T11:05:03.197874+00:00', '--job-id', '212', '--raw', '--subdir', 'DAGS_FOLDER/customer_churn.py', '--cfg-path', '/tmp/tmp8az8ywai']
[2025-03-02T11:05:16.812+0000] {standard_task_runner.py:85} INFO - Job 212: Subtask data_ingestion_task
[2025-03-02T11:05:16.856+0000] {logging_mixin.py:154} WARNING - /home/***/.local/lib/python3.8/site-packages/***/settings.py:195 DeprecationWarning: The sql_alchemy_conn option in [core] has been moved to the sql_alchemy_conn option in [database] - the old setting has been used, but please update your config.
[2025-03-02T11:05:16.952+0000] {task_command.py:416} INFO - Running <TaskInstance: customer_churn_ml_pipeline.data_ingestion_task manual__2025-03-02T11:05:03.197874+00:00 [running]> on host 9113a5746a05
[2025-03-02T11:05:17.268+0000] {taskinstance.py:1662} INFO - Exporting env vars: AIRFLOW_CTX_DAG_OWNER='***' AIRFLOW_CTX_DAG_ID='customer_churn_ml_pipeline' AIRFLOW_CTX_TASK_ID='data_ingestion_task' AIRFLOW_CTX_EXECUTION_DATE='2025-03-02T11:05:03.197874+00:00' AIRFLOW_CTX_TRY_NUMBER='1' AIRFLOW_CTX_DAG_RUN_ID='manual__2025-03-02T11:05:03.197874+00:00'
[2025-03-02T11:05:17.271+0000] {subprocess.py:63} INFO - Tmp dir root location: /tmp
[2025-03-02T11:05:17.273+0000] {subprocess.py:75} INFO - Running command: ['/bin/bash', '-c', 'python /opt/***/executables/data_ingestion.py && \t\t\tNOW=$(date \'+%d-%m-%Y\') &&\t\t\tcd /opt/*** && \t\t\tgit add logs &&    \t\t\tgit status &&                         git commit -m "Updated data ingestion" -a &&                         git push\n                    ']
[2025-03-02T11:05:17.304+0000] {subprocess.py:86} INFO - Output:
[2025-03-02T11:05:20.485+0000] {subprocess.py:93} INFO - 2025-03-02 11:05:20,485 : INFO : Reading data from CSV file customer_data.csv
[2025-03-02T11:05:20.694+0000] {subprocess.py:93} INFO - 2025-03-02 11:05:20,693 : INFO : Data from CSV customer_data.csv ingested successfully!
[2025-03-02T11:05:20.695+0000] {subprocess.py:93} INFO - 2025-03-02 11:05:20,694 : INFO : Connecting to Database
[2025-03-02T11:05:20.736+0000] {subprocess.py:93} INFO - 2025-03-02 11:05:20,736 : INFO : Connecting to Database Successfull
[2025-03-02T11:05:20.737+0000] {subprocess.py:93} INFO - 2025-03-02 11:05:20,736 : INFO : Reading data from database.
[2025-03-02T11:05:22.182+0000] {subprocess.py:93} INFO - /opt/***/executables/data_ingestion.py:49: UserWarning: pandas only supports SQLAlchemy connectable (engine/connection) or database string URI or sqlite3 DBAPI2 connection. Other DBAPI2 objects are not tested. Please consider using SQLAlchemy.
[2025-03-02T11:05:22.184+0000] {subprocess.py:93} INFO -   data = pd.read_sql(query, connection)
[2025-03-02T11:05:22.184+0000] {subprocess.py:93} INFO - 2025-03-02 11:05:22,182 : INFO : Data from Database ingested successfully!
[2025-03-02T11:05:22.662+0000] {subprocess.py:93} INFO - On branch main
[2025-03-02T11:05:22.663+0000] {subprocess.py:93} INFO - Your branch is up to date with 'origin/main'.
[2025-03-02T11:05:22.664+0000] {subprocess.py:93} INFO - 
[2025-03-02T11:05:22.665+0000] {subprocess.py:93} INFO - Changes to be committed:
[2025-03-02T11:05:22.666+0000] {subprocess.py:93} INFO -   (use "git restore --staged <file>..." to unstage)
[2025-03-02T11:05:22.666+0000] {subprocess.py:93} INFO - 	modified:   logs/dag_id=customer_churn_ml_pipeline/run_id=manual__2025-03-02T10:58:14.792734+00:00/task_id=data_storage_task/attempt=1.log
[2025-03-02T11:05:22.667+0000] {subprocess.py:93} INFO - 	new file:   logs/dag_id=customer_churn_ml_pipeline/run_id=manual__2025-03-02T10:58:14.792734+00:00/task_id=feature_store_task/attempt=1.log
[2025-03-02T11:05:22.668+0000] {subprocess.py:93} INFO - 	new file:   logs/dag_id=customer_churn_ml_pipeline/run_id=manual__2025-03-02T11:05:03.197874+00:00/task_id=data_ingestion_task/attempt=1.log
[2025-03-02T11:05:22.668+0000] {subprocess.py:93} INFO - 	new file:   logs/dag_id=customer_churn_ml_pipeline/run_id=manual__2025-03-02T11:05:03.197874+00:00/task_id=pull_latest_codes/attempt=1.log
[2025-03-02T11:05:22.669+0000] {subprocess.py:93} INFO - 	modified:   logs/dag_processor_manager/dag_processor_manager.log
[2025-03-02T11:05:22.670+0000] {subprocess.py:93} INFO - 	modified:   logs/data_ingestion.log
[2025-03-02T11:05:22.670+0000] {subprocess.py:93} INFO - 	modified:   logs/feature_store.log
[2025-03-02T11:05:22.671+0000] {subprocess.py:93} INFO - 	modified:   logs/scheduler/2025-03-02/customer_churn.py.log
[2025-03-02T11:05:22.671+0000] {subprocess.py:93} INFO - 
[2025-03-02T11:05:22.672+0000] {subprocess.py:93} INFO - Changes not staged for commit:
[2025-03-02T11:05:22.673+0000] {subprocess.py:93} INFO -   (use "git add <file>..." to update what will be committed)
[2025-03-02T11:05:22.673+0000] {subprocess.py:93} INFO -   (use "git restore <file>..." to discard changes in working directory)
[2025-03-02T11:05:22.673+0000] {subprocess.py:93} INFO - 	modified:   dags/__pycache__/customer_churn.cpython-38.pyc
[2025-03-02T11:05:22.676+0000] {subprocess.py:93} INFO - 
[2025-03-02T11:05:22.678+0000] {subprocess.py:93} INFO - Untracked files:
[2025-03-02T11:05:22.681+0000] {subprocess.py:93} INFO -   (use "git add <file>..." to include in what will be committed)
[2025-03-02T11:05:22.682+0000] {subprocess.py:93} INFO - 	customer_churn_stats/feature_repo/data/
[2025-03-02T11:05:22.682+0000] {subprocess.py:93} INFO - 
[2025-03-02T11:05:22.906+0000] {subprocess.py:93} INFO - [main 518f011] Updated data ingestion
[2025-03-02T11:05:22.906+0000] {subprocess.py:93} INFO -  9 files changed, 303 insertions(+)
[2025-03-02T11:05:22.907+0000] {subprocess.py:93} INFO -  create mode 100644 logs/dag_id=customer_churn_ml_pipeline/run_id=manual__2025-03-02T10:58:14.792734+00:00/task_id=feature_store_task/attempt=1.log
[2025-03-02T11:05:22.908+0000] {subprocess.py:93} INFO -  create mode 100644 logs/dag_id=customer_churn_ml_pipeline/run_id=manual__2025-03-02T11:05:03.197874+00:00/task_id=data_ingestion_task/attempt=1.log
[2025-03-02T11:05:22.908+0000] {subprocess.py:93} INFO -  create mode 100644 logs/dag_id=customer_churn_ml_pipeline/run_id=manual__2025-03-02T11:05:03.197874+00:00/task_id=pull_latest_codes/attempt=1.log
[2025-03-02T11:05:24.489+0000] {subprocess.py:93} INFO - To https://github.com/anniemathew-trial/customer_churn_pipeline.git
[2025-03-02T11:05:24.490+0000] {subprocess.py:93} INFO -    28dd57c..518f011  main -> main
[2025-03-02T11:05:24.497+0000] {subprocess.py:97} INFO - Command exited with return code 0
[2025-03-02T11:05:24.559+0000] {taskinstance.py:1400} INFO - Marking task as SUCCESS. dag_id=customer_churn_ml_pipeline, task_id=data_ingestion_task, execution_date=20250302T110503, start_date=20250302T110516, end_date=20250302T110524
[2025-03-02T11:05:24.613+0000] {local_task_job_runner.py:228} INFO - Task exited with return code 0
[2025-03-02T11:05:24.687+0000] {taskinstance.py:2778} INFO - 1 downstream tasks scheduled from follow-on schedule check
