[2025-03-02T07:53:36.150+0000] {taskinstance.py:1159} INFO - Dependencies all met for dep_context=non-requeueable deps ti=<TaskInstance: customer_churn_ml_pipeline.data_preparation_task manual__2025-03-02T07:53:34.904440+00:00 [queued]>
[2025-03-02T07:53:36.168+0000] {taskinstance.py:1159} INFO - Dependencies all met for dep_context=requeueable deps ti=<TaskInstance: customer_churn_ml_pipeline.data_preparation_task manual__2025-03-02T07:53:34.904440+00:00 [queued]>
[2025-03-02T07:53:36.168+0000] {taskinstance.py:1361} INFO - Starting attempt 1 of 1
[2025-03-02T07:53:36.188+0000] {taskinstance.py:1382} INFO - Executing <Task(BashOperator): data_preparation_task> on 2025-03-02 07:53:34.904440+00:00
[2025-03-02T07:53:36.196+0000] {standard_task_runner.py:57} INFO - Started process 6492 to run task
[2025-03-02T07:53:36.199+0000] {standard_task_runner.py:84} INFO - Running: ['***', 'tasks', 'run', 'customer_churn_ml_pipeline', 'data_preparation_task', 'manual__2025-03-02T07:53:34.904440+00:00', '--job-id', '285', '--raw', '--subdir', 'DAGS_FOLDER/customer_churn.py', '--cfg-path', '/tmp/tmpkmwfoz1j']
[2025-03-02T07:53:36.203+0000] {standard_task_runner.py:85} INFO - Job 285: Subtask data_preparation_task
[2025-03-02T07:53:36.229+0000] {logging_mixin.py:154} WARNING - /home/***/.local/lib/python3.8/site-packages/***/settings.py:195 DeprecationWarning: The sql_alchemy_conn option in [core] has been moved to the sql_alchemy_conn option in [database] - the old setting has been used, but please update your config.
[2025-03-02T07:53:36.280+0000] {task_command.py:416} INFO - Running <TaskInstance: customer_churn_ml_pipeline.data_preparation_task manual__2025-03-02T07:53:34.904440+00:00 [running]> on host 7e994a0ed489
[2025-03-02T07:53:36.422+0000] {taskinstance.py:1662} INFO - Exporting env vars: AIRFLOW_CTX_DAG_OWNER='***' AIRFLOW_CTX_DAG_ID='customer_churn_ml_pipeline' AIRFLOW_CTX_TASK_ID='data_preparation_task' AIRFLOW_CTX_EXECUTION_DATE='2025-03-02T07:53:34.904440+00:00' AIRFLOW_CTX_TRY_NUMBER='1' AIRFLOW_CTX_DAG_RUN_ID='manual__2025-03-02T07:53:34.904440+00:00'
[2025-03-02T07:53:36.423+0000] {subprocess.py:63} INFO - Tmp dir root location: /tmp
[2025-03-02T07:53:36.424+0000] {subprocess.py:75} INFO - Running command: ['/bin/bash', '-c', '\n\t\t\tNOW=$(date \'+%d-%m-%Y\') &&\t\t\tcd /opt/*** &&\t\t\tpython /opt/***/executables/data_preparation.py &&                         dvc add /opt/***/data/cleaned &&                         git add /opt/***/data/cleaned.dvc && \t\t\tgit add logs &&\\   \n\t\t\tgit add visualization &&                        git commit -m "Updated cleaned data version" -a &&                         dvc push && git push\n                    ']
[2025-03-02T07:53:36.438+0000] {subprocess.py:86} INFO - Output:
[2025-03-02T07:53:43.161+0000] {subprocess.py:93} INFO - Traceback (most recent call last):
[2025-03-02T07:53:43.162+0000] {subprocess.py:93} INFO -   File "/opt/***/executables/data_preparation.py", line 11, in <module>
[2025-03-02T07:53:43.163+0000] {subprocess.py:93} INFO -     with open("settings.json", "r") as file:
[2025-03-02T07:53:43.163+0000] {subprocess.py:93} INFO - FileNotFoundError: [Errno 2] No such file or directory: 'settings.json'
[2025-03-02T07:53:44.701+0000] {subprocess.py:93} INFO - [main 397690e] Updated cleaned data version
[2025-03-02T07:53:44.702+0000] {subprocess.py:93} INFO -  4 files changed, 2016 insertions(+)
[2025-03-02T07:53:58.252+0000] {subprocess.py:93} INFO - Everything is up to date.
[2025-03-02T07:54:01.409+0000] {subprocess.py:93} INFO - To https://github.com/anniemathew-trial/customer_churn_pipeline.git
[2025-03-02T07:54:01.410+0000] {subprocess.py:93} INFO -    6c036b7..9ac23f8  main -> main
[2025-03-02T07:54:01.420+0000] {subprocess.py:97} INFO - Command exited with return code 0
[2025-03-02T07:54:01.555+0000] {taskinstance.py:1400} INFO - Marking task as SUCCESS. dag_id=customer_churn_ml_pipeline, task_id=data_preparation_task, execution_date=20250302T075334, start_date=20250302T075336, end_date=20250302T075401
[2025-03-02T07:54:01.660+0000] {local_task_job_runner.py:228} INFO - Task exited with return code 0
[2025-03-02T07:54:01.735+0000] {taskinstance.py:2778} INFO - 0 downstream tasks scheduled from follow-on schedule check
