[2025-03-01T16:46:00.810+0000] {taskinstance.py:1159} INFO - Dependencies all met for dep_context=non-requeueable deps ti=<TaskInstance: customer_churn_ml_pipeline.pull_latest_codes manual__2025-03-01T16:46:00.082184+00:00 [queued]>
[2025-03-01T16:46:00.823+0000] {taskinstance.py:1159} INFO - Dependencies all met for dep_context=requeueable deps ti=<TaskInstance: customer_churn_ml_pipeline.pull_latest_codes manual__2025-03-01T16:46:00.082184+00:00 [queued]>
[2025-03-01T16:46:00.823+0000] {taskinstance.py:1361} INFO - Starting attempt 1 of 1
[2025-03-01T16:46:00.840+0000] {taskinstance.py:1382} INFO - Executing <Task(BashOperator): pull_latest_codes> on 2025-03-01 16:46:00.082184+00:00
[2025-03-01T16:46:00.847+0000] {standard_task_runner.py:57} INFO - Started process 16830 to run task
[2025-03-01T16:46:00.851+0000] {standard_task_runner.py:84} INFO - Running: ['***', 'tasks', 'run', 'customer_churn_ml_pipeline', 'pull_latest_codes', 'manual__2025-03-01T16:46:00.082184+00:00', '--job-id', '168', '--raw', '--subdir', 'DAGS_FOLDER/customer_churn.py', '--cfg-path', '/tmp/tmprje7677k']
[2025-03-01T16:46:00.855+0000] {standard_task_runner.py:85} INFO - Job 168: Subtask pull_latest_codes
[2025-03-01T16:46:00.882+0000] {logging_mixin.py:154} WARNING - /home/***/.local/lib/python3.8/site-packages/***/settings.py:195 DeprecationWarning: The sql_alchemy_conn option in [core] has been moved to the sql_alchemy_conn option in [database] - the old setting has been used, but please update your config.
[2025-03-01T16:46:00.940+0000] {task_command.py:416} INFO - Running <TaskInstance: customer_churn_ml_pipeline.pull_latest_codes manual__2025-03-01T16:46:00.082184+00:00 [running]> on host 7e994a0ed489
[2025-03-01T16:46:01.078+0000] {taskinstance.py:1662} INFO - Exporting env vars: AIRFLOW_CTX_DAG_OWNER='***' AIRFLOW_CTX_DAG_ID='customer_churn_ml_pipeline' AIRFLOW_CTX_TASK_ID='pull_latest_codes' AIRFLOW_CTX_EXECUTION_DATE='2025-03-01T16:46:00.082184+00:00' AIRFLOW_CTX_TRY_NUMBER='1' AIRFLOW_CTX_DAG_RUN_ID='manual__2025-03-01T16:46:00.082184+00:00'
[2025-03-01T16:46:01.079+0000] {subprocess.py:63} INFO - Tmp dir root location: /tmp
[2025-03-01T16:46:01.080+0000] {subprocess.py:75} INFO - Running command: ['/bin/bash', '-c', 'cd /opt/*** && dvc pull && git pull']
[2025-03-01T16:46:01.092+0000] {subprocess.py:86} INFO - Output:
[2025-03-01T16:46:04.222+0000] {subprocess.py:93} INFO - Everything is up to date.
[2025-03-01T16:46:04.501+0000] {subprocess.py:93} INFO - hint: Pulling without specifying how to reconcile divergent branches is
[2025-03-01T16:46:04.502+0000] {subprocess.py:93} INFO - hint: discouraged. You can squelch this message by running one of the following
[2025-03-01T16:46:04.502+0000] {subprocess.py:93} INFO - hint: commands sometime before your next pull:
[2025-03-01T16:46:04.502+0000] {subprocess.py:93} INFO - hint:
[2025-03-01T16:46:04.502+0000] {subprocess.py:93} INFO - hint:   git config pull.rebase false  # merge (the default strategy)
[2025-03-01T16:46:04.502+0000] {subprocess.py:93} INFO - hint:   git config pull.rebase true   # rebase
[2025-03-01T16:46:04.503+0000] {subprocess.py:93} INFO - hint:   git config pull.ff only       # fast-forward only
[2025-03-01T16:46:04.503+0000] {subprocess.py:93} INFO - hint:
[2025-03-01T16:46:04.503+0000] {subprocess.py:93} INFO - hint: You can replace "git config" with "git config --global" to set a default
[2025-03-01T16:46:04.503+0000] {subprocess.py:93} INFO - hint: preference for all repositories. You can also pass --rebase, --no-rebase,
[2025-03-01T16:46:04.503+0000] {subprocess.py:93} INFO - hint: or --ff-only on the command line to override the configured default per
[2025-03-01T16:46:04.503+0000] {subprocess.py:93} INFO - hint: invocation.
[2025-03-01T16:46:05.859+0000] {subprocess.py:93} INFO - From https://github.com/anniemathew-trial/customer_churn_pipeline
[2025-03-01T16:46:05.860+0000] {subprocess.py:93} INFO -    996d1d0..fbb76f6  main       -> origin/main
[2025-03-01T16:46:05.874+0000] {subprocess.py:93} INFO - Merge made by the 'recursive' strategy.
[2025-03-01T16:46:05.877+0000] {subprocess.py:93} INFO -  executables/model_training.py | 2 +-
[2025-03-01T16:46:05.877+0000] {subprocess.py:93} INFO -  1 file changed, 1 insertion(+), 1 deletion(-)
[2025-03-01T16:46:05.878+0000] {subprocess.py:97} INFO - Command exited with return code 0
[2025-03-01T16:46:05.923+0000] {taskinstance.py:1400} INFO - Marking task as SUCCESS. dag_id=customer_churn_ml_pipeline, task_id=pull_latest_codes, execution_date=20250301T164600, start_date=20250301T164600, end_date=20250301T164605
[2025-03-01T16:46:05.951+0000] {local_task_job_runner.py:228} INFO - Task exited with return code 0
[2025-03-01T16:46:05.991+0000] {taskinstance.py:2778} INFO - 1 downstream tasks scheduled from follow-on schedule check
