[2025-03-04T01:03:42.714+0000] {processor.py:157} INFO - Started process (PID=8449) to work on /opt/airflow/dags/customer_churn.py
[2025-03-04T01:03:42.716+0000] {processor.py:829} INFO - Processing file /opt/airflow/dags/customer_churn.py for tasks to queue
[2025-03-04T01:03:42.717+0000] {logging_mixin.py:154} INFO - [2025-03-04T01:03:42.716+0000] {dagbag.py:536} INFO - Filling up the DagBag from /opt/airflow/dags/customer_churn.py
[2025-03-04T01:03:42.741+0000] {processor.py:839} INFO - DAG(s) dict_keys(['customer_churn_ml_pipeline']) retrieved from /opt/airflow/dags/customer_churn.py
[2025-03-04T01:03:43.060+0000] {logging_mixin.py:154} INFO - [2025-03-04T01:03:43.059+0000] {dag.py:2941} INFO - Sync 1 DAGs
[2025-03-04T01:03:43.108+0000] {logging_mixin.py:154} INFO - [2025-03-04T01:03:43.107+0000] {dag.py:3722} INFO - Setting next_dagrun for customer_churn_ml_pipeline to 2025-03-03T08:00:00+00:00, run_after=2025-03-04T08:00:00+00:00
[2025-03-04T01:03:43.148+0000] {processor.py:179} INFO - Processing /opt/airflow/dags/customer_churn.py took 0.440 seconds
[2025-03-04T01:04:13.495+0000] {processor.py:157} INFO - Started process (PID=8578) to work on /opt/airflow/dags/customer_churn.py
[2025-03-04T01:04:13.498+0000] {processor.py:829} INFO - Processing file /opt/airflow/dags/customer_churn.py for tasks to queue
[2025-03-04T01:04:13.512+0000] {logging_mixin.py:154} INFO - [2025-03-04T01:04:13.510+0000] {dagbag.py:536} INFO - Filling up the DagBag from /opt/airflow/dags/customer_churn.py
[2025-03-04T01:04:13.713+0000] {processor.py:839} INFO - DAG(s) dict_keys(['customer_churn_ml_pipeline']) retrieved from /opt/airflow/dags/customer_churn.py
[2025-03-04T01:04:14.137+0000] {logging_mixin.py:154} INFO - [2025-03-04T01:04:14.125+0000] {dag.py:2941} INFO - Sync 1 DAGs
[2025-03-04T01:04:14.573+0000] {logging_mixin.py:154} INFO - [2025-03-04T01:04:14.572+0000] {dag.py:3722} INFO - Setting next_dagrun for customer_churn_ml_pipeline to 2025-03-03T08:00:00+00:00, run_after=2025-03-04T08:00:00+00:00
[2025-03-04T01:04:14.806+0000] {processor.py:179} INFO - Processing /opt/airflow/dags/customer_churn.py took 1.358 seconds
[2025-03-04T01:04:45.098+0000] {processor.py:157} INFO - Started process (PID=8680) to work on /opt/airflow/dags/customer_churn.py
[2025-03-04T01:04:45.100+0000] {processor.py:829} INFO - Processing file /opt/airflow/dags/customer_churn.py for tasks to queue
[2025-03-04T01:04:45.102+0000] {logging_mixin.py:154} INFO - [2025-03-04T01:04:45.101+0000] {dagbag.py:536} INFO - Filling up the DagBag from /opt/airflow/dags/customer_churn.py
[2025-03-04T01:04:45.132+0000] {processor.py:839} INFO - DAG(s) dict_keys(['customer_churn_ml_pipeline']) retrieved from /opt/airflow/dags/customer_churn.py
[2025-03-04T01:04:45.210+0000] {logging_mixin.py:154} INFO - [2025-03-04T01:04:45.209+0000] {dag.py:2941} INFO - Sync 1 DAGs
[2025-03-04T01:04:45.265+0000] {logging_mixin.py:154} INFO - [2025-03-04T01:04:45.265+0000] {dag.py:3722} INFO - Setting next_dagrun for customer_churn_ml_pipeline to 2025-03-03T08:00:00+00:00, run_after=2025-03-04T08:00:00+00:00
[2025-03-04T01:04:45.310+0000] {processor.py:179} INFO - Processing /opt/airflow/dags/customer_churn.py took 0.219 seconds
[2025-03-04T01:05:15.522+0000] {processor.py:157} INFO - Started process (PID=8757) to work on /opt/airflow/dags/customer_churn.py
[2025-03-04T01:05:15.533+0000] {processor.py:829} INFO - Processing file /opt/airflow/dags/customer_churn.py for tasks to queue
[2025-03-04T01:05:15.534+0000] {logging_mixin.py:154} INFO - [2025-03-04T01:05:15.534+0000] {dagbag.py:536} INFO - Filling up the DagBag from /opt/airflow/dags/customer_churn.py
[2025-03-04T01:05:15.570+0000] {processor.py:839} INFO - DAG(s) dict_keys(['customer_churn_ml_pipeline']) retrieved from /opt/airflow/dags/customer_churn.py
[2025-03-04T01:05:15.654+0000] {logging_mixin.py:154} INFO - [2025-03-04T01:05:15.654+0000] {dag.py:2941} INFO - Sync 1 DAGs
[2025-03-04T01:05:15.717+0000] {logging_mixin.py:154} INFO - [2025-03-04T01:05:15.716+0000] {dag.py:3722} INFO - Setting next_dagrun for customer_churn_ml_pipeline to 2025-03-03T08:00:00+00:00, run_after=2025-03-04T08:00:00+00:00
[2025-03-04T01:05:15.767+0000] {processor.py:179} INFO - Processing /opt/airflow/dags/customer_churn.py took 0.252 seconds
[2025-03-04T01:05:45.994+0000] {processor.py:157} INFO - Started process (PID=8825) to work on /opt/airflow/dags/customer_churn.py
[2025-03-04T01:05:45.995+0000] {processor.py:829} INFO - Processing file /opt/airflow/dags/customer_churn.py for tasks to queue
[2025-03-04T01:05:45.997+0000] {logging_mixin.py:154} INFO - [2025-03-04T01:05:45.996+0000] {dagbag.py:536} INFO - Filling up the DagBag from /opt/airflow/dags/customer_churn.py
[2025-03-04T01:05:46.024+0000] {processor.py:839} INFO - DAG(s) dict_keys(['customer_churn_ml_pipeline']) retrieved from /opt/airflow/dags/customer_churn.py
[2025-03-04T01:05:46.087+0000] {logging_mixin.py:154} INFO - [2025-03-04T01:05:46.087+0000] {dag.py:2941} INFO - Sync 1 DAGs
[2025-03-04T01:05:46.135+0000] {logging_mixin.py:154} INFO - [2025-03-04T01:05:46.134+0000] {dag.py:3722} INFO - Setting next_dagrun for customer_churn_ml_pipeline to 2025-03-03T08:00:00+00:00, run_after=2025-03-04T08:00:00+00:00
[2025-03-04T01:05:46.173+0000] {processor.py:179} INFO - Processing /opt/airflow/dags/customer_churn.py took 0.185 seconds
[2025-03-04T01:06:16.408+0000] {processor.py:157} INFO - Started process (PID=8915) to work on /opt/airflow/dags/customer_churn.py
[2025-03-04T01:06:16.412+0000] {processor.py:829} INFO - Processing file /opt/airflow/dags/customer_churn.py for tasks to queue
[2025-03-04T01:06:16.414+0000] {logging_mixin.py:154} INFO - [2025-03-04T01:06:16.413+0000] {dagbag.py:536} INFO - Filling up the DagBag from /opt/airflow/dags/customer_churn.py
[2025-03-04T01:06:16.460+0000] {processor.py:839} INFO - DAG(s) dict_keys(['customer_churn_ml_pipeline']) retrieved from /opt/airflow/dags/customer_churn.py
[2025-03-04T01:06:16.577+0000] {logging_mixin.py:154} INFO - [2025-03-04T01:06:16.576+0000] {dag.py:2941} INFO - Sync 1 DAGs
[2025-03-04T01:06:16.689+0000] {logging_mixin.py:154} INFO - [2025-03-04T01:06:16.688+0000] {dag.py:3722} INFO - Setting next_dagrun for customer_churn_ml_pipeline to 2025-03-03T08:00:00+00:00, run_after=2025-03-04T08:00:00+00:00
[2025-03-04T01:06:16.752+0000] {processor.py:179} INFO - Processing /opt/airflow/dags/customer_churn.py took 0.360 seconds
[2025-03-04T01:06:46.992+0000] {processor.py:157} INFO - Started process (PID=9032) to work on /opt/airflow/dags/customer_churn.py
[2025-03-04T01:06:46.994+0000] {processor.py:829} INFO - Processing file /opt/airflow/dags/customer_churn.py for tasks to queue
[2025-03-04T01:06:46.995+0000] {logging_mixin.py:154} INFO - [2025-03-04T01:06:46.995+0000] {dagbag.py:536} INFO - Filling up the DagBag from /opt/airflow/dags/customer_churn.py
[2025-03-04T01:06:47.026+0000] {processor.py:839} INFO - DAG(s) dict_keys(['customer_churn_ml_pipeline']) retrieved from /opt/airflow/dags/customer_churn.py
[2025-03-04T01:06:47.089+0000] {logging_mixin.py:154} INFO - [2025-03-04T01:06:47.088+0000] {dag.py:2941} INFO - Sync 1 DAGs
[2025-03-04T01:06:47.138+0000] {logging_mixin.py:154} INFO - [2025-03-04T01:06:47.138+0000] {dag.py:3722} INFO - Setting next_dagrun for customer_churn_ml_pipeline to 2025-03-03T08:00:00+00:00, run_after=2025-03-04T08:00:00+00:00
[2025-03-04T01:06:47.176+0000] {processor.py:179} INFO - Processing /opt/airflow/dags/customer_churn.py took 0.189 seconds
[2025-03-04T01:07:17.466+0000] {processor.py:157} INFO - Started process (PID=9074) to work on /opt/airflow/dags/customer_churn.py
[2025-03-04T01:07:17.515+0000] {processor.py:829} INFO - Processing file /opt/airflow/dags/customer_churn.py for tasks to queue
[2025-03-04T01:07:17.533+0000] {logging_mixin.py:154} INFO - [2025-03-04T01:07:17.532+0000] {dagbag.py:536} INFO - Filling up the DagBag from /opt/airflow/dags/customer_churn.py
[2025-03-04T01:07:17.760+0000] {processor.py:839} INFO - DAG(s) dict_keys(['customer_churn_ml_pipeline']) retrieved from /opt/airflow/dags/customer_churn.py
[2025-03-04T01:07:18.213+0000] {logging_mixin.py:154} INFO - [2025-03-04T01:07:18.201+0000] {dag.py:2941} INFO - Sync 1 DAGs
[2025-03-04T01:07:18.453+0000] {logging_mixin.py:154} INFO - [2025-03-04T01:07:18.452+0000] {dag.py:3722} INFO - Setting next_dagrun for customer_churn_ml_pipeline to 2025-03-03T08:00:00+00:00, run_after=2025-03-04T08:00:00+00:00
[2025-03-04T01:07:18.599+0000] {processor.py:179} INFO - Processing /opt/airflow/dags/customer_churn.py took 1.201 seconds
