[2025-03-09T12:20:15.265+0000] {taskinstance.py:1159} INFO - Dependencies all met for dep_context=non-requeueable deps ti=<TaskInstance: customer_churn_ml_pipeline.data_transformation_task manual__2025-03-09T12:18:51.687383+00:00 [queued]>
[2025-03-09T12:20:15.286+0000] {taskinstance.py:1159} INFO - Dependencies all met for dep_context=requeueable deps ti=<TaskInstance: customer_churn_ml_pipeline.data_transformation_task manual__2025-03-09T12:18:51.687383+00:00 [queued]>
[2025-03-09T12:20:15.286+0000] {taskinstance.py:1361} INFO - Starting attempt 1 of 1
[2025-03-09T12:20:15.327+0000] {taskinstance.py:1382} INFO - Executing <Task(BashOperator): data_transformation_task> on 2025-03-09 12:18:51.687383+00:00
[2025-03-09T12:20:15.333+0000] {standard_task_runner.py:57} INFO - Started process 5809 to run task
[2025-03-09T12:20:15.349+0000] {standard_task_runner.py:84} INFO - Running: ['***', 'tasks', 'run', 'customer_churn_ml_pipeline', 'data_transformation_task', 'manual__2025-03-09T12:18:51.687383+00:00', '--job-id', '353', '--raw', '--subdir', 'DAGS_FOLDER/customer_churn.py', '--cfg-path', '/tmp/tmpad1hd_k5']
[2025-03-09T12:20:15.353+0000] {standard_task_runner.py:85} INFO - Job 353: Subtask data_transformation_task
[2025-03-09T12:20:15.393+0000] {logging_mixin.py:154} WARNING - /home/***/.local/lib/python3.8/site-packages/***/settings.py:195 DeprecationWarning: The sql_alchemy_conn option in [core] has been moved to the sql_alchemy_conn option in [database] - the old setting has been used, but please update your config.
[2025-03-09T12:20:15.475+0000] {task_command.py:416} INFO - Running <TaskInstance: customer_churn_ml_pipeline.data_transformation_task manual__2025-03-09T12:18:51.687383+00:00 [running]> on host 157237bff8f7
[2025-03-09T12:20:15.661+0000] {taskinstance.py:1662} INFO - Exporting env vars: AIRFLOW_CTX_DAG_OWNER='***' AIRFLOW_CTX_DAG_ID='customer_churn_ml_pipeline' AIRFLOW_CTX_TASK_ID='data_transformation_task' AIRFLOW_CTX_EXECUTION_DATE='2025-03-09T12:18:51.687383+00:00' AIRFLOW_CTX_TRY_NUMBER='1' AIRFLOW_CTX_DAG_RUN_ID='manual__2025-03-09T12:18:51.687383+00:00'
[2025-03-09T12:20:15.663+0000] {subprocess.py:63} INFO - Tmp dir root location: /tmp
[2025-03-09T12:20:15.665+0000] {subprocess.py:75} INFO - Running command: ['/bin/bash', '-c', '\n\t\t\tcd /opt/*** &&                        dvc pull /opt/***/data/cleaned\n                        python /opt/***/executables/data_transformation.py &&                         dvc add /opt/***/data/transformed &&                         git add /opt/***/data/transformed.dvc && \t\t\tgit add logs &&    \t\t\tgit status &&                         git commit -m "Updated transformed data version" -a &&                         dvc push && git push\n                    ']
[2025-03-09T12:20:15.677+0000] {subprocess.py:86} INFO - Output:
[2025-03-09T12:20:20.614+0000] {subprocess.py:93} INFO - Everything is up to date.
[2025-03-09T12:20:23.430+0000] {subprocess.py:93} INFO - 2025-03-09 12:20:23,430 : INFO : Starting data transformation for csv.
[2025-03-09T12:20:23.460+0000] {subprocess.py:93} INFO - 2025-03-09 12:20:23,460 : INFO : Scaling 'Balance', 'EstimatedSalary'.
[2025-03-09T12:20:23.466+0000] {subprocess.py:93} INFO - 2025-03-09 12:20:23,466 : INFO : Saving data to S3.
[2025-03-09T12:20:26.695+0000] {subprocess.py:93} INFO - 2025-03-09 12:20:26,694 : INFO : Starting data transformation for csv.
[2025-03-09T12:20:26.725+0000] {subprocess.py:93} INFO - 2025-03-09 12:20:26,724 : INFO : Scaling 'Balance', 'EstimatedSalary'.
[2025-03-09T12:20:26.730+0000] {subprocess.py:93} INFO - 2025-03-09 12:20:26,730 : INFO : Saving data to S3.
[2025-03-09T12:20:31.974+0000] {subprocess.py:93} INFO - 
[2025-03-09T12:20:31.974+0000] {subprocess.py:93} INFO - To track the changes with git, run:
[2025-03-09T12:20:31.975+0000] {subprocess.py:93} INFO - 
[2025-03-09T12:20:31.975+0000] {subprocess.py:93} INFO - 	git add data/transformed.dvc
[2025-03-09T12:20:31.976+0000] {subprocess.py:93} INFO - 
[2025-03-09T12:20:31.976+0000] {subprocess.py:93} INFO - To enable auto staging, run:
[2025-03-09T12:20:31.977+0000] {subprocess.py:93} INFO - 
[2025-03-09T12:20:31.977+0000] {subprocess.py:93} INFO - 	dvc config core.autostage true
[2025-03-09T12:20:32.420+0000] {subprocess.py:93} INFO - On branch main
[2025-03-09T12:20:32.421+0000] {subprocess.py:93} INFO - Your branch is up to date with 'origin/main'.
[2025-03-09T12:20:32.421+0000] {subprocess.py:93} INFO - 
[2025-03-09T12:20:32.422+0000] {subprocess.py:93} INFO - Changes to be committed:
[2025-03-09T12:20:32.422+0000] {subprocess.py:93} INFO -   (use "git restore --staged <file>..." to unstage)
[2025-03-09T12:20:32.423+0000] {subprocess.py:93} INFO - 	modified:   logs/dag_id=customer_churn_ml_pipeline/run_id=manual__2025-03-09T12:18:51.687383+00:00/task_id=data_preparation_task/attempt=1.log
[2025-03-09T12:20:32.423+0000] {subprocess.py:93} INFO - 	new file:   logs/dag_id=customer_churn_ml_pipeline/run_id=manual__2025-03-09T12:18:51.687383+00:00/task_id=data_transformation_task/attempt=1.log
[2025-03-09T12:20:32.423+0000] {subprocess.py:93} INFO - 	modified:   logs/data_transformation.log
[2025-03-09T12:20:32.424+0000] {subprocess.py:93} INFO - 
[2025-03-09T12:20:32.424+0000] {subprocess.py:93} INFO - Untracked files:
[2025-03-09T12:20:32.424+0000] {subprocess.py:93} INFO -   (use "git add <file>..." to include in what will be committed)
[2025-03-09T12:20:32.425+0000] {subprocess.py:93} INFO - 	customer_churn_stats/feature_repo/data/online_store.db
[2025-03-09T12:20:32.425+0000] {subprocess.py:93} INFO - 	customer_churn_stats/feature_repo/data/registry.db
[2025-03-09T12:20:32.426+0000] {subprocess.py:93} INFO - 	mlartifacts/
[2025-03-09T12:20:32.426+0000] {subprocess.py:93} INFO - 	models/
[2025-03-09T12:20:32.426+0000] {subprocess.py:93} INFO - 	online.db
[2025-03-09T12:20:32.426+0000] {subprocess.py:93} INFO - 
