[2025-03-02T06:25:32.770+0000] {taskinstance.py:1159} INFO - Dependencies all met for dep_context=non-requeueable deps ti=<TaskInstance: customer_churn_ml_pipeline.data_ingestion_task manual__2025-03-02T06:25:26.490358+00:00 [queued]>
[2025-03-02T06:25:32.788+0000] {taskinstance.py:1159} INFO - Dependencies all met for dep_context=requeueable deps ti=<TaskInstance: customer_churn_ml_pipeline.data_ingestion_task manual__2025-03-02T06:25:26.490358+00:00 [queued]>
[2025-03-02T06:25:32.789+0000] {taskinstance.py:1361} INFO - Starting attempt 1 of 1
[2025-03-02T06:25:32.813+0000] {taskinstance.py:1382} INFO - Executing <Task(BashOperator): data_ingestion_task> on 2025-03-02 06:25:26.490358+00:00
[2025-03-02T06:25:32.820+0000] {standard_task_runner.py:57} INFO - Started process 3819 to run task
[2025-03-02T06:25:32.825+0000] {standard_task_runner.py:84} INFO - Running: ['***', 'tasks', 'run', 'customer_churn_ml_pipeline', 'data_ingestion_task', 'manual__2025-03-02T06:25:26.490358+00:00', '--job-id', '246', '--raw', '--subdir', 'DAGS_FOLDER/customer_churn.py', '--cfg-path', '/tmp/tmpq9b1a75c']
[2025-03-02T06:25:32.828+0000] {standard_task_runner.py:85} INFO - Job 246: Subtask data_ingestion_task
[2025-03-02T06:25:32.864+0000] {logging_mixin.py:154} WARNING - /home/***/.local/lib/python3.8/site-packages/***/settings.py:195 DeprecationWarning: The sql_alchemy_conn option in [core] has been moved to the sql_alchemy_conn option in [database] - the old setting has been used, but please update your config.
[2025-03-02T06:25:32.941+0000] {task_command.py:416} INFO - Running <TaskInstance: customer_churn_ml_pipeline.data_ingestion_task manual__2025-03-02T06:25:26.490358+00:00 [running]> on host 7e994a0ed489
[2025-03-02T06:25:33.132+0000] {taskinstance.py:1662} INFO - Exporting env vars: AIRFLOW_CTX_DAG_OWNER='***' AIRFLOW_CTX_DAG_ID='customer_churn_ml_pipeline' AIRFLOW_CTX_TASK_ID='data_ingestion_task' AIRFLOW_CTX_EXECUTION_DATE='2025-03-02T06:25:26.490358+00:00' AIRFLOW_CTX_TRY_NUMBER='1' AIRFLOW_CTX_DAG_RUN_ID='manual__2025-03-02T06:25:26.490358+00:00'
[2025-03-02T06:25:33.133+0000] {subprocess.py:63} INFO - Tmp dir root location: /tmp
[2025-03-02T06:25:33.134+0000] {subprocess.py:75} INFO - Running command: ['/bin/bash', '-c', 'python /opt/***/executables/data_ingestion.py && \t\t\tNOW=$(date \'+%d-%m-%Y\') &&\t\t\tcd /opt/*** && \t\t\tgit add logs &&                        git commit -m "Updated data ingestion" -a &&                         git push\n                    ']
[2025-03-02T06:25:33.146+0000] {subprocess.py:86} INFO - Output:
[2025-03-02T06:25:34.576+0000] {subprocess.py:93} INFO - 2025-03-02 06:25:34,576 : INFO : Reading data from CSV file customer_data.csv
[2025-03-02T06:25:34.732+0000] {subprocess.py:93} INFO - 2025-03-02 06:25:34,731 : INFO : Data from CSV customer_data.csv ingested successfully!
[2025-03-02T06:25:34.732+0000] {subprocess.py:93} INFO - 2025-03-02 06:25:34,732 : INFO : Connecting to Database
[2025-03-02T06:25:34.734+0000] {subprocess.py:93} INFO - 2025-03-02 06:25:34,734 : ERROR : Error ingesting database: ('01000', "[01000] [unixODBC][Driver Manager]Can't open lib '{ODBC Driver 17 for SQL Server};SERVER=dmml_customer_churn_setup-sqlserver-1,1433;DATABASE=dmml_assignment;UID=sa;PWD=NewPASS1234' : file not found (0) (SQLDriverConnect)")
[2025-03-02T06:25:34.919+0000] {subprocess.py:93} INFO - [main a7bfb6e] Updated data ingestion
[2025-03-02T06:25:34.920+0000] {subprocess.py:93} INFO -  8 files changed, 239 insertions(+)
[2025-03-02T06:25:34.920+0000] {subprocess.py:93} INFO -  create mode 100644 logs/dag_id=customer_churn_ml_pipeline/run_id=manual__2025-03-02T06:22:33.280692+00:00/task_id=data_preparation_task/attempt=1.log
[2025-03-02T06:25:34.920+0000] {subprocess.py:93} INFO -  create mode 100644 logs/dag_id=customer_churn_ml_pipeline/run_id=manual__2025-03-02T06:22:33.280692+00:00/task_id=data_validation_task/attempt=1.log
[2025-03-02T06:25:34.920+0000] {subprocess.py:93} INFO -  create mode 100644 logs/dag_id=customer_churn_ml_pipeline/run_id=manual__2025-03-02T06:22:33.280692+00:00/task_id=raw_data_storage_task/attempt=1.log
[2025-03-02T06:25:34.920+0000] {subprocess.py:93} INFO -  create mode 100644 logs/dag_id=customer_churn_ml_pipeline/run_id=manual__2025-03-02T06:25:26.490358+00:00/task_id=data_ingestion_task/attempt=1.log
[2025-03-02T06:25:34.921+0000] {subprocess.py:93} INFO -  create mode 100644 logs/dag_id=customer_churn_ml_pipeline/run_id=manual__2025-03-02T06:25:26.490358+00:00/task_id=pull_latest_codes/attempt=1.log
[2025-03-02T06:25:36.461+0000] {subprocess.py:93} INFO - To https://github.com/anniemathew-trial/customer_churn_pipeline.git
[2025-03-02T06:25:36.461+0000] {subprocess.py:93} INFO -    942b39a..a7bfb6e  main -> main
[2025-03-02T06:25:36.468+0000] {subprocess.py:97} INFO - Command exited with return code 0
[2025-03-02T06:25:36.527+0000] {taskinstance.py:1400} INFO - Marking task as SUCCESS. dag_id=customer_churn_ml_pipeline, task_id=data_ingestion_task, execution_date=20250302T062526, start_date=20250302T062532, end_date=20250302T062536
[2025-03-02T06:25:36.579+0000] {local_task_job_runner.py:228} INFO - Task exited with return code 0
[2025-03-02T06:25:36.636+0000] {taskinstance.py:2778} INFO - 1 downstream tasks scheduled from follow-on schedule check
