[2025-03-02T13:16:58.358+0000] {taskinstance.py:1159} INFO - Dependencies all met for dep_context=non-requeueable deps ti=<TaskInstance: customer_churn_ml_pipeline.data_ingestion_task manual__2025-03-02T13:16:50.520829+00:00 [queued]>
[2025-03-02T13:16:58.370+0000] {taskinstance.py:1159} INFO - Dependencies all met for dep_context=requeueable deps ti=<TaskInstance: customer_churn_ml_pipeline.data_ingestion_task manual__2025-03-02T13:16:50.520829+00:00 [queued]>
[2025-03-02T13:16:58.371+0000] {taskinstance.py:1361} INFO - Starting attempt 1 of 1
[2025-03-02T13:16:58.402+0000] {taskinstance.py:1382} INFO - Executing <Task(BashOperator): data_ingestion_task> on 2025-03-02 13:16:50.520829+00:00
[2025-03-02T13:16:58.410+0000] {standard_task_runner.py:57} INFO - Started process 20527 to run task
[2025-03-02T13:16:58.415+0000] {standard_task_runner.py:84} INFO - Running: ['***', 'tasks', 'run', 'customer_churn_ml_pipeline', 'data_ingestion_task', 'manual__2025-03-02T13:16:50.520829+00:00', '--job-id', '269', '--raw', '--subdir', 'DAGS_FOLDER/customer_churn.py', '--cfg-path', '/tmp/tmpoxxhzw48']
[2025-03-02T13:16:58.421+0000] {standard_task_runner.py:85} INFO - Job 269: Subtask data_ingestion_task
[2025-03-02T13:16:58.456+0000] {logging_mixin.py:154} WARNING - /home/***/.local/lib/python3.8/site-packages/***/settings.py:195 DeprecationWarning: The sql_alchemy_conn option in [core] has been moved to the sql_alchemy_conn option in [database] - the old setting has been used, but please update your config.
[2025-03-02T13:16:58.522+0000] {task_command.py:416} INFO - Running <TaskInstance: customer_churn_ml_pipeline.data_ingestion_task manual__2025-03-02T13:16:50.520829+00:00 [running]> on host 9113a5746a05
[2025-03-02T13:16:58.664+0000] {taskinstance.py:1662} INFO - Exporting env vars: AIRFLOW_CTX_DAG_OWNER='***' AIRFLOW_CTX_DAG_ID='customer_churn_ml_pipeline' AIRFLOW_CTX_TASK_ID='data_ingestion_task' AIRFLOW_CTX_EXECUTION_DATE='2025-03-02T13:16:50.520829+00:00' AIRFLOW_CTX_TRY_NUMBER='1' AIRFLOW_CTX_DAG_RUN_ID='manual__2025-03-02T13:16:50.520829+00:00'
[2025-03-02T13:16:58.665+0000] {subprocess.py:63} INFO - Tmp dir root location: /tmp
[2025-03-02T13:16:58.666+0000] {subprocess.py:75} INFO - Running command: ['/bin/bash', '-c', 'python /opt/***/executables/data_ingestion.py && \t\t\tNOW=$(date \'+%d-%m-%Y\') &&\t\t\tcd /opt/*** && \t\t\tgit add logs &&    \t\t\tgit status &&                         git commit -m "Updated data ingestion" -a &&                         git push\n                    ']
[2025-03-02T13:16:58.676+0000] {subprocess.py:86} INFO - Output:
[2025-03-02T13:16:59.465+0000] {subprocess.py:93} INFO - 2025-03-02 13:16:59,465 : INFO : Reading data from CSV file customer_data.csv
[2025-03-02T13:16:59.540+0000] {subprocess.py:93} INFO - 2025-03-02 13:16:59,539 : INFO : Data from CSV customer_data.csv ingested successfully!
[2025-03-02T13:16:59.540+0000] {subprocess.py:93} INFO - 2025-03-02 13:16:59,540 : INFO : Connecting to Database
[2025-03-02T13:16:59.565+0000] {subprocess.py:93} INFO - 2025-03-02 13:16:59,565 : INFO : Connecting to Database Successfull
[2025-03-02T13:16:59.566+0000] {subprocess.py:93} INFO - 2025-03-02 13:16:59,565 : INFO : Reading data from database.
[2025-03-02T13:16:59.943+0000] {subprocess.py:93} INFO - /opt/***/executables/data_ingestion.py:49: UserWarning: pandas only supports SQLAlchemy connectable (engine/connection) or database string URI or sqlite3 DBAPI2 connection. Other DBAPI2 objects are not tested. Please consider using SQLAlchemy.
[2025-03-02T13:16:59.944+0000] {subprocess.py:93} INFO -   data = pd.read_sql(query, connection)
[2025-03-02T13:16:59.944+0000] {subprocess.py:93} INFO - 2025-03-02 13:16:59,943 : INFO : Data from Database ingested successfully!
[2025-03-02T13:17:00.143+0000] {subprocess.py:93} INFO - On branch main
[2025-03-02T13:17:00.143+0000] {subprocess.py:93} INFO - Your branch is up to date with 'origin/main'.
[2025-03-02T13:17:00.143+0000] {subprocess.py:93} INFO - 
[2025-03-02T13:17:00.144+0000] {subprocess.py:93} INFO - Changes to be committed:
[2025-03-02T13:17:00.144+0000] {subprocess.py:93} INFO -   (use "git restore --staged <file>..." to unstage)
[2025-03-02T13:17:00.144+0000] {subprocess.py:93} INFO - 	modified:   logs/dag_id=customer_churn_ml_pipeline/run_id=manual__2025-03-02T12:50:14.407067+00:00/task_id=model_training_task/attempt=1.log
[2025-03-02T13:17:00.144+0000] {subprocess.py:93} INFO - 	new file:   logs/dag_id=customer_churn_ml_pipeline/run_id=manual__2025-03-02T13:16:50.520829+00:00/task_id=data_ingestion_task/attempt=1.log
[2025-03-02T13:17:00.144+0000] {subprocess.py:93} INFO - 	new file:   logs/dag_id=customer_churn_ml_pipeline/run_id=manual__2025-03-02T13:16:50.520829+00:00/task_id=pull_latest_codes/attempt=1.log
[2025-03-02T13:17:00.144+0000] {subprocess.py:93} INFO - 	modified:   logs/data_ingestion.log
[2025-03-02T13:17:00.144+0000] {subprocess.py:93} INFO - 	modified:   logs/feature_store.log
[2025-03-02T13:17:00.144+0000] {subprocess.py:93} INFO - 	modified:   logs/scheduler/2025-03-02/customer_churn.py.log
[2025-03-02T13:17:00.145+0000] {subprocess.py:93} INFO - 
[2025-03-02T13:17:00.145+0000] {subprocess.py:93} INFO - Changes not staged for commit:
[2025-03-02T13:17:00.145+0000] {subprocess.py:93} INFO -   (use "git add <file>..." to update what will be committed)
[2025-03-02T13:17:00.145+0000] {subprocess.py:93} INFO -   (use "git restore <file>..." to discard changes in working directory)
[2025-03-02T13:17:00.145+0000] {subprocess.py:93} INFO - 	modified:   customer_churn_stats/__init__.py
[2025-03-02T13:17:00.145+0000] {subprocess.py:93} INFO - 	modified:   customer_churn_stats/feature_repo/__init__.py
[2025-03-02T13:17:00.145+0000] {subprocess.py:93} INFO - 	modified:   customer_churn_stats/feature_repo/__pycache__/__init__.cpython-38.pyc
[2025-03-02T13:17:00.145+0000] {subprocess.py:93} INFO - 	modified:   customer_churn_stats/feature_repo/feature_store.py
[2025-03-02T13:17:00.145+0000] {subprocess.py:93} INFO - 	modified:   customer_churn_stats/feature_repo/feature_store.yaml
[2025-03-02T13:17:00.146+0000] {subprocess.py:93} INFO - 
[2025-03-02T13:17:00.146+0000] {subprocess.py:93} INFO - Untracked files:
[2025-03-02T13:17:00.146+0000] {subprocess.py:93} INFO -   (use "git add <file>..." to include in what will be committed)
[2025-03-02T13:17:00.147+0000] {subprocess.py:93} INFO - 	customer_churn_stats/README.md
[2025-03-02T13:17:00.147+0000] {subprocess.py:93} INFO - 	customer_churn_stats/feature_repo/__pycache__/example_repo.cpython-38.pyc
[2025-03-02T13:17:00.147+0000] {subprocess.py:93} INFO - 	customer_churn_stats/feature_repo/__pycache__/test_workflow.cpython-38.pyc
[2025-03-02T13:17:00.147+0000] {subprocess.py:93} INFO - 
[2025-03-02T13:17:00.171+0000] {subprocess.py:93} INFO - [main 54702af] Updated data ingestion
[2025-03-02T13:17:00.172+0000] {subprocess.py:93} INFO -  11 files changed, 536 insertions(+), 88 deletions(-)
[2025-03-02T13:17:00.172+0000] {subprocess.py:93} INFO -  mode change 100755 => 100644 customer_churn_stats/__init__.py
[2025-03-02T13:17:00.172+0000] {subprocess.py:93} INFO -  mode change 100755 => 100644 customer_churn_stats/feature_repo/__init__.py
[2025-03-02T13:17:00.172+0000] {subprocess.py:93} INFO -  mode change 100755 => 100644 customer_churn_stats/feature_repo/__pycache__/__init__.cpython-38.pyc
[2025-03-02T13:17:00.172+0000] {subprocess.py:93} INFO -  mode change 100755 => 100644 customer_churn_stats/feature_repo/feature_store.yaml
[2025-03-02T13:17:00.172+0000] {subprocess.py:93} INFO -  create mode 100644 logs/dag_id=customer_churn_ml_pipeline/run_id=manual__2025-03-02T13:16:50.520829+00:00/task_id=data_ingestion_task/attempt=1.log
[2025-03-02T13:17:00.172+0000] {subprocess.py:93} INFO -  create mode 100644 logs/dag_id=customer_churn_ml_pipeline/run_id=manual__2025-03-02T13:16:50.520829+00:00/task_id=pull_latest_codes/attempt=1.log
[2025-03-02T13:17:02.003+0000] {subprocess.py:93} INFO - To https://github.com/anniemathew-trial/customer_churn_pipeline.git
[2025-03-02T13:17:02.004+0000] {subprocess.py:93} INFO -    9357d92..54702af  main -> main
[2025-03-02T13:17:02.019+0000] {subprocess.py:97} INFO - Command exited with return code 0
[2025-03-02T13:17:02.080+0000] {taskinstance.py:1400} INFO - Marking task as SUCCESS. dag_id=customer_churn_ml_pipeline, task_id=data_ingestion_task, execution_date=20250302T131650, start_date=20250302T131658, end_date=20250302T131702
[2025-03-02T13:17:02.134+0000] {local_task_job_runner.py:228} INFO - Task exited with return code 0
[2025-03-02T13:17:02.203+0000] {taskinstance.py:2778} INFO - 1 downstream tasks scheduled from follow-on schedule check
