[2025-03-02T06:22:40.016+0000] {taskinstance.py:1159} INFO - Dependencies all met for dep_context=non-requeueable deps ti=<TaskInstance: customer_churn_ml_pipeline.data_ingestion_task manual__2025-03-02T06:22:33.280692+00:00 [queued]>
[2025-03-02T06:22:40.030+0000] {taskinstance.py:1159} INFO - Dependencies all met for dep_context=requeueable deps ti=<TaskInstance: customer_churn_ml_pipeline.data_ingestion_task manual__2025-03-02T06:22:33.280692+00:00 [queued]>
[2025-03-02T06:22:40.031+0000] {taskinstance.py:1361} INFO - Starting attempt 1 of 1
[2025-03-02T06:22:40.052+0000] {taskinstance.py:1382} INFO - Executing <Task(BashOperator): data_ingestion_task> on 2025-03-02 06:22:33.280692+00:00
[2025-03-02T06:22:40.057+0000] {standard_task_runner.py:57} INFO - Started process 3615 to run task
[2025-03-02T06:22:40.061+0000] {standard_task_runner.py:84} INFO - Running: ['***', 'tasks', 'run', 'customer_churn_ml_pipeline', 'data_ingestion_task', 'manual__2025-03-02T06:22:33.280692+00:00', '--job-id', '241', '--raw', '--subdir', 'DAGS_FOLDER/customer_churn.py', '--cfg-path', '/tmp/tmpflgp5v8m']
[2025-03-02T06:22:40.065+0000] {standard_task_runner.py:85} INFO - Job 241: Subtask data_ingestion_task
[2025-03-02T06:22:40.095+0000] {logging_mixin.py:154} WARNING - /home/***/.local/lib/python3.8/site-packages/***/settings.py:195 DeprecationWarning: The sql_alchemy_conn option in [core] has been moved to the sql_alchemy_conn option in [database] - the old setting has been used, but please update your config.
[2025-03-02T06:22:40.162+0000] {task_command.py:416} INFO - Running <TaskInstance: customer_churn_ml_pipeline.data_ingestion_task manual__2025-03-02T06:22:33.280692+00:00 [running]> on host 7e994a0ed489
[2025-03-02T06:22:40.370+0000] {taskinstance.py:1662} INFO - Exporting env vars: AIRFLOW_CTX_DAG_OWNER='***' AIRFLOW_CTX_DAG_ID='customer_churn_ml_pipeline' AIRFLOW_CTX_TASK_ID='data_ingestion_task' AIRFLOW_CTX_EXECUTION_DATE='2025-03-02T06:22:33.280692+00:00' AIRFLOW_CTX_TRY_NUMBER='1' AIRFLOW_CTX_DAG_RUN_ID='manual__2025-03-02T06:22:33.280692+00:00'
[2025-03-02T06:22:40.372+0000] {subprocess.py:63} INFO - Tmp dir root location: /tmp
[2025-03-02T06:22:40.373+0000] {subprocess.py:75} INFO - Running command: ['/bin/bash', '-c', 'python /opt/***/executables/data_ingestion.py && \t\t\tNOW=$(date \'+%d-%m-%Y\') &&\t\t\tcd /opt/*** && \t\t\tgit add logs &&                        git commit -m "Updated data ingestion" -a &&                         git push\n                    ']
[2025-03-02T06:22:40.385+0000] {subprocess.py:86} INFO - Output:
[2025-03-02T06:22:41.623+0000] {subprocess.py:93} INFO - 2025-03-02 06:22:41,623 : INFO : Reading data from CSV file customer_data.csv
[2025-03-02T06:22:41.723+0000] {subprocess.py:93} INFO - 2025-03-02 06:22:41,722 : INFO : Data from CSV customer_data.csv ingested successfully!
[2025-03-02T06:22:41.723+0000] {subprocess.py:93} INFO - 2025-03-02 06:22:41,723 : INFO : Connecting to Database
[2025-03-02T06:22:41.742+0000] {subprocess.py:93} INFO - 2025-03-02 06:22:41,741 : ERROR : Error ingesting database: ('01000', "[01000] [unixODBC][Driver Manager]Can't open lib '{SQL SERVER};SERVER=dmml_customer_churn_setup-sqlserver-1,1433;DATABASE=dmml_assignment;UID=sa;PWD=NewPASS1234' : file not found (0) (SQLDriverConnect)")
[2025-03-02T06:22:41.907+0000] {subprocess.py:93} INFO - [main dd61dd6] Updated data ingestion
[2025-03-02T06:22:41.908+0000] {subprocess.py:93} INFO -  6 files changed, 91 insertions(+)
[2025-03-02T06:22:41.908+0000] {subprocess.py:93} INFO -  create mode 100644 logs/dag_id=customer_churn_ml_pipeline/run_id=manual__2025-03-02T06:22:33.280692+00:00/task_id=data_ingestion_task/attempt=1.log
[2025-03-02T06:22:41.908+0000] {subprocess.py:93} INFO -  create mode 100644 logs/dag_id=customer_churn_ml_pipeline/run_id=manual__2025-03-02T06:22:33.280692+00:00/task_id=pull_latest_codes/attempt=1.log
[2025-03-02T06:22:43.299+0000] {subprocess.py:93} INFO - To https://github.com/anniemathew-trial/customer_churn_pipeline.git
[2025-03-02T06:22:43.300+0000] {subprocess.py:93} INFO -    2b2976a..dd61dd6  main -> main
[2025-03-02T06:22:43.308+0000] {subprocess.py:97} INFO - Command exited with return code 0
[2025-03-02T06:22:43.357+0000] {taskinstance.py:1400} INFO - Marking task as SUCCESS. dag_id=customer_churn_ml_pipeline, task_id=data_ingestion_task, execution_date=20250302T062233, start_date=20250302T062240, end_date=20250302T062243
[2025-03-02T06:22:43.411+0000] {local_task_job_runner.py:228} INFO - Task exited with return code 0
[2025-03-02T06:22:43.455+0000] {taskinstance.py:2778} INFO - 1 downstream tasks scheduled from follow-on schedule check
