[2025-03-02T15:36:27.152+0000] {taskinstance.py:1159} INFO - Dependencies all met for dep_context=non-requeueable deps ti=<TaskInstance: customer_churn_ml_pipeline.data_preparation_task manual__2025-03-02T15:34:31.306444+00:00 [queued]>
[2025-03-02T15:36:27.164+0000] {taskinstance.py:1159} INFO - Dependencies all met for dep_context=requeueable deps ti=<TaskInstance: customer_churn_ml_pipeline.data_preparation_task manual__2025-03-02T15:34:31.306444+00:00 [queued]>
[2025-03-02T15:36:27.165+0000] {taskinstance.py:1361} INFO - Starting attempt 1 of 1
[2025-03-02T15:36:27.183+0000] {taskinstance.py:1382} INFO - Executing <Task(BashOperator): data_preparation_task> on 2025-03-02 15:34:31.306444+00:00
[2025-03-02T15:36:27.186+0000] {standard_task_runner.py:57} INFO - Started process 3249 to run task
[2025-03-02T15:36:27.190+0000] {standard_task_runner.py:84} INFO - Running: ['***', 'tasks', 'run', 'customer_churn_ml_pipeline', 'data_preparation_task', 'manual__2025-03-02T15:34:31.306444+00:00', '--job-id', '61', '--raw', '--subdir', 'DAGS_FOLDER/customer_churn.py', '--cfg-path', '/tmp/tmpygek_7nl']
[2025-03-02T15:36:27.193+0000] {standard_task_runner.py:85} INFO - Job 61: Subtask data_preparation_task
[2025-03-02T15:36:27.215+0000] {logging_mixin.py:154} WARNING - /home/***/.local/lib/python3.8/site-packages/***/settings.py:195 DeprecationWarning: The sql_alchemy_conn option in [core] has been moved to the sql_alchemy_conn option in [database] - the old setting has been used, but please update your config.
[2025-03-02T15:36:27.258+0000] {task_command.py:416} INFO - Running <TaskInstance: customer_churn_ml_pipeline.data_preparation_task manual__2025-03-02T15:34:31.306444+00:00 [running]> on host 157237bff8f7
[2025-03-02T15:36:27.391+0000] {taskinstance.py:1662} INFO - Exporting env vars: AIRFLOW_CTX_DAG_OWNER='***' AIRFLOW_CTX_DAG_ID='customer_churn_ml_pipeline' AIRFLOW_CTX_TASK_ID='data_preparation_task' AIRFLOW_CTX_EXECUTION_DATE='2025-03-02T15:34:31.306444+00:00' AIRFLOW_CTX_TRY_NUMBER='1' AIRFLOW_CTX_DAG_RUN_ID='manual__2025-03-02T15:34:31.306444+00:00'
[2025-03-02T15:36:27.392+0000] {subprocess.py:63} INFO - Tmp dir root location: /tmp
[2025-03-02T15:36:27.393+0000] {subprocess.py:75} INFO - Running command: ['/bin/bash', '-c', '\n\t\t\tcd /opt/*** &&\t\t\tpython /opt/***/executables/data_preparation.py &&                         dvc add /opt/***/data/cleaned &&                         git add /opt/***/data/cleaned.dvc && \t\t\tgit add logs && \\   \n\t\t\tgit add visualization &&    \t\t\tgit status &&                         git commit -m "Updated cleaned data version" -a &&                         dvc push && git push\n                    ']
[2025-03-02T15:36:27.401+0000] {subprocess.py:86} INFO - Output:
[2025-03-02T15:36:29.453+0000] {subprocess.py:93} INFO - 2025-03-02 15:36:29,452 : INFO : Starting data preparation for csv.
[2025-03-02T15:36:29.468+0000] {subprocess.py:93} INFO - 2025-03-02 15:36:29,467 : INFO : Handling 'Tenure', 'Balance', 'EstimatedSalary' empty data
[2025-03-02T15:36:29.468+0000] {subprocess.py:93} INFO - 2025-03-02 15:36:29,468 : INFO : Handling 'Age' empty data
[2025-03-02T15:36:29.469+0000] {subprocess.py:93} INFO - 2025-03-02 15:36:29,469 : INFO : Droping 'Surname' as it may lead to profiling, 'RowNumber', 'CustomerId' as it is not required
[2025-03-02T15:36:29.470+0000] {subprocess.py:93} INFO - 2025-03-02 15:36:29,470 : INFO : Making 'Geography', 'Gender', 'HasCrCard', 'IsActiveMember' as categorical
[2025-03-02T15:36:29.476+0000] {subprocess.py:93} INFO - 2025-03-02 15:36:29,476 : INFO : Saving data to S3.
[2025-03-02T15:36:29.476+0000] {subprocess.py:93} INFO - 2025-03-02 15:36:29,476 : INFO : Directory created at /opt/***/data/cleaned/02-03-2025/csv
[2025-03-02T15:36:29.622+0000] {subprocess.py:93} INFO - 2025-03-02 15:36:29,622 : INFO : Connected to s3
[2025-03-02T15:36:33.438+0000] {subprocess.py:93} INFO - 2025-03-02 15:36:33,438 : INFO : File uploaded to S3
[2025-03-02T15:36:33.440+0000] {subprocess.py:93} INFO - 2025-03-02 15:36:33,439 : INFO : Creating Pie chart
[2025-03-02T15:36:33.517+0000] {subprocess.py:93} INFO - 2025-03-02 15:36:33,516 : INFO : Generating histogram for column CreditScore.
[2025-03-02T15:36:33.630+0000] {subprocess.py:93} INFO - 2025-03-02 15:36:33,629 : INFO : Generating histogram for column Geography.
[2025-03-02T15:36:33.790+0000] {subprocess.py:93} INFO - 2025-03-02 15:36:33,790 : INFO : Generating histogram for column Gender.
[2025-03-02T15:36:33.871+0000] {subprocess.py:93} INFO - 2025-03-02 15:36:33,871 : INFO : Generating histogram for column Age.
[2025-03-02T15:36:33.970+0000] {subprocess.py:93} INFO - 2025-03-02 15:36:33,969 : INFO : Generating histogram for column Tenure.
[2025-03-02T15:36:34.050+0000] {subprocess.py:93} INFO - 2025-03-02 15:36:34,050 : INFO : Generating histogram for column Balance.
[2025-03-02T15:36:34.156+0000] {subprocess.py:93} INFO - 2025-03-02 15:36:34,156 : INFO : Generating histogram for column NumOfProducts.
[2025-03-02T15:36:34.249+0000] {subprocess.py:93} INFO - 2025-03-02 15:36:34,249 : INFO : Generating histogram for column HasCrCard.
[2025-03-02T15:36:34.347+0000] {subprocess.py:93} INFO - 2025-03-02 15:36:34,347 : INFO : Generating histogram for column IsActiveMember.
[2025-03-02T15:36:34.449+0000] {subprocess.py:93} INFO - 2025-03-02 15:36:34,449 : INFO : Generating histogram for column EstimatedSalary.
[2025-03-02T15:36:34.551+0000] {subprocess.py:93} INFO - 2025-03-02 15:36:34,551 : INFO : Generating histogram for column Exited.
[2025-03-02T15:36:34.669+0000] {subprocess.py:93} INFO - 2025-03-02 15:36:34,668 : INFO : Generating histogram for relation of Exited with Categorical data.
[2025-03-02T15:36:34.904+0000] {subprocess.py:93} INFO - 2025-03-02 15:36:34,904 : INFO : Using categorical units to plot a list of strings that are all parsable as floats or dates. If these strings should be plotted as numbers, cast to the appropriate data type before plotting.
[2025-03-02T15:36:34.916+0000] {subprocess.py:93} INFO - 2025-03-02 15:36:34,916 : INFO : Using categorical units to plot a list of strings that are all parsable as floats or dates. If these strings should be plotted as numbers, cast to the appropriate data type before plotting.
[2025-03-02T15:36:34.965+0000] {subprocess.py:93} INFO - 2025-03-02 15:36:34,965 : INFO : Using categorical units to plot a list of strings that are all parsable as floats or dates. If these strings should be plotted as numbers, cast to the appropriate data type before plotting.
[2025-03-02T15:36:34.976+0000] {subprocess.py:93} INFO - 2025-03-02 15:36:34,976 : INFO : Using categorical units to plot a list of strings that are all parsable as floats or dates. If these strings should be plotted as numbers, cast to the appropriate data type before plotting.
[2025-03-02T15:36:35.013+0000] {subprocess.py:93} INFO - 2025-03-02 15:36:35,012 : INFO : Generating box plots for relation of Exited with non Categorical data.
[2025-03-02T15:36:35.152+0000] {subprocess.py:93} INFO - 2025-03-02 15:36:35,152 : INFO : Using categorical units to plot a list of strings that are all parsable as floats or dates. If these strings should be plotted as numbers, cast to the appropriate data type before plotting.
[2025-03-02T15:36:35.166+0000] {subprocess.py:93} INFO - 2025-03-02 15:36:35,166 : INFO : Using categorical units to plot a list of strings that are all parsable as floats or dates. If these strings should be plotted as numbers, cast to the appropriate data type before plotting.
[2025-03-02T15:36:35.233+0000] {subprocess.py:93} INFO - 2025-03-02 15:36:35,232 : INFO : Using categorical units to plot a list of strings that are all parsable as floats or dates. If these strings should be plotted as numbers, cast to the appropriate data type before plotting.
[2025-03-02T15:36:35.246+0000] {subprocess.py:93} INFO - 2025-03-02 15:36:35,246 : INFO : Using categorical units to plot a list of strings that are all parsable as floats or dates. If these strings should be plotted as numbers, cast to the appropriate data type before plotting.
[2025-03-02T15:36:35.331+0000] {subprocess.py:93} INFO - 2025-03-02 15:36:35,331 : INFO : Using categorical units to plot a list of strings that are all parsable as floats or dates. If these strings should be plotted as numbers, cast to the appropriate data type before plotting.
[2025-03-02T15:36:35.344+0000] {subprocess.py:93} INFO - 2025-03-02 15:36:35,343 : INFO : Using categorical units to plot a list of strings that are all parsable as floats or dates. If these strings should be plotted as numbers, cast to the appropriate data type before plotting.
[2025-03-02T15:36:35.423+0000] {subprocess.py:93} INFO - 2025-03-02 15:36:35,423 : INFO : Using categorical units to plot a list of strings that are all parsable as floats or dates. If these strings should be plotted as numbers, cast to the appropriate data type before plotting.
[2025-03-02T15:36:35.438+0000] {subprocess.py:93} INFO - 2025-03-02 15:36:35,438 : INFO : Using categorical units to plot a list of strings that are all parsable as floats or dates. If these strings should be plotted as numbers, cast to the appropriate data type before plotting.
[2025-03-02T15:36:35.518+0000] {subprocess.py:93} INFO - 2025-03-02 15:36:35,517 : INFO : Using categorical units to plot a list of strings that are all parsable as floats or dates. If these strings should be plotted as numbers, cast to the appropriate data type before plotting.
[2025-03-02T15:36:35.532+0000] {subprocess.py:93} INFO - 2025-03-02 15:36:35,531 : INFO : Using categorical units to plot a list of strings that are all parsable as floats or dates. If these strings should be plotted as numbers, cast to the appropriate data type before plotting.
[2025-03-02T15:36:35.723+0000] {subprocess.py:93} INFO - 2025-03-02 15:36:35,722 : INFO : Using categorical units to plot a list of strings that are all parsable as floats or dates. If these strings should be plotted as numbers, cast to the appropriate data type before plotting.
[2025-03-02T15:36:35.741+0000] {subprocess.py:93} INFO - 2025-03-02 15:36:35,741 : INFO : Using categorical units to plot a list of strings that are all parsable as floats or dates. If these strings should be plotted as numbers, cast to the appropriate data type before plotting.
[2025-03-02T15:36:36.096+0000] {subprocess.py:93} INFO - 2025-03-02 15:36:36,096 : INFO : Saved pdf in visualization/plots.pdf
[2025-03-02T15:36:38.377+0000] {subprocess.py:93} INFO - 
[2025-03-02T15:36:38.378+0000] {subprocess.py:93} INFO - To track the changes with git, run:
[2025-03-02T15:36:38.378+0000] {subprocess.py:93} INFO - 
[2025-03-02T15:36:38.378+0000] {subprocess.py:93} INFO - 	git add data/cleaned.dvc
[2025-03-02T15:36:38.378+0000] {subprocess.py:93} INFO - 
[2025-03-02T15:36:38.379+0000] {subprocess.py:93} INFO - To enable auto staging, run:
[2025-03-02T15:36:38.379+0000] {subprocess.py:93} INFO - 
[2025-03-02T15:36:38.379+0000] {subprocess.py:93} INFO - 	dvc config core.autostage true
[2025-03-02T15:36:38.629+0000] {subprocess.py:93} INFO - /bin/bash: line 2:  : command not found
[2025-03-02T15:36:38.657+0000] {subprocess.py:93} INFO - On branch main
[2025-03-02T15:36:38.657+0000] {subprocess.py:93} INFO - Your branch is up to date with 'origin/main'.
[2025-03-02T15:36:38.658+0000] {subprocess.py:93} INFO - 
[2025-03-02T15:36:38.658+0000] {subprocess.py:93} INFO - Changes to be committed:
[2025-03-02T15:36:38.658+0000] {subprocess.py:93} INFO -   (use "git restore --staged <file>..." to unstage)
[2025-03-02T15:36:38.658+0000] {subprocess.py:93} INFO - 	new file:   logs/dag_id=customer_churn_ml_pipeline/run_id=manual__2025-03-02T15:34:31.306444+00:00/task_id=data_preparation_task/attempt=1.log
[2025-03-02T15:36:38.659+0000] {subprocess.py:93} INFO - 	modified:   logs/dag_id=customer_churn_ml_pipeline/run_id=manual__2025-03-02T15:34:31.306444+00:00/task_id=data_validation_task/attempt=1.log
[2025-03-02T15:36:38.659+0000] {subprocess.py:93} INFO - 	modified:   logs/data_preparation.log
[2025-03-02T15:36:38.659+0000] {subprocess.py:93} INFO - 	modified:   visualization/plots.pdf
[2025-03-02T15:36:38.660+0000] {subprocess.py:93} INFO - 
[2025-03-02T15:36:38.660+0000] {subprocess.py:93} INFO - Changes not staged for commit:
[2025-03-02T15:36:38.660+0000] {subprocess.py:93} INFO -   (use "git add <file>..." to update what will be committed)
[2025-03-02T15:36:38.660+0000] {subprocess.py:93} INFO -   (use "git restore <file>..." to discard changes in working directory)
[2025-03-02T15:36:38.661+0000] {subprocess.py:93} INFO - 	modified:   logs/dag_id=customer_churn_ml_pipeline/run_id=manual__2025-03-02T15:34:31.306444+00:00/task_id=data_preparation_task/attempt=1.log
[2025-03-02T15:36:38.661+0000] {subprocess.py:93} INFO - 
[2025-03-02T15:36:38.661+0000] {subprocess.py:93} INFO - Untracked files:
[2025-03-02T15:36:38.661+0000] {subprocess.py:93} INFO -   (use "git add <file>..." to include in what will be committed)
[2025-03-02T15:36:38.661+0000] {subprocess.py:93} INFO - 	customer_churn_stats/feature_repo/data/online_store.db
[2025-03-02T15:36:38.661+0000] {subprocess.py:93} INFO - 	customer_churn_stats/feature_repo/data/registry.db
[2025-03-02T15:36:38.662+0000] {subprocess.py:93} INFO - 	mlruns/mlruns/mlruns/mlruns/
[2025-03-02T15:36:38.662+0000] {subprocess.py:93} INFO - 	online.db
[2025-03-02T15:36:38.662+0000] {subprocess.py:93} INFO - 
[2025-03-02T15:36:38.682+0000] {subprocess.py:93} INFO - [main d8b7831] Updated cleaned data version
[2025-03-02T15:36:38.682+0000] {subprocess.py:93} INFO -  4 files changed, 134 insertions(+)
[2025-03-02T15:36:38.683+0000] {subprocess.py:93} INFO -  create mode 100644 logs/dag_id=customer_churn_ml_pipeline/run_id=manual__2025-03-02T15:34:31.306444+00:00/task_id=data_preparation_task/attempt=1.log
[2025-03-02T15:36:44.735+0000] {subprocess.py:93} INFO - Everything is up to date.
[2025-03-02T15:36:46.484+0000] {subprocess.py:93} INFO - To https://github.com/anniemathew-trial/customer_churn_pipeline.git
[2025-03-02T15:36:46.485+0000] {subprocess.py:93} INFO -    50c357c..d8b7831  main -> main
[2025-03-02T15:36:46.489+0000] {subprocess.py:97} INFO - Command exited with return code 0
[2025-03-02T15:36:46.525+0000] {taskinstance.py:1400} INFO - Marking task as SUCCESS. dag_id=customer_churn_ml_pipeline, task_id=data_preparation_task, execution_date=20250302T153431, start_date=20250302T153627, end_date=20250302T153646
[2025-03-02T15:36:46.559+0000] {local_task_job_runner.py:228} INFO - Task exited with return code 0
[2025-03-02T15:36:46.615+0000] {taskinstance.py:2778} INFO - 1 downstream tasks scheduled from follow-on schedule check
