[2025-03-02T07:53:36.113+0000] {taskinstance.py:1159} INFO - Dependencies all met for dep_context=non-requeueable deps ti=<TaskInstance: customer_churn_ml_pipeline.feature_store_task manual__2025-03-02T07:53:34.904440+00:00 [queued]>
[2025-03-02T07:53:36.126+0000] {taskinstance.py:1159} INFO - Dependencies all met for dep_context=requeueable deps ti=<TaskInstance: customer_churn_ml_pipeline.feature_store_task manual__2025-03-02T07:53:34.904440+00:00 [queued]>
[2025-03-02T07:53:36.126+0000] {taskinstance.py:1361} INFO - Starting attempt 1 of 1
[2025-03-02T07:53:36.145+0000] {taskinstance.py:1382} INFO - Executing <Task(BashOperator): feature_store_task> on 2025-03-02 07:53:34.904440+00:00
[2025-03-02T07:53:36.151+0000] {standard_task_runner.py:57} INFO - Started process 6486 to run task
[2025-03-02T07:53:36.155+0000] {standard_task_runner.py:84} INFO - Running: ['***', 'tasks', 'run', 'customer_churn_ml_pipeline', 'feature_store_task', 'manual__2025-03-02T07:53:34.904440+00:00', '--job-id', '282', '--raw', '--subdir', 'DAGS_FOLDER/customer_churn.py', '--cfg-path', '/tmp/tmpt7b44l47']
[2025-03-02T07:53:36.158+0000] {standard_task_runner.py:85} INFO - Job 282: Subtask feature_store_task
[2025-03-02T07:53:36.185+0000] {logging_mixin.py:154} WARNING - /home/***/.local/lib/python3.8/site-packages/***/settings.py:195 DeprecationWarning: The sql_alchemy_conn option in [core] has been moved to the sql_alchemy_conn option in [database] - the old setting has been used, but please update your config.
[2025-03-02T07:53:36.240+0000] {task_command.py:416} INFO - Running <TaskInstance: customer_churn_ml_pipeline.feature_store_task manual__2025-03-02T07:53:34.904440+00:00 [running]> on host 7e994a0ed489
[2025-03-02T07:53:36.376+0000] {taskinstance.py:1662} INFO - Exporting env vars: AIRFLOW_CTX_DAG_OWNER='***' AIRFLOW_CTX_DAG_ID='customer_churn_ml_pipeline' AIRFLOW_CTX_TASK_ID='feature_store_task' AIRFLOW_CTX_EXECUTION_DATE='2025-03-02T07:53:34.904440+00:00' AIRFLOW_CTX_TRY_NUMBER='1' AIRFLOW_CTX_DAG_RUN_ID='manual__2025-03-02T07:53:34.904440+00:00'
[2025-03-02T07:53:36.378+0000] {subprocess.py:63} INFO - Tmp dir root location: /tmp
[2025-03-02T07:53:36.379+0000] {subprocess.py:75} INFO - Running command: ['/bin/bash', '-c', '\n\t\t\tcd /opt/***/customer_churn_stats/feature_repo &&                         feast apply &&                         feast materialize-incremental $(date -u +\'%Y-%m-%dT%H:%M:%S\') &&                         git commit -m "Updated feature store" -a &&                         git push\n                    ']
[2025-03-02T07:53:36.396+0000] {subprocess.py:86} INFO - Output:
[2025-03-02T07:54:10.972+0000] {subprocess.py:93} INFO -    Id  CreditScore  ...  BalanceAgeRatio               CreatedOn
[2025-03-02T07:54:10.973+0000] {subprocess.py:93} INFO - 0   1          619  ...              0.0 2025-02-28 17:11:17.357
[2025-03-02T07:54:10.974+0000] {subprocess.py:93} INFO - 1   2          608  ...           2044.0 2025-02-28 17:11:17.360
[2025-03-02T07:54:10.974+0000] {subprocess.py:93} INFO - 2   3          502  ...           3801.0 2025-02-28 17:11:17.367
[2025-03-02T07:54:10.974+0000] {subprocess.py:93} INFO - 3   4          699  ...              0.0 2025-02-28 17:11:17.370
[2025-03-02T07:54:10.975+0000] {subprocess.py:93} INFO - 4   5          850  ...           2919.0 2025-02-28 17:11:17.373
[2025-03-02T07:54:10.975+0000] {subprocess.py:93} INFO - 
[2025-03-02T07:54:10.976+0000] {subprocess.py:93} INFO - [5 rows x 18 columns]
[2025-03-02T07:54:10.976+0000] {subprocess.py:93} INFO - No changes to registry
[2025-03-02T07:54:10.976+0000] {subprocess.py:93} INFO - No changes to infrastructure
[2025-03-02T07:54:10.981+0000] {subprocess.py:93} INFO - /opt/***/customer_churn_stats/feature_repo/feature_store.py:21: UserWarning: pandas only supports SQLAlchemy connectable (engine/connection) or database string URI or sqlite3 DBAPI2 connection. Other DBAPI2 objects are not tested. Please consider using SQLAlchemy.
[2025-03-02T07:54:10.982+0000] {subprocess.py:93} INFO -   data = pd.read_sql(query, connection)
[2025-03-02T07:54:25.248+0000] {subprocess.py:93} INFO - Materializing [1m[32m1[0m feature views to [1m[32m2025-03-02 07:54:11+00:00[0m into the [1m[32msqlite[0m online store.
[2025-03-02T07:54:25.249+0000] {subprocess.py:93} INFO - 
[2025-03-02T07:54:25.249+0000] {subprocess.py:93} INFO - [1m[32mcustomer_stats_fv[0m from [1m[32m2025-03-02 06:47:39+00:00[0m to [1m[32m2025-03-02 07:54:11+00:00[0m:
[2025-03-02T07:54:25.256+0000] {subprocess.py:93} INFO - 0it [00:00, ?it/s]0it [00:00, ?it/s]
[2025-03-02T07:54:26.170+0000] {subprocess.py:93} INFO - [main 2ed5295] Updated feature store
[2025-03-02T07:54:26.170+0000] {subprocess.py:93} INFO -  5 files changed, 110 insertions(+)
[2025-03-02T07:54:27.691+0000] {subprocess.py:93} INFO - To https://github.com/anniemathew-trial/customer_churn_pipeline.git
[2025-03-02T07:54:27.692+0000] {subprocess.py:93} INFO -    270c052..2ed5295  main -> main
[2025-03-02T07:54:27.698+0000] {subprocess.py:97} INFO - Command exited with return code 0
[2025-03-02T07:54:27.763+0000] {taskinstance.py:1400} INFO - Marking task as SUCCESS. dag_id=customer_churn_ml_pipeline, task_id=feature_store_task, execution_date=20250302T075334, start_date=20250302T075336, end_date=20250302T075427
