[2025-03-09T18:02:35.072+0000] {taskinstance.py:1159} INFO - Dependencies all met for dep_context=non-requeueable deps ti=<TaskInstance: customer_churn_ml_pipeline.data_preparation_task manual__2025-03-09T18:01:35.810553+00:00 [queued]>
[2025-03-09T18:02:35.099+0000] {taskinstance.py:1159} INFO - Dependencies all met for dep_context=requeueable deps ti=<TaskInstance: customer_churn_ml_pipeline.data_preparation_task manual__2025-03-09T18:01:35.810553+00:00 [queued]>
[2025-03-09T18:02:35.099+0000] {taskinstance.py:1361} INFO - Starting attempt 1 of 1
[2025-03-09T18:02:35.138+0000] {taskinstance.py:1382} INFO - Executing <Task(BashOperator): data_preparation_task> on 2025-03-09 18:01:35.810553+00:00
[2025-03-09T18:02:35.147+0000] {standard_task_runner.py:57} INFO - Started process 15337 to run task
[2025-03-09T18:02:35.153+0000] {standard_task_runner.py:84} INFO - Running: ['***', 'tasks', 'run', 'customer_churn_ml_pipeline', 'data_preparation_task', 'manual__2025-03-09T18:01:35.810553+00:00', '--job-id', '443', '--raw', '--subdir', 'DAGS_FOLDER/customer_churn.py', '--cfg-path', '/tmp/tmpeka41347']
[2025-03-09T18:02:35.159+0000] {standard_task_runner.py:85} INFO - Job 443: Subtask data_preparation_task
[2025-03-09T18:02:35.205+0000] {logging_mixin.py:154} WARNING - /home/***/.local/lib/python3.8/site-packages/***/settings.py:195 DeprecationWarning: The sql_alchemy_conn option in [core] has been moved to the sql_alchemy_conn option in [database] - the old setting has been used, but please update your config.
[2025-03-09T18:02:35.295+0000] {task_command.py:416} INFO - Running <TaskInstance: customer_churn_ml_pipeline.data_preparation_task manual__2025-03-09T18:01:35.810553+00:00 [running]> on host 157237bff8f7
[2025-03-09T18:02:35.510+0000] {taskinstance.py:1662} INFO - Exporting env vars: AIRFLOW_CTX_DAG_OWNER='***' AIRFLOW_CTX_DAG_ID='customer_churn_ml_pipeline' AIRFLOW_CTX_TASK_ID='data_preparation_task' AIRFLOW_CTX_EXECUTION_DATE='2025-03-09T18:01:35.810553+00:00' AIRFLOW_CTX_TRY_NUMBER='1' AIRFLOW_CTX_DAG_RUN_ID='manual__2025-03-09T18:01:35.810553+00:00'
[2025-03-09T18:02:35.512+0000] {subprocess.py:63} INFO - Tmp dir root location: /tmp
[2025-03-09T18:02:35.513+0000] {subprocess.py:75} INFO - Running command: ['/bin/bash', '-c', '\n\t\t\tcd /opt/*** &&\t\t\tpython /opt/***/executables/data_preparation.py &&                         dvc add /opt/***/data/cleaned &&                         git add /opt/***/data/cleaned.dvc && \t\t\tgit add logs && \\   \n\t\t\tgit add visualization &&    \t\t\tgit status &&                         git commit -m "Updated cleaned data version" -a &&                         dvc push && git push\n                    ']
[2025-03-09T18:02:35.531+0000] {subprocess.py:86} INFO - Output:
[2025-03-09T18:02:39.464+0000] {subprocess.py:93} INFO - 2025-03-09 18:02:39,464 : INFO : Starting data preparation for customer_data.csv.
[2025-03-09T18:02:39.490+0000] {subprocess.py:93} INFO - 2025-03-09 18:02:39,490 : INFO : Dropping 'Estimated Salary' & 'Credit Score' with 0 & negative values
[2025-03-09T18:02:39.495+0000] {subprocess.py:93} INFO - 2025-03-09 18:02:39,495 : INFO : Handling 'Balance', 'EstimatedSalary' empty data with mean
[2025-03-09T18:02:39.496+0000] {subprocess.py:93} INFO - 2025-03-09 18:02:39,495 : INFO : Handling 'Tenure', 'Age' empty data with tenure + 18 in age and droping tenure with 0 values & negative values
[2025-03-09T18:02:39.515+0000] {subprocess.py:93} INFO - 2025-03-09 18:02:39,514 : INFO : Dropping 'Tenure' less than 0 and greater than 80
[2025-03-09T18:02:39.518+0000] {subprocess.py:93} INFO - 2025-03-09 18:02:39,518 : INFO : Handling 'Age' empty data
[2025-03-09T18:02:39.520+0000] {subprocess.py:93} INFO - 2025-03-09 18:02:39,519 : INFO : Dropping 'Age' less than 18 and greater than 110
[2025-03-09T18:02:39.523+0000] {subprocess.py:93} INFO - 2025-03-09 18:02:39,523 : INFO : Droping 'Surname' as it may lead to profiling, 'RowNumber', 'CustomerId' as it is not required
[2025-03-09T18:02:39.526+0000] {subprocess.py:93} INFO - 2025-03-09 18:02:39,525 : INFO : Making 'Geography', 'Gender' as categorical
[2025-03-09T18:02:39.533+0000] {subprocess.py:93} INFO - 2025-03-09 18:02:39,533 : INFO : Making 'HasCrCard', 'IsActiveMember', 'Exited' as integers
[2025-03-09T18:02:39.535+0000] {subprocess.py:93} INFO - 2025-03-09 18:02:39,535 : INFO : Saving data to S3.
[2025-03-09T18:02:39.536+0000] {subprocess.py:93} INFO - 2025-03-09 18:02:39,535 : INFO : Directory created at /opt/***/data/cleaned/fintech1/09-03-2025/csv
[2025-03-09T18:02:39.823+0000] {subprocess.py:93} INFO - 2025-03-09 18:02:39,822 : INFO : Connected to s3
[2025-03-09T18:02:42.400+0000] {subprocess.py:93} INFO - 2025-03-09 18:02:42,400 : INFO : File uploaded to S3
[2025-03-09T18:02:42.402+0000] {subprocess.py:93} INFO - 2025-03-09 18:02:42,401 : INFO : Creating Pie chart
[2025-03-09T18:02:42.524+0000] {subprocess.py:93} INFO - 2025-03-09 18:02:42,523 : INFO : Generating histogram for column CreditScore.
[2025-03-09T18:02:42.882+0000] {subprocess.py:93} INFO - 2025-03-09 18:02:42,881 : INFO : Generating histogram for column Geography.
[2025-03-09T18:02:43.214+0000] {subprocess.py:93} INFO - 2025-03-09 18:02:43,214 : INFO : Generating histogram for column Gender.
[2025-03-09T18:02:43.596+0000] {subprocess.py:93} INFO - 2025-03-09 18:02:43,596 : INFO : Generating histogram for column Age.
[2025-03-09T18:02:44.151+0000] {subprocess.py:93} INFO - 2025-03-09 18:02:44,150 : INFO : Generating histogram for column Tenure.
[2025-03-09T18:02:44.605+0000] {subprocess.py:93} INFO - 2025-03-09 18:02:44,604 : INFO : Generating histogram for column Balance.
[2025-03-09T18:02:45.066+0000] {subprocess.py:93} INFO - 2025-03-09 18:02:45,066 : INFO : Generating histogram for column NumOfProducts.
[2025-03-09T18:02:45.382+0000] {subprocess.py:93} INFO - 2025-03-09 18:02:45,382 : INFO : Generating histogram for column HasCrCard.
[2025-03-09T18:02:45.675+0000] {subprocess.py:93} INFO - 2025-03-09 18:02:45,674 : INFO : Generating histogram for column IsActiveMember.
[2025-03-09T18:02:45.946+0000] {subprocess.py:93} INFO - 2025-03-09 18:02:45,945 : INFO : Generating histogram for column EstimatedSalary.
[2025-03-09T18:02:46.222+0000] {subprocess.py:93} INFO - 2025-03-09 18:02:46,222 : INFO : Generating histogram for column Exited.
[2025-03-09T18:02:46.498+0000] {subprocess.py:93} INFO - 2025-03-09 18:02:46,497 : INFO : Generating histogram for relation of Exited with Categorical data.
[2025-03-09T18:02:47.131+0000] {subprocess.py:93} INFO - 2025-03-09 18:02:47,131 : INFO : Using categorical units to plot a list of strings that are all parsable as floats or dates. If these strings should be plotted as numbers, cast to the appropriate data type before plotting.
[2025-03-09T18:02:47.159+0000] {subprocess.py:93} INFO - 2025-03-09 18:02:47,158 : INFO : Using categorical units to plot a list of strings that are all parsable as floats or dates. If these strings should be plotted as numbers, cast to the appropriate data type before plotting.
[2025-03-09T18:02:47.268+0000] {subprocess.py:93} INFO - 2025-03-09 18:02:47,267 : INFO : Using categorical units to plot a list of strings that are all parsable as floats or dates. If these strings should be plotted as numbers, cast to the appropriate data type before plotting.
[2025-03-09T18:02:47.294+0000] {subprocess.py:93} INFO - 2025-03-09 18:02:47,294 : INFO : Using categorical units to plot a list of strings that are all parsable as floats or dates. If these strings should be plotted as numbers, cast to the appropriate data type before plotting.
[2025-03-09T18:02:47.364+0000] {subprocess.py:93} INFO - 2025-03-09 18:02:47,363 : INFO : Generating box plots for relation of Exited with non Categorical data.
[2025-03-09T18:02:47.650+0000] {subprocess.py:93} INFO - 2025-03-09 18:02:47,649 : INFO : Using categorical units to plot a list of strings that are all parsable as floats or dates. If these strings should be plotted as numbers, cast to the appropriate data type before plotting.
[2025-03-09T18:02:47.681+0000] {subprocess.py:93} INFO - 2025-03-09 18:02:47,681 : INFO : Using categorical units to plot a list of strings that are all parsable as floats or dates. If these strings should be plotted as numbers, cast to the appropriate data type before plotting.
[2025-03-09T18:02:47.796+0000] {subprocess.py:93} INFO - 2025-03-09 18:02:47,795 : INFO : Using categorical units to plot a list of strings that are all parsable as floats or dates. If these strings should be plotted as numbers, cast to the appropriate data type before plotting.
[2025-03-09T18:02:47.823+0000] {subprocess.py:93} INFO - 2025-03-09 18:02:47,823 : INFO : Using categorical units to plot a list of strings that are all parsable as floats or dates. If these strings should be plotted as numbers, cast to the appropriate data type before plotting.
[2025-03-09T18:02:47.945+0000] {subprocess.py:93} INFO - 2025-03-09 18:02:47,944 : INFO : Using categorical units to plot a list of strings that are all parsable as floats or dates. If these strings should be plotted as numbers, cast to the appropriate data type before plotting.
[2025-03-09T18:02:47.971+0000] {subprocess.py:93} INFO - 2025-03-09 18:02:47,971 : INFO : Using categorical units to plot a list of strings that are all parsable as floats or dates. If these strings should be plotted as numbers, cast to the appropriate data type before plotting.
[2025-03-09T18:02:48.084+0000] {subprocess.py:93} INFO - 2025-03-09 18:02:48,084 : INFO : Using categorical units to plot a list of strings that are all parsable as floats or dates. If these strings should be plotted as numbers, cast to the appropriate data type before plotting.
[2025-03-09T18:02:48.109+0000] {subprocess.py:93} INFO - 2025-03-09 18:02:48,109 : INFO : Using categorical units to plot a list of strings that are all parsable as floats or dates. If these strings should be plotted as numbers, cast to the appropriate data type before plotting.
[2025-03-09T18:02:48.210+0000] {subprocess.py:93} INFO - 2025-03-09 18:02:48,210 : INFO : Using categorical units to plot a list of strings that are all parsable as floats or dates. If these strings should be plotted as numbers, cast to the appropriate data type before plotting.
[2025-03-09T18:02:48.231+0000] {subprocess.py:93} INFO - 2025-03-09 18:02:48,230 : INFO : Using categorical units to plot a list of strings that are all parsable as floats or dates. If these strings should be plotted as numbers, cast to the appropriate data type before plotting.
[2025-03-09T18:02:48.441+0000] {subprocess.py:93} INFO - 2025-03-09 18:02:48,440 : INFO : Using categorical units to plot a list of strings that are all parsable as floats or dates. If these strings should be plotted as numbers, cast to the appropriate data type before plotting.
[2025-03-09T18:02:48.462+0000] {subprocess.py:93} INFO - 2025-03-09 18:02:48,462 : INFO : Using categorical units to plot a list of strings that are all parsable as floats or dates. If these strings should be plotted as numbers, cast to the appropriate data type before plotting.
[2025-03-09T18:02:48.972+0000] {subprocess.py:93} INFO - 2025-03-09 18:02:48,972 : INFO : Saved pdf in /opt/***/visualization/fintech1/09-03-2025/csv/plots.pdf
[2025-03-09T18:02:49.016+0000] {subprocess.py:93} INFO - 2025-03-09 18:02:49,015 : INFO : Starting data preparation for database_data.csv.
[2025-03-09T18:02:49.042+0000] {subprocess.py:93} INFO - 2025-03-09 18:02:49,042 : INFO : Dropping 'Estimated Salary' & 'Credit Score' with 0 & negative values
[2025-03-09T18:02:49.046+0000] {subprocess.py:93} INFO - 2025-03-09 18:02:49,045 : INFO : Handling 'Balance', 'EstimatedSalary' empty data with mean
[2025-03-09T18:02:49.046+0000] {subprocess.py:93} INFO - 2025-03-09 18:02:49,046 : INFO : Handling 'Tenure', 'Age' empty data with tenure + 18 in age and droping tenure with 0 values & negative values
[2025-03-09T18:02:49.047+0000] {subprocess.py:93} INFO - 2025-03-09 18:02:49,046 : INFO : Dropping 'Tenure' less than 0 and greater than 80
[2025-03-09T18:02:49.049+0000] {subprocess.py:93} INFO - 2025-03-09 18:02:49,049 : INFO : Handling 'Age' empty data
[2025-03-09T18:02:49.050+0000] {subprocess.py:93} INFO - 2025-03-09 18:02:49,050 : INFO : Dropping 'Age' less than 18 and greater than 110
[2025-03-09T18:02:49.054+0000] {subprocess.py:93} INFO - 2025-03-09 18:02:49,054 : INFO : Droping 'Surname' as it may lead to profiling, 'RowNumber', 'CustomerId' as it is not required
[2025-03-09T18:02:49.056+0000] {subprocess.py:93} INFO - 2025-03-09 18:02:49,056 : INFO : Making 'Geography', 'Gender' as categorical
[2025-03-09T18:02:49.062+0000] {subprocess.py:93} INFO - 2025-03-09 18:02:49,062 : INFO : Making 'HasCrCard', 'IsActiveMember', 'Exited' as integers
[2025-03-09T18:02:49.064+0000] {subprocess.py:93} INFO - 2025-03-09 18:02:49,064 : INFO : Saving data to S3.
[2025-03-09T18:02:49.064+0000] {subprocess.py:93} INFO - 2025-03-09 18:02:49,064 : INFO : Directory created at /opt/***/data/cleaned/fintech2/09-03-2025/database
[2025-03-09T18:02:49.154+0000] {subprocess.py:93} INFO - 2025-03-09 18:02:49,154 : INFO : Connected to s3
[2025-03-09T18:02:51.746+0000] {subprocess.py:93} INFO - 2025-03-09 18:02:51,746 : INFO : File uploaded to S3
[2025-03-09T18:02:51.747+0000] {subprocess.py:93} INFO - 2025-03-09 18:02:51,747 : INFO : Creating Pie chart
[2025-03-09T18:02:51.807+0000] {subprocess.py:93} INFO - 2025-03-09 18:02:51,806 : INFO : Generating histogram for column CreditScore.
[2025-03-09T18:02:51.939+0000] {subprocess.py:93} INFO - 2025-03-09 18:02:51,939 : INFO : Generating histogram for column Geography.
[2025-03-09T18:02:52.065+0000] {subprocess.py:93} INFO - 2025-03-09 18:02:52,065 : INFO : Generating histogram for column Gender.
[2025-03-09T18:02:52.194+0000] {subprocess.py:93} INFO - 2025-03-09 18:02:52,193 : INFO : Generating histogram for column Age.
[2025-03-09T18:02:52.387+0000] {subprocess.py:93} INFO - 2025-03-09 18:02:52,387 : INFO : Generating histogram for column Tenure.
[2025-03-09T18:02:52.579+0000] {subprocess.py:93} INFO - 2025-03-09 18:02:52,579 : INFO : Generating histogram for column Balance.
[2025-03-09T18:02:52.784+0000] {subprocess.py:93} INFO - 2025-03-09 18:02:52,784 : INFO : Generating histogram for column NumOfProducts.
[2025-03-09T18:02:53.046+0000] {subprocess.py:93} INFO - 2025-03-09 18:02:53,045 : INFO : Generating histogram for column HasCrCard.
[2025-03-09T18:02:53.424+0000] {subprocess.py:93} INFO - 2025-03-09 18:02:53,423 : INFO : Generating histogram for column IsActiveMember.
[2025-03-09T18:02:53.704+0000] {subprocess.py:93} INFO - 2025-03-09 18:02:53,703 : INFO : Generating histogram for column EstimatedSalary.
[2025-03-09T18:02:54.191+0000] {subprocess.py:93} INFO - 2025-03-09 18:02:54,191 : INFO : Generating histogram for column Exited.
[2025-03-09T18:02:54.533+0000] {subprocess.py:93} INFO - 2025-03-09 18:02:54,533 : INFO : Generating histogram for relation of Exited with Categorical data.
[2025-03-09T18:02:55.059+0000] {subprocess.py:93} INFO - 2025-03-09 18:02:55,059 : INFO : Using categorical units to plot a list of strings that are all parsable as floats or dates. If these strings should be plotted as numbers, cast to the appropriate data type before plotting.
[2025-03-09T18:02:55.086+0000] {subprocess.py:93} INFO - 2025-03-09 18:02:55,086 : INFO : Using categorical units to plot a list of strings that are all parsable as floats or dates. If these strings should be plotted as numbers, cast to the appropriate data type before plotting.
[2025-03-09T18:02:55.191+0000] {subprocess.py:93} INFO - 2025-03-09 18:02:55,191 : INFO : Using categorical units to plot a list of strings that are all parsable as floats or dates. If these strings should be plotted as numbers, cast to the appropriate data type before plotting.
[2025-03-09T18:02:55.217+0000] {subprocess.py:93} INFO - 2025-03-09 18:02:55,217 : INFO : Using categorical units to plot a list of strings that are all parsable as floats or dates. If these strings should be plotted as numbers, cast to the appropriate data type before plotting.
[2025-03-09T18:02:55.306+0000] {subprocess.py:93} INFO - 2025-03-09 18:02:55,306 : INFO : Generating box plots for relation of Exited with non Categorical data.
[2025-03-09T18:02:55.737+0000] {subprocess.py:93} INFO - 2025-03-09 18:02:55,737 : INFO : Using categorical units to plot a list of strings that are all parsable as floats or dates. If these strings should be plotted as numbers, cast to the appropriate data type before plotting.
[2025-03-09T18:02:55.765+0000] {subprocess.py:93} INFO - 2025-03-09 18:02:55,765 : INFO : Using categorical units to plot a list of strings that are all parsable as floats or dates. If these strings should be plotted as numbers, cast to the appropriate data type before plotting.
[2025-03-09T18:02:55.905+0000] {subprocess.py:93} INFO - 2025-03-09 18:02:55,904 : INFO : Using categorical units to plot a list of strings that are all parsable as floats or dates. If these strings should be plotted as numbers, cast to the appropriate data type before plotting.
[2025-03-09T18:02:55.944+0000] {subprocess.py:93} INFO - 2025-03-09 18:02:55,944 : INFO : Using categorical units to plot a list of strings that are all parsable as floats or dates. If these strings should be plotted as numbers, cast to the appropriate data type before plotting.
[2025-03-09T18:02:56.120+0000] {subprocess.py:93} INFO - 2025-03-09 18:02:56,119 : INFO : Using categorical units to plot a list of strings that are all parsable as floats or dates. If these strings should be plotted as numbers, cast to the appropriate data type before plotting.
[2025-03-09T18:02:56.166+0000] {subprocess.py:93} INFO - 2025-03-09 18:02:56,166 : INFO : Using categorical units to plot a list of strings that are all parsable as floats or dates. If these strings should be plotted as numbers, cast to the appropriate data type before plotting.
[2025-03-09T18:02:56.341+0000] {subprocess.py:93} INFO - 2025-03-09 18:02:56,340 : INFO : Using categorical units to plot a list of strings that are all parsable as floats or dates. If these strings should be plotted as numbers, cast to the appropriate data type before plotting.
[2025-03-09T18:02:56.378+0000] {subprocess.py:93} INFO - 2025-03-09 18:02:56,377 : INFO : Using categorical units to plot a list of strings that are all parsable as floats or dates. If these strings should be plotted as numbers, cast to the appropriate data type before plotting.
[2025-03-09T18:02:56.531+0000] {subprocess.py:93} INFO - 2025-03-09 18:02:56,530 : INFO : Using categorical units to plot a list of strings that are all parsable as floats or dates. If these strings should be plotted as numbers, cast to the appropriate data type before plotting.
[2025-03-09T18:02:56.565+0000] {subprocess.py:93} INFO - 2025-03-09 18:02:56,565 : INFO : Using categorical units to plot a list of strings that are all parsable as floats or dates. If these strings should be plotted as numbers, cast to the appropriate data type before plotting.
[2025-03-09T18:02:56.762+0000] {subprocess.py:93} INFO - 2025-03-09 18:02:56,762 : INFO : Using categorical units to plot a list of strings that are all parsable as floats or dates. If these strings should be plotted as numbers, cast to the appropriate data type before plotting.
[2025-03-09T18:02:56.793+0000] {subprocess.py:93} INFO - 2025-03-09 18:02:56,793 : INFO : Using categorical units to plot a list of strings that are all parsable as floats or dates. If these strings should be plotted as numbers, cast to the appropriate data type before plotting.
[2025-03-09T18:02:57.708+0000] {subprocess.py:93} INFO - 2025-03-09 18:02:57,707 : INFO : Saved pdf in /opt/***/visualization/fintech2/09-03-2025/database/plots.pdf
[2025-03-09T18:03:01.921+0000] {subprocess.py:93} INFO - 
[2025-03-09T18:03:01.922+0000] {subprocess.py:93} INFO - To track the changes with git, run:
[2025-03-09T18:03:01.923+0000] {subprocess.py:93} INFO - 
[2025-03-09T18:03:01.924+0000] {subprocess.py:93} INFO - 	git add data/cleaned.dvc
[2025-03-09T18:03:01.925+0000] {subprocess.py:93} INFO - 
[2025-03-09T18:03:01.925+0000] {subprocess.py:93} INFO - To enable auto staging, run:
[2025-03-09T18:03:01.925+0000] {subprocess.py:93} INFO - 
[2025-03-09T18:03:01.925+0000] {subprocess.py:93} INFO - 	dvc config core.autostage true
[2025-03-09T18:03:02.555+0000] {subprocess.py:93} INFO - /bin/bash: line 2:  : command not found
[2025-03-09T18:03:02.636+0000] {subprocess.py:93} INFO - On branch main
[2025-03-09T18:03:02.636+0000] {subprocess.py:93} INFO - Your branch is up to date with 'origin/main'.
[2025-03-09T18:03:02.638+0000] {subprocess.py:93} INFO - 
[2025-03-09T18:03:02.638+0000] {subprocess.py:93} INFO - Changes to be committed:
[2025-03-09T18:03:02.639+0000] {subprocess.py:93} INFO -   (use "git restore --staged <file>..." to unstage)
[2025-03-09T18:03:02.639+0000] {subprocess.py:93} INFO - 	new file:   logs/dag_id=customer_churn_ml_pipeline/run_id=manual__2025-03-09T18:01:35.810553+00:00/task_id=data_preparation_task/attempt=1.log
[2025-03-09T18:03:02.640+0000] {subprocess.py:93} INFO - 	modified:   logs/dag_id=customer_churn_ml_pipeline/run_id=manual__2025-03-09T18:01:35.810553+00:00/task_id=data_validation_task/attempt=1.log
[2025-03-09T18:03:02.640+0000] {subprocess.py:93} INFO - 	modified:   logs/dag_processor_manager/dag_processor_manager.log
[2025-03-09T18:03:02.641+0000] {subprocess.py:93} INFO - 	modified:   logs/data_preparation.log
[2025-03-09T18:03:02.642+0000] {subprocess.py:93} INFO - 	modified:   logs/scheduler/2025-03-09/customer_churn.py.log
[2025-03-09T18:03:02.642+0000] {subprocess.py:93} INFO - 	modified:   visualization/fintech1/09-03-2025/csv/plots.pdf
[2025-03-09T18:03:02.643+0000] {subprocess.py:93} INFO - 	modified:   visualization/fintech2/09-03-2025/database/plots.pdf
[2025-03-09T18:03:02.643+0000] {subprocess.py:93} INFO - 
[2025-03-09T18:03:02.644+0000] {subprocess.py:93} INFO - Changes not staged for commit:
[2025-03-09T18:03:02.644+0000] {subprocess.py:93} INFO -   (use "git add <file>..." to update what will be committed)
[2025-03-09T18:03:02.644+0000] {subprocess.py:93} INFO -   (use "git restore <file>..." to discard changes in working directory)
[2025-03-09T18:03:02.645+0000] {subprocess.py:93} INFO - 	modified:   logs/dag_id=customer_churn_ml_pipeline/run_id=manual__2025-03-09T18:01:35.810553+00:00/task_id=data_preparation_task/attempt=1.log
[2025-03-09T18:03:02.645+0000] {subprocess.py:93} INFO - 
[2025-03-09T18:03:02.645+0000] {subprocess.py:93} INFO - Untracked files:
[2025-03-09T18:03:02.646+0000] {subprocess.py:93} INFO -   (use "git add <file>..." to include in what will be committed)
[2025-03-09T18:03:02.647+0000] {subprocess.py:93} INFO - 	customer_churn_stats/feature_repo/data/online_store.db
[2025-03-09T18:03:02.647+0000] {subprocess.py:93} INFO - 	customer_churn_stats/feature_repo/data/registry.db
[2025-03-09T18:03:02.649+0000] {subprocess.py:93} INFO - 	mlartifacts/
[2025-03-09T18:03:02.650+0000] {subprocess.py:93} INFO - 	online.db
[2025-03-09T18:03:02.651+0000] {subprocess.py:93} INFO - 
[2025-03-09T18:03:02.960+0000] {subprocess.py:93} INFO - [main 7bd40e9] Updated cleaned data version
[2025-03-09T18:03:02.960+0000] {subprocess.py:93} INFO -  7 files changed, 252 insertions(+)
[2025-03-09T18:03:02.961+0000] {subprocess.py:93} INFO -  create mode 100644 logs/dag_id=customer_churn_ml_pipeline/run_id=manual__2025-03-09T18:01:35.810553+00:00/task_id=data_preparation_task/attempt=1.log
[2025-03-09T18:03:11.060+0000] {subprocess.py:93} INFO - Everything is up to date.
[2025-03-09T18:03:13.173+0000] {subprocess.py:93} INFO - To https://github.com/anniemathew-trial/customer_churn_pipeline.git
[2025-03-09T18:03:13.174+0000] {subprocess.py:93} INFO -    a5305e5..7bd40e9  main -> main
[2025-03-09T18:03:13.184+0000] {subprocess.py:97} INFO - Command exited with return code 0
[2025-03-09T18:03:13.267+0000] {taskinstance.py:1400} INFO - Marking task as SUCCESS. dag_id=customer_churn_ml_pipeline, task_id=data_preparation_task, execution_date=20250309T180135, start_date=20250309T180235, end_date=20250309T180313
[2025-03-09T18:03:13.314+0000] {local_task_job_runner.py:228} INFO - Task exited with return code 0
[2025-03-09T18:03:13.395+0000] {taskinstance.py:2778} INFO - 1 downstream tasks scheduled from follow-on schedule check
