[2025-03-01T09:34:32.649+0000] {taskinstance.py:1159} INFO - Dependencies all met for dep_context=non-requeueable deps ti=<TaskInstance: customer_churn_ml_pipeline.data_preparation_task manual__2025-03-01T09:33:50.885804+00:00 [queued]>
[2025-03-01T09:34:32.665+0000] {taskinstance.py:1159} INFO - Dependencies all met for dep_context=requeueable deps ti=<TaskInstance: customer_churn_ml_pipeline.data_preparation_task manual__2025-03-01T09:33:50.885804+00:00 [queued]>
[2025-03-01T09:34:32.665+0000] {taskinstance.py:1361} INFO - Starting attempt 1 of 1
[2025-03-01T09:34:32.687+0000] {taskinstance.py:1382} INFO - Executing <Task(BashOperator): data_preparation_task> on 2025-03-01 09:33:50.885804+00:00
[2025-03-01T09:34:32.692+0000] {standard_task_runner.py:57} INFO - Started process 4898 to run task
[2025-03-01T09:34:32.696+0000] {standard_task_runner.py:84} INFO - Running: ['***', 'tasks', 'run', 'customer_churn_ml_pipeline', 'data_preparation_task', 'manual__2025-03-01T09:33:50.885804+00:00', '--job-id', '13', '--raw', '--subdir', 'DAGS_FOLDER/customer_churn.py', '--cfg-path', '/tmp/tmpp7ho6b8r']
[2025-03-01T09:34:32.699+0000] {standard_task_runner.py:85} INFO - Job 13: Subtask data_preparation_task
[2025-03-01T09:34:32.727+0000] {logging_mixin.py:154} WARNING - /home/***/.local/lib/python3.8/site-packages/***/settings.py:195 DeprecationWarning: The sql_alchemy_conn option in [core] has been moved to the sql_alchemy_conn option in [database] - the old setting has been used, but please update your config.
[2025-03-01T09:34:32.786+0000] {task_command.py:416} INFO - Running <TaskInstance: customer_churn_ml_pipeline.data_preparation_task manual__2025-03-01T09:33:50.885804+00:00 [running]> on host 7e994a0ed489
[2025-03-01T09:34:32.950+0000] {taskinstance.py:1662} INFO - Exporting env vars: AIRFLOW_CTX_DAG_OWNER='***' AIRFLOW_CTX_DAG_ID='customer_churn_ml_pipeline' AIRFLOW_CTX_TASK_ID='data_preparation_task' AIRFLOW_CTX_EXECUTION_DATE='2025-03-01T09:33:50.885804+00:00' AIRFLOW_CTX_TRY_NUMBER='1' AIRFLOW_CTX_DAG_RUN_ID='manual__2025-03-01T09:33:50.885804+00:00'
[2025-03-01T09:34:32.953+0000] {subprocess.py:63} INFO - Tmp dir root location: /tmp
[2025-03-01T09:34:32.954+0000] {subprocess.py:75} INFO - Running command: ['/bin/bash', '-c', '\n\t\t\tcd /opt/***\n\t\t\tpython /opt/***/executables/data_preparation.py &&                         dvc add /opt/***/data/cleaned &&                         git add /opt/***/data/cleaned.dvc &&                         git commit -m "Updated cleaned data version" -a &&                         dvc push && git push\n                    ']
[2025-03-01T09:34:32.969+0000] {subprocess.py:86} INFO - Output:
[2025-03-01T09:34:33.155+0000] {subprocess.py:93} INFO - Traceback (most recent call last):
[2025-03-01T09:34:33.155+0000] {subprocess.py:93} INFO -   File "/opt/***/executables/data_preparation.py", line 1, in <module>
[2025-03-01T09:34:33.156+0000] {subprocess.py:93} INFO -     from sklearn.preprocessing import StandardScaler
[2025-03-01T09:34:33.156+0000] {subprocess.py:93} INFO - ModuleNotFoundError: No module named 'sklearn'
[2025-03-01T09:34:33.160+0000] {subprocess.py:97} INFO - Command exited with return code 1
[2025-03-01T09:34:33.183+0000] {taskinstance.py:1937} ERROR - Task failed with exception
Traceback (most recent call last):
  File "/home/airflow/.local/lib/python3.8/site-packages/airflow/operators/bash.py", line 210, in execute
    raise AirflowException(
airflow.exceptions.AirflowException: Bash command failed. The command returned a non-zero exit code 1.
[2025-03-01T09:34:33.189+0000] {taskinstance.py:1400} INFO - Marking task as FAILED. dag_id=customer_churn_ml_pipeline, task_id=data_preparation_task, execution_date=20250301T093350, start_date=20250301T093432, end_date=20250301T093433
[2025-03-01T09:34:33.212+0000] {standard_task_runner.py:104} ERROR - Failed to execute job 13 for task data_preparation_task (Bash command failed. The command returned a non-zero exit code 1.; 4898)
[2025-03-01T09:34:33.231+0000] {local_task_job_runner.py:228} INFO - Task exited with return code 1
[2025-03-01T09:34:33.280+0000] {taskinstance.py:2778} INFO - 0 downstream tasks scheduled from follow-on schedule check
