[2025-03-01T10:10:17.413+0000] {taskinstance.py:1159} INFO - Dependencies all met for dep_context=non-requeueable deps ti=<TaskInstance: customer_churn_ml_pipeline.data_preparation_task manual__2025-03-01T10:08:22.088632+00:00 [queued]>
[2025-03-01T10:10:17.437+0000] {taskinstance.py:1159} INFO - Dependencies all met for dep_context=requeueable deps ti=<TaskInstance: customer_churn_ml_pipeline.data_preparation_task manual__2025-03-01T10:08:22.088632+00:00 [queued]>
[2025-03-01T10:10:17.438+0000] {taskinstance.py:1361} INFO - Starting attempt 1 of 1
[2025-03-01T10:10:17.474+0000] {taskinstance.py:1382} INFO - Executing <Task(BashOperator): data_preparation_task> on 2025-03-01 10:08:22.088632+00:00
[2025-03-01T10:10:17.483+0000] {standard_task_runner.py:57} INFO - Started process 9078 to run task
[2025-03-01T10:10:17.489+0000] {standard_task_runner.py:84} INFO - Running: ['***', 'tasks', 'run', 'customer_churn_ml_pipeline', 'data_preparation_task', 'manual__2025-03-01T10:08:22.088632+00:00', '--job-id', '67', '--raw', '--subdir', 'DAGS_FOLDER/customer_churn.py', '--cfg-path', '/tmp/tmpjx_r_2ds']
[2025-03-01T10:10:17.494+0000] {standard_task_runner.py:85} INFO - Job 67: Subtask data_preparation_task
[2025-03-01T10:10:17.532+0000] {logging_mixin.py:154} WARNING - /home/***/.local/lib/python3.8/site-packages/***/settings.py:195 DeprecationWarning: The sql_alchemy_conn option in [core] has been moved to the sql_alchemy_conn option in [database] - the old setting has been used, but please update your config.
[2025-03-01T10:10:17.610+0000] {task_command.py:416} INFO - Running <TaskInstance: customer_churn_ml_pipeline.data_preparation_task manual__2025-03-01T10:08:22.088632+00:00 [running]> on host 7e994a0ed489
[2025-03-01T10:10:17.809+0000] {taskinstance.py:1662} INFO - Exporting env vars: AIRFLOW_CTX_DAG_OWNER='***' AIRFLOW_CTX_DAG_ID='customer_churn_ml_pipeline' AIRFLOW_CTX_TASK_ID='data_preparation_task' AIRFLOW_CTX_EXECUTION_DATE='2025-03-01T10:08:22.088632+00:00' AIRFLOW_CTX_TRY_NUMBER='1' AIRFLOW_CTX_DAG_RUN_ID='manual__2025-03-01T10:08:22.088632+00:00'
[2025-03-01T10:10:17.811+0000] {subprocess.py:63} INFO - Tmp dir root location: /tmp
[2025-03-01T10:10:17.812+0000] {subprocess.py:75} INFO - Running command: ['/bin/bash', '-c', '\n\t\t\tcd /opt/***\n\t\t\tpython /opt/***/executables/data_preparation.py &&                         dvc add /opt/***/data/cleaned &&                         git add /opt/***/data/cleaned.dvc &&                         git commit -m "Updated cleaned data version" -a &&                         dvc push && git push\n                    ']
[2025-03-01T10:10:17.826+0000] {subprocess.py:86} INFO - Output:
[2025-03-01T10:10:28.366+0000] {subprocess.py:93} INFO - 
[2025-03-01T10:10:28.367+0000] {subprocess.py:93} INFO - To track the changes with git, run:
[2025-03-01T10:10:28.367+0000] {subprocess.py:93} INFO - 
[2025-03-01T10:10:28.368+0000] {subprocess.py:93} INFO - 	git add data/cleaned.dvc
[2025-03-01T10:10:28.369+0000] {subprocess.py:93} INFO - 
[2025-03-01T10:10:28.369+0000] {subprocess.py:93} INFO - To enable auto staging, run:
[2025-03-01T10:10:28.370+0000] {subprocess.py:93} INFO - 
[2025-03-01T10:10:28.370+0000] {subprocess.py:93} INFO - 	dvc config core.autostage true
[2025-03-01T10:10:28.931+0000] {subprocess.py:93} INFO - [main 2c620d4] Updated cleaned data version
[2025-03-01T10:10:28.931+0000] {subprocess.py:93} INFO -  3 files changed, 46 insertions(+)
[2025-03-01T10:10:34.999+0000] {subprocess.py:93} INFO - Everything is up to date.
[2025-03-01T10:10:37.008+0000] {subprocess.py:93} INFO - To https://github.com/anniemathew-trial/customer_churn_pipeline.git
[2025-03-01T10:10:37.009+0000] {subprocess.py:93} INFO -    8968db7..2c620d4  main -> main
[2025-03-01T10:10:37.033+0000] {subprocess.py:97} INFO - Command exited with return code 0
[2025-03-01T10:10:37.087+0000] {taskinstance.py:1400} INFO - Marking task as SUCCESS. dag_id=customer_churn_ml_pipeline, task_id=data_preparation_task, execution_date=20250301T100822, start_date=20250301T101017, end_date=20250301T101037
[2025-03-01T10:10:37.127+0000] {local_task_job_runner.py:228} INFO - Task exited with return code 0
[2025-03-01T10:10:37.299+0000] {taskinstance.py:2778} INFO - 0 downstream tasks scheduled from follow-on schedule check
