[2025-03-04T08:00:43.441+0000] {taskinstance.py:1159} INFO - Dependencies all met for dep_context=non-requeueable deps ti=<TaskInstance: customer_churn_ml_pipeline.data_preparation_task scheduled__2025-03-03T08:00:00+00:00 [queued]>
[2025-03-04T08:00:43.451+0000] {taskinstance.py:1159} INFO - Dependencies all met for dep_context=requeueable deps ti=<TaskInstance: customer_churn_ml_pipeline.data_preparation_task scheduled__2025-03-03T08:00:00+00:00 [queued]>
[2025-03-04T08:00:43.451+0000] {taskinstance.py:1361} INFO - Starting attempt 1 of 1
[2025-03-04T08:00:43.469+0000] {taskinstance.py:1382} INFO - Executing <Task(BashOperator): data_preparation_task> on 2025-03-03 08:00:00+00:00
[2025-03-04T08:00:43.475+0000] {standard_task_runner.py:57} INFO - Started process 14799 to run task
[2025-03-04T08:00:43.479+0000] {standard_task_runner.py:84} INFO - Running: ['***', 'tasks', 'run', 'customer_churn_ml_pipeline', 'data_preparation_task', 'scheduled__2025-03-03T08:00:00+00:00', '--job-id', '287', '--raw', '--subdir', 'DAGS_FOLDER/customer_churn.py', '--cfg-path', '/tmp/tmpeasjm091']
[2025-03-04T08:00:43.482+0000] {standard_task_runner.py:85} INFO - Job 287: Subtask data_preparation_task
[2025-03-04T08:00:43.505+0000] {logging_mixin.py:154} WARNING - /home/***/.local/lib/python3.8/site-packages/***/settings.py:195 DeprecationWarning: The sql_alchemy_conn option in [core] has been moved to the sql_alchemy_conn option in [database] - the old setting has been used, but please update your config.
[2025-03-04T08:00:43.552+0000] {task_command.py:416} INFO - Running <TaskInstance: customer_churn_ml_pipeline.data_preparation_task scheduled__2025-03-03T08:00:00+00:00 [running]> on host 157237bff8f7
[2025-03-04T08:00:43.668+0000] {taskinstance.py:1662} INFO - Exporting env vars: AIRFLOW_CTX_DAG_OWNER='***' AIRFLOW_CTX_DAG_ID='customer_churn_ml_pipeline' AIRFLOW_CTX_TASK_ID='data_preparation_task' AIRFLOW_CTX_EXECUTION_DATE='2025-03-03T08:00:00+00:00' AIRFLOW_CTX_TRY_NUMBER='1' AIRFLOW_CTX_DAG_RUN_ID='scheduled__2025-03-03T08:00:00+00:00'
[2025-03-04T08:00:43.669+0000] {subprocess.py:63} INFO - Tmp dir root location: /tmp
[2025-03-04T08:00:43.670+0000] {subprocess.py:75} INFO - Running command: ['/bin/bash', '-c', '\n\t\t\tcd /opt/*** &&\t\t\tpython /opt/***/executables/data_preparation.py &&                         dvc add /opt/***/data/cleaned &&                         git add /opt/***/data/cleaned.dvc && \t\t\tgit add logs && \\   \n\t\t\tgit add visualization &&    \t\t\tgit status &&                         git commit -m "Updated cleaned data version" -a &&                         dvc push && git push\n                    ']
[2025-03-04T08:00:43.680+0000] {subprocess.py:86} INFO - Output:
[2025-03-04T08:00:46.818+0000] {subprocess.py:93} INFO - 2025-03-04 08:00:46,818 : INFO : Starting data preparation for customer_data.csv.
[2025-03-04T08:00:46.845+0000] {subprocess.py:93} INFO - 2025-03-04 08:00:46,845 : INFO : Dropping 'Estimated Salary' & 'Credit Score' with 0 & negative values
[2025-03-04T08:00:46.850+0000] {subprocess.py:93} INFO - 2025-03-04 08:00:46,850 : INFO : Handling 'Balance', 'EstimatedSalary' empty data with mean
[2025-03-04T08:00:46.850+0000] {subprocess.py:93} INFO - 2025-03-04 08:00:46,850 : INFO : Handling 'Tenure', 'Age' empty data with tenure + 18 in age and droping tenure with 0 values & negative values
[2025-03-04T08:00:46.864+0000] {subprocess.py:93} INFO - 2025-03-04 08:00:46,863 : INFO : Dropping 'Tenure' less than 0 and greater than 80
[2025-03-04T08:00:46.867+0000] {subprocess.py:93} INFO - 2025-03-04 08:00:46,867 : INFO : Handling 'Age' empty data
[2025-03-04T08:00:46.868+0000] {subprocess.py:93} INFO - 2025-03-04 08:00:46,868 : INFO : Dropping 'Age' less than 18 and greater than 110
[2025-03-04T08:00:46.872+0000] {subprocess.py:93} INFO - 2025-03-04 08:00:46,871 : INFO : Droping 'Surname' as it may lead to profiling, 'RowNumber', 'CustomerId' as it is not required
[2025-03-04T08:00:46.874+0000] {subprocess.py:93} INFO - 2025-03-04 08:00:46,874 : INFO : Making 'Geography', 'Gender' as categorical
[2025-03-04T08:00:46.881+0000] {subprocess.py:93} INFO - 2025-03-04 08:00:46,881 : INFO : Making 'HasCrCard', 'IsActiveMember', 'Exited' as integers
[2025-03-04T08:00:46.883+0000] {subprocess.py:93} INFO - 2025-03-04 08:00:46,882 : INFO : Saving data to S3.
[2025-03-04T08:00:46.883+0000] {subprocess.py:93} INFO - 2025-03-04 08:00:46,883 : INFO : Directory created at /opt/***/data/cleaned/fintech1/04-03-2025/csv
[2025-03-04T08:00:47.116+0000] {subprocess.py:93} INFO - 2025-03-04 08:00:47,116 : INFO : Connected to s3
[2025-03-04T08:00:49.695+0000] {subprocess.py:93} INFO - 2025-03-04 08:00:49,694 : INFO : File uploaded to S3
[2025-03-04T08:00:49.697+0000] {subprocess.py:93} INFO - 2025-03-04 08:00:49,697 : INFO : Creating Pie chart
[2025-03-04T08:00:49.772+0000] {subprocess.py:93} INFO - 2025-03-04 08:00:49,772 : INFO : Generating histogram for column CreditScore.
[2025-03-04T08:00:49.895+0000] {subprocess.py:93} INFO - 2025-03-04 08:00:49,895 : INFO : Generating histogram for column Geography.
[2025-03-04T08:00:50.081+0000] {subprocess.py:93} INFO - 2025-03-04 08:00:50,081 : INFO : Generating histogram for column Gender.
[2025-03-04T08:00:50.173+0000] {subprocess.py:93} INFO - 2025-03-04 08:00:50,173 : INFO : Generating histogram for column Age.
[2025-03-04T08:00:50.358+0000] {subprocess.py:93} INFO - 2025-03-04 08:00:50,358 : INFO : Generating histogram for column Tenure.
[2025-03-04T08:00:50.491+0000] {subprocess.py:93} INFO - 2025-03-04 08:00:50,491 : INFO : Generating histogram for column Balance.
[2025-03-04T08:00:50.634+0000] {subprocess.py:93} INFO - 2025-03-04 08:00:50,633 : INFO : Generating histogram for column NumOfProducts.
[2025-03-04T08:00:50.775+0000] {subprocess.py:93} INFO - 2025-03-04 08:00:50,775 : INFO : Generating histogram for column HasCrCard.
[2025-03-04T08:00:50.928+0000] {subprocess.py:93} INFO - 2025-03-04 08:00:50,928 : INFO : Generating histogram for column IsActiveMember.
[2025-03-04T08:00:51.076+0000] {subprocess.py:93} INFO - 2025-03-04 08:00:51,075 : INFO : Generating histogram for column EstimatedSalary.
[2025-03-04T08:00:51.232+0000] {subprocess.py:93} INFO - 2025-03-04 08:00:51,231 : INFO : Generating histogram for column Exited.
[2025-03-04T08:00:51.400+0000] {subprocess.py:93} INFO - 2025-03-04 08:00:51,400 : INFO : Generating histogram for relation of Exited with Categorical data.
[2025-03-04T08:00:51.701+0000] {subprocess.py:93} INFO - 2025-03-04 08:00:51,701 : INFO : Using categorical units to plot a list of strings that are all parsable as floats or dates. If these strings should be plotted as numbers, cast to the appropriate data type before plotting.
[2025-03-04T08:00:51.717+0000] {subprocess.py:93} INFO - 2025-03-04 08:00:51,716 : INFO : Using categorical units to plot a list of strings that are all parsable as floats or dates. If these strings should be plotted as numbers, cast to the appropriate data type before plotting.
[2025-03-04T08:00:51.788+0000] {subprocess.py:93} INFO - 2025-03-04 08:00:51,788 : INFO : Using categorical units to plot a list of strings that are all parsable as floats or dates. If these strings should be plotted as numbers, cast to the appropriate data type before plotting.
[2025-03-04T08:00:51.803+0000] {subprocess.py:93} INFO - 2025-03-04 08:00:51,802 : INFO : Using categorical units to plot a list of strings that are all parsable as floats or dates. If these strings should be plotted as numbers, cast to the appropriate data type before plotting.
[2025-03-04T08:00:51.845+0000] {subprocess.py:93} INFO - 2025-03-04 08:00:51,845 : INFO : Generating box plots for relation of Exited with non Categorical data.
[2025-03-04T08:00:51.994+0000] {subprocess.py:93} INFO - 2025-03-04 08:00:51,994 : INFO : Using categorical units to plot a list of strings that are all parsable as floats or dates. If these strings should be plotted as numbers, cast to the appropriate data type before plotting.
[2025-03-04T08:00:52.008+0000] {subprocess.py:93} INFO - 2025-03-04 08:00:52,008 : INFO : Using categorical units to plot a list of strings that are all parsable as floats or dates. If these strings should be plotted as numbers, cast to the appropriate data type before plotting.
[2025-03-04T08:00:52.083+0000] {subprocess.py:93} INFO - 2025-03-04 08:00:52,082 : INFO : Using categorical units to plot a list of strings that are all parsable as floats or dates. If these strings should be plotted as numbers, cast to the appropriate data type before plotting.
[2025-03-04T08:00:52.097+0000] {subprocess.py:93} INFO - 2025-03-04 08:00:52,096 : INFO : Using categorical units to plot a list of strings that are all parsable as floats or dates. If these strings should be plotted as numbers, cast to the appropriate data type before plotting.
[2025-03-04T08:00:52.189+0000] {subprocess.py:93} INFO - 2025-03-04 08:00:52,188 : INFO : Using categorical units to plot a list of strings that are all parsable as floats or dates. If these strings should be plotted as numbers, cast to the appropriate data type before plotting.
[2025-03-04T08:00:52.204+0000] {subprocess.py:93} INFO - 2025-03-04 08:00:52,204 : INFO : Using categorical units to plot a list of strings that are all parsable as floats or dates. If these strings should be plotted as numbers, cast to the appropriate data type before plotting.
[2025-03-04T08:00:52.289+0000] {subprocess.py:93} INFO - 2025-03-04 08:00:52,289 : INFO : Using categorical units to plot a list of strings that are all parsable as floats or dates. If these strings should be plotted as numbers, cast to the appropriate data type before plotting.
[2025-03-04T08:00:52.304+0000] {subprocess.py:93} INFO - 2025-03-04 08:00:52,304 : INFO : Using categorical units to plot a list of strings that are all parsable as floats or dates. If these strings should be plotted as numbers, cast to the appropriate data type before plotting.
[2025-03-04T08:00:52.382+0000] {subprocess.py:93} INFO - 2025-03-04 08:00:52,382 : INFO : Using categorical units to plot a list of strings that are all parsable as floats or dates. If these strings should be plotted as numbers, cast to the appropriate data type before plotting.
[2025-03-04T08:00:52.397+0000] {subprocess.py:93} INFO - 2025-03-04 08:00:52,397 : INFO : Using categorical units to plot a list of strings that are all parsable as floats or dates. If these strings should be plotted as numbers, cast to the appropriate data type before plotting.
[2025-03-04T08:00:52.601+0000] {subprocess.py:93} INFO - 2025-03-04 08:00:52,600 : INFO : Using categorical units to plot a list of strings that are all parsable as floats or dates. If these strings should be plotted as numbers, cast to the appropriate data type before plotting.
[2025-03-04T08:00:52.624+0000] {subprocess.py:93} INFO - 2025-03-04 08:00:52,624 : INFO : Using categorical units to plot a list of strings that are all parsable as floats or dates. If these strings should be plotted as numbers, cast to the appropriate data type before plotting.
[2025-03-04T08:00:53.141+0000] {subprocess.py:93} INFO - 2025-03-04 08:00:53,140 : INFO : Saved pdf in /opt/***/visualization/fintech1/04-03-2025/csv/plots.pdf
[2025-03-04T08:00:53.183+0000] {subprocess.py:93} INFO - 2025-03-04 08:00:53,183 : INFO : Starting data preparation for database_data.csv.
[2025-03-04T08:00:53.208+0000] {subprocess.py:93} INFO - 2025-03-04 08:00:53,208 : INFO : Dropping 'Estimated Salary' & 'Credit Score' with 0 & negative values
[2025-03-04T08:00:53.214+0000] {subprocess.py:93} INFO - 2025-03-04 08:00:53,214 : INFO : Handling 'Balance', 'EstimatedSalary' empty data with mean
[2025-03-04T08:00:53.215+0000] {subprocess.py:93} INFO - 2025-03-04 08:00:53,214 : INFO : Handling 'Tenure', 'Age' empty data with tenure + 18 in age and droping tenure with 0 values & negative values
[2025-03-04T08:00:53.215+0000] {subprocess.py:93} INFO - 2025-03-04 08:00:53,215 : INFO : Dropping 'Tenure' less than 0 and greater than 80
[2025-03-04T08:00:53.220+0000] {subprocess.py:93} INFO - 2025-03-04 08:00:53,219 : INFO : Handling 'Age' empty data
[2025-03-04T08:00:53.221+0000] {subprocess.py:93} INFO - 2025-03-04 08:00:53,221 : INFO : Dropping 'Age' less than 18 and greater than 110
[2025-03-04T08:00:53.227+0000] {subprocess.py:93} INFO - 2025-03-04 08:00:53,226 : INFO : Droping 'Surname' as it may lead to profiling, 'RowNumber', 'CustomerId' as it is not required
[2025-03-04T08:00:53.229+0000] {subprocess.py:93} INFO - 2025-03-04 08:00:53,228 : INFO : Making 'Geography', 'Gender' as categorical
[2025-03-04T08:00:53.235+0000] {subprocess.py:93} INFO - 2025-03-04 08:00:53,234 : INFO : Making 'HasCrCard', 'IsActiveMember', 'Exited' as integers
[2025-03-04T08:00:53.236+0000] {subprocess.py:93} INFO - 2025-03-04 08:00:53,236 : INFO : Saving data to S3.
[2025-03-04T08:00:53.237+0000] {subprocess.py:93} INFO - 2025-03-04 08:00:53,236 : INFO : Directory created at /opt/***/data/cleaned/fintech2/04-03-2025/database
[2025-03-04T08:00:53.323+0000] {subprocess.py:93} INFO - 2025-03-04 08:00:53,322 : INFO : Connected to s3
[2025-03-04T08:00:55.723+0000] {subprocess.py:93} INFO - 2025-03-04 08:00:55,722 : INFO : File uploaded to S3
[2025-03-04T08:00:55.725+0000] {subprocess.py:93} INFO - 2025-03-04 08:00:55,725 : INFO : Creating Pie chart
[2025-03-04T08:00:55.786+0000] {subprocess.py:93} INFO - 2025-03-04 08:00:55,786 : INFO : Generating histogram for column CreditScore.
[2025-03-04T08:00:55.862+0000] {subprocess.py:93} INFO - 2025-03-04 08:00:55,861 : INFO : Generating histogram for column Geography.
[2025-03-04T08:00:55.946+0000] {subprocess.py:93} INFO - 2025-03-04 08:00:55,945 : INFO : Generating histogram for column Gender.
[2025-03-04T08:00:56.022+0000] {subprocess.py:93} INFO - 2025-03-04 08:00:56,022 : INFO : Generating histogram for column Age.
[2025-03-04T08:00:56.149+0000] {subprocess.py:93} INFO - 2025-03-04 08:00:56,148 : INFO : Generating histogram for column Tenure.
[2025-03-04T08:00:56.255+0000] {subprocess.py:93} INFO - 2025-03-04 08:00:56,255 : INFO : Generating histogram for column Balance.
[2025-03-04T08:00:56.390+0000] {subprocess.py:93} INFO - 2025-03-04 08:00:56,389 : INFO : Generating histogram for column NumOfProducts.
[2025-03-04T08:00:56.522+0000] {subprocess.py:93} INFO - 2025-03-04 08:00:56,522 : INFO : Generating histogram for column HasCrCard.
[2025-03-04T08:00:56.665+0000] {subprocess.py:93} INFO - 2025-03-04 08:00:56,665 : INFO : Generating histogram for column IsActiveMember.
[2025-03-04T08:00:56.799+0000] {subprocess.py:93} INFO - 2025-03-04 08:00:56,798 : INFO : Generating histogram for column EstimatedSalary.
[2025-03-04T08:00:56.956+0000] {subprocess.py:93} INFO - 2025-03-04 08:00:56,956 : INFO : Generating histogram for column Exited.
[2025-03-04T08:00:57.129+0000] {subprocess.py:93} INFO - 2025-03-04 08:00:57,128 : INFO : Generating histogram for relation of Exited with Categorical data.
[2025-03-04T08:00:57.410+0000] {subprocess.py:93} INFO - 2025-03-04 08:00:57,409 : INFO : Using categorical units to plot a list of strings that are all parsable as floats or dates. If these strings should be plotted as numbers, cast to the appropriate data type before plotting.
[2025-03-04T08:00:57.424+0000] {subprocess.py:93} INFO - 2025-03-04 08:00:57,423 : INFO : Using categorical units to plot a list of strings that are all parsable as floats or dates. If these strings should be plotted as numbers, cast to the appropriate data type before plotting.
[2025-03-04T08:00:57.500+0000] {subprocess.py:93} INFO - 2025-03-04 08:00:57,500 : INFO : Using categorical units to plot a list of strings that are all parsable as floats or dates. If these strings should be plotted as numbers, cast to the appropriate data type before plotting.
[2025-03-04T08:00:57.516+0000] {subprocess.py:93} INFO - 2025-03-04 08:00:57,515 : INFO : Using categorical units to plot a list of strings that are all parsable as floats or dates. If these strings should be plotted as numbers, cast to the appropriate data type before plotting.
[2025-03-04T08:00:57.562+0000] {subprocess.py:93} INFO - 2025-03-04 08:00:57,561 : INFO : Generating box plots for relation of Exited with non Categorical data.
[2025-03-04T08:00:57.842+0000] {subprocess.py:93} INFO - 2025-03-04 08:00:57,841 : INFO : Using categorical units to plot a list of strings that are all parsable as floats or dates. If these strings should be plotted as numbers, cast to the appropriate data type before plotting.
[2025-03-04T08:00:57.856+0000] {subprocess.py:93} INFO - 2025-03-04 08:00:57,855 : INFO : Using categorical units to plot a list of strings that are all parsable as floats or dates. If these strings should be plotted as numbers, cast to the appropriate data type before plotting.
[2025-03-04T08:00:57.946+0000] {subprocess.py:93} INFO - 2025-03-04 08:00:57,946 : INFO : Using categorical units to plot a list of strings that are all parsable as floats or dates. If these strings should be plotted as numbers, cast to the appropriate data type before plotting.
[2025-03-04T08:00:57.969+0000] {subprocess.py:93} INFO - 2025-03-04 08:00:57,969 : INFO : Using categorical units to plot a list of strings that are all parsable as floats or dates. If these strings should be plotted as numbers, cast to the appropriate data type before plotting.
[2025-03-04T08:00:58.065+0000] {subprocess.py:93} INFO - 2025-03-04 08:00:58,065 : INFO : Using categorical units to plot a list of strings that are all parsable as floats or dates. If these strings should be plotted as numbers, cast to the appropriate data type before plotting.
[2025-03-04T08:00:58.081+0000] {subprocess.py:93} INFO - 2025-03-04 08:00:58,081 : INFO : Using categorical units to plot a list of strings that are all parsable as floats or dates. If these strings should be plotted as numbers, cast to the appropriate data type before plotting.
[2025-03-04T08:00:58.162+0000] {subprocess.py:93} INFO - 2025-03-04 08:00:58,162 : INFO : Using categorical units to plot a list of strings that are all parsable as floats or dates. If these strings should be plotted as numbers, cast to the appropriate data type before plotting.
[2025-03-04T08:00:58.177+0000] {subprocess.py:93} INFO - 2025-03-04 08:00:58,177 : INFO : Using categorical units to plot a list of strings that are all parsable as floats or dates. If these strings should be plotted as numbers, cast to the appropriate data type before plotting.
[2025-03-04T08:00:58.258+0000] {subprocess.py:93} INFO - 2025-03-04 08:00:58,258 : INFO : Using categorical units to plot a list of strings that are all parsable as floats or dates. If these strings should be plotted as numbers, cast to the appropriate data type before plotting.
[2025-03-04T08:00:58.273+0000] {subprocess.py:93} INFO - 2025-03-04 08:00:58,273 : INFO : Using categorical units to plot a list of strings that are all parsable as floats or dates. If these strings should be plotted as numbers, cast to the appropriate data type before plotting.
[2025-03-04T08:00:58.356+0000] {subprocess.py:93} INFO - 2025-03-04 08:00:58,355 : INFO : Using categorical units to plot a list of strings that are all parsable as floats or dates. If these strings should be plotted as numbers, cast to the appropriate data type before plotting.
[2025-03-04T08:00:58.371+0000] {subprocess.py:93} INFO - 2025-03-04 08:00:58,370 : INFO : Using categorical units to plot a list of strings that are all parsable as floats or dates. If these strings should be plotted as numbers, cast to the appropriate data type before plotting.
[2025-03-04T08:00:58.777+0000] {subprocess.py:93} INFO - 2025-03-04 08:00:58,777 : INFO : Saved pdf in /opt/***/visualization/fintech2/04-03-2025/database/plots.pdf
[2025-03-04T08:01:01.550+0000] {subprocess.py:93} INFO - 
[2025-03-04T08:01:01.551+0000] {subprocess.py:93} INFO - To track the changes with git, run:
[2025-03-04T08:01:01.551+0000] {subprocess.py:93} INFO - 
[2025-03-04T08:01:01.553+0000] {subprocess.py:93} INFO - 	git add data/cleaned.dvc
[2025-03-04T08:01:01.553+0000] {subprocess.py:93} INFO - 
[2025-03-04T08:01:01.553+0000] {subprocess.py:93} INFO - To enable auto staging, run:
[2025-03-04T08:01:01.553+0000] {subprocess.py:93} INFO - 
[2025-03-04T08:01:01.554+0000] {subprocess.py:93} INFO - 	dvc config core.autostage true
[2025-03-04T08:01:01.953+0000] {subprocess.py:93} INFO - /bin/bash: line 2:  : command not found
[2025-03-04T08:01:02.009+0000] {subprocess.py:93} INFO - On branch main
[2025-03-04T08:01:02.009+0000] {subprocess.py:93} INFO - Your branch is up to date with 'origin/main'.
[2025-03-04T08:01:02.010+0000] {subprocess.py:93} INFO - 
[2025-03-04T08:01:02.010+0000] {subprocess.py:93} INFO - Changes to be committed:
[2025-03-04T08:01:02.010+0000] {subprocess.py:93} INFO -   (use "git restore --staged <file>..." to unstage)
[2025-03-04T08:01:02.010+0000] {subprocess.py:93} INFO - 	new file:   logs/dag_id=customer_churn_ml_pipeline/run_id=scheduled__2025-03-03T08:00:00+00:00/task_id=data_preparation_task/attempt=1.log
[2025-03-04T08:01:02.011+0000] {subprocess.py:93} INFO - 	modified:   logs/dag_id=customer_churn_ml_pipeline/run_id=scheduled__2025-03-03T08:00:00+00:00/task_id=data_validation_task/attempt=1.log
[2025-03-04T08:01:02.011+0000] {subprocess.py:93} INFO - 	modified:   logs/dag_processor_manager/dag_processor_manager.log
[2025-03-04T08:01:02.011+0000] {subprocess.py:93} INFO - 	modified:   logs/data_preparation.log
[2025-03-04T08:01:02.011+0000] {subprocess.py:93} INFO - 	modified:   logs/scheduler/2025-03-04/customer_churn.py.log
[2025-03-04T08:01:02.011+0000] {subprocess.py:93} INFO - 	modified:   visualization/fintech1/04-03-2025/csv/plots.pdf
[2025-03-04T08:01:02.012+0000] {subprocess.py:93} INFO - 	modified:   visualization/fintech2/04-03-2025/database/plots.pdf
[2025-03-04T08:01:02.012+0000] {subprocess.py:93} INFO - 
[2025-03-04T08:01:02.012+0000] {subprocess.py:93} INFO - Changes not staged for commit:
[2025-03-04T08:01:02.012+0000] {subprocess.py:93} INFO -   (use "git add <file>..." to update what will be committed)
[2025-03-04T08:01:02.012+0000] {subprocess.py:93} INFO -   (use "git restore <file>..." to discard changes in working directory)
[2025-03-04T08:01:02.013+0000] {subprocess.py:93} INFO - 	modified:   logs/dag_id=customer_churn_ml_pipeline/run_id=scheduled__2025-03-03T08:00:00+00:00/task_id=data_preparation_task/attempt=1.log
[2025-03-04T08:01:02.013+0000] {subprocess.py:93} INFO - 
[2025-03-04T08:01:02.013+0000] {subprocess.py:93} INFO - Untracked files:
[2025-03-04T08:01:02.013+0000] {subprocess.py:93} INFO -   (use "git add <file>..." to include in what will be committed)
[2025-03-04T08:01:02.013+0000] {subprocess.py:93} INFO - 	customer_churn_stats/feature_repo/data/online_store.db
[2025-03-04T08:01:02.014+0000] {subprocess.py:93} INFO - 	customer_churn_stats/feature_repo/data/registry.db
[2025-03-04T08:01:02.014+0000] {subprocess.py:93} INFO - 	models/
[2025-03-04T08:01:02.014+0000] {subprocess.py:93} INFO - 	online.db
[2025-03-04T08:01:02.014+0000] {subprocess.py:93} INFO - 
