[2025-02-28T06:15:16.137+0000] {taskinstance.py:1159} INFO - Dependencies all met for dep_context=non-requeueable deps ti=<TaskInstance: customer_churn_ml_pipeline.data_ingestion_task manual__2025-02-28T06:15:09.828715+00:00 [queued]>
[2025-02-28T06:15:16.147+0000] {taskinstance.py:1159} INFO - Dependencies all met for dep_context=requeueable deps ti=<TaskInstance: customer_churn_ml_pipeline.data_ingestion_task manual__2025-02-28T06:15:09.828715+00:00 [queued]>
[2025-02-28T06:15:16.148+0000] {taskinstance.py:1361} INFO - Starting attempt 1 of 1
[2025-02-28T06:15:16.166+0000] {taskinstance.py:1382} INFO - Executing <Task(BashOperator): data_ingestion_task> on 2025-02-28 06:15:09.828715+00:00
[2025-02-28T06:15:16.171+0000] {standard_task_runner.py:57} INFO - Started process 9721 to run task
[2025-02-28T06:15:16.175+0000] {standard_task_runner.py:84} INFO - Running: ['***', 'tasks', 'run', 'customer_churn_ml_pipeline', 'data_ingestion_task', 'manual__2025-02-28T06:15:09.828715+00:00', '--job-id', '45', '--raw', '--subdir', 'DAGS_FOLDER/customer_churn.py', '--cfg-path', '/tmp/tmp_h7lbqxo']
[2025-02-28T06:15:16.177+0000] {standard_task_runner.py:85} INFO - Job 45: Subtask data_ingestion_task
[2025-02-28T06:15:16.202+0000] {logging_mixin.py:154} WARNING - /home/***/.local/lib/python3.8/site-packages/***/settings.py:195 DeprecationWarning: The sql_alchemy_conn option in [core] has been moved to the sql_alchemy_conn option in [database] - the old setting has been used, but please update your config.
[2025-02-28T06:15:16.250+0000] {task_command.py:416} INFO - Running <TaskInstance: customer_churn_ml_pipeline.data_ingestion_task manual__2025-02-28T06:15:09.828715+00:00 [running]> on host 4470298645d8
[2025-02-28T06:15:16.372+0000] {taskinstance.py:1662} INFO - Exporting env vars: AIRFLOW_CTX_DAG_OWNER='***' AIRFLOW_CTX_DAG_ID='customer_churn_ml_pipeline' AIRFLOW_CTX_TASK_ID='data_ingestion_task' AIRFLOW_CTX_EXECUTION_DATE='2025-02-28T06:15:09.828715+00:00' AIRFLOW_CTX_TRY_NUMBER='1' AIRFLOW_CTX_DAG_RUN_ID='manual__2025-02-28T06:15:09.828715+00:00'
[2025-02-28T06:15:16.373+0000] {subprocess.py:63} INFO - Tmp dir root location: /tmp
[2025-02-28T06:15:16.373+0000] {subprocess.py:75} INFO - Running command: ['/bin/bash', '-c', 'python /opt/***/executables/data_ingestion.py && \t\t\tcd /opt/*** && \t\t\tgit rm -r --cached \'data/raw\'\n\t\t\tgit commit -m "stop tracking data/raw"\n                        dvc add /opt/***/data/raw &&                         git add /opt/***/data/raw.dvc &&                         git commit -m "Updated raw data version" -a &&                         dvc push && git push\n                    ']
[2025-02-28T06:15:16.384+0000] {subprocess.py:86} INFO - Output:
[2025-02-28T06:15:17.653+0000] {subprocess.py:93} INFO - /opt/***/executables/data_ingestion.py:46: UserWarning: pandas only supports SQLAlchemy connectable (engine/connection) or database string URI or sqlite3 DBAPI2 connection. Other DBAPI2 objects are not tested. Please consider using SQLAlchemy.
[2025-02-28T06:15:17.654+0000] {subprocess.py:93} INFO -   data = pd.read_sql(query, connection)
[2025-02-28T06:15:17.758+0000] {subprocess.py:93} INFO - fatal: pathspec 'data/raw' did not match any files
[2025-02-28T06:15:17.763+0000] {subprocess.py:93} INFO - On branch main
[2025-02-28T06:15:17.764+0000] {subprocess.py:93} INFO - Your branch is ahead of 'origin/main' by 11 commits.
[2025-02-28T06:15:17.764+0000] {subprocess.py:93} INFO -   (use "git push" to publish your local commits)
[2025-02-28T06:15:17.764+0000] {subprocess.py:93} INFO - 
[2025-02-28T06:15:17.765+0000] {subprocess.py:93} INFO - Changes not staged for commit:
[2025-02-28T06:15:17.765+0000] {subprocess.py:93} INFO -   (use "git add <file>..." to update what will be committed)
[2025-02-28T06:15:17.765+0000] {subprocess.py:93} INFO -   (use "git restore <file>..." to discard changes in working directory)
[2025-02-28T06:15:17.765+0000] {subprocess.py:93} INFO - 	modified:   logs/dag_processor_manager/dag_processor_manager.log
[2025-02-28T06:15:17.765+0000] {subprocess.py:93} INFO - 	modified:   logs/data_ingestion.log
[2025-02-28T06:15:17.766+0000] {subprocess.py:93} INFO - 	modified:   logs/scheduler/2025-02-28/customer_churn.py.log
[2025-02-28T06:15:17.766+0000] {subprocess.py:93} INFO - 
[2025-02-28T06:15:17.766+0000] {subprocess.py:93} INFO - Untracked files:
[2025-02-28T06:15:17.767+0000] {subprocess.py:93} INFO -   (use "git add <file>..." to include in what will be committed)
[2025-02-28T06:15:17.767+0000] {subprocess.py:93} INFO - 	data/.gitignore
[2025-02-28T06:15:17.767+0000] {subprocess.py:93} INFO - 	logs/dag_id=customer_churn_ml_pipeline/run_id=manual__2025-02-28T03:47:06.239601+00:00/
[2025-02-28T06:15:17.767+0000] {subprocess.py:93} INFO - 	logs/dag_id=customer_churn_ml_pipeline/run_id=manual__2025-02-28T03:56:07.184589+00:00/
[2025-02-28T06:15:17.767+0000] {subprocess.py:93} INFO - 	logs/dag_id=customer_churn_ml_pipeline/run_id=manual__2025-02-28T04:01:35.537178+00:00/
[2025-02-28T06:15:17.768+0000] {subprocess.py:93} INFO - 	logs/dag_id=customer_churn_ml_pipeline/run_id=manual__2025-02-28T04:03:50.126562+00:00/
[2025-02-28T06:15:17.768+0000] {subprocess.py:93} INFO - 	logs/dag_id=customer_churn_ml_pipeline/run_id=manual__2025-02-28T04:07:47.368418+00:00/
[2025-02-28T06:15:17.768+0000] {subprocess.py:93} INFO - 	logs/dag_id=customer_churn_ml_pipeline/run_id=manual__2025-02-28T04:09:55.332256+00:00/
[2025-02-28T06:15:17.768+0000] {subprocess.py:93} INFO - 	logs/dag_id=customer_churn_ml_pipeline/run_id=manual__2025-02-28T04:35:17.945041+00:00/
[2025-02-28T06:15:17.769+0000] {subprocess.py:93} INFO - 	logs/dag_id=customer_churn_ml_pipeline/run_id=manual__2025-02-28T04:42:35.414349+00:00/
[2025-02-28T06:15:17.769+0000] {subprocess.py:93} INFO - 	logs/dag_id=customer_churn_ml_pipeline/run_id=manual__2025-02-28T04:45:15.524968+00:00/
[2025-02-28T06:15:17.769+0000] {subprocess.py:93} INFO - 	logs/dag_id=customer_churn_ml_pipeline/run_id=manual__2025-02-28T04:48:28.220767+00:00/
[2025-02-28T06:15:17.769+0000] {subprocess.py:93} INFO - 	logs/dag_id=customer_churn_ml_pipeline/run_id=manual__2025-02-28T04:49:39.209814+00:00/
[2025-02-28T06:15:17.769+0000] {subprocess.py:93} INFO - 	logs/dag_id=customer_churn_ml_pipeline/run_id=manual__2025-02-28T06:13:38.375524+00:00/
[2025-02-28T06:15:17.770+0000] {subprocess.py:93} INFO - 	logs/dag_id=customer_churn_ml_pipeline/run_id=manual__2025-02-28T06:15:09.828715+00:00/
[2025-02-28T06:15:17.770+0000] {subprocess.py:93} INFO - 
[2025-02-28T06:15:17.770+0000] {subprocess.py:93} INFO - no changes added to commit (use "git add" and/or "git commit -a")
[2025-02-28T06:15:18.904+0000] {subprocess.py:93} INFO - 
[2025-02-28T06:15:18.904+0000] {subprocess.py:93} INFO - To track the changes with git, run:
[2025-02-28T06:15:18.904+0000] {subprocess.py:93} INFO - 
[2025-02-28T06:15:18.904+0000] {subprocess.py:93} INFO - 	git add data/raw.dvc
[2025-02-28T06:15:18.904+0000] {subprocess.py:93} INFO - 
[2025-02-28T06:15:18.904+0000] {subprocess.py:93} INFO - To enable auto staging, run:
[2025-02-28T06:15:18.904+0000] {subprocess.py:93} INFO - 
[2025-02-28T06:15:18.905+0000] {subprocess.py:93} INFO - 	dvc config core.autostage true
[2025-02-28T06:15:19.141+0000] {subprocess.py:93} INFO - [main 30e2339] Updated raw data version
[2025-02-28T06:15:19.142+0000] {subprocess.py:93} INFO -  3 files changed, 45 insertions(+)
[2025-02-28T06:15:23.073+0000] {subprocess.py:93} INFO - Everything is up to date.
[2025-02-28T06:15:29.209+0000] {subprocess.py:93} INFO - remote: error: GH013: Repository rule violations found for refs/heads/main.
[2025-02-28T06:15:29.210+0000] {subprocess.py:93} INFO - remote:
[2025-02-28T06:15:29.210+0000] {subprocess.py:93} INFO - remote: - GITHUB PUSH PROTECTION
[2025-02-28T06:15:29.210+0000] {subprocess.py:93} INFO - remote:   —————————————————————————————————————————
[2025-02-28T06:15:29.210+0000] {subprocess.py:93} INFO - remote:     Resolve the following violations before pushing again
[2025-02-28T06:15:29.210+0000] {subprocess.py:93} INFO - remote:
[2025-02-28T06:15:29.211+0000] {subprocess.py:93} INFO - remote:     - Push cannot contain secrets
[2025-02-28T06:15:29.211+0000] {subprocess.py:93} INFO - remote:
[2025-02-28T06:15:29.211+0000] {subprocess.py:93} INFO - remote:
[2025-02-28T06:15:29.211+0000] {subprocess.py:93} INFO - remote:      (?) Learn how to resolve a blocked push
[2025-02-28T06:15:29.212+0000] {subprocess.py:93} INFO - remote:      https://docs.github.com/code-security/secret-scanning/working-with-secret-scanning-and-push-protection/working-with-push-protection-from-the-command-line#resolving-a-blocked-push
[2025-02-28T06:15:29.212+0000] {subprocess.py:93} INFO - remote:
[2025-02-28T06:15:29.213+0000] {subprocess.py:93} INFO - remote:
[2025-02-28T06:15:29.213+0000] {subprocess.py:93} INFO - remote:       —— Amazon AWS Secret Access Key ——————————————————————
[2025-02-28T06:15:29.213+0000] {subprocess.py:93} INFO - remote:        locations:
[2025-02-28T06:15:29.213+0000] {subprocess.py:93} INFO - remote:          - commit: d02b8759fd3257b7440a0c4f5f8161c72544fd42
[2025-02-28T06:15:29.213+0000] {subprocess.py:93} INFO - remote:            path: .dvc/config:6
[2025-02-28T06:15:29.214+0000] {subprocess.py:93} INFO - remote:
[2025-02-28T06:15:29.214+0000] {subprocess.py:93} INFO - remote:        (?) To push, remove secret from commit(s) or follow this URL to allow the secret.
[2025-02-28T06:15:29.214+0000] {subprocess.py:93} INFO - remote:        https://github.com/anniemathew-trial/customer_churn_pipeline/security/secret-scanning/unblock-secret/2terAZhXj5AQWotQotuCmhMf2DT
[2025-02-28T06:15:29.214+0000] {subprocess.py:93} INFO - remote:
[2025-02-28T06:15:29.214+0000] {subprocess.py:93} INFO - remote:
[2025-02-28T06:15:29.214+0000] {subprocess.py:93} INFO - remote:
[2025-02-28T06:15:29.214+0000] {subprocess.py:93} INFO - To https://github.com/anniemathew-trial/customer_churn_pipeline.git
[2025-02-28T06:15:29.215+0000] {subprocess.py:93} INFO -  ! [remote rejected] main -> main (push declined due to repository rule violations)
[2025-02-28T06:15:29.215+0000] {subprocess.py:93} INFO - error: failed to push some refs to 'https://github.com/anniemathew-trial/customer_churn_pipeline.git'
[2025-02-28T06:15:29.215+0000] {subprocess.py:97} INFO - Command exited with return code 1
[2025-02-28T06:15:29.234+0000] {taskinstance.py:1937} ERROR - Task failed with exception
Traceback (most recent call last):
  File "/home/airflow/.local/lib/python3.8/site-packages/airflow/operators/bash.py", line 210, in execute
    raise AirflowException(
airflow.exceptions.AirflowException: Bash command failed. The command returned a non-zero exit code 1.
[2025-02-28T06:15:29.239+0000] {taskinstance.py:1400} INFO - Marking task as FAILED. dag_id=customer_churn_ml_pipeline, task_id=data_ingestion_task, execution_date=20250228T061509, start_date=20250228T061516, end_date=20250228T061529
[2025-02-28T06:15:29.259+0000] {standard_task_runner.py:104} ERROR - Failed to execute job 45 for task data_ingestion_task (Bash command failed. The command returned a non-zero exit code 1.; 9721)
[2025-02-28T06:15:29.267+0000] {local_task_job_runner.py:228} INFO - Task exited with return code 1
[2025-02-28T06:15:29.306+0000] {taskinstance.py:2778} INFO - 0 downstream tasks scheduled from follow-on schedule check
