[2025-03-02T14:14:44.066+0000] {taskinstance.py:1159} INFO - Dependencies all met for dep_context=non-requeueable deps ti=<TaskInstance: customer_churn_ml_pipeline.data_preparation_task manual__2025-03-02T14:13:45.132348+00:00 [queued]>
[2025-03-02T14:14:44.088+0000] {taskinstance.py:1159} INFO - Dependencies all met for dep_context=requeueable deps ti=<TaskInstance: customer_churn_ml_pipeline.data_preparation_task manual__2025-03-02T14:13:45.132348+00:00 [queued]>
[2025-03-02T14:14:44.088+0000] {taskinstance.py:1361} INFO - Starting attempt 1 of 1
[2025-03-02T14:14:44.115+0000] {taskinstance.py:1382} INFO - Executing <Task(BashOperator): data_preparation_task> on 2025-03-02 14:13:45.132348+00:00
[2025-03-02T14:14:44.122+0000] {standard_task_runner.py:57} INFO - Started process 5722 to run task
[2025-03-02T14:14:44.127+0000] {standard_task_runner.py:84} INFO - Running: ['***', 'tasks', 'run', 'customer_churn_ml_pipeline', 'data_preparation_task', 'manual__2025-03-02T14:13:45.132348+00:00', '--job-id', '26', '--raw', '--subdir', 'DAGS_FOLDER/customer_churn.py', '--cfg-path', '/tmp/tmpzlo26oiu']
[2025-03-02T14:14:44.132+0000] {standard_task_runner.py:85} INFO - Job 26: Subtask data_preparation_task
[2025-03-02T14:14:44.168+0000] {logging_mixin.py:154} WARNING - /home/***/.local/lib/python3.8/site-packages/***/settings.py:195 DeprecationWarning: The sql_alchemy_conn option in [core] has been moved to the sql_alchemy_conn option in [database] - the old setting has been used, but please update your config.
[2025-03-02T14:14:44.242+0000] {task_command.py:416} INFO - Running <TaskInstance: customer_churn_ml_pipeline.data_preparation_task manual__2025-03-02T14:13:45.132348+00:00 [running]> on host 157237bff8f7
[2025-03-02T14:14:44.445+0000] {taskinstance.py:1662} INFO - Exporting env vars: AIRFLOW_CTX_DAG_OWNER='***' AIRFLOW_CTX_DAG_ID='customer_churn_ml_pipeline' AIRFLOW_CTX_TASK_ID='data_preparation_task' AIRFLOW_CTX_EXECUTION_DATE='2025-03-02T14:13:45.132348+00:00' AIRFLOW_CTX_TRY_NUMBER='1' AIRFLOW_CTX_DAG_RUN_ID='manual__2025-03-02T14:13:45.132348+00:00'
[2025-03-02T14:14:44.447+0000] {subprocess.py:63} INFO - Tmp dir root location: /tmp
[2025-03-02T14:14:44.448+0000] {subprocess.py:75} INFO - Running command: ['/bin/bash', '-c', '\n\t\t\tcd /opt/*** &&\t\t\tpython /opt/***/executables/data_preparation.py &&                         dvc add /opt/***/data/cleaned &&                         git add /opt/***/data/cleaned.dvc && \t\t\tgit add logs && \\   \n\t\t\tgit add visualization &&    \t\t\tgit status &&                         git commit -m "Updated cleaned data version" -a &&                         dvc push && git push\n                    ']
[2025-03-02T14:14:44.462+0000] {subprocess.py:86} INFO - Output:
[2025-03-02T14:14:47.771+0000] {subprocess.py:93} INFO - 2025-03-02 14:14:47,771 : INFO : Starting data preparation for csv.
[2025-03-02T14:14:47.791+0000] {subprocess.py:93} INFO - 2025-03-02 14:14:47,791 : INFO : Handling 'Tenure', 'Balance', 'EstimatedSalary' empty data
[2025-03-02T14:14:47.792+0000] {subprocess.py:93} INFO - 2025-03-02 14:14:47,791 : INFO : Handling 'Age' empty data
[2025-03-02T14:14:47.793+0000] {subprocess.py:93} INFO - 2025-03-02 14:14:47,792 : INFO : Droping 'Surname' as it may lead to profiling, 'RowNumber', 'CustomerId' as it is not required
[2025-03-02T14:14:47.794+0000] {subprocess.py:93} INFO - 2025-03-02 14:14:47,794 : INFO : Making 'Geography', 'Gender', 'HasCrCard', 'IsActiveMember' as categorical
[2025-03-02T14:14:47.802+0000] {subprocess.py:93} INFO - 2025-03-02 14:14:47,801 : INFO : Saving data to S3.
[2025-03-02T14:14:47.802+0000] {subprocess.py:93} INFO - 2025-03-02 14:14:47,802 : INFO : Directory created at /opt/***/data/cleaned/02-03-2025/csv
[2025-03-02T14:14:47.983+0000] {subprocess.py:93} INFO - 2025-03-02 14:14:47,983 : INFO : Connected to s3
[2025-03-02T14:14:50.638+0000] {subprocess.py:93} INFO - 2025-03-02 14:14:50,637 : INFO : File uploaded to S3
[2025-03-02T14:14:50.639+0000] {subprocess.py:93} INFO - 2025-03-02 14:14:50,638 : INFO : Creating Pie chart
[2025-03-02T14:14:50.738+0000] {subprocess.py:93} INFO - 2025-03-02 14:14:50,738 : INFO : Generating histogram for column CreditScore.
[2025-03-02T14:14:51.005+0000] {subprocess.py:93} INFO - 2025-03-02 14:14:51,005 : INFO : Generating histogram for column Geography.
[2025-03-02T14:14:51.301+0000] {subprocess.py:93} INFO - 2025-03-02 14:14:51,300 : INFO : Generating histogram for column Gender.
[2025-03-02T14:14:51.523+0000] {subprocess.py:93} INFO - 2025-03-02 14:14:51,522 : INFO : Generating histogram for column Age.
[2025-03-02T14:14:51.795+0000] {subprocess.py:93} INFO - 2025-03-02 14:14:51,795 : INFO : Generating histogram for column Tenure.
[2025-03-02T14:14:52.051+0000] {subprocess.py:93} INFO - 2025-03-02 14:14:52,051 : INFO : Generating histogram for column Balance.
[2025-03-02T14:14:52.285+0000] {subprocess.py:93} INFO - 2025-03-02 14:14:52,284 : INFO : Generating histogram for column NumOfProducts.
[2025-03-02T14:14:52.549+0000] {subprocess.py:93} INFO - 2025-03-02 14:14:52,549 : INFO : Generating histogram for column HasCrCard.
[2025-03-02T14:14:52.848+0000] {subprocess.py:93} INFO - 2025-03-02 14:14:52,848 : INFO : Generating histogram for column IsActiveMember.
[2025-03-02T14:14:53.103+0000] {subprocess.py:93} INFO - 2025-03-02 14:14:53,102 : INFO : Generating histogram for column EstimatedSalary.
[2025-03-02T14:14:53.363+0000] {subprocess.py:93} INFO - 2025-03-02 14:14:53,362 : INFO : Generating histogram for column Exited.
[2025-03-02T14:14:53.619+0000] {subprocess.py:93} INFO - 2025-03-02 14:14:53,619 : INFO : Generating histogram for relation of Exited with Categorical data.
[2025-03-02T14:14:54.036+0000] {subprocess.py:93} INFO - 2025-03-02 14:14:54,036 : INFO : Using categorical units to plot a list of strings that are all parsable as floats or dates. If these strings should be plotted as numbers, cast to the appropriate data type before plotting.
[2025-03-02T14:14:54.059+0000] {subprocess.py:93} INFO - 2025-03-02 14:14:54,059 : INFO : Using categorical units to plot a list of strings that are all parsable as floats or dates. If these strings should be plotted as numbers, cast to the appropriate data type before plotting.
[2025-03-02T14:14:54.153+0000] {subprocess.py:93} INFO - 2025-03-02 14:14:54,152 : INFO : Using categorical units to plot a list of strings that are all parsable as floats or dates. If these strings should be plotted as numbers, cast to the appropriate data type before plotting.
[2025-03-02T14:14:54.176+0000] {subprocess.py:93} INFO - 2025-03-02 14:14:54,175 : INFO : Using categorical units to plot a list of strings that are all parsable as floats or dates. If these strings should be plotted as numbers, cast to the appropriate data type before plotting.
[2025-03-02T14:14:54.247+0000] {subprocess.py:93} INFO - 2025-03-02 14:14:54,246 : INFO : Generating box plots for relation of Exited with non Categorical data.
[2025-03-02T14:14:54.525+0000] {subprocess.py:93} INFO - 2025-03-02 14:14:54,524 : INFO : Using categorical units to plot a list of strings that are all parsable as floats or dates. If these strings should be plotted as numbers, cast to the appropriate data type before plotting.
[2025-03-02T14:14:54.561+0000] {subprocess.py:93} INFO - 2025-03-02 14:14:54,560 : INFO : Using categorical units to plot a list of strings that are all parsable as floats or dates. If these strings should be plotted as numbers, cast to the appropriate data type before plotting.
[2025-03-02T14:14:54.686+0000] {subprocess.py:93} INFO - 2025-03-02 14:14:54,686 : INFO : Using categorical units to plot a list of strings that are all parsable as floats or dates. If these strings should be plotted as numbers, cast to the appropriate data type before plotting.
[2025-03-02T14:14:54.724+0000] {subprocess.py:93} INFO - 2025-03-02 14:14:54,723 : INFO : Using categorical units to plot a list of strings that are all parsable as floats or dates. If these strings should be plotted as numbers, cast to the appropriate data type before plotting.
[2025-03-02T14:14:54.862+0000] {subprocess.py:93} INFO - 2025-03-02 14:14:54,862 : INFO : Using categorical units to plot a list of strings that are all parsable as floats or dates. If these strings should be plotted as numbers, cast to the appropriate data type before plotting.
[2025-03-02T14:14:54.888+0000] {subprocess.py:93} INFO - 2025-03-02 14:14:54,888 : INFO : Using categorical units to plot a list of strings that are all parsable as floats or dates. If these strings should be plotted as numbers, cast to the appropriate data type before plotting.
[2025-03-02T14:14:55.001+0000] {subprocess.py:93} INFO - 2025-03-02 14:14:55,001 : INFO : Using categorical units to plot a list of strings that are all parsable as floats or dates. If these strings should be plotted as numbers, cast to the appropriate data type before plotting.
[2025-03-02T14:14:55.029+0000] {subprocess.py:93} INFO - 2025-03-02 14:14:55,029 : INFO : Using categorical units to plot a list of strings that are all parsable as floats or dates. If these strings should be plotted as numbers, cast to the appropriate data type before plotting.
[2025-03-02T14:14:55.148+0000] {subprocess.py:93} INFO - 2025-03-02 14:14:55,147 : INFO : Using categorical units to plot a list of strings that are all parsable as floats or dates. If these strings should be plotted as numbers, cast to the appropriate data type before plotting.
[2025-03-02T14:14:55.174+0000] {subprocess.py:93} INFO - 2025-03-02 14:14:55,174 : INFO : Using categorical units to plot a list of strings that are all parsable as floats or dates. If these strings should be plotted as numbers, cast to the appropriate data type before plotting.
[2025-03-02T14:14:55.435+0000] {subprocess.py:93} INFO - 2025-03-02 14:14:55,435 : INFO : Using categorical units to plot a list of strings that are all parsable as floats or dates. If these strings should be plotted as numbers, cast to the appropriate data type before plotting.
[2025-03-02T14:14:55.465+0000] {subprocess.py:93} INFO - 2025-03-02 14:14:55,465 : INFO : Using categorical units to plot a list of strings that are all parsable as floats or dates. If these strings should be plotted as numbers, cast to the appropriate data type before plotting.
[2025-03-02T14:14:56.099+0000] {subprocess.py:93} INFO - 2025-03-02 14:14:56,098 : INFO : Saved pdf in visualization/plots.pdf
[2025-03-02T14:14:59.702+0000] {subprocess.py:93} INFO - 
[2025-03-02T14:14:59.703+0000] {subprocess.py:93} INFO - To track the changes with git, run:
[2025-03-02T14:14:59.703+0000] {subprocess.py:93} INFO - 
[2025-03-02T14:14:59.703+0000] {subprocess.py:93} INFO - 	git add data/cleaned.dvc
[2025-03-02T14:14:59.704+0000] {subprocess.py:93} INFO - 
[2025-03-02T14:14:59.704+0000] {subprocess.py:93} INFO - To enable auto staging, run:
[2025-03-02T14:14:59.704+0000] {subprocess.py:93} INFO - 
[2025-03-02T14:14:59.704+0000] {subprocess.py:93} INFO - 	dvc config core.autostage true
[2025-03-02T14:15:00.231+0000] {subprocess.py:93} INFO - /bin/bash: line 2:  : command not found
[2025-03-02T14:15:00.291+0000] {subprocess.py:93} INFO - On branch main
[2025-03-02T14:15:00.291+0000] {subprocess.py:93} INFO - Your branch is ahead of 'origin/main' by 1 commit.
[2025-03-02T14:15:00.292+0000] {subprocess.py:93} INFO -   (use "git push" to publish your local commits)
[2025-03-02T14:15:00.292+0000] {subprocess.py:93} INFO - 
[2025-03-02T14:15:00.293+0000] {subprocess.py:93} INFO - Changes to be committed:
[2025-03-02T14:15:00.293+0000] {subprocess.py:93} INFO -   (use "git restore --staged <file>..." to unstage)
[2025-03-02T14:15:00.294+0000] {subprocess.py:93} INFO - 	modified:   logs/dag_id=customer_churn_ml_pipeline/run_id=manual__2025-03-02T14:13:34.519458+00:00/task_id=data_preparation_task/attempt=1.log
[2025-03-02T14:15:00.294+0000] {subprocess.py:93} INFO - 	modified:   logs/dag_id=customer_churn_ml_pipeline/run_id=manual__2025-03-02T14:13:45.132348+00:00/task_id=data_preparation_task/attempt=1.log
[2025-03-02T14:15:00.294+0000] {subprocess.py:93} INFO - 
[2025-03-02T14:15:00.295+0000] {subprocess.py:93} INFO - Changes not staged for commit:
[2025-03-02T14:15:00.295+0000] {subprocess.py:93} INFO -   (use "git add <file>..." to update what will be committed)
[2025-03-02T14:15:00.296+0000] {subprocess.py:93} INFO -   (use "git restore <file>..." to discard changes in working directory)
[2025-03-02T14:15:00.306+0000] {subprocess.py:93} INFO - 	modified:   logs/dag_id=customer_churn_ml_pipeline/run_id=manual__2025-03-02T14:13:45.132348+00:00/task_id=data_preparation_task/attempt=1.log
[2025-03-02T14:15:00.307+0000] {subprocess.py:93} INFO - 
[2025-03-02T14:15:00.307+0000] {subprocess.py:93} INFO - Untracked files:
[2025-03-02T14:15:00.307+0000] {subprocess.py:93} INFO -   (use "git add <file>..." to include in what will be committed)
[2025-03-02T14:15:00.308+0000] {subprocess.py:93} INFO - 	customer_churn_pipeline/
[2025-03-02T14:15:00.308+0000] {subprocess.py:93} INFO - 	customer_churn_stats/feature_repo/data/registry.db
[2025-03-02T14:15:00.309+0000] {subprocess.py:93} INFO - 
