[2025-03-03T22:21:51.156+0000] {taskinstance.py:1159} INFO - Dependencies all met for dep_context=non-requeueable deps ti=<TaskInstance: customer_churn_ml_pipeline.data_preparation_task manual__2025-03-03T22:21:06.824295+00:00 [queued]>
[2025-03-03T22:21:51.171+0000] {taskinstance.py:1159} INFO - Dependencies all met for dep_context=requeueable deps ti=<TaskInstance: customer_churn_ml_pipeline.data_preparation_task manual__2025-03-03T22:21:06.824295+00:00 [queued]>
[2025-03-03T22:21:51.171+0000] {taskinstance.py:1361} INFO - Starting attempt 1 of 1
[2025-03-03T22:21:51.193+0000] {taskinstance.py:1382} INFO - Executing <Task(BashOperator): data_preparation_task> on 2025-03-03 22:21:06.824295+00:00
[2025-03-03T22:21:51.199+0000] {standard_task_runner.py:57} INFO - Started process 3442 to run task
[2025-03-03T22:21:51.204+0000] {standard_task_runner.py:84} INFO - Running: ['***', 'tasks', 'run', 'customer_churn_ml_pipeline', 'data_preparation_task', 'manual__2025-03-03T22:21:06.824295+00:00', '--job-id', '203', '--raw', '--subdir', 'DAGS_FOLDER/customer_churn.py', '--cfg-path', '/tmp/tmpsg7dkdyk']
[2025-03-03T22:21:51.207+0000] {standard_task_runner.py:85} INFO - Job 203: Subtask data_preparation_task
[2025-03-03T22:21:51.236+0000] {logging_mixin.py:154} WARNING - /home/***/.local/lib/python3.8/site-packages/***/settings.py:195 DeprecationWarning: The sql_alchemy_conn option in [core] has been moved to the sql_alchemy_conn option in [database] - the old setting has been used, but please update your config.
[2025-03-03T22:21:51.293+0000] {task_command.py:416} INFO - Running <TaskInstance: customer_churn_ml_pipeline.data_preparation_task manual__2025-03-03T22:21:06.824295+00:00 [running]> on host 157237bff8f7
[2025-03-03T22:21:51.437+0000] {taskinstance.py:1662} INFO - Exporting env vars: AIRFLOW_CTX_DAG_OWNER='***' AIRFLOW_CTX_DAG_ID='customer_churn_ml_pipeline' AIRFLOW_CTX_TASK_ID='data_preparation_task' AIRFLOW_CTX_EXECUTION_DATE='2025-03-03T22:21:06.824295+00:00' AIRFLOW_CTX_TRY_NUMBER='1' AIRFLOW_CTX_DAG_RUN_ID='manual__2025-03-03T22:21:06.824295+00:00'
[2025-03-03T22:21:51.438+0000] {subprocess.py:63} INFO - Tmp dir root location: /tmp
[2025-03-03T22:21:51.439+0000] {subprocess.py:75} INFO - Running command: ['/bin/bash', '-c', '\n\t\t\tcd /opt/*** &&\t\t\tpython /opt/***/executables/data_preparation.py &&                         dvc add /opt/***/data/cleaned &&                         git add /opt/***/data/cleaned.dvc && \t\t\tgit add logs && \\   \n\t\t\tgit add visualization &&    \t\t\tgit status &&                         git commit -m "Updated cleaned data version" -a &&                         dvc push && git push\n                    ']
[2025-03-03T22:21:51.451+0000] {subprocess.py:86} INFO - Output:
[2025-03-03T22:21:54.861+0000] {subprocess.py:93} INFO - 2025-03-03 22:21:54,860 : INFO : Starting data preparation for customer_data.csv.
[2025-03-03T22:21:54.892+0000] {subprocess.py:93} INFO - 2025-03-03 22:21:54,892 : INFO : Dropping 'Tenure' less than 0 and greater than 80
[2025-03-03T22:21:54.893+0000] {subprocess.py:93} INFO - 2025-03-03 22:21:54,893 : ERROR : Error in preparing data'>=' not supported between instances of 'str' and 'int'
[2025-03-03T22:21:54.896+0000] {subprocess.py:93} INFO - Traceback (most recent call last):
[2025-03-03T22:21:54.897+0000] {subprocess.py:93} INFO -   File "/opt/***/executables/data_preparation.py", line 148, in <module>
[2025-03-03T22:21:54.897+0000] {subprocess.py:93} INFO -     prepare_data("customer_data.csv", "csv", "fintech1", "customer_data.csv")
[2025-03-03T22:21:54.898+0000] {subprocess.py:93} INFO -   File "/opt/***/executables/data_preparation.py", line 92, in prepare_data
[2025-03-03T22:21:54.898+0000] {subprocess.py:93} INFO -     raise e
[2025-03-03T22:21:54.898+0000] {subprocess.py:93} INFO -   File "/opt/***/executables/data_preparation.py", line 48, in prepare_data
[2025-03-03T22:21:54.899+0000] {subprocess.py:93} INFO -     df.loc[(df['Tenure'] >= 0) & (df['Tenure'] < 80)].reset_index(drop=True)
[2025-03-03T22:21:54.899+0000] {subprocess.py:93} INFO -   File "/home/***/.local/lib/python3.8/site-packages/pandas/core/ops/common.py", line 72, in new_method
[2025-03-03T22:21:54.899+0000] {subprocess.py:93} INFO -     return method(self, other)
[2025-03-03T22:21:54.899+0000] {subprocess.py:93} INFO -   File "/home/***/.local/lib/python3.8/site-packages/pandas/core/arraylike.py", line 62, in __ge__
[2025-03-03T22:21:54.900+0000] {subprocess.py:93} INFO -     return self._cmp_method(other, operator.ge)
[2025-03-03T22:21:54.900+0000] {subprocess.py:93} INFO -   File "/home/***/.local/lib/python3.8/site-packages/pandas/core/series.py", line 6243, in _cmp_method
[2025-03-03T22:21:54.900+0000] {subprocess.py:93} INFO -     res_values = ops.comparison_op(lvalues, rvalues, op)
[2025-03-03T22:21:54.900+0000] {subprocess.py:93} INFO -   File "/home/***/.local/lib/python3.8/site-packages/pandas/core/ops/array_ops.py", line 287, in comparison_op
[2025-03-03T22:21:54.901+0000] {subprocess.py:93} INFO -     res_values = comp_method_OBJECT_ARRAY(op, lvalues, rvalues)
[2025-03-03T22:21:54.901+0000] {subprocess.py:93} INFO -   File "/home/***/.local/lib/python3.8/site-packages/pandas/core/ops/array_ops.py", line 75, in comp_method_OBJECT_ARRAY
[2025-03-03T22:21:54.902+0000] {subprocess.py:93} INFO -     result = libops.scalar_compare(x.ravel(), y, op)
[2025-03-03T22:21:54.902+0000] {subprocess.py:93} INFO -   File "pandas/_libs/ops.pyx", line 107, in pandas._libs.ops.scalar_compare
[2025-03-03T22:21:54.902+0000] {subprocess.py:93} INFO - TypeError: '>=' not supported between instances of 'str' and 'int'
[2025-03-03T22:21:55.331+0000] {subprocess.py:93} INFO - On branch main
[2025-03-03T22:21:55.331+0000] {subprocess.py:93} INFO - Your branch is up to date with 'origin/main'.
[2025-03-03T22:21:55.332+0000] {subprocess.py:93} INFO - 
[2025-03-03T22:21:55.332+0000] {subprocess.py:93} INFO - Changes not staged for commit:
[2025-03-03T22:21:55.333+0000] {subprocess.py:93} INFO -   (use "git add <file>..." to update what will be committed)
[2025-03-03T22:21:55.333+0000] {subprocess.py:93} INFO -   (use "git restore <file>..." to discard changes in working directory)
[2025-03-03T22:21:55.333+0000] {subprocess.py:93} INFO - 	modified:   logs/dag_id=customer_churn_ml_pipeline/run_id=manual__2025-03-03T22:21:06.824295+00:00/task_id=data_validation_task/attempt=1.log
[2025-03-03T22:21:55.334+0000] {subprocess.py:93} INFO - 	modified:   logs/dag_processor_manager/dag_processor_manager.log
[2025-03-03T22:21:55.334+0000] {subprocess.py:93} INFO - 	modified:   logs/data_preparation.log
[2025-03-03T22:21:55.335+0000] {subprocess.py:93} INFO - 	modified:   logs/scheduler/2025-03-03/customer_churn.py.log
[2025-03-03T22:21:55.335+0000] {subprocess.py:93} INFO - 
[2025-03-03T22:21:55.335+0000] {subprocess.py:93} INFO - Untracked files:
[2025-03-03T22:21:55.336+0000] {subprocess.py:93} INFO -   (use "git add <file>..." to include in what will be committed)
[2025-03-03T22:21:55.336+0000] {subprocess.py:93} INFO - 	customer_churn_stats/feature_repo/data/online_store.db
[2025-03-03T22:21:55.336+0000] {subprocess.py:93} INFO - 	customer_churn_stats/feature_repo/data/registry.db
[2025-03-03T22:21:55.337+0000] {subprocess.py:93} INFO - 	logs/dag_id=customer_churn_ml_pipeline/run_id=manual__2025-03-03T22:21:06.824295+00:00/task_id=data_preparation_task/
[2025-03-03T22:21:55.337+0000] {subprocess.py:93} INFO - 	models/
[2025-03-03T22:21:55.338+0000] {subprocess.py:93} INFO - 	online.db
[2025-03-03T22:21:55.338+0000] {subprocess.py:93} INFO - 
[2025-03-03T22:21:55.338+0000] {subprocess.py:93} INFO - no changes added to commit (use "git add" and/or "git commit -a")
[2025-03-03T22:21:55.516+0000] {subprocess.py:93} INFO - [main 62d43bc] Updated cleaned data version
[2025-03-03T22:21:55.517+0000] {subprocess.py:93} INFO -  4 files changed, 28 insertions(+)
[2025-03-03T22:22:00.938+0000] {subprocess.py:93} INFO - Everything is up to date.
[2025-03-03T22:22:03.057+0000] {subprocess.py:93} INFO - To https://github.com/anniemathew-trial/customer_churn_pipeline.git
[2025-03-03T22:22:03.058+0000] {subprocess.py:93} INFO -    26a179c..62d43bc  main -> main
[2025-03-03T22:22:03.065+0000] {subprocess.py:97} INFO - Command exited with return code 0
[2025-03-03T22:22:03.162+0000] {taskinstance.py:1400} INFO - Marking task as SUCCESS. dag_id=customer_churn_ml_pipeline, task_id=data_preparation_task, execution_date=20250303T222106, start_date=20250303T222151, end_date=20250303T222203
[2025-03-03T22:22:03.244+0000] {local_task_job_runner.py:228} INFO - Task exited with return code 0
[2025-03-03T22:22:03.303+0000] {taskinstance.py:2778} INFO - 1 downstream tasks scheduled from follow-on schedule check
