[2025-03-09T12:26:07.356+0000] {taskinstance.py:1159} INFO - Dependencies all met for dep_context=non-requeueable deps ti=<TaskInstance: customer_churn_ml_pipeline.model_training_task manual__2025-03-09T12:23:56.392807+00:00 [queued]>
[2025-03-09T12:26:07.369+0000] {taskinstance.py:1159} INFO - Dependencies all met for dep_context=requeueable deps ti=<TaskInstance: customer_churn_ml_pipeline.model_training_task manual__2025-03-09T12:23:56.392807+00:00 [queued]>
[2025-03-09T12:26:07.370+0000] {taskinstance.py:1361} INFO - Starting attempt 1 of 1
[2025-03-09T12:26:07.389+0000] {taskinstance.py:1382} INFO - Executing <Task(BashOperator): model_training_task> on 2025-03-09 12:23:56.392807+00:00
[2025-03-09T12:26:07.393+0000] {standard_task_runner.py:57} INFO - Started process 6649 to run task
[2025-03-09T12:26:07.397+0000] {standard_task_runner.py:84} INFO - Running: ['***', 'tasks', 'run', 'customer_churn_ml_pipeline', 'model_training_task', 'manual__2025-03-09T12:23:56.392807+00:00', '--job-id', '365', '--raw', '--subdir', 'DAGS_FOLDER/customer_churn.py', '--cfg-path', '/tmp/tmpfmmorg5e']
[2025-03-09T12:26:07.400+0000] {standard_task_runner.py:85} INFO - Job 365: Subtask model_training_task
[2025-03-09T12:26:07.425+0000] {logging_mixin.py:154} WARNING - /home/***/.local/lib/python3.8/site-packages/***/settings.py:195 DeprecationWarning: The sql_alchemy_conn option in [core] has been moved to the sql_alchemy_conn option in [database] - the old setting has been used, but please update your config.
[2025-03-09T12:26:07.476+0000] {task_command.py:416} INFO - Running <TaskInstance: customer_churn_ml_pipeline.model_training_task manual__2025-03-09T12:23:56.392807+00:00 [running]> on host 157237bff8f7
[2025-03-09T12:26:07.621+0000] {taskinstance.py:1662} INFO - Exporting env vars: AIRFLOW_CTX_DAG_OWNER='***' AIRFLOW_CTX_DAG_ID='customer_churn_ml_pipeline' AIRFLOW_CTX_TASK_ID='model_training_task' AIRFLOW_CTX_EXECUTION_DATE='2025-03-09T12:23:56.392807+00:00' AIRFLOW_CTX_TRY_NUMBER='1' AIRFLOW_CTX_DAG_RUN_ID='manual__2025-03-09T12:23:56.392807+00:00'
[2025-03-09T12:26:07.622+0000] {subprocess.py:63} INFO - Tmp dir root location: /tmp
[2025-03-09T12:26:07.623+0000] {subprocess.py:75} INFO - Running command: ['/bin/bash', '-c', '\n\t    \t\tcd /opt/***\n       \t\t\t    python /opt/***/executables/model_training.py && \t      \t\t    git add logs && \t      \t\t    git add mlruns && \t        \t    git status &&                             git commit -m "Trained model version" -a && \\    \n\t\t\t    git push\n                        ']
[2025-03-09T12:26:07.636+0000] {subprocess.py:86} INFO - Output:
[2025-03-09T12:26:14.297+0000] {subprocess.py:93} INFO - /home/***/.local/lib/python3.8/site-packages/mlflow/gateway/config.py:64: PydanticDeprecatedSince20: Pydantic V1 style `@validator` validators are deprecated. You should migrate to Pydantic V2 style `@field_validator` validators, see the migration guide for more details. Deprecated in Pydantic V2.0 to be removed in V3.0. See Pydantic V2 Migration Guide at https://errors.pydantic.dev/2.4/migration/
[2025-03-09T12:26:14.297+0000] {subprocess.py:93} INFO -   @validator("togetherai_api_key", pre=True)
[2025-03-09T12:26:14.297+0000] {subprocess.py:93} INFO - /home/***/.local/lib/python3.8/site-packages/mlflow/gateway/config.py:372: PydanticDeprecatedSince20: Pydantic V1 style `@root_validator` validators are deprecated. You should migrate to Pydantic V2 style `@model_validator` validators, see the migration guide for more details. Deprecated in Pydantic V2.0 to be removed in V3.0. See Pydantic V2 Migration Guide at https://errors.pydantic.dev/2.4/migration/
[2025-03-09T12:26:14.297+0000] {subprocess.py:93} INFO -   @root_validator(skip_on_failure=True)
[2025-03-09T12:26:14.297+0000] {subprocess.py:93} INFO - /home/***/.local/lib/python3.8/site-packages/pydantic/_internal/_config.py:267: PydanticDeprecatedSince20: Support for class-based `config` is deprecated, use ConfigDict instead. Deprecated in Pydantic V2.0 to be removed in V3.0. See Pydantic V2 Migration Guide at https://errors.pydantic.dev/2.4/migration/
[2025-03-09T12:26:14.298+0000] {subprocess.py:93} INFO -   warnings.warn(DEPRECATION_MESSAGE, DeprecationWarning)
[2025-03-09T12:26:14.298+0000] {subprocess.py:93} INFO - 2025-03-09 12:26:14,296 : INFO : Starting model training
[2025-03-09T12:26:14.313+0000] {subprocess.py:93} INFO - 2025-03-09 12:26:14,313 : INFO : Registry cache expired, so refreshing
[2025-03-09T12:26:14.318+0000] {subprocess.py:93} INFO - 2025-03-09 12:26:14,318 : INFO : Getting data
[2025-03-09T12:26:14.319+0000] {subprocess.py:93} INFO - 2025-03-09 12:26:14,318 : INFO : Start and End Range: 1 to 1000
[2025-03-09T12:26:14.682+0000] {subprocess.py:93} INFO - 2025-03-09 12:26:14,682 : INFO : Data fetched: 999
[2025-03-09T12:26:14.682+0000] {subprocess.py:93} INFO - 2025-03-09 12:26:14,682 : INFO : New Start and End Range: 1001 to 2000
[2025-03-09T12:26:14.682+0000] {subprocess.py:93} INFO - 2025-03-09 12:26:14,682 : INFO : Start and End Range: 1001 to 2000
[2025-03-09T12:26:14.936+0000] {subprocess.py:93} INFO - 2025-03-09 12:26:14,936 : INFO : Data fetched: 999
[2025-03-09T12:26:14.937+0000] {subprocess.py:93} INFO - 2025-03-09 12:26:14,936 : INFO : New Start and End Range: 3001 to 4000
[2025-03-09T12:26:14.937+0000] {subprocess.py:93} INFO - 2025-03-09 12:26:14,937 : INFO : Start and End Range: 3001 to 4000
[2025-03-09T12:26:15.268+0000] {subprocess.py:93} INFO - 2025-03-09 12:26:15,268 : INFO : Data fetched: 999
[2025-03-09T12:26:15.268+0000] {subprocess.py:93} INFO - 2025-03-09 12:26:15,268 : INFO : New Start and End Range: 7001 to 8000
[2025-03-09T12:26:15.269+0000] {subprocess.py:93} INFO - 2025-03-09 12:26:15,268 : INFO : Start and End Range: 7001 to 8000
[2025-03-09T12:26:15.593+0000] {subprocess.py:93} INFO - 2025-03-09 12:26:15,593 : INFO : Data fetched: 999
[2025-03-09T12:26:15.593+0000] {subprocess.py:93} INFO - 2025-03-09 12:26:15,593 : INFO : New Start and End Range: 15001 to 16000
[2025-03-09T12:26:15.594+0000] {subprocess.py:93} INFO - 2025-03-09 12:26:15,593 : INFO : Start and End Range: 15001 to 16000
[2025-03-09T12:26:16.011+0000] {subprocess.py:93} INFO - 2025-03-09 12:26:16,010 : INFO : Data fetched: 999
[2025-03-09T12:26:16.011+0000] {subprocess.py:93} INFO - 2025-03-09 12:26:16,011 : INFO : New Start and End Range: 31001 to 32000
[2025-03-09T12:26:16.011+0000] {subprocess.py:93} INFO - 2025-03-09 12:26:16,011 : INFO : Start and End Range: 31001 to 32000
[2025-03-09T12:26:16.298+0000] {subprocess.py:93} INFO - 2025-03-09 12:26:16,298 : INFO : Data fetched: 999
[2025-03-09T12:26:16.299+0000] {subprocess.py:93} INFO - 2025-03-09 12:26:16,298 : INFO : New Start and End Range: 63001 to 64000
[2025-03-09T12:26:16.299+0000] {subprocess.py:93} INFO - 2025-03-09 12:26:16,299 : INFO : Start and End Range: 63001 to 64000
[2025-03-09T12:26:16.385+0000] {subprocess.py:93} INFO - 2025-03-09 12:26:16,385 : INFO : Reached End of Data
[2025-03-09T12:26:16.388+0000] {subprocess.py:93} INFO - 2025-03-09 12:26:16,388 : INFO : Stoping at Start and End Range: 63001 to 64000
[2025-03-09T12:26:16.388+0000] {subprocess.py:93} INFO - 2025-03-09 12:26:16,388 : INFO : Created feature data
[2025-03-09T12:26:16.388+0000] {subprocess.py:93} INFO - 2025-03-09 12:26:16,388 : INFO : Total Data fetched: 6
[2025-03-09T12:26:16.393+0000] {subprocess.py:93} INFO - 2025-03-09 12:26:16,392 : INFO : received feature data
[2025-03-09T12:26:16.397+0000] {subprocess.py:93} INFO - 2025-03-09 12:26:16,397 : INFO : Models defined
[2025-03-09T12:26:16.397+0000] {subprocess.py:93} INFO - 2025-03-09 12:26:16,397 : INFO : Training model RandomForest
[2025-03-09T12:26:17.605+0000] {subprocess.py:93} INFO - 2025-03-09 12:26:17,604 : INFO : Predicting model RandomForest
[2025-03-09T12:26:17.634+0000] {subprocess.py:93} INFO - 2025-03-09 12:26:17,634 : INFO : Calculating accuracy RandomForest
[2025-03-09T12:26:22.001+0000] {subprocess.py:93} INFO - 2025/03/09 12:26:22 WARNING mlflow.models.model: Model logged without a signature and input example. Please set `input_example` parameter when logging the model to auto infer the model signature.
[2025-03-09T12:26:22.125+0000] {subprocess.py:93} INFO - 2025-03-09 12:26:22,125 : INFO : Logged model RandomForest
[2025-03-09T12:26:22.185+0000] {subprocess.py:93} INFO - 2025/03/09 12:26:22 INFO mlflow.tracking._tracking_service.client: 🏃 View run RandomForest at: http://localhost:5000/#/experiments/0/runs/6a895ee32d0a45bfab27c6fb1675f976.
[2025-03-09T12:26:22.185+0000] {subprocess.py:93} INFO - 2025/03/09 12:26:22 INFO mlflow.tracking._tracking_service.client: 🧪 View experiment at: http://localhost:5000/#/experiments/0.
[2025-03-09T12:26:22.192+0000] {subprocess.py:93} INFO - 2025-03-09 12:26:22,192 : INFO : Training model LinearRegression
[2025-03-09T12:26:22.274+0000] {subprocess.py:93} INFO - /home/***/.local/lib/python3.8/site-packages/sklearn/linear_model/_logistic.py:460: ConvergenceWarning: lbfgs failed to converge (status=1):
[2025-03-09T12:26:22.274+0000] {subprocess.py:93} INFO - STOP: TOTAL NO. of ITERATIONS REACHED LIMIT.
[2025-03-09T12:26:22.274+0000] {subprocess.py:93} INFO - 
[2025-03-09T12:26:22.275+0000] {subprocess.py:93} INFO - Increase the number of iterations (max_iter) or scale the data as shown in:
[2025-03-09T12:26:22.275+0000] {subprocess.py:93} INFO -     https://scikit-learn.org/stable/modules/preprocessing.html
[2025-03-09T12:26:22.275+0000] {subprocess.py:93} INFO - Please also refer to the documentation for alternative solver options:
[2025-03-09T12:26:22.275+0000] {subprocess.py:93} INFO -     https://scikit-learn.org/stable/modules/linear_model.html#logistic-regression
[2025-03-09T12:26:22.276+0000] {subprocess.py:93} INFO -   n_iter_i = _check_optimize_result(
[2025-03-09T12:26:22.276+0000] {subprocess.py:93} INFO - 2025-03-09 12:26:22,273 : INFO : Predicting model LinearRegression
[2025-03-09T12:26:22.279+0000] {subprocess.py:93} INFO - 2025-03-09 12:26:22,279 : INFO : Calculating accuracy LinearRegression
[2025-03-09T12:26:26.827+0000] {subprocess.py:93} INFO - 2025/03/09 12:26:26 WARNING mlflow.models.model: Model logged without a signature and input example. Please set `input_example` parameter when logging the model to auto infer the model signature.
[2025-03-09T12:26:26.893+0000] {subprocess.py:93} INFO - 2025-03-09 12:26:26,893 : INFO : Logged model LinearRegression
[2025-03-09T12:26:26.907+0000] {subprocess.py:93} INFO - 2025/03/09 12:26:26 INFO mlflow.tracking._tracking_service.client: 🏃 View run LinearRegression at: http://localhost:5000/#/experiments/0/runs/66cf6ae6220b4aaf9cbf2d1d42a9ea6a.
[2025-03-09T12:26:26.907+0000] {subprocess.py:93} INFO - 2025/03/09 12:26:26 INFO mlflow.tracking._tracking_service.client: 🧪 View experiment at: http://localhost:5000/#/experiments/0.
[2025-03-09T12:26:26.917+0000] {subprocess.py:93} INFO - 2025-03-09 12:26:26,917 : INFO : Training model DecisionTree
[2025-03-09T12:26:26.945+0000] {subprocess.py:93} INFO - 2025-03-09 12:26:26,945 : INFO : Predicting model DecisionTree
[2025-03-09T12:26:26.948+0000] {subprocess.py:93} INFO - 2025-03-09 12:26:26,947 : INFO : Calculating accuracy DecisionTree
[2025-03-09T12:26:30.637+0000] {subprocess.py:93} INFO - 2025/03/09 12:26:30 WARNING mlflow.models.model: Model logged without a signature and input example. Please set `input_example` parameter when logging the model to auto infer the model signature.
[2025-03-09T12:26:30.686+0000] {subprocess.py:93} INFO - 2025-03-09 12:26:30,685 : INFO : Logged model DecisionTree
[2025-03-09T12:26:30.695+0000] {subprocess.py:93} INFO - 2025/03/09 12:26:30 INFO mlflow.tracking._tracking_service.client: 🏃 View run DecisionTree at: http://localhost:5000/#/experiments/0/runs/6a76efe1e21942c2afa2846663b6c0e3.
[2025-03-09T12:26:30.696+0000] {subprocess.py:93} INFO - 2025/03/09 12:26:30 INFO mlflow.tracking._tracking_service.client: 🧪 View experiment at: http://localhost:5000/#/experiments/0.
[2025-03-09T12:26:30.702+0000] {subprocess.py:93} INFO - 2025-03-09 12:26:30,701 : INFO : Starting best model registration
[2025-03-09T12:26:30.702+0000] {subprocess.py:93} INFO - 2025-03-09 12:26:30,702 : INFO : Finding Best model
[2025-03-09T12:26:30.786+0000] {subprocess.py:93} INFO - 2025-03-09 12:26:30,786 : INFO : Selected best model : run_id                                            d372010ed55142098d35f880b4b7339f
[2025-03-09T12:26:30.786+0000] {subprocess.py:93} INFO - experiment_id                                                                    0
[2025-03-09T12:26:30.787+0000] {subprocess.py:93} INFO - status                                                                    FINISHED
[2025-03-09T12:26:30.787+0000] {subprocess.py:93} INFO - artifact_uri                     mlflow-artifacts:/0/d372010ed55142098d35f880b4...
[2025-03-09T12:26:30.787+0000] {subprocess.py:93} INFO - start_time                                        2025-03-09 11:35:45.395000+00:00
[2025-03-09T12:26:30.787+0000] {subprocess.py:93} INFO - end_time                                          2025-03-09 11:35:50.125000+00:00
[2025-03-09T12:26:30.787+0000] {subprocess.py:93} INFO - metrics.precision                                                         0.791908
[2025-03-09T12:26:30.787+0000] {subprocess.py:93} INFO - metrics.accuracy                                                          0.878232
[2025-03-09T12:26:30.787+0000] {subprocess.py:93} INFO - metrics.f1_score                                                          0.652381
[2025-03-09T12:26:30.788+0000] {subprocess.py:93} INFO - metrics.recall                                                            0.554656
[2025-03-09T12:26:30.788+0000] {subprocess.py:93} INFO - params.model_type                                                     RandomForest
[2025-03-09T12:26:30.788+0000] {subprocess.py:93} INFO - tags.mlflow.user                                                           ***
[2025-03-09T12:26:30.788+0000] {subprocess.py:93} INFO - tags.mlflow.source.type                                                      LOCAL
[2025-03-09T12:26:30.788+0000] {subprocess.py:93} INFO - tags.mlflow.runName                                                   RandomForest
[2025-03-09T12:26:30.788+0000] {subprocess.py:93} INFO - tags.mlflow.log-model.history    [{"run_id": "d372010ed55142098d35f880b4b7339f"...
[2025-03-09T12:26:30.788+0000] {subprocess.py:93} INFO - tags.mlflow.source.git.commit             c7be44594672bffe451ff8b64c27676ce66f5d44
[2025-03-09T12:26:30.789+0000] {subprocess.py:93} INFO - tags.mlflow.source.name                              executables/model_training.py
[2025-03-09T12:26:30.789+0000] {subprocess.py:93} INFO - Name: 17, dtype: object
[2025-03-09T12:26:30.789+0000] {subprocess.py:93} INFO - 2025-03-09 12:26:30,786 : INFO : Registering best model runs:/d372010ed55142098d35f880b4b7339f/RandomForest_model
[2025-03-09T12:26:30.846+0000] {subprocess.py:93} INFO - Registered model 'Best_ML_Model' already exists. Creating a new version of this model...
[2025-03-09T12:26:30.846+0000] {subprocess.py:93} INFO - 2025/03/09 12:26:30 INFO mlflow.store.model_registry.abstract_store: Waiting up to 300 seconds for model version to finish creation. Model name: Best_ML_Model, version 6
[2025-03-09T12:26:30.846+0000] {subprocess.py:93} INFO - Created version '6' of model 'Best_ML_Model'.
[2025-03-09T12:26:30.846+0000] {subprocess.py:93} INFO - 2025-03-09 12:26:30,845 : INFO : Completed model training & registration !!
[2025-03-09T12:26:31.486+0000] {subprocess.py:93} INFO - On branch main
[2025-03-09T12:26:31.486+0000] {subprocess.py:93} INFO - Your branch is up to date with 'origin/main'.
[2025-03-09T12:26:31.486+0000] {subprocess.py:93} INFO - 
[2025-03-09T12:26:31.487+0000] {subprocess.py:93} INFO - Changes to be committed:
[2025-03-09T12:26:31.487+0000] {subprocess.py:93} INFO -   (use "git restore --staged <file>..." to unstage)
[2025-03-09T12:26:31.487+0000] {subprocess.py:93} INFO - 	new file:   logs/dag_id=customer_churn_ml_pipeline/run_id=manual__2025-03-09T12:23:56.392807+00:00/task_id=feature_store_task/attempt=1.log
[2025-03-09T12:26:31.487+0000] {subprocess.py:93} INFO - 	new file:   logs/dag_id=customer_churn_ml_pipeline/run_id=manual__2025-03-09T12:23:56.392807+00:00/task_id=model_training_task/attempt=1.log
[2025-03-09T12:26:31.487+0000] {subprocess.py:93} INFO - 	modified:   logs/dag_processor_manager/dag_processor_manager.log
[2025-03-09T12:26:31.487+0000] {subprocess.py:93} INFO - 	modified:   logs/model_training.log
[2025-03-09T12:26:31.487+0000] {subprocess.py:93} INFO - 	modified:   logs/scheduler/2025-03-09/customer_churn.py.log
[2025-03-09T12:26:31.487+0000] {subprocess.py:93} INFO - 	new file:   mlruns/0/66cf6ae6220b4aaf9cbf2d1d42a9ea6a/meta.yaml
[2025-03-09T12:26:31.488+0000] {subprocess.py:93} INFO - 	new file:   mlruns/0/66cf6ae6220b4aaf9cbf2d1d42a9ea6a/metrics/accuracy
[2025-03-09T12:26:31.488+0000] {subprocess.py:93} INFO - 	new file:   mlruns/0/66cf6ae6220b4aaf9cbf2d1d42a9ea6a/metrics/f1_score
[2025-03-09T12:26:31.488+0000] {subprocess.py:93} INFO - 	new file:   mlruns/0/66cf6ae6220b4aaf9cbf2d1d42a9ea6a/metrics/precision
[2025-03-09T12:26:31.488+0000] {subprocess.py:93} INFO - 	new file:   mlruns/0/66cf6ae6220b4aaf9cbf2d1d42a9ea6a/metrics/recall
[2025-03-09T12:26:31.488+0000] {subprocess.py:93} INFO - 	new file:   mlruns/0/66cf6ae6220b4aaf9cbf2d1d42a9ea6a/params/model_type
[2025-03-09T12:26:31.488+0000] {subprocess.py:93} INFO - 	new file:   mlruns/0/66cf6ae6220b4aaf9cbf2d1d42a9ea6a/tags/mlflow.log-model.history
[2025-03-09T12:26:31.488+0000] {subprocess.py:93} INFO - 	new file:   mlruns/0/66cf6ae6220b4aaf9cbf2d1d42a9ea6a/tags/mlflow.runName
[2025-03-09T12:26:31.488+0000] {subprocess.py:93} INFO - 	new file:   mlruns/0/66cf6ae6220b4aaf9cbf2d1d42a9ea6a/tags/mlflow.source.git.commit
[2025-03-09T12:26:31.488+0000] {subprocess.py:93} INFO - 	new file:   mlruns/0/66cf6ae6220b4aaf9cbf2d1d42a9ea6a/tags/mlflow.source.name
[2025-03-09T12:26:31.489+0000] {subprocess.py:93} INFO - 	new file:   mlruns/0/66cf6ae6220b4aaf9cbf2d1d42a9ea6a/tags/mlflow.source.type
[2025-03-09T12:26:31.489+0000] {subprocess.py:93} INFO - 	new file:   mlruns/0/66cf6ae6220b4aaf9cbf2d1d42a9ea6a/tags/mlflow.user
[2025-03-09T12:26:31.489+0000] {subprocess.py:93} INFO - 	new file:   mlruns/0/6a76efe1e21942c2afa2846663b6c0e3/meta.yaml
[2025-03-09T12:26:31.489+0000] {subprocess.py:93} INFO - 	new file:   mlruns/0/6a76efe1e21942c2afa2846663b6c0e3/metrics/accuracy
[2025-03-09T12:26:31.489+0000] {subprocess.py:93} INFO - 	new file:   mlruns/0/6a76efe1e21942c2afa2846663b6c0e3/metrics/f1_score
[2025-03-09T12:26:31.489+0000] {subprocess.py:93} INFO - 	new file:   mlruns/0/6a76efe1e21942c2afa2846663b6c0e3/metrics/precision
[2025-03-09T12:26:31.489+0000] {subprocess.py:93} INFO - 	new file:   mlruns/0/6a76efe1e21942c2afa2846663b6c0e3/metrics/recall
[2025-03-09T12:26:31.489+0000] {subprocess.py:93} INFO - 	new file:   mlruns/0/6a76efe1e21942c2afa2846663b6c0e3/params/model_type
[2025-03-09T12:26:31.489+0000] {subprocess.py:93} INFO - 	new file:   mlruns/0/6a76efe1e21942c2afa2846663b6c0e3/tags/mlflow.log-model.history
[2025-03-09T12:26:31.490+0000] {subprocess.py:93} INFO - 	new file:   mlruns/0/6a76efe1e21942c2afa2846663b6c0e3/tags/mlflow.runName
[2025-03-09T12:26:31.490+0000] {subprocess.py:93} INFO - 	new file:   mlruns/0/6a76efe1e21942c2afa2846663b6c0e3/tags/mlflow.source.git.commit
[2025-03-09T12:26:31.490+0000] {subprocess.py:93} INFO - 	new file:   mlruns/0/6a76efe1e21942c2afa2846663b6c0e3/tags/mlflow.source.name
[2025-03-09T12:26:31.490+0000] {subprocess.py:93} INFO - 	new file:   mlruns/0/6a76efe1e21942c2afa2846663b6c0e3/tags/mlflow.source.type
[2025-03-09T12:26:31.490+0000] {subprocess.py:93} INFO - 	new file:   mlruns/0/6a76efe1e21942c2afa2846663b6c0e3/tags/mlflow.user
[2025-03-09T12:26:31.490+0000] {subprocess.py:93} INFO - 	new file:   mlruns/0/6a895ee32d0a45bfab27c6fb1675f976/meta.yaml
[2025-03-09T12:26:31.490+0000] {subprocess.py:93} INFO - 	new file:   mlruns/0/6a895ee32d0a45bfab27c6fb1675f976/metrics/accuracy
[2025-03-09T12:26:31.490+0000] {subprocess.py:93} INFO - 	new file:   mlruns/0/6a895ee32d0a45bfab27c6fb1675f976/metrics/f1_score
[2025-03-09T12:26:31.490+0000] {subprocess.py:93} INFO - 	new file:   mlruns/0/6a895ee32d0a45bfab27c6fb1675f976/metrics/precision
[2025-03-09T12:26:31.491+0000] {subprocess.py:93} INFO - 	new file:   mlruns/0/6a895ee32d0a45bfab27c6fb1675f976/metrics/recall
[2025-03-09T12:26:31.491+0000] {subprocess.py:93} INFO - 	new file:   mlruns/0/6a895ee32d0a45bfab27c6fb1675f976/params/model_type
[2025-03-09T12:26:31.491+0000] {subprocess.py:93} INFO - 	new file:   mlruns/0/6a895ee32d0a45bfab27c6fb1675f976/tags/mlflow.log-model.history
[2025-03-09T12:26:31.491+0000] {subprocess.py:93} INFO - 	new file:   mlruns/0/6a895ee32d0a45bfab27c6fb1675f976/tags/mlflow.runName
[2025-03-09T12:26:31.491+0000] {subprocess.py:93} INFO - 	new file:   mlruns/0/6a895ee32d0a45bfab27c6fb1675f976/tags/mlflow.source.git.commit
