[2025-03-09T16:32:14.265+0000] {taskinstance.py:1159} INFO - Dependencies all met for dep_context=non-requeueable deps ti=<TaskInstance: customer_churn_ml_pipeline.model_training_task manual__2025-03-09T16:29:25.068190+00:00 [queued]>
[2025-03-09T16:32:14.293+0000] {taskinstance.py:1159} INFO - Dependencies all met for dep_context=requeueable deps ti=<TaskInstance: customer_churn_ml_pipeline.model_training_task manual__2025-03-09T16:29:25.068190+00:00 [queued]>
[2025-03-09T16:32:14.293+0000] {taskinstance.py:1361} INFO - Starting attempt 1 of 1
[2025-03-09T16:32:14.325+0000] {taskinstance.py:1382} INFO - Executing <Task(BashOperator): model_training_task> on 2025-03-09 16:29:25.068190+00:00
[2025-03-09T16:32:14.331+0000] {standard_task_runner.py:57} INFO - Started process 10149 to run task
[2025-03-09T16:32:14.337+0000] {standard_task_runner.py:84} INFO - Running: ['***', 'tasks', 'run', 'customer_churn_ml_pipeline', 'model_training_task', 'manual__2025-03-09T16:29:25.068190+00:00', '--job-id', '383', '--raw', '--subdir', 'DAGS_FOLDER/customer_churn.py', '--cfg-path', '/tmp/tmplw_39_gy']
[2025-03-09T16:32:14.341+0000] {standard_task_runner.py:85} INFO - Job 383: Subtask model_training_task
[2025-03-09T16:32:14.380+0000] {logging_mixin.py:154} WARNING - /home/***/.local/lib/python3.8/site-packages/***/settings.py:195 DeprecationWarning: The sql_alchemy_conn option in [core] has been moved to the sql_alchemy_conn option in [database] - the old setting has been used, but please update your config.
[2025-03-09T16:32:14.466+0000] {task_command.py:416} INFO - Running <TaskInstance: customer_churn_ml_pipeline.model_training_task manual__2025-03-09T16:29:25.068190+00:00 [running]> on host 157237bff8f7
[2025-03-09T16:32:14.701+0000] {taskinstance.py:1662} INFO - Exporting env vars: AIRFLOW_CTX_DAG_OWNER='***' AIRFLOW_CTX_DAG_ID='customer_churn_ml_pipeline' AIRFLOW_CTX_TASK_ID='model_training_task' AIRFLOW_CTX_EXECUTION_DATE='2025-03-09T16:29:25.068190+00:00' AIRFLOW_CTX_TRY_NUMBER='1' AIRFLOW_CTX_DAG_RUN_ID='manual__2025-03-09T16:29:25.068190+00:00'
[2025-03-09T16:32:14.704+0000] {subprocess.py:63} INFO - Tmp dir root location: /tmp
[2025-03-09T16:32:14.706+0000] {subprocess.py:75} INFO - Running command: ['/bin/bash', '-c', '\n\t    \t\tcd /opt/***\n       \t\t\t    python /opt/***/executables/model_training.py && \t      \t\t    git add logs && \t      \t\t    git add mlruns && \t        \t    git status &&                             git commit -m "Trained model version" -a && \\    \n\t\t\t    git push\n                        ']
[2025-03-09T16:32:14.723+0000] {subprocess.py:86} INFO - Output:
[2025-03-09T16:32:25.031+0000] {subprocess.py:93} INFO - /home/***/.local/lib/python3.8/site-packages/mlflow/gateway/config.py:64: PydanticDeprecatedSince20: Pydantic V1 style `@validator` validators are deprecated. You should migrate to Pydantic V2 style `@field_validator` validators, see the migration guide for more details. Deprecated in Pydantic V2.0 to be removed in V3.0. See Pydantic V2 Migration Guide at https://errors.pydantic.dev/2.4/migration/
[2025-03-09T16:32:25.032+0000] {subprocess.py:93} INFO -   @validator("togetherai_api_key", pre=True)
[2025-03-09T16:32:25.032+0000] {subprocess.py:93} INFO - /home/***/.local/lib/python3.8/site-packages/mlflow/gateway/config.py:372: PydanticDeprecatedSince20: Pydantic V1 style `@root_validator` validators are deprecated. You should migrate to Pydantic V2 style `@model_validator` validators, see the migration guide for more details. Deprecated in Pydantic V2.0 to be removed in V3.0. See Pydantic V2 Migration Guide at https://errors.pydantic.dev/2.4/migration/
[2025-03-09T16:32:25.032+0000] {subprocess.py:93} INFO -   @root_validator(skip_on_failure=True)
[2025-03-09T16:32:25.032+0000] {subprocess.py:93} INFO - /home/***/.local/lib/python3.8/site-packages/pydantic/_internal/_config.py:267: PydanticDeprecatedSince20: Support for class-based `config` is deprecated, use ConfigDict instead. Deprecated in Pydantic V2.0 to be removed in V3.0. See Pydantic V2 Migration Guide at https://errors.pydantic.dev/2.4/migration/
[2025-03-09T16:32:25.033+0000] {subprocess.py:93} INFO -   warnings.warn(DEPRECATION_MESSAGE, DeprecationWarning)
[2025-03-09T16:32:25.033+0000] {subprocess.py:93} INFO - 2025-03-09 16:32:25,031 : INFO : Starting model training
[2025-03-09T16:32:25.053+0000] {subprocess.py:93} INFO - 2025-03-09 16:32:25,053 : INFO : Registry cache expired, so refreshing
[2025-03-09T16:32:25.063+0000] {subprocess.py:93} INFO - 2025-03-09 16:32:25,063 : INFO : Getting data
[2025-03-09T16:32:25.064+0000] {subprocess.py:93} INFO - 2025-03-09 16:32:25,064 : INFO : Start and End Range: 1 to 1000
[2025-03-09T16:32:25.523+0000] {subprocess.py:93} INFO - 2025-03-09 16:32:25,523 : INFO : Data fetched: 999
[2025-03-09T16:32:25.524+0000] {subprocess.py:93} INFO - 2025-03-09 16:32:25,523 : INFO : New Start and End Range: 1001 to 2000
[2025-03-09T16:32:25.524+0000] {subprocess.py:93} INFO - 2025-03-09 16:32:25,524 : INFO : Start and End Range: 1001 to 2000
[2025-03-09T16:32:25.974+0000] {subprocess.py:93} INFO - 2025-03-09 16:32:25,974 : INFO : Data fetched: 999
[2025-03-09T16:32:25.975+0000] {subprocess.py:93} INFO - 2025-03-09 16:32:25,974 : INFO : New Start and End Range: 3001 to 4000
[2025-03-09T16:32:25.975+0000] {subprocess.py:93} INFO - 2025-03-09 16:32:25,975 : INFO : Start and End Range: 3001 to 4000
[2025-03-09T16:32:26.522+0000] {subprocess.py:93} INFO - 2025-03-09 16:32:26,521 : INFO : Data fetched: 999
[2025-03-09T16:32:26.522+0000] {subprocess.py:93} INFO - 2025-03-09 16:32:26,522 : INFO : New Start and End Range: 7001 to 8000
[2025-03-09T16:32:26.523+0000] {subprocess.py:93} INFO - 2025-03-09 16:32:26,523 : INFO : Start and End Range: 7001 to 8000
[2025-03-09T16:32:26.931+0000] {subprocess.py:93} INFO - 2025-03-09 16:32:26,930 : INFO : Data fetched: 999
[2025-03-09T16:32:26.931+0000] {subprocess.py:93} INFO - 2025-03-09 16:32:26,931 : INFO : New Start and End Range: 15001 to 16000
[2025-03-09T16:32:26.931+0000] {subprocess.py:93} INFO - 2025-03-09 16:32:26,931 : INFO : Start and End Range: 15001 to 16000
[2025-03-09T16:32:27.437+0000] {subprocess.py:93} INFO - 2025-03-09 16:32:27,436 : INFO : Data fetched: 999
[2025-03-09T16:32:27.437+0000] {subprocess.py:93} INFO - 2025-03-09 16:32:27,437 : INFO : New Start and End Range: 31001 to 32000
[2025-03-09T16:32:27.437+0000] {subprocess.py:93} INFO - 2025-03-09 16:32:27,437 : INFO : Start and End Range: 31001 to 32000
[2025-03-09T16:32:27.837+0000] {subprocess.py:93} INFO - 2025-03-09 16:32:27,837 : INFO : Data fetched: 999
[2025-03-09T16:32:27.837+0000] {subprocess.py:93} INFO - 2025-03-09 16:32:27,837 : INFO : New Start and End Range: 63001 to 64000
[2025-03-09T16:32:27.838+0000] {subprocess.py:93} INFO - 2025-03-09 16:32:27,837 : INFO : Start and End Range: 63001 to 64000
[2025-03-09T16:32:27.962+0000] {subprocess.py:93} INFO - 2025-03-09 16:32:27,962 : INFO : Reached End of Data
[2025-03-09T16:32:27.966+0000] {subprocess.py:93} INFO - 2025-03-09 16:32:27,966 : INFO : Stoping at Start and End Range: 63001 to 64000
[2025-03-09T16:32:27.967+0000] {subprocess.py:93} INFO - 2025-03-09 16:32:27,966 : INFO : Created feature data
[2025-03-09T16:32:27.967+0000] {subprocess.py:93} INFO - 2025-03-09 16:32:27,966 : INFO : Total Data fetched: 6
[2025-03-09T16:32:27.972+0000] {subprocess.py:93} INFO - 2025-03-09 16:32:27,972 : INFO : received feature data
[2025-03-09T16:32:27.977+0000] {subprocess.py:93} INFO - 2025-03-09 16:32:27,977 : INFO : Models defined
[2025-03-09T16:32:27.978+0000] {subprocess.py:93} INFO - 2025-03-09 16:32:27,977 : INFO : Training model RandomForest
[2025-03-09T16:32:30.554+0000] {subprocess.py:93} INFO - 2025-03-09 16:32:30,554 : INFO : Predicting model RandomForest
[2025-03-09T16:32:30.631+0000] {subprocess.py:93} INFO - 2025-03-09 16:32:30,631 : INFO : Calculating accuracy RandomForest
[2025-03-09T16:32:39.628+0000] {subprocess.py:93} INFO - 2025/03/09 16:32:39 WARNING mlflow.models.model: Model logged without a signature and input example. Please set `input_example` parameter when logging the model to auto infer the model signature.
[2025-03-09T16:32:39.840+0000] {subprocess.py:93} INFO - 2025-03-09 16:32:39,839 : INFO : Logged model RandomForest
[2025-03-09T16:32:39.883+0000] {subprocess.py:93} INFO - 2025/03/09 16:32:39 INFO mlflow.tracking._tracking_service.client: 🏃 View run RandomForest at: http://localhost:5000/#/experiments/0/runs/48d6bd1aea8d43c0acd5a07e34588973.
[2025-03-09T16:32:39.884+0000] {subprocess.py:93} INFO - 2025/03/09 16:32:39 INFO mlflow.tracking._tracking_service.client: 🧪 View experiment at: http://localhost:5000/#/experiments/0.
[2025-03-09T16:32:39.897+0000] {subprocess.py:93} INFO - 2025-03-09 16:32:39,897 : INFO : Training model LinearRegression
[2025-03-09T16:32:40.242+0000] {subprocess.py:93} INFO - /home/***/.local/lib/python3.8/site-packages/sklearn/linear_model/_logistic.py:460: ConvergenceWarning: lbfgs failed to converge (status=1):
[2025-03-09T16:32:40.242+0000] {subprocess.py:93} INFO - STOP: TOTAL NO. of ITERATIONS REACHED LIMIT.
[2025-03-09T16:32:40.243+0000] {subprocess.py:93} INFO - 
[2025-03-09T16:32:40.243+0000] {subprocess.py:93} INFO - Increase the number of iterations (max_iter) or scale the data as shown in:
[2025-03-09T16:32:40.243+0000] {subprocess.py:93} INFO -     https://scikit-learn.org/stable/modules/preprocessing.html
[2025-03-09T16:32:40.244+0000] {subprocess.py:93} INFO - Please also refer to the documentation for alternative solver options:
[2025-03-09T16:32:40.245+0000] {subprocess.py:93} INFO -     https://scikit-learn.org/stable/modules/linear_model.html#logistic-regression
[2025-03-09T16:32:40.245+0000] {subprocess.py:93} INFO -   n_iter_i = _check_optimize_result(
[2025-03-09T16:32:40.246+0000] {subprocess.py:93} INFO - 2025-03-09 16:32:40,241 : INFO : Predicting model LinearRegression
[2025-03-09T16:32:40.260+0000] {subprocess.py:93} INFO - 2025-03-09 16:32:40,259 : INFO : Calculating accuracy LinearRegression
[2025-03-09T16:32:45.989+0000] {subprocess.py:93} INFO - 2025/03/09 16:32:45 WARNING mlflow.models.model: Model logged without a signature and input example. Please set `input_example` parameter when logging the model to auto infer the model signature.
[2025-03-09T16:32:46.075+0000] {subprocess.py:93} INFO - 2025-03-09 16:32:46,074 : INFO : Logged model LinearRegression
[2025-03-09T16:32:46.093+0000] {subprocess.py:93} INFO - 2025/03/09 16:32:46 INFO mlflow.tracking._tracking_service.client: 🏃 View run LinearRegression at: http://localhost:5000/#/experiments/0/runs/4eda4d07bfb34e6e8697f37d7c214214.
[2025-03-09T16:32:46.094+0000] {subprocess.py:93} INFO - 2025/03/09 16:32:46 INFO mlflow.tracking._tracking_service.client: 🧪 View experiment at: http://localhost:5000/#/experiments/0.
[2025-03-09T16:32:46.106+0000] {subprocess.py:93} INFO - 2025-03-09 16:32:46,105 : INFO : Training model DecisionTree
[2025-03-09T16:32:46.146+0000] {subprocess.py:93} INFO - 2025-03-09 16:32:46,145 : INFO : Predicting model DecisionTree
[2025-03-09T16:32:46.150+0000] {subprocess.py:93} INFO - 2025-03-09 16:32:46,149 : INFO : Calculating accuracy DecisionTree
[2025-03-09T16:32:53.193+0000] {subprocess.py:93} INFO - 2025/03/09 16:32:53 WARNING mlflow.models.model: Model logged without a signature and input example. Please set `input_example` parameter when logging the model to auto infer the model signature.
[2025-03-09T16:32:53.267+0000] {subprocess.py:93} INFO - 2025-03-09 16:32:53,266 : INFO : Logged model DecisionTree
[2025-03-09T16:32:53.282+0000] {subprocess.py:93} INFO - 2025/03/09 16:32:53 INFO mlflow.tracking._tracking_service.client: 🏃 View run DecisionTree at: http://localhost:5000/#/experiments/0/runs/82545e54d84341bb9fff755fd23136e5.
[2025-03-09T16:32:53.282+0000] {subprocess.py:93} INFO - 2025/03/09 16:32:53 INFO mlflow.tracking._tracking_service.client: 🧪 View experiment at: http://localhost:5000/#/experiments/0.
[2025-03-09T16:32:53.293+0000] {subprocess.py:93} INFO - 2025-03-09 16:32:53,292 : INFO : Starting best model registration
[2025-03-09T16:32:53.293+0000] {subprocess.py:93} INFO - 2025-03-09 16:32:53,293 : INFO : Finding Best model
[2025-03-09T16:32:53.468+0000] {subprocess.py:93} INFO - 2025-03-09 16:32:53,468 : INFO : Selected best model : run_id                                            d372010ed55142098d35f880b4b7339f
[2025-03-09T16:32:53.468+0000] {subprocess.py:93} INFO - experiment_id                                                                    0
[2025-03-09T16:32:53.469+0000] {subprocess.py:93} INFO - status                                                                    FINISHED
[2025-03-09T16:32:53.469+0000] {subprocess.py:93} INFO - artifact_uri                     mlflow-artifacts:/0/d372010ed55142098d35f880b4...
[2025-03-09T16:32:53.469+0000] {subprocess.py:93} INFO - start_time                                        2025-03-09 11:35:45.395000+00:00
[2025-03-09T16:32:53.469+0000] {subprocess.py:93} INFO - end_time                                          2025-03-09 11:35:50.125000+00:00
[2025-03-09T16:32:53.469+0000] {subprocess.py:93} INFO - metrics.f1_score                                                          0.652381
[2025-03-09T16:32:53.470+0000] {subprocess.py:93} INFO - metrics.accuracy                                                          0.878232
[2025-03-09T16:32:53.470+0000] {subprocess.py:93} INFO - metrics.recall                                                            0.554656
[2025-03-09T16:32:53.470+0000] {subprocess.py:93} INFO - metrics.precision                                                         0.791908
[2025-03-09T16:32:53.470+0000] {subprocess.py:93} INFO - params.model_type                                                     RandomForest
[2025-03-09T16:32:53.470+0000] {subprocess.py:93} INFO - tags.mlflow.source.type                                                      LOCAL
[2025-03-09T16:32:53.471+0000] {subprocess.py:93} INFO - tags.mlflow.user                                                           ***
[2025-03-09T16:32:53.471+0000] {subprocess.py:93} INFO - tags.mlflow.source.name                              executables/model_training.py
[2025-03-09T16:32:53.471+0000] {subprocess.py:93} INFO - tags.mlflow.runName                                                   RandomForest
[2025-03-09T16:32:53.471+0000] {subprocess.py:93} INFO - tags.mlflow.log-model.history    [{"run_id": "d372010ed55142098d35f880b4b7339f"...
[2025-03-09T16:32:53.471+0000] {subprocess.py:93} INFO - tags.mlflow.source.git.commit             c7be44594672bffe451ff8b64c27676ce66f5d44
[2025-03-09T16:32:53.472+0000] {subprocess.py:93} INFO - Name: 23, dtype: object
[2025-03-09T16:32:53.472+0000] {subprocess.py:93} INFO - 2025-03-09 16:32:53,468 : INFO : Registering best model runs:/d372010ed55142098d35f880b4b7339f/RandomForest_model
[2025-03-09T16:32:53.567+0000] {subprocess.py:93} INFO - Registered model 'Best_ML_Model' already exists. Creating a new version of this model...
[2025-03-09T16:32:53.568+0000] {subprocess.py:93} INFO - 2025/03/09 16:32:53 INFO mlflow.store.model_registry.abstract_store: Waiting up to 300 seconds for model version to finish creation. Model name: Best_ML_Model, version 8
[2025-03-09T16:32:53.568+0000] {subprocess.py:93} INFO - Created version '8' of model 'Best_ML_Model'.
[2025-03-09T16:32:53.568+0000] {subprocess.py:93} INFO - 2025-03-09 16:32:53,567 : INFO : Completed model training & registration !!
[2025-03-09T16:32:54.378+0000] {subprocess.py:93} INFO - On branch main
[2025-03-09T16:32:54.378+0000] {subprocess.py:93} INFO - Your branch is up to date with 'origin/main'.
[2025-03-09T16:32:54.378+0000] {subprocess.py:93} INFO - 
[2025-03-09T16:32:54.378+0000] {subprocess.py:93} INFO - Changes to be committed:
[2025-03-09T16:32:54.379+0000] {subprocess.py:93} INFO -   (use "git restore --staged <file>..." to unstage)
[2025-03-09T16:32:54.379+0000] {subprocess.py:93} INFO - 	new file:   logs/dag_id=customer_churn_ml_pipeline/run_id=manual__2025-03-09T16:29:25.068190+00:00/task_id=feature_store_task/attempt=1.log
[2025-03-09T16:32:54.379+0000] {subprocess.py:93} INFO - 	new file:   logs/dag_id=customer_churn_ml_pipeline/run_id=manual__2025-03-09T16:29:25.068190+00:00/task_id=model_training_task/attempt=1.log
[2025-03-09T16:32:54.379+0000] {subprocess.py:93} INFO - 	modified:   logs/dag_processor_manager/dag_processor_manager.log
[2025-03-09T16:32:54.380+0000] {subprocess.py:93} INFO - 	modified:   logs/model_training.log
[2025-03-09T16:32:54.380+0000] {subprocess.py:93} INFO - 	modified:   logs/scheduler/2025-03-09/customer_churn.py.log
[2025-03-09T16:32:54.380+0000] {subprocess.py:93} INFO - 	new file:   mlruns/0/48d6bd1aea8d43c0acd5a07e34588973/meta.yaml
[2025-03-09T16:32:54.380+0000] {subprocess.py:93} INFO - 	new file:   mlruns/0/48d6bd1aea8d43c0acd5a07e34588973/metrics/accuracy
[2025-03-09T16:32:54.380+0000] {subprocess.py:93} INFO - 	new file:   mlruns/0/48d6bd1aea8d43c0acd5a07e34588973/metrics/f1_score
[2025-03-09T16:32:54.380+0000] {subprocess.py:93} INFO - 	new file:   mlruns/0/48d6bd1aea8d43c0acd5a07e34588973/metrics/precision
[2025-03-09T16:32:54.381+0000] {subprocess.py:93} INFO - 	new file:   mlruns/0/48d6bd1aea8d43c0acd5a07e34588973/metrics/recall
[2025-03-09T16:32:54.381+0000] {subprocess.py:93} INFO - 	new file:   mlruns/0/48d6bd1aea8d43c0acd5a07e34588973/params/model_type
[2025-03-09T16:32:54.381+0000] {subprocess.py:93} INFO - 	new file:   mlruns/0/48d6bd1aea8d43c0acd5a07e34588973/tags/mlflow.log-model.history
[2025-03-09T16:32:54.381+0000] {subprocess.py:93} INFO - 	new file:   mlruns/0/48d6bd1aea8d43c0acd5a07e34588973/tags/mlflow.runName
[2025-03-09T16:32:54.381+0000] {subprocess.py:93} INFO - 	new file:   mlruns/0/48d6bd1aea8d43c0acd5a07e34588973/tags/mlflow.source.git.commit
[2025-03-09T16:32:54.382+0000] {subprocess.py:93} INFO - 	new file:   mlruns/0/48d6bd1aea8d43c0acd5a07e34588973/tags/mlflow.source.name
[2025-03-09T16:32:54.382+0000] {subprocess.py:93} INFO - 	new file:   mlruns/0/48d6bd1aea8d43c0acd5a07e34588973/tags/mlflow.source.type
[2025-03-09T16:32:54.382+0000] {subprocess.py:93} INFO - 	new file:   mlruns/0/48d6bd1aea8d43c0acd5a07e34588973/tags/mlflow.user
[2025-03-09T16:32:54.382+0000] {subprocess.py:93} INFO - 	new file:   mlruns/0/4eda4d07bfb34e6e8697f37d7c214214/meta.yaml
[2025-03-09T16:32:54.383+0000] {subprocess.py:93} INFO - 	new file:   mlruns/0/4eda4d07bfb34e6e8697f37d7c214214/metrics/accuracy
[2025-03-09T16:32:54.383+0000] {subprocess.py:93} INFO - 	new file:   mlruns/0/4eda4d07bfb34e6e8697f37d7c214214/metrics/f1_score
[2025-03-09T16:32:54.383+0000] {subprocess.py:93} INFO - 	new file:   mlruns/0/4eda4d07bfb34e6e8697f37d7c214214/metrics/precision
[2025-03-09T16:32:54.384+0000] {subprocess.py:93} INFO - 	new file:   mlruns/0/4eda4d07bfb34e6e8697f37d7c214214/metrics/recall
[2025-03-09T16:32:54.384+0000] {subprocess.py:93} INFO - 	new file:   mlruns/0/4eda4d07bfb34e6e8697f37d7c214214/params/model_type
[2025-03-09T16:32:54.385+0000] {subprocess.py:93} INFO - 	new file:   mlruns/0/4eda4d07bfb34e6e8697f37d7c214214/tags/mlflow.log-model.history
[2025-03-09T16:32:54.385+0000] {subprocess.py:93} INFO - 	new file:   mlruns/0/4eda4d07bfb34e6e8697f37d7c214214/tags/mlflow.runName
[2025-03-09T16:32:54.385+0000] {subprocess.py:93} INFO - 	new file:   mlruns/0/4eda4d07bfb34e6e8697f37d7c214214/tags/mlflow.source.git.commit
[2025-03-09T16:32:54.385+0000] {subprocess.py:93} INFO - 	new file:   mlruns/0/4eda4d07bfb34e6e8697f37d7c214214/tags/mlflow.source.name
[2025-03-09T16:32:54.385+0000] {subprocess.py:93} INFO - 	new file:   mlruns/0/4eda4d07bfb34e6e8697f37d7c214214/tags/mlflow.source.type
[2025-03-09T16:32:54.385+0000] {subprocess.py:93} INFO - 	new file:   mlruns/0/4eda4d07bfb34e6e8697f37d7c214214/tags/mlflow.user
[2025-03-09T16:32:54.386+0000] {subprocess.py:93} INFO - 	new file:   mlruns/0/82545e54d84341bb9fff755fd23136e5/meta.yaml
[2025-03-09T16:32:54.386+0000] {subprocess.py:93} INFO - 	new file:   mlruns/0/82545e54d84341bb9fff755fd23136e5/metrics/accuracy
[2025-03-09T16:32:54.386+0000] {subprocess.py:93} INFO - 	new file:   mlruns/0/82545e54d84341bb9fff755fd23136e5/metrics/f1_score
[2025-03-09T16:32:54.386+0000] {subprocess.py:93} INFO - 	new file:   mlruns/0/82545e54d84341bb9fff755fd23136e5/metrics/precision
[2025-03-09T16:32:54.386+0000] {subprocess.py:93} INFO - 	new file:   mlruns/0/82545e54d84341bb9fff755fd23136e5/metrics/recall
[2025-03-09T16:32:54.387+0000] {subprocess.py:93} INFO - 	new file:   mlruns/0/82545e54d84341bb9fff755fd23136e5/params/model_type
[2025-03-09T16:32:54.387+0000] {subprocess.py:93} INFO - 	new file:   mlruns/0/82545e54d84341bb9fff755fd23136e5/tags/mlflow.log-model.history
[2025-03-09T16:32:54.387+0000] {subprocess.py:93} INFO - 	new file:   mlruns/0/82545e54d84341bb9fff755fd23136e5/tags/mlflow.runName
[2025-03-09T16:32:54.387+0000] {subprocess.py:93} INFO - 	new file:   mlruns/0/82545e54d84341bb9fff755fd23136e5/tags/mlflow.source.git.commit
[2025-03-09T16:32:54.387+0000] {subprocess.py:93} INFO - 	new file:   mlruns/0/82545e54d84341bb9fff755fd23136e5/tags/mlflow.source.name
[2025-03-09T16:32:54.388+0000] {subprocess.py:93} INFO - 	new file:   mlruns/0/82545e54d84341bb9fff755fd23136e5/tags/mlflow.source.type
[2025-03-09T16:32:54.388+0000] {subprocess.py:93} INFO - 	new file:   mlruns/0/82545e54d84341bb9fff755fd23136e5/tags/mlflow.user
[2025-03-09T16:32:54.388+0000] {subprocess.py:93} INFO - 	modified:   mlruns/models/Best_ML_Model/meta.yaml
[2025-03-09T16:32:54.388+0000] {subprocess.py:93} INFO - 	new file:   mlruns/models/Best_ML_Model/version-8/meta.yaml
[2025-03-09T16:32:54.388+0000] {subprocess.py:93} INFO - 
[2025-03-09T16:32:54.388+0000] {subprocess.py:93} INFO - Untracked files:
[2025-03-09T16:32:54.389+0000] {subprocess.py:93} INFO -   (use "git add <file>..." to include in what will be committed)
[2025-03-09T16:32:54.389+0000] {subprocess.py:93} INFO - 	customer_churn_stats/feature_repo/data/online_store.db
[2025-03-09T16:32:54.389+0000] {subprocess.py:93} INFO - 	customer_churn_stats/feature_repo/data/registry.db
[2025-03-09T16:32:54.389+0000] {subprocess.py:93} INFO - 	mlartifacts/
[2025-03-09T16:32:54.389+0000] {subprocess.py:93} INFO - 	models/
[2025-03-09T16:32:54.389+0000] {subprocess.py:93} INFO - 	online.db
[2025-03-09T16:32:54.390+0000] {subprocess.py:93} INFO - 
[2025-03-09T16:32:54.488+0000] {subprocess.py:93} INFO - [main a1c3658] Trained model version
[2025-03-09T16:32:54.488+0000] {subprocess.py:93} INFO -  43 files changed, 417 insertions(+), 1 deletion(-)
[2025-03-09T16:32:54.489+0000] {subprocess.py:93} INFO -  create mode 100644 logs/dag_id=customer_churn_ml_pipeline/run_id=manual__2025-03-09T16:29:25.068190+00:00/task_id=feature_store_task/attempt=1.log
[2025-03-09T16:32:54.489+0000] {subprocess.py:93} INFO -  create mode 100644 logs/dag_id=customer_churn_ml_pipeline/run_id=manual__2025-03-09T16:29:25.068190+00:00/task_id=model_training_task/attempt=1.log
[2025-03-09T16:32:54.489+0000] {subprocess.py:93} INFO -  create mode 100644 mlruns/0/48d6bd1aea8d43c0acd5a07e34588973/meta.yaml
[2025-03-09T16:32:54.489+0000] {subprocess.py:93} INFO -  create mode 100644 mlruns/0/48d6bd1aea8d43c0acd5a07e34588973/metrics/accuracy
[2025-03-09T16:32:54.489+0000] {subprocess.py:93} INFO -  create mode 100644 mlruns/0/48d6bd1aea8d43c0acd5a07e34588973/metrics/f1_score
[2025-03-09T16:32:54.490+0000] {subprocess.py:93} INFO -  create mode 100644 mlruns/0/48d6bd1aea8d43c0acd5a07e34588973/metrics/precision
[2025-03-09T16:32:54.490+0000] {subprocess.py:93} INFO -  create mode 100644 mlruns/0/48d6bd1aea8d43c0acd5a07e34588973/metrics/recall
[2025-03-09T16:32:54.490+0000] {subprocess.py:93} INFO -  create mode 100644 mlruns/0/48d6bd1aea8d43c0acd5a07e34588973/params/model_type
[2025-03-09T16:32:54.490+0000] {subprocess.py:93} INFO -  create mode 100644 mlruns/0/48d6bd1aea8d43c0acd5a07e34588973/tags/mlflow.log-model.history
[2025-03-09T16:32:54.490+0000] {subprocess.py:93} INFO -  create mode 100644 mlruns/0/48d6bd1aea8d43c0acd5a07e34588973/tags/mlflow.runName
[2025-03-09T16:32:54.490+0000] {subprocess.py:93} INFO -  create mode 100644 mlruns/0/48d6bd1aea8d43c0acd5a07e34588973/tags/mlflow.source.git.commit
[2025-03-09T16:32:54.491+0000] {subprocess.py:93} INFO -  create mode 100644 mlruns/0/48d6bd1aea8d43c0acd5a07e34588973/tags/mlflow.source.name
[2025-03-09T16:32:54.491+0000] {subprocess.py:93} INFO -  create mode 100644 mlruns/0/48d6bd1aea8d43c0acd5a07e34588973/tags/mlflow.source.type
[2025-03-09T16:32:54.491+0000] {subprocess.py:93} INFO -  create mode 100644 mlruns/0/48d6bd1aea8d43c0acd5a07e34588973/tags/mlflow.user
[2025-03-09T16:32:54.491+0000] {subprocess.py:93} INFO -  create mode 100644 mlruns/0/4eda4d07bfb34e6e8697f37d7c214214/meta.yaml
[2025-03-09T16:32:54.491+0000] {subprocess.py:93} INFO -  create mode 100644 mlruns/0/4eda4d07bfb34e6e8697f37d7c214214/metrics/accuracy
[2025-03-09T16:32:54.491+0000] {subprocess.py:93} INFO -  create mode 100644 mlruns/0/4eda4d07bfb34e6e8697f37d7c214214/metrics/f1_score
[2025-03-09T16:32:54.492+0000] {subprocess.py:93} INFO -  create mode 100644 mlruns/0/4eda4d07bfb34e6e8697f37d7c214214/metrics/precision
[2025-03-09T16:32:54.492+0000] {subprocess.py:93} INFO -  create mode 100644 mlruns/0/4eda4d07bfb34e6e8697f37d7c214214/metrics/recall
[2025-03-09T16:32:54.492+0000] {subprocess.py:93} INFO -  create mode 100644 mlruns/0/4eda4d07bfb34e6e8697f37d7c214214/params/model_type
[2025-03-09T16:32:54.492+0000] {subprocess.py:93} INFO -  create mode 100644 mlruns/0/4eda4d07bfb34e6e8697f37d7c214214/tags/mlflow.log-model.history
[2025-03-09T16:32:54.492+0000] {subprocess.py:93} INFO -  create mode 100644 mlruns/0/4eda4d07bfb34e6e8697f37d7c214214/tags/mlflow.runName
[2025-03-09T16:32:54.492+0000] {subprocess.py:93} INFO -  create mode 100644 mlruns/0/4eda4d07bfb34e6e8697f37d7c214214/tags/mlflow.source.git.commit
[2025-03-09T16:32:54.493+0000] {subprocess.py:93} INFO -  create mode 100644 mlruns/0/4eda4d07bfb34e6e8697f37d7c214214/tags/mlflow.source.name
[2025-03-09T16:32:54.493+0000] {subprocess.py:93} INFO -  create mode 100644 mlruns/0/4eda4d07bfb34e6e8697f37d7c214214/tags/mlflow.source.type
[2025-03-09T16:32:54.493+0000] {subprocess.py:93} INFO -  create mode 100644 mlruns/0/4eda4d07bfb34e6e8697f37d7c214214/tags/mlflow.user
[2025-03-09T16:32:54.493+0000] {subprocess.py:93} INFO -  create mode 100644 mlruns/0/82545e54d84341bb9fff755fd23136e5/meta.yaml
[2025-03-09T16:32:54.494+0000] {subprocess.py:93} INFO -  create mode 100644 mlruns/0/82545e54d84341bb9fff755fd23136e5/metrics/accuracy
[2025-03-09T16:32:54.494+0000] {subprocess.py:93} INFO -  create mode 100644 mlruns/0/82545e54d84341bb9fff755fd23136e5/metrics/f1_score
[2025-03-09T16:32:54.494+0000] {subprocess.py:93} INFO -  create mode 100644 mlruns/0/82545e54d84341bb9fff755fd23136e5/metrics/precision
[2025-03-09T16:32:54.495+0000] {subprocess.py:93} INFO -  create mode 100644 mlruns/0/82545e54d84341bb9fff755fd23136e5/metrics/recall
[2025-03-09T16:32:54.495+0000] {subprocess.py:93} INFO -  create mode 100644 mlruns/0/82545e54d84341bb9fff755fd23136e5/params/model_type
[2025-03-09T16:32:54.495+0000] {subprocess.py:93} INFO -  create mode 100644 mlruns/0/82545e54d84341bb9fff755fd23136e5/tags/mlflow.log-model.history
[2025-03-09T16:32:54.495+0000] {subprocess.py:93} INFO -  create mode 100644 mlruns/0/82545e54d84341bb9fff755fd23136e5/tags/mlflow.runName
[2025-03-09T16:32:54.495+0000] {subprocess.py:93} INFO -  create mode 100644 mlruns/0/82545e54d84341bb9fff755fd23136e5/tags/mlflow.source.git.commit
[2025-03-09T16:32:54.496+0000] {subprocess.py:93} INFO -  create mode 100644 mlruns/0/82545e54d84341bb9fff755fd23136e5/tags/mlflow.source.name
[2025-03-09T16:32:54.496+0000] {subprocess.py:93} INFO -  create mode 100644 mlruns/0/82545e54d84341bb9fff755fd23136e5/tags/mlflow.source.type
[2025-03-09T16:32:54.496+0000] {subprocess.py:93} INFO -  create mode 100644 mlruns/0/82545e54d84341bb9fff755fd23136e5/tags/mlflow.user
[2025-03-09T16:32:54.496+0000] {subprocess.py:93} INFO -  create mode 100644 mlruns/models/Best_ML_Model/version-8/meta.yaml
[2025-03-09T16:32:54.496+0000] {subprocess.py:93} INFO - /bin/bash: line 3:  : command not found
[2025-03-09T16:32:56.351+0000] {subprocess.py:93} INFO - To https://github.com/anniemathew-trial/customer_churn_pipeline.git
[2025-03-09T16:32:56.351+0000] {subprocess.py:93} INFO -    43e59a3..a1c3658  main -> main
[2025-03-09T16:32:56.355+0000] {subprocess.py:97} INFO - Command exited with return code 0
[2025-03-09T16:32:56.393+0000] {taskinstance.py:1400} INFO - Marking task as SUCCESS. dag_id=customer_churn_ml_pipeline, task_id=model_training_task, execution_date=20250309T162925, start_date=20250309T163214, end_date=20250309T163256
[2025-03-09T16:32:56.447+0000] {local_task_job_runner.py:228} INFO - Task exited with return code 0
[2025-03-09T16:32:56.470+0000] {taskinstance.py:2778} INFO - 0 downstream tasks scheduled from follow-on schedule check
