[2025-03-04T01:06:40.303+0000] {taskinstance.py:1159} INFO - Dependencies all met for dep_context=non-requeueable deps ti=<TaskInstance: customer_churn_ml_pipeline.model_training_task manual__2025-03-04T01:02:44.593973+00:00 [queued]>
[2025-03-04T01:06:40.317+0000] {taskinstance.py:1159} INFO - Dependencies all met for dep_context=requeueable deps ti=<TaskInstance: customer_churn_ml_pipeline.model_training_task manual__2025-03-04T01:02:44.593973+00:00 [queued]>
[2025-03-04T01:06:40.318+0000] {taskinstance.py:1361} INFO - Starting attempt 1 of 1
[2025-03-04T01:06:40.339+0000] {taskinstance.py:1382} INFO - Executing <Task(BashOperator): model_training_task> on 2025-03-04 01:02:44.593973+00:00
[2025-03-04T01:06:40.345+0000] {standard_task_runner.py:57} INFO - Started process 9013 to run task
[2025-03-04T01:06:40.349+0000] {standard_task_runner.py:84} INFO - Running: ['***', 'tasks', 'run', 'customer_churn_ml_pipeline', 'model_training_task', 'manual__2025-03-04T01:02:44.593973+00:00', '--job-id', '264', '--raw', '--subdir', 'DAGS_FOLDER/customer_churn.py', '--cfg-path', '/tmp/tmpge9gl_dg']
[2025-03-04T01:06:40.352+0000] {standard_task_runner.py:85} INFO - Job 264: Subtask model_training_task
[2025-03-04T01:06:40.380+0000] {logging_mixin.py:154} WARNING - /home/***/.local/lib/python3.8/site-packages/***/settings.py:195 DeprecationWarning: The sql_alchemy_conn option in [core] has been moved to the sql_alchemy_conn option in [database] - the old setting has been used, but please update your config.
[2025-03-04T01:06:40.441+0000] {task_command.py:416} INFO - Running <TaskInstance: customer_churn_ml_pipeline.model_training_task manual__2025-03-04T01:02:44.593973+00:00 [running]> on host 157237bff8f7
[2025-03-04T01:06:40.592+0000] {taskinstance.py:1662} INFO - Exporting env vars: AIRFLOW_CTX_DAG_OWNER='***' AIRFLOW_CTX_DAG_ID='customer_churn_ml_pipeline' AIRFLOW_CTX_TASK_ID='model_training_task' AIRFLOW_CTX_EXECUTION_DATE='2025-03-04T01:02:44.593973+00:00' AIRFLOW_CTX_TRY_NUMBER='1' AIRFLOW_CTX_DAG_RUN_ID='manual__2025-03-04T01:02:44.593973+00:00'
[2025-03-04T01:06:40.593+0000] {subprocess.py:63} INFO - Tmp dir root location: /tmp
[2025-03-04T01:06:40.594+0000] {subprocess.py:75} INFO - Running command: ['/bin/bash', '-c', '\n\t    \t\tcd /opt/***\n       \t\t\t    python /opt/***/executables/model_training.py && \t      \t\t    git add logs && \t      \t\t    git add mlruns && \t        \t    git status &&                             git commit -m "Trained model version" -a && \\    \n\t\t\t    git push\n                        ']
[2025-03-04T01:06:40.608+0000] {subprocess.py:86} INFO - Output:
[2025-03-04T01:06:51.072+0000] {subprocess.py:93} INFO - /home/***/.local/lib/python3.8/site-packages/mlflow/gateway/config.py:64: PydanticDeprecatedSince20: Pydantic V1 style `@validator` validators are deprecated. You should migrate to Pydantic V2 style `@field_validator` validators, see the migration guide for more details. Deprecated in Pydantic V2.0 to be removed in V3.0. See Pydantic V2 Migration Guide at https://errors.pydantic.dev/2.4/migration/
[2025-03-04T01:06:51.073+0000] {subprocess.py:93} INFO -   @validator("togetherai_api_key", pre=True)
[2025-03-04T01:06:51.073+0000] {subprocess.py:93} INFO - /home/***/.local/lib/python3.8/site-packages/mlflow/gateway/config.py:372: PydanticDeprecatedSince20: Pydantic V1 style `@root_validator` validators are deprecated. You should migrate to Pydantic V2 style `@model_validator` validators, see the migration guide for more details. Deprecated in Pydantic V2.0 to be removed in V3.0. See Pydantic V2 Migration Guide at https://errors.pydantic.dev/2.4/migration/
[2025-03-04T01:06:51.074+0000] {subprocess.py:93} INFO -   @root_validator(skip_on_failure=True)
[2025-03-04T01:06:51.074+0000] {subprocess.py:93} INFO - /home/***/.local/lib/python3.8/site-packages/pydantic/_internal/_config.py:267: PydanticDeprecatedSince20: Support for class-based `config` is deprecated, use ConfigDict instead. Deprecated in Pydantic V2.0 to be removed in V3.0. See Pydantic V2 Migration Guide at https://errors.pydantic.dev/2.4/migration/
[2025-03-04T01:06:51.074+0000] {subprocess.py:93} INFO -   warnings.warn(DEPRECATION_MESSAGE, DeprecationWarning)
[2025-03-04T01:06:51.074+0000] {subprocess.py:93} INFO - 2025-03-04 01:06:51,071 : INFO : Starting model training
[2025-03-04T01:06:51.100+0000] {subprocess.py:93} INFO - 2025-03-04 01:06:51,100 : INFO : Registry cache expired, so refreshing
[2025-03-04T01:06:51.115+0000] {subprocess.py:93} INFO - 2025-03-04 01:06:51,115 : INFO : Getting data
[2025-03-04T01:06:51.116+0000] {subprocess.py:93} INFO - 2025-03-04 01:06:51,116 : INFO : Start and End Range: 1 to 1000
[2025-03-04T01:06:52.161+0000] {subprocess.py:93} INFO - 2025-03-04 01:06:52,160 : INFO : Data fetched: 999
[2025-03-04T01:06:52.161+0000] {subprocess.py:93} INFO - 2025-03-04 01:06:52,161 : INFO : New Start and End Range: 1001 to 2000
[2025-03-04T01:06:52.162+0000] {subprocess.py:93} INFO - 2025-03-04 01:06:52,161 : INFO : Start and End Range: 1001 to 2000
[2025-03-04T01:06:52.699+0000] {subprocess.py:93} INFO - 2025-03-04 01:06:52,699 : INFO : Data fetched: 999
[2025-03-04T01:06:52.700+0000] {subprocess.py:93} INFO - 2025-03-04 01:06:52,699 : INFO : New Start and End Range: 3001 to 4000
[2025-03-04T01:06:52.700+0000] {subprocess.py:93} INFO - 2025-03-04 01:06:52,700 : INFO : Start and End Range: 3001 to 4000
[2025-03-04T01:06:53.569+0000] {subprocess.py:93} INFO - 2025-03-04 01:06:53,568 : INFO : Data fetched: 999
[2025-03-04T01:06:53.570+0000] {subprocess.py:93} INFO - 2025-03-04 01:06:53,569 : INFO : New Start and End Range: 7001 to 8000
[2025-03-04T01:06:53.570+0000] {subprocess.py:93} INFO - 2025-03-04 01:06:53,569 : INFO : Start and End Range: 7001 to 8000
[2025-03-04T01:06:54.364+0000] {subprocess.py:93} INFO - 2025-03-04 01:06:54,363 : INFO : Data fetched: 999
[2025-03-04T01:06:54.365+0000] {subprocess.py:93} INFO - 2025-03-04 01:06:54,364 : INFO : New Start and End Range: 15001 to 16000
[2025-03-04T01:06:54.366+0000] {subprocess.py:93} INFO - 2025-03-04 01:06:54,365 : INFO : Start and End Range: 15001 to 16000
[2025-03-04T01:06:55.413+0000] {subprocess.py:93} INFO - 2025-03-04 01:06:55,413 : INFO : Data fetched: 999
[2025-03-04T01:06:55.414+0000] {subprocess.py:93} INFO - 2025-03-04 01:06:55,413 : INFO : New Start and End Range: 31001 to 32000
[2025-03-04T01:06:55.414+0000] {subprocess.py:93} INFO - 2025-03-04 01:06:55,414 : INFO : Start and End Range: 31001 to 32000
[2025-03-04T01:06:56.301+0000] {subprocess.py:93} INFO - 2025-03-04 01:06:56,301 : INFO : Data fetched: 999
[2025-03-04T01:06:56.302+0000] {subprocess.py:93} INFO - 2025-03-04 01:06:56,301 : INFO : New Start and End Range: 63001 to 64000
[2025-03-04T01:06:56.302+0000] {subprocess.py:93} INFO - 2025-03-04 01:06:56,302 : INFO : Start and End Range: 63001 to 64000
[2025-03-04T01:06:56.445+0000] {subprocess.py:93} INFO - 2025-03-04 01:06:56,444 : INFO : Reached End of Data
[2025-03-04T01:06:56.450+0000] {subprocess.py:93} INFO - 2025-03-04 01:06:56,450 : INFO : Stoping at Start and End Range: 63001 to 64000
[2025-03-04T01:06:56.451+0000] {subprocess.py:93} INFO - 2025-03-04 01:06:56,450 : INFO : Created feature data
[2025-03-04T01:06:56.451+0000] {subprocess.py:93} INFO - 2025-03-04 01:06:56,450 : INFO : Total Data fetched: 6
[2025-03-04T01:06:56.461+0000] {subprocess.py:93} INFO - 2025-03-04 01:06:56,460 : INFO : received feature data
[2025-03-04T01:06:56.471+0000] {subprocess.py:93} INFO - 2025-03-04 01:06:56,470 : INFO : Models defined
[2025-03-04T01:06:56.471+0000] {subprocess.py:93} INFO - 2025-03-04 01:06:56,471 : INFO : Training model RandomForest
[2025-03-04T01:06:58.331+0000] {subprocess.py:93} INFO - 2025-03-04 01:06:58,331 : INFO : Predicting model RandomForest
[2025-03-04T01:06:58.373+0000] {subprocess.py:93} INFO - 2025-03-04 01:06:58,372 : INFO : Calculating accuracy RandomForest
[2025-03-04T01:07:15.656+0000] {subprocess.py:93} INFO - 2025/03/04 01:07:15 WARNING mlflow.models.model: Model logged without a signature and input example. Please set `input_example` parameter when logging the model to auto infer the model signature.
[2025-03-04T01:07:16.073+0000] {subprocess.py:93} INFO - 2025-03-04 01:07:16,072 : INFO : Logged model RandomForest
[2025-03-04T01:07:16.335+0000] {subprocess.py:93} INFO - 2025/03/04 01:07:16 INFO mlflow.tracking._tracking_service.client: 🏃 View run RandomForest at: http://localhost:5000/#/experiments/0/runs/7734a727dd5b4d75aedad56f849db5f5.
[2025-03-04T01:07:16.337+0000] {subprocess.py:93} INFO - 2025/03/04 01:07:16 INFO mlflow.tracking._tracking_service.client: 🧪 View experiment at: http://localhost:5000/#/experiments/0.
[2025-03-04T01:07:16.395+0000] {subprocess.py:93} INFO - 2025-03-04 01:07:16,394 : INFO : Training model LogisticRegression
[2025-03-04T01:07:19.131+0000] {subprocess.py:93} INFO - /home/***/.local/lib/python3.8/site-packages/sklearn/linear_model/_logistic.py:460: ConvergenceWarning: lbfgs failed to converge (status=1):
[2025-03-04T01:07:19.133+0000] {subprocess.py:93} INFO - STOP: TOTAL NO. of ITERATIONS REACHED LIMIT.
[2025-03-04T01:07:19.133+0000] {subprocess.py:93} INFO - 
[2025-03-04T01:07:19.134+0000] {subprocess.py:93} INFO - Increase the number of iterations (max_iter) or scale the data as shown in:
[2025-03-04T01:07:19.138+0000] {subprocess.py:93} INFO -     https://scikit-learn.org/stable/modules/preprocessing.html
[2025-03-04T01:07:19.139+0000] {subprocess.py:93} INFO - Please also refer to the documentation for alternative solver options:
[2025-03-04T01:07:19.141+0000] {subprocess.py:93} INFO -     https://scikit-learn.org/stable/modules/linear_model.html#logistic-regression
[2025-03-04T01:07:19.141+0000] {subprocess.py:93} INFO -   n_iter_i = _check_optimize_result(
[2025-03-04T01:07:19.142+0000] {subprocess.py:93} INFO - 2025-03-04 01:07:19,131 : INFO : Predicting model LogisticRegression
[2025-03-04T01:07:19.159+0000] {subprocess.py:93} INFO - 2025-03-04 01:07:19,154 : INFO : Calculating accuracy LogisticRegression
[2025-03-04T01:07:26.652+0000] {subprocess.py:93} INFO - 2025/03/04 01:07:26 WARNING mlflow.models.model: Model logged without a signature and input example. Please set `input_example` parameter when logging the model to auto infer the model signature.
[2025-03-04T01:07:26.732+0000] {subprocess.py:93} INFO - 2025-03-04 01:07:26,732 : INFO : Logged model LogisticRegression
[2025-03-04T01:07:26.748+0000] {subprocess.py:93} INFO - 2025/03/04 01:07:26 INFO mlflow.tracking._tracking_service.client: 🏃 View run LogisticRegression at: http://localhost:5000/#/experiments/0/runs/134010c6dc764e7f938662be9b61210a.
[2025-03-04T01:07:26.749+0000] {subprocess.py:93} INFO - 2025/03/04 01:07:26 INFO mlflow.tracking._tracking_service.client: 🧪 View experiment at: http://localhost:5000/#/experiments/0.
[2025-03-04T01:07:26.760+0000] {subprocess.py:93} INFO - 2025-03-04 01:07:26,760 : INFO : Training model SVM
[2025-03-04T01:07:31.399+0000] {subprocess.py:93} INFO - 2025-03-04 01:07:31,399 : INFO : Predicting model SVM
[2025-03-04T01:07:31.623+0000] {subprocess.py:93} INFO - 2025-03-04 01:07:31,623 : INFO : Calculating accuracy SVM
[2025-03-04T01:07:36.718+0000] {subprocess.py:93} INFO - /home/***/.local/lib/python3.8/site-packages/sklearn/metrics/_classification.py:1471: UndefinedMetricWarning: Precision is ill-defined and being set to 0.0 due to no predicted samples. Use `zero_division` parameter to control this behavior.
[2025-03-04T01:07:36.719+0000] {subprocess.py:93} INFO -   _warn_prf(average, modifier, msg_start, len(result))
[2025-03-04T01:07:36.719+0000] {subprocess.py:93} INFO - 2025/03/04 01:07:36 WARNING mlflow.models.model: Model logged without a signature and input example. Please set `input_example` parameter when logging the model to auto infer the model signature.
[2025-03-04T01:07:36.802+0000] {subprocess.py:93} INFO - 2025-03-04 01:07:36,801 : INFO : Logged model SVM
[2025-03-04T01:07:36.819+0000] {subprocess.py:93} INFO - 2025/03/04 01:07:36 INFO mlflow.tracking._tracking_service.client: 🏃 View run SVM at: http://localhost:5000/#/experiments/0/runs/b37d92c25abf4134bafaf7077b723623.
[2025-03-04T01:07:36.819+0000] {subprocess.py:93} INFO - 2025/03/04 01:07:36 INFO mlflow.tracking._tracking_service.client: 🧪 View experiment at: http://localhost:5000/#/experiments/0.
[2025-03-04T01:07:36.829+0000] {subprocess.py:93} INFO - 2025-03-04 01:07:36,829 : INFO : Starting best model registration
[2025-03-04T01:07:36.830+0000] {subprocess.py:93} INFO - 2025-03-04 01:07:36,829 : INFO : Finding Best model
[2025-03-04T01:07:37.097+0000] {subprocess.py:93} INFO - 2025-03-04 01:07:37,096 : INFO : Selected best model : run_id                                            a60d3cac7c7146ef8222f4694fe2f085
[2025-03-04T01:07:37.097+0000] {subprocess.py:93} INFO - experiment_id                                                                    0
[2025-03-04T01:07:37.098+0000] {subprocess.py:93} INFO - status                                                                    FINISHED
[2025-03-04T01:07:37.098+0000] {subprocess.py:93} INFO - artifact_uri                     mlflow-artifacts:/0/a60d3cac7c7146ef8222f4694f...
[2025-03-04T01:07:37.098+0000] {subprocess.py:93} INFO - start_time                                        2025-03-03 23:24:05.597000+00:00
[2025-03-04T01:07:37.098+0000] {subprocess.py:93} INFO - end_time                                          2025-03-03 23:24:12.125000+00:00
[2025-03-04T01:07:37.098+0000] {subprocess.py:93} INFO - metrics.accuracy                                                          0.883236
[2025-03-04T01:07:37.099+0000] {subprocess.py:93} INFO - metrics.precision                                                         0.828221
[2025-03-04T01:07:37.099+0000] {subprocess.py:93} INFO - metrics.f1_score                                                          0.658537
[2025-03-04T01:07:37.099+0000] {subprocess.py:93} INFO - metrics.recall                                                            0.546559
[2025-03-04T01:07:37.099+0000] {subprocess.py:93} INFO - params.model_type                                                     RandomForest
[2025-03-04T01:07:37.099+0000] {subprocess.py:93} INFO - tags.mlflow.source.name                 /opt/***/executables/model_training.py
[2025-03-04T01:07:37.100+0000] {subprocess.py:93} INFO - tags.mlflow.source.type                                                      LOCAL
[2025-03-04T01:07:37.100+0000] {subprocess.py:93} INFO - tags.mlflow.runName                                                   RandomForest
[2025-03-04T01:07:37.100+0000] {subprocess.py:93} INFO - tags.mlflow.user                                                           ***
[2025-03-04T01:07:37.100+0000] {subprocess.py:93} INFO - tags.mlflow.source.git.commit             5447d8491dd3d24554282114febda59b9b86ad16
[2025-03-04T01:07:37.101+0000] {subprocess.py:93} INFO - tags.mlflow.log-model.history    [{"run_id": "a60d3cac7c7146ef8222f4694fe2f085"...
[2025-03-04T01:07:37.101+0000] {subprocess.py:93} INFO - Name: 14, dtype: object
[2025-03-04T01:07:37.101+0000] {subprocess.py:93} INFO - 2025-03-04 01:07:37,097 : INFO : Registering best model runs:/a60d3cac7c7146ef8222f4694fe2f085/RandomForest_model
[2025-03-04T01:07:37.203+0000] {subprocess.py:93} INFO - Registered model 'Best_ML_Model' already exists. Creating a new version of this model...
[2025-03-04T01:07:37.203+0000] {subprocess.py:93} INFO - 2025/03/04 01:07:37 INFO mlflow.store.model_registry.abstract_store: Waiting up to 300 seconds for model version to finish creation. Model name: Best_ML_Model, version 7
[2025-03-04T01:07:37.204+0000] {subprocess.py:93} INFO - Created version '7' of model 'Best_ML_Model'.
[2025-03-04T01:07:37.204+0000] {subprocess.py:93} INFO - 2025-03-04 01:07:37,203 : INFO : Completed model training & registration !!
[2025-03-04T01:07:38.396+0000] {subprocess.py:93} INFO - On branch main
[2025-03-04T01:07:38.396+0000] {subprocess.py:93} INFO - Your branch is up to date with 'origin/main'.
[2025-03-04T01:07:38.397+0000] {subprocess.py:93} INFO - 
[2025-03-04T01:07:38.397+0000] {subprocess.py:93} INFO - Changes to be committed:
[2025-03-04T01:07:38.397+0000] {subprocess.py:93} INFO -   (use "git restore --staged <file>..." to unstage)
[2025-03-04T01:07:38.397+0000] {subprocess.py:93} INFO - 	new file:   logs/dag_id=customer_churn_ml_pipeline/run_id=manual__2025-03-04T01:02:44.593973+00:00/task_id=feature_store_task/attempt=1.log
[2025-03-04T01:07:38.397+0000] {subprocess.py:93} INFO - 	new file:   logs/dag_id=customer_churn_ml_pipeline/run_id=manual__2025-03-04T01:02:44.593973+00:00/task_id=model_training_task/attempt=1.log
[2025-03-04T01:07:38.398+0000] {subprocess.py:93} INFO - 	modified:   logs/dag_processor_manager/dag_processor_manager.log
[2025-03-04T01:07:38.398+0000] {subprocess.py:93} INFO - 	modified:   logs/model_training.log
[2025-03-04T01:07:38.398+0000] {subprocess.py:93} INFO - 	modified:   logs/scheduler/2025-03-04/customer_churn.py.log
[2025-03-04T01:07:38.398+0000] {subprocess.py:93} INFO - 	new file:   mlruns/mlruns/mlartifacts/0/134010c6dc764e7f938662be9b61210a/artifacts/LogisticRegression_model/MLmodel
[2025-03-04T01:07:38.398+0000] {subprocess.py:93} INFO - 	new file:   mlruns/mlruns/mlartifacts/0/134010c6dc764e7f938662be9b61210a/artifacts/LogisticRegression_model/conda.yaml
[2025-03-04T01:07:38.398+0000] {subprocess.py:93} INFO - 	new file:   mlruns/mlruns/mlartifacts/0/134010c6dc764e7f938662be9b61210a/artifacts/LogisticRegression_model/model.pkl
[2025-03-04T01:07:38.399+0000] {subprocess.py:93} INFO - 	new file:   mlruns/mlruns/mlartifacts/0/134010c6dc764e7f938662be9b61210a/artifacts/LogisticRegression_model/python_env.yaml
[2025-03-04T01:07:38.399+0000] {subprocess.py:93} INFO - 	new file:   mlruns/mlruns/mlartifacts/0/134010c6dc764e7f938662be9b61210a/artifacts/LogisticRegression_model/requirements.txt
[2025-03-04T01:07:38.399+0000] {subprocess.py:93} INFO - 	new file:   mlruns/mlruns/mlartifacts/0/7734a727dd5b4d75aedad56f849db5f5/artifacts/RandomForest_model/MLmodel
[2025-03-04T01:07:38.399+0000] {subprocess.py:93} INFO - 	new file:   mlruns/mlruns/mlartifacts/0/7734a727dd5b4d75aedad56f849db5f5/artifacts/RandomForest_model/conda.yaml
[2025-03-04T01:07:38.399+0000] {subprocess.py:93} INFO - 	new file:   mlruns/mlruns/mlartifacts/0/7734a727dd5b4d75aedad56f849db5f5/artifacts/RandomForest_model/model.pkl
[2025-03-04T01:07:38.400+0000] {subprocess.py:93} INFO - 	new file:   mlruns/mlruns/mlartifacts/0/7734a727dd5b4d75aedad56f849db5f5/artifacts/RandomForest_model/python_env.yaml
[2025-03-04T01:07:38.400+0000] {subprocess.py:93} INFO - 	new file:   mlruns/mlruns/mlartifacts/0/7734a727dd5b4d75aedad56f849db5f5/artifacts/RandomForest_model/requirements.txt
[2025-03-04T01:07:38.400+0000] {subprocess.py:93} INFO - 	new file:   mlruns/mlruns/mlartifacts/0/b37d92c25abf4134bafaf7077b723623/artifacts/SVM_model/MLmodel
[2025-03-04T01:07:38.400+0000] {subprocess.py:93} INFO - 	new file:   mlruns/mlruns/mlartifacts/0/b37d92c25abf4134bafaf7077b723623/artifacts/SVM_model/conda.yaml
[2025-03-04T01:07:38.400+0000] {subprocess.py:93} INFO - 	new file:   mlruns/mlruns/mlartifacts/0/b37d92c25abf4134bafaf7077b723623/artifacts/SVM_model/model.pkl
[2025-03-04T01:07:38.401+0000] {subprocess.py:93} INFO - 	new file:   mlruns/mlruns/mlartifacts/0/b37d92c25abf4134bafaf7077b723623/artifacts/SVM_model/python_env.yaml
[2025-03-04T01:07:38.401+0000] {subprocess.py:93} INFO - 	new file:   mlruns/mlruns/mlartifacts/0/b37d92c25abf4134bafaf7077b723623/artifacts/SVM_model/requirements.txt
[2025-03-04T01:07:38.401+0000] {subprocess.py:93} INFO - 	new file:   mlruns/mlruns/mlruns/0/134010c6dc764e7f938662be9b61210a/meta.yaml
[2025-03-04T01:07:38.401+0000] {subprocess.py:93} INFO - 	new file:   mlruns/mlruns/mlruns/0/134010c6dc764e7f938662be9b61210a/metrics/accuracy
[2025-03-04T01:07:38.402+0000] {subprocess.py:93} INFO - 	new file:   mlruns/mlruns/mlruns/0/134010c6dc764e7f938662be9b61210a/metrics/f1_score
[2025-03-04T01:07:38.402+0000] {subprocess.py:93} INFO - 	new file:   mlruns/mlruns/mlruns/0/134010c6dc764e7f938662be9b61210a/metrics/precision
[2025-03-04T01:07:38.402+0000] {subprocess.py:93} INFO - 	new file:   mlruns/mlruns/mlruns/0/134010c6dc764e7f938662be9b61210a/metrics/recall
[2025-03-04T01:07:38.402+0000] {subprocess.py:93} INFO - 	new file:   mlruns/mlruns/mlruns/0/134010c6dc764e7f938662be9b61210a/params/model_type
[2025-03-04T01:07:38.403+0000] {subprocess.py:93} INFO - 	new file:   mlruns/mlruns/mlruns/0/134010c6dc764e7f938662be9b61210a/tags/mlflow.log-model.history
[2025-03-04T01:07:38.403+0000] {subprocess.py:93} INFO - 	new file:   mlruns/mlruns/mlruns/0/134010c6dc764e7f938662be9b61210a/tags/mlflow.runName
[2025-03-04T01:07:38.403+0000] {subprocess.py:93} INFO - 	new file:   mlruns/mlruns/mlruns/0/134010c6dc764e7f938662be9b61210a/tags/mlflow.source.git.commit
[2025-03-04T01:07:38.403+0000] {subprocess.py:93} INFO - 	new file:   mlruns/mlruns/mlruns/0/134010c6dc764e7f938662be9b61210a/tags/mlflow.source.name
[2025-03-04T01:07:38.404+0000] {subprocess.py:93} INFO - 	new file:   mlruns/mlruns/mlruns/0/134010c6dc764e7f938662be9b61210a/tags/mlflow.source.type
[2025-03-04T01:07:38.404+0000] {subprocess.py:93} INFO - 	new file:   mlruns/mlruns/mlruns/0/134010c6dc764e7f938662be9b61210a/tags/mlflow.user
[2025-03-04T01:07:38.404+0000] {subprocess.py:93} INFO - 	new file:   mlruns/mlruns/mlruns/0/7734a727dd5b4d75aedad56f849db5f5/meta.yaml
[2025-03-04T01:07:38.404+0000] {subprocess.py:93} INFO - 	new file:   mlruns/mlruns/mlruns/0/7734a727dd5b4d75aedad56f849db5f5/metrics/accuracy
[2025-03-04T01:07:38.405+0000] {subprocess.py:93} INFO - 	new file:   mlruns/mlruns/mlruns/0/7734a727dd5b4d75aedad56f849db5f5/metrics/f1_score
[2025-03-04T01:07:38.405+0000] {subprocess.py:93} INFO - 	new file:   mlruns/mlruns/mlruns/0/7734a727dd5b4d75aedad56f849db5f5/metrics/precision
[2025-03-04T01:07:38.405+0000] {subprocess.py:93} INFO - 	new file:   mlruns/mlruns/mlruns/0/7734a727dd5b4d75aedad56f849db5f5/metrics/recall
[2025-03-04T01:07:38.405+0000] {subprocess.py:93} INFO - 	new file:   mlruns/mlruns/mlruns/0/7734a727dd5b4d75aedad56f849db5f5/params/model_type
[2025-03-04T01:07:38.406+0000] {subprocess.py:93} INFO - 	new file:   mlruns/mlruns/mlruns/0/7734a727dd5b4d75aedad56f849db5f5/tags/mlflow.log-model.history
[2025-03-04T01:07:38.406+0000] {subprocess.py:93} INFO - 	new file:   mlruns/mlruns/mlruns/0/7734a727dd5b4d75aedad56f849db5f5/tags/mlflow.runName
