[2025-03-01T09:48:57.853+0000] {taskinstance.py:1159} INFO - Dependencies all met for dep_context=non-requeueable deps ti=<TaskInstance: customer_churn_ml_pipeline.data_transformation_task manual__2025-03-01T09:48:01.569331+00:00 [queued]>
[2025-03-01T09:48:57.867+0000] {taskinstance.py:1159} INFO - Dependencies all met for dep_context=requeueable deps ti=<TaskInstance: customer_churn_ml_pipeline.data_transformation_task manual__2025-03-01T09:48:01.569331+00:00 [queued]>
[2025-03-01T09:48:57.867+0000] {taskinstance.py:1361} INFO - Starting attempt 1 of 1
[2025-03-01T09:48:57.889+0000] {taskinstance.py:1382} INFO - Executing <Task(BashOperator): data_transformation_task> on 2025-03-01 09:48:01.569331+00:00
[2025-03-01T09:48:57.895+0000] {standard_task_runner.py:57} INFO - Started process 6529 to run task
[2025-03-01T09:48:57.899+0000] {standard_task_runner.py:84} INFO - Running: ['***', 'tasks', 'run', 'customer_churn_ml_pipeline', 'data_transformation_task', 'manual__2025-03-01T09:48:01.569331+00:00', '--job-id', '34', '--raw', '--subdir', 'DAGS_FOLDER/customer_churn.py', '--cfg-path', '/tmp/tmphqiw3b1v']
[2025-03-01T09:48:57.903+0000] {standard_task_runner.py:85} INFO - Job 34: Subtask data_transformation_task
[2025-03-01T09:48:57.930+0000] {logging_mixin.py:154} WARNING - /home/***/.local/lib/python3.8/site-packages/***/settings.py:195 DeprecationWarning: The sql_alchemy_conn option in [core] has been moved to the sql_alchemy_conn option in [database] - the old setting has been used, but please update your config.
[2025-03-01T09:48:58.016+0000] {task_command.py:416} INFO - Running <TaskInstance: customer_churn_ml_pipeline.data_transformation_task manual__2025-03-01T09:48:01.569331+00:00 [running]> on host 7e994a0ed489
[2025-03-01T09:48:58.247+0000] {taskinstance.py:1662} INFO - Exporting env vars: AIRFLOW_CTX_DAG_OWNER='***' AIRFLOW_CTX_DAG_ID='customer_churn_ml_pipeline' AIRFLOW_CTX_TASK_ID='data_transformation_task' AIRFLOW_CTX_EXECUTION_DATE='2025-03-01T09:48:01.569331+00:00' AIRFLOW_CTX_TRY_NUMBER='1' AIRFLOW_CTX_DAG_RUN_ID='manual__2025-03-01T09:48:01.569331+00:00'
[2025-03-01T09:48:58.249+0000] {subprocess.py:63} INFO - Tmp dir root location: /tmp
[2025-03-01T09:48:58.251+0000] {subprocess.py:75} INFO - Running command: ['/bin/bash', '-c', '\n\t\t\tcd /opt/***\n                        dvc pull /opt/***/data/cleaned\n                        python /opt/***/executables/data_transformation.py &&                         dvc add /opt/***/data/transformed &&                         git add /opt/***/data/transformed.dvc &&                         git commit -m "Updated transformed data version" -a &&                         dvc push && git push\n                    ']
[2025-03-01T09:48:58.266+0000] {subprocess.py:86} INFO - Output:
[2025-03-01T09:49:02.375+0000] {subprocess.py:93} INFO - Everything is up to date.
[2025-03-01T09:49:08.528+0000] {subprocess.py:93} INFO - 
[2025-03-01T09:49:08.528+0000] {subprocess.py:93} INFO - To track the changes with git, run:
[2025-03-01T09:49:08.529+0000] {subprocess.py:93} INFO - 
[2025-03-01T09:49:08.530+0000] {subprocess.py:93} INFO - 	git add data/transformed.dvc
[2025-03-01T09:49:08.530+0000] {subprocess.py:93} INFO - 
[2025-03-01T09:49:08.531+0000] {subprocess.py:93} INFO - To enable auto staging, run:
[2025-03-01T09:49:08.531+0000] {subprocess.py:93} INFO - 
[2025-03-01T09:49:08.531+0000] {subprocess.py:93} INFO - 	dvc config core.autostage true
[2025-03-01T09:49:08.936+0000] {subprocess.py:93} INFO - [main a743c1f] Updated transformed data version
[2025-03-01T09:49:08.937+0000] {subprocess.py:93} INFO -  3 files changed, 13 insertions(+), 2 deletions(-)
[2025-03-01T09:49:15.619+0000] {subprocess.py:93} INFO - Everything is up to date.
[2025-03-01T09:49:17.507+0000] {subprocess.py:93} INFO - To https://github.com/anniemathew-trial/customer_churn_pipeline.git
[2025-03-01T09:49:17.508+0000] {subprocess.py:93} INFO -    826459d..a743c1f  main -> main
[2025-03-01T09:49:17.513+0000] {subprocess.py:97} INFO - Command exited with return code 0
[2025-03-01T09:49:17.550+0000] {taskinstance.py:1400} INFO - Marking task as SUCCESS. dag_id=customer_churn_ml_pipeline, task_id=data_transformation_task, execution_date=20250301T094801, start_date=20250301T094857, end_date=20250301T094917
[2025-03-01T09:49:17.606+0000] {local_task_job_runner.py:228} INFO - Task exited with return code 0
[2025-03-01T09:49:17.681+0000] {taskinstance.py:2778} INFO - 1 downstream tasks scheduled from follow-on schedule check
