[2025-03-01T16:46:55.851+0000] {taskinstance.py:1159} INFO - Dependencies all met for dep_context=non-requeueable deps ti=<TaskInstance: customer_churn_ml_pipeline.data_transformation_task manual__2025-03-01T16:46:00.082184+00:00 [queued]>
[2025-03-01T16:46:55.862+0000] {taskinstance.py:1159} INFO - Dependencies all met for dep_context=requeueable deps ti=<TaskInstance: customer_churn_ml_pipeline.data_transformation_task manual__2025-03-01T16:46:00.082184+00:00 [queued]>
[2025-03-01T16:46:55.862+0000] {taskinstance.py:1361} INFO - Starting attempt 1 of 1
[2025-03-01T16:46:55.881+0000] {taskinstance.py:1382} INFO - Executing <Task(BashOperator): data_transformation_task> on 2025-03-01 16:46:00.082184+00:00
[2025-03-01T16:46:55.887+0000] {standard_task_runner.py:57} INFO - Started process 17037 to run task
[2025-03-01T16:46:55.890+0000] {standard_task_runner.py:84} INFO - Running: ['***', 'tasks', 'run', 'customer_churn_ml_pipeline', 'data_transformation_task', 'manual__2025-03-01T16:46:00.082184+00:00', '--job-id', '172', '--raw', '--subdir', 'DAGS_FOLDER/customer_churn.py', '--cfg-path', '/tmp/tmpb3kosq57']
[2025-03-01T16:46:55.893+0000] {standard_task_runner.py:85} INFO - Job 172: Subtask data_transformation_task
[2025-03-01T16:46:55.918+0000] {logging_mixin.py:154} WARNING - /home/***/.local/lib/python3.8/site-packages/***/settings.py:195 DeprecationWarning: The sql_alchemy_conn option in [core] has been moved to the sql_alchemy_conn option in [database] - the old setting has been used, but please update your config.
[2025-03-01T16:46:55.994+0000] {task_command.py:416} INFO - Running <TaskInstance: customer_churn_ml_pipeline.data_transformation_task manual__2025-03-01T16:46:00.082184+00:00 [running]> on host 7e994a0ed489
[2025-03-01T16:46:56.114+0000] {taskinstance.py:1662} INFO - Exporting env vars: AIRFLOW_CTX_DAG_OWNER='***' AIRFLOW_CTX_DAG_ID='customer_churn_ml_pipeline' AIRFLOW_CTX_TASK_ID='data_transformation_task' AIRFLOW_CTX_EXECUTION_DATE='2025-03-01T16:46:00.082184+00:00' AIRFLOW_CTX_TRY_NUMBER='1' AIRFLOW_CTX_DAG_RUN_ID='manual__2025-03-01T16:46:00.082184+00:00'
[2025-03-01T16:46:56.115+0000] {subprocess.py:63} INFO - Tmp dir root location: /tmp
[2025-03-01T16:46:56.115+0000] {subprocess.py:75} INFO - Running command: ['/bin/bash', '-c', '\n\t\t\tcd /opt/***\n                        dvc pull /opt/***/data/cleaned\n                        python /opt/***/executables/data_transformation.py &&                         dvc add /opt/***/data/transformed &&                         git add /opt/***/data/transformed.dvc && \t\t\tgit add logs &&                        git commit -m "Updated transformed data version" -a &&                         dvc push && git push\n                    ']
[2025-03-01T16:46:56.126+0000] {subprocess.py:86} INFO - Output:
[2025-03-01T16:46:59.304+0000] {subprocess.py:93} INFO - Everything is up to date.
[2025-03-01T16:47:02.063+0000] {subprocess.py:93} INFO - 2025-03-01 16:47:02,063 : INFO : Starting data preparation for csv.
[2025-03-01T16:47:02.106+0000] {subprocess.py:93} INFO - 2025-03-01 16:47:02,106 : INFO : Scaling 'Tenure', 'Balance', 'EstimatedSalary'.
[2025-03-01T16:47:02.121+0000] {subprocess.py:93} INFO - 2025-03-01 16:47:02,120 : INFO : Saving data to S3.
[2025-03-01T16:47:04.791+0000] {subprocess.py:93} INFO - 
[2025-03-01T16:47:04.792+0000] {subprocess.py:93} INFO - To track the changes with git, run:
[2025-03-01T16:47:04.793+0000] {subprocess.py:93} INFO - 
[2025-03-01T16:47:04.793+0000] {subprocess.py:93} INFO - 	git add data/transformed.dvc
[2025-03-01T16:47:04.793+0000] {subprocess.py:93} INFO - 
[2025-03-01T16:47:04.794+0000] {subprocess.py:93} INFO - To enable auto staging, run:
[2025-03-01T16:47:04.794+0000] {subprocess.py:93} INFO - 
[2025-03-01T16:47:04.795+0000] {subprocess.py:93} INFO - 	dvc config core.autostage true
