[2025-03-03T22:59:32.853+0000] {taskinstance.py:1159} INFO - Dependencies all met for dep_context=non-requeueable deps ti=<TaskInstance: customer_churn_ml_pipeline.data_preparation_task manual__2025-03-03T22:58:48.778104+00:00 [queued]>
[2025-03-03T22:59:32.864+0000] {taskinstance.py:1159} INFO - Dependencies all met for dep_context=requeueable deps ti=<TaskInstance: customer_churn_ml_pipeline.data_preparation_task manual__2025-03-03T22:58:48.778104+00:00 [queued]>
[2025-03-03T22:59:32.864+0000] {taskinstance.py:1361} INFO - Starting attempt 1 of 1
[2025-03-03T22:59:32.881+0000] {taskinstance.py:1382} INFO - Executing <Task(BashOperator): data_preparation_task> on 2025-03-03 22:58:48.778104+00:00
[2025-03-03T22:59:32.886+0000] {standard_task_runner.py:57} INFO - Started process 4667 to run task
[2025-03-03T22:59:32.889+0000] {standard_task_runner.py:84} INFO - Running: ['***', 'tasks', 'run', 'customer_churn_ml_pipeline', 'data_preparation_task', 'manual__2025-03-03T22:58:48.778104+00:00', '--job-id', '213', '--raw', '--subdir', 'DAGS_FOLDER/customer_churn.py', '--cfg-path', '/tmp/tmpse_1nem_']
[2025-03-03T22:59:32.892+0000] {standard_task_runner.py:85} INFO - Job 213: Subtask data_preparation_task
[2025-03-03T22:59:32.916+0000] {logging_mixin.py:154} WARNING - /home/***/.local/lib/python3.8/site-packages/***/settings.py:195 DeprecationWarning: The sql_alchemy_conn option in [core] has been moved to the sql_alchemy_conn option in [database] - the old setting has been used, but please update your config.
[2025-03-03T22:59:32.962+0000] {task_command.py:416} INFO - Running <TaskInstance: customer_churn_ml_pipeline.data_preparation_task manual__2025-03-03T22:58:48.778104+00:00 [running]> on host 157237bff8f7
[2025-03-03T22:59:33.090+0000] {taskinstance.py:1662} INFO - Exporting env vars: AIRFLOW_CTX_DAG_OWNER='***' AIRFLOW_CTX_DAG_ID='customer_churn_ml_pipeline' AIRFLOW_CTX_TASK_ID='data_preparation_task' AIRFLOW_CTX_EXECUTION_DATE='2025-03-03T22:58:48.778104+00:00' AIRFLOW_CTX_TRY_NUMBER='1' AIRFLOW_CTX_DAG_RUN_ID='manual__2025-03-03T22:58:48.778104+00:00'
[2025-03-03T22:59:33.091+0000] {subprocess.py:63} INFO - Tmp dir root location: /tmp
[2025-03-03T22:59:33.092+0000] {subprocess.py:75} INFO - Running command: ['/bin/bash', '-c', '\n\t\t\tcd /opt/*** &&\t\t\tpython /opt/***/executables/data_preparation.py &&                         dvc add /opt/***/data/cleaned &&                         git add /opt/***/data/cleaned.dvc && \t\t\tgit add logs && \\   \n\t\t\tgit add visualization &&    \t\t\tgit status &&                         git commit -m "Updated cleaned data version" -a &&                         dvc push && git push\n                    ']
[2025-03-03T22:59:33.101+0000] {subprocess.py:86} INFO - Output:
[2025-03-03T22:59:36.342+0000] {subprocess.py:93} INFO - 2025-03-03 22:59:36,342 : INFO : Starting data preparation for customer_data.csv.
[2025-03-03T22:59:36.385+0000] {subprocess.py:93} INFO - 2025-03-03 22:59:36,384 : INFO : Dropping 'Estimated Salary' & 'Credit Score' with 0 & negative values
[2025-03-03T22:59:36.390+0000] {subprocess.py:93} INFO - 2025-03-03 22:59:36,390 : INFO : Handling 'Balance', 'EstimatedSalary' empty data with mean
[2025-03-03T22:59:36.391+0000] {subprocess.py:93} INFO - 2025-03-03 22:59:36,390 : INFO : Handling 'Tenure', 'Age' empty data with tenure + 18 in age and droping tenure with 0 values & negative values
[2025-03-03T22:59:36.412+0000] {subprocess.py:93} INFO - 2025-03-03 22:59:36,412 : INFO : Dropping 'Tenure' less than 0 and greater than 80
[2025-03-03T22:59:36.416+0000] {subprocess.py:93} INFO - 2025-03-03 22:59:36,415 : INFO : Handling 'Age' empty data
[2025-03-03T22:59:36.417+0000] {subprocess.py:93} INFO - 2025-03-03 22:59:36,417 : INFO : Dropping 'Age' less than 18 and greater than 110
[2025-03-03T22:59:36.421+0000] {subprocess.py:93} INFO - 2025-03-03 22:59:36,421 : INFO : Droping 'Surname' as it may lead to profiling, 'RowNumber', 'CustomerId' as it is not required
[2025-03-03T22:59:36.426+0000] {subprocess.py:93} INFO - 2025-03-03 22:59:36,425 : INFO : Making 'Geography', 'Gender' as categorical
[2025-03-03T22:59:36.438+0000] {subprocess.py:93} INFO - 2025-03-03 22:59:36,438 : INFO : Making 'HasCrCard', 'IsActiveMember', 'Exited' as integers
[2025-03-03T22:59:36.443+0000] {subprocess.py:93} INFO - 2025-03-03 22:59:36,441 : INFO : Saving data to S3.
[2025-03-03T22:59:36.445+0000] {subprocess.py:93} INFO - 2025-03-03 22:59:36,443 : INFO : Directory created at /opt/***/data/cleaned/fintech1/03-03-2025/csv
[2025-03-03T22:59:36.789+0000] {subprocess.py:93} INFO - 2025-03-03 22:59:36,788 : INFO : Connected to s3
[2025-03-03T22:59:39.580+0000] {subprocess.py:93} INFO - 2025-03-03 22:59:39,580 : INFO : File uploaded to S3
[2025-03-03T22:59:39.582+0000] {subprocess.py:93} INFO - 2025-03-03 22:59:39,582 : INFO : Creating Pie chart
[2025-03-03T22:59:39.652+0000] {subprocess.py:93} INFO - 2025-03-03 22:59:39,651 : INFO : Generating histogram for column CreditScore.
[2025-03-03T22:59:39.862+0000] {subprocess.py:93} INFO - 2025-03-03 22:59:39,861 : INFO : Generating histogram for column Geography.
[2025-03-03T22:59:40.087+0000] {subprocess.py:93} INFO - 2025-03-03 22:59:40,087 : INFO : Generating histogram for column Gender.
[2025-03-03T22:59:40.240+0000] {subprocess.py:93} INFO - 2025-03-03 22:59:40,240 : INFO : Generating histogram for column Age.
[2025-03-03T22:59:40.462+0000] {subprocess.py:93} INFO - 2025-03-03 22:59:40,462 : INFO : Generating histogram for column Tenure.
[2025-03-03T22:59:40.669+0000] {subprocess.py:93} INFO - 2025-03-03 22:59:40,669 : INFO : Generating histogram for column Balance.
[2025-03-03T22:59:40.895+0000] {subprocess.py:93} INFO - 2025-03-03 22:59:40,895 : INFO : Generating histogram for column NumOfProducts.
[2025-03-03T22:59:41.087+0000] {subprocess.py:93} INFO - 2025-03-03 22:59:41,087 : INFO : Generating histogram for column HasCrCard.
[2025-03-03T22:59:41.302+0000] {subprocess.py:93} INFO - 2025-03-03 22:59:41,302 : INFO : Generating histogram for column IsActiveMember.
[2025-03-03T22:59:41.547+0000] {subprocess.py:93} INFO - 2025-03-03 22:59:41,547 : INFO : Generating histogram for column EstimatedSalary.
[2025-03-03T22:59:41.825+0000] {subprocess.py:93} INFO - 2025-03-03 22:59:41,824 : INFO : Generating histogram for column Exited.
[2025-03-03T22:59:42.121+0000] {subprocess.py:93} INFO - 2025-03-03 22:59:42,120 : INFO : Generating histogram for relation of Exited with Categorical data.
[2025-03-03T22:59:42.524+0000] {subprocess.py:93} INFO - 2025-03-03 22:59:42,524 : INFO : Using categorical units to plot a list of strings that are all parsable as floats or dates. If these strings should be plotted as numbers, cast to the appropriate data type before plotting.
[2025-03-03T22:59:42.544+0000] {subprocess.py:93} INFO - 2025-03-03 22:59:42,544 : INFO : Using categorical units to plot a list of strings that are all parsable as floats or dates. If these strings should be plotted as numbers, cast to the appropriate data type before plotting.
[2025-03-03T22:59:42.641+0000] {subprocess.py:93} INFO - 2025-03-03 22:59:42,641 : INFO : Using categorical units to plot a list of strings that are all parsable as floats or dates. If these strings should be plotted as numbers, cast to the appropriate data type before plotting.
[2025-03-03T22:59:42.659+0000] {subprocess.py:93} INFO - 2025-03-03 22:59:42,658 : INFO : Using categorical units to plot a list of strings that are all parsable as floats or dates. If these strings should be plotted as numbers, cast to the appropriate data type before plotting.
[2025-03-03T22:59:42.721+0000] {subprocess.py:93} INFO - 2025-03-03 22:59:42,720 : INFO : Generating box plots for relation of Exited with non Categorical data.
[2025-03-03T22:59:42.939+0000] {subprocess.py:93} INFO - 2025-03-03 22:59:42,939 : INFO : Using categorical units to plot a list of strings that are all parsable as floats or dates. If these strings should be plotted as numbers, cast to the appropriate data type before plotting.
[2025-03-03T22:59:42.958+0000] {subprocess.py:93} INFO - 2025-03-03 22:59:42,958 : INFO : Using categorical units to plot a list of strings that are all parsable as floats or dates. If these strings should be plotted as numbers, cast to the appropriate data type before plotting.
[2025-03-03T22:59:43.068+0000] {subprocess.py:93} INFO - 2025-03-03 22:59:43,068 : INFO : Using categorical units to plot a list of strings that are all parsable as floats or dates. If these strings should be plotted as numbers, cast to the appropriate data type before plotting.
[2025-03-03T22:59:43.089+0000] {subprocess.py:93} INFO - 2025-03-03 22:59:43,089 : INFO : Using categorical units to plot a list of strings that are all parsable as floats or dates. If these strings should be plotted as numbers, cast to the appropriate data type before plotting.
[2025-03-03T22:59:43.213+0000] {subprocess.py:93} INFO - 2025-03-03 22:59:43,213 : INFO : Using categorical units to plot a list of strings that are all parsable as floats or dates. If these strings should be plotted as numbers, cast to the appropriate data type before plotting.
[2025-03-03T22:59:43.236+0000] {subprocess.py:93} INFO - 2025-03-03 22:59:43,235 : INFO : Using categorical units to plot a list of strings that are all parsable as floats or dates. If these strings should be plotted as numbers, cast to the appropriate data type before plotting.
[2025-03-03T22:59:43.369+0000] {subprocess.py:93} INFO - 2025-03-03 22:59:43,368 : INFO : Using categorical units to plot a list of strings that are all parsable as floats or dates. If these strings should be plotted as numbers, cast to the appropriate data type before plotting.
[2025-03-03T22:59:43.389+0000] {subprocess.py:93} INFO - 2025-03-03 22:59:43,389 : INFO : Using categorical units to plot a list of strings that are all parsable as floats or dates. If these strings should be plotted as numbers, cast to the appropriate data type before plotting.
[2025-03-03T22:59:43.493+0000] {subprocess.py:93} INFO - 2025-03-03 22:59:43,493 : INFO : Using categorical units to plot a list of strings that are all parsable as floats or dates. If these strings should be plotted as numbers, cast to the appropriate data type before plotting.
[2025-03-03T22:59:43.511+0000] {subprocess.py:93} INFO - 2025-03-03 22:59:43,510 : INFO : Using categorical units to plot a list of strings that are all parsable as floats or dates. If these strings should be plotted as numbers, cast to the appropriate data type before plotting.
[2025-03-03T22:59:43.717+0000] {subprocess.py:93} INFO - 2025-03-03 22:59:43,717 : INFO : Using categorical units to plot a list of strings that are all parsable as floats or dates. If these strings should be plotted as numbers, cast to the appropriate data type before plotting.
[2025-03-03T22:59:43.734+0000] {subprocess.py:93} INFO - 2025-03-03 22:59:43,734 : INFO : Using categorical units to plot a list of strings that are all parsable as floats or dates. If these strings should be plotted as numbers, cast to the appropriate data type before plotting.
[2025-03-03T22:59:44.200+0000] {subprocess.py:93} INFO - 2025-03-03 22:59:44,200 : INFO : Saved pdf in /opt/***/visualization/fintech1/03-03-2025/csv/plots.pdf
[2025-03-03T22:59:44.236+0000] {subprocess.py:93} INFO - 2025-03-03 22:59:44,236 : INFO : Starting data preparation for database_data.csv.
[2025-03-03T22:59:44.258+0000] {subprocess.py:93} INFO - 2025-03-03 22:59:44,257 : INFO : Dropping 'Estimated Salary' & 'Credit Score' with 0 & negative values
[2025-03-03T22:59:44.261+0000] {subprocess.py:93} INFO - 2025-03-03 22:59:44,261 : INFO : Handling 'Balance', 'EstimatedSalary' empty data with mean
[2025-03-03T22:59:44.261+0000] {subprocess.py:93} INFO - 2025-03-03 22:59:44,261 : INFO : Handling 'Tenure', 'Age' empty data with tenure + 18 in age and droping tenure with 0 values & negative values
[2025-03-03T22:59:44.262+0000] {subprocess.py:93} INFO - 2025-03-03 22:59:44,261 : INFO : Dropping 'Tenure' less than 0 and greater than 80
[2025-03-03T22:59:44.264+0000] {subprocess.py:93} INFO - 2025-03-03 22:59:44,264 : INFO : Handling 'Age' empty data
[2025-03-03T22:59:44.265+0000] {subprocess.py:93} INFO - 2025-03-03 22:59:44,265 : INFO : Dropping 'Age' less than 18 and greater than 110
[2025-03-03T22:59:44.268+0000] {subprocess.py:93} INFO - 2025-03-03 22:59:44,267 : INFO : Droping 'Surname' as it may lead to profiling, 'RowNumber', 'CustomerId' as it is not required
[2025-03-03T22:59:44.269+0000] {subprocess.py:93} INFO - 2025-03-03 22:59:44,269 : INFO : Making 'Geography', 'Gender' as categorical
[2025-03-03T22:59:44.275+0000] {subprocess.py:93} INFO - 2025-03-03 22:59:44,274 : INFO : Making 'HasCrCard', 'IsActiveMember', 'Exited' as integers
[2025-03-03T22:59:44.277+0000] {subprocess.py:93} INFO - 2025-03-03 22:59:44,276 : INFO : Saving data to S3.
[2025-03-03T22:59:44.277+0000] {subprocess.py:93} INFO - 2025-03-03 22:59:44,277 : INFO : Directory created at /opt/***/data/cleaned/fintech2/03-03-2025/database
[2025-03-03T22:59:44.353+0000] {subprocess.py:93} INFO - 2025-03-03 22:59:44,352 : INFO : Connected to s3
[2025-03-03T22:59:46.684+0000] {subprocess.py:93} INFO - 2025-03-03 22:59:46,683 : INFO : File uploaded to S3
[2025-03-03T22:59:46.685+0000] {subprocess.py:93} INFO - 2025-03-03 22:59:46,684 : INFO : Creating Pie chart
[2025-03-03T22:59:46.738+0000] {subprocess.py:93} INFO - 2025-03-03 22:59:46,738 : INFO : Generating histogram for column CreditScore.
[2025-03-03T22:59:46.854+0000] {subprocess.py:93} INFO - 2025-03-03 22:59:46,854 : INFO : Generating histogram for column Geography.
[2025-03-03T22:59:46.967+0000] {subprocess.py:93} INFO - 2025-03-03 22:59:46,966 : INFO : Generating histogram for column Gender.
[2025-03-03T22:59:47.074+0000] {subprocess.py:93} INFO - 2025-03-03 22:59:47,073 : INFO : Generating histogram for column Age.
[2025-03-03T22:59:47.227+0000] {subprocess.py:93} INFO - 2025-03-03 22:59:47,226 : INFO : Generating histogram for column Tenure.
[2025-03-03T22:59:47.377+0000] {subprocess.py:93} INFO - 2025-03-03 22:59:47,376 : INFO : Generating histogram for column Balance.
[2025-03-03T22:59:47.553+0000] {subprocess.py:93} INFO - 2025-03-03 22:59:47,553 : INFO : Generating histogram for column NumOfProducts.
[2025-03-03T22:59:47.868+0000] {subprocess.py:93} INFO - 2025-03-03 22:59:47,867 : INFO : Generating histogram for column HasCrCard.
[2025-03-03T22:59:48.101+0000] {subprocess.py:93} INFO - 2025-03-03 22:59:48,100 : INFO : Generating histogram for column IsActiveMember.
[2025-03-03T22:59:48.389+0000] {subprocess.py:93} INFO - 2025-03-03 22:59:48,388 : INFO : Generating histogram for column EstimatedSalary.
[2025-03-03T22:59:48.606+0000] {subprocess.py:93} INFO - 2025-03-03 22:59:48,606 : INFO : Generating histogram for column Exited.
[2025-03-03T22:59:48.825+0000] {subprocess.py:93} INFO - 2025-03-03 22:59:48,824 : INFO : Generating histogram for relation of Exited with Categorical data.
[2025-03-03T22:59:49.415+0000] {subprocess.py:93} INFO - 2025-03-03 22:59:49,414 : INFO : Using categorical units to plot a list of strings that are all parsable as floats or dates. If these strings should be plotted as numbers, cast to the appropriate data type before plotting.
[2025-03-03T22:59:49.447+0000] {subprocess.py:93} INFO - 2025-03-03 22:59:49,446 : INFO : Using categorical units to plot a list of strings that are all parsable as floats or dates. If these strings should be plotted as numbers, cast to the appropriate data type before plotting.
[2025-03-03T22:59:49.549+0000] {subprocess.py:93} INFO - 2025-03-03 22:59:49,548 : INFO : Using categorical units to plot a list of strings that are all parsable as floats or dates. If these strings should be plotted as numbers, cast to the appropriate data type before plotting.
[2025-03-03T22:59:49.568+0000] {subprocess.py:93} INFO - 2025-03-03 22:59:49,567 : INFO : Using categorical units to plot a list of strings that are all parsable as floats or dates. If these strings should be plotted as numbers, cast to the appropriate data type before plotting.
[2025-03-03T22:59:49.623+0000] {subprocess.py:93} INFO - 2025-03-03 22:59:49,623 : INFO : Generating box plots for relation of Exited with non Categorical data.
[2025-03-03T22:59:49.948+0000] {subprocess.py:93} INFO - 2025-03-03 22:59:49,948 : INFO : Using categorical units to plot a list of strings that are all parsable as floats or dates. If these strings should be plotted as numbers, cast to the appropriate data type before plotting.
[2025-03-03T22:59:49.965+0000] {subprocess.py:93} INFO - 2025-03-03 22:59:49,965 : INFO : Using categorical units to plot a list of strings that are all parsable as floats or dates. If these strings should be plotted as numbers, cast to the appropriate data type before plotting.
[2025-03-03T22:59:50.054+0000] {subprocess.py:93} INFO - 2025-03-03 22:59:50,054 : INFO : Using categorical units to plot a list of strings that are all parsable as floats or dates. If these strings should be plotted as numbers, cast to the appropriate data type before plotting.
[2025-03-03T22:59:50.071+0000] {subprocess.py:93} INFO - 2025-03-03 22:59:50,070 : INFO : Using categorical units to plot a list of strings that are all parsable as floats or dates. If these strings should be plotted as numbers, cast to the appropriate data type before plotting.
[2025-03-03T22:59:50.178+0000] {subprocess.py:93} INFO - 2025-03-03 22:59:50,178 : INFO : Using categorical units to plot a list of strings that are all parsable as floats or dates. If these strings should be plotted as numbers, cast to the appropriate data type before plotting.
[2025-03-03T22:59:50.195+0000] {subprocess.py:93} INFO - 2025-03-03 22:59:50,195 : INFO : Using categorical units to plot a list of strings that are all parsable as floats or dates. If these strings should be plotted as numbers, cast to the appropriate data type before plotting.
[2025-03-03T22:59:50.297+0000] {subprocess.py:93} INFO - 2025-03-03 22:59:50,296 : INFO : Using categorical units to plot a list of strings that are all parsable as floats or dates. If these strings should be plotted as numbers, cast to the appropriate data type before plotting.
[2025-03-03T22:59:50.315+0000] {subprocess.py:93} INFO - 2025-03-03 22:59:50,314 : INFO : Using categorical units to plot a list of strings that are all parsable as floats or dates. If these strings should be plotted as numbers, cast to the appropriate data type before plotting.
[2025-03-03T22:59:50.440+0000] {subprocess.py:93} INFO - 2025-03-03 22:59:50,440 : INFO : Using categorical units to plot a list of strings that are all parsable as floats or dates. If these strings should be plotted as numbers, cast to the appropriate data type before plotting.
[2025-03-03T22:59:50.469+0000] {subprocess.py:93} INFO - 2025-03-03 22:59:50,469 : INFO : Using categorical units to plot a list of strings that are all parsable as floats or dates. If these strings should be plotted as numbers, cast to the appropriate data type before plotting.
[2025-03-03T22:59:50.601+0000] {subprocess.py:93} INFO - 2025-03-03 22:59:50,601 : INFO : Using categorical units to plot a list of strings that are all parsable as floats or dates. If these strings should be plotted as numbers, cast to the appropriate data type before plotting.
[2025-03-03T22:59:50.620+0000] {subprocess.py:93} INFO - 2025-03-03 22:59:50,620 : INFO : Using categorical units to plot a list of strings that are all parsable as floats or dates. If these strings should be plotted as numbers, cast to the appropriate data type before plotting.
[2025-03-03T22:59:51.196+0000] {subprocess.py:93} INFO - 2025-03-03 22:59:51,195 : INFO : Saved pdf in /opt/***/visualization/fintech2/03-03-2025/database/plots.pdf
[2025-03-03T22:59:53.871+0000] {subprocess.py:93} INFO - 
[2025-03-03T22:59:53.871+0000] {subprocess.py:93} INFO - To track the changes with git, run:
[2025-03-03T22:59:53.871+0000] {subprocess.py:93} INFO - 
[2025-03-03T22:59:53.872+0000] {subprocess.py:93} INFO - 	git add data/cleaned.dvc
[2025-03-03T22:59:53.873+0000] {subprocess.py:93} INFO - 
[2025-03-03T22:59:53.874+0000] {subprocess.py:93} INFO - To enable auto staging, run:
[2025-03-03T22:59:53.875+0000] {subprocess.py:93} INFO - 
[2025-03-03T22:59:53.875+0000] {subprocess.py:93} INFO - 	dvc config core.autostage true
[2025-03-03T22:59:54.316+0000] {subprocess.py:93} INFO - /bin/bash: line 2:  : command not found
[2025-03-03T22:59:54.358+0000] {subprocess.py:93} INFO - On branch main
[2025-03-03T22:59:54.359+0000] {subprocess.py:93} INFO - Your branch is up to date with 'origin/main'.
[2025-03-03T22:59:54.359+0000] {subprocess.py:93} INFO - 
[2025-03-03T22:59:54.359+0000] {subprocess.py:93} INFO - Changes to be committed:
[2025-03-03T22:59:54.359+0000] {subprocess.py:93} INFO -   (use "git restore --staged <file>..." to unstage)
[2025-03-03T22:59:54.359+0000] {subprocess.py:93} INFO - 	new file:   data/cleaned.dvc
[2025-03-03T22:59:54.360+0000] {subprocess.py:93} INFO - 	new file:   logs/dag_id=customer_churn_ml_pipeline/run_id=manual__2025-03-03T22:58:48.778104+00:00/task_id=data_preparation_task/attempt=1.log
[2025-03-03T22:59:54.360+0000] {subprocess.py:93} INFO - 	modified:   logs/dag_id=customer_churn_ml_pipeline/run_id=manual__2025-03-03T22:58:48.778104+00:00/task_id=data_validation_task/attempt=1.log
[2025-03-03T22:59:54.360+0000] {subprocess.py:93} INFO - 	modified:   logs/dag_processor_manager/dag_processor_manager.log
[2025-03-03T22:59:54.360+0000] {subprocess.py:93} INFO - 	modified:   logs/data_preparation.log
[2025-03-03T22:59:54.360+0000] {subprocess.py:93} INFO - 	modified:   logs/scheduler/2025-03-03/customer_churn.py.log
[2025-03-03T22:59:54.361+0000] {subprocess.py:93} INFO - 	modified:   visualization/fintech1/03-03-2025/csv/plots.pdf
[2025-03-03T22:59:54.361+0000] {subprocess.py:93} INFO - 	modified:   visualization/fintech2/03-03-2025/database/plots.pdf
[2025-03-03T22:59:54.361+0000] {subprocess.py:93} INFO - 
[2025-03-03T22:59:54.361+0000] {subprocess.py:93} INFO - Changes not staged for commit:
[2025-03-03T22:59:54.361+0000] {subprocess.py:93} INFO -   (use "git add <file>..." to update what will be committed)
[2025-03-03T22:59:54.362+0000] {subprocess.py:93} INFO -   (use "git restore <file>..." to discard changes in working directory)
[2025-03-03T22:59:54.362+0000] {subprocess.py:93} INFO - 	modified:   logs/dag_id=customer_churn_ml_pipeline/run_id=manual__2025-03-03T22:58:48.778104+00:00/task_id=data_preparation_task/attempt=1.log
[2025-03-03T22:59:54.362+0000] {subprocess.py:93} INFO - 
[2025-03-03T22:59:54.362+0000] {subprocess.py:93} INFO - Untracked files:
[2025-03-03T22:59:54.362+0000] {subprocess.py:93} INFO -   (use "git add <file>..." to include in what will be committed)
[2025-03-03T22:59:54.362+0000] {subprocess.py:93} INFO - 	customer_churn_stats/feature_repo/data/online_store.db
[2025-03-03T22:59:54.363+0000] {subprocess.py:93} INFO - 	customer_churn_stats/feature_repo/data/registry.db
[2025-03-03T22:59:54.363+0000] {subprocess.py:93} INFO - 	models/
[2025-03-03T22:59:54.363+0000] {subprocess.py:93} INFO - 	online.db
[2025-03-03T22:59:54.363+0000] {subprocess.py:93} INFO - 
