[2025-03-03T16:37:52.826+0000] {taskinstance.py:1159} INFO - Dependencies all met for dep_context=non-requeueable deps ti=<TaskInstance: customer_churn_ml_pipeline.model_training_task manual__2025-03-03T16:36:09.097634+00:00 [queued]>
[2025-03-03T16:37:52.837+0000] {taskinstance.py:1159} INFO - Dependencies all met for dep_context=requeueable deps ti=<TaskInstance: customer_churn_ml_pipeline.model_training_task manual__2025-03-03T16:36:09.097634+00:00 [queued]>
[2025-03-03T16:37:52.837+0000] {taskinstance.py:1361} INFO - Starting attempt 1 of 1
[2025-03-03T16:37:52.853+0000] {taskinstance.py:1382} INFO - Executing <Task(BashOperator): model_training_task> on 2025-03-03 16:36:09.097634+00:00
[2025-03-03T16:37:52.858+0000] {standard_task_runner.py:57} INFO - Started process 4263 to run task
[2025-03-03T16:37:52.861+0000] {standard_task_runner.py:84} INFO - Running: ['***', 'tasks', 'run', 'customer_churn_ml_pipeline', 'model_training_task', 'manual__2025-03-03T16:36:09.097634+00:00', '--job-id', '98', '--raw', '--subdir', 'DAGS_FOLDER/customer_churn.py', '--cfg-path', '/tmp/tmpl7vz3tg5']
[2025-03-03T16:37:52.864+0000] {standard_task_runner.py:85} INFO - Job 98: Subtask model_training_task
[2025-03-03T16:37:52.885+0000] {logging_mixin.py:154} WARNING - /home/***/.local/lib/python3.8/site-packages/***/settings.py:195 DeprecationWarning: The sql_alchemy_conn option in [core] has been moved to the sql_alchemy_conn option in [database] - the old setting has been used, but please update your config.
[2025-03-03T16:37:52.928+0000] {task_command.py:416} INFO - Running <TaskInstance: customer_churn_ml_pipeline.model_training_task manual__2025-03-03T16:36:09.097634+00:00 [running]> on host 157237bff8f7
[2025-03-03T16:37:53.038+0000] {taskinstance.py:1662} INFO - Exporting env vars: AIRFLOW_CTX_DAG_OWNER='***' AIRFLOW_CTX_DAG_ID='customer_churn_ml_pipeline' AIRFLOW_CTX_TASK_ID='model_training_task' AIRFLOW_CTX_EXECUTION_DATE='2025-03-03T16:36:09.097634+00:00' AIRFLOW_CTX_TRY_NUMBER='1' AIRFLOW_CTX_DAG_RUN_ID='manual__2025-03-03T16:36:09.097634+00:00'
[2025-03-03T16:37:53.039+0000] {subprocess.py:63} INFO - Tmp dir root location: /tmp
[2025-03-03T16:37:53.039+0000] {subprocess.py:75} INFO - Running command: ['/bin/bash', '-c', '\n\t    \t\tcd /opt/***\n       \t\t\t    python /opt/***/executables/model_training.py && \t      \t\t    git add logs && \t      \t\t    git add mlruns && \t        \t    git status &&                             git commit -m "Trained model version" -a && \\    \n\t\t\t    git push\n                        ']
[2025-03-03T16:37:53.049+0000] {subprocess.py:86} INFO - Output:
[2025-03-03T16:37:59.963+0000] {subprocess.py:93} INFO - /home/***/.local/lib/python3.8/site-packages/mlflow/gateway/config.py:64: PydanticDeprecatedSince20: Pydantic V1 style `@validator` validators are deprecated. You should migrate to Pydantic V2 style `@field_validator` validators, see the migration guide for more details. Deprecated in Pydantic V2.0 to be removed in V3.0. See Pydantic V2 Migration Guide at https://errors.pydantic.dev/2.4/migration/
[2025-03-03T16:37:59.964+0000] {subprocess.py:93} INFO -   @validator("togetherai_api_key", pre=True)
[2025-03-03T16:37:59.964+0000] {subprocess.py:93} INFO - /home/***/.local/lib/python3.8/site-packages/mlflow/gateway/config.py:372: PydanticDeprecatedSince20: Pydantic V1 style `@root_validator` validators are deprecated. You should migrate to Pydantic V2 style `@model_validator` validators, see the migration guide for more details. Deprecated in Pydantic V2.0 to be removed in V3.0. See Pydantic V2 Migration Guide at https://errors.pydantic.dev/2.4/migration/
[2025-03-03T16:37:59.964+0000] {subprocess.py:93} INFO -   @root_validator(skip_on_failure=True)
[2025-03-03T16:37:59.964+0000] {subprocess.py:93} INFO - /home/***/.local/lib/python3.8/site-packages/pydantic/_internal/_config.py:267: PydanticDeprecatedSince20: Support for class-based `config` is deprecated, use ConfigDict instead. Deprecated in Pydantic V2.0 to be removed in V3.0. See Pydantic V2 Migration Guide at https://errors.pydantic.dev/2.4/migration/
[2025-03-03T16:37:59.965+0000] {subprocess.py:93} INFO -   warnings.warn(DEPRECATION_MESSAGE, DeprecationWarning)
[2025-03-03T16:37:59.965+0000] {subprocess.py:93} INFO - 2025-03-03 16:37:59,963 : INFO : Starting model training
[2025-03-03T16:37:59.985+0000] {subprocess.py:93} INFO - 2025-03-03 16:37:59,984 : INFO : Registry cache expired, so refreshing
[2025-03-03T16:37:59.995+0000] {subprocess.py:93} INFO - 2025-03-03 16:37:59,995 : INFO : Getting data
[2025-03-03T16:37:59.996+0000] {subprocess.py:93} INFO - 2025-03-03 16:37:59,996 : INFO : Start and End Range: 1 to 1000
[2025-03-03T16:38:00.506+0000] {subprocess.py:93} INFO - 2025-03-03 16:38:00,505 : INFO : Data fetched: 999
[2025-03-03T16:38:00.506+0000] {subprocess.py:93} INFO - 2025-03-03 16:38:00,506 : INFO : New Start and End Range: 1001 to 2000
[2025-03-03T16:38:00.506+0000] {subprocess.py:93} INFO - 2025-03-03 16:38:00,506 : INFO : Start and End Range: 1001 to 2000
[2025-03-03T16:38:00.859+0000] {subprocess.py:93} INFO - 2025-03-03 16:38:00,859 : INFO : Data fetched: 999
[2025-03-03T16:38:00.860+0000] {subprocess.py:93} INFO - 2025-03-03 16:38:00,859 : INFO : New Start and End Range: 3001 to 4000
[2025-03-03T16:38:00.860+0000] {subprocess.py:93} INFO - 2025-03-03 16:38:00,859 : INFO : Start and End Range: 3001 to 4000
[2025-03-03T16:38:01.284+0000] {subprocess.py:93} INFO - 2025-03-03 16:38:01,284 : INFO : Data fetched: 999
[2025-03-03T16:38:01.285+0000] {subprocess.py:93} INFO - 2025-03-03 16:38:01,284 : INFO : New Start and End Range: 7001 to 8000
[2025-03-03T16:38:01.285+0000] {subprocess.py:93} INFO - 2025-03-03 16:38:01,285 : INFO : Start and End Range: 7001 to 8000
[2025-03-03T16:38:01.587+0000] {subprocess.py:93} INFO - 2025-03-03 16:38:01,587 : INFO : Data fetched: 999
[2025-03-03T16:38:01.588+0000] {subprocess.py:93} INFO - 2025-03-03 16:38:01,587 : INFO : New Start and End Range: 15001 to 16000
[2025-03-03T16:38:01.588+0000] {subprocess.py:93} INFO - 2025-03-03 16:38:01,588 : INFO : Start and End Range: 15001 to 16000
[2025-03-03T16:38:01.975+0000] {subprocess.py:93} INFO - 2025-03-03 16:38:01,975 : INFO : Data fetched: 999
[2025-03-03T16:38:01.976+0000] {subprocess.py:93} INFO - 2025-03-03 16:38:01,975 : INFO : New Start and End Range: 31001 to 32000
[2025-03-03T16:38:01.976+0000] {subprocess.py:93} INFO - 2025-03-03 16:38:01,976 : INFO : Start and End Range: 31001 to 32000
[2025-03-03T16:38:02.066+0000] {subprocess.py:93} INFO - 2025-03-03 16:38:02,065 : INFO : Reached End of Data
[2025-03-03T16:38:02.069+0000] {subprocess.py:93} INFO - 2025-03-03 16:38:02,069 : INFO : Stoping at Start and End Range: 31001 to 32000
[2025-03-03T16:38:02.069+0000] {subprocess.py:93} INFO - 2025-03-03 16:38:02,069 : INFO : Created feature data
[2025-03-03T16:38:02.070+0000] {subprocess.py:93} INFO - 2025-03-03 16:38:02,069 : INFO : Total Data fetched: 5
[2025-03-03T16:38:02.074+0000] {subprocess.py:93} INFO - 2025-03-03 16:38:02,074 : INFO : received feature data
[2025-03-03T16:38:02.079+0000] {subprocess.py:93} INFO - 2025-03-03 16:38:02,079 : INFO : Models defined
[2025-03-03T16:38:02.079+0000] {subprocess.py:93} INFO - 2025-03-03 16:38:02,079 : INFO : Training model RandomForest
[2025-03-03T16:38:03.263+0000] {subprocess.py:93} INFO - 2025-03-03 16:38:03,263 : INFO : Predicting model RandomForest
[2025-03-03T16:38:03.292+0000] {subprocess.py:93} INFO - 2025-03-03 16:38:03,292 : INFO : Calculating accuracy RandomForest
[2025-03-03T16:38:03.453+0000] {subprocess.py:93} INFO - 2025-03-03 16:38:03,453 : WARNING : Retrying (JitteredRetry(total=4, connect=4, read=5, redirect=5, status=5)) after connection broken by 'NewConnectionError('<urllib3.connection.HTTPConnection object at 0x7fa9f39b30d0>: Failed to establish a new connection: [Errno 111] Connection refused')': /api/2.0/mlflow/runs/create
[2025-03-03T16:38:07.459+0000] {subprocess.py:93} INFO - 2025-03-03 16:38:07,458 : WARNING : Retrying (JitteredRetry(total=3, connect=3, read=5, redirect=5, status=5)) after connection broken by 'NewConnectionError('<urllib3.connection.HTTPConnection object at 0x7fa9f39b3280>: Failed to establish a new connection: [Errno 111] Connection refused')': /api/2.0/mlflow/runs/create
[2025-03-03T16:38:15.468+0000] {subprocess.py:93} INFO - 2025-03-03 16:38:15,468 : WARNING : Retrying (JitteredRetry(total=2, connect=2, read=5, redirect=5, status=5)) after connection broken by 'NewConnectionError('<urllib3.connection.HTTPConnection object at 0x7fa9f39b34f0>: Failed to establish a new connection: [Errno 111] Connection refused')': /api/2.0/mlflow/runs/create
[2025-03-03T16:38:31.471+0000] {subprocess.py:93} INFO - 2025-03-03 16:38:31,470 : WARNING : Retrying (JitteredRetry(total=1, connect=1, read=5, redirect=5, status=5)) after connection broken by 'NewConnectionError('<urllib3.connection.HTTPConnection object at 0x7fa9f39b36a0>: Failed to establish a new connection: [Errno 111] Connection refused')': /api/2.0/mlflow/runs/create
[2025-03-03T16:39:03.472+0000] {subprocess.py:93} INFO - 2025-03-03 16:39:03,471 : WARNING : Retrying (JitteredRetry(total=0, connect=0, read=5, redirect=5, status=5)) after connection broken by 'NewConnectionError('<urllib3.connection.HTTPConnection object at 0x7fa9f398f0d0>: Failed to establish a new connection: [Errno 111] Connection refused')': /api/2.0/mlflow/runs/create
[2025-03-03T16:39:03.473+0000] {subprocess.py:93} INFO - Error in model training: API request to http://localhost:5000/api/2.0/mlflow/runs/create failed with exception HTTPConnectionPool(host='localhost', port=5000): Max retries exceeded with url: /api/2.0/mlflow/runs/create (Caused by NewConnectionError('<urllib3.connection.HTTPConnection object at 0x7fa9f398fc70>: Failed to establish a new connection: [Errno 111] Connection refused'))
[2025-03-03T16:39:04.026+0000] {subprocess.py:93} INFO - On branch main
[2025-03-03T16:39:04.027+0000] {subprocess.py:93} INFO - Your branch is up to date with 'origin/main'.
[2025-03-03T16:39:04.027+0000] {subprocess.py:93} INFO - 
[2025-03-03T16:39:04.027+0000] {subprocess.py:93} INFO - Changes to be committed:
[2025-03-03T16:39:04.027+0000] {subprocess.py:93} INFO -   (use "git restore --staged <file>..." to unstage)
[2025-03-03T16:39:04.027+0000] {subprocess.py:93} INFO - 	modified:   logs/dag_id=customer_churn_ml_pipeline/run_id=manual__2025-03-03T16:36:09.097634+00:00/task_id=feature_store_task/attempt=1.log
[2025-03-03T16:39:04.027+0000] {subprocess.py:93} INFO - 	new file:   logs/dag_id=customer_churn_ml_pipeline/run_id=manual__2025-03-03T16:36:09.097634+00:00/task_id=model_training_task/attempt=1.log
[2025-03-03T16:39:04.027+0000] {subprocess.py:93} INFO - 	modified:   logs/dag_processor_manager/dag_processor_manager.log
[2025-03-03T16:39:04.027+0000] {subprocess.py:93} INFO - 	modified:   logs/model_training.log
[2025-03-03T16:39:04.028+0000] {subprocess.py:93} INFO - 	modified:   logs/scheduler/2025-03-03/customer_churn.py.log
[2025-03-03T16:39:04.028+0000] {subprocess.py:93} INFO - 
[2025-03-03T16:39:04.028+0000] {subprocess.py:93} INFO - Untracked files:
[2025-03-03T16:39:04.028+0000] {subprocess.py:93} INFO -   (use "git add <file>..." to include in what will be committed)
[2025-03-03T16:39:04.028+0000] {subprocess.py:93} INFO - 	customer_churn_stats/feature_repo/data/online_store.db
[2025-03-03T16:39:04.028+0000] {subprocess.py:93} INFO - 	customer_churn_stats/feature_repo/data/registry.db
[2025-03-03T16:39:04.028+0000] {subprocess.py:93} INFO - 	models/
[2025-03-03T16:39:04.028+0000] {subprocess.py:93} INFO - 	online.db
[2025-03-03T16:39:04.028+0000] {subprocess.py:93} INFO - 
[2025-03-03T16:39:04.068+0000] {subprocess.py:93} INFO - [main 9f16549] Trained model version
[2025-03-03T16:39:04.068+0000] {subprocess.py:93} INFO -  5 files changed, 143 insertions(+)
[2025-03-03T16:39:04.069+0000] {subprocess.py:93} INFO -  create mode 100644 logs/dag_id=customer_churn_ml_pipeline/run_id=manual__2025-03-03T16:36:09.097634+00:00/task_id=model_training_task/attempt=1.log
[2025-03-03T16:39:04.069+0000] {subprocess.py:93} INFO - /bin/bash: line 3:  : command not found
[2025-03-03T16:39:04.944+0000] {subprocess.py:93} INFO - To https://github.com/anniemathew-trial/customer_churn_pipeline.git
[2025-03-03T16:39:04.945+0000] {subprocess.py:93} INFO -  ! [rejected]        main -> main (fetch first)
[2025-03-03T16:39:04.945+0000] {subprocess.py:93} INFO - error: failed to push some refs to 'https://github.com/anniemathew-trial/customer_churn_pipeline.git'
[2025-03-03T16:39:04.946+0000] {subprocess.py:93} INFO - hint: Updates were rejected because the remote contains work that you do
[2025-03-03T16:39:04.947+0000] {subprocess.py:93} INFO - hint: not have locally. This is usually caused by another repository pushing
[2025-03-03T16:39:04.947+0000] {subprocess.py:93} INFO - hint: to the same ref. You may want to first integrate the remote changes
[2025-03-03T16:39:04.948+0000] {subprocess.py:93} INFO - hint: (e.g., 'git pull ...') before pushing again.
[2025-03-03T16:39:04.948+0000] {subprocess.py:93} INFO - hint: See the 'Note about fast-forwards' in 'git push --help' for details.
[2025-03-03T16:39:04.949+0000] {subprocess.py:97} INFO - Command exited with return code 1
[2025-03-03T16:39:04.964+0000] {taskinstance.py:1937} ERROR - Task failed with exception
Traceback (most recent call last):
  File "/home/airflow/.local/lib/python3.8/site-packages/airflow/operators/bash.py", line 210, in execute
    raise AirflowException(
airflow.exceptions.AirflowException: Bash command failed. The command returned a non-zero exit code 1.
[2025-03-03T16:39:04.967+0000] {taskinstance.py:1400} INFO - Marking task as FAILED. dag_id=customer_churn_ml_pipeline, task_id=model_training_task, execution_date=20250303T163609, start_date=20250303T163752, end_date=20250303T163904
[2025-03-03T16:39:04.980+0000] {standard_task_runner.py:104} ERROR - Failed to execute job 98 for task model_training_task (Bash command failed. The command returned a non-zero exit code 1.; 4263)
[2025-03-03T16:39:05.025+0000] {local_task_job_runner.py:228} INFO - Task exited with return code 1
[2025-03-03T16:39:05.046+0000] {taskinstance.py:2778} INFO - 0 downstream tasks scheduled from follow-on schedule check
