[2025-03-09T16:46:48.115+0000] {taskinstance.py:1159} INFO - Dependencies all met for dep_context=non-requeueable deps ti=<TaskInstance: customer_churn_ml_pipeline.data_preparation_task manual__2025-03-09T16:45:49.978338+00:00 [queued]>
[2025-03-09T16:46:48.132+0000] {taskinstance.py:1159} INFO - Dependencies all met for dep_context=requeueable deps ti=<TaskInstance: customer_churn_ml_pipeline.data_preparation_task manual__2025-03-09T16:45:49.978338+00:00 [queued]>
[2025-03-09T16:46:48.132+0000] {taskinstance.py:1361} INFO - Starting attempt 1 of 1
[2025-03-09T16:46:48.156+0000] {taskinstance.py:1382} INFO - Executing <Task(BashOperator): data_preparation_task> on 2025-03-09 16:45:49.978338+00:00
[2025-03-09T16:46:48.163+0000] {standard_task_runner.py:57} INFO - Started process 10611 to run task
[2025-03-09T16:46:48.168+0000] {standard_task_runner.py:84} INFO - Running: ['***', 'tasks', 'run', 'customer_churn_ml_pipeline', 'data_preparation_task', 'manual__2025-03-09T16:45:49.978338+00:00', '--job-id', '388', '--raw', '--subdir', 'DAGS_FOLDER/customer_churn.py', '--cfg-path', '/tmp/tmp6nsthx71']
[2025-03-09T16:46:48.172+0000] {standard_task_runner.py:85} INFO - Job 388: Subtask data_preparation_task
[2025-03-09T16:46:48.204+0000] {logging_mixin.py:154} WARNING - /home/***/.local/lib/python3.8/site-packages/***/settings.py:195 DeprecationWarning: The sql_alchemy_conn option in [core] has been moved to the sql_alchemy_conn option in [database] - the old setting has been used, but please update your config.
[2025-03-09T16:46:48.279+0000] {task_command.py:416} INFO - Running <TaskInstance: customer_churn_ml_pipeline.data_preparation_task manual__2025-03-09T16:45:49.978338+00:00 [running]> on host 157237bff8f7
[2025-03-09T16:46:48.468+0000] {taskinstance.py:1662} INFO - Exporting env vars: AIRFLOW_CTX_DAG_OWNER='***' AIRFLOW_CTX_DAG_ID='customer_churn_ml_pipeline' AIRFLOW_CTX_TASK_ID='data_preparation_task' AIRFLOW_CTX_EXECUTION_DATE='2025-03-09T16:45:49.978338+00:00' AIRFLOW_CTX_TRY_NUMBER='1' AIRFLOW_CTX_DAG_RUN_ID='manual__2025-03-09T16:45:49.978338+00:00'
[2025-03-09T16:46:48.470+0000] {subprocess.py:63} INFO - Tmp dir root location: /tmp
[2025-03-09T16:46:48.470+0000] {subprocess.py:75} INFO - Running command: ['/bin/bash', '-c', '\n\t\t\tcd /opt/*** &&\t\t\tpython /opt/***/executables/data_preparation.py &&                         dvc add /opt/***/data/cleaned &&                         git add /opt/***/data/cleaned.dvc && \t\t\tgit add logs && \\   \n\t\t\tgit add visualization &&    \t\t\tgit status &&                         git commit -m "Updated cleaned data version" -a &&                         dvc push && git push\n                    ']
[2025-03-09T16:46:48.483+0000] {subprocess.py:86} INFO - Output:
[2025-03-09T16:46:52.699+0000] {subprocess.py:93} INFO - 2025-03-09 16:46:52,699 : INFO : Starting data preparation for customer_data.csv.
[2025-03-09T16:46:52.725+0000] {subprocess.py:93} INFO - 2025-03-09 16:46:52,724 : INFO : Dropping 'Estimated Salary' & 'Credit Score' with 0 & negative values
[2025-03-09T16:46:52.729+0000] {subprocess.py:93} INFO - 2025-03-09 16:46:52,729 : INFO : Handling 'Balance', 'EstimatedSalary' empty data with mean
[2025-03-09T16:46:52.730+0000] {subprocess.py:93} INFO - 2025-03-09 16:46:52,729 : INFO : Handling 'Tenure', 'Age' empty data with tenure + 18 in age and droping tenure with 0 values & negative values
[2025-03-09T16:46:52.747+0000] {subprocess.py:93} INFO - 2025-03-09 16:46:52,746 : INFO : Dropping 'Tenure' less than 0 and greater than 80
[2025-03-09T16:46:52.750+0000] {subprocess.py:93} INFO - 2025-03-09 16:46:52,750 : INFO : Handling 'Age' empty data
[2025-03-09T16:46:52.751+0000] {subprocess.py:93} INFO - 2025-03-09 16:46:52,751 : INFO : Dropping 'Age' less than 18 and greater than 110
[2025-03-09T16:46:52.754+0000] {subprocess.py:93} INFO - 2025-03-09 16:46:52,754 : INFO : Droping 'Surname' as it may lead to profiling, 'RowNumber', 'CustomerId' as it is not required
[2025-03-09T16:46:52.757+0000] {subprocess.py:93} INFO - 2025-03-09 16:46:52,756 : INFO : Making 'Geography', 'Gender' as categorical
[2025-03-09T16:46:52.763+0000] {subprocess.py:93} INFO - 2025-03-09 16:46:52,763 : INFO : Making 'HasCrCard', 'IsActiveMember', 'Exited' as integers
[2025-03-09T16:46:52.765+0000] {subprocess.py:93} INFO - 2025-03-09 16:46:52,765 : INFO : Saving data to S3.
[2025-03-09T16:46:52.766+0000] {subprocess.py:93} INFO - 2025-03-09 16:46:52,765 : INFO : Directory created at /opt/***/data/cleaned/fintech1/09-03-2025/csv
[2025-03-09T16:46:53.031+0000] {subprocess.py:93} INFO - 2025-03-09 16:46:53,030 : INFO : Connected to s3
[2025-03-09T16:46:55.601+0000] {subprocess.py:93} INFO - 2025-03-09 16:46:55,600 : INFO : File uploaded to S3
[2025-03-09T16:46:55.602+0000] {subprocess.py:93} INFO - 2025-03-09 16:46:55,602 : INFO : Creating Pie chart
[2025-03-09T16:46:55.711+0000] {subprocess.py:93} INFO - 2025-03-09 16:46:55,710 : INFO : Generating histogram for column CreditScore.
[2025-03-09T16:46:56.039+0000] {subprocess.py:93} INFO - 2025-03-09 16:46:56,039 : INFO : Generating histogram for column Geography.
[2025-03-09T16:46:56.361+0000] {subprocess.py:93} INFO - 2025-03-09 16:46:56,361 : INFO : Generating histogram for column Gender.
[2025-03-09T16:46:56.627+0000] {subprocess.py:93} INFO - 2025-03-09 16:46:56,627 : INFO : Generating histogram for column Age.
[2025-03-09T16:46:56.955+0000] {subprocess.py:93} INFO - 2025-03-09 16:46:56,954 : INFO : Generating histogram for column Tenure.
[2025-03-09T16:46:57.237+0000] {subprocess.py:93} INFO - 2025-03-09 16:46:57,237 : INFO : Generating histogram for column Balance.
[2025-03-09T16:46:57.553+0000] {subprocess.py:93} INFO - 2025-03-09 16:46:57,553 : INFO : Generating histogram for column NumOfProducts.
[2025-03-09T16:46:57.849+0000] {subprocess.py:93} INFO - 2025-03-09 16:46:57,849 : INFO : Generating histogram for column HasCrCard.
[2025-03-09T16:46:58.149+0000] {subprocess.py:93} INFO - 2025-03-09 16:46:58,148 : INFO : Generating histogram for column IsActiveMember.
[2025-03-09T16:46:58.477+0000] {subprocess.py:93} INFO - 2025-03-09 16:46:58,477 : INFO : Generating histogram for column EstimatedSalary.
[2025-03-09T16:46:58.863+0000] {subprocess.py:93} INFO - 2025-03-09 16:46:58,862 : INFO : Generating histogram for column Exited.
[2025-03-09T16:46:59.215+0000] {subprocess.py:93} INFO - 2025-03-09 16:46:59,214 : INFO : Generating histogram for relation of Exited with Categorical data.
[2025-03-09T16:46:59.873+0000] {subprocess.py:93} INFO - 2025-03-09 16:46:59,873 : INFO : Using categorical units to plot a list of strings that are all parsable as floats or dates. If these strings should be plotted as numbers, cast to the appropriate data type before plotting.
[2025-03-09T16:46:59.906+0000] {subprocess.py:93} INFO - 2025-03-09 16:46:59,906 : INFO : Using categorical units to plot a list of strings that are all parsable as floats or dates. If these strings should be plotted as numbers, cast to the appropriate data type before plotting.
[2025-03-09T16:47:00.102+0000] {subprocess.py:93} INFO - 2025-03-09 16:47:00,101 : INFO : Using categorical units to plot a list of strings that are all parsable as floats or dates. If these strings should be plotted as numbers, cast to the appropriate data type before plotting.
[2025-03-09T16:47:00.133+0000] {subprocess.py:93} INFO - 2025-03-09 16:47:00,132 : INFO : Using categorical units to plot a list of strings that are all parsable as floats or dates. If these strings should be plotted as numbers, cast to the appropriate data type before plotting.
[2025-03-09T16:47:00.262+0000] {subprocess.py:93} INFO - 2025-03-09 16:47:00,261 : INFO : Generating box plots for relation of Exited with non Categorical data.
[2025-03-09T16:47:00.602+0000] {subprocess.py:93} INFO - 2025-03-09 16:47:00,601 : INFO : Using categorical units to plot a list of strings that are all parsable as floats or dates. If these strings should be plotted as numbers, cast to the appropriate data type before plotting.
[2025-03-09T16:47:00.628+0000] {subprocess.py:93} INFO - 2025-03-09 16:47:00,627 : INFO : Using categorical units to plot a list of strings that are all parsable as floats or dates. If these strings should be plotted as numbers, cast to the appropriate data type before plotting.
[2025-03-09T16:47:00.773+0000] {subprocess.py:93} INFO - 2025-03-09 16:47:00,773 : INFO : Using categorical units to plot a list of strings that are all parsable as floats or dates. If these strings should be plotted as numbers, cast to the appropriate data type before plotting.
[2025-03-09T16:47:00.804+0000] {subprocess.py:93} INFO - 2025-03-09 16:47:00,804 : INFO : Using categorical units to plot a list of strings that are all parsable as floats or dates. If these strings should be plotted as numbers, cast to the appropriate data type before plotting.
[2025-03-09T16:47:00.948+0000] {subprocess.py:93} INFO - 2025-03-09 16:47:00,948 : INFO : Using categorical units to plot a list of strings that are all parsable as floats or dates. If these strings should be plotted as numbers, cast to the appropriate data type before plotting.
[2025-03-09T16:47:00.980+0000] {subprocess.py:93} INFO - 2025-03-09 16:47:00,979 : INFO : Using categorical units to plot a list of strings that are all parsable as floats or dates. If these strings should be plotted as numbers, cast to the appropriate data type before plotting.
[2025-03-09T16:47:01.173+0000] {subprocess.py:93} INFO - 2025-03-09 16:47:01,173 : INFO : Using categorical units to plot a list of strings that are all parsable as floats or dates. If these strings should be plotted as numbers, cast to the appropriate data type before plotting.
[2025-03-09T16:47:01.217+0000] {subprocess.py:93} INFO - 2025-03-09 16:47:01,216 : INFO : Using categorical units to plot a list of strings that are all parsable as floats or dates. If these strings should be plotted as numbers, cast to the appropriate data type before plotting.
[2025-03-09T16:47:01.396+0000] {subprocess.py:93} INFO - 2025-03-09 16:47:01,395 : INFO : Using categorical units to plot a list of strings that are all parsable as floats or dates. If these strings should be plotted as numbers, cast to the appropriate data type before plotting.
[2025-03-09T16:47:01.429+0000] {subprocess.py:93} INFO - 2025-03-09 16:47:01,428 : INFO : Using categorical units to plot a list of strings that are all parsable as floats or dates. If these strings should be plotted as numbers, cast to the appropriate data type before plotting.
[2025-03-09T16:47:01.851+0000] {subprocess.py:93} INFO - 2025-03-09 16:47:01,851 : INFO : Using categorical units to plot a list of strings that are all parsable as floats or dates. If these strings should be plotted as numbers, cast to the appropriate data type before plotting.
[2025-03-09T16:47:01.888+0000] {subprocess.py:93} INFO - 2025-03-09 16:47:01,888 : INFO : Using categorical units to plot a list of strings that are all parsable as floats or dates. If these strings should be plotted as numbers, cast to the appropriate data type before plotting.
[2025-03-09T16:47:02.802+0000] {subprocess.py:93} INFO - 2025-03-09 16:47:02,802 : INFO : Saved pdf in /opt/***/visualization/fintech1/09-03-2025/csv/plots.pdf
[2025-03-09T16:47:02.862+0000] {subprocess.py:93} INFO - 2025-03-09 16:47:02,862 : INFO : Starting data preparation for database_data.csv.
[2025-03-09T16:47:02.895+0000] {subprocess.py:93} INFO - 2025-03-09 16:47:02,894 : INFO : Dropping 'Estimated Salary' & 'Credit Score' with 0 & negative values
[2025-03-09T16:47:02.900+0000] {subprocess.py:93} INFO - 2025-03-09 16:47:02,900 : INFO : Handling 'Balance', 'EstimatedSalary' empty data with mean
[2025-03-09T16:47:02.901+0000] {subprocess.py:93} INFO - 2025-03-09 16:47:02,900 : INFO : Handling 'Tenure', 'Age' empty data with tenure + 18 in age and droping tenure with 0 values & negative values
[2025-03-09T16:47:02.901+0000] {subprocess.py:93} INFO - 2025-03-09 16:47:02,901 : INFO : Dropping 'Tenure' less than 0 and greater than 80
[2025-03-09T16:47:02.904+0000] {subprocess.py:93} INFO - 2025-03-09 16:47:02,904 : INFO : Handling 'Age' empty data
[2025-03-09T16:47:02.906+0000] {subprocess.py:93} INFO - 2025-03-09 16:47:02,905 : INFO : Dropping 'Age' less than 18 and greater than 110
[2025-03-09T16:47:02.912+0000] {subprocess.py:93} INFO - 2025-03-09 16:47:02,911 : INFO : Droping 'Surname' as it may lead to profiling, 'RowNumber', 'CustomerId' as it is not required
[2025-03-09T16:47:02.914+0000] {subprocess.py:93} INFO - 2025-03-09 16:47:02,913 : INFO : Making 'Geography', 'Gender' as categorical
[2025-03-09T16:47:02.921+0000] {subprocess.py:93} INFO - 2025-03-09 16:47:02,920 : INFO : Making 'HasCrCard', 'IsActiveMember', 'Exited' as integers
[2025-03-09T16:47:02.923+0000] {subprocess.py:93} INFO - 2025-03-09 16:47:02,922 : INFO : Saving data to S3.
[2025-03-09T16:47:02.923+0000] {subprocess.py:93} INFO - 2025-03-09 16:47:02,923 : INFO : Directory created at /opt/***/data/cleaned/fintech2/09-03-2025/database
[2025-03-09T16:47:03.048+0000] {subprocess.py:93} INFO - 2025-03-09 16:47:03,047 : INFO : Connected to s3
[2025-03-09T16:47:05.453+0000] {subprocess.py:93} INFO - 2025-03-09 16:47:05,453 : INFO : File uploaded to S3
[2025-03-09T16:47:05.454+0000] {subprocess.py:93} INFO - 2025-03-09 16:47:05,453 : INFO : Creating Pie chart
[2025-03-09T16:47:05.519+0000] {subprocess.py:93} INFO - 2025-03-09 16:47:05,519 : INFO : Generating histogram for column CreditScore.
[2025-03-09T16:47:05.673+0000] {subprocess.py:93} INFO - 2025-03-09 16:47:05,673 : INFO : Generating histogram for column Geography.
[2025-03-09T16:47:05.828+0000] {subprocess.py:93} INFO - 2025-03-09 16:47:05,828 : INFO : Generating histogram for column Gender.
[2025-03-09T16:47:05.997+0000] {subprocess.py:93} INFO - 2025-03-09 16:47:05,997 : INFO : Generating histogram for column Age.
[2025-03-09T16:47:06.237+0000] {subprocess.py:93} INFO - 2025-03-09 16:47:06,237 : INFO : Generating histogram for column Tenure.
[2025-03-09T16:47:06.453+0000] {subprocess.py:93} INFO - 2025-03-09 16:47:06,452 : INFO : Generating histogram for column Balance.
[2025-03-09T16:47:06.701+0000] {subprocess.py:93} INFO - 2025-03-09 16:47:06,700 : INFO : Generating histogram for column NumOfProducts.
[2025-03-09T16:47:06.968+0000] {subprocess.py:93} INFO - 2025-03-09 16:47:06,967 : INFO : Generating histogram for column HasCrCard.
[2025-03-09T16:47:07.228+0000] {subprocess.py:93} INFO - 2025-03-09 16:47:07,228 : INFO : Generating histogram for column IsActiveMember.
[2025-03-09T16:47:07.479+0000] {subprocess.py:93} INFO - 2025-03-09 16:47:07,478 : INFO : Generating histogram for column EstimatedSalary.
[2025-03-09T16:47:07.778+0000] {subprocess.py:93} INFO - 2025-03-09 16:47:07,778 : INFO : Generating histogram for column Exited.
[2025-03-09T16:47:08.099+0000] {subprocess.py:93} INFO - 2025-03-09 16:47:08,099 : INFO : Generating histogram for relation of Exited with Categorical data.
[2025-03-09T16:47:08.609+0000] {subprocess.py:93} INFO - 2025-03-09 16:47:08,608 : INFO : Using categorical units to plot a list of strings that are all parsable as floats or dates. If these strings should be plotted as numbers, cast to the appropriate data type before plotting.
[2025-03-09T16:47:08.635+0000] {subprocess.py:93} INFO - 2025-03-09 16:47:08,634 : INFO : Using categorical units to plot a list of strings that are all parsable as floats or dates. If these strings should be plotted as numbers, cast to the appropriate data type before plotting.
[2025-03-09T16:47:08.752+0000] {subprocess.py:93} INFO - 2025-03-09 16:47:08,752 : INFO : Using categorical units to plot a list of strings that are all parsable as floats or dates. If these strings should be plotted as numbers, cast to the appropriate data type before plotting.
[2025-03-09T16:47:08.774+0000] {subprocess.py:93} INFO - 2025-03-09 16:47:08,774 : INFO : Using categorical units to plot a list of strings that are all parsable as floats or dates. If these strings should be plotted as numbers, cast to the appropriate data type before plotting.
[2025-03-09T16:47:08.839+0000] {subprocess.py:93} INFO - 2025-03-09 16:47:08,839 : INFO : Generating box plots for relation of Exited with non Categorical data.
[2025-03-09T16:47:09.272+0000] {subprocess.py:93} INFO - 2025-03-09 16:47:09,271 : INFO : Using categorical units to plot a list of strings that are all parsable as floats or dates. If these strings should be plotted as numbers, cast to the appropriate data type before plotting.
[2025-03-09T16:47:09.301+0000] {subprocess.py:93} INFO - 2025-03-09 16:47:09,300 : INFO : Using categorical units to plot a list of strings that are all parsable as floats or dates. If these strings should be plotted as numbers, cast to the appropriate data type before plotting.
[2025-03-09T16:47:09.539+0000] {subprocess.py:93} INFO - 2025-03-09 16:47:09,539 : INFO : Using categorical units to plot a list of strings that are all parsable as floats or dates. If these strings should be plotted as numbers, cast to the appropriate data type before plotting.
[2025-03-09T16:47:09.580+0000] {subprocess.py:93} INFO - 2025-03-09 16:47:09,580 : INFO : Using categorical units to plot a list of strings that are all parsable as floats or dates. If these strings should be plotted as numbers, cast to the appropriate data type before plotting.
[2025-03-09T16:47:09.802+0000] {subprocess.py:93} INFO - 2025-03-09 16:47:09,802 : INFO : Using categorical units to plot a list of strings that are all parsable as floats or dates. If these strings should be plotted as numbers, cast to the appropriate data type before plotting.
[2025-03-09T16:47:09.848+0000] {subprocess.py:93} INFO - 2025-03-09 16:47:09,847 : INFO : Using categorical units to plot a list of strings that are all parsable as floats or dates. If these strings should be plotted as numbers, cast to the appropriate data type before plotting.
[2025-03-09T16:47:10.110+0000] {subprocess.py:93} INFO - 2025-03-09 16:47:10,109 : INFO : Using categorical units to plot a list of strings that are all parsable as floats or dates. If these strings should be plotted as numbers, cast to the appropriate data type before plotting.
[2025-03-09T16:47:10.143+0000] {subprocess.py:93} INFO - 2025-03-09 16:47:10,142 : INFO : Using categorical units to plot a list of strings that are all parsable as floats or dates. If these strings should be plotted as numbers, cast to the appropriate data type before plotting.
[2025-03-09T16:47:10.340+0000] {subprocess.py:93} INFO - 2025-03-09 16:47:10,339 : INFO : Using categorical units to plot a list of strings that are all parsable as floats or dates. If these strings should be plotted as numbers, cast to the appropriate data type before plotting.
[2025-03-09T16:47:10.393+0000] {subprocess.py:93} INFO - 2025-03-09 16:47:10,392 : INFO : Using categorical units to plot a list of strings that are all parsable as floats or dates. If these strings should be plotted as numbers, cast to the appropriate data type before plotting.
[2025-03-09T16:47:10.601+0000] {subprocess.py:93} INFO - 2025-03-09 16:47:10,601 : INFO : Using categorical units to plot a list of strings that are all parsable as floats or dates. If these strings should be plotted as numbers, cast to the appropriate data type before plotting.
[2025-03-09T16:47:10.637+0000] {subprocess.py:93} INFO - 2025-03-09 16:47:10,637 : INFO : Using categorical units to plot a list of strings that are all parsable as floats or dates. If these strings should be plotted as numbers, cast to the appropriate data type before plotting.
[2025-03-09T16:47:11.646+0000] {subprocess.py:93} INFO - 2025-03-09 16:47:11,645 : INFO : Saved pdf in /opt/***/visualization/fintech2/09-03-2025/database/plots.pdf
[2025-03-09T16:47:16.299+0000] {subprocess.py:93} INFO - 
[2025-03-09T16:47:16.300+0000] {subprocess.py:93} INFO - To track the changes with git, run:
[2025-03-09T16:47:16.300+0000] {subprocess.py:93} INFO - 
[2025-03-09T16:47:16.300+0000] {subprocess.py:93} INFO - 	git add data/cleaned.dvc
[2025-03-09T16:47:16.300+0000] {subprocess.py:93} INFO - 
[2025-03-09T16:47:16.301+0000] {subprocess.py:93} INFO - To enable auto staging, run:
[2025-03-09T16:47:16.302+0000] {subprocess.py:93} INFO - 
[2025-03-09T16:47:16.302+0000] {subprocess.py:93} INFO - 	dvc config core.autostage true
[2025-03-09T16:47:16.812+0000] {subprocess.py:93} INFO - /bin/bash: line 2:  : command not found
[2025-03-09T16:47:16.862+0000] {subprocess.py:93} INFO - On branch main
[2025-03-09T16:47:16.863+0000] {subprocess.py:93} INFO - Your branch is up to date with 'origin/main'.
[2025-03-09T16:47:16.863+0000] {subprocess.py:93} INFO - 
[2025-03-09T16:47:16.864+0000] {subprocess.py:93} INFO - Changes to be committed:
[2025-03-09T16:47:16.864+0000] {subprocess.py:93} INFO -   (use "git restore --staged <file>..." to unstage)
[2025-03-09T16:47:16.864+0000] {subprocess.py:93} INFO - 	new file:   logs/dag_id=customer_churn_ml_pipeline/run_id=manual__2025-03-09T16:45:49.978338+00:00/task_id=data_preparation_task/attempt=1.log
[2025-03-09T16:47:16.865+0000] {subprocess.py:93} INFO - 	modified:   logs/dag_id=customer_churn_ml_pipeline/run_id=manual__2025-03-09T16:45:49.978338+00:00/task_id=data_validation_task/attempt=1.log
[2025-03-09T16:47:16.865+0000] {subprocess.py:93} INFO - 	modified:   logs/dag_processor_manager/dag_processor_manager.log
[2025-03-09T16:47:16.865+0000] {subprocess.py:93} INFO - 	modified:   logs/data_preparation.log
[2025-03-09T16:47:16.866+0000] {subprocess.py:93} INFO - 	modified:   logs/scheduler/2025-03-09/customer_churn.py.log
[2025-03-09T16:47:16.866+0000] {subprocess.py:93} INFO - 	modified:   visualization/fintech1/09-03-2025/csv/plots.pdf
[2025-03-09T16:47:16.866+0000] {subprocess.py:93} INFO - 	modified:   visualization/fintech2/09-03-2025/database/plots.pdf
[2025-03-09T16:47:16.867+0000] {subprocess.py:93} INFO - 
[2025-03-09T16:47:16.867+0000] {subprocess.py:93} INFO - Changes not staged for commit:
[2025-03-09T16:47:16.867+0000] {subprocess.py:93} INFO -   (use "git add <file>..." to update what will be committed)
[2025-03-09T16:47:16.868+0000] {subprocess.py:93} INFO -   (use "git restore <file>..." to discard changes in working directory)
[2025-03-09T16:47:16.868+0000] {subprocess.py:93} INFO - 	modified:   logs/dag_id=customer_churn_ml_pipeline/run_id=manual__2025-03-09T16:45:49.978338+00:00/task_id=data_preparation_task/attempt=1.log
[2025-03-09T16:47:16.869+0000] {subprocess.py:93} INFO - 
[2025-03-09T16:47:16.869+0000] {subprocess.py:93} INFO - Untracked files:
[2025-03-09T16:47:16.869+0000] {subprocess.py:93} INFO -   (use "git add <file>..." to include in what will be committed)
[2025-03-09T16:47:16.869+0000] {subprocess.py:93} INFO - 	customer_churn_stats/feature_repo/data/online_store.db
[2025-03-09T16:47:16.869+0000] {subprocess.py:93} INFO - 	customer_churn_stats/feature_repo/data/registry.db
[2025-03-09T16:47:16.870+0000] {subprocess.py:93} INFO - 	mlartifacts/
[2025-03-09T16:47:16.870+0000] {subprocess.py:93} INFO - 	models/
[2025-03-09T16:47:16.870+0000] {subprocess.py:93} INFO - 	online.db
[2025-03-09T16:47:16.870+0000] {subprocess.py:93} INFO - 
[2025-03-09T16:47:17.022+0000] {subprocess.py:93} INFO - [main c0af8e4] Updated cleaned data version
[2025-03-09T16:47:17.023+0000] {subprocess.py:93} INFO -  7 files changed, 260 insertions(+)
[2025-03-09T16:47:17.023+0000] {subprocess.py:93} INFO -  create mode 100644 logs/dag_id=customer_churn_ml_pipeline/run_id=manual__2025-03-09T16:45:49.978338+00:00/task_id=data_preparation_task/attempt=1.log
[2025-03-09T16:47:24.120+0000] {subprocess.py:93} INFO - Everything is up to date.
[2025-03-09T16:47:26.316+0000] {subprocess.py:93} INFO - To https://github.com/anniemathew-trial/customer_churn_pipeline.git
[2025-03-09T16:47:26.317+0000] {subprocess.py:93} INFO -    140be1a..c0af8e4  main -> main
[2025-03-09T16:47:26.326+0000] {subprocess.py:97} INFO - Command exited with return code 0
[2025-03-09T16:47:26.416+0000] {taskinstance.py:1400} INFO - Marking task as SUCCESS. dag_id=customer_churn_ml_pipeline, task_id=data_preparation_task, execution_date=20250309T164549, start_date=20250309T164648, end_date=20250309T164726
[2025-03-09T16:47:26.458+0000] {local_task_job_runner.py:228} INFO - Task exited with return code 0
[2025-03-09T16:47:26.522+0000] {taskinstance.py:2778} INFO - 1 downstream tasks scheduled from follow-on schedule check
