[2025-03-01T10:36:07.827+0000] {taskinstance.py:1159} INFO - Dependencies all met for dep_context=non-requeueable deps ti=<TaskInstance: customer_churn_ml_pipeline.data_storage_task manual__2025-03-01T10:34:53.844242+00:00 [queued]>
[2025-03-01T10:36:07.851+0000] {taskinstance.py:1159} INFO - Dependencies all met for dep_context=requeueable deps ti=<TaskInstance: customer_churn_ml_pipeline.data_storage_task manual__2025-03-01T10:34:53.844242+00:00 [queued]>
[2025-03-01T10:36:07.851+0000] {taskinstance.py:1361} INFO - Starting attempt 1 of 1
[2025-03-01T10:36:07.881+0000] {taskinstance.py:1382} INFO - Executing <Task(BashOperator): data_storage_task> on 2025-03-01 10:34:53.844242+00:00
[2025-03-01T10:36:07.888+0000] {standard_task_runner.py:57} INFO - Started process 11326 to run task
[2025-03-01T10:36:07.894+0000] {standard_task_runner.py:84} INFO - Running: ['***', 'tasks', 'run', 'customer_churn_ml_pipeline', 'data_storage_task', 'manual__2025-03-01T10:34:53.844242+00:00', '--job-id', '94', '--raw', '--subdir', 'DAGS_FOLDER/customer_churn.py', '--cfg-path', '/tmp/tmpoc_ufjsz']
[2025-03-01T10:36:07.899+0000] {standard_task_runner.py:85} INFO - Job 94: Subtask data_storage_task
[2025-03-01T10:36:07.942+0000] {logging_mixin.py:154} WARNING - /home/***/.local/lib/python3.8/site-packages/***/settings.py:195 DeprecationWarning: The sql_alchemy_conn option in [core] has been moved to the sql_alchemy_conn option in [database] - the old setting has been used, but please update your config.
[2025-03-01T10:36:08.030+0000] {task_command.py:416} INFO - Running <TaskInstance: customer_churn_ml_pipeline.data_storage_task manual__2025-03-01T10:34:53.844242+00:00 [running]> on host 7e994a0ed489
[2025-03-01T10:36:08.183+0000] {taskinstance.py:1662} INFO - Exporting env vars: AIRFLOW_CTX_DAG_OWNER='***' AIRFLOW_CTX_DAG_ID='customer_churn_ml_pipeline' AIRFLOW_CTX_TASK_ID='data_storage_task' AIRFLOW_CTX_EXECUTION_DATE='2025-03-01T10:34:53.844242+00:00' AIRFLOW_CTX_TRY_NUMBER='1' AIRFLOW_CTX_DAG_RUN_ID='manual__2025-03-01T10:34:53.844242+00:00'
[2025-03-01T10:36:08.185+0000] {subprocess.py:63} INFO - Tmp dir root location: /tmp
[2025-03-01T10:36:08.185+0000] {subprocess.py:75} INFO - Running command: ['/bin/bash', '-c', '\n\t\t\tcd /opt/***\n                        dvc pull /opt/***/data/transformed\n                        python /opt/***/executables/data_storage.py && \t\t\tgit add logs &&                        git commit -m "Updated stored data version" -a &&                         dvc push && git push\n                    ']
[2025-03-01T10:36:08.195+0000] {subprocess.py:86} INFO - Output:
[2025-03-01T10:36:11.993+0000] {subprocess.py:93} INFO - Everything is up to date.
[2025-03-01T10:36:13.427+0000] {subprocess.py:93} INFO - 2025-03-01 10:36:13,427 : INFO : Connecting to Database
[2025-03-01T10:36:13.453+0000] {subprocess.py:93} INFO - 2025-03-01 10:36:13,452 : INFO : Connecting to Database Successfull
[2025-03-01T10:36:13.453+0000] {subprocess.py:93} INFO - 2025-03-01 10:36:13,453 : INFO : Reading Initial DB Setup Script
[2025-03-01T10:36:13.453+0000] {subprocess.py:93} INFO - 2025-03-01 10:36:13,453 : INFO : Executing script to Database
[2025-03-01T10:36:13.455+0000] {subprocess.py:93} INFO - 2025-03-01 10:36:13,454 : INFO : Executed script successfully !!
[2025-03-01T10:36:13.455+0000] {subprocess.py:93} INFO - 2025-03-01 10:36:13,455 : INFO : Reading insert script template
[2025-03-01T10:36:13.455+0000] {subprocess.py:93} INFO - 2025-03-01 10:36:13,455 : INFO : Inserting data to database
[2025-03-01T10:36:21.073+0000] {subprocess.py:93} INFO - 2025-03-01 10:36:21,072 : INFO : Executed script successfully !!
[2025-03-01T10:36:21.074+0000] {subprocess.py:93} INFO - 2025-03-01 10:36:21,074 : INFO : Connection closed !!
