[2025-03-01T17:06:31.563+0000] {taskinstance.py:1159} INFO - Dependencies all met for dep_context=non-requeueable deps ti=<TaskInstance: customer_churn_ml_pipeline.data_storage_task manual__2025-03-01T17:05:10.374103+00:00 [queued]>
[2025-03-01T17:06:31.646+0000] {taskinstance.py:1159} INFO - Dependencies all met for dep_context=requeueable deps ti=<TaskInstance: customer_churn_ml_pipeline.data_storage_task manual__2025-03-01T17:05:10.374103+00:00 [queued]>
[2025-03-01T17:06:31.647+0000] {taskinstance.py:1361} INFO - Starting attempt 1 of 1
[2025-03-01T17:06:31.823+0000] {taskinstance.py:1382} INFO - Executing <Task(BashOperator): data_storage_task> on 2025-03-01 17:05:10.374103+00:00
[2025-03-01T17:06:31.859+0000] {standard_task_runner.py:57} INFO - Started process 18789 to run task
[2025-03-01T17:06:31.883+0000] {standard_task_runner.py:84} INFO - Running: ['***', 'tasks', 'run', 'customer_churn_ml_pipeline', 'data_storage_task', 'manual__2025-03-01T17:05:10.374103+00:00', '--job-id', '197', '--raw', '--subdir', 'DAGS_FOLDER/customer_churn.py', '--cfg-path', '/tmp/tmp_9tlxd8k']
[2025-03-01T17:06:31.904+0000] {standard_task_runner.py:85} INFO - Job 197: Subtask data_storage_task
[2025-03-01T17:06:32.098+0000] {logging_mixin.py:154} WARNING - /home/***/.local/lib/python3.8/site-packages/***/settings.py:195 DeprecationWarning: The sql_alchemy_conn option in [core] has been moved to the sql_alchemy_conn option in [database] - the old setting has been used, but please update your config.
[2025-03-01T17:06:32.361+0000] {task_command.py:416} INFO - Running <TaskInstance: customer_churn_ml_pipeline.data_storage_task manual__2025-03-01T17:05:10.374103+00:00 [running]> on host 7e994a0ed489
[2025-03-01T17:06:32.850+0000] {taskinstance.py:1662} INFO - Exporting env vars: AIRFLOW_CTX_DAG_OWNER='***' AIRFLOW_CTX_DAG_ID='customer_churn_ml_pipeline' AIRFLOW_CTX_TASK_ID='data_storage_task' AIRFLOW_CTX_EXECUTION_DATE='2025-03-01T17:05:10.374103+00:00' AIRFLOW_CTX_TRY_NUMBER='1' AIRFLOW_CTX_DAG_RUN_ID='manual__2025-03-01T17:05:10.374103+00:00'
[2025-03-01T17:06:32.855+0000] {subprocess.py:63} INFO - Tmp dir root location: /tmp
[2025-03-01T17:06:32.858+0000] {subprocess.py:75} INFO - Running command: ['/bin/bash', '-c', '\n\t\t\tcd /opt/***\n                        dvc pull /opt/***/data/transformed\n                        python /opt/***/executables/data_storage.py && \t\t\tgit add logs &&                        git commit -m "Updated stored data version" -a &&                         dvc push && git push\n                    ']
[2025-03-01T17:06:32.891+0000] {subprocess.py:86} INFO - Output:
[2025-03-01T17:06:40.359+0000] {subprocess.py:93} INFO - Everything is up to date.
[2025-03-01T17:06:42.115+0000] {subprocess.py:93} INFO - 2025-03-01 17:06:42,115 : INFO : Connecting to Database
[2025-03-01T17:06:42.142+0000] {subprocess.py:93} INFO - 2025-03-01 17:06:42,142 : INFO : Connecting to Database Successfull
[2025-03-01T17:06:42.143+0000] {subprocess.py:93} INFO - 2025-03-01 17:06:42,142 : INFO : Reading Initial DB Setup Script
[2025-03-01T17:06:42.143+0000] {subprocess.py:93} INFO - 2025-03-01 17:06:42,142 : INFO : Executing script to Database
[2025-03-01T17:06:42.160+0000] {subprocess.py:93} INFO - 2025-03-01 17:06:42,159 : INFO : Executed script successfully !!
[2025-03-01T17:06:42.160+0000] {subprocess.py:93} INFO - 2025-03-01 17:06:42,160 : INFO : Reading insert script template
[2025-03-01T17:06:42.161+0000] {subprocess.py:93} INFO - 2025-03-01 17:06:42,160 : INFO : Inserting data to database
[2025-03-01T17:06:49.805+0000] {subprocess.py:93} INFO - 2025-03-01 17:06:49,805 : INFO : Executed script successfully !!
[2025-03-01T17:06:49.806+0000] {subprocess.py:93} INFO - 2025-03-01 17:06:49,806 : INFO : Connection closed !!
[2025-03-01T17:06:49.983+0000] {subprocess.py:93} INFO - [main 2d483ab] Updated stored data version
[2025-03-01T17:06:49.984+0000] {subprocess.py:93} INFO -  5 files changed, 57 insertions(+)
[2025-03-01T17:06:49.984+0000] {subprocess.py:93} INFO -  create mode 100644 logs/dag_id=customer_churn_ml_pipeline/run_id=manual__2025-03-01T17:05:10.374103+00:00/task_id=data_storage_task/attempt=1.log
[2025-03-01T17:06:55.446+0000] {subprocess.py:93} INFO - Everything is up to date.
[2025-03-01T17:06:57.267+0000] {subprocess.py:93} INFO - To https://github.com/anniemathew-trial/customer_churn_pipeline.git
[2025-03-01T17:06:57.267+0000] {subprocess.py:93} INFO -    037b34a..2d483ab  main -> main
[2025-03-01T17:06:57.275+0000] {subprocess.py:97} INFO - Command exited with return code 0
[2025-03-01T17:06:57.325+0000] {taskinstance.py:1400} INFO - Marking task as SUCCESS. dag_id=customer_churn_ml_pipeline, task_id=data_storage_task, execution_date=20250301T170510, start_date=20250301T170631, end_date=20250301T170657
[2025-03-01T17:06:57.360+0000] {local_task_job_runner.py:228} INFO - Task exited with return code 0
[2025-03-01T17:06:57.393+0000] {taskinstance.py:2778} INFO - 1 downstream tasks scheduled from follow-on schedule check
