[2025-02-28T06:39:46.476+0000] {taskinstance.py:1159} INFO - Dependencies all met for dep_context=non-requeueable deps ti=<TaskInstance: customer_churn_ml_pipeline.pull manual__2025-02-28T06:39:45.877421+00:00 [queued]>
[2025-02-28T06:39:46.493+0000] {taskinstance.py:1159} INFO - Dependencies all met for dep_context=requeueable deps ti=<TaskInstance: customer_churn_ml_pipeline.pull manual__2025-02-28T06:39:45.877421+00:00 [queued]>
[2025-02-28T06:39:46.494+0000] {taskinstance.py:1361} INFO - Starting attempt 1 of 1
[2025-02-28T06:39:46.520+0000] {taskinstance.py:1382} INFO - Executing <Task(BashOperator): pull> on 2025-02-28 06:39:45.877421+00:00
[2025-02-28T06:39:46.527+0000] {standard_task_runner.py:57} INFO - Started process 10520 to run task
[2025-02-28T06:39:46.533+0000] {standard_task_runner.py:84} INFO - Running: ['***', 'tasks', 'run', 'customer_churn_ml_pipeline', 'pull', 'manual__2025-02-28T06:39:45.877421+00:00', '--job-id', '59', '--raw', '--subdir', 'DAGS_FOLDER/customer_churn.py', '--cfg-path', '/tmp/tmp19fvslfl']
[2025-02-28T06:39:46.537+0000] {standard_task_runner.py:85} INFO - Job 59: Subtask pull
[2025-02-28T06:39:46.559+0000] {logging_mixin.py:154} WARNING - /home/***/.local/lib/python3.8/site-packages/***/settings.py:195 DeprecationWarning: The sql_alchemy_conn option in [core] has been moved to the sql_alchemy_conn option in [database] - the old setting has been used, but please update your config.
[2025-02-28T06:39:46.608+0000] {task_command.py:416} INFO - Running <TaskInstance: customer_churn_ml_pipeline.pull manual__2025-02-28T06:39:45.877421+00:00 [running]> on host 4470298645d8
[2025-02-28T06:39:46.740+0000] {taskinstance.py:1662} INFO - Exporting env vars: AIRFLOW_CTX_DAG_OWNER='***' AIRFLOW_CTX_DAG_ID='customer_churn_ml_pipeline' AIRFLOW_CTX_TASK_ID='pull' AIRFLOW_CTX_EXECUTION_DATE='2025-02-28T06:39:45.877421+00:00' AIRFLOW_CTX_TRY_NUMBER='1' AIRFLOW_CTX_DAG_RUN_ID='manual__2025-02-28T06:39:45.877421+00:00'
[2025-02-28T06:39:46.742+0000] {subprocess.py:63} INFO - Tmp dir root location: /tmp
[2025-02-28T06:39:46.744+0000] {subprocess.py:75} INFO - Running command: ['/bin/bash', '-c', 'cd /opt/*** && dvc pull && git pull --rebase']
[2025-02-28T06:39:46.754+0000] {subprocess.py:86} INFO - Output:
[2025-02-28T06:39:49.594+0000] {subprocess.py:93} INFO - Everything is up to date.
[2025-02-28T06:39:49.904+0000] {subprocess.py:93} INFO - error: cannot pull with rebase: You have unstaged changes.
[2025-02-28T06:39:49.904+0000] {subprocess.py:93} INFO - error: please commit or stash them.
[2025-02-28T06:39:49.905+0000] {subprocess.py:97} INFO - Command exited with return code 128
[2025-02-28T06:39:49.922+0000] {taskinstance.py:1937} ERROR - Task failed with exception
Traceback (most recent call last):
  File "/home/airflow/.local/lib/python3.8/site-packages/airflow/operators/bash.py", line 210, in execute
    raise AirflowException(
airflow.exceptions.AirflowException: Bash command failed. The command returned a non-zero exit code 128.
[2025-02-28T06:39:49.926+0000] {taskinstance.py:1400} INFO - Marking task as FAILED. dag_id=customer_churn_ml_pipeline, task_id=pull, execution_date=20250228T063945, start_date=20250228T063946, end_date=20250228T063949
[2025-02-28T06:39:49.951+0000] {standard_task_runner.py:104} ERROR - Failed to execute job 59 for task pull (Bash command failed. The command returned a non-zero exit code 128.; 10520)
[2025-02-28T06:39:49.966+0000] {local_task_job_runner.py:228} INFO - Task exited with return code 1
[2025-02-28T06:39:50.000+0000] {taskinstance.py:2778} INFO - 0 downstream tasks scheduled from follow-on schedule check
