[2025-03-01T11:09:11.282+0000] {taskinstance.py:1159} INFO - Dependencies all met for dep_context=non-requeueable deps ti=<TaskInstance: customer_churn_ml_pipeline.data_preparation_task manual__2025-03-01T11:08:35.287819+00:00 [queued]>
[2025-03-01T11:09:11.297+0000] {taskinstance.py:1159} INFO - Dependencies all met for dep_context=requeueable deps ti=<TaskInstance: customer_churn_ml_pipeline.data_preparation_task manual__2025-03-01T11:08:35.287819+00:00 [queued]>
[2025-03-01T11:09:11.298+0000] {taskinstance.py:1361} INFO - Starting attempt 1 of 1
[2025-03-01T11:09:11.319+0000] {taskinstance.py:1382} INFO - Executing <Task(BashOperator): data_preparation_task> on 2025-03-01 11:08:35.287819+00:00
[2025-03-01T11:09:11.324+0000] {standard_task_runner.py:57} INFO - Started process 12874 to run task
[2025-03-01T11:09:11.329+0000] {standard_task_runner.py:84} INFO - Running: ['***', 'tasks', 'run', 'customer_churn_ml_pipeline', 'data_preparation_task', 'manual__2025-03-01T11:08:35.287819+00:00', '--job-id', '115', '--raw', '--subdir', 'DAGS_FOLDER/customer_churn.py', '--cfg-path', '/tmp/tmp9k2n802k']
[2025-03-01T11:09:11.332+0000] {standard_task_runner.py:85} INFO - Job 115: Subtask data_preparation_task
[2025-03-01T11:09:11.360+0000] {logging_mixin.py:154} WARNING - /home/***/.local/lib/python3.8/site-packages/***/settings.py:195 DeprecationWarning: The sql_alchemy_conn option in [core] has been moved to the sql_alchemy_conn option in [database] - the old setting has been used, but please update your config.
[2025-03-01T11:09:11.432+0000] {task_command.py:416} INFO - Running <TaskInstance: customer_churn_ml_pipeline.data_preparation_task manual__2025-03-01T11:08:35.287819+00:00 [running]> on host 7e994a0ed489
[2025-03-01T11:09:11.617+0000] {taskinstance.py:1662} INFO - Exporting env vars: AIRFLOW_CTX_DAG_OWNER='***' AIRFLOW_CTX_DAG_ID='customer_churn_ml_pipeline' AIRFLOW_CTX_TASK_ID='data_preparation_task' AIRFLOW_CTX_EXECUTION_DATE='2025-03-01T11:08:35.287819+00:00' AIRFLOW_CTX_TRY_NUMBER='1' AIRFLOW_CTX_DAG_RUN_ID='manual__2025-03-01T11:08:35.287819+00:00'
[2025-03-01T11:09:11.619+0000] {subprocess.py:63} INFO - Tmp dir root location: /tmp
[2025-03-01T11:09:11.620+0000] {subprocess.py:75} INFO - Running command: ['/bin/bash', '-c', '\n\t\t\tcd /opt/***\n\t\t\tpython /opt/***/executables/data_preparation.py &&                         dvc add /opt/***/data/cleaned &&                         git add /opt/***/data/cleaned.dvc && \t\t\tgit add logs &&\\   \n\t\t\tgit add visualization &&                        git commit -m "Updated cleaned data version" -a &&                         dvc push && git push\n                    ']
[2025-03-01T11:09:11.632+0000] {subprocess.py:86} INFO - Output:
[2025-03-01T11:09:14.280+0000] {subprocess.py:93} INFO - 2025-03-01 11:09:14,280 : INFO : Starting data preparation for csv.
[2025-03-01T11:09:14.299+0000] {subprocess.py:93} INFO - 2025-03-01 11:09:14,299 : INFO : Handling 'Tenure', 'Balance', 'EstimatedSalary' empty data
[2025-03-01T11:09:14.300+0000] {subprocess.py:93} INFO - 2025-03-01 11:09:14,300 : INFO : Handling 'Age' empty data
[2025-03-01T11:09:14.301+0000] {subprocess.py:93} INFO - 2025-03-01 11:09:14,301 : INFO : Droping 'Surname' as it may lead to profiling, 'RowNumber', 'CustomerId' as it is not required
[2025-03-01T11:09:14.303+0000] {subprocess.py:93} INFO - 2025-03-01 11:09:14,303 : INFO : Making 'Geography', 'Gender', 'HasCrCard', 'IsActiveMember' as categorical
[2025-03-01T11:09:14.310+0000] {subprocess.py:93} INFO - 2025-03-01 11:09:14,310 : INFO : Saving data to S3.
[2025-03-01T11:09:14.362+0000] {subprocess.py:93} INFO - 2025-03-01 11:09:14,362 : INFO : Saving report to S3.
[2025-03-01T11:09:14.363+0000] {subprocess.py:93} INFO - 2025-03-01 11:09:14,363 : INFO : Creating Pie chart
[2025-03-01T11:09:14.431+0000] {subprocess.py:93} INFO - 2025-03-01 11:09:14,431 : INFO : Generating histogram for column CreditScore.
[2025-03-01T11:09:14.650+0000] {subprocess.py:93} INFO - 2025-03-01 11:09:14,649 : INFO : Generating histogram for column Geography.
[2025-03-01T11:09:14.807+0000] {subprocess.py:93} INFO - 2025-03-01 11:09:14,806 : INFO : Generating histogram for column Gender.
[2025-03-01T11:09:14.952+0000] {subprocess.py:93} INFO - 2025-03-01 11:09:14,952 : INFO : Generating histogram for column Age.
[2025-03-01T11:09:15.144+0000] {subprocess.py:93} INFO - 2025-03-01 11:09:15,144 : INFO : Generating histogram for column Tenure.
[2025-03-01T11:09:15.309+0000] {subprocess.py:93} INFO - 2025-03-01 11:09:15,308 : INFO : Generating histogram for column Balance.
[2025-03-01T11:09:15.493+0000] {subprocess.py:93} INFO - 2025-03-01 11:09:15,493 : INFO : Generating histogram for column NumOfProducts.
[2025-03-01T11:09:15.664+0000] {subprocess.py:93} INFO - 2025-03-01 11:09:15,664 : INFO : Generating histogram for column HasCrCard.
[2025-03-01T11:09:15.848+0000] {subprocess.py:93} INFO - 2025-03-01 11:09:15,847 : INFO : Generating histogram for column IsActiveMember.
[2025-03-01T11:09:16.013+0000] {subprocess.py:93} INFO - 2025-03-01 11:09:16,012 : INFO : Generating histogram for column EstimatedSalary.
[2025-03-01T11:09:16.192+0000] {subprocess.py:93} INFO - 2025-03-01 11:09:16,192 : INFO : Generating histogram for column Exited.
[2025-03-01T11:09:16.370+0000] {subprocess.py:93} INFO - 2025-03-01 11:09:16,369 : INFO : Generating histogram for relation of Exited with Categorical data.
[2025-03-01T11:09:16.836+0000] {subprocess.py:93} INFO - 2025-03-01 11:09:16,835 : INFO : Using categorical units to plot a list of strings that are all parsable as floats or dates. If these strings should be plotted as numbers, cast to the appropriate data type before plotting.
[2025-03-01T11:09:16.852+0000] {subprocess.py:93} INFO - 2025-03-01 11:09:16,852 : INFO : Using categorical units to plot a list of strings that are all parsable as floats or dates. If these strings should be plotted as numbers, cast to the appropriate data type before plotting.
[2025-03-01T11:09:16.926+0000] {subprocess.py:93} INFO - 2025-03-01 11:09:16,925 : INFO : Using categorical units to plot a list of strings that are all parsable as floats or dates. If these strings should be plotted as numbers, cast to the appropriate data type before plotting.
[2025-03-01T11:09:16.942+0000] {subprocess.py:93} INFO - 2025-03-01 11:09:16,941 : INFO : Using categorical units to plot a list of strings that are all parsable as floats or dates. If these strings should be plotted as numbers, cast to the appropriate data type before plotting.
[2025-03-01T11:09:16.988+0000] {subprocess.py:93} INFO - 2025-03-01 11:09:16,987 : INFO : Generating box plots for relation of Exited with non Categorical data.
[2025-03-01T11:09:17.155+0000] {subprocess.py:93} INFO - 2025-03-01 11:09:17,155 : INFO : Using categorical units to plot a list of strings that are all parsable as floats or dates. If these strings should be plotted as numbers, cast to the appropriate data type before plotting.
[2025-03-01T11:09:17.171+0000] {subprocess.py:93} INFO - 2025-03-01 11:09:17,170 : INFO : Using categorical units to plot a list of strings that are all parsable as floats or dates. If these strings should be plotted as numbers, cast to the appropriate data type before plotting.
[2025-03-01T11:09:17.269+0000] {subprocess.py:93} INFO - 2025-03-01 11:09:17,269 : INFO : Using categorical units to plot a list of strings that are all parsable as floats or dates. If these strings should be plotted as numbers, cast to the appropriate data type before plotting.
[2025-03-01T11:09:17.287+0000] {subprocess.py:93} INFO - 2025-03-01 11:09:17,286 : INFO : Using categorical units to plot a list of strings that are all parsable as floats or dates. If these strings should be plotted as numbers, cast to the appropriate data type before plotting.
[2025-03-01T11:09:17.386+0000] {subprocess.py:93} INFO - 2025-03-01 11:09:17,386 : INFO : Using categorical units to plot a list of strings that are all parsable as floats or dates. If these strings should be plotted as numbers, cast to the appropriate data type before plotting.
[2025-03-01T11:09:17.403+0000] {subprocess.py:93} INFO - 2025-03-01 11:09:17,402 : INFO : Using categorical units to plot a list of strings that are all parsable as floats or dates. If these strings should be plotted as numbers, cast to the appropriate data type before plotting.
[2025-03-01T11:09:17.495+0000] {subprocess.py:93} INFO - 2025-03-01 11:09:17,495 : INFO : Using categorical units to plot a list of strings that are all parsable as floats or dates. If these strings should be plotted as numbers, cast to the appropriate data type before plotting.
[2025-03-01T11:09:17.513+0000] {subprocess.py:93} INFO - 2025-03-01 11:09:17,513 : INFO : Using categorical units to plot a list of strings that are all parsable as floats or dates. If these strings should be plotted as numbers, cast to the appropriate data type before plotting.
[2025-03-01T11:09:17.599+0000] {subprocess.py:93} INFO - 2025-03-01 11:09:17,599 : INFO : Using categorical units to plot a list of strings that are all parsable as floats or dates. If these strings should be plotted as numbers, cast to the appropriate data type before plotting.
[2025-03-01T11:09:17.615+0000] {subprocess.py:93} INFO - 2025-03-01 11:09:17,614 : INFO : Using categorical units to plot a list of strings that are all parsable as floats or dates. If these strings should be plotted as numbers, cast to the appropriate data type before plotting.
[2025-03-01T11:09:17.726+0000] {subprocess.py:93} INFO - 2025-03-01 11:09:17,726 : INFO : Using categorical units to plot a list of strings that are all parsable as floats or dates. If these strings should be plotted as numbers, cast to the appropriate data type before plotting.
[2025-03-01T11:09:17.746+0000] {subprocess.py:93} INFO - 2025-03-01 11:09:17,746 : INFO : Using categorical units to plot a list of strings that are all parsable as floats or dates. If these strings should be plotted as numbers, cast to the appropriate data type before plotting.
[2025-03-01T11:09:18.176+0000] {subprocess.py:93} INFO - 2025-03-01 11:09:18,176 : INFO : Saved pdf in visualization/plots.pdf
[2025-03-01T11:09:19.968+0000] {subprocess.py:93} INFO - 
[2025-03-01T11:09:19.968+0000] {subprocess.py:93} INFO - To track the changes with git, run:
[2025-03-01T11:09:19.969+0000] {subprocess.py:93} INFO - 
[2025-03-01T11:09:19.969+0000] {subprocess.py:93} INFO - 	git add data/cleaned.dvc
[2025-03-01T11:09:19.969+0000] {subprocess.py:93} INFO - 
[2025-03-01T11:09:19.969+0000] {subprocess.py:93} INFO - To enable auto staging, run:
[2025-03-01T11:09:19.970+0000] {subprocess.py:93} INFO - 
[2025-03-01T11:09:19.970+0000] {subprocess.py:93} INFO - 	dvc config core.autostage true
[2025-03-01T11:09:20.237+0000] {subprocess.py:93} INFO - /bin/bash: line 3:  : command not found
[2025-03-01T11:09:20.260+0000] {subprocess.py:93} INFO - [main 7cfdf9b] Updated cleaned data version
[2025-03-01T11:09:20.260+0000] {subprocess.py:93} INFO -  4 files changed, 108 insertions(+)
[2025-03-01T11:09:20.260+0000] {subprocess.py:93} INFO -  create mode 100644 logs/dag_id=customer_churn_ml_pipeline/run_id=manual__2025-03-01T11:08:35.287819+00:00/task_id=data_preparation_task/attempt=1.log
[2025-03-01T11:09:27.110+0000] {subprocess.py:93} INFO - Everything is up to date.
[2025-03-01T11:09:28.823+0000] {subprocess.py:93} INFO - To https://github.com/anniemathew-trial/customer_churn_pipeline.git
[2025-03-01T11:09:28.823+0000] {subprocess.py:93} INFO -    eaec58d..7cfdf9b  main -> main
[2025-03-01T11:09:28.829+0000] {subprocess.py:97} INFO - Command exited with return code 0
[2025-03-01T11:09:28.869+0000] {taskinstance.py:1400} INFO - Marking task as SUCCESS. dag_id=customer_churn_ml_pipeline, task_id=data_preparation_task, execution_date=20250301T110835, start_date=20250301T110911, end_date=20250301T110928
[2025-03-01T11:09:28.899+0000] {local_task_job_runner.py:228} INFO - Task exited with return code 0
[2025-03-01T11:09:28.934+0000] {taskinstance.py:2778} INFO - 1 downstream tasks scheduled from follow-on schedule check
