[2025-03-09T12:24:40.324+0000] {taskinstance.py:1159} INFO - Dependencies all met for dep_context=non-requeueable deps ti=<TaskInstance: customer_churn_ml_pipeline.data_preparation_task manual__2025-03-09T12:23:56.392807+00:00 [queued]>
[2025-03-09T12:24:40.336+0000] {taskinstance.py:1159} INFO - Dependencies all met for dep_context=requeueable deps ti=<TaskInstance: customer_churn_ml_pipeline.data_preparation_task manual__2025-03-09T12:23:56.392807+00:00 [queued]>
[2025-03-09T12:24:40.336+0000] {taskinstance.py:1361} INFO - Starting attempt 1 of 1
[2025-03-09T12:24:40.355+0000] {taskinstance.py:1382} INFO - Executing <Task(BashOperator): data_preparation_task> on 2025-03-09 12:23:56.392807+00:00
[2025-03-09T12:24:40.359+0000] {standard_task_runner.py:57} INFO - Started process 6360 to run task
[2025-03-09T12:24:40.363+0000] {standard_task_runner.py:84} INFO - Running: ['***', 'tasks', 'run', 'customer_churn_ml_pipeline', 'data_preparation_task', 'manual__2025-03-09T12:23:56.392807+00:00', '--job-id', '361', '--raw', '--subdir', 'DAGS_FOLDER/customer_churn.py', '--cfg-path', '/tmp/tmpkofbop11']
[2025-03-09T12:24:40.366+0000] {standard_task_runner.py:85} INFO - Job 361: Subtask data_preparation_task
[2025-03-09T12:24:40.392+0000] {logging_mixin.py:154} WARNING - /home/***/.local/lib/python3.8/site-packages/***/settings.py:195 DeprecationWarning: The sql_alchemy_conn option in [core] has been moved to the sql_alchemy_conn option in [database] - the old setting has been used, but please update your config.
[2025-03-09T12:24:40.442+0000] {task_command.py:416} INFO - Running <TaskInstance: customer_churn_ml_pipeline.data_preparation_task manual__2025-03-09T12:23:56.392807+00:00 [running]> on host 157237bff8f7
[2025-03-09T12:24:40.578+0000] {taskinstance.py:1662} INFO - Exporting env vars: AIRFLOW_CTX_DAG_OWNER='***' AIRFLOW_CTX_DAG_ID='customer_churn_ml_pipeline' AIRFLOW_CTX_TASK_ID='data_preparation_task' AIRFLOW_CTX_EXECUTION_DATE='2025-03-09T12:23:56.392807+00:00' AIRFLOW_CTX_TRY_NUMBER='1' AIRFLOW_CTX_DAG_RUN_ID='manual__2025-03-09T12:23:56.392807+00:00'
[2025-03-09T12:24:40.580+0000] {subprocess.py:63} INFO - Tmp dir root location: /tmp
[2025-03-09T12:24:40.580+0000] {subprocess.py:75} INFO - Running command: ['/bin/bash', '-c', '\n\t\t\tcd /opt/*** &&\t\t\tpython /opt/***/executables/data_preparation.py &&                         dvc add /opt/***/data/cleaned &&                         git add /opt/***/data/cleaned.dvc && \t\t\tgit add logs && \\   \n\t\t\tgit add visualization &&    \t\t\tgit status &&                         git commit -m "Updated cleaned data version" -a &&                         dvc push && git push\n                    ']
[2025-03-09T12:24:40.589+0000] {subprocess.py:86} INFO - Output:
[2025-03-09T12:24:43.121+0000] {subprocess.py:93} INFO - 2025-03-09 12:24:43,121 : INFO : Starting data preparation for customer_data.csv.
[2025-03-09T12:24:43.139+0000] {subprocess.py:93} INFO - 2025-03-09 12:24:43,139 : INFO : Dropping 'Estimated Salary' & 'Credit Score' with 0 & negative values
[2025-03-09T12:24:43.141+0000] {subprocess.py:93} INFO - 2025-03-09 12:24:43,141 : INFO : Handling 'Balance', 'EstimatedSalary' empty data with mean
[2025-03-09T12:24:43.142+0000] {subprocess.py:93} INFO - 2025-03-09 12:24:43,141 : INFO : Handling 'Tenure', 'Age' empty data with tenure + 18 in age and droping tenure with 0 values & negative values
[2025-03-09T12:24:43.151+0000] {subprocess.py:93} INFO - 2025-03-09 12:24:43,151 : INFO : Dropping 'Tenure' less than 0 and greater than 80
[2025-03-09T12:24:43.153+0000] {subprocess.py:93} INFO - 2025-03-09 12:24:43,153 : INFO : Handling 'Age' empty data
[2025-03-09T12:24:43.154+0000] {subprocess.py:93} INFO - 2025-03-09 12:24:43,154 : INFO : Dropping 'Age' less than 18 and greater than 110
[2025-03-09T12:24:43.156+0000] {subprocess.py:93} INFO - 2025-03-09 12:24:43,156 : INFO : Droping 'Surname' as it may lead to profiling, 'RowNumber', 'CustomerId' as it is not required
[2025-03-09T12:24:43.157+0000] {subprocess.py:93} INFO - 2025-03-09 12:24:43,157 : INFO : Making 'Geography', 'Gender' as categorical
[2025-03-09T12:24:43.162+0000] {subprocess.py:93} INFO - 2025-03-09 12:24:43,162 : INFO : Making 'HasCrCard', 'IsActiveMember', 'Exited' as integers
[2025-03-09T12:24:43.163+0000] {subprocess.py:93} INFO - 2025-03-09 12:24:43,163 : INFO : Saving data to S3.
[2025-03-09T12:24:43.163+0000] {subprocess.py:93} INFO - 2025-03-09 12:24:43,163 : INFO : Directory created at /opt/***/data/cleaned/fintech1/09-03-2025/csv
[2025-03-09T12:24:43.325+0000] {subprocess.py:93} INFO - 2025-03-09 12:24:43,325 : INFO : Connected to s3
[2025-03-09T12:24:45.907+0000] {subprocess.py:93} INFO - 2025-03-09 12:24:45,906 : INFO : File uploaded to S3
[2025-03-09T12:24:45.908+0000] {subprocess.py:93} INFO - 2025-03-09 12:24:45,907 : INFO : Creating Pie chart
[2025-03-09T12:24:46.008+0000] {subprocess.py:93} INFO - 2025-03-09 12:24:46,007 : INFO : Generating histogram for column CreditScore.
[2025-03-09T12:24:46.273+0000] {subprocess.py:93} INFO - 2025-03-09 12:24:46,272 : INFO : Generating histogram for column Geography.
[2025-03-09T12:24:46.550+0000] {subprocess.py:93} INFO - 2025-03-09 12:24:46,549 : INFO : Generating histogram for column Gender.
[2025-03-09T12:24:46.722+0000] {subprocess.py:93} INFO - 2025-03-09 12:24:46,722 : INFO : Generating histogram for column Age.
[2025-03-09T12:24:46.955+0000] {subprocess.py:93} INFO - 2025-03-09 12:24:46,954 : INFO : Generating histogram for column Tenure.
[2025-03-09T12:24:47.183+0000] {subprocess.py:93} INFO - 2025-03-09 12:24:47,183 : INFO : Generating histogram for column Balance.
[2025-03-09T12:24:47.405+0000] {subprocess.py:93} INFO - 2025-03-09 12:24:47,404 : INFO : Generating histogram for column NumOfProducts.
[2025-03-09T12:24:47.609+0000] {subprocess.py:93} INFO - 2025-03-09 12:24:47,608 : INFO : Generating histogram for column HasCrCard.
[2025-03-09T12:24:47.811+0000] {subprocess.py:93} INFO - 2025-03-09 12:24:47,811 : INFO : Generating histogram for column IsActiveMember.
[2025-03-09T12:24:47.993+0000] {subprocess.py:93} INFO - 2025-03-09 12:24:47,993 : INFO : Generating histogram for column EstimatedSalary.
[2025-03-09T12:24:48.270+0000] {subprocess.py:93} INFO - 2025-03-09 12:24:48,269 : INFO : Generating histogram for column Exited.
[2025-03-09T12:24:48.498+0000] {subprocess.py:93} INFO - 2025-03-09 12:24:48,498 : INFO : Generating histogram for relation of Exited with Categorical data.
[2025-03-09T12:24:48.859+0000] {subprocess.py:93} INFO - 2025-03-09 12:24:48,859 : INFO : Using categorical units to plot a list of strings that are all parsable as floats or dates. If these strings should be plotted as numbers, cast to the appropriate data type before plotting.
[2025-03-09T12:24:48.877+0000] {subprocess.py:93} INFO - 2025-03-09 12:24:48,876 : INFO : Using categorical units to plot a list of strings that are all parsable as floats or dates. If these strings should be plotted as numbers, cast to the appropriate data type before plotting.
[2025-03-09T12:24:48.963+0000] {subprocess.py:93} INFO - 2025-03-09 12:24:48,963 : INFO : Using categorical units to plot a list of strings that are all parsable as floats or dates. If these strings should be plotted as numbers, cast to the appropriate data type before plotting.
[2025-03-09T12:24:48.981+0000] {subprocess.py:93} INFO - 2025-03-09 12:24:48,980 : INFO : Using categorical units to plot a list of strings that are all parsable as floats or dates. If these strings should be plotted as numbers, cast to the appropriate data type before plotting.
[2025-03-09T12:24:49.037+0000] {subprocess.py:93} INFO - 2025-03-09 12:24:49,036 : INFO : Generating box plots for relation of Exited with non Categorical data.
[2025-03-09T12:24:49.223+0000] {subprocess.py:93} INFO - 2025-03-09 12:24:49,223 : INFO : Using categorical units to plot a list of strings that are all parsable as floats or dates. If these strings should be plotted as numbers, cast to the appropriate data type before plotting.
[2025-03-09T12:24:49.242+0000] {subprocess.py:93} INFO - 2025-03-09 12:24:49,242 : INFO : Using categorical units to plot a list of strings that are all parsable as floats or dates. If these strings should be plotted as numbers, cast to the appropriate data type before plotting.
[2025-03-09T12:24:49.352+0000] {subprocess.py:93} INFO - 2025-03-09 12:24:49,351 : INFO : Using categorical units to plot a list of strings that are all parsable as floats or dates. If these strings should be plotted as numbers, cast to the appropriate data type before plotting.
[2025-03-09T12:24:49.374+0000] {subprocess.py:93} INFO - 2025-03-09 12:24:49,374 : INFO : Using categorical units to plot a list of strings that are all parsable as floats or dates. If these strings should be plotted as numbers, cast to the appropriate data type before plotting.
[2025-03-09T12:24:49.490+0000] {subprocess.py:93} INFO - 2025-03-09 12:24:49,490 : INFO : Using categorical units to plot a list of strings that are all parsable as floats or dates. If these strings should be plotted as numbers, cast to the appropriate data type before plotting.
[2025-03-09T12:24:49.520+0000] {subprocess.py:93} INFO - 2025-03-09 12:24:49,519 : INFO : Using categorical units to plot a list of strings that are all parsable as floats or dates. If these strings should be plotted as numbers, cast to the appropriate data type before plotting.
[2025-03-09T12:24:49.639+0000] {subprocess.py:93} INFO - 2025-03-09 12:24:49,639 : INFO : Using categorical units to plot a list of strings that are all parsable as floats or dates. If these strings should be plotted as numbers, cast to the appropriate data type before plotting.
[2025-03-09T12:24:49.672+0000] {subprocess.py:93} INFO - 2025-03-09 12:24:49,672 : INFO : Using categorical units to plot a list of strings that are all parsable as floats or dates. If these strings should be plotted as numbers, cast to the appropriate data type before plotting.
[2025-03-09T12:24:49.789+0000] {subprocess.py:93} INFO - 2025-03-09 12:24:49,789 : INFO : Using categorical units to plot a list of strings that are all parsable as floats or dates. If these strings should be plotted as numbers, cast to the appropriate data type before plotting.
[2025-03-09T12:24:49.820+0000] {subprocess.py:93} INFO - 2025-03-09 12:24:49,820 : INFO : Using categorical units to plot a list of strings that are all parsable as floats or dates. If these strings should be plotted as numbers, cast to the appropriate data type before plotting.
[2025-03-09T12:24:50.051+0000] {subprocess.py:93} INFO - 2025-03-09 12:24:50,050 : INFO : Using categorical units to plot a list of strings that are all parsable as floats or dates. If these strings should be plotted as numbers, cast to the appropriate data type before plotting.
[2025-03-09T12:24:50.075+0000] {subprocess.py:93} INFO - 2025-03-09 12:24:50,074 : INFO : Using categorical units to plot a list of strings that are all parsable as floats or dates. If these strings should be plotted as numbers, cast to the appropriate data type before plotting.
[2025-03-09T12:24:50.634+0000] {subprocess.py:93} INFO - 2025-03-09 12:24:50,634 : INFO : Saved pdf in /opt/***/visualization/fintech1/09-03-2025/csv/plots.pdf
[2025-03-09T12:24:50.679+0000] {subprocess.py:93} INFO - 2025-03-09 12:24:50,678 : INFO : Starting data preparation for database_data.csv.
[2025-03-09T12:24:50.704+0000] {subprocess.py:93} INFO - 2025-03-09 12:24:50,704 : INFO : Dropping 'Estimated Salary' & 'Credit Score' with 0 & negative values
[2025-03-09T12:24:50.708+0000] {subprocess.py:93} INFO - 2025-03-09 12:24:50,708 : INFO : Handling 'Balance', 'EstimatedSalary' empty data with mean
[2025-03-09T12:24:50.709+0000] {subprocess.py:93} INFO - 2025-03-09 12:24:50,708 : INFO : Handling 'Tenure', 'Age' empty data with tenure + 18 in age and droping tenure with 0 values & negative values
[2025-03-09T12:24:50.709+0000] {subprocess.py:93} INFO - 2025-03-09 12:24:50,708 : INFO : Dropping 'Tenure' less than 0 and greater than 80
[2025-03-09T12:24:50.712+0000] {subprocess.py:93} INFO - 2025-03-09 12:24:50,711 : INFO : Handling 'Age' empty data
[2025-03-09T12:24:50.713+0000] {subprocess.py:93} INFO - 2025-03-09 12:24:50,713 : INFO : Dropping 'Age' less than 18 and greater than 110
[2025-03-09T12:24:50.716+0000] {subprocess.py:93} INFO - 2025-03-09 12:24:50,716 : INFO : Droping 'Surname' as it may lead to profiling, 'RowNumber', 'CustomerId' as it is not required
[2025-03-09T12:24:50.718+0000] {subprocess.py:93} INFO - 2025-03-09 12:24:50,718 : INFO : Making 'Geography', 'Gender' as categorical
[2025-03-09T12:24:50.725+0000] {subprocess.py:93} INFO - 2025-03-09 12:24:50,725 : INFO : Making 'HasCrCard', 'IsActiveMember', 'Exited' as integers
[2025-03-09T12:24:50.727+0000] {subprocess.py:93} INFO - 2025-03-09 12:24:50,727 : INFO : Saving data to S3.
[2025-03-09T12:24:50.727+0000] {subprocess.py:93} INFO - 2025-03-09 12:24:50,727 : INFO : Directory created at /opt/***/data/cleaned/fintech2/09-03-2025/database
[2025-03-09T12:24:50.828+0000] {subprocess.py:93} INFO - 2025-03-09 12:24:50,828 : INFO : Connected to s3
[2025-03-09T12:24:54.949+0000] {subprocess.py:93} INFO - 2025-03-09 12:24:54,948 : INFO : File uploaded to S3
[2025-03-09T12:24:54.951+0000] {subprocess.py:93} INFO - 2025-03-09 12:24:54,950 : INFO : Creating Pie chart
[2025-03-09T12:24:55.015+0000] {subprocess.py:93} INFO - 2025-03-09 12:24:55,015 : INFO : Generating histogram for column CreditScore.
[2025-03-09T12:24:55.098+0000] {subprocess.py:93} INFO - 2025-03-09 12:24:55,098 : INFO : Generating histogram for column Geography.
[2025-03-09T12:24:55.184+0000] {subprocess.py:93} INFO - 2025-03-09 12:24:55,184 : INFO : Generating histogram for column Gender.
[2025-03-09T12:24:55.260+0000] {subprocess.py:93} INFO - 2025-03-09 12:24:55,259 : INFO : Generating histogram for column Age.
[2025-03-09T12:24:55.423+0000] {subprocess.py:93} INFO - 2025-03-09 12:24:55,422 : INFO : Generating histogram for column Tenure.
[2025-03-09T12:24:55.517+0000] {subprocess.py:93} INFO - 2025-03-09 12:24:55,516 : INFO : Generating histogram for column Balance.
[2025-03-09T12:24:55.647+0000] {subprocess.py:93} INFO - 2025-03-09 12:24:55,647 : INFO : Generating histogram for column NumOfProducts.
[2025-03-09T12:24:55.794+0000] {subprocess.py:93} INFO - 2025-03-09 12:24:55,793 : INFO : Generating histogram for column HasCrCard.
[2025-03-09T12:24:55.948+0000] {subprocess.py:93} INFO - 2025-03-09 12:24:55,947 : INFO : Generating histogram for column IsActiveMember.
[2025-03-09T12:24:56.120+0000] {subprocess.py:93} INFO - 2025-03-09 12:24:56,119 : INFO : Generating histogram for column EstimatedSalary.
[2025-03-09T12:24:56.270+0000] {subprocess.py:93} INFO - 2025-03-09 12:24:56,270 : INFO : Generating histogram for column Exited.
[2025-03-09T12:24:56.438+0000] {subprocess.py:93} INFO - 2025-03-09 12:24:56,437 : INFO : Generating histogram for relation of Exited with Categorical data.
[2025-03-09T12:24:56.750+0000] {subprocess.py:93} INFO - 2025-03-09 12:24:56,750 : INFO : Using categorical units to plot a list of strings that are all parsable as floats or dates. If these strings should be plotted as numbers, cast to the appropriate data type before plotting.
[2025-03-09T12:24:56.766+0000] {subprocess.py:93} INFO - 2025-03-09 12:24:56,765 : INFO : Using categorical units to plot a list of strings that are all parsable as floats or dates. If these strings should be plotted as numbers, cast to the appropriate data type before plotting.
[2025-03-09T12:24:56.840+0000] {subprocess.py:93} INFO - 2025-03-09 12:24:56,840 : INFO : Using categorical units to plot a list of strings that are all parsable as floats or dates. If these strings should be plotted as numbers, cast to the appropriate data type before plotting.
[2025-03-09T12:24:56.855+0000] {subprocess.py:93} INFO - 2025-03-09 12:24:56,855 : INFO : Using categorical units to plot a list of strings that are all parsable as floats or dates. If these strings should be plotted as numbers, cast to the appropriate data type before plotting.
[2025-03-09T12:24:56.899+0000] {subprocess.py:93} INFO - 2025-03-09 12:24:56,899 : INFO : Generating box plots for relation of Exited with non Categorical data.
[2025-03-09T12:24:57.166+0000] {subprocess.py:93} INFO - 2025-03-09 12:24:57,166 : INFO : Using categorical units to plot a list of strings that are all parsable as floats or dates. If these strings should be plotted as numbers, cast to the appropriate data type before plotting.
[2025-03-09T12:24:57.180+0000] {subprocess.py:93} INFO - 2025-03-09 12:24:57,180 : INFO : Using categorical units to plot a list of strings that are all parsable as floats or dates. If these strings should be plotted as numbers, cast to the appropriate data type before plotting.
[2025-03-09T12:24:57.257+0000] {subprocess.py:93} INFO - 2025-03-09 12:24:57,257 : INFO : Using categorical units to plot a list of strings that are all parsable as floats or dates. If these strings should be plotted as numbers, cast to the appropriate data type before plotting.
[2025-03-09T12:24:57.271+0000] {subprocess.py:93} INFO - 2025-03-09 12:24:57,271 : INFO : Using categorical units to plot a list of strings that are all parsable as floats or dates. If these strings should be plotted as numbers, cast to the appropriate data type before plotting.
[2025-03-09T12:24:57.355+0000] {subprocess.py:93} INFO - 2025-03-09 12:24:57,354 : INFO : Using categorical units to plot a list of strings that are all parsable as floats or dates. If these strings should be plotted as numbers, cast to the appropriate data type before plotting.
[2025-03-09T12:24:57.370+0000] {subprocess.py:93} INFO - 2025-03-09 12:24:57,370 : INFO : Using categorical units to plot a list of strings that are all parsable as floats or dates. If these strings should be plotted as numbers, cast to the appropriate data type before plotting.
[2025-03-09T12:24:57.457+0000] {subprocess.py:93} INFO - 2025-03-09 12:24:57,457 : INFO : Using categorical units to plot a list of strings that are all parsable as floats or dates. If these strings should be plotted as numbers, cast to the appropriate data type before plotting.
[2025-03-09T12:24:57.473+0000] {subprocess.py:93} INFO - 2025-03-09 12:24:57,473 : INFO : Using categorical units to plot a list of strings that are all parsable as floats or dates. If these strings should be plotted as numbers, cast to the appropriate data type before plotting.
[2025-03-09T12:24:57.554+0000] {subprocess.py:93} INFO - 2025-03-09 12:24:57,554 : INFO : Using categorical units to plot a list of strings that are all parsable as floats or dates. If these strings should be plotted as numbers, cast to the appropriate data type before plotting.
[2025-03-09T12:24:57.568+0000] {subprocess.py:93} INFO - 2025-03-09 12:24:57,568 : INFO : Using categorical units to plot a list of strings that are all parsable as floats or dates. If these strings should be plotted as numbers, cast to the appropriate data type before plotting.
[2025-03-09T12:24:57.646+0000] {subprocess.py:93} INFO - 2025-03-09 12:24:57,646 : INFO : Using categorical units to plot a list of strings that are all parsable as floats or dates. If these strings should be plotted as numbers, cast to the appropriate data type before plotting.
[2025-03-09T12:24:57.661+0000] {subprocess.py:93} INFO - 2025-03-09 12:24:57,661 : INFO : Using categorical units to plot a list of strings that are all parsable as floats or dates. If these strings should be plotted as numbers, cast to the appropriate data type before plotting.
[2025-03-09T12:24:58.054+0000] {subprocess.py:93} INFO - 2025-03-09 12:24:58,053 : INFO : Saved pdf in /opt/***/visualization/fintech2/09-03-2025/database/plots.pdf
[2025-03-09T12:25:00.324+0000] {subprocess.py:93} INFO - 
[2025-03-09T12:25:00.324+0000] {subprocess.py:93} INFO - To track the changes with git, run:
[2025-03-09T12:25:00.324+0000] {subprocess.py:93} INFO - 
[2025-03-09T12:25:00.324+0000] {subprocess.py:93} INFO - 	git add data/cleaned.dvc
[2025-03-09T12:25:00.325+0000] {subprocess.py:93} INFO - 
[2025-03-09T12:25:00.325+0000] {subprocess.py:93} INFO - To enable auto staging, run:
[2025-03-09T12:25:00.325+0000] {subprocess.py:93} INFO - 
[2025-03-09T12:25:00.325+0000] {subprocess.py:93} INFO - 	dvc config core.autostage true
[2025-03-09T12:25:00.697+0000] {subprocess.py:93} INFO - /bin/bash: line 2:  : command not found
[2025-03-09T12:25:00.737+0000] {subprocess.py:93} INFO - On branch main
[2025-03-09T12:25:00.737+0000] {subprocess.py:93} INFO - Your branch is up to date with 'origin/main'.
[2025-03-09T12:25:00.738+0000] {subprocess.py:93} INFO - 
[2025-03-09T12:25:00.738+0000] {subprocess.py:93} INFO - Changes to be committed:
[2025-03-09T12:25:00.738+0000] {subprocess.py:93} INFO -   (use "git restore --staged <file>..." to unstage)
[2025-03-09T12:25:00.738+0000] {subprocess.py:93} INFO - 	new file:   logs/dag_id=customer_churn_ml_pipeline/run_id=manual__2025-03-09T12:23:56.392807+00:00/task_id=data_preparation_task/attempt=1.log
[2025-03-09T12:25:00.738+0000] {subprocess.py:93} INFO - 	modified:   logs/dag_id=customer_churn_ml_pipeline/run_id=manual__2025-03-09T12:23:56.392807+00:00/task_id=data_validation_task/attempt=1.log
[2025-03-09T12:25:00.739+0000] {subprocess.py:93} INFO - 	modified:   logs/dag_processor_manager/dag_processor_manager.log
[2025-03-09T12:25:00.739+0000] {subprocess.py:93} INFO - 	modified:   logs/data_preparation.log
[2025-03-09T12:25:00.739+0000] {subprocess.py:93} INFO - 	modified:   logs/scheduler/2025-03-09/customer_churn.py.log
[2025-03-09T12:25:00.739+0000] {subprocess.py:93} INFO - 	modified:   visualization/fintech1/09-03-2025/csv/plots.pdf
[2025-03-09T12:25:00.740+0000] {subprocess.py:93} INFO - 	modified:   visualization/fintech2/09-03-2025/database/plots.pdf
[2025-03-09T12:25:00.740+0000] {subprocess.py:93} INFO - 
[2025-03-09T12:25:00.740+0000] {subprocess.py:93} INFO - Changes not staged for commit:
[2025-03-09T12:25:00.740+0000] {subprocess.py:93} INFO -   (use "git add <file>..." to update what will be committed)
[2025-03-09T12:25:00.740+0000] {subprocess.py:93} INFO -   (use "git restore <file>..." to discard changes in working directory)
[2025-03-09T12:25:00.741+0000] {subprocess.py:93} INFO - 	modified:   logs/dag_id=customer_churn_ml_pipeline/run_id=manual__2025-03-09T12:23:56.392807+00:00/task_id=data_preparation_task/attempt=1.log
[2025-03-09T12:25:00.741+0000] {subprocess.py:93} INFO - 
[2025-03-09T12:25:00.741+0000] {subprocess.py:93} INFO - Untracked files:
[2025-03-09T12:25:00.741+0000] {subprocess.py:93} INFO -   (use "git add <file>..." to include in what will be committed)
[2025-03-09T12:25:00.741+0000] {subprocess.py:93} INFO - 	customer_churn_stats/feature_repo/data/online_store.db
[2025-03-09T12:25:00.742+0000] {subprocess.py:93} INFO - 	customer_churn_stats/feature_repo/data/registry.db
[2025-03-09T12:25:00.742+0000] {subprocess.py:93} INFO - 	mlartifacts/
[2025-03-09T12:25:00.742+0000] {subprocess.py:93} INFO - 	models/
[2025-03-09T12:25:00.742+0000] {subprocess.py:93} INFO - 	online.db
[2025-03-09T12:25:00.743+0000] {subprocess.py:93} INFO - 
[2025-03-09T12:25:00.863+0000] {subprocess.py:93} INFO - [main 8326861] Updated cleaned data version
[2025-03-09T12:25:00.864+0000] {subprocess.py:93} INFO -  7 files changed, 253 insertions(+)
[2025-03-09T12:25:00.864+0000] {subprocess.py:93} INFO -  create mode 100644 logs/dag_id=customer_churn_ml_pipeline/run_id=manual__2025-03-09T12:23:56.392807+00:00/task_id=data_preparation_task/attempt=1.log
[2025-03-09T12:25:07.926+0000] {subprocess.py:93} INFO - Everything is up to date.
[2025-03-09T12:25:10.274+0000] {subprocess.py:93} INFO - To https://github.com/anniemathew-trial/customer_churn_pipeline.git
[2025-03-09T12:25:10.275+0000] {subprocess.py:93} INFO -    189e3ba..8326861  main -> main
[2025-03-09T12:25:10.288+0000] {subprocess.py:97} INFO - Command exited with return code 0
[2025-03-09T12:25:10.347+0000] {taskinstance.py:1400} INFO - Marking task as SUCCESS. dag_id=customer_churn_ml_pipeline, task_id=data_preparation_task, execution_date=20250309T122356, start_date=20250309T122440, end_date=20250309T122510
[2025-03-09T12:25:10.389+0000] {local_task_job_runner.py:228} INFO - Task exited with return code 0
[2025-03-09T12:25:10.421+0000] {taskinstance.py:2778} INFO - 1 downstream tasks scheduled from follow-on schedule check
