[2025-03-01T10:10:37.610+0000] {taskinstance.py:1159} INFO - Dependencies all met for dep_context=non-requeueable deps ti=<TaskInstance: customer_churn_ml_pipeline.data_transformation_task manual__2025-03-01T10:08:22.088632+00:00 [queued]>
[2025-03-01T10:10:37.629+0000] {taskinstance.py:1159} INFO - Dependencies all met for dep_context=requeueable deps ti=<TaskInstance: customer_churn_ml_pipeline.data_transformation_task manual__2025-03-01T10:08:22.088632+00:00 [queued]>
[2025-03-01T10:10:37.629+0000] {taskinstance.py:1361} INFO - Starting attempt 1 of 1
[2025-03-01T10:10:37.654+0000] {taskinstance.py:1382} INFO - Executing <Task(BashOperator): data_transformation_task> on 2025-03-01 10:08:22.088632+00:00
[2025-03-01T10:10:37.660+0000] {standard_task_runner.py:57} INFO - Started process 9146 to run task
[2025-03-01T10:10:37.663+0000] {standard_task_runner.py:84} INFO - Running: ['***', 'tasks', 'run', 'customer_churn_ml_pipeline', 'data_transformation_task', 'manual__2025-03-01T10:08:22.088632+00:00', '--job-id', '68', '--raw', '--subdir', 'DAGS_FOLDER/customer_churn.py', '--cfg-path', '/tmp/tmpmkfo20wv']
[2025-03-01T10:10:37.667+0000] {standard_task_runner.py:85} INFO - Job 68: Subtask data_transformation_task
[2025-03-01T10:10:37.698+0000] {logging_mixin.py:154} WARNING - /home/***/.local/lib/python3.8/site-packages/***/settings.py:195 DeprecationWarning: The sql_alchemy_conn option in [core] has been moved to the sql_alchemy_conn option in [database] - the old setting has been used, but please update your config.
[2025-03-01T10:10:37.754+0000] {task_command.py:416} INFO - Running <TaskInstance: customer_churn_ml_pipeline.data_transformation_task manual__2025-03-01T10:08:22.088632+00:00 [running]> on host 7e994a0ed489
[2025-03-01T10:10:38.010+0000] {taskinstance.py:1662} INFO - Exporting env vars: AIRFLOW_CTX_DAG_OWNER='***' AIRFLOW_CTX_DAG_ID='customer_churn_ml_pipeline' AIRFLOW_CTX_TASK_ID='data_transformation_task' AIRFLOW_CTX_EXECUTION_DATE='2025-03-01T10:08:22.088632+00:00' AIRFLOW_CTX_TRY_NUMBER='1' AIRFLOW_CTX_DAG_RUN_ID='manual__2025-03-01T10:08:22.088632+00:00'
[2025-03-01T10:10:38.013+0000] {subprocess.py:63} INFO - Tmp dir root location: /tmp
[2025-03-01T10:10:38.014+0000] {subprocess.py:75} INFO - Running command: ['/bin/bash', '-c', '\n\t\t\tcd /opt/***\n                        dvc pull /opt/***/data/cleaned\n                        python /opt/***/executables/data_transformation.py &&                         dvc add /opt/***/data/transformed &&                         git add /opt/***/data/transformed.dvc &&                         git commit -m "Updated transformed data version" -a &&                         dvc push && git push\n                    ']
[2025-03-01T10:10:38.029+0000] {subprocess.py:86} INFO - Output:
[2025-03-01T10:10:41.555+0000] {subprocess.py:93} INFO - Everything is up to date.
[2025-03-01T10:10:47.488+0000] {subprocess.py:93} INFO - 
[2025-03-01T10:10:47.489+0000] {subprocess.py:93} INFO - To track the changes with git, run:
[2025-03-01T10:10:47.491+0000] {subprocess.py:93} INFO - 
[2025-03-01T10:10:47.492+0000] {subprocess.py:93} INFO - 	git add data/transformed.dvc
[2025-03-01T10:10:47.492+0000] {subprocess.py:93} INFO - 
[2025-03-01T10:10:47.492+0000] {subprocess.py:93} INFO - To enable auto staging, run:
[2025-03-01T10:10:47.492+0000] {subprocess.py:93} INFO - 
[2025-03-01T10:10:47.493+0000] {subprocess.py:93} INFO - 	dvc config core.autostage true
[2025-03-01T10:10:47.885+0000] {subprocess.py:93} INFO - [main 6ce3a91] Updated transformed data version
[2025-03-01T10:10:47.885+0000] {subprocess.py:93} INFO -  2 files changed, 11 insertions(+)
[2025-03-01T10:10:53.698+0000] {subprocess.py:93} INFO - Everything is up to date.
[2025-03-01T10:10:55.947+0000] {subprocess.py:93} INFO - To https://github.com/anniemathew-trial/customer_churn_pipeline.git
[2025-03-01T10:10:55.947+0000] {subprocess.py:93} INFO -    2c620d4..6ce3a91  main -> main
[2025-03-01T10:10:55.952+0000] {subprocess.py:97} INFO - Command exited with return code 0
[2025-03-01T10:10:55.990+0000] {taskinstance.py:1400} INFO - Marking task as SUCCESS. dag_id=customer_churn_ml_pipeline, task_id=data_transformation_task, execution_date=20250301T100822, start_date=20250301T101037, end_date=20250301T101055
[2025-03-01T10:10:56.037+0000] {local_task_job_runner.py:228} INFO - Task exited with return code 0
[2025-03-01T10:10:56.084+0000] {taskinstance.py:2778} INFO - 0 downstream tasks scheduled from follow-on schedule check
