[2025-02-28T08:08:59.740+0000] {taskinstance.py:1159} INFO - Dependencies all met for dep_context=non-requeueable deps ti=<TaskInstance: customer_churn_ml_pipeline.data_preparation_task manual__2025-02-28T08:08:17.929456+00:00 [queued]>
[2025-02-28T08:08:59.752+0000] {taskinstance.py:1159} INFO - Dependencies all met for dep_context=requeueable deps ti=<TaskInstance: customer_churn_ml_pipeline.data_preparation_task manual__2025-02-28T08:08:17.929456+00:00 [queued]>
[2025-02-28T08:08:59.752+0000] {taskinstance.py:1361} INFO - Starting attempt 1 of 1
[2025-02-28T08:08:59.770+0000] {taskinstance.py:1382} INFO - Executing <Task(BashOperator): data_preparation_task> on 2025-02-28 08:08:17.929456+00:00
[2025-02-28T08:08:59.774+0000] {standard_task_runner.py:57} INFO - Started process 5979 to run task
[2025-02-28T08:08:59.778+0000] {standard_task_runner.py:84} INFO - Running: ['***', 'tasks', 'run', 'customer_churn_ml_pipeline', 'data_preparation_task', 'manual__2025-02-28T08:08:17.929456+00:00', '--job-id', '99', '--raw', '--subdir', 'DAGS_FOLDER/customer_churn.py', '--cfg-path', '/tmp/tmpxp4lhsbb']
[2025-02-28T08:08:59.780+0000] {standard_task_runner.py:85} INFO - Job 99: Subtask data_preparation_task
[2025-02-28T08:08:59.807+0000] {logging_mixin.py:154} WARNING - /home/***/.local/lib/python3.8/site-packages/***/settings.py:195 DeprecationWarning: The sql_alchemy_conn option in [core] has been moved to the sql_alchemy_conn option in [database] - the old setting has been used, but please update your config.
[2025-02-28T08:08:59.857+0000] {task_command.py:416} INFO - Running <TaskInstance: customer_churn_ml_pipeline.data_preparation_task manual__2025-02-28T08:08:17.929456+00:00 [running]> on host 4470298645d8
[2025-02-28T08:08:59.979+0000] {taskinstance.py:1662} INFO - Exporting env vars: AIRFLOW_CTX_DAG_OWNER='***' AIRFLOW_CTX_DAG_ID='customer_churn_ml_pipeline' AIRFLOW_CTX_TASK_ID='data_preparation_task' AIRFLOW_CTX_EXECUTION_DATE='2025-02-28T08:08:17.929456+00:00' AIRFLOW_CTX_TRY_NUMBER='1' AIRFLOW_CTX_DAG_RUN_ID='manual__2025-02-28T08:08:17.929456+00:00'
[2025-02-28T08:08:59.980+0000] {subprocess.py:63} INFO - Tmp dir root location: /tmp
[2025-02-28T08:08:59.981+0000] {subprocess.py:75} INFO - Running command: ['/bin/bash', '-c', '\n\t\t\tcd /opt/***\n\t\t\tpython /opt/***/executables/data_preparation.py &&                         dvc add /opt/***/data/cleaned &&                         dvc add /opt/***/visualization &&                         git add /opt/***/data/cleaned.dvc &&                         git add /opt/***/visualization.dvc &&                         git commit -m "Updated cleaned data version" &&                         dvc push\n                    ']
[2025-02-28T08:08:59.991+0000] {subprocess.py:86} INFO - Output:
[2025-02-28T08:09:10.955+0000] {subprocess.py:93} INFO - 
[2025-02-28T08:09:10.956+0000] {subprocess.py:93} INFO - To track the changes with git, run:
[2025-02-28T08:09:10.956+0000] {subprocess.py:93} INFO - 
[2025-02-28T08:09:10.956+0000] {subprocess.py:93} INFO - 	git add data/cleaned.dvc data/.gitignore
[2025-02-28T08:09:10.957+0000] {subprocess.py:93} INFO - 
[2025-02-28T08:09:10.958+0000] {subprocess.py:93} INFO - To enable auto staging, run:
[2025-02-28T08:09:10.958+0000] {subprocess.py:93} INFO - 
[2025-02-28T08:09:10.958+0000] {subprocess.py:93} INFO - 	dvc config core.autostage true
[2025-02-28T08:09:13.122+0000] {subprocess.py:93} INFO - 
[2025-02-28T08:09:13.123+0000] {subprocess.py:93} INFO - To track the changes with git, run:
[2025-02-28T08:09:13.123+0000] {subprocess.py:93} INFO - 
[2025-02-28T08:09:13.123+0000] {subprocess.py:93} INFO - 	git add visualization.dvc .gitignore
[2025-02-28T08:09:13.123+0000] {subprocess.py:93} INFO - 
[2025-02-28T08:09:13.123+0000] {subprocess.py:93} INFO - To enable auto staging, run:
[2025-02-28T08:09:13.124+0000] {subprocess.py:93} INFO - 
[2025-02-28T08:09:13.124+0000] {subprocess.py:93} INFO - 	dvc config core.autostage true
[2025-02-28T08:09:13.399+0000] {subprocess.py:93} INFO - [main f7e7677] Updated cleaned data version
[2025-02-28T08:09:13.399+0000] {subprocess.py:93} INFO -  2 files changed, 12 insertions(+)
[2025-02-28T08:09:13.400+0000] {subprocess.py:93} INFO -  create mode 100644 data/cleaned.dvc
[2025-02-28T08:09:13.400+0000] {subprocess.py:93} INFO -  create mode 100644 visualization.dvc
[2025-02-28T08:09:24.839+0000] {subprocess.py:93} INFO - 4 files pushed
[2025-02-28T08:09:25.196+0000] {subprocess.py:97} INFO - Command exited with return code 0
[2025-02-28T08:09:25.246+0000] {taskinstance.py:1400} INFO - Marking task as SUCCESS. dag_id=customer_churn_ml_pipeline, task_id=data_preparation_task, execution_date=20250228T080817, start_date=20250228T080859, end_date=20250228T080925
[2025-02-28T08:09:25.308+0000] {local_task_job_runner.py:228} INFO - Task exited with return code 0
[2025-02-28T08:09:25.370+0000] {taskinstance.py:2778} INFO - 1 downstream tasks scheduled from follow-on schedule check
