[2025-03-09T16:57:56.348+0000] {taskinstance.py:1159} INFO - Dependencies all met for dep_context=non-requeueable deps ti=<TaskInstance: customer_churn_ml_pipeline.data_ingestion_task manual__2025-03-09T16:57:40.995662+00:00 [queued]>
[2025-03-09T16:57:56.385+0000] {taskinstance.py:1159} INFO - Dependencies all met for dep_context=requeueable deps ti=<TaskInstance: customer_churn_ml_pipeline.data_ingestion_task manual__2025-03-09T16:57:40.995662+00:00 [queued]>
[2025-03-09T16:57:56.385+0000] {taskinstance.py:1361} INFO - Starting attempt 1 of 1
[2025-03-09T16:57:56.436+0000] {taskinstance.py:1382} INFO - Executing <Task(BashOperator): data_ingestion_task> on 2025-03-09 16:57:40.995662+00:00
[2025-03-09T16:57:56.448+0000] {standard_task_runner.py:57} INFO - Started process 11375 to run task
[2025-03-09T16:57:56.455+0000] {standard_task_runner.py:84} INFO - Running: ['***', 'tasks', 'run', 'customer_churn_ml_pipeline', 'data_ingestion_task', 'manual__2025-03-09T16:57:40.995662+00:00', '--job-id', '395', '--raw', '--subdir', 'DAGS_FOLDER/customer_churn.py', '--cfg-path', '/tmp/tmpekulkjcq']
[2025-03-09T16:57:56.468+0000] {standard_task_runner.py:85} INFO - Job 395: Subtask data_ingestion_task
[2025-03-09T16:57:56.547+0000] {logging_mixin.py:154} WARNING - /home/***/.local/lib/python3.8/site-packages/***/settings.py:195 DeprecationWarning: The sql_alchemy_conn option in [core] has been moved to the sql_alchemy_conn option in [database] - the old setting has been used, but please update your config.
[2025-03-09T16:57:56.669+0000] {task_command.py:416} INFO - Running <TaskInstance: customer_churn_ml_pipeline.data_ingestion_task manual__2025-03-09T16:57:40.995662+00:00 [running]> on host 157237bff8f7
[2025-03-09T16:57:57.153+0000] {taskinstance.py:1662} INFO - Exporting env vars: AIRFLOW_CTX_DAG_OWNER='***' AIRFLOW_CTX_DAG_ID='customer_churn_ml_pipeline' AIRFLOW_CTX_TASK_ID='data_ingestion_task' AIRFLOW_CTX_EXECUTION_DATE='2025-03-09T16:57:40.995662+00:00' AIRFLOW_CTX_TRY_NUMBER='1' AIRFLOW_CTX_DAG_RUN_ID='manual__2025-03-09T16:57:40.995662+00:00'
[2025-03-09T16:57:57.155+0000] {subprocess.py:63} INFO - Tmp dir root location: /tmp
[2025-03-09T16:57:57.157+0000] {subprocess.py:75} INFO - Running command: ['/bin/bash', '-c', 'python /opt/***/executables/data_ingestion.py && \t\t\tNOW=$(date \'+%d-%m-%Y\') &&\t\t\tcd /opt/*** && \t\t\tgit add logs &&    \t\t\tgit status &&                         git commit -m "Updated data ingestion" -a &&                         git push\n                    ']
[2025-03-09T16:57:57.183+0000] {subprocess.py:86} INFO - Output:
[2025-03-09T16:58:00.624+0000] {subprocess.py:93} INFO - 2025-03-09 16:58:00,624 : INFO : Reading data from CSV file customer_data.csv
[2025-03-09T16:58:00.972+0000] {subprocess.py:93} INFO - 2025-03-09 16:58:00,972 : INFO : Data from CSV customer_data.csv ingested successfully!
[2025-03-09T16:58:00.973+0000] {subprocess.py:93} INFO - 2025-03-09 16:58:00,972 : INFO : Connecting to Database
[2025-03-09T16:58:01.027+0000] {subprocess.py:93} INFO - 2025-03-09 16:58:01,027 : INFO : Connecting to Database Successfull
[2025-03-09T16:58:01.028+0000] {subprocess.py:93} INFO - 2025-03-09 16:58:01,027 : INFO : Reading data from database.
[2025-03-09T16:58:01.924+0000] {subprocess.py:93} INFO - /opt/***/executables/data_ingestion.py:50: UserWarning: pandas only supports SQLAlchemy connectable (engine/connection) or database string URI or sqlite3 DBAPI2 connection. Other DBAPI2 objects are not tested. Please consider using SQLAlchemy.
[2025-03-09T16:58:01.925+0000] {subprocess.py:93} INFO -   data = pd.read_sql(query, connection)
[2025-03-09T16:58:01.925+0000] {subprocess.py:93} INFO - 2025-03-09 16:58:01,923 : INFO : Data from Database ingested successfully!
[2025-03-09T16:58:02.214+0000] {subprocess.py:93} INFO - On branch main
[2025-03-09T16:58:02.214+0000] {subprocess.py:93} INFO - Your branch is up to date with 'origin/main'.
[2025-03-09T16:58:02.214+0000] {subprocess.py:93} INFO - 
[2025-03-09T16:58:02.215+0000] {subprocess.py:93} INFO - Changes to be committed:
[2025-03-09T16:58:02.215+0000] {subprocess.py:93} INFO -   (use "git restore --staged <file>..." to unstage)
[2025-03-09T16:58:02.215+0000] {subprocess.py:93} INFO - 	modified:   logs/dag_id=customer_churn_ml_pipeline/run_id=manual__2025-03-09T16:45:49.978338+00:00/task_id=model_training_task/attempt=1.log
[2025-03-09T16:58:02.215+0000] {subprocess.py:93} INFO - 	new file:   logs/dag_id=customer_churn_ml_pipeline/run_id=manual__2025-03-09T16:57:40.995662+00:00/task_id=data_ingestion_task/attempt=1.log
[2025-03-09T16:58:02.216+0000] {subprocess.py:93} INFO - 	new file:   logs/dag_id=customer_churn_ml_pipeline/run_id=manual__2025-03-09T16:57:40.995662+00:00/task_id=pull_latest_codes/attempt=1.log
[2025-03-09T16:58:02.216+0000] {subprocess.py:93} INFO - 	modified:   logs/dag_processor_manager/dag_processor_manager.log
[2025-03-09T16:58:02.216+0000] {subprocess.py:93} INFO - 	modified:   logs/data_ingestion.log
[2025-03-09T16:58:02.216+0000] {subprocess.py:93} INFO - 	modified:   logs/scheduler/2025-03-09/customer_churn.py.log
[2025-03-09T16:58:02.216+0000] {subprocess.py:93} INFO - 
[2025-03-09T16:58:02.216+0000] {subprocess.py:93} INFO - Changes not staged for commit:
[2025-03-09T16:58:02.217+0000] {subprocess.py:93} INFO -   (use "git add <file>..." to update what will be committed)
[2025-03-09T16:58:02.217+0000] {subprocess.py:93} INFO -   (use "git restore <file>..." to discard changes in working directory)
[2025-03-09T16:58:02.217+0000] {subprocess.py:93} INFO - 	modified:   dags/__pycache__/customer_churn.cpython-38.pyc
[2025-03-09T16:58:02.217+0000] {subprocess.py:93} INFO - 
[2025-03-09T16:58:02.217+0000] {subprocess.py:93} INFO - Untracked files:
[2025-03-09T16:58:02.218+0000] {subprocess.py:93} INFO -   (use "git add <file>..." to include in what will be committed)
[2025-03-09T16:58:02.218+0000] {subprocess.py:93} INFO - 	customer_churn_stats/feature_repo/data/online_store.db
[2025-03-09T16:58:02.218+0000] {subprocess.py:93} INFO - 	customer_churn_stats/feature_repo/data/registry.db
[2025-03-09T16:58:02.218+0000] {subprocess.py:93} INFO - 	mlartifacts/
[2025-03-09T16:58:02.218+0000] {subprocess.py:93} INFO - 	models/
[2025-03-09T16:58:02.219+0000] {subprocess.py:93} INFO - 	online.db
[2025-03-09T16:58:02.219+0000] {subprocess.py:93} INFO - 
[2025-03-09T16:58:02.345+0000] {subprocess.py:93} INFO - [main 4da3025] Updated data ingestion
[2025-03-09T16:58:02.346+0000] {subprocess.py:93} INFO -  7 files changed, 402 insertions(+)
[2025-03-09T16:58:02.346+0000] {subprocess.py:93} INFO -  create mode 100644 logs/dag_id=customer_churn_ml_pipeline/run_id=manual__2025-03-09T16:57:40.995662+00:00/task_id=data_ingestion_task/attempt=1.log
[2025-03-09T16:58:02.346+0000] {subprocess.py:93} INFO -  create mode 100644 logs/dag_id=customer_churn_ml_pipeline/run_id=manual__2025-03-09T16:57:40.995662+00:00/task_id=pull_latest_codes/attempt=1.log
[2025-03-09T16:58:04.072+0000] {subprocess.py:93} INFO - To https://github.com/anniemathew-trial/customer_churn_pipeline.git
[2025-03-09T16:58:04.072+0000] {subprocess.py:93} INFO -    d02b902..4da3025  main -> main
[2025-03-09T16:58:04.077+0000] {subprocess.py:97} INFO - Command exited with return code 0
[2025-03-09T16:58:04.121+0000] {taskinstance.py:1400} INFO - Marking task as SUCCESS. dag_id=customer_churn_ml_pipeline, task_id=data_ingestion_task, execution_date=20250309T165740, start_date=20250309T165756, end_date=20250309T165804
[2025-03-09T16:58:04.153+0000] {local_task_job_runner.py:228} INFO - Task exited with return code 0
[2025-03-09T16:58:04.194+0000] {taskinstance.py:2778} INFO - 1 downstream tasks scheduled from follow-on schedule check
