[2025-03-02T08:01:05.233+0000] {taskinstance.py:1159} INFO - Dependencies all met for dep_context=non-requeueable deps ti=<TaskInstance: customer_churn_ml_pipeline.data_transformation_task manual__2025-03-02T08:01:01.558629+00:00 [queued]>
[2025-03-02T08:01:05.370+0000] {taskinstance.py:1159} INFO - Dependencies all met for dep_context=requeueable deps ti=<TaskInstance: customer_churn_ml_pipeline.data_transformation_task manual__2025-03-02T08:01:01.558629+00:00 [queued]>
[2025-03-02T08:01:05.371+0000] {taskinstance.py:1361} INFO - Starting attempt 1 of 1
[2025-03-02T08:01:05.552+0000] {taskinstance.py:1382} INFO - Executing <Task(BashOperator): data_transformation_task> on 2025-03-02 08:01:01.558629+00:00
[2025-03-02T08:01:05.579+0000] {standard_task_runner.py:57} INFO - Started process 7974 to run task
[2025-03-02T08:01:05.643+0000] {standard_task_runner.py:84} INFO - Running: ['***', 'tasks', 'run', 'customer_churn_ml_pipeline', 'data_transformation_task', 'manual__2025-03-02T08:01:01.558629+00:00', '--job-id', '304', '--raw', '--subdir', 'DAGS_FOLDER/customer_churn.py', '--cfg-path', '/tmp/tmp__na76fg']
[2025-03-02T08:01:05.702+0000] {standard_task_runner.py:85} INFO - Job 304: Subtask data_transformation_task
[2025-03-02T08:01:05.926+0000] {logging_mixin.py:154} WARNING - /home/***/.local/lib/python3.8/site-packages/***/settings.py:195 DeprecationWarning: The sql_alchemy_conn option in [core] has been moved to the sql_alchemy_conn option in [database] - the old setting has been used, but please update your config.
[2025-03-02T08:01:06.475+0000] {task_command.py:416} INFO - Running <TaskInstance: customer_churn_ml_pipeline.data_transformation_task manual__2025-03-02T08:01:01.558629+00:00 [running]> on host 7e994a0ed489
[2025-03-02T08:01:07.567+0000] {taskinstance.py:1662} INFO - Exporting env vars: AIRFLOW_CTX_DAG_OWNER='***' AIRFLOW_CTX_DAG_ID='customer_churn_ml_pipeline' AIRFLOW_CTX_TASK_ID='data_transformation_task' AIRFLOW_CTX_EXECUTION_DATE='2025-03-02T08:01:01.558629+00:00' AIRFLOW_CTX_TRY_NUMBER='1' AIRFLOW_CTX_DAG_RUN_ID='manual__2025-03-02T08:01:01.558629+00:00'
[2025-03-02T08:01:07.570+0000] {subprocess.py:63} INFO - Tmp dir root location: /tmp
[2025-03-02T08:01:07.575+0000] {subprocess.py:75} INFO - Running command: ['/bin/bash', '-c', '\n\t\t\tNOW=$(date \'+%d-%m-%Y\') &&\t\t\tcd /opt/*** &&                        dvc pull /opt/***/data/cleaned\n                        python /opt/***/executables/data_transformation.py &&                         dvc add /opt/***/data/transformed &&                         git add /opt/***/data/transformed.dvc && \t\t\tgit add logs &&                        git commit -m "Updated transformed data version" -a &&                         dvc push && git push\n                    ']
[2025-03-02T08:01:07.691+0000] {subprocess.py:86} INFO - Output:
[2025-03-02T08:01:18.143+0000] {subprocess.py:93} INFO - ERROR: failed to pull data from the cloud - Unable to acquire lock. Most likely another DVC process is running or was terminated abruptly. Check the page <https://dvc.org/doc/user-guide/troubleshooting#lock-issue> for other possible reasons and to learn how to resolve this.
[2025-03-02T08:01:32.000+0000] {subprocess.py:93} INFO - 2025-03-02 08:01:32,000 : INFO : Starting data preparation for csv.
[2025-03-02T08:01:32.258+0000] {subprocess.py:93} INFO - 2025-03-02 08:01:32,257 : INFO : Scaling 'Tenure', 'Balance', 'EstimatedSalary'.
[2025-03-02T08:01:32.302+0000] {subprocess.py:93} INFO - 2025-03-02 08:01:32,301 : INFO : Saving data to S3.
[2025-03-02T08:01:45.619+0000] {subprocess.py:93} INFO - 
[2025-03-02T08:01:45.620+0000] {subprocess.py:93} INFO - To track the changes with git, run:
[2025-03-02T08:01:45.623+0000] {subprocess.py:93} INFO - 
[2025-03-02T08:01:45.624+0000] {subprocess.py:93} INFO - 	git add data/transformed.dvc
[2025-03-02T08:01:45.625+0000] {subprocess.py:93} INFO - 
[2025-03-02T08:01:45.627+0000] {subprocess.py:93} INFO - To enable auto staging, run:
[2025-03-02T08:01:45.628+0000] {subprocess.py:93} INFO - 
[2025-03-02T08:01:45.628+0000] {subprocess.py:93} INFO - 	dvc config core.autostage true
[2025-03-02T08:01:46.865+0000] {subprocess.py:93} INFO - [main 63ff55b] Updated transformed data version
[2025-03-02T08:01:46.866+0000] {subprocess.py:93} INFO -  9 files changed, 146 insertions(+)
[2025-03-02T08:01:55.818+0000] {subprocess.py:93} INFO - Everything is up to date.
[2025-03-02T08:01:58.241+0000] {subprocess.py:93} INFO - To https://github.com/anniemathew-trial/customer_churn_pipeline.git
[2025-03-02T08:01:58.241+0000] {subprocess.py:93} INFO -    7fa0652..63ff55b  main -> main
[2025-03-02T08:01:58.254+0000] {subprocess.py:97} INFO - Command exited with return code 0
[2025-03-02T08:01:58.366+0000] {taskinstance.py:1400} INFO - Marking task as SUCCESS. dag_id=customer_churn_ml_pipeline, task_id=data_transformation_task, execution_date=20250302T080101, start_date=20250302T080105, end_date=20250302T080158
[2025-03-02T08:01:58.412+0000] {local_task_job_runner.py:228} INFO - Task exited with return code 0
[2025-03-02T08:01:58.470+0000] {taskinstance.py:2778} INFO - 0 downstream tasks scheduled from follow-on schedule check
