[2025-03-01T09:54:36.221+0000] {taskinstance.py:1159} INFO - Dependencies all met for dep_context=non-requeueable deps ti=<TaskInstance: customer_churn_ml_pipeline.data_storage_task manual__2025-03-01T09:53:23.171684+00:00 [queued]>
[2025-03-01T09:54:36.239+0000] {taskinstance.py:1159} INFO - Dependencies all met for dep_context=requeueable deps ti=<TaskInstance: customer_churn_ml_pipeline.data_storage_task manual__2025-03-01T09:53:23.171684+00:00 [queued]>
[2025-03-01T09:54:36.239+0000] {taskinstance.py:1361} INFO - Starting attempt 1 of 1
[2025-03-01T09:54:36.264+0000] {taskinstance.py:1382} INFO - Executing <Task(BashOperator): data_storage_task> on 2025-03-01 09:53:23.171684+00:00
[2025-03-01T09:54:36.269+0000] {standard_task_runner.py:57} INFO - Started process 7215 to run task
[2025-03-01T09:54:36.273+0000] {standard_task_runner.py:84} INFO - Running: ['***', 'tasks', 'run', 'customer_churn_ml_pipeline', 'data_storage_task', 'manual__2025-03-01T09:53:23.171684+00:00', '--job-id', '43', '--raw', '--subdir', 'DAGS_FOLDER/customer_churn.py', '--cfg-path', '/tmp/tmp7t_616cu']
[2025-03-01T09:54:36.277+0000] {standard_task_runner.py:85} INFO - Job 43: Subtask data_storage_task
[2025-03-01T09:54:36.306+0000] {logging_mixin.py:154} WARNING - /home/***/.local/lib/python3.8/site-packages/***/settings.py:195 DeprecationWarning: The sql_alchemy_conn option in [core] has been moved to the sql_alchemy_conn option in [database] - the old setting has been used, but please update your config.
[2025-03-01T09:54:36.414+0000] {task_command.py:416} INFO - Running <TaskInstance: customer_churn_ml_pipeline.data_storage_task manual__2025-03-01T09:53:23.171684+00:00 [running]> on host 7e994a0ed489
[2025-03-01T09:54:36.611+0000] {taskinstance.py:1662} INFO - Exporting env vars: AIRFLOW_CTX_DAG_OWNER='***' AIRFLOW_CTX_DAG_ID='customer_churn_ml_pipeline' AIRFLOW_CTX_TASK_ID='data_storage_task' AIRFLOW_CTX_EXECUTION_DATE='2025-03-01T09:53:23.171684+00:00' AIRFLOW_CTX_TRY_NUMBER='1' AIRFLOW_CTX_DAG_RUN_ID='manual__2025-03-01T09:53:23.171684+00:00'
[2025-03-01T09:54:36.613+0000] {subprocess.py:63} INFO - Tmp dir root location: /tmp
[2025-03-01T09:54:36.614+0000] {subprocess.py:75} INFO - Running command: ['/bin/bash', '-c', '\n\t\t\tcd /opt/***\n                        dvc pull /opt/***/data/transformed\n                        python /opt/***/executables/data_storage.py &&                         git commit -m "Updated stored data version" -a &&                         dvc push && git push\n                    ']
[2025-03-01T09:54:36.629+0000] {subprocess.py:86} INFO - Output:
[2025-03-01T09:54:40.328+0000] {subprocess.py:93} INFO - Everything is up to date.
[2025-03-01T09:54:50.486+0000] {subprocess.py:93} INFO - [main 2e8fada] Updated stored data version
[2025-03-01T09:54:50.487+0000] {subprocess.py:93} INFO -  2 files changed, 17 insertions(+)
[2025-03-01T09:54:55.918+0000] {subprocess.py:93} INFO - Everything is up to date.
[2025-03-01T09:54:58.333+0000] {subprocess.py:93} INFO - To https://github.com/anniemathew-trial/customer_churn_pipeline.git
[2025-03-01T09:54:58.333+0000] {subprocess.py:93} INFO -    a26c12c..2e8fada  main -> main
[2025-03-01T09:54:58.339+0000] {subprocess.py:97} INFO - Command exited with return code 0
[2025-03-01T09:54:58.390+0000] {taskinstance.py:1400} INFO - Marking task as SUCCESS. dag_id=customer_churn_ml_pipeline, task_id=data_storage_task, execution_date=20250301T095323, start_date=20250301T095436, end_date=20250301T095458
[2025-03-01T09:54:58.446+0000] {local_task_job_runner.py:228} INFO - Task exited with return code 0
[2025-03-01T09:54:58.486+0000] {taskinstance.py:2778} INFO - 1 downstream tasks scheduled from follow-on schedule check
