[2025-03-02T11:06:14.465+0000] {taskinstance.py:1159} INFO - Dependencies all met for dep_context=non-requeueable deps ti=<TaskInstance: customer_churn_ml_pipeline.data_preparation_task manual__2025-03-02T11:05:03.197874+00:00 [queued]>
[2025-03-02T11:06:14.491+0000] {taskinstance.py:1159} INFO - Dependencies all met for dep_context=requeueable deps ti=<TaskInstance: customer_churn_ml_pipeline.data_preparation_task manual__2025-03-02T11:05:03.197874+00:00 [queued]>
[2025-03-02T11:06:14.492+0000] {taskinstance.py:1361} INFO - Starting attempt 1 of 1
[2025-03-02T11:06:14.520+0000] {taskinstance.py:1382} INFO - Executing <Task(BashOperator): data_preparation_task> on 2025-03-02 11:05:03.197874+00:00
[2025-03-02T11:06:14.528+0000] {standard_task_runner.py:57} INFO - Started process 14847 to run task
[2025-03-02T11:06:14.533+0000] {standard_task_runner.py:84} INFO - Running: ['***', 'tasks', 'run', 'customer_churn_ml_pipeline', 'data_preparation_task', 'manual__2025-03-02T11:05:03.197874+00:00', '--job-id', '215', '--raw', '--subdir', 'DAGS_FOLDER/customer_churn.py', '--cfg-path', '/tmp/tmpu76tpymu']
[2025-03-02T11:06:14.537+0000] {standard_task_runner.py:85} INFO - Job 215: Subtask data_preparation_task
[2025-03-02T11:06:14.576+0000] {logging_mixin.py:154} WARNING - /home/***/.local/lib/python3.8/site-packages/***/settings.py:195 DeprecationWarning: The sql_alchemy_conn option in [core] has been moved to the sql_alchemy_conn option in [database] - the old setting has been used, but please update your config.
[2025-03-02T11:06:14.675+0000] {task_command.py:416} INFO - Running <TaskInstance: customer_churn_ml_pipeline.data_preparation_task manual__2025-03-02T11:05:03.197874+00:00 [running]> on host 9113a5746a05
[2025-03-02T11:06:14.935+0000] {taskinstance.py:1662} INFO - Exporting env vars: AIRFLOW_CTX_DAG_OWNER='***' AIRFLOW_CTX_DAG_ID='customer_churn_ml_pipeline' AIRFLOW_CTX_TASK_ID='data_preparation_task' AIRFLOW_CTX_EXECUTION_DATE='2025-03-02T11:05:03.197874+00:00' AIRFLOW_CTX_TRY_NUMBER='1' AIRFLOW_CTX_DAG_RUN_ID='manual__2025-03-02T11:05:03.197874+00:00'
[2025-03-02T11:06:14.939+0000] {subprocess.py:63} INFO - Tmp dir root location: /tmp
[2025-03-02T11:06:14.941+0000] {subprocess.py:75} INFO - Running command: ['/bin/bash', '-c', '\n\t\t\tcd /opt/*** &&\t\t\tpython /opt/***/executables/data_preparation.py &&                         dvc add /opt/***/data/cleaned &&                         git add /opt/***/data/cleaned.dvc && \t\t\tgit add logs && \\   \n\t\t\tgit add visualization &&    \t\t\tgit status &&                         git commit -m "Updated cleaned data version" -a &&                         dvc push && git push\n                    ']
[2025-03-02T11:06:14.963+0000] {subprocess.py:86} INFO - Output:
[2025-03-02T11:06:21.634+0000] {subprocess.py:93} INFO - 2025-03-02 11:06:21,634 : INFO : Starting data preparation for csv.
[2025-03-02T11:06:21.679+0000] {subprocess.py:93} INFO - 2025-03-02 11:06:21,678 : INFO : Handling 'Tenure', 'Balance', 'EstimatedSalary' empty data
[2025-03-02T11:06:21.681+0000] {subprocess.py:93} INFO - 2025-03-02 11:06:21,680 : INFO : Handling 'Age' empty data
[2025-03-02T11:06:21.684+0000] {subprocess.py:93} INFO - 2025-03-02 11:06:21,683 : INFO : Droping 'Surname' as it may lead to profiling, 'RowNumber', 'CustomerId' as it is not required
[2025-03-02T11:06:21.690+0000] {subprocess.py:93} INFO - 2025-03-02 11:06:21,689 : INFO : Making 'Geography', 'Gender', 'HasCrCard', 'IsActiveMember' as categorical
[2025-03-02T11:06:21.704+0000] {subprocess.py:93} INFO - 2025-03-02 11:06:21,704 : INFO : Saving data to S3.
[2025-03-02T11:06:21.705+0000] {subprocess.py:93} INFO - 2025-03-02 11:06:21,704 : INFO : Directory created at /opt/***/data/cleaned/02-03-2025/csv
[2025-03-02T11:06:22.062+0000] {subprocess.py:93} INFO - 2025-03-02 11:06:22,061 : INFO : Connected to s3
[2025-03-02T11:06:24.642+0000] {subprocess.py:93} INFO - 2025-03-02 11:06:24,642 : INFO : File uploaded to S3
[2025-03-02T11:06:24.644+0000] {subprocess.py:93} INFO - 2025-03-02 11:06:24,643 : INFO : Creating Pie chart
[2025-03-02T11:06:24.793+0000] {subprocess.py:93} INFO - 2025-03-02 11:06:24,793 : INFO : Generating histogram for column CreditScore.
[2025-03-02T11:06:25.093+0000] {subprocess.py:93} INFO - 2025-03-02 11:06:25,092 : INFO : Generating histogram for column Geography.
[2025-03-02T11:06:25.529+0000] {subprocess.py:93} INFO - 2025-03-02 11:06:25,528 : INFO : Generating histogram for column Gender.
[2025-03-02T11:06:25.933+0000] {subprocess.py:93} INFO - 2025-03-02 11:06:25,932 : INFO : Generating histogram for column Age.
[2025-03-02T11:06:26.532+0000] {subprocess.py:93} INFO - 2025-03-02 11:06:26,531 : INFO : Generating histogram for column Tenure.
[2025-03-02T11:06:26.870+0000] {subprocess.py:93} INFO - 2025-03-02 11:06:26,870 : INFO : Generating histogram for column Balance.
[2025-03-02T11:06:27.347+0000] {subprocess.py:93} INFO - 2025-03-02 11:06:27,347 : INFO : Generating histogram for column NumOfProducts.
[2025-03-02T11:06:27.927+0000] {subprocess.py:93} INFO - 2025-03-02 11:06:27,926 : INFO : Generating histogram for column HasCrCard.
[2025-03-02T11:06:28.476+0000] {subprocess.py:93} INFO - 2025-03-02 11:06:28,475 : INFO : Generating histogram for column IsActiveMember.
[2025-03-02T11:06:28.814+0000] {subprocess.py:93} INFO - 2025-03-02 11:06:28,814 : INFO : Generating histogram for column EstimatedSalary.
[2025-03-02T11:06:29.145+0000] {subprocess.py:93} INFO - 2025-03-02 11:06:29,144 : INFO : Generating histogram for column Exited.
[2025-03-02T11:06:29.469+0000] {subprocess.py:93} INFO - 2025-03-02 11:06:29,468 : INFO : Generating histogram for relation of Exited with Categorical data.
[2025-03-02T11:06:30.015+0000] {subprocess.py:93} INFO - 2025-03-02 11:06:30,015 : INFO : Using categorical units to plot a list of strings that are all parsable as floats or dates. If these strings should be plotted as numbers, cast to the appropriate data type before plotting.
[2025-03-02T11:06:30.045+0000] {subprocess.py:93} INFO - 2025-03-02 11:06:30,045 : INFO : Using categorical units to plot a list of strings that are all parsable as floats or dates. If these strings should be plotted as numbers, cast to the appropriate data type before plotting.
[2025-03-02T11:06:30.155+0000] {subprocess.py:93} INFO - 2025-03-02 11:06:30,155 : INFO : Using categorical units to plot a list of strings that are all parsable as floats or dates. If these strings should be plotted as numbers, cast to the appropriate data type before plotting.
[2025-03-02T11:06:30.181+0000] {subprocess.py:93} INFO - 2025-03-02 11:06:30,180 : INFO : Using categorical units to plot a list of strings that are all parsable as floats or dates. If these strings should be plotted as numbers, cast to the appropriate data type before plotting.
[2025-03-02T11:06:30.250+0000] {subprocess.py:93} INFO - 2025-03-02 11:06:30,249 : INFO : Generating box plots for relation of Exited with non Categorical data.
[2025-03-02T11:06:30.562+0000] {subprocess.py:93} INFO - 2025-03-02 11:06:30,562 : INFO : Using categorical units to plot a list of strings that are all parsable as floats or dates. If these strings should be plotted as numbers, cast to the appropriate data type before plotting.
[2025-03-02T11:06:30.587+0000] {subprocess.py:93} INFO - 2025-03-02 11:06:30,587 : INFO : Using categorical units to plot a list of strings that are all parsable as floats or dates. If these strings should be plotted as numbers, cast to the appropriate data type before plotting.
[2025-03-02T11:06:30.769+0000] {subprocess.py:93} INFO - 2025-03-02 11:06:30,769 : INFO : Using categorical units to plot a list of strings that are all parsable as floats or dates. If these strings should be plotted as numbers, cast to the appropriate data type before plotting.
[2025-03-02T11:06:30.840+0000] {subprocess.py:93} INFO - 2025-03-02 11:06:30,840 : INFO : Using categorical units to plot a list of strings that are all parsable as floats or dates. If these strings should be plotted as numbers, cast to the appropriate data type before plotting.
[2025-03-02T11:06:31.060+0000] {subprocess.py:93} INFO - 2025-03-02 11:06:31,060 : INFO : Using categorical units to plot a list of strings that are all parsable as floats or dates. If these strings should be plotted as numbers, cast to the appropriate data type before plotting.
[2025-03-02T11:06:31.086+0000] {subprocess.py:93} INFO - 2025-03-02 11:06:31,085 : INFO : Using categorical units to plot a list of strings that are all parsable as floats or dates. If these strings should be plotted as numbers, cast to the appropriate data type before plotting.
[2025-03-02T11:06:31.230+0000] {subprocess.py:93} INFO - 2025-03-02 11:06:31,230 : INFO : Using categorical units to plot a list of strings that are all parsable as floats or dates. If these strings should be plotted as numbers, cast to the appropriate data type before plotting.
[2025-03-02T11:06:31.254+0000] {subprocess.py:93} INFO - 2025-03-02 11:06:31,254 : INFO : Using categorical units to plot a list of strings that are all parsable as floats or dates. If these strings should be plotted as numbers, cast to the appropriate data type before plotting.
[2025-03-02T11:06:31.398+0000] {subprocess.py:93} INFO - 2025-03-02 11:06:31,397 : INFO : Using categorical units to plot a list of strings that are all parsable as floats or dates. If these strings should be plotted as numbers, cast to the appropriate data type before plotting.
[2025-03-02T11:06:31.420+0000] {subprocess.py:93} INFO - 2025-03-02 11:06:31,420 : INFO : Using categorical units to plot a list of strings that are all parsable as floats or dates. If these strings should be plotted as numbers, cast to the appropriate data type before plotting.
[2025-03-02T11:06:31.705+0000] {subprocess.py:93} INFO - 2025-03-02 11:06:31,705 : INFO : Using categorical units to plot a list of strings that are all parsable as floats or dates. If these strings should be plotted as numbers, cast to the appropriate data type before plotting.
[2025-03-02T11:06:31.731+0000] {subprocess.py:93} INFO - 2025-03-02 11:06:31,731 : INFO : Using categorical units to plot a list of strings that are all parsable as floats or dates. If these strings should be plotted as numbers, cast to the appropriate data type before plotting.
[2025-03-02T11:06:32.523+0000] {subprocess.py:93} INFO - 2025-03-02 11:06:32,523 : INFO : Saved pdf in visualization/plots.pdf
[2025-03-02T11:06:37.716+0000] {subprocess.py:93} INFO - 
[2025-03-02T11:06:37.716+0000] {subprocess.py:93} INFO - To track the changes with git, run:
[2025-03-02T11:06:37.717+0000] {subprocess.py:93} INFO - 
[2025-03-02T11:06:37.719+0000] {subprocess.py:93} INFO - 	git add data/cleaned.dvc
[2025-03-02T11:06:37.719+0000] {subprocess.py:93} INFO - 
[2025-03-02T11:06:37.720+0000] {subprocess.py:93} INFO - To enable auto staging, run:
[2025-03-02T11:06:37.720+0000] {subprocess.py:93} INFO - 
[2025-03-02T11:06:37.720+0000] {subprocess.py:93} INFO - 	dvc config core.autostage true
[2025-03-02T11:06:38.317+0000] {subprocess.py:93} INFO - /bin/bash: line 2:  : command not found
[2025-03-02T11:06:38.378+0000] {subprocess.py:93} INFO - On branch main
[2025-03-02T11:06:38.379+0000] {subprocess.py:93} INFO - Your branch is up to date with 'origin/main'.
[2025-03-02T11:06:38.380+0000] {subprocess.py:93} INFO - 
[2025-03-02T11:06:38.380+0000] {subprocess.py:93} INFO - Changes to be committed:
[2025-03-02T11:06:38.381+0000] {subprocess.py:93} INFO -   (use "git restore --staged <file>..." to unstage)
[2025-03-02T11:06:38.381+0000] {subprocess.py:93} INFO - 	new file:   logs/dag_id=customer_churn_ml_pipeline/run_id=manual__2025-03-02T11:05:03.197874+00:00/task_id=data_preparation_task/attempt=1.log
[2025-03-02T11:06:38.381+0000] {subprocess.py:93} INFO - 	modified:   logs/dag_id=customer_churn_ml_pipeline/run_id=manual__2025-03-02T11:05:03.197874+00:00/task_id=data_validation_task/attempt=1.log
[2025-03-02T11:06:38.382+0000] {subprocess.py:93} INFO - 	modified:   logs/dag_processor_manager/dag_processor_manager.log
[2025-03-02T11:06:38.382+0000] {subprocess.py:93} INFO - 	modified:   logs/data_preparation.log
[2025-03-02T11:06:38.382+0000] {subprocess.py:93} INFO - 	modified:   logs/scheduler/2025-03-02/customer_churn.py.log
[2025-03-02T11:06:38.383+0000] {subprocess.py:93} INFO - 	modified:   visualization/plots.pdf
[2025-03-02T11:06:38.383+0000] {subprocess.py:93} INFO - 
[2025-03-02T11:06:38.384+0000] {subprocess.py:93} INFO - Changes not staged for commit:
[2025-03-02T11:06:38.384+0000] {subprocess.py:93} INFO -   (use "git add <file>..." to update what will be committed)
[2025-03-02T11:06:38.384+0000] {subprocess.py:93} INFO -   (use "git restore <file>..." to discard changes in working directory)
[2025-03-02T11:06:38.385+0000] {subprocess.py:93} INFO - 	modified:   logs/dag_id=customer_churn_ml_pipeline/run_id=manual__2025-03-02T11:05:03.197874+00:00/task_id=data_preparation_task/attempt=1.log
[2025-03-02T11:06:38.385+0000] {subprocess.py:93} INFO - 
[2025-03-02T11:06:38.386+0000] {subprocess.py:93} INFO - Untracked files:
[2025-03-02T11:06:38.387+0000] {subprocess.py:93} INFO -   (use "git add <file>..." to include in what will be committed)
[2025-03-02T11:06:38.387+0000] {subprocess.py:93} INFO - 	customer_churn_stats/feature_repo/data/
[2025-03-02T11:06:38.388+0000] {subprocess.py:93} INFO - 
[2025-03-02T11:06:38.508+0000] {subprocess.py:93} INFO - [main aa4ae1f] Updated cleaned data version
[2025-03-02T11:06:38.508+0000] {subprocess.py:93} INFO -  6 files changed, 148 insertions(+)
[2025-03-02T11:06:38.509+0000] {subprocess.py:93} INFO -  create mode 100644 logs/dag_id=customer_churn_ml_pipeline/run_id=manual__2025-03-02T11:05:03.197874+00:00/task_id=data_preparation_task/attempt=1.log
[2025-03-02T11:06:45.605+0000] {subprocess.py:93} INFO - Everything is up to date.
[2025-03-02T11:06:47.730+0000] {subprocess.py:93} INFO - To https://github.com/anniemathew-trial/customer_churn_pipeline.git
[2025-03-02T11:06:47.731+0000] {subprocess.py:93} INFO -    1263df5..aa4ae1f  main -> main
[2025-03-02T11:06:47.738+0000] {subprocess.py:97} INFO - Command exited with return code 0
[2025-03-02T11:06:47.796+0000] {taskinstance.py:1400} INFO - Marking task as SUCCESS. dag_id=customer_churn_ml_pipeline, task_id=data_preparation_task, execution_date=20250302T110503, start_date=20250302T110614, end_date=20250302T110647
[2025-03-02T11:06:47.855+0000] {local_task_job_runner.py:228} INFO - Task exited with return code 0
[2025-03-02T11:06:47.904+0000] {taskinstance.py:2778} INFO - 1 downstream tasks scheduled from follow-on schedule check
