[2025-03-09T12:10:37.274+0000] {taskinstance.py:1159} INFO - Dependencies all met for dep_context=non-requeueable deps ti=<TaskInstance: customer_churn_ml_pipeline.data_preparation_task manual__2025-03-09T12:09:46.285124+00:00 [queued]>
[2025-03-09T12:10:37.282+0000] {taskinstance.py:1159} INFO - Dependencies all met for dep_context=requeueable deps ti=<TaskInstance: customer_churn_ml_pipeline.data_preparation_task manual__2025-03-09T12:09:46.285124+00:00 [queued]>
[2025-03-09T12:10:37.282+0000] {taskinstance.py:1361} INFO - Starting attempt 1 of 1
[2025-03-09T12:10:37.296+0000] {taskinstance.py:1382} INFO - Executing <Task(BashOperator): data_preparation_task> on 2025-03-09 12:09:46.285124+00:00
[2025-03-09T12:10:37.299+0000] {standard_task_runner.py:57} INFO - Started process 5038 to run task
[2025-03-09T12:10:37.301+0000] {standard_task_runner.py:84} INFO - Running: ['***', 'tasks', 'run', 'customer_churn_ml_pipeline', 'data_preparation_task', 'manual__2025-03-09T12:09:46.285124+00:00', '--job-id', '343', '--raw', '--subdir', 'DAGS_FOLDER/customer_churn.py', '--cfg-path', '/tmp/tmpp415ooof']
[2025-03-09T12:10:37.303+0000] {standard_task_runner.py:85} INFO - Job 343: Subtask data_preparation_task
[2025-03-09T12:10:37.323+0000] {logging_mixin.py:154} WARNING - /home/***/.local/lib/python3.8/site-packages/***/settings.py:195 DeprecationWarning: The sql_alchemy_conn option in [core] has been moved to the sql_alchemy_conn option in [database] - the old setting has been used, but please update your config.
[2025-03-09T12:10:37.362+0000] {task_command.py:416} INFO - Running <TaskInstance: customer_churn_ml_pipeline.data_preparation_task manual__2025-03-09T12:09:46.285124+00:00 [running]> on host 157237bff8f7
[2025-03-09T12:10:37.481+0000] {taskinstance.py:1662} INFO - Exporting env vars: AIRFLOW_CTX_DAG_OWNER='***' AIRFLOW_CTX_DAG_ID='customer_churn_ml_pipeline' AIRFLOW_CTX_TASK_ID='data_preparation_task' AIRFLOW_CTX_EXECUTION_DATE='2025-03-09T12:09:46.285124+00:00' AIRFLOW_CTX_TRY_NUMBER='1' AIRFLOW_CTX_DAG_RUN_ID='manual__2025-03-09T12:09:46.285124+00:00'
[2025-03-09T12:10:37.482+0000] {subprocess.py:63} INFO - Tmp dir root location: /tmp
[2025-03-09T12:10:37.483+0000] {subprocess.py:75} INFO - Running command: ['/bin/bash', '-c', '\n\t\t\tcd /opt/*** &&\t\t\tpython /opt/***/executables/data_preparation.py &&                         dvc add /opt/***/data/cleaned &&                         git add /opt/***/data/cleaned.dvc && \t\t\tgit add logs && \\   \n\t\t\tgit add visualization &&    \t\t\tgit status &&                         git commit -m "Updated cleaned data version" -a &&                         dvc push && git push\n                    ']
[2025-03-09T12:10:37.491+0000] {subprocess.py:86} INFO - Output:
[2025-03-09T12:10:39.979+0000] {subprocess.py:93} INFO - 2025-03-09 12:10:39,978 : INFO : Starting data preparation for customer_data.csv.
[2025-03-09T12:10:40.002+0000] {subprocess.py:93} INFO - 2025-03-09 12:10:40,002 : INFO : Dropping 'Estimated Salary' & 'Credit Score' with 0 & negative values
[2025-03-09T12:10:40.005+0000] {subprocess.py:93} INFO - 2025-03-09 12:10:40,005 : INFO : Handling 'Balance', 'EstimatedSalary' empty data with mean
[2025-03-09T12:10:40.006+0000] {subprocess.py:93} INFO - 2025-03-09 12:10:40,006 : INFO : Handling 'Tenure', 'Age' empty data with tenure + 18 in age and droping tenure with 0 values & negative values
[2025-03-09T12:10:40.018+0000] {subprocess.py:93} INFO - 2025-03-09 12:10:40,018 : INFO : Dropping 'Tenure' less than 0 and greater than 80
[2025-03-09T12:10:40.021+0000] {subprocess.py:93} INFO - 2025-03-09 12:10:40,021 : INFO : Handling 'Age' empty data
[2025-03-09T12:10:40.023+0000] {subprocess.py:93} INFO - 2025-03-09 12:10:40,022 : INFO : Dropping 'Age' less than 18 and greater than 110
[2025-03-09T12:10:40.025+0000] {subprocess.py:93} INFO - 2025-03-09 12:10:40,025 : INFO : Droping 'Surname' as it may lead to profiling, 'RowNumber', 'CustomerId' as it is not required
[2025-03-09T12:10:40.027+0000] {subprocess.py:93} INFO - 2025-03-09 12:10:40,027 : INFO : Making 'Geography', 'Gender' as categorical
[2025-03-09T12:10:40.033+0000] {subprocess.py:93} INFO - 2025-03-09 12:10:40,033 : INFO : Making 'HasCrCard', 'IsActiveMember', 'Exited' as integers
[2025-03-09T12:10:40.035+0000] {subprocess.py:93} INFO - 2025-03-09 12:10:40,035 : INFO : Saving data to S3.
[2025-03-09T12:10:40.035+0000] {subprocess.py:93} INFO - 2025-03-09 12:10:40,035 : INFO : Directory created at /opt/***/data/cleaned/fintech1/09-03-2025/csv
[2025-03-09T12:10:40.263+0000] {subprocess.py:93} INFO - 2025-03-09 12:10:40,263 : INFO : Connected to s3
[2025-03-09T12:10:42.829+0000] {subprocess.py:93} INFO - 2025-03-09 12:10:42,829 : INFO : File uploaded to S3
[2025-03-09T12:10:42.830+0000] {subprocess.py:93} INFO - 2025-03-09 12:10:42,830 : INFO : Creating Pie chart
[2025-03-09T12:10:42.879+0000] {subprocess.py:93} INFO - 2025-03-09 12:10:42,879 : INFO : Generating histogram for column CreditScore.
[2025-03-09T12:10:43.006+0000] {subprocess.py:93} INFO - 2025-03-09 12:10:43,006 : INFO : Generating histogram for column Geography.
[2025-03-09T12:10:43.183+0000] {subprocess.py:93} INFO - 2025-03-09 12:10:43,183 : INFO : Generating histogram for column Gender.
[2025-03-09T12:10:43.279+0000] {subprocess.py:93} INFO - 2025-03-09 12:10:43,279 : INFO : Generating histogram for column Age.
[2025-03-09T12:10:43.418+0000] {subprocess.py:93} INFO - 2025-03-09 12:10:43,417 : INFO : Generating histogram for column Tenure.
[2025-03-09T12:10:43.569+0000] {subprocess.py:93} INFO - 2025-03-09 12:10:43,569 : INFO : Generating histogram for column Balance.
[2025-03-09T12:10:43.730+0000] {subprocess.py:93} INFO - 2025-03-09 12:10:43,730 : INFO : Generating histogram for column NumOfProducts.
[2025-03-09T12:10:43.876+0000] {subprocess.py:93} INFO - 2025-03-09 12:10:43,875 : INFO : Generating histogram for column HasCrCard.
[2025-03-09T12:10:44.046+0000] {subprocess.py:93} INFO - 2025-03-09 12:10:44,046 : INFO : Generating histogram for column IsActiveMember.
[2025-03-09T12:10:44.188+0000] {subprocess.py:93} INFO - 2025-03-09 12:10:44,188 : INFO : Generating histogram for column EstimatedSalary.
[2025-03-09T12:10:44.344+0000] {subprocess.py:93} INFO - 2025-03-09 12:10:44,344 : INFO : Generating histogram for column Exited.
[2025-03-09T12:10:44.513+0000] {subprocess.py:93} INFO - 2025-03-09 12:10:44,513 : INFO : Generating histogram for relation of Exited with Categorical data.
[2025-03-09T12:10:44.901+0000] {subprocess.py:93} INFO - 2025-03-09 12:10:44,900 : INFO : Using categorical units to plot a list of strings that are all parsable as floats or dates. If these strings should be plotted as numbers, cast to the appropriate data type before plotting.
[2025-03-09T12:10:44.918+0000] {subprocess.py:93} INFO - 2025-03-09 12:10:44,918 : INFO : Using categorical units to plot a list of strings that are all parsable as floats or dates. If these strings should be plotted as numbers, cast to the appropriate data type before plotting.
[2025-03-09T12:10:45.019+0000] {subprocess.py:93} INFO - 2025-03-09 12:10:45,018 : INFO : Using categorical units to plot a list of strings that are all parsable as floats or dates. If these strings should be plotted as numbers, cast to the appropriate data type before plotting.
[2025-03-09T12:10:45.036+0000] {subprocess.py:93} INFO - 2025-03-09 12:10:45,035 : INFO : Using categorical units to plot a list of strings that are all parsable as floats or dates. If these strings should be plotted as numbers, cast to the appropriate data type before plotting.
[2025-03-09T12:10:45.089+0000] {subprocess.py:93} INFO - 2025-03-09 12:10:45,088 : INFO : Generating box plots for relation of Exited with non Categorical data.
[2025-03-09T12:10:45.270+0000] {subprocess.py:93} INFO - 2025-03-09 12:10:45,269 : INFO : Using categorical units to plot a list of strings that are all parsable as floats or dates. If these strings should be plotted as numbers, cast to the appropriate data type before plotting.
[2025-03-09T12:10:45.287+0000] {subprocess.py:93} INFO - 2025-03-09 12:10:45,287 : INFO : Using categorical units to plot a list of strings that are all parsable as floats or dates. If these strings should be plotted as numbers, cast to the appropriate data type before plotting.
[2025-03-09T12:10:45.377+0000] {subprocess.py:93} INFO - 2025-03-09 12:10:45,377 : INFO : Using categorical units to plot a list of strings that are all parsable as floats or dates. If these strings should be plotted as numbers, cast to the appropriate data type before plotting.
[2025-03-09T12:10:45.394+0000] {subprocess.py:93} INFO - 2025-03-09 12:10:45,393 : INFO : Using categorical units to plot a list of strings that are all parsable as floats or dates. If these strings should be plotted as numbers, cast to the appropriate data type before plotting.
[2025-03-09T12:10:45.489+0000] {subprocess.py:93} INFO - 2025-03-09 12:10:45,489 : INFO : Using categorical units to plot a list of strings that are all parsable as floats or dates. If these strings should be plotted as numbers, cast to the appropriate data type before plotting.
[2025-03-09T12:10:45.507+0000] {subprocess.py:93} INFO - 2025-03-09 12:10:45,507 : INFO : Using categorical units to plot a list of strings that are all parsable as floats or dates. If these strings should be plotted as numbers, cast to the appropriate data type before plotting.
[2025-03-09T12:10:45.598+0000] {subprocess.py:93} INFO - 2025-03-09 12:10:45,597 : INFO : Using categorical units to plot a list of strings that are all parsable as floats or dates. If these strings should be plotted as numbers, cast to the appropriate data type before plotting.
[2025-03-09T12:10:45.615+0000] {subprocess.py:93} INFO - 2025-03-09 12:10:45,615 : INFO : Using categorical units to plot a list of strings that are all parsable as floats or dates. If these strings should be plotted as numbers, cast to the appropriate data type before plotting.
[2025-03-09T12:10:45.698+0000] {subprocess.py:93} INFO - 2025-03-09 12:10:45,698 : INFO : Using categorical units to plot a list of strings that are all parsable as floats or dates. If these strings should be plotted as numbers, cast to the appropriate data type before plotting.
[2025-03-09T12:10:45.717+0000] {subprocess.py:93} INFO - 2025-03-09 12:10:45,717 : INFO : Using categorical units to plot a list of strings that are all parsable as floats or dates. If these strings should be plotted as numbers, cast to the appropriate data type before plotting.
[2025-03-09T12:10:45.903+0000] {subprocess.py:93} INFO - 2025-03-09 12:10:45,903 : INFO : Using categorical units to plot a list of strings that are all parsable as floats or dates. If these strings should be plotted as numbers, cast to the appropriate data type before plotting.
[2025-03-09T12:10:45.919+0000] {subprocess.py:93} INFO - 2025-03-09 12:10:45,919 : INFO : Using categorical units to plot a list of strings that are all parsable as floats or dates. If these strings should be plotted as numbers, cast to the appropriate data type before plotting.
[2025-03-09T12:10:46.322+0000] {subprocess.py:93} INFO - 2025-03-09 12:10:46,322 : INFO : Saved pdf in /opt/***/visualization/fintech1/09-03-2025/csv/plots.pdf
[2025-03-09T12:10:46.357+0000] {subprocess.py:93} INFO - 2025-03-09 12:10:46,356 : INFO : Starting data preparation for database_data.csv.
[2025-03-09T12:10:46.376+0000] {subprocess.py:93} INFO - 2025-03-09 12:10:46,376 : INFO : Dropping 'Estimated Salary' & 'Credit Score' with 0 & negative values
[2025-03-09T12:10:46.379+0000] {subprocess.py:93} INFO - 2025-03-09 12:10:46,379 : INFO : Handling 'Balance', 'EstimatedSalary' empty data with mean
[2025-03-09T12:10:46.380+0000] {subprocess.py:93} INFO - 2025-03-09 12:10:46,379 : INFO : Handling 'Tenure', 'Age' empty data with tenure + 18 in age and droping tenure with 0 values & negative values
[2025-03-09T12:10:46.380+0000] {subprocess.py:93} INFO - 2025-03-09 12:10:46,380 : INFO : Dropping 'Tenure' less than 0 and greater than 80
[2025-03-09T12:10:46.382+0000] {subprocess.py:93} INFO - 2025-03-09 12:10:46,382 : INFO : Handling 'Age' empty data
[2025-03-09T12:10:46.383+0000] {subprocess.py:93} INFO - 2025-03-09 12:10:46,383 : INFO : Dropping 'Age' less than 18 and greater than 110
[2025-03-09T12:10:46.386+0000] {subprocess.py:93} INFO - 2025-03-09 12:10:46,385 : INFO : Droping 'Surname' as it may lead to profiling, 'RowNumber', 'CustomerId' as it is not required
[2025-03-09T12:10:46.387+0000] {subprocess.py:93} INFO - 2025-03-09 12:10:46,387 : INFO : Making 'Geography', 'Gender' as categorical
[2025-03-09T12:10:46.392+0000] {subprocess.py:93} INFO - 2025-03-09 12:10:46,392 : INFO : Making 'HasCrCard', 'IsActiveMember', 'Exited' as integers
[2025-03-09T12:10:46.393+0000] {subprocess.py:93} INFO - 2025-03-09 12:10:46,393 : INFO : Saving data to S3.
[2025-03-09T12:10:46.394+0000] {subprocess.py:93} INFO - 2025-03-09 12:10:46,393 : INFO : Directory created at /opt/***/data/cleaned/fintech2/09-03-2025/database
[2025-03-09T12:10:46.465+0000] {subprocess.py:93} INFO - 2025-03-09 12:10:46,465 : INFO : Connected to s3
[2025-03-09T12:10:49.033+0000] {subprocess.py:93} INFO - 2025-03-09 12:10:49,033 : INFO : File uploaded to S3
[2025-03-09T12:10:49.034+0000] {subprocess.py:93} INFO - 2025-03-09 12:10:49,034 : INFO : Creating Pie chart
[2025-03-09T12:10:49.082+0000] {subprocess.py:93} INFO - 2025-03-09 12:10:49,082 : INFO : Generating histogram for column CreditScore.
[2025-03-09T12:10:49.156+0000] {subprocess.py:93} INFO - 2025-03-09 12:10:49,155 : INFO : Generating histogram for column Geography.
[2025-03-09T12:10:49.238+0000] {subprocess.py:93} INFO - 2025-03-09 12:10:49,238 : INFO : Generating histogram for column Gender.
[2025-03-09T12:10:49.305+0000] {subprocess.py:93} INFO - 2025-03-09 12:10:49,305 : INFO : Generating histogram for column Age.
[2025-03-09T12:10:49.399+0000] {subprocess.py:93} INFO - 2025-03-09 12:10:49,399 : INFO : Generating histogram for column Tenure.
[2025-03-09T12:10:49.492+0000] {subprocess.py:93} INFO - 2025-03-09 12:10:49,491 : INFO : Generating histogram for column Balance.
[2025-03-09T12:10:49.612+0000] {subprocess.py:93} INFO - 2025-03-09 12:10:49,612 : INFO : Generating histogram for column NumOfProducts.
[2025-03-09T12:10:49.732+0000] {subprocess.py:93} INFO - 2025-03-09 12:10:49,732 : INFO : Generating histogram for column HasCrCard.
[2025-03-09T12:10:49.887+0000] {subprocess.py:93} INFO - 2025-03-09 12:10:49,887 : INFO : Generating histogram for column IsActiveMember.
[2025-03-09T12:10:50.037+0000] {subprocess.py:93} INFO - 2025-03-09 12:10:50,036 : INFO : Generating histogram for column EstimatedSalary.
[2025-03-09T12:10:50.211+0000] {subprocess.py:93} INFO - 2025-03-09 12:10:50,211 : INFO : Generating histogram for column Exited.
[2025-03-09T12:10:50.366+0000] {subprocess.py:93} INFO - 2025-03-09 12:10:50,366 : INFO : Generating histogram for relation of Exited with Categorical data.
[2025-03-09T12:10:50.638+0000] {subprocess.py:93} INFO - 2025-03-09 12:10:50,638 : INFO : Using categorical units to plot a list of strings that are all parsable as floats or dates. If these strings should be plotted as numbers, cast to the appropriate data type before plotting.
[2025-03-09T12:10:50.653+0000] {subprocess.py:93} INFO - 2025-03-09 12:10:50,652 : INFO : Using categorical units to plot a list of strings that are all parsable as floats or dates. If these strings should be plotted as numbers, cast to the appropriate data type before plotting.
[2025-03-09T12:10:50.722+0000] {subprocess.py:93} INFO - 2025-03-09 12:10:50,722 : INFO : Using categorical units to plot a list of strings that are all parsable as floats or dates. If these strings should be plotted as numbers, cast to the appropriate data type before plotting.
[2025-03-09T12:10:50.742+0000] {subprocess.py:93} INFO - 2025-03-09 12:10:50,742 : INFO : Using categorical units to plot a list of strings that are all parsable as floats or dates. If these strings should be plotted as numbers, cast to the appropriate data type before plotting.
[2025-03-09T12:10:50.786+0000] {subprocess.py:93} INFO - 2025-03-09 12:10:50,786 : INFO : Generating box plots for relation of Exited with non Categorical data.
[2025-03-09T12:10:51.046+0000] {subprocess.py:93} INFO - 2025-03-09 12:10:51,046 : INFO : Using categorical units to plot a list of strings that are all parsable as floats or dates. If these strings should be plotted as numbers, cast to the appropriate data type before plotting.
[2025-03-09T12:10:51.060+0000] {subprocess.py:93} INFO - 2025-03-09 12:10:51,060 : INFO : Using categorical units to plot a list of strings that are all parsable as floats or dates. If these strings should be plotted as numbers, cast to the appropriate data type before plotting.
[2025-03-09T12:10:51.132+0000] {subprocess.py:93} INFO - 2025-03-09 12:10:51,131 : INFO : Using categorical units to plot a list of strings that are all parsable as floats or dates. If these strings should be plotted as numbers, cast to the appropriate data type before plotting.
[2025-03-09T12:10:51.147+0000] {subprocess.py:93} INFO - 2025-03-09 12:10:51,147 : INFO : Using categorical units to plot a list of strings that are all parsable as floats or dates. If these strings should be plotted as numbers, cast to the appropriate data type before plotting.
[2025-03-09T12:10:51.237+0000] {subprocess.py:93} INFO - 2025-03-09 12:10:51,237 : INFO : Using categorical units to plot a list of strings that are all parsable as floats or dates. If these strings should be plotted as numbers, cast to the appropriate data type before plotting.
[2025-03-09T12:10:51.250+0000] {subprocess.py:93} INFO - 2025-03-09 12:10:51,250 : INFO : Using categorical units to plot a list of strings that are all parsable as floats or dates. If these strings should be plotted as numbers, cast to the appropriate data type before plotting.
[2025-03-09T12:10:51.326+0000] {subprocess.py:93} INFO - 2025-03-09 12:10:51,326 : INFO : Using categorical units to plot a list of strings that are all parsable as floats or dates. If these strings should be plotted as numbers, cast to the appropriate data type before plotting.
[2025-03-09T12:10:51.341+0000] {subprocess.py:93} INFO - 2025-03-09 12:10:51,340 : INFO : Using categorical units to plot a list of strings that are all parsable as floats or dates. If these strings should be plotted as numbers, cast to the appropriate data type before plotting.
[2025-03-09T12:10:51.418+0000] {subprocess.py:93} INFO - 2025-03-09 12:10:51,418 : INFO : Using categorical units to plot a list of strings that are all parsable as floats or dates. If these strings should be plotted as numbers, cast to the appropriate data type before plotting.
[2025-03-09T12:10:51.435+0000] {subprocess.py:93} INFO - 2025-03-09 12:10:51,434 : INFO : Using categorical units to plot a list of strings that are all parsable as floats or dates. If these strings should be plotted as numbers, cast to the appropriate data type before plotting.
[2025-03-09T12:10:51.514+0000] {subprocess.py:93} INFO - 2025-03-09 12:10:51,514 : INFO : Using categorical units to plot a list of strings that are all parsable as floats or dates. If these strings should be plotted as numbers, cast to the appropriate data type before plotting.
[2025-03-09T12:10:51.529+0000] {subprocess.py:93} INFO - 2025-03-09 12:10:51,528 : INFO : Using categorical units to plot a list of strings that are all parsable as floats or dates. If these strings should be plotted as numbers, cast to the appropriate data type before plotting.
[2025-03-09T12:10:51.931+0000] {subprocess.py:93} INFO - 2025-03-09 12:10:51,930 : INFO : Saved pdf in /opt/***/visualization/fintech2/09-03-2025/database/plots.pdf
[2025-03-09T12:10:54.145+0000] {subprocess.py:93} INFO - 
[2025-03-09T12:10:54.146+0000] {subprocess.py:93} INFO - To track the changes with git, run:
[2025-03-09T12:10:54.146+0000] {subprocess.py:93} INFO - 
[2025-03-09T12:10:54.146+0000] {subprocess.py:93} INFO - 	git add data/cleaned.dvc
[2025-03-09T12:10:54.146+0000] {subprocess.py:93} INFO - 
[2025-03-09T12:10:54.146+0000] {subprocess.py:93} INFO - To enable auto staging, run:
[2025-03-09T12:10:54.146+0000] {subprocess.py:93} INFO - 
[2025-03-09T12:10:54.147+0000] {subprocess.py:93} INFO - 	dvc config core.autostage true
[2025-03-09T12:10:54.485+0000] {subprocess.py:93} INFO - /bin/bash: line 2:  : command not found
[2025-03-09T12:10:54.518+0000] {subprocess.py:93} INFO - On branch main
[2025-03-09T12:10:54.519+0000] {subprocess.py:93} INFO - Your branch is up to date with 'origin/main'.
[2025-03-09T12:10:54.519+0000] {subprocess.py:93} INFO - 
[2025-03-09T12:10:54.519+0000] {subprocess.py:93} INFO - Changes to be committed:
[2025-03-09T12:10:54.520+0000] {subprocess.py:93} INFO -   (use "git restore --staged <file>..." to unstage)
[2025-03-09T12:10:54.520+0000] {subprocess.py:93} INFO - 	new file:   logs/dag_id=customer_churn_ml_pipeline/run_id=manual__2025-03-09T12:09:46.285124+00:00/task_id=data_preparation_task/attempt=1.log
[2025-03-09T12:10:54.520+0000] {subprocess.py:93} INFO - 	modified:   logs/dag_id=customer_churn_ml_pipeline/run_id=manual__2025-03-09T12:09:46.285124+00:00/task_id=data_validation_task/attempt=1.log
[2025-03-09T12:10:54.520+0000] {subprocess.py:93} INFO - 	modified:   logs/dag_processor_manager/dag_processor_manager.log
[2025-03-09T12:10:54.520+0000] {subprocess.py:93} INFO - 	modified:   logs/data_preparation.log
[2025-03-09T12:10:54.520+0000] {subprocess.py:93} INFO - 	modified:   logs/scheduler/2025-03-09/customer_churn.py.log
[2025-03-09T12:10:54.521+0000] {subprocess.py:93} INFO - 	modified:   visualization/fintech1/09-03-2025/csv/plots.pdf
[2025-03-09T12:10:54.521+0000] {subprocess.py:93} INFO - 	modified:   visualization/fintech2/09-03-2025/database/plots.pdf
[2025-03-09T12:10:54.521+0000] {subprocess.py:93} INFO - 
[2025-03-09T12:10:54.521+0000] {subprocess.py:93} INFO - Changes not staged for commit:
[2025-03-09T12:10:54.521+0000] {subprocess.py:93} INFO -   (use "git add <file>..." to update what will be committed)
[2025-03-09T12:10:54.521+0000] {subprocess.py:93} INFO -   (use "git restore <file>..." to discard changes in working directory)
[2025-03-09T12:10:54.521+0000] {subprocess.py:93} INFO - 	modified:   logs/dag_id=customer_churn_ml_pipeline/run_id=manual__2025-03-09T12:09:46.285124+00:00/task_id=data_preparation_task/attempt=1.log
[2025-03-09T12:10:54.522+0000] {subprocess.py:93} INFO - 
[2025-03-09T12:10:54.522+0000] {subprocess.py:93} INFO - Untracked files:
[2025-03-09T12:10:54.522+0000] {subprocess.py:93} INFO -   (use "git add <file>..." to include in what will be committed)
[2025-03-09T12:10:54.522+0000] {subprocess.py:93} INFO - 	customer_churn_stats/feature_repo/data/online_store.db
[2025-03-09T12:10:54.522+0000] {subprocess.py:93} INFO - 	customer_churn_stats/feature_repo/data/registry.db
[2025-03-09T12:10:54.522+0000] {subprocess.py:93} INFO - 	mlartifacts/
[2025-03-09T12:10:54.523+0000] {subprocess.py:93} INFO - 	models/
[2025-03-09T12:10:54.523+0000] {subprocess.py:93} INFO - 	online.db
[2025-03-09T12:10:54.523+0000] {subprocess.py:93} INFO - 
[2025-03-09T12:10:54.618+0000] {subprocess.py:93} INFO - [main 01f0424] Updated cleaned data version
[2025-03-09T12:10:54.619+0000] {subprocess.py:93} INFO -  7 files changed, 253 insertions(+)
[2025-03-09T12:10:54.619+0000] {subprocess.py:93} INFO -  create mode 100644 logs/dag_id=customer_churn_ml_pipeline/run_id=manual__2025-03-09T12:09:46.285124+00:00/task_id=data_preparation_task/attempt=1.log
[2025-03-09T12:11:01.094+0000] {subprocess.py:93} INFO - Everything is up to date.
[2025-03-09T12:11:03.132+0000] {subprocess.py:93} INFO - To https://github.com/anniemathew-trial/customer_churn_pipeline.git
[2025-03-09T12:11:03.133+0000] {subprocess.py:93} INFO -    660e473..01f0424  main -> main
[2025-03-09T12:11:03.138+0000] {subprocess.py:97} INFO - Command exited with return code 0
[2025-03-09T12:11:03.172+0000] {taskinstance.py:1400} INFO - Marking task as SUCCESS. dag_id=customer_churn_ml_pipeline, task_id=data_preparation_task, execution_date=20250309T120946, start_date=20250309T121037, end_date=20250309T121103
[2025-03-09T12:11:03.221+0000] {local_task_job_runner.py:228} INFO - Task exited with return code 0
[2025-03-09T12:11:03.261+0000] {taskinstance.py:2778} INFO - 1 downstream tasks scheduled from follow-on schedule check
