[2025-03-01T17:05:19.547+0000] {taskinstance.py:1159} INFO - Dependencies all met for dep_context=non-requeueable deps ti=<TaskInstance: customer_churn_ml_pipeline.data_ingestion_task manual__2025-03-01T17:05:10.374103+00:00 [queued]>
[2025-03-01T17:05:19.565+0000] {taskinstance.py:1159} INFO - Dependencies all met for dep_context=requeueable deps ti=<TaskInstance: customer_churn_ml_pipeline.data_ingestion_task manual__2025-03-01T17:05:10.374103+00:00 [queued]>
[2025-03-01T17:05:19.566+0000] {taskinstance.py:1361} INFO - Starting attempt 1 of 1
[2025-03-01T17:05:19.591+0000] {taskinstance.py:1382} INFO - Executing <Task(BashOperator): data_ingestion_task> on 2025-03-01 17:05:10.374103+00:00
[2025-03-01T17:05:19.599+0000] {standard_task_runner.py:57} INFO - Started process 18542 to run task
[2025-03-01T17:05:19.605+0000] {standard_task_runner.py:84} INFO - Running: ['***', 'tasks', 'run', 'customer_churn_ml_pipeline', 'data_ingestion_task', 'manual__2025-03-01T17:05:10.374103+00:00', '--job-id', '193', '--raw', '--subdir', 'DAGS_FOLDER/customer_churn.py', '--cfg-path', '/tmp/tmplb5h6g7g']
[2025-03-01T17:05:19.609+0000] {standard_task_runner.py:85} INFO - Job 193: Subtask data_ingestion_task
[2025-03-01T17:05:19.641+0000] {logging_mixin.py:154} WARNING - /home/***/.local/lib/python3.8/site-packages/***/settings.py:195 DeprecationWarning: The sql_alchemy_conn option in [core] has been moved to the sql_alchemy_conn option in [database] - the old setting has been used, but please update your config.
[2025-03-01T17:05:19.714+0000] {task_command.py:416} INFO - Running <TaskInstance: customer_churn_ml_pipeline.data_ingestion_task manual__2025-03-01T17:05:10.374103+00:00 [running]> on host 7e994a0ed489
[2025-03-01T17:05:19.883+0000] {taskinstance.py:1662} INFO - Exporting env vars: AIRFLOW_CTX_DAG_OWNER='***' AIRFLOW_CTX_DAG_ID='customer_churn_ml_pipeline' AIRFLOW_CTX_TASK_ID='data_ingestion_task' AIRFLOW_CTX_EXECUTION_DATE='2025-03-01T17:05:10.374103+00:00' AIRFLOW_CTX_TRY_NUMBER='1' AIRFLOW_CTX_DAG_RUN_ID='manual__2025-03-01T17:05:10.374103+00:00'
[2025-03-01T17:05:19.886+0000] {subprocess.py:63} INFO - Tmp dir root location: /tmp
[2025-03-01T17:05:19.892+0000] {subprocess.py:75} INFO - Running command: ['/bin/bash', '-c', 'python /opt/***/executables/data_ingestion.py && \t\t\tcd /opt/*** && \t\t\tgit rm -r --cached \'data/raw\'\n\t\t\tgit commit -m "stop tracking data/raw"\n                        dvc add /opt/***/data/raw &&                         git add /opt/***/data/raw.dvc && \t\t\tgit add logs &&                        git commit -m "Updated raw data version" -a &&                         dvc push && git push\n                    ']
[2025-03-01T17:05:19.908+0000] {subprocess.py:86} INFO - Output:
[2025-03-01T17:05:21.449+0000] {subprocess.py:93} INFO - 2025-03-01 17:05:21,448 : INFO : Reading data from CSV file customer_data.csv
[2025-03-01T17:05:21.575+0000] {subprocess.py:93} INFO - 2025-03-01 17:05:21,574 : INFO : Data from CSV customer_data.csv ingested successfully!
[2025-03-01T17:05:21.575+0000] {subprocess.py:93} INFO - 2025-03-01 17:05:21,575 : INFO : Connecting to Database
[2025-03-01T17:05:21.602+0000] {subprocess.py:93} INFO - 2025-03-01 17:05:21,602 : INFO : Connecting to Database Successfull
[2025-03-01T17:05:21.603+0000] {subprocess.py:93} INFO - 2025-03-01 17:05:21,602 : INFO : Reading data from database.
[2025-03-01T17:05:22.163+0000] {subprocess.py:93} INFO - /opt/***/executables/data_ingestion.py:46: UserWarning: pandas only supports SQLAlchemy connectable (engine/connection) or database string URI or sqlite3 DBAPI2 connection. Other DBAPI2 objects are not tested. Please consider using SQLAlchemy.
[2025-03-01T17:05:22.164+0000] {subprocess.py:93} INFO -   data = pd.read_sql(query, connection)
[2025-03-01T17:05:22.165+0000] {subprocess.py:93} INFO - 2025-03-01 17:05:22,163 : INFO : Data from Database ingested successfully!
[2025-03-01T17:05:22.293+0000] {subprocess.py:93} INFO - fatal: pathspec 'data/raw' did not match any files
[2025-03-01T17:05:22.308+0000] {subprocess.py:93} INFO - On branch main
[2025-03-01T17:05:22.308+0000] {subprocess.py:93} INFO - Your branch is up to date with 'origin/main'.
[2025-03-01T17:05:22.308+0000] {subprocess.py:93} INFO - 
[2025-03-01T17:05:22.309+0000] {subprocess.py:93} INFO - Last command done (1 command done):
[2025-03-01T17:05:22.309+0000] {subprocess.py:93} INFO -    pick 3c82e37 Initial Commit
[2025-03-01T17:05:22.309+0000] {subprocess.py:93} INFO - No commands remaining.
[2025-03-01T17:05:22.310+0000] {subprocess.py:93} INFO - You are currently editing a commit while rebasing branch 'master' on 'f6df714'.
[2025-03-01T17:05:22.310+0000] {subprocess.py:93} INFO -   (use "git commit --amend" to amend the current commit)
[2025-03-01T17:05:22.310+0000] {subprocess.py:93} INFO -   (use "git rebase --continue" once you are satisfied with your changes)
[2025-03-01T17:05:22.310+0000] {subprocess.py:93} INFO - 
[2025-03-01T17:05:22.310+0000] {subprocess.py:93} INFO - Changes not staged for commit:
[2025-03-01T17:05:22.311+0000] {subprocess.py:93} INFO -   (use "git add <file>..." to update what will be committed)
[2025-03-01T17:05:22.311+0000] {subprocess.py:93} INFO -   (use "git restore <file>..." to discard changes in working directory)
[2025-03-01T17:05:22.311+0000] {subprocess.py:93} INFO - 	modified:   logs/dag_id=customer_churn_ml_pipeline/run_id=manual__2025-03-01T16:55:41.208875+00:00/task_id=model_training_task/attempt=1.log
[2025-03-01T17:05:22.311+0000] {subprocess.py:93} INFO - 	modified:   logs/dag_processor_manager/dag_processor_manager.log
[2025-03-01T17:05:22.311+0000] {subprocess.py:93} INFO - 	modified:   logs/data_ingestion.log
[2025-03-01T17:05:22.312+0000] {subprocess.py:93} INFO - 	modified:   logs/scheduler/2025-03-01/customer_churn.py.log
[2025-03-01T17:05:22.312+0000] {subprocess.py:93} INFO - 
[2025-03-01T17:05:22.312+0000] {subprocess.py:93} INFO - Untracked files:
[2025-03-01T17:05:22.312+0000] {subprocess.py:93} INFO -   (use "git add <file>..." to include in what will be committed)
[2025-03-01T17:05:22.312+0000] {subprocess.py:93} INFO - 	customer_churn_stats/feature_repo/data/
[2025-03-01T17:05:22.312+0000] {subprocess.py:93} INFO - 	logs/dag_id=customer_churn_ml_pipeline/run_id=manual__2025-03-01T17:05:10.374103+00:00/
[2025-03-01T17:05:22.313+0000] {subprocess.py:93} INFO - 	mlruns/mlartifacts/0/520a00d6a9bb4c7a865d8c1aaebaea3d/
[2025-03-01T17:05:22.313+0000] {subprocess.py:93} INFO - 	mlruns/mlartifacts/0/8bd540df51614b6a9fb9ecaabd136a62/
[2025-03-01T17:05:22.313+0000] {subprocess.py:93} INFO - 	mlruns/mlartifacts/0/9b59da5e995e4853bd2819c7cc49ed54/
[2025-03-01T17:05:22.313+0000] {subprocess.py:93} INFO - 	mlruns/mlruns/0/520a00d6a9bb4c7a865d8c1aaebaea3d/
[2025-03-01T17:05:22.313+0000] {subprocess.py:93} INFO - 	mlruns/mlruns/0/8bd540df51614b6a9fb9ecaabd136a62/
[2025-03-01T17:05:22.314+0000] {subprocess.py:93} INFO - 	mlruns/mlruns/0/9b59da5e995e4853bd2819c7cc49ed54/
[2025-03-01T17:05:22.314+0000] {subprocess.py:93} INFO - 	models/
[2025-03-01T17:05:22.314+0000] {subprocess.py:93} INFO - 
[2025-03-01T17:05:22.314+0000] {subprocess.py:93} INFO - no changes added to commit (use "git add" and/or "git commit -a")
[2025-03-01T17:05:24.617+0000] {subprocess.py:93} INFO - 
[2025-03-01T17:05:24.618+0000] {subprocess.py:93} INFO - To track the changes with git, run:
[2025-03-01T17:05:24.618+0000] {subprocess.py:93} INFO - 
[2025-03-01T17:05:24.618+0000] {subprocess.py:93} INFO - 	git add data/raw.dvc
[2025-03-01T17:05:24.618+0000] {subprocess.py:93} INFO - 
[2025-03-01T17:05:24.618+0000] {subprocess.py:93} INFO - To enable auto staging, run:
[2025-03-01T17:05:24.619+0000] {subprocess.py:93} INFO - 
[2025-03-01T17:05:24.620+0000] {subprocess.py:93} INFO - 	dvc config core.autostage true
[2025-03-01T17:05:25.153+0000] {subprocess.py:93} INFO - [main db71e35] Updated raw data version
[2025-03-01T17:05:25.153+0000] {subprocess.py:93} INFO -  6 files changed, 369 insertions(+)
[2025-03-01T17:05:25.153+0000] {subprocess.py:93} INFO -  create mode 100644 logs/dag_id=customer_churn_ml_pipeline/run_id=manual__2025-03-01T17:05:10.374103+00:00/task_id=data_ingestion_task/attempt=1.log
[2025-03-01T17:05:25.154+0000] {subprocess.py:93} INFO -  create mode 100644 logs/dag_id=customer_churn_ml_pipeline/run_id=manual__2025-03-01T17:05:10.374103+00:00/task_id=pull_latest_codes/attempt=1.log
[2025-03-01T17:05:31.989+0000] {subprocess.py:93} INFO - Everything is up to date.
[2025-03-01T17:05:33.878+0000] {subprocess.py:93} INFO - To https://github.com/anniemathew-trial/customer_churn_pipeline.git
[2025-03-01T17:05:33.878+0000] {subprocess.py:93} INFO -    4f6b6d5..db71e35  main -> main
[2025-03-01T17:05:33.883+0000] {subprocess.py:97} INFO - Command exited with return code 0
[2025-03-01T17:05:33.920+0000] {taskinstance.py:1400} INFO - Marking task as SUCCESS. dag_id=customer_churn_ml_pipeline, task_id=data_ingestion_task, execution_date=20250301T170510, start_date=20250301T170519, end_date=20250301T170533
[2025-03-01T17:05:33.961+0000] {local_task_job_runner.py:228} INFO - Task exited with return code 0
[2025-03-01T17:05:33.997+0000] {taskinstance.py:2778} INFO - 1 downstream tasks scheduled from follow-on schedule check
