[2025-03-02T06:21:58.242+0000] {taskinstance.py:1159} INFO - Dependencies all met for dep_context=non-requeueable deps ti=<TaskInstance: customer_churn_ml_pipeline.data_transformation_task manual__2025-03-02T06:21:09.399789+00:00 [queued]>
[2025-03-02T06:21:58.256+0000] {taskinstance.py:1159} INFO - Dependencies all met for dep_context=requeueable deps ti=<TaskInstance: customer_churn_ml_pipeline.data_transformation_task manual__2025-03-02T06:21:09.399789+00:00 [queued]>
[2025-03-02T06:21:58.256+0000] {taskinstance.py:1361} INFO - Starting attempt 1 of 1
[2025-03-02T06:21:58.277+0000] {taskinstance.py:1382} INFO - Executing <Task(BashOperator): data_transformation_task> on 2025-03-02 06:21:09.399789+00:00
[2025-03-02T06:21:58.282+0000] {standard_task_runner.py:57} INFO - Started process 3513 to run task
[2025-03-02T06:21:58.285+0000] {standard_task_runner.py:84} INFO - Running: ['***', 'tasks', 'run', 'customer_churn_ml_pipeline', 'data_transformation_task', 'manual__2025-03-02T06:21:09.399789+00:00', '--job-id', '239', '--raw', '--subdir', 'DAGS_FOLDER/customer_churn.py', '--cfg-path', '/tmp/tmpvz_6cwp8']
[2025-03-02T06:21:58.287+0000] {standard_task_runner.py:85} INFO - Job 239: Subtask data_transformation_task
[2025-03-02T06:21:58.312+0000] {logging_mixin.py:154} WARNING - /home/***/.local/lib/python3.8/site-packages/***/settings.py:195 DeprecationWarning: The sql_alchemy_conn option in [core] has been moved to the sql_alchemy_conn option in [database] - the old setting has been used, but please update your config.
[2025-03-02T06:21:58.368+0000] {task_command.py:416} INFO - Running <TaskInstance: customer_churn_ml_pipeline.data_transformation_task manual__2025-03-02T06:21:09.399789+00:00 [running]> on host 7e994a0ed489
[2025-03-02T06:21:58.514+0000] {taskinstance.py:1662} INFO - Exporting env vars: AIRFLOW_CTX_DAG_OWNER='***' AIRFLOW_CTX_DAG_ID='customer_churn_ml_pipeline' AIRFLOW_CTX_TASK_ID='data_transformation_task' AIRFLOW_CTX_EXECUTION_DATE='2025-03-02T06:21:09.399789+00:00' AIRFLOW_CTX_TRY_NUMBER='1' AIRFLOW_CTX_DAG_RUN_ID='manual__2025-03-02T06:21:09.399789+00:00'
[2025-03-02T06:21:58.516+0000] {subprocess.py:63} INFO - Tmp dir root location: /tmp
[2025-03-02T06:21:58.517+0000] {subprocess.py:75} INFO - Running command: ['/bin/bash', '-c', '\n\t\t\tNOW=$(date \'+%d-%m-%Y\') &&\t\t\tcd /opt/*** &&                        dvc pull /opt/***/data/cleaned\n                        python /opt/***/executables/data_transformation.py &&                         dvc add /opt/***/data/transformed &&                         git add /opt/***/data/transformed.dvc && \t\t\tgit add logs &&                        git commit -m "Updated transformed data version" -a &&                         dvc push && git push\n                    ']
[2025-03-02T06:21:58.528+0000] {subprocess.py:86} INFO - Output:
[2025-03-02T06:22:03.208+0000] {subprocess.py:93} INFO - Everything is up to date.
[2025-03-02T06:22:06.676+0000] {subprocess.py:93} INFO - 2025-03-02 06:22:06,675 : INFO : Starting data preparation for csv.
[2025-03-02T06:22:06.709+0000] {subprocess.py:93} INFO - 2025-03-02 06:22:06,709 : INFO : Scaling 'Tenure', 'Balance', 'EstimatedSalary'.
[2025-03-02T06:22:06.716+0000] {subprocess.py:93} INFO - 2025-03-02 06:22:06,716 : INFO : Saving data to S3.
[2025-03-02T06:22:08.803+0000] {subprocess.py:93} INFO - 
[2025-03-02T06:22:08.804+0000] {subprocess.py:93} INFO - To track the changes with git, run:
[2025-03-02T06:22:08.804+0000] {subprocess.py:93} INFO - 
[2025-03-02T06:22:08.804+0000] {subprocess.py:93} INFO - 	git add data/transformed.dvc
[2025-03-02T06:22:08.805+0000] {subprocess.py:93} INFO - 
[2025-03-02T06:22:08.805+0000] {subprocess.py:93} INFO - To enable auto staging, run:
[2025-03-02T06:22:08.805+0000] {subprocess.py:93} INFO - 
[2025-03-02T06:22:08.805+0000] {subprocess.py:93} INFO - 	dvc config core.autostage true
[2025-03-02T06:22:09.085+0000] {subprocess.py:93} INFO - [main 2f38ca5] Updated transformed data version
[2025-03-02T06:22:09.086+0000] {subprocess.py:93} INFO -  5 files changed, 111 insertions(+)
[2025-03-02T06:22:09.086+0000] {subprocess.py:93} INFO -  create mode 100644 logs/dag_id=customer_churn_ml_pipeline/run_id=manual__2025-03-02T06:21:09.399789+00:00/task_id=data_preparation_task/attempt=1.log
[2025-03-02T06:22:09.086+0000] {subprocess.py:93} INFO -  create mode 100644 logs/dag_id=customer_churn_ml_pipeline/run_id=manual__2025-03-02T06:21:09.399789+00:00/task_id=data_transformation_task/attempt=1.log
[2025-03-02T06:22:09.086+0000] {subprocess.py:93} INFO -  create mode 100644 logs/dag_id=customer_churn_ml_pipeline/run_id=manual__2025-03-02T06:21:09.399789+00:00/task_id=data_validation_task/attempt=1.log
[2025-03-02T06:22:09.086+0000] {subprocess.py:93} INFO -  create mode 100644 logs/dag_id=customer_churn_ml_pipeline/run_id=manual__2025-03-02T06:21:09.399789+00:00/task_id=raw_data_storage_task/attempt=1.log
[2025-03-02T06:22:14.744+0000] {subprocess.py:93} INFO - Everything is up to date.
[2025-03-02T06:22:16.494+0000] {subprocess.py:93} INFO - To https://github.com/anniemathew-trial/customer_churn_pipeline.git
[2025-03-02T06:22:16.494+0000] {subprocess.py:93} INFO -  ! [remote rejected] main -> main (cannot lock ref 'refs/heads/main': is at 2b2976a4d6b666e84cd0a7cefebdc09cf3e76c92 but expected 39597be6497bd3cdf0b344e44d69bf3f66be6761)
[2025-03-02T06:22:16.494+0000] {subprocess.py:93} INFO - error: failed to push some refs to 'https://github.com/anniemathew-trial/customer_churn_pipeline.git'
[2025-03-02T06:22:16.495+0000] {subprocess.py:97} INFO - Command exited with return code 1
[2025-03-02T06:22:16.516+0000] {taskinstance.py:1937} ERROR - Task failed with exception
Traceback (most recent call last):
  File "/home/airflow/.local/lib/python3.8/site-packages/airflow/operators/bash.py", line 210, in execute
    raise AirflowException(
airflow.exceptions.AirflowException: Bash command failed. The command returned a non-zero exit code 1.
[2025-03-02T06:22:16.522+0000] {taskinstance.py:1400} INFO - Marking task as FAILED. dag_id=customer_churn_ml_pipeline, task_id=data_transformation_task, execution_date=20250302T062109, start_date=20250302T062158, end_date=20250302T062216
[2025-03-02T06:22:16.546+0000] {standard_task_runner.py:104} ERROR - Failed to execute job 239 for task data_transformation_task (Bash command failed. The command returned a non-zero exit code 1.; 3513)
[2025-03-02T06:22:16.563+0000] {local_task_job_runner.py:228} INFO - Task exited with return code 1
[2025-03-02T06:22:16.600+0000] {taskinstance.py:2778} INFO - 0 downstream tasks scheduled from follow-on schedule check
