[2025-03-01T16:28:39.415+0000] {taskinstance.py:1159} INFO - Dependencies all met for dep_context=non-requeueable deps ti=<TaskInstance: customer_churn_ml_pipeline.data_transformation_task manual__2025-03-01T16:27:21.347826+00:00 [queued]>
[2025-03-01T16:28:39.437+0000] {taskinstance.py:1159} INFO - Dependencies all met for dep_context=requeueable deps ti=<TaskInstance: customer_churn_ml_pipeline.data_transformation_task manual__2025-03-01T16:27:21.347826+00:00 [queued]>
[2025-03-01T16:28:39.438+0000] {taskinstance.py:1361} INFO - Starting attempt 1 of 1
[2025-03-01T16:28:39.474+0000] {taskinstance.py:1382} INFO - Executing <Task(BashOperator): data_transformation_task> on 2025-03-01 16:27:21.347826+00:00
[2025-03-01T16:28:39.482+0000] {standard_task_runner.py:57} INFO - Started process 15583 to run task
[2025-03-01T16:28:39.488+0000] {standard_task_runner.py:84} INFO - Running: ['***', 'tasks', 'run', 'customer_churn_ml_pipeline', 'data_transformation_task', 'manual__2025-03-01T16:27:21.347826+00:00', '--job-id', '149', '--raw', '--subdir', 'DAGS_FOLDER/customer_churn.py', '--cfg-path', '/tmp/tmpkn9kst14']
[2025-03-01T16:28:39.494+0000] {standard_task_runner.py:85} INFO - Job 149: Subtask data_transformation_task
[2025-03-01T16:28:39.533+0000] {logging_mixin.py:154} WARNING - /home/***/.local/lib/python3.8/site-packages/***/settings.py:195 DeprecationWarning: The sql_alchemy_conn option in [core] has been moved to the sql_alchemy_conn option in [database] - the old setting has been used, but please update your config.
[2025-03-01T16:28:39.623+0000] {task_command.py:416} INFO - Running <TaskInstance: customer_churn_ml_pipeline.data_transformation_task manual__2025-03-01T16:27:21.347826+00:00 [running]> on host 7e994a0ed489
[2025-03-01T16:28:39.842+0000] {taskinstance.py:1662} INFO - Exporting env vars: AIRFLOW_CTX_DAG_OWNER='***' AIRFLOW_CTX_DAG_ID='customer_churn_ml_pipeline' AIRFLOW_CTX_TASK_ID='data_transformation_task' AIRFLOW_CTX_EXECUTION_DATE='2025-03-01T16:27:21.347826+00:00' AIRFLOW_CTX_TRY_NUMBER='1' AIRFLOW_CTX_DAG_RUN_ID='manual__2025-03-01T16:27:21.347826+00:00'
[2025-03-01T16:28:39.844+0000] {subprocess.py:63} INFO - Tmp dir root location: /tmp
[2025-03-01T16:28:39.845+0000] {subprocess.py:75} INFO - Running command: ['/bin/bash', '-c', '\n\t\t\tcd /opt/***\n                        dvc pull /opt/***/data/cleaned\n                        python /opt/***/executables/data_transformation.py &&                         dvc add /opt/***/data/transformed &&                         git add /opt/***/data/transformed.dvc && \t\t\tgit add logs &&                        git commit -m "Updated transformed data version" -a &&                         dvc push && git push\n                    ']
[2025-03-01T16:28:39.862+0000] {subprocess.py:86} INFO - Output:
[2025-03-01T16:28:45.230+0000] {subprocess.py:93} INFO - Everything is up to date.
[2025-03-01T16:28:48.352+0000] {subprocess.py:93} INFO - 2025-03-01 16:28:48,351 : INFO : Starting data preparation for csv.
[2025-03-01T16:28:48.396+0000] {subprocess.py:93} INFO - 2025-03-01 16:28:48,395 : INFO : Scaling 'Tenure', 'Balance', 'EstimatedSalary'.
[2025-03-01T16:28:48.408+0000] {subprocess.py:93} INFO - 2025-03-01 16:28:48,408 : INFO : Saving data to S3.
[2025-03-01T16:28:51.053+0000] {subprocess.py:93} INFO - 
[2025-03-01T16:28:51.054+0000] {subprocess.py:93} INFO - To track the changes with git, run:
[2025-03-01T16:28:51.054+0000] {subprocess.py:93} INFO - 
[2025-03-01T16:28:51.056+0000] {subprocess.py:93} INFO - 	git add data/transformed.dvc
[2025-03-01T16:28:51.056+0000] {subprocess.py:93} INFO - 
[2025-03-01T16:28:51.057+0000] {subprocess.py:93} INFO - To enable auto staging, run:
[2025-03-01T16:28:51.057+0000] {subprocess.py:93} INFO - 
[2025-03-01T16:28:51.057+0000] {subprocess.py:93} INFO - 	dvc config core.autostage true
[2025-03-01T16:28:51.608+0000] {subprocess.py:93} INFO - [main c4b32c7] Updated transformed data version
[2025-03-01T16:28:51.608+0000] {subprocess.py:93} INFO -  5 files changed, 53 insertions(+)
[2025-03-01T16:28:51.609+0000] {subprocess.py:93} INFO -  create mode 100644 logs/dag_id=customer_churn_ml_pipeline/run_id=manual__2025-03-01T16:27:21.347826+00:00/task_id=data_transformation_task/attempt=1.log
[2025-03-01T16:28:59.881+0000] {subprocess.py:93} INFO - Everything is up to date.
[2025-03-01T16:29:01.738+0000] {subprocess.py:93} INFO - To https://github.com/anniemathew-trial/customer_churn_pipeline.git
[2025-03-01T16:29:01.739+0000] {subprocess.py:93} INFO -    516c7e7..c4b32c7  main -> main
[2025-03-01T16:29:01.749+0000] {subprocess.py:97} INFO - Command exited with return code 0
[2025-03-01T16:29:01.823+0000] {taskinstance.py:1400} INFO - Marking task as SUCCESS. dag_id=customer_churn_ml_pipeline, task_id=data_transformation_task, execution_date=20250301T162721, start_date=20250301T162839, end_date=20250301T162901
[2025-03-01T16:29:01.892+0000] {local_task_job_runner.py:228} INFO - Task exited with return code 0
[2025-03-01T16:29:01.957+0000] {taskinstance.py:2778} INFO - 1 downstream tasks scheduled from follow-on schedule check
