[2025-03-01T10:46:51.957+0000] {taskinstance.py:1159} INFO - Dependencies all met for dep_context=non-requeueable deps ti=<TaskInstance: customer_churn_ml_pipeline.data_preparation_task manual__2025-03-01T10:46:17.708364+00:00 [queued]>
[2025-03-01T10:46:51.970+0000] {taskinstance.py:1159} INFO - Dependencies all met for dep_context=requeueable deps ti=<TaskInstance: customer_churn_ml_pipeline.data_preparation_task manual__2025-03-01T10:46:17.708364+00:00 [queued]>
[2025-03-01T10:46:51.970+0000] {taskinstance.py:1361} INFO - Starting attempt 1 of 1
[2025-03-01T10:46:51.989+0000] {taskinstance.py:1382} INFO - Executing <Task(BashOperator): data_preparation_task> on 2025-03-01 10:46:17.708364+00:00
[2025-03-01T10:46:51.993+0000] {standard_task_runner.py:57} INFO - Started process 11666 to run task
[2025-03-01T10:46:51.996+0000] {standard_task_runner.py:84} INFO - Running: ['***', 'tasks', 'run', 'customer_churn_ml_pipeline', 'data_preparation_task', 'manual__2025-03-01T10:46:17.708364+00:00', '--job-id', '99', '--raw', '--subdir', 'DAGS_FOLDER/customer_churn.py', '--cfg-path', '/tmp/tmpa1xrnrrr']
[2025-03-01T10:46:51.999+0000] {standard_task_runner.py:85} INFO - Job 99: Subtask data_preparation_task
[2025-03-01T10:46:52.021+0000] {logging_mixin.py:154} WARNING - /home/***/.local/lib/python3.8/site-packages/***/settings.py:195 DeprecationWarning: The sql_alchemy_conn option in [core] has been moved to the sql_alchemy_conn option in [database] - the old setting has been used, but please update your config.
[2025-03-01T10:46:52.064+0000] {task_command.py:416} INFO - Running <TaskInstance: customer_churn_ml_pipeline.data_preparation_task manual__2025-03-01T10:46:17.708364+00:00 [running]> on host 7e994a0ed489
[2025-03-01T10:46:52.203+0000] {taskinstance.py:1662} INFO - Exporting env vars: AIRFLOW_CTX_DAG_OWNER='***' AIRFLOW_CTX_DAG_ID='customer_churn_ml_pipeline' AIRFLOW_CTX_TASK_ID='data_preparation_task' AIRFLOW_CTX_EXECUTION_DATE='2025-03-01T10:46:17.708364+00:00' AIRFLOW_CTX_TRY_NUMBER='1' AIRFLOW_CTX_DAG_RUN_ID='manual__2025-03-01T10:46:17.708364+00:00'
[2025-03-01T10:46:52.204+0000] {subprocess.py:63} INFO - Tmp dir root location: /tmp
[2025-03-01T10:46:52.205+0000] {subprocess.py:75} INFO - Running command: ['/bin/bash', '-c', '\n\t\t\tcd /opt/***\n\t\t\tpython /opt/***/executables/data_preparation.py &&                         dvc add /opt/***/data/cleaned &&                         git add /opt/***/data/cleaned.dvc && \t\t\tgit add logs &&                        git commit -m "Updated cleaned data version" -a &&                         dvc push && git push\n                    ']
[2025-03-01T10:46:52.213+0000] {subprocess.py:86} INFO - Output:
[2025-03-01T10:46:54.432+0000] {subprocess.py:93} INFO - 2025-03-01 10:46:54,432 : INFO : Starting data preparation for csv.
[2025-03-01T10:46:54.454+0000] {subprocess.py:93} INFO - 2025-03-01 10:46:54,454 : INFO : Handling 'Tenure', 'Balance', 'EstimatedSalary' empty data
[2025-03-01T10:46:54.454+0000] {subprocess.py:93} INFO - 2025-03-01 10:46:54,454 : INFO : Handling 'Age' empty data
[2025-03-01T10:46:54.456+0000] {subprocess.py:93} INFO - 2025-03-01 10:46:54,455 : INFO : Droping 'Surname' as it may lead to profiling, 'RowNumber', 'CustomerId' as it is not required
[2025-03-01T10:46:54.457+0000] {subprocess.py:93} INFO - 2025-03-01 10:46:54,457 : INFO : Making 'Geography', 'Gender', 'HasCrCard', 'IsActiveMember' as categorical
[2025-03-01T10:46:54.466+0000] {subprocess.py:93} INFO - 2025-03-01 10:46:54,465 : INFO : Saving data to S3.
[2025-03-01T10:46:54.523+0000] {subprocess.py:93} INFO - 2025-03-01 10:46:54,523 : INFO : Saving report to S3.
[2025-03-01T10:46:54.524+0000] {subprocess.py:93} INFO - 2025-03-01 10:46:54,524 : INFO : Creating Pie chart
[2025-03-01T10:46:54.613+0000] {subprocess.py:93} INFO - 2025-03-01 10:46:54,613 : INFO : Generating histogram for column CreditScore.
[2025-03-01T10:46:54.885+0000] {subprocess.py:93} INFO - 2025-03-01 10:46:54,885 : INFO : Generating histogram for column Geography.
[2025-03-01T10:46:55.060+0000] {subprocess.py:93} INFO - 2025-03-01 10:46:55,058 : INFO : Generating histogram for column Gender.
[2025-03-01T10:46:55.317+0000] {subprocess.py:93} INFO - 2025-03-01 10:46:55,316 : INFO : Generating histogram for column Age.
[2025-03-01T10:46:55.644+0000] {subprocess.py:93} INFO - 2025-03-01 10:46:55,643 : INFO : Generating histogram for column Tenure.
[2025-03-01T10:46:55.992+0000] {subprocess.py:93} INFO - 2025-03-01 10:46:55,991 : INFO : Generating histogram for column Balance.
[2025-03-01T10:46:56.259+0000] {subprocess.py:93} INFO - 2025-03-01 10:46:56,258 : INFO : Generating histogram for column NumOfProducts.
[2025-03-01T10:46:56.507+0000] {subprocess.py:93} INFO - 2025-03-01 10:46:56,506 : INFO : Generating histogram for column HasCrCard.
[2025-03-01T10:46:56.844+0000] {subprocess.py:93} INFO - 2025-03-01 10:46:56,844 : INFO : Generating histogram for column IsActiveMember.
[2025-03-01T10:46:57.138+0000] {subprocess.py:93} INFO - 2025-03-01 10:46:57,138 : INFO : Generating histogram for column EstimatedSalary.
[2025-03-01T10:46:57.408+0000] {subprocess.py:93} INFO - 2025-03-01 10:46:57,407 : INFO : Generating histogram for column Exited.
[2025-03-01T10:46:57.734+0000] {subprocess.py:93} INFO - 2025-03-01 10:46:57,734 : INFO : Generating histogram for relation of Exited with Categorical data.
[2025-03-01T10:46:58.326+0000] {subprocess.py:93} INFO - 2025-03-01 10:46:58,325 : INFO : Using categorical units to plot a list of strings that are all parsable as floats or dates. If these strings should be plotted as numbers, cast to the appropriate data type before plotting.
[2025-03-01T10:46:58.348+0000] {subprocess.py:93} INFO - 2025-03-01 10:46:58,348 : INFO : Using categorical units to plot a list of strings that are all parsable as floats or dates. If these strings should be plotted as numbers, cast to the appropriate data type before plotting.
[2025-03-01T10:46:58.460+0000] {subprocess.py:93} INFO - 2025-03-01 10:46:58,460 : INFO : Using categorical units to plot a list of strings that are all parsable as floats or dates. If these strings should be plotted as numbers, cast to the appropriate data type before plotting.
[2025-03-01T10:46:58.481+0000] {subprocess.py:93} INFO - 2025-03-01 10:46:58,480 : INFO : Using categorical units to plot a list of strings that are all parsable as floats or dates. If these strings should be plotted as numbers, cast to the appropriate data type before plotting.
[2025-03-01T10:46:58.546+0000] {subprocess.py:93} INFO - 2025-03-01 10:46:58,545 : INFO : Generating box plots for relation of Exited with non Categorical data.
[2025-03-01T10:46:58.880+0000] {subprocess.py:93} INFO - 2025-03-01 10:46:58,880 : INFO : Using categorical units to plot a list of strings that are all parsable as floats or dates. If these strings should be plotted as numbers, cast to the appropriate data type before plotting.
[2025-03-01T10:46:58.904+0000] {subprocess.py:93} INFO - 2025-03-01 10:46:58,903 : INFO : Using categorical units to plot a list of strings that are all parsable as floats or dates. If these strings should be plotted as numbers, cast to the appropriate data type before plotting.
[2025-03-01T10:46:59.078+0000] {subprocess.py:93} INFO - 2025-03-01 10:46:59,078 : INFO : Using categorical units to plot a list of strings that are all parsable as floats or dates. If these strings should be plotted as numbers, cast to the appropriate data type before plotting.
[2025-03-01T10:46:59.111+0000] {subprocess.py:93} INFO - 2025-03-01 10:46:59,110 : INFO : Using categorical units to plot a list of strings that are all parsable as floats or dates. If these strings should be plotted as numbers, cast to the appropriate data type before plotting.
[2025-03-01T10:46:59.263+0000] {subprocess.py:93} INFO - 2025-03-01 10:46:59,262 : INFO : Using categorical units to plot a list of strings that are all parsable as floats or dates. If these strings should be plotted as numbers, cast to the appropriate data type before plotting.
[2025-03-01T10:46:59.287+0000] {subprocess.py:93} INFO - 2025-03-01 10:46:59,287 : INFO : Using categorical units to plot a list of strings that are all parsable as floats or dates. If these strings should be plotted as numbers, cast to the appropriate data type before plotting.
[2025-03-01T10:46:59.428+0000] {subprocess.py:93} INFO - 2025-03-01 10:46:59,428 : INFO : Using categorical units to plot a list of strings that are all parsable as floats or dates. If these strings should be plotted as numbers, cast to the appropriate data type before plotting.
[2025-03-01T10:46:59.457+0000] {subprocess.py:93} INFO - 2025-03-01 10:46:59,456 : INFO : Using categorical units to plot a list of strings that are all parsable as floats or dates. If these strings should be plotted as numbers, cast to the appropriate data type before plotting.
[2025-03-01T10:46:59.595+0000] {subprocess.py:93} INFO - 2025-03-01 10:46:59,594 : INFO : Using categorical units to plot a list of strings that are all parsable as floats or dates. If these strings should be plotted as numbers, cast to the appropriate data type before plotting.
[2025-03-01T10:46:59.617+0000] {subprocess.py:93} INFO - 2025-03-01 10:46:59,617 : INFO : Using categorical units to plot a list of strings that are all parsable as floats or dates. If these strings should be plotted as numbers, cast to the appropriate data type before plotting.
[2025-03-01T10:46:59.759+0000] {subprocess.py:93} INFO - 2025-03-01 10:46:59,759 : INFO : Using categorical units to plot a list of strings that are all parsable as floats or dates. If these strings should be plotted as numbers, cast to the appropriate data type before plotting.
[2025-03-01T10:46:59.788+0000] {subprocess.py:93} INFO - 2025-03-01 10:46:59,788 : INFO : Using categorical units to plot a list of strings that are all parsable as floats or dates. If these strings should be plotted as numbers, cast to the appropriate data type before plotting.
[2025-03-01T10:47:00.687+0000] {subprocess.py:93} INFO - 2025-03-01 10:47:00,687 : INFO : Saved pdf in visualization/plots.pdf
[2025-03-01T10:47:03.626+0000] {subprocess.py:93} INFO - 
[2025-03-01T10:47:03.627+0000] {subprocess.py:93} INFO - To track the changes with git, run:
[2025-03-01T10:47:03.627+0000] {subprocess.py:93} INFO - 
[2025-03-01T10:47:03.627+0000] {subprocess.py:93} INFO - 	git add data/cleaned.dvc
[2025-03-01T10:47:03.628+0000] {subprocess.py:93} INFO - 
[2025-03-01T10:47:03.628+0000] {subprocess.py:93} INFO - To enable auto staging, run:
[2025-03-01T10:47:03.628+0000] {subprocess.py:93} INFO - 
[2025-03-01T10:47:03.628+0000] {subprocess.py:93} INFO - 	dvc config core.autostage true
