[2025-03-03T17:13:53.782+0000] {taskinstance.py:1159} INFO - Dependencies all met for dep_context=non-requeueable deps ti=<TaskInstance: customer_churn_ml_pipeline.pull_latest_codes manual__2025-03-03T17:13:52.894255+00:00 [queued]>
[2025-03-03T17:13:53.792+0000] {taskinstance.py:1159} INFO - Dependencies all met for dep_context=requeueable deps ti=<TaskInstance: customer_churn_ml_pipeline.pull_latest_codes manual__2025-03-03T17:13:52.894255+00:00 [queued]>
[2025-03-03T17:13:53.792+0000] {taskinstance.py:1361} INFO - Starting attempt 1 of 1
[2025-03-03T17:13:53.807+0000] {taskinstance.py:1382} INFO - Executing <Task(BashOperator): pull_latest_codes> on 2025-03-03 17:13:52.894255+00:00
[2025-03-03T17:13:53.812+0000] {standard_task_runner.py:57} INFO - Started process 7559 to run task
[2025-03-03T17:13:53.815+0000] {standard_task_runner.py:84} INFO - Running: ['***', 'tasks', 'run', 'customer_churn_ml_pipeline', 'pull_latest_codes', 'manual__2025-03-03T17:13:52.894255+00:00', '--job-id', '144', '--raw', '--subdir', 'DAGS_FOLDER/customer_churn.py', '--cfg-path', '/tmp/tmpowyuc4_n']
[2025-03-03T17:13:53.817+0000] {standard_task_runner.py:85} INFO - Job 144: Subtask pull_latest_codes
[2025-03-03T17:13:53.835+0000] {logging_mixin.py:154} WARNING - /home/***/.local/lib/python3.8/site-packages/***/settings.py:195 DeprecationWarning: The sql_alchemy_conn option in [core] has been moved to the sql_alchemy_conn option in [database] - the old setting has been used, but please update your config.
[2025-03-03T17:13:53.874+0000] {task_command.py:416} INFO - Running <TaskInstance: customer_churn_ml_pipeline.pull_latest_codes manual__2025-03-03T17:13:52.894255+00:00 [running]> on host 157237bff8f7
[2025-03-03T17:13:53.983+0000] {taskinstance.py:1662} INFO - Exporting env vars: AIRFLOW_CTX_DAG_OWNER='***' AIRFLOW_CTX_DAG_ID='customer_churn_ml_pipeline' AIRFLOW_CTX_TASK_ID='pull_latest_codes' AIRFLOW_CTX_EXECUTION_DATE='2025-03-03T17:13:52.894255+00:00' AIRFLOW_CTX_TRY_NUMBER='1' AIRFLOW_CTX_DAG_RUN_ID='manual__2025-03-03T17:13:52.894255+00:00'
[2025-03-03T17:13:53.984+0000] {subprocess.py:63} INFO - Tmp dir root location: /tmp
[2025-03-03T17:13:53.985+0000] {subprocess.py:75} INFO - Running command: ['/bin/bash', '-c', 'cd /opt/*** && dvc pull && git pull']
[2025-03-03T17:13:53.995+0000] {subprocess.py:86} INFO - Output:
[2025-03-03T17:13:56.709+0000] {subprocess.py:93} INFO - M       data/cleaned/
[2025-03-03T17:13:56.711+0000] {subprocess.py:93} INFO - 1 file modified
[2025-03-03T17:13:56.999+0000] {subprocess.py:93} INFO - hint: Pulling without specifying how to reconcile divergent branches is
[2025-03-03T17:13:56.999+0000] {subprocess.py:93} INFO - hint: discouraged. You can squelch this message by running one of the following
[2025-03-03T17:13:56.999+0000] {subprocess.py:93} INFO - hint: commands sometime before your next pull:
[2025-03-03T17:13:56.999+0000] {subprocess.py:93} INFO - hint:
[2025-03-03T17:13:56.999+0000] {subprocess.py:93} INFO - hint:   git config pull.rebase false  # merge (the default strategy)
[2025-03-03T17:13:57.000+0000] {subprocess.py:93} INFO - hint:   git config pull.rebase true   # rebase
[2025-03-03T17:13:57.000+0000] {subprocess.py:93} INFO - hint:   git config pull.ff only       # fast-forward only
[2025-03-03T17:13:57.000+0000] {subprocess.py:93} INFO - hint:
[2025-03-03T17:13:57.000+0000] {subprocess.py:93} INFO - hint: You can replace "git config" with "git config --global" to set a default
[2025-03-03T17:13:57.000+0000] {subprocess.py:93} INFO - hint: preference for all repositories. You can also pass --rebase, --no-rebase,
[2025-03-03T17:13:57.000+0000] {subprocess.py:93} INFO - hint: or --ff-only on the command line to override the configured default per
[2025-03-03T17:13:57.000+0000] {subprocess.py:93} INFO - hint: invocation.
[2025-03-03T17:13:58.073+0000] {subprocess.py:93} INFO - From https://github.com/anniemathew-trial/customer_churn_pipeline
[2025-03-03T17:13:58.074+0000] {subprocess.py:93} INFO -    883e08d..7c7893f  main       -> origin/main
[2025-03-03T17:13:58.084+0000] {subprocess.py:93} INFO - Updating 883e08d..7c7893f
[2025-03-03T17:13:58.084+0000] {subprocess.py:93} INFO - Fast-forward
[2025-03-03T17:13:58.086+0000] {subprocess.py:93} INFO -  data/cleaned.dvc     | 6 ------
[2025-03-03T17:13:58.086+0000] {subprocess.py:93} INFO -  data/raw.dvc         | 6 ------
[2025-03-03T17:13:58.086+0000] {subprocess.py:93} INFO -  data/transformed.dvc | 6 ------
[2025-03-03T17:13:58.086+0000] {subprocess.py:93} INFO -  3 files changed, 18 deletions(-)
[2025-03-03T17:13:58.086+0000] {subprocess.py:93} INFO -  delete mode 100644 data/cleaned.dvc
[2025-03-03T17:13:58.086+0000] {subprocess.py:93} INFO -  delete mode 100644 data/raw.dvc
[2025-03-03T17:13:58.087+0000] {subprocess.py:93} INFO -  delete mode 100644 data/transformed.dvc
[2025-03-03T17:13:58.087+0000] {subprocess.py:97} INFO - Command exited with return code 0
[2025-03-03T17:13:58.126+0000] {taskinstance.py:1400} INFO - Marking task as SUCCESS. dag_id=customer_churn_ml_pipeline, task_id=pull_latest_codes, execution_date=20250303T171352, start_date=20250303T171353, end_date=20250303T171358
[2025-03-03T17:13:58.170+0000] {local_task_job_runner.py:228} INFO - Task exited with return code 0
[2025-03-03T17:13:58.207+0000] {taskinstance.py:2778} INFO - 1 downstream tasks scheduled from follow-on schedule check
