[2025-03-09T17:15:46.171+0000] {taskinstance.py:1159} INFO - Dependencies all met for dep_context=non-requeueable deps ti=<TaskInstance: customer_churn_ml_pipeline.model_training_task manual__2025-03-09T17:12:32.664464+00:00 [queued]>
[2025-03-09T17:15:46.204+0000] {taskinstance.py:1159} INFO - Dependencies all met for dep_context=requeueable deps ti=<TaskInstance: customer_churn_ml_pipeline.model_training_task manual__2025-03-09T17:12:32.664464+00:00 [queued]>
[2025-03-09T17:15:46.205+0000] {taskinstance.py:1361} INFO - Starting attempt 1 of 1
[2025-03-09T17:15:46.250+0000] {taskinstance.py:1382} INFO - Executing <Task(BashOperator): model_training_task> on 2025-03-09 17:12:32.664464+00:00
[2025-03-09T17:15:46.262+0000] {standard_task_runner.py:57} INFO - Started process 12631 to run task
[2025-03-09T17:15:46.270+0000] {standard_task_runner.py:84} INFO - Running: ['***', 'tasks', 'run', 'customer_churn_ml_pipeline', 'model_training_task', 'manual__2025-03-09T17:12:32.664464+00:00', '--job-id', '411', '--raw', '--subdir', 'DAGS_FOLDER/customer_churn.py', '--cfg-path', '/tmp/tmp3s_dhj37']
[2025-03-09T17:15:46.279+0000] {standard_task_runner.py:85} INFO - Job 411: Subtask model_training_task
[2025-03-09T17:15:46.334+0000] {logging_mixin.py:154} WARNING - /home/***/.local/lib/python3.8/site-packages/***/settings.py:195 DeprecationWarning: The sql_alchemy_conn option in [core] has been moved to the sql_alchemy_conn option in [database] - the old setting has been used, but please update your config.
[2025-03-09T17:15:46.495+0000] {task_command.py:416} INFO - Running <TaskInstance: customer_churn_ml_pipeline.model_training_task manual__2025-03-09T17:12:32.664464+00:00 [running]> on host 157237bff8f7
[2025-03-09T17:15:47.077+0000] {taskinstance.py:1662} INFO - Exporting env vars: AIRFLOW_CTX_DAG_OWNER='***' AIRFLOW_CTX_DAG_ID='customer_churn_ml_pipeline' AIRFLOW_CTX_TASK_ID='model_training_task' AIRFLOW_CTX_EXECUTION_DATE='2025-03-09T17:12:32.664464+00:00' AIRFLOW_CTX_TRY_NUMBER='1' AIRFLOW_CTX_DAG_RUN_ID='manual__2025-03-09T17:12:32.664464+00:00'
[2025-03-09T17:15:47.080+0000] {subprocess.py:63} INFO - Tmp dir root location: /tmp
[2025-03-09T17:15:47.082+0000] {subprocess.py:75} INFO - Running command: ['/bin/bash', '-c', '\n\t    \t\tcd /opt/***\n       \t\t\t    python /opt/***/executables/model_training.py && \t      \t\t    git add logs && \t      \t\t    git add mlruns && \t     \t\t    git add models\n\t        \t    git status &&                             git commit -m "Trained model version" -a && \\    \n\t\t\t    git push\n                        ']
[2025-03-09T17:15:47.116+0000] {subprocess.py:86} INFO - Output:
[2025-03-09T17:16:03.125+0000] {subprocess.py:93} INFO - /home/***/.local/lib/python3.8/site-packages/mlflow/gateway/config.py:64: PydanticDeprecatedSince20: Pydantic V1 style `@validator` validators are deprecated. You should migrate to Pydantic V2 style `@field_validator` validators, see the migration guide for more details. Deprecated in Pydantic V2.0 to be removed in V3.0. See Pydantic V2 Migration Guide at https://errors.pydantic.dev/2.4/migration/
[2025-03-09T17:16:03.127+0000] {subprocess.py:93} INFO -   @validator("togetherai_api_key", pre=True)
[2025-03-09T17:16:03.127+0000] {subprocess.py:93} INFO - /home/***/.local/lib/python3.8/site-packages/mlflow/gateway/config.py:372: PydanticDeprecatedSince20: Pydantic V1 style `@root_validator` validators are deprecated. You should migrate to Pydantic V2 style `@model_validator` validators, see the migration guide for more details. Deprecated in Pydantic V2.0 to be removed in V3.0. See Pydantic V2 Migration Guide at https://errors.pydantic.dev/2.4/migration/
[2025-03-09T17:16:03.128+0000] {subprocess.py:93} INFO -   @root_validator(skip_on_failure=True)
[2025-03-09T17:16:03.129+0000] {subprocess.py:93} INFO - /home/***/.local/lib/python3.8/site-packages/pydantic/_internal/_config.py:267: PydanticDeprecatedSince20: Support for class-based `config` is deprecated, use ConfigDict instead. Deprecated in Pydantic V2.0 to be removed in V3.0. See Pydantic V2 Migration Guide at https://errors.pydantic.dev/2.4/migration/
[2025-03-09T17:16:03.129+0000] {subprocess.py:93} INFO -   warnings.warn(DEPRECATION_MESSAGE, DeprecationWarning)
[2025-03-09T17:16:03.130+0000] {subprocess.py:93} INFO - 2025-03-09 17:16:03,125 : INFO : Starting model training
[2025-03-09T17:16:03.165+0000] {subprocess.py:93} INFO - 2025-03-09 17:16:03,164 : INFO : Registry cache expired, so refreshing
[2025-03-09T17:16:03.185+0000] {subprocess.py:93} INFO - 2025-03-09 17:16:03,184 : INFO : Getting data
[2025-03-09T17:16:03.186+0000] {subprocess.py:93} INFO - 2025-03-09 17:16:03,185 : INFO : Start and End Range: 1 to 1000
[2025-03-09T17:16:04.086+0000] {subprocess.py:93} INFO - 2025-03-09 17:16:04,085 : INFO : Data fetched: 999
[2025-03-09T17:16:04.087+0000] {subprocess.py:93} INFO - 2025-03-09 17:16:04,086 : INFO : New Start and End Range: 1001 to 2000
[2025-03-09T17:16:04.088+0000] {subprocess.py:93} INFO - 2025-03-09 17:16:04,087 : INFO : Start and End Range: 1001 to 2000
[2025-03-09T17:16:04.680+0000] {subprocess.py:93} INFO - 2025-03-09 17:16:04,679 : INFO : Data fetched: 999
[2025-03-09T17:16:04.680+0000] {subprocess.py:93} INFO - 2025-03-09 17:16:04,680 : INFO : New Start and End Range: 3001 to 4000
[2025-03-09T17:16:04.681+0000] {subprocess.py:93} INFO - 2025-03-09 17:16:04,680 : INFO : Start and End Range: 3001 to 4000
[2025-03-09T17:16:05.429+0000] {subprocess.py:93} INFO - 2025-03-09 17:16:05,429 : INFO : Data fetched: 999
[2025-03-09T17:16:05.430+0000] {subprocess.py:93} INFO - 2025-03-09 17:16:05,429 : INFO : New Start and End Range: 7001 to 8000
[2025-03-09T17:16:05.431+0000] {subprocess.py:93} INFO - 2025-03-09 17:16:05,430 : INFO : Start and End Range: 7001 to 8000
[2025-03-09T17:16:05.982+0000] {subprocess.py:93} INFO - 2025-03-09 17:16:05,982 : INFO : Data fetched: 999
[2025-03-09T17:16:05.983+0000] {subprocess.py:93} INFO - 2025-03-09 17:16:05,982 : INFO : New Start and End Range: 15001 to 16000
[2025-03-09T17:16:05.983+0000] {subprocess.py:93} INFO - 2025-03-09 17:16:05,983 : INFO : Start and End Range: 15001 to 16000
[2025-03-09T17:16:07.149+0000] {subprocess.py:93} INFO - 2025-03-09 17:16:07,149 : INFO : Data fetched: 999
[2025-03-09T17:16:07.150+0000] {subprocess.py:93} INFO - 2025-03-09 17:16:07,149 : INFO : New Start and End Range: 31001 to 32000
[2025-03-09T17:16:07.151+0000] {subprocess.py:93} INFO - 2025-03-09 17:16:07,151 : INFO : Start and End Range: 31001 to 32000
[2025-03-09T17:16:07.763+0000] {subprocess.py:93} INFO - 2025-03-09 17:16:07,763 : INFO : Data fetched: 999
[2025-03-09T17:16:07.764+0000] {subprocess.py:93} INFO - 2025-03-09 17:16:07,763 : INFO : New Start and End Range: 63001 to 64000
[2025-03-09T17:16:07.764+0000] {subprocess.py:93} INFO - 2025-03-09 17:16:07,763 : INFO : Start and End Range: 63001 to 64000
[2025-03-09T17:16:07.918+0000] {subprocess.py:93} INFO - 2025-03-09 17:16:07,918 : INFO : Reached End of Data
[2025-03-09T17:16:07.922+0000] {subprocess.py:93} INFO - 2025-03-09 17:16:07,922 : INFO : Stoping at Start and End Range: 63001 to 64000
[2025-03-09T17:16:07.923+0000] {subprocess.py:93} INFO - 2025-03-09 17:16:07,922 : INFO : Created feature data
[2025-03-09T17:16:07.923+0000] {subprocess.py:93} INFO - 2025-03-09 17:16:07,922 : INFO : Total Data fetched: 6
[2025-03-09T17:16:07.934+0000] {subprocess.py:93} INFO - 2025-03-09 17:16:07,934 : INFO : received feature data
[2025-03-09T17:16:07.941+0000] {subprocess.py:93} INFO - 2025-03-09 17:16:07,941 : INFO : Models defined
[2025-03-09T17:16:07.942+0000] {subprocess.py:93} INFO - 2025-03-09 17:16:07,941 : INFO : Training model RandomForest
[2025-03-09T17:16:10.251+0000] {subprocess.py:93} INFO - 2025-03-09 17:16:10,250 : INFO : Predicting model RandomForest
[2025-03-09T17:16:10.309+0000] {subprocess.py:93} INFO - 2025-03-09 17:16:10,308 : INFO : Calculating accuracy RandomForest
[2025-03-09T17:16:20.813+0000] {subprocess.py:93} INFO - 2025/03/09 17:16:20 WARNING mlflow.models.model: Model logged without a signature and input example. Please set `input_example` parameter when logging the model to auto infer the model signature.
[2025-03-09T17:16:21.093+0000] {subprocess.py:93} INFO - 2025-03-09 17:16:21,092 : INFO : Logged model RandomForest
[2025-03-09T17:16:21.165+0000] {subprocess.py:93} INFO - 2025/03/09 17:16:21 INFO mlflow.tracking._tracking_service.client: 🏃 View run RandomForest at: http://localhost:5000/#/experiments/0/runs/f9a183d242154c0f89781bedf6513353.
[2025-03-09T17:16:21.166+0000] {subprocess.py:93} INFO - 2025/03/09 17:16:21 INFO mlflow.tracking._tracking_service.client: 🧪 View experiment at: http://localhost:5000/#/experiments/0.
[2025-03-09T17:16:21.181+0000] {subprocess.py:93} INFO - 2025-03-09 17:16:21,180 : INFO : Training model LinearRegression
[2025-03-09T17:16:23.098+0000] {subprocess.py:93} INFO - /home/***/.local/lib/python3.8/site-packages/sklearn/linear_model/_logistic.py:460: ConvergenceWarning: lbfgs failed to converge (status=1):
[2025-03-09T17:16:23.099+0000] {subprocess.py:93} INFO - STOP: TOTAL NO. of ITERATIONS REACHED LIMIT.
[2025-03-09T17:16:23.100+0000] {subprocess.py:93} INFO - 
[2025-03-09T17:16:23.100+0000] {subprocess.py:93} INFO - Increase the number of iterations (max_iter) or scale the data as shown in:
[2025-03-09T17:16:23.101+0000] {subprocess.py:93} INFO -     https://scikit-learn.org/stable/modules/preprocessing.html
[2025-03-09T17:16:23.101+0000] {subprocess.py:93} INFO - Please also refer to the documentation for alternative solver options:
[2025-03-09T17:16:23.101+0000] {subprocess.py:93} INFO -     https://scikit-learn.org/stable/modules/linear_model.html#logistic-regression
[2025-03-09T17:16:23.102+0000] {subprocess.py:93} INFO -   n_iter_i = _check_optimize_result(
[2025-03-09T17:16:23.102+0000] {subprocess.py:93} INFO - 2025-03-09 17:16:23,098 : INFO : Predicting model LinearRegression
[2025-03-09T17:16:23.112+0000] {subprocess.py:93} INFO - 2025-03-09 17:16:23,111 : INFO : Calculating accuracy LinearRegression
[2025-03-09T17:16:32.560+0000] {subprocess.py:93} INFO - 2025/03/09 17:16:32 WARNING mlflow.models.model: Model logged without a signature and input example. Please set `input_example` parameter when logging the model to auto infer the model signature.
[2025-03-09T17:16:32.727+0000] {subprocess.py:93} INFO - 2025-03-09 17:16:32,727 : INFO : Logged model LinearRegression
[2025-03-09T17:16:32.765+0000] {subprocess.py:93} INFO - 2025/03/09 17:16:32 INFO mlflow.tracking._tracking_service.client: 🏃 View run LinearRegression at: http://localhost:5000/#/experiments/0/runs/4408ef919ab942e894dec1146e649c25.
[2025-03-09T17:16:32.766+0000] {subprocess.py:93} INFO - 2025/03/09 17:16:32 INFO mlflow.tracking._tracking_service.client: 🧪 View experiment at: http://localhost:5000/#/experiments/0.
[2025-03-09T17:16:32.785+0000] {subprocess.py:93} INFO - 2025-03-09 17:16:32,784 : INFO : Training model DecisionTree
[2025-03-09T17:16:32.847+0000] {subprocess.py:93} INFO - 2025-03-09 17:16:32,846 : INFO : Predicting model DecisionTree
[2025-03-09T17:16:32.852+0000] {subprocess.py:93} INFO - 2025-03-09 17:16:32,851 : INFO : Calculating accuracy DecisionTree
[2025-03-09T17:16:49.327+0000] {subprocess.py:93} INFO - 2025/03/09 17:16:49 WARNING mlflow.models.model: Model logged without a signature and input example. Please set `input_example` parameter when logging the model to auto infer the model signature.
[2025-03-09T17:16:49.520+0000] {subprocess.py:93} INFO - 2025-03-09 17:16:49,520 : INFO : Logged model DecisionTree
[2025-03-09T17:16:49.566+0000] {subprocess.py:93} INFO - 2025/03/09 17:16:49 INFO mlflow.tracking._tracking_service.client: 🏃 View run DecisionTree at: http://localhost:5000/#/experiments/0/runs/6581ae032c7d466c8ec1f92c47964bc3.
[2025-03-09T17:16:49.568+0000] {subprocess.py:93} INFO - 2025/03/09 17:16:49 INFO mlflow.tracking._tracking_service.client: 🧪 View experiment at: http://localhost:5000/#/experiments/0.
[2025-03-09T17:16:49.597+0000] {subprocess.py:93} INFO - 2025-03-09 17:16:49,596 : INFO : Starting best model registration
[2025-03-09T17:16:49.597+0000] {subprocess.py:93} INFO - 2025-03-09 17:16:49,597 : INFO : Finding Best model
[2025-03-09T17:16:50.092+0000] {subprocess.py:93} INFO - 2025-03-09 17:16:50,091 : INFO : Selected best model : run_id                                            d372010ed55142098d35f880b4b7339f
[2025-03-09T17:16:50.092+0000] {subprocess.py:93} INFO - experiment_id                                                                    0
[2025-03-09T17:16:50.093+0000] {subprocess.py:93} INFO - status                                                                    FINISHED
[2025-03-09T17:16:50.094+0000] {subprocess.py:93} INFO - artifact_uri                     mlflow-artifacts:/0/d372010ed55142098d35f880b4...
[2025-03-09T17:16:50.094+0000] {subprocess.py:93} INFO - start_time                                        2025-03-09 11:35:45.395000+00:00
[2025-03-09T17:16:50.094+0000] {subprocess.py:93} INFO - end_time                                          2025-03-09 11:35:50.125000+00:00
[2025-03-09T17:16:50.095+0000] {subprocess.py:93} INFO - metrics.accuracy                                                          0.878232
[2025-03-09T17:16:50.095+0000] {subprocess.py:93} INFO - metrics.recall                                                            0.554656
[2025-03-09T17:16:50.095+0000] {subprocess.py:93} INFO - metrics.f1_score                                                          0.652381
[2025-03-09T17:16:50.095+0000] {subprocess.py:93} INFO - metrics.precision                                                         0.791908
[2025-03-09T17:16:50.096+0000] {subprocess.py:93} INFO - params.model_type                                                     RandomForest
[2025-03-09T17:16:50.096+0000] {subprocess.py:93} INFO - tags.mlflow.source.git.commit             c7be44594672bffe451ff8b64c27676ce66f5d44
[2025-03-09T17:16:50.096+0000] {subprocess.py:93} INFO - tags.mlflow.source.name                              executables/model_training.py
[2025-03-09T17:16:50.097+0000] {subprocess.py:93} INFO - tags.mlflow.log-model.history    [{"run_id": "d372010ed55142098d35f880b4b7339f"...
[2025-03-09T17:16:50.097+0000] {subprocess.py:93} INFO - tags.mlflow.source.type                                                      LOCAL
[2025-03-09T17:16:50.097+0000] {subprocess.py:93} INFO - tags.mlflow.user                                                           ***
[2025-03-09T17:16:50.098+0000] {subprocess.py:93} INFO - tags.mlflow.runName                                                   RandomForest
[2025-03-09T17:16:50.098+0000] {subprocess.py:93} INFO - Name: 32, dtype: object
[2025-03-09T17:16:50.099+0000] {subprocess.py:93} INFO - 2025-03-09 17:16:50,092 : INFO : Registering best model runs:/d372010ed55142098d35f880b4b7339f/RandomForest_model
[2025-03-09T17:16:50.302+0000] {subprocess.py:93} INFO - Registered model 'Best_ML_Model' already exists. Creating a new version of this model...
[2025-03-09T17:16:50.303+0000] {subprocess.py:93} INFO - 2025/03/09 17:16:50 INFO mlflow.store.model_registry.abstract_store: Waiting up to 300 seconds for model version to finish creation. Model name: Best_ML_Model, version 11
[2025-03-09T17:16:50.304+0000] {subprocess.py:93} INFO - Created version '11' of model 'Best_ML_Model'.
[2025-03-09T17:16:50.304+0000] {subprocess.py:93} INFO - 2025-03-09 17:16:50,302 : INFO : Completed model training & registration !!
[2025-03-09T17:16:52.817+0000] {subprocess.py:93} INFO - On branch main
[2025-03-09T17:16:52.818+0000] {subprocess.py:93} INFO - Your branch is up to date with 'origin/main'.
[2025-03-09T17:16:52.818+0000] {subprocess.py:93} INFO - 
[2025-03-09T17:16:52.819+0000] {subprocess.py:93} INFO - Changes to be committed:
[2025-03-09T17:16:52.819+0000] {subprocess.py:93} INFO -   (use "git restore --staged <file>..." to unstage)
[2025-03-09T17:16:52.820+0000] {subprocess.py:93} INFO - 	new file:   logs/dag_id=customer_churn_ml_pipeline/run_id=manual__2025-03-09T17:12:32.664464+00:00/task_id=feature_store_task/attempt=1.log
[2025-03-09T17:16:52.821+0000] {subprocess.py:93} INFO - 	new file:   logs/dag_id=customer_churn_ml_pipeline/run_id=manual__2025-03-09T17:12:32.664464+00:00/task_id=model_training_task/attempt=1.log
[2025-03-09T17:16:52.821+0000] {subprocess.py:93} INFO - 	modified:   logs/dag_processor_manager/dag_processor_manager.log
[2025-03-09T17:16:52.822+0000] {subprocess.py:93} INFO - 	modified:   logs/model_training.log
[2025-03-09T17:16:52.823+0000] {subprocess.py:93} INFO - 	modified:   logs/scheduler/2025-03-09/customer_churn.py.log
[2025-03-09T17:16:52.823+0000] {subprocess.py:93} INFO - 	new file:   mlruns/0/4408ef919ab942e894dec1146e649c25/meta.yaml
[2025-03-09T17:16:52.823+0000] {subprocess.py:93} INFO - 	new file:   mlruns/0/4408ef919ab942e894dec1146e649c25/metrics/accuracy
[2025-03-09T17:16:52.824+0000] {subprocess.py:93} INFO - 	new file:   mlruns/0/4408ef919ab942e894dec1146e649c25/metrics/f1_score
[2025-03-09T17:16:52.824+0000] {subprocess.py:93} INFO - 	new file:   mlruns/0/4408ef919ab942e894dec1146e649c25/metrics/precision
[2025-03-09T17:16:52.825+0000] {subprocess.py:93} INFO - 	new file:   mlruns/0/4408ef919ab942e894dec1146e649c25/metrics/recall
[2025-03-09T17:16:52.825+0000] {subprocess.py:93} INFO - 	new file:   mlruns/0/4408ef919ab942e894dec1146e649c25/params/model_type
[2025-03-09T17:16:52.826+0000] {subprocess.py:93} INFO - 	new file:   mlruns/0/4408ef919ab942e894dec1146e649c25/tags/mlflow.log-model.history
[2025-03-09T17:16:52.827+0000] {subprocess.py:93} INFO - 	new file:   mlruns/0/4408ef919ab942e894dec1146e649c25/tags/mlflow.runName
[2025-03-09T17:16:52.827+0000] {subprocess.py:93} INFO - 	new file:   mlruns/0/4408ef919ab942e894dec1146e649c25/tags/mlflow.source.git.commit
[2025-03-09T17:16:52.828+0000] {subprocess.py:93} INFO - 	new file:   mlruns/0/4408ef919ab942e894dec1146e649c25/tags/mlflow.source.name
[2025-03-09T17:16:52.829+0000] {subprocess.py:93} INFO - 	new file:   mlruns/0/4408ef919ab942e894dec1146e649c25/tags/mlflow.source.type
[2025-03-09T17:16:52.831+0000] {subprocess.py:93} INFO - 	new file:   mlruns/0/4408ef919ab942e894dec1146e649c25/tags/mlflow.user
[2025-03-09T17:16:52.833+0000] {subprocess.py:93} INFO - 	new file:   mlruns/0/6581ae032c7d466c8ec1f92c47964bc3/meta.yaml
