[2025-03-09T17:52:02.416+0000] {taskinstance.py:1159} INFO - Dependencies all met for dep_context=non-requeueable deps ti=<TaskInstance: customer_churn_ml_pipeline.raw_data_storage_task manual__2025-03-09T17:51:43.827534+00:00 [queued]>
[2025-03-09T17:52:02.436+0000] {taskinstance.py:1159} INFO - Dependencies all met for dep_context=requeueable deps ti=<TaskInstance: customer_churn_ml_pipeline.raw_data_storage_task manual__2025-03-09T17:51:43.827534+00:00 [queued]>
[2025-03-09T17:52:02.437+0000] {taskinstance.py:1361} INFO - Starting attempt 1 of 1
[2025-03-09T17:52:02.462+0000] {taskinstance.py:1382} INFO - Executing <Task(BashOperator): raw_data_storage_task> on 2025-03-09 17:51:43.827534+00:00
[2025-03-09T17:52:02.471+0000] {standard_task_runner.py:57} INFO - Started process 14455 to run task
[2025-03-09T17:52:02.475+0000] {standard_task_runner.py:84} INFO - Running: ['***', 'tasks', 'run', 'customer_churn_ml_pipeline', 'raw_data_storage_task', 'manual__2025-03-09T17:51:43.827534+00:00', '--job-id', '432', '--raw', '--subdir', 'DAGS_FOLDER/customer_churn.py', '--cfg-path', '/tmp/tmpem7utx43']
[2025-03-09T17:52:02.480+0000] {standard_task_runner.py:85} INFO - Job 432: Subtask raw_data_storage_task
[2025-03-09T17:52:02.518+0000] {logging_mixin.py:154} WARNING - /home/***/.local/lib/python3.8/site-packages/***/settings.py:195 DeprecationWarning: The sql_alchemy_conn option in [core] has been moved to the sql_alchemy_conn option in [database] - the old setting has been used, but please update your config.
[2025-03-09T17:52:02.603+0000] {task_command.py:416} INFO - Running <TaskInstance: customer_churn_ml_pipeline.raw_data_storage_task manual__2025-03-09T17:51:43.827534+00:00 [running]> on host 157237bff8f7
[2025-03-09T17:52:02.859+0000] {taskinstance.py:1662} INFO - Exporting env vars: AIRFLOW_CTX_DAG_OWNER='***' AIRFLOW_CTX_DAG_ID='customer_churn_ml_pipeline' AIRFLOW_CTX_TASK_ID='raw_data_storage_task' AIRFLOW_CTX_EXECUTION_DATE='2025-03-09T17:51:43.827534+00:00' AIRFLOW_CTX_TRY_NUMBER='1' AIRFLOW_CTX_DAG_RUN_ID='manual__2025-03-09T17:51:43.827534+00:00'
[2025-03-09T17:52:02.862+0000] {subprocess.py:63} INFO - Tmp dir root location: /tmp
[2025-03-09T17:52:02.863+0000] {subprocess.py:75} INFO - Running command: ['/bin/bash', '-c', '\n\t\t\tcd /opt/*** &&                        python /opt/***/executables/raw_data_storage.py && \t\t\tgit rm -r --cached \'opt/***/data/raw\' && \t\t\tgit commit -m "stop tracking data/raw"\n                        dvc add /opt/***/data/raw &&                         git add /opt/***/data/raw.dvc && \t\t\tgit add logs &&\\   \n   \t\t\tgit status &&                         git commit -m "Updated raw data storage" -a &&                         dvc push && git push\n                    ']
[2025-03-09T17:52:02.885+0000] {subprocess.py:86} INFO - Output:
[2025-03-09T17:52:04.905+0000] {subprocess.py:93} INFO - 2025-03-09 17:52:04,904 : INFO : Starting Raw Data upload for CSV
[2025-03-09T17:52:07.778+0000] {subprocess.py:93} INFO - 2025-03-09 17:52:07,778 : INFO : Upload completed for CSV.
[2025-03-09T17:52:07.779+0000] {subprocess.py:93} INFO - 2025-03-09 17:52:07,778 : INFO : Starting Raw Data upload for Database
[2025-03-09T17:52:10.419+0000] {subprocess.py:93} INFO - 2025-03-09 17:52:10,419 : INFO : Upload completed for database.
[2025-03-09T17:52:10.524+0000] {subprocess.py:93} INFO - fatal: pathspec 'opt/***/data/raw' did not match any files
[2025-03-09T17:52:13.221+0000] {subprocess.py:93} INFO - 
[2025-03-09T17:52:13.222+0000] {subprocess.py:93} INFO - To track the changes with git, run:
[2025-03-09T17:52:13.222+0000] {subprocess.py:93} INFO - 
[2025-03-09T17:52:13.223+0000] {subprocess.py:93} INFO - 	git add data/raw.dvc
[2025-03-09T17:52:13.223+0000] {subprocess.py:93} INFO - 
[2025-03-09T17:52:13.223+0000] {subprocess.py:93} INFO - To enable auto staging, run:
[2025-03-09T17:52:13.224+0000] {subprocess.py:93} INFO - 
[2025-03-09T17:52:13.224+0000] {subprocess.py:93} INFO - 	dvc config core.autostage true
[2025-03-09T17:52:14.011+0000] {subprocess.py:93} INFO - /bin/bash: line 3:  : command not found
[2025-03-09T17:52:14.067+0000] {subprocess.py:93} INFO - On branch main
[2025-03-09T17:52:14.068+0000] {subprocess.py:93} INFO - Your branch is up to date with 'origin/main'.
[2025-03-09T17:52:14.069+0000] {subprocess.py:93} INFO - 
[2025-03-09T17:52:14.070+0000] {subprocess.py:93} INFO - Changes to be committed:
[2025-03-09T17:52:14.070+0000] {subprocess.py:93} INFO -   (use "git restore --staged <file>..." to unstage)
[2025-03-09T17:52:14.071+0000] {subprocess.py:93} INFO - 	modified:   logs/dag_id=customer_churn_ml_pipeline/run_id=manual__2025-03-09T17:51:43.827534+00:00/task_id=data_ingestion_task/attempt=1.log
[2025-03-09T17:52:14.072+0000] {subprocess.py:93} INFO - 	new file:   logs/dag_id=customer_churn_ml_pipeline/run_id=manual__2025-03-09T17:51:43.827534+00:00/task_id=raw_data_storage_task/attempt=1.log
[2025-03-09T17:52:14.072+0000] {subprocess.py:93} INFO - 	modified:   logs/raw_data_storage.log
[2025-03-09T17:52:14.073+0000] {subprocess.py:93} INFO - 	modified:   logs/scheduler/2025-03-09/customer_churn.py.log
[2025-03-09T17:52:14.073+0000] {subprocess.py:93} INFO - 
[2025-03-09T17:52:14.074+0000] {subprocess.py:93} INFO - Changes not staged for commit:
[2025-03-09T17:52:14.074+0000] {subprocess.py:93} INFO -   (use "git add <file>..." to update what will be committed)
[2025-03-09T17:52:14.075+0000] {subprocess.py:93} INFO -   (use "git restore <file>..." to discard changes in working directory)
[2025-03-09T17:52:14.075+0000] {subprocess.py:93} INFO - 	modified:   logs/dag_id=customer_churn_ml_pipeline/run_id=manual__2025-03-09T17:51:43.827534+00:00/task_id=raw_data_storage_task/attempt=1.log
[2025-03-09T17:52:14.076+0000] {subprocess.py:93} INFO - 
[2025-03-09T17:52:14.077+0000] {subprocess.py:93} INFO - Untracked files:
[2025-03-09T17:52:14.077+0000] {subprocess.py:93} INFO -   (use "git add <file>..." to include in what will be committed)
[2025-03-09T17:52:14.077+0000] {subprocess.py:93} INFO - 	customer_churn_stats/feature_repo/data/online_store.db
[2025-03-09T17:52:14.078+0000] {subprocess.py:93} INFO - 	customer_churn_stats/feature_repo/data/registry.db
[2025-03-09T17:52:14.078+0000] {subprocess.py:93} INFO - 	mlartifacts/
[2025-03-09T17:52:14.078+0000] {subprocess.py:93} INFO - 	online.db
[2025-03-09T17:52:14.079+0000] {subprocess.py:93} INFO - 
