[2025-02-28T08:03:41.346+0000] {taskinstance.py:1159} INFO - Dependencies all met for dep_context=non-requeueable deps ti=<TaskInstance: customer_churn_ml_pipeline.data_preparation_task manual__2025-02-28T08:03:05.741011+00:00 [queued]>
[2025-02-28T08:03:41.360+0000] {taskinstance.py:1159} INFO - Dependencies all met for dep_context=requeueable deps ti=<TaskInstance: customer_churn_ml_pipeline.data_preparation_task manual__2025-02-28T08:03:05.741011+00:00 [queued]>
[2025-02-28T08:03:41.361+0000] {taskinstance.py:1361} INFO - Starting attempt 1 of 1
[2025-02-28T08:03:41.386+0000] {taskinstance.py:1382} INFO - Executing <Task(BashOperator): data_preparation_task> on 2025-02-28 08:03:05.741011+00:00
[2025-02-28T08:03:41.391+0000] {standard_task_runner.py:57} INFO - Started process 5657 to run task
[2025-02-28T08:03:41.395+0000] {standard_task_runner.py:84} INFO - Running: ['***', 'tasks', 'run', 'customer_churn_ml_pipeline', 'data_preparation_task', 'manual__2025-02-28T08:03:05.741011+00:00', '--job-id', '95', '--raw', '--subdir', 'DAGS_FOLDER/customer_churn.py', '--cfg-path', '/tmp/tmpjjs1_gwu']
[2025-02-28T08:03:41.398+0000] {standard_task_runner.py:85} INFO - Job 95: Subtask data_preparation_task
[2025-02-28T08:03:41.432+0000] {logging_mixin.py:154} WARNING - /home/***/.local/lib/python3.8/site-packages/***/settings.py:195 DeprecationWarning: The sql_alchemy_conn option in [core] has been moved to the sql_alchemy_conn option in [database] - the old setting has been used, but please update your config.
[2025-02-28T08:03:41.492+0000] {task_command.py:416} INFO - Running <TaskInstance: customer_churn_ml_pipeline.data_preparation_task manual__2025-02-28T08:03:05.741011+00:00 [running]> on host 4470298645d8
[2025-02-28T08:03:41.630+0000] {taskinstance.py:1662} INFO - Exporting env vars: AIRFLOW_CTX_DAG_OWNER='***' AIRFLOW_CTX_DAG_ID='customer_churn_ml_pipeline' AIRFLOW_CTX_TASK_ID='data_preparation_task' AIRFLOW_CTX_EXECUTION_DATE='2025-02-28T08:03:05.741011+00:00' AIRFLOW_CTX_TRY_NUMBER='1' AIRFLOW_CTX_DAG_RUN_ID='manual__2025-02-28T08:03:05.741011+00:00'
[2025-02-28T08:03:41.632+0000] {subprocess.py:63} INFO - Tmp dir root location: /tmp
[2025-02-28T08:03:41.632+0000] {subprocess.py:75} INFO - Running command: ['/bin/bash', '-c', 'python /opt/***/executables/data_preparation.py &&                         dvc add /opt/***/data/cleaned &&                         dvc add /opt/***/visualization &&                         git add /opt/***/data/cleaned.dvc &&                         git add /opt/***/visualization.dvc &&                         git commit -m "Updated cleaned data version" &&                         dvc push\n                    ']
[2025-02-28T08:03:41.643+0000] {subprocess.py:86} INFO - Output:
[2025-02-28T08:03:44.984+0000] {subprocess.py:93} INFO - 2025-02-28 08:03:44,984 : ERROR : Error in preparing data[Errno 2] No such file or directory: 'data/raw/customer_data.csv'
[2025-02-28T08:03:47.892+0000] {subprocess.py:93} INFO - ERROR: you are not inside of a DVC repository (checked up to mount point '/')
[2025-02-28T08:03:48.232+0000] {subprocess.py:97} INFO - Command exited with return code 253
[2025-02-28T08:03:48.272+0000] {taskinstance.py:1937} ERROR - Task failed with exception
Traceback (most recent call last):
  File "/home/airflow/.local/lib/python3.8/site-packages/airflow/operators/bash.py", line 210, in execute
    raise AirflowException(
airflow.exceptions.AirflowException: Bash command failed. The command returned a non-zero exit code 253.
[2025-02-28T08:03:48.289+0000] {taskinstance.py:1400} INFO - Marking task as FAILED. dag_id=customer_churn_ml_pipeline, task_id=data_preparation_task, execution_date=20250228T080305, start_date=20250228T080341, end_date=20250228T080348
[2025-02-28T08:03:48.328+0000] {standard_task_runner.py:104} ERROR - Failed to execute job 95 for task data_preparation_task (Bash command failed. The command returned a non-zero exit code 253.; 5657)
[2025-02-28T08:03:48.348+0000] {local_task_job_runner.py:228} INFO - Task exited with return code 1
[2025-02-28T08:03:48.427+0000] {taskinstance.py:2778} INFO - 0 downstream tasks scheduled from follow-on schedule check
