[2025-03-03T21:20:11.400+0000] {taskinstance.py:1159} INFO - Dependencies all met for dep_context=non-requeueable deps ti=<TaskInstance: customer_churn_ml_pipeline.data_storage_task manual__2025-03-03T21:18:46.843866+00:00 [queued]>
[2025-03-03T21:20:11.414+0000] {taskinstance.py:1159} INFO - Dependencies all met for dep_context=requeueable deps ti=<TaskInstance: customer_churn_ml_pipeline.data_storage_task manual__2025-03-03T21:18:46.843866+00:00 [queued]>
[2025-03-03T21:20:11.414+0000] {taskinstance.py:1361} INFO - Starting attempt 1 of 1
[2025-03-03T21:20:11.431+0000] {taskinstance.py:1382} INFO - Executing <Task(BashOperator): data_storage_task> on 2025-03-03 21:18:46.843866+00:00
[2025-03-03T21:20:11.436+0000] {standard_task_runner.py:57} INFO - Started process 2301 to run task
[2025-03-03T21:20:11.440+0000] {standard_task_runner.py:84} INFO - Running: ['***', 'tasks', 'run', 'customer_churn_ml_pipeline', 'data_storage_task', 'manual__2025-03-03T21:18:46.843866+00:00', '--job-id', '196', '--raw', '--subdir', 'DAGS_FOLDER/customer_churn.py', '--cfg-path', '/tmp/tmp68muvahr']
[2025-03-03T21:20:11.443+0000] {standard_task_runner.py:85} INFO - Job 196: Subtask data_storage_task
[2025-03-03T21:20:11.474+0000] {logging_mixin.py:154} WARNING - /home/***/.local/lib/python3.8/site-packages/***/settings.py:195 DeprecationWarning: The sql_alchemy_conn option in [core] has been moved to the sql_alchemy_conn option in [database] - the old setting has been used, but please update your config.
[2025-03-03T21:20:11.563+0000] {task_command.py:416} INFO - Running <TaskInstance: customer_churn_ml_pipeline.data_storage_task manual__2025-03-03T21:18:46.843866+00:00 [running]> on host 157237bff8f7
[2025-03-03T21:20:11.693+0000] {taskinstance.py:1662} INFO - Exporting env vars: AIRFLOW_CTX_DAG_OWNER='***' AIRFLOW_CTX_DAG_ID='customer_churn_ml_pipeline' AIRFLOW_CTX_TASK_ID='data_storage_task' AIRFLOW_CTX_EXECUTION_DATE='2025-03-03T21:18:46.843866+00:00' AIRFLOW_CTX_TRY_NUMBER='1' AIRFLOW_CTX_DAG_RUN_ID='manual__2025-03-03T21:18:46.843866+00:00'
[2025-03-03T21:20:11.694+0000] {subprocess.py:63} INFO - Tmp dir root location: /tmp
[2025-03-03T21:20:11.695+0000] {subprocess.py:75} INFO - Running command: ['/bin/bash', '-c', '\n\t\t\tcd /opt/***\n                        dvc pull /opt/***/data/transformed\n                        python /opt/***/executables/data_storage.py && \t\t\tgit add logs &&    \t\t\tgit status &&                         git commit -m "Updated stored data version" -a &&                         dvc push && git push\n                    ']
[2025-03-03T21:20:11.705+0000] {subprocess.py:86} INFO - Output:
[2025-03-03T21:20:15.275+0000] {subprocess.py:93} INFO - Everything is up to date.
[2025-03-03T21:20:16.629+0000] {subprocess.py:93} INFO - 2025-03-03 21:20:16,629 : INFO : Starting data storage for customer_data.csv
[2025-03-03T21:20:16.630+0000] {subprocess.py:93} INFO - 2025-03-03 21:20:16,629 : INFO : Connecting to Database
[2025-03-03T21:20:16.657+0000] {subprocess.py:93} INFO - 2025-03-03 21:20:16,657 : INFO : Connecting to Database Successfull
[2025-03-03T21:20:16.657+0000] {subprocess.py:93} INFO - 2025-03-03 21:20:16,657 : INFO : Reading insert script template
[2025-03-03T21:20:16.658+0000] {subprocess.py:93} INFO - 2025-03-03 21:20:16,657 : INFO : Executing script to Database
[2025-03-03T21:20:16.658+0000] {subprocess.py:93} INFO - 2025-03-03 21:20:16,657 : INFO : Inserting data to database
[2025-03-03T21:20:23.026+0000] {subprocess.py:93} INFO - 2025-03-03 21:20:23,025 : INFO : Executed script successfully !!
[2025-03-03T21:20:23.026+0000] {subprocess.py:93} INFO - 2025-03-03 21:20:23,026 : INFO : Connection closed !!
[2025-03-03T21:20:23.029+0000] {subprocess.py:93} INFO - 2025-03-03 21:20:23,029 : INFO : Starting data storage for database_data.csv
[2025-03-03T21:20:23.029+0000] {subprocess.py:93} INFO - 2025-03-03 21:20:23,029 : INFO : Connecting to Database
[2025-03-03T21:20:23.042+0000] {subprocess.py:93} INFO - 2025-03-03 21:20:23,042 : INFO : Connecting to Database Successfull
[2025-03-03T21:20:23.043+0000] {subprocess.py:93} INFO - 2025-03-03 21:20:23,042 : INFO : Reading insert script template
[2025-03-03T21:20:23.043+0000] {subprocess.py:93} INFO - 2025-03-03 21:20:23,042 : INFO : Executing script to Database
[2025-03-03T21:20:23.043+0000] {subprocess.py:93} INFO - 2025-03-03 21:20:23,043 : INFO : Inserting data to database
[2025-03-03T21:20:29.466+0000] {subprocess.py:93} INFO - 2025-03-03 21:20:29,466 : INFO : Executed script successfully !!
[2025-03-03T21:20:29.467+0000] {subprocess.py:93} INFO - 2025-03-03 21:20:29,467 : INFO : Connection closed !!
[2025-03-03T21:20:29.675+0000] {subprocess.py:93} INFO - On branch main
[2025-03-03T21:20:29.676+0000] {subprocess.py:93} INFO - Your branch is up to date with 'origin/main'.
[2025-03-03T21:20:29.676+0000] {subprocess.py:93} INFO - 
[2025-03-03T21:20:29.676+0000] {subprocess.py:93} INFO - Changes to be committed:
[2025-03-03T21:20:29.676+0000] {subprocess.py:93} INFO -   (use "git restore --staged <file>..." to unstage)
[2025-03-03T21:20:29.676+0000] {subprocess.py:93} INFO - 	new file:   logs/dag_id=customer_churn_ml_pipeline/run_id=manual__2025-03-03T21:18:46.843866+00:00/task_id=data_storage_task/attempt=1.log
[2025-03-03T21:20:29.677+0000] {subprocess.py:93} INFO - 	modified:   logs/dag_id=customer_churn_ml_pipeline/run_id=manual__2025-03-03T21:18:46.843866+00:00/task_id=data_transformation_task/attempt=1.log
[2025-03-03T21:20:29.677+0000] {subprocess.py:93} INFO - 	modified:   logs/dag_processor_manager/dag_processor_manager.log
[2025-03-03T21:20:29.677+0000] {subprocess.py:93} INFO - 	modified:   logs/data_storage.log
[2025-03-03T21:20:29.677+0000] {subprocess.py:93} INFO - 	modified:   logs/scheduler/2025-03-03/customer_churn.py.log
[2025-03-03T21:20:29.677+0000] {subprocess.py:93} INFO - 
[2025-03-03T21:20:29.677+0000] {subprocess.py:93} INFO - Untracked files:
[2025-03-03T21:20:29.678+0000] {subprocess.py:93} INFO -   (use "git add <file>..." to include in what will be committed)
[2025-03-03T21:20:29.678+0000] {subprocess.py:93} INFO - 	customer_churn_stats/feature_repo/data/online_store.db
[2025-03-03T21:20:29.678+0000] {subprocess.py:93} INFO - 	customer_churn_stats/feature_repo/data/registry.db
[2025-03-03T21:20:29.678+0000] {subprocess.py:93} INFO - 	models/
[2025-03-03T21:20:29.679+0000] {subprocess.py:93} INFO - 	online.db
[2025-03-03T21:20:29.679+0000] {subprocess.py:93} INFO - 
[2025-03-03T21:20:29.752+0000] {subprocess.py:93} INFO - [main 50e725a] Updated stored data version
[2025-03-03T21:20:29.753+0000] {subprocess.py:93} INFO -  5 files changed, 92 insertions(+)
[2025-03-03T21:20:29.753+0000] {subprocess.py:93} INFO -  create mode 100644 logs/dag_id=customer_churn_ml_pipeline/run_id=manual__2025-03-03T21:18:46.843866+00:00/task_id=data_storage_task/attempt=1.log
[2025-03-03T21:20:34.749+0000] {subprocess.py:93} INFO - Everything is up to date.
[2025-03-03T21:20:37.094+0000] {subprocess.py:93} INFO - To https://github.com/anniemathew-trial/customer_churn_pipeline.git
[2025-03-03T21:20:37.094+0000] {subprocess.py:93} INFO -    002781e..50e725a  main -> main
[2025-03-03T21:20:37.101+0000] {subprocess.py:97} INFO - Command exited with return code 0
[2025-03-03T21:20:37.167+0000] {taskinstance.py:1400} INFO - Marking task as SUCCESS. dag_id=customer_churn_ml_pipeline, task_id=data_storage_task, execution_date=20250303T211846, start_date=20250303T212011, end_date=20250303T212037
[2025-03-03T21:20:37.234+0000] {local_task_job_runner.py:228} INFO - Task exited with return code 0
[2025-03-03T21:20:37.316+0000] {taskinstance.py:2778} INFO - 1 downstream tasks scheduled from follow-on schedule check
