[2025-03-09T12:18:59.628+0000] {taskinstance.py:1159} INFO - Dependencies all met for dep_context=non-requeueable deps ti=<TaskInstance: customer_churn_ml_pipeline.data_ingestion_task manual__2025-03-09T12:18:51.687383+00:00 [queued]>
[2025-03-09T12:18:59.645+0000] {taskinstance.py:1159} INFO - Dependencies all met for dep_context=requeueable deps ti=<TaskInstance: customer_churn_ml_pipeline.data_ingestion_task manual__2025-03-09T12:18:51.687383+00:00 [queued]>
[2025-03-09T12:18:59.645+0000] {taskinstance.py:1361} INFO - Starting attempt 1 of 1
[2025-03-09T12:18:59.673+0000] {taskinstance.py:1382} INFO - Executing <Task(BashOperator): data_ingestion_task> on 2025-03-09 12:18:51.687383+00:00
[2025-03-09T12:18:59.678+0000] {standard_task_runner.py:57} INFO - Started process 5543 to run task
[2025-03-09T12:18:59.682+0000] {standard_task_runner.py:84} INFO - Running: ['***', 'tasks', 'run', 'customer_churn_ml_pipeline', 'data_ingestion_task', 'manual__2025-03-09T12:18:51.687383+00:00', '--job-id', '349', '--raw', '--subdir', 'DAGS_FOLDER/customer_churn.py', '--cfg-path', '/tmp/tmp13m3_367']
[2025-03-09T12:18:59.686+0000] {standard_task_runner.py:85} INFO - Job 349: Subtask data_ingestion_task
[2025-03-09T12:18:59.719+0000] {logging_mixin.py:154} WARNING - /home/***/.local/lib/python3.8/site-packages/***/settings.py:195 DeprecationWarning: The sql_alchemy_conn option in [core] has been moved to the sql_alchemy_conn option in [database] - the old setting has been used, but please update your config.
[2025-03-09T12:18:59.791+0000] {task_command.py:416} INFO - Running <TaskInstance: customer_churn_ml_pipeline.data_ingestion_task manual__2025-03-09T12:18:51.687383+00:00 [running]> on host 157237bff8f7
[2025-03-09T12:18:59.986+0000] {taskinstance.py:1662} INFO - Exporting env vars: AIRFLOW_CTX_DAG_OWNER='***' AIRFLOW_CTX_DAG_ID='customer_churn_ml_pipeline' AIRFLOW_CTX_TASK_ID='data_ingestion_task' AIRFLOW_CTX_EXECUTION_DATE='2025-03-09T12:18:51.687383+00:00' AIRFLOW_CTX_TRY_NUMBER='1' AIRFLOW_CTX_DAG_RUN_ID='manual__2025-03-09T12:18:51.687383+00:00'
[2025-03-09T12:18:59.987+0000] {subprocess.py:63} INFO - Tmp dir root location: /tmp
[2025-03-09T12:18:59.988+0000] {subprocess.py:75} INFO - Running command: ['/bin/bash', '-c', 'python /opt/***/executables/data_ingestion.py && \t\t\tNOW=$(date \'+%d-%m-%Y\') &&\t\t\tcd /opt/*** && \t\t\tgit add logs &&    \t\t\tgit status &&                         git commit -m "Updated data ingestion" -a &&                         git push\n                    ']
[2025-03-09T12:19:00.000+0000] {subprocess.py:86} INFO - Output:
[2025-03-09T12:19:01.181+0000] {subprocess.py:93} INFO - 2025-03-09 12:19:01,180 : INFO : Reading data from CSV file customer_data.csv
[2025-03-09T12:19:01.275+0000] {subprocess.py:93} INFO - 2025-03-09 12:19:01,275 : INFO : Data from CSV customer_data.csv ingested successfully!
[2025-03-09T12:19:01.276+0000] {subprocess.py:93} INFO - 2025-03-09 12:19:01,275 : INFO : Connecting to Database
[2025-03-09T12:19:01.297+0000] {subprocess.py:93} INFO - 2025-03-09 12:19:01,296 : INFO : Connecting to Database Successfull
[2025-03-09T12:19:01.297+0000] {subprocess.py:93} INFO - 2025-03-09 12:19:01,297 : INFO : Reading data from database.
[2025-03-09T12:19:01.728+0000] {subprocess.py:93} INFO - /opt/***/executables/data_ingestion.py:50: UserWarning: pandas only supports SQLAlchemy connectable (engine/connection) or database string URI or sqlite3 DBAPI2 connection. Other DBAPI2 objects are not tested. Please consider using SQLAlchemy.
[2025-03-09T12:19:01.728+0000] {subprocess.py:93} INFO -   data = pd.read_sql(query, connection)
[2025-03-09T12:19:01.729+0000] {subprocess.py:93} INFO - 2025-03-09 12:19:01,727 : INFO : Data from Database ingested successfully!
[2025-03-09T12:19:01.970+0000] {subprocess.py:93} INFO - On branch main
[2025-03-09T12:19:01.970+0000] {subprocess.py:93} INFO - Your branch is up to date with 'origin/main'.
[2025-03-09T12:19:01.970+0000] {subprocess.py:93} INFO - 
[2025-03-09T12:19:01.970+0000] {subprocess.py:93} INFO - Changes to be committed:
[2025-03-09T12:19:01.971+0000] {subprocess.py:93} INFO -   (use "git restore --staged <file>..." to unstage)
[2025-03-09T12:19:01.971+0000] {subprocess.py:93} INFO - 	modified:   logs/dag_id=customer_churn_ml_pipeline/run_id=manual__2025-03-09T12:09:46.285124+00:00/task_id=model_training_task/attempt=1.log
[2025-03-09T12:19:01.971+0000] {subprocess.py:93} INFO - 	new file:   logs/dag_id=customer_churn_ml_pipeline/run_id=manual__2025-03-09T12:18:51.687383+00:00/task_id=data_ingestion_task/attempt=1.log
[2025-03-09T12:19:01.971+0000] {subprocess.py:93} INFO - 	new file:   logs/dag_id=customer_churn_ml_pipeline/run_id=manual__2025-03-09T12:18:51.687383+00:00/task_id=pull_latest_codes/attempt=1.log
[2025-03-09T12:19:01.971+0000] {subprocess.py:93} INFO - 	modified:   logs/dag_processor_manager/dag_processor_manager.log
[2025-03-09T12:19:01.972+0000] {subprocess.py:93} INFO - 	modified:   logs/data_ingestion.log
[2025-03-09T12:19:01.972+0000] {subprocess.py:93} INFO - 	modified:   logs/scheduler/2025-03-09/customer_churn.py.log
[2025-03-09T12:19:01.972+0000] {subprocess.py:93} INFO - 
[2025-03-09T12:19:01.972+0000] {subprocess.py:93} INFO - Changes not staged for commit:
[2025-03-09T12:19:01.972+0000] {subprocess.py:93} INFO -   (use "git add <file>..." to update what will be committed)
[2025-03-09T12:19:01.972+0000] {subprocess.py:93} INFO -   (use "git restore <file>..." to discard changes in working directory)
[2025-03-09T12:19:01.973+0000] {subprocess.py:93} INFO - 	modified:   logs/scheduler/2025-03-09/customer_churn.py.log
[2025-03-09T12:19:01.973+0000] {subprocess.py:93} INFO - 
[2025-03-09T12:19:01.973+0000] {subprocess.py:93} INFO - Untracked files:
[2025-03-09T12:19:01.973+0000] {subprocess.py:93} INFO -   (use "git add <file>..." to include in what will be committed)
[2025-03-09T12:19:01.973+0000] {subprocess.py:93} INFO - 	customer_churn_stats/feature_repo/data/online_store.db
[2025-03-09T12:19:01.973+0000] {subprocess.py:93} INFO - 	customer_churn_stats/feature_repo/data/registry.db
[2025-03-09T12:19:01.974+0000] {subprocess.py:93} INFO - 	mlartifacts/
[2025-03-09T12:19:01.974+0000] {subprocess.py:93} INFO - 	models/
[2025-03-09T12:19:01.974+0000] {subprocess.py:93} INFO - 	online.db
[2025-03-09T12:19:01.974+0000] {subprocess.py:93} INFO - 
[2025-03-09T12:19:02.071+0000] {subprocess.py:93} INFO - [main 61f46c6] Updated data ingestion
[2025-03-09T12:19:02.071+0000] {subprocess.py:93} INFO -  6 files changed, 356 insertions(+)
[2025-03-09T12:19:02.072+0000] {subprocess.py:93} INFO -  create mode 100644 logs/dag_id=customer_churn_ml_pipeline/run_id=manual__2025-03-09T12:18:51.687383+00:00/task_id=data_ingestion_task/attempt=1.log
[2025-03-09T12:19:02.072+0000] {subprocess.py:93} INFO -  create mode 100644 logs/dag_id=customer_churn_ml_pipeline/run_id=manual__2025-03-09T12:18:51.687383+00:00/task_id=pull_latest_codes/attempt=1.log
[2025-03-09T12:19:03.795+0000] {subprocess.py:93} INFO - To https://github.com/anniemathew-trial/customer_churn_pipeline.git
[2025-03-09T12:19:03.795+0000] {subprocess.py:93} INFO -    d9df90c..61f46c6  main -> main
[2025-03-09T12:19:03.800+0000] {subprocess.py:97} INFO - Command exited with return code 0
[2025-03-09T12:19:03.838+0000] {taskinstance.py:1400} INFO - Marking task as SUCCESS. dag_id=customer_churn_ml_pipeline, task_id=data_ingestion_task, execution_date=20250309T121851, start_date=20250309T121859, end_date=20250309T121903
[2025-03-09T12:19:03.879+0000] {local_task_job_runner.py:228} INFO - Task exited with return code 0
[2025-03-09T12:19:03.915+0000] {taskinstance.py:2778} INFO - 1 downstream tasks scheduled from follow-on schedule check
