[2025-03-03T21:17:04.278+0000] {taskinstance.py:1159} INFO - Dependencies all met for dep_context=non-requeueable deps ti=<TaskInstance: customer_churn_ml_pipeline.model_training_task manual__2025-03-03T21:13:14.978853+00:00 [queued]>
[2025-03-03T21:17:04.342+0000] {taskinstance.py:1159} INFO - Dependencies all met for dep_context=requeueable deps ti=<TaskInstance: customer_churn_ml_pipeline.model_training_task manual__2025-03-03T21:13:14.978853+00:00 [queued]>
[2025-03-03T21:17:04.342+0000] {taskinstance.py:1361} INFO - Starting attempt 1 of 1
[2025-03-03T21:17:04.446+0000] {taskinstance.py:1382} INFO - Executing <Task(BashOperator): model_training_task> on 2025-03-03 21:13:14.978853+00:00
[2025-03-03T21:17:04.461+0000] {standard_task_runner.py:57} INFO - Started process 1851 to run task
[2025-03-03T21:17:04.471+0000] {standard_task_runner.py:84} INFO - Running: ['***', 'tasks', 'run', 'customer_churn_ml_pipeline', 'model_training_task', 'manual__2025-03-03T21:13:14.978853+00:00', '--job-id', '189', '--raw', '--subdir', 'DAGS_FOLDER/customer_churn.py', '--cfg-path', '/tmp/tmp3_m7v5ew']
[2025-03-03T21:17:04.485+0000] {standard_task_runner.py:85} INFO - Job 189: Subtask model_training_task
[2025-03-03T21:17:04.578+0000] {logging_mixin.py:154} WARNING - /home/***/.local/lib/python3.8/site-packages/***/settings.py:195 DeprecationWarning: The sql_alchemy_conn option in [core] has been moved to the sql_alchemy_conn option in [database] - the old setting has been used, but please update your config.
[2025-03-03T21:17:04.840+0000] {task_command.py:416} INFO - Running <TaskInstance: customer_churn_ml_pipeline.model_training_task manual__2025-03-03T21:13:14.978853+00:00 [running]> on host 157237bff8f7
[2025-03-03T21:17:05.634+0000] {taskinstance.py:1662} INFO - Exporting env vars: AIRFLOW_CTX_DAG_OWNER='***' AIRFLOW_CTX_DAG_ID='customer_churn_ml_pipeline' AIRFLOW_CTX_TASK_ID='model_training_task' AIRFLOW_CTX_EXECUTION_DATE='2025-03-03T21:13:14.978853+00:00' AIRFLOW_CTX_TRY_NUMBER='1' AIRFLOW_CTX_DAG_RUN_ID='manual__2025-03-03T21:13:14.978853+00:00'
[2025-03-03T21:17:05.644+0000] {subprocess.py:63} INFO - Tmp dir root location: /tmp
[2025-03-03T21:17:05.647+0000] {subprocess.py:75} INFO - Running command: ['/bin/bash', '-c', '\n\t    \t\tcd /opt/***\n       \t\t\t    python /opt/***/executables/model_training.py && \t      \t\t    git add logs && \t      \t\t    git add mlruns && \t        \t    git status &&                             git commit -m "Trained model version" -a && \\    \n\t\t\t    git push\n                        ']
[2025-03-03T21:17:05.717+0000] {subprocess.py:86} INFO - Output:
[2025-03-03T21:17:18.860+0000] {subprocess.py:93} INFO - /home/***/.local/lib/python3.8/site-packages/mlflow/gateway/config.py:64: PydanticDeprecatedSince20: Pydantic V1 style `@validator` validators are deprecated. You should migrate to Pydantic V2 style `@field_validator` validators, see the migration guide for more details. Deprecated in Pydantic V2.0 to be removed in V3.0. See Pydantic V2 Migration Guide at https://errors.pydantic.dev/2.4/migration/
[2025-03-03T21:17:18.861+0000] {subprocess.py:93} INFO -   @validator("togetherai_api_key", pre=True)
[2025-03-03T21:17:18.861+0000] {subprocess.py:93} INFO - /home/***/.local/lib/python3.8/site-packages/mlflow/gateway/config.py:372: PydanticDeprecatedSince20: Pydantic V1 style `@root_validator` validators are deprecated. You should migrate to Pydantic V2 style `@model_validator` validators, see the migration guide for more details. Deprecated in Pydantic V2.0 to be removed in V3.0. See Pydantic V2 Migration Guide at https://errors.pydantic.dev/2.4/migration/
[2025-03-03T21:17:18.861+0000] {subprocess.py:93} INFO -   @root_validator(skip_on_failure=True)
[2025-03-03T21:17:18.862+0000] {subprocess.py:93} INFO - /home/***/.local/lib/python3.8/site-packages/pydantic/_internal/_config.py:267: PydanticDeprecatedSince20: Support for class-based `config` is deprecated, use ConfigDict instead. Deprecated in Pydantic V2.0 to be removed in V3.0. See Pydantic V2 Migration Guide at https://errors.pydantic.dev/2.4/migration/
[2025-03-03T21:17:18.862+0000] {subprocess.py:93} INFO -   warnings.warn(DEPRECATION_MESSAGE, DeprecationWarning)
[2025-03-03T21:17:18.862+0000] {subprocess.py:93} INFO - 2025-03-03 21:17:18,860 : INFO : Starting model training
[2025-03-03T21:17:18.882+0000] {subprocess.py:93} INFO - 2025-03-03 21:17:18,881 : INFO : Registry cache expired, so refreshing
[2025-03-03T21:17:18.892+0000] {subprocess.py:93} INFO - 2025-03-03 21:17:18,892 : INFO : Getting data
[2025-03-03T21:17:18.894+0000] {subprocess.py:93} INFO - 2025-03-03 21:17:18,893 : INFO : Start and End Range: 1 to 1000
[2025-03-03T21:17:19.562+0000] {subprocess.py:93} INFO - 2025-03-03 21:17:19,561 : INFO : Data fetched: 999
[2025-03-03T21:17:19.562+0000] {subprocess.py:93} INFO - 2025-03-03 21:17:19,562 : INFO : New Start and End Range: 1001 to 2000
[2025-03-03T21:17:19.562+0000] {subprocess.py:93} INFO - 2025-03-03 21:17:19,562 : INFO : Start and End Range: 1001 to 2000
[2025-03-03T21:17:19.921+0000] {subprocess.py:93} INFO - 2025-03-03 21:17:19,921 : INFO : Data fetched: 999
[2025-03-03T21:17:19.921+0000] {subprocess.py:93} INFO - 2025-03-03 21:17:19,921 : INFO : New Start and End Range: 3001 to 4000
[2025-03-03T21:17:19.922+0000] {subprocess.py:93} INFO - 2025-03-03 21:17:19,921 : INFO : Start and End Range: 3001 to 4000
[2025-03-03T21:17:20.543+0000] {subprocess.py:93} INFO - 2025-03-03 21:17:20,543 : INFO : Data fetched: 999
[2025-03-03T21:17:20.544+0000] {subprocess.py:93} INFO - 2025-03-03 21:17:20,543 : INFO : New Start and End Range: 7001 to 8000
[2025-03-03T21:17:20.544+0000] {subprocess.py:93} INFO - 2025-03-03 21:17:20,544 : INFO : Start and End Range: 7001 to 8000
[2025-03-03T21:17:20.978+0000] {subprocess.py:93} INFO - 2025-03-03 21:17:20,978 : INFO : Data fetched: 999
[2025-03-03T21:17:20.978+0000] {subprocess.py:93} INFO - 2025-03-03 21:17:20,978 : INFO : New Start and End Range: 15001 to 16000
[2025-03-03T21:17:20.979+0000] {subprocess.py:93} INFO - 2025-03-03 21:17:20,978 : INFO : Start and End Range: 15001 to 16000
[2025-03-03T21:17:21.545+0000] {subprocess.py:93} INFO - 2025-03-03 21:17:21,545 : INFO : Data fetched: 999
[2025-03-03T21:17:21.546+0000] {subprocess.py:93} INFO - 2025-03-03 21:17:21,545 : INFO : New Start and End Range: 31001 to 32000
[2025-03-03T21:17:21.546+0000] {subprocess.py:93} INFO - 2025-03-03 21:17:21,546 : INFO : Start and End Range: 31001 to 32000
[2025-03-03T21:17:21.766+0000] {subprocess.py:93} INFO - 2025-03-03 21:17:21,765 : INFO : Data fetched: 999
[2025-03-03T21:17:21.766+0000] {subprocess.py:93} INFO - 2025-03-03 21:17:21,766 : INFO : New Start and End Range: 63001 to 64000
[2025-03-03T21:17:21.766+0000] {subprocess.py:93} INFO - 2025-03-03 21:17:21,766 : INFO : Start and End Range: 63001 to 64000
[2025-03-03T21:17:21.870+0000] {subprocess.py:93} INFO - 2025-03-03 21:17:21,870 : INFO : Reached End of Data
[2025-03-03T21:17:21.873+0000] {subprocess.py:93} INFO - 2025-03-03 21:17:21,872 : INFO : Stoping at Start and End Range: 63001 to 64000
[2025-03-03T21:17:21.873+0000] {subprocess.py:93} INFO - 2025-03-03 21:17:21,873 : INFO : Created feature data
[2025-03-03T21:17:21.873+0000] {subprocess.py:93} INFO - 2025-03-03 21:17:21,873 : INFO : Total Data fetched: 6
[2025-03-03T21:17:21.878+0000] {subprocess.py:93} INFO - 2025-03-03 21:17:21,878 : INFO : received feature data
[2025-03-03T21:17:21.883+0000] {subprocess.py:93} INFO - 2025-03-03 21:17:21,883 : INFO : Models defined
[2025-03-03T21:17:21.883+0000] {subprocess.py:93} INFO - 2025-03-03 21:17:21,883 : INFO : Training model RandomForest
[2025-03-03T21:17:23.042+0000] {subprocess.py:93} INFO - 2025-03-03 21:17:23,042 : INFO : Predicting model RandomForest
[2025-03-03T21:17:23.072+0000] {subprocess.py:93} INFO - 2025-03-03 21:17:23,072 : INFO : Calculating accuracy RandomForest
[2025-03-03T21:17:23.339+0000] {subprocess.py:93} INFO - 2025-03-03 21:17:23,338 : WARNING : Retrying (JitteredRetry(total=4, connect=4, read=5, redirect=5, status=5)) after connection broken by 'NewConnectionError('<urllib3.connection.HTTPConnection object at 0x7f53abbf37f0>: Failed to establish a new connection: [Errno 111] Connection refused')': /api/2.0/mlflow/runs/create
[2025-03-03T21:17:27.345+0000] {subprocess.py:93} INFO - 2025-03-03 21:17:27,344 : WARNING : Retrying (JitteredRetry(total=3, connect=3, read=5, redirect=5, status=5)) after connection broken by 'NewConnectionError('<urllib3.connection.HTTPConnection object at 0x7f53abbf36a0>: Failed to establish a new connection: [Errno 111] Connection refused')': /api/2.0/mlflow/runs/create
[2025-03-03T21:17:35.355+0000] {subprocess.py:93} INFO - 2025-03-03 21:17:35,355 : WARNING : Retrying (JitteredRetry(total=2, connect=2, read=5, redirect=5, status=5)) after connection broken by 'NewConnectionError('<urllib3.connection.HTTPConnection object at 0x7f53abbf3a30>: Failed to establish a new connection: [Errno 111] Connection refused')': /api/2.0/mlflow/runs/create
[2025-03-03T21:17:51.370+0000] {subprocess.py:93} INFO - 2025-03-03 21:17:51,369 : WARNING : Retrying (JitteredRetry(total=1, connect=1, read=5, redirect=5, status=5)) after connection broken by 'NewConnectionError('<urllib3.connection.HTTPConnection object at 0x7f53abbf3e80>: Failed to establish a new connection: [Errno 111] Connection refused')': /api/2.0/mlflow/runs/create
[2025-03-03T21:18:23.388+0000] {subprocess.py:93} INFO - 2025-03-03 21:18:23,386 : WARNING : Retrying (JitteredRetry(total=0, connect=0, read=5, redirect=5, status=5)) after connection broken by 'NewConnectionError('<urllib3.connection.HTTPConnection object at 0x7f53abd8a760>: Failed to establish a new connection: [Errno 111] Connection refused')': /api/2.0/mlflow/runs/create
[2025-03-03T21:18:23.391+0000] {subprocess.py:93} INFO - Error in model training: API request to http://localhost:5000/api/2.0/mlflow/runs/create failed with exception HTTPConnectionPool(host='localhost', port=5000): Max retries exceeded with url: /api/2.0/mlflow/runs/create (Caused by NewConnectionError('<urllib3.connection.HTTPConnection object at 0x7f53abd8abb0>: Failed to establish a new connection: [Errno 111] Connection refused'))
[2025-03-03T21:18:24.081+0000] {subprocess.py:93} INFO - On branch main
[2025-03-03T21:18:24.081+0000] {subprocess.py:93} INFO - Your branch is up to date with 'origin/main'.
[2025-03-03T21:18:24.081+0000] {subprocess.py:93} INFO - 
[2025-03-03T21:18:24.081+0000] {subprocess.py:93} INFO - Changes to be committed:
[2025-03-03T21:18:24.082+0000] {subprocess.py:93} INFO -   (use "git restore --staged <file>..." to unstage)
[2025-03-03T21:18:24.082+0000] {subprocess.py:93} INFO - 	modified:   logs/dag_id=customer_churn_ml_pipeline/run_id=manual__2025-03-03T21:13:14.978853+00:00/task_id=feature_store_task/attempt=1.log
[2025-03-03T21:18:24.082+0000] {subprocess.py:93} INFO - 	new file:   logs/dag_id=customer_churn_ml_pipeline/run_id=manual__2025-03-03T21:13:14.978853+00:00/task_id=model_training_task/attempt=1.log
[2025-03-03T21:18:24.082+0000] {subprocess.py:93} INFO - 	modified:   logs/dag_processor_manager/dag_processor_manager.log
[2025-03-03T21:18:24.082+0000] {subprocess.py:93} INFO - 	modified:   logs/model_training.log
[2025-03-03T21:18:24.082+0000] {subprocess.py:93} INFO - 	modified:   logs/scheduler/2025-03-03/customer_churn.py.log
[2025-03-03T21:18:24.082+0000] {subprocess.py:93} INFO - 
[2025-03-03T21:18:24.082+0000] {subprocess.py:93} INFO - Untracked files:
[2025-03-03T21:18:24.083+0000] {subprocess.py:93} INFO -   (use "git add <file>..." to include in what will be committed)
[2025-03-03T21:18:24.083+0000] {subprocess.py:93} INFO - 	customer_churn_stats/feature_repo/data/online_store.db
[2025-03-03T21:18:24.083+0000] {subprocess.py:93} INFO - 	customer_churn_stats/feature_repo/data/registry.db
[2025-03-03T21:18:24.083+0000] {subprocess.py:93} INFO - 	models/
[2025-03-03T21:18:24.083+0000] {subprocess.py:93} INFO - 	online.db
[2025-03-03T21:18:24.083+0000] {subprocess.py:93} INFO - 
[2025-03-03T21:18:24.133+0000] {subprocess.py:93} INFO - [main 546ed82] Trained model version
[2025-03-03T21:18:24.134+0000] {subprocess.py:93} INFO -  5 files changed, 164 insertions(+)
[2025-03-03T21:18:24.134+0000] {subprocess.py:93} INFO -  create mode 100644 logs/dag_id=customer_churn_ml_pipeline/run_id=manual__2025-03-03T21:13:14.978853+00:00/task_id=model_training_task/attempt=1.log
[2025-03-03T21:18:24.134+0000] {subprocess.py:93} INFO - /bin/bash: line 3:  : command not found
[2025-03-03T21:18:26.416+0000] {subprocess.py:93} INFO - To https://github.com/anniemathew-trial/customer_churn_pipeline.git
[2025-03-03T21:18:26.417+0000] {subprocess.py:93} INFO -    db86a0d..546ed82  main -> main
[2025-03-03T21:18:26.427+0000] {subprocess.py:97} INFO - Command exited with return code 0
[2025-03-03T21:18:26.477+0000] {taskinstance.py:1400} INFO - Marking task as SUCCESS. dag_id=customer_churn_ml_pipeline, task_id=model_training_task, execution_date=20250303T211314, start_date=20250303T211704, end_date=20250303T211826
[2025-03-03T21:18:26.499+0000] {local_task_job_runner.py:228} INFO - Task exited with return code 0
[2025-03-03T21:18:26.545+0000] {taskinstance.py:2778} INFO - 0 downstream tasks scheduled from follow-on schedule check
