[2025-02-28T06:16:12.288+0000] {taskinstance.py:1159} INFO - Dependencies all met for dep_context=non-requeueable deps ti=<TaskInstance: customer_churn_ml_pipeline.data_ingestion_task manual__2025-02-28T06:16:05.640644+00:00 [queued]>
[2025-02-28T06:16:12.319+0000] {taskinstance.py:1159} INFO - Dependencies all met for dep_context=requeueable deps ti=<TaskInstance: customer_churn_ml_pipeline.data_ingestion_task manual__2025-02-28T06:16:05.640644+00:00 [queued]>
[2025-02-28T06:16:12.320+0000] {taskinstance.py:1361} INFO - Starting attempt 1 of 1
[2025-02-28T06:16:12.366+0000] {taskinstance.py:1382} INFO - Executing <Task(BashOperator): data_ingestion_task> on 2025-02-28 06:16:05.640644+00:00
[2025-02-28T06:16:12.375+0000] {standard_task_runner.py:57} INFO - Started process 9809 to run task
[2025-02-28T06:16:12.383+0000] {standard_task_runner.py:84} INFO - Running: ['***', 'tasks', 'run', 'customer_churn_ml_pipeline', 'data_ingestion_task', 'manual__2025-02-28T06:16:05.640644+00:00', '--job-id', '47', '--raw', '--subdir', 'DAGS_FOLDER/customer_churn.py', '--cfg-path', '/tmp/tmphncx58yh']
[2025-02-28T06:16:12.388+0000] {standard_task_runner.py:85} INFO - Job 47: Subtask data_ingestion_task
[2025-02-28T06:16:12.432+0000] {logging_mixin.py:154} WARNING - /home/***/.local/lib/python3.8/site-packages/***/settings.py:195 DeprecationWarning: The sql_alchemy_conn option in [core] has been moved to the sql_alchemy_conn option in [database] - the old setting has been used, but please update your config.
[2025-02-28T06:16:12.533+0000] {task_command.py:416} INFO - Running <TaskInstance: customer_churn_ml_pipeline.data_ingestion_task manual__2025-02-28T06:16:05.640644+00:00 [running]> on host 4470298645d8
[2025-02-28T06:16:12.839+0000] {taskinstance.py:1662} INFO - Exporting env vars: AIRFLOW_CTX_DAG_OWNER='***' AIRFLOW_CTX_DAG_ID='customer_churn_ml_pipeline' AIRFLOW_CTX_TASK_ID='data_ingestion_task' AIRFLOW_CTX_EXECUTION_DATE='2025-02-28T06:16:05.640644+00:00' AIRFLOW_CTX_TRY_NUMBER='1' AIRFLOW_CTX_DAG_RUN_ID='manual__2025-02-28T06:16:05.640644+00:00'
[2025-02-28T06:16:12.841+0000] {subprocess.py:63} INFO - Tmp dir root location: /tmp
[2025-02-28T06:16:12.843+0000] {subprocess.py:75} INFO - Running command: ['/bin/bash', '-c', 'python /opt/***/executables/data_ingestion.py && \t\t\tcd /opt/*** && \t\t\tgit rm -r --cached \'data/raw\'\n\t\t\tgit commit -m "stop tracking data/raw"\n                        dvc add /opt/***/data/raw &&                         git add /opt/***/data/raw.dvc &&                         git commit -m "Updated raw data version" -a &&                         dvc push && git push\n                    ']
[2025-02-28T06:16:12.858+0000] {subprocess.py:86} INFO - Output:
[2025-02-28T06:16:15.033+0000] {subprocess.py:93} INFO - /opt/***/executables/data_ingestion.py:46: UserWarning: pandas only supports SQLAlchemy connectable (engine/connection) or database string URI or sqlite3 DBAPI2 connection. Other DBAPI2 objects are not tested. Please consider using SQLAlchemy.
[2025-02-28T06:16:15.033+0000] {subprocess.py:93} INFO -   data = pd.read_sql(query, connection)
[2025-02-28T06:16:15.204+0000] {subprocess.py:93} INFO - fatal: pathspec 'data/raw' did not match any files
[2025-02-28T06:16:15.209+0000] {subprocess.py:93} INFO - On branch main
[2025-02-28T06:16:15.210+0000] {subprocess.py:93} INFO - Your branch is ahead of 'origin/main' by 12 commits.
[2025-02-28T06:16:15.211+0000] {subprocess.py:93} INFO -   (use "git push" to publish your local commits)
[2025-02-28T06:16:15.211+0000] {subprocess.py:93} INFO - 
[2025-02-28T06:16:15.211+0000] {subprocess.py:93} INFO - Changes not staged for commit:
[2025-02-28T06:16:15.211+0000] {subprocess.py:93} INFO -   (use "git add <file>..." to update what will be committed)
[2025-02-28T06:16:15.212+0000] {subprocess.py:93} INFO -   (use "git restore <file>..." to discard changes in working directory)
[2025-02-28T06:16:15.212+0000] {subprocess.py:93} INFO - 	modified:   logs/dag_processor_manager/dag_processor_manager.log
[2025-02-28T06:16:15.212+0000] {subprocess.py:93} INFO - 	modified:   logs/data_ingestion.log
[2025-02-28T06:16:15.212+0000] {subprocess.py:93} INFO - 	modified:   logs/scheduler/2025-02-28/customer_churn.py.log
[2025-02-28T06:16:15.213+0000] {subprocess.py:93} INFO - 
[2025-02-28T06:16:15.213+0000] {subprocess.py:93} INFO - Untracked files:
[2025-02-28T06:16:15.213+0000] {subprocess.py:93} INFO -   (use "git add <file>..." to include in what will be committed)
[2025-02-28T06:16:15.213+0000] {subprocess.py:93} INFO - 	data/.gitignore
[2025-02-28T06:16:15.213+0000] {subprocess.py:93} INFO - 	logs/dag_id=customer_churn_ml_pipeline/run_id=manual__2025-02-28T03:47:06.239601+00:00/
[2025-02-28T06:16:15.214+0000] {subprocess.py:93} INFO - 	logs/dag_id=customer_churn_ml_pipeline/run_id=manual__2025-02-28T03:56:07.184589+00:00/
[2025-02-28T06:16:15.214+0000] {subprocess.py:93} INFO - 	logs/dag_id=customer_churn_ml_pipeline/run_id=manual__2025-02-28T04:01:35.537178+00:00/
[2025-02-28T06:16:15.214+0000] {subprocess.py:93} INFO - 	logs/dag_id=customer_churn_ml_pipeline/run_id=manual__2025-02-28T04:03:50.126562+00:00/
[2025-02-28T06:16:15.214+0000] {subprocess.py:93} INFO - 	logs/dag_id=customer_churn_ml_pipeline/run_id=manual__2025-02-28T04:07:47.368418+00:00/
[2025-02-28T06:16:15.214+0000] {subprocess.py:93} INFO - 	logs/dag_id=customer_churn_ml_pipeline/run_id=manual__2025-02-28T04:09:55.332256+00:00/
[2025-02-28T06:16:15.214+0000] {subprocess.py:93} INFO - 	logs/dag_id=customer_churn_ml_pipeline/run_id=manual__2025-02-28T04:35:17.945041+00:00/
[2025-02-28T06:16:15.215+0000] {subprocess.py:93} INFO - 	logs/dag_id=customer_churn_ml_pipeline/run_id=manual__2025-02-28T04:42:35.414349+00:00/
[2025-02-28T06:16:15.215+0000] {subprocess.py:93} INFO - 	logs/dag_id=customer_churn_ml_pipeline/run_id=manual__2025-02-28T04:45:15.524968+00:00/
[2025-02-28T06:16:15.215+0000] {subprocess.py:93} INFO - 	logs/dag_id=customer_churn_ml_pipeline/run_id=manual__2025-02-28T04:48:28.220767+00:00/
[2025-02-28T06:16:15.215+0000] {subprocess.py:93} INFO - 	logs/dag_id=customer_churn_ml_pipeline/run_id=manual__2025-02-28T04:49:39.209814+00:00/
[2025-02-28T06:16:15.215+0000] {subprocess.py:93} INFO - 	logs/dag_id=customer_churn_ml_pipeline/run_id=manual__2025-02-28T06:13:38.375524+00:00/
[2025-02-28T06:16:15.216+0000] {subprocess.py:93} INFO - 	logs/dag_id=customer_churn_ml_pipeline/run_id=manual__2025-02-28T06:15:09.828715+00:00/
[2025-02-28T06:16:15.216+0000] {subprocess.py:93} INFO - 	logs/dag_id=customer_churn_ml_pipeline/run_id=manual__2025-02-28T06:16:05.640644+00:00/
[2025-02-28T06:16:15.216+0000] {subprocess.py:93} INFO - 
[2025-02-28T06:16:15.216+0000] {subprocess.py:93} INFO - no changes added to commit (use "git add" and/or "git commit -a")
[2025-02-28T06:16:17.084+0000] {subprocess.py:93} INFO - 
[2025-02-28T06:16:17.084+0000] {subprocess.py:93} INFO - To track the changes with git, run:
[2025-02-28T06:16:17.084+0000] {subprocess.py:93} INFO - 
[2025-02-28T06:16:17.085+0000] {subprocess.py:93} INFO - 	git add data/raw.dvc
[2025-02-28T06:16:17.085+0000] {subprocess.py:93} INFO - 
[2025-02-28T06:16:17.087+0000] {subprocess.py:93} INFO - To enable auto staging, run:
[2025-02-28T06:16:17.087+0000] {subprocess.py:93} INFO - 
[2025-02-28T06:16:17.088+0000] {subprocess.py:93} INFO - 	dvc config core.autostage true
[2025-02-28T06:16:17.443+0000] {subprocess.py:93} INFO - [main 1b450ff] Updated raw data version
[2025-02-28T06:16:17.444+0000] {subprocess.py:93} INFO -  3 files changed, 29 insertions(+)
[2025-02-28T06:16:22.386+0000] {subprocess.py:93} INFO - Everything is up to date.
[2025-02-28T06:16:25.134+0000] {subprocess.py:93} INFO - To https://github.com/anniemathew-trial/customer_churn_pipeline.git
[2025-02-28T06:16:25.134+0000] {subprocess.py:93} INFO -    c139191..1b450ff  main -> main
[2025-02-28T06:16:25.139+0000] {subprocess.py:97} INFO - Command exited with return code 0
[2025-02-28T06:16:25.181+0000] {taskinstance.py:1400} INFO - Marking task as SUCCESS. dag_id=customer_churn_ml_pipeline, task_id=data_ingestion_task, execution_date=20250228T061605, start_date=20250228T061612, end_date=20250228T061625
[2025-02-28T06:16:25.224+0000] {local_task_job_runner.py:228} INFO - Task exited with return code 0
[2025-02-28T06:16:25.262+0000] {taskinstance.py:2778} INFO - 1 downstream tasks scheduled from follow-on schedule check
