[2025-03-09T11:10:54.128+0000] {taskinstance.py:1159} INFO - Dependencies all met for dep_context=non-requeueable deps ti=<TaskInstance: customer_churn_ml_pipeline.data_transformation_task manual__2025-03-09T11:09:34.940904+00:00 [queued]>
[2025-03-09T11:10:54.146+0000] {taskinstance.py:1159} INFO - Dependencies all met for dep_context=requeueable deps ti=<TaskInstance: customer_churn_ml_pipeline.data_transformation_task manual__2025-03-09T11:09:34.940904+00:00 [queued]>
[2025-03-09T11:10:54.147+0000] {taskinstance.py:1361} INFO - Starting attempt 1 of 1
[2025-03-09T11:10:54.174+0000] {taskinstance.py:1382} INFO - Executing <Task(BashOperator): data_transformation_task> on 2025-03-09 11:09:34.940904+00:00
[2025-03-09T11:10:54.179+0000] {standard_task_runner.py:57} INFO - Started process 1759 to run task
[2025-03-09T11:10:54.184+0000] {standard_task_runner.py:84} INFO - Running: ['***', 'tasks', 'run', 'customer_churn_ml_pipeline', 'data_transformation_task', 'manual__2025-03-09T11:09:34.940904+00:00', '--job-id', '308', '--raw', '--subdir', 'DAGS_FOLDER/customer_churn.py', '--cfg-path', '/tmp/tmpwbd800lc']
[2025-03-09T11:10:54.187+0000] {standard_task_runner.py:85} INFO - Job 308: Subtask data_transformation_task
[2025-03-09T11:10:54.218+0000] {logging_mixin.py:154} WARNING - /home/***/.local/lib/python3.8/site-packages/***/settings.py:195 DeprecationWarning: The sql_alchemy_conn option in [core] has been moved to the sql_alchemy_conn option in [database] - the old setting has been used, but please update your config.
[2025-03-09T11:10:54.291+0000] {task_command.py:416} INFO - Running <TaskInstance: customer_churn_ml_pipeline.data_transformation_task manual__2025-03-09T11:09:34.940904+00:00 [running]> on host 157237bff8f7
[2025-03-09T11:10:54.480+0000] {taskinstance.py:1662} INFO - Exporting env vars: AIRFLOW_CTX_DAG_OWNER='***' AIRFLOW_CTX_DAG_ID='customer_churn_ml_pipeline' AIRFLOW_CTX_TASK_ID='data_transformation_task' AIRFLOW_CTX_EXECUTION_DATE='2025-03-09T11:09:34.940904+00:00' AIRFLOW_CTX_TRY_NUMBER='1' AIRFLOW_CTX_DAG_RUN_ID='manual__2025-03-09T11:09:34.940904+00:00'
[2025-03-09T11:10:54.481+0000] {subprocess.py:63} INFO - Tmp dir root location: /tmp
[2025-03-09T11:10:54.482+0000] {subprocess.py:75} INFO - Running command: ['/bin/bash', '-c', '\n\t\t\tcd /opt/*** &&                        dvc pull /opt/***/data/cleaned\n                        python /opt/***/executables/data_transformation.py &&                         dvc add /opt/***/data/transformed &&                         git add /opt/***/data/transformed.dvc && \t\t\tgit add logs &&    \t\t\tgit status &&                         git commit -m "Updated transformed data version" -a &&                         dvc push && git push\n                    ']
[2025-03-09T11:10:54.494+0000] {subprocess.py:86} INFO - Output:
[2025-03-09T11:10:58.874+0000] {subprocess.py:93} INFO - Everything is up to date.
[2025-03-09T11:11:01.412+0000] {subprocess.py:93} INFO - 2025-03-09 11:11:01,412 : INFO : Starting data transformation for csv.
[2025-03-09T11:11:01.442+0000] {subprocess.py:93} INFO - 2025-03-09 11:11:01,442 : INFO : Scaling 'Balance', 'EstimatedSalary'.
[2025-03-09T11:11:01.448+0000] {subprocess.py:93} INFO - 2025-03-09 11:11:01,448 : INFO : Saving data to S3.
[2025-03-09T11:11:04.563+0000] {subprocess.py:93} INFO - 2025-03-09 11:11:04,563 : INFO : Starting data transformation for csv.
[2025-03-09T11:11:04.587+0000] {subprocess.py:93} INFO - 2025-03-09 11:11:04,587 : INFO : Scaling 'Balance', 'EstimatedSalary'.
[2025-03-09T11:11:04.592+0000] {subprocess.py:93} INFO - 2025-03-09 11:11:04,592 : INFO : Saving data to S3.
[2025-03-09T11:11:08.977+0000] {subprocess.py:93} INFO - 
[2025-03-09T11:11:08.978+0000] {subprocess.py:93} INFO - To track the changes with git, run:
[2025-03-09T11:11:08.978+0000] {subprocess.py:93} INFO - 
[2025-03-09T11:11:08.979+0000] {subprocess.py:93} INFO - 	git add data/transformed.dvc
[2025-03-09T11:11:08.979+0000] {subprocess.py:93} INFO - 
[2025-03-09T11:11:08.979+0000] {subprocess.py:93} INFO - To enable auto staging, run:
[2025-03-09T11:11:08.980+0000] {subprocess.py:93} INFO - 
[2025-03-09T11:11:08.980+0000] {subprocess.py:93} INFO - 	dvc config core.autostage true
[2025-03-09T11:11:09.350+0000] {subprocess.py:93} INFO - On branch main
[2025-03-09T11:11:09.351+0000] {subprocess.py:93} INFO - Your branch is up to date with 'origin/main'.
[2025-03-09T11:11:09.351+0000] {subprocess.py:93} INFO - 
[2025-03-09T11:11:09.351+0000] {subprocess.py:93} INFO - Changes to be committed:
[2025-03-09T11:11:09.351+0000] {subprocess.py:93} INFO -   (use "git restore --staged <file>..." to unstage)
[2025-03-09T11:11:09.352+0000] {subprocess.py:93} INFO - 	modified:   logs/dag_id=customer_churn_ml_pipeline/run_id=manual__2025-03-09T11:09:34.940904+00:00/task_id=data_preparation_task/attempt=1.log
[2025-03-09T11:11:09.352+0000] {subprocess.py:93} INFO - 	new file:   logs/dag_id=customer_churn_ml_pipeline/run_id=manual__2025-03-09T11:09:34.940904+00:00/task_id=data_transformation_task/attempt=1.log
[2025-03-09T11:11:09.352+0000] {subprocess.py:93} INFO - 	modified:   logs/dag_processor_manager/dag_processor_manager.log
[2025-03-09T11:11:09.352+0000] {subprocess.py:93} INFO - 	modified:   logs/data_transformation.log
[2025-03-09T11:11:09.352+0000] {subprocess.py:93} INFO - 	modified:   logs/scheduler/2025-03-09/customer_churn.py.log
[2025-03-09T11:11:09.352+0000] {subprocess.py:93} INFO - 
[2025-03-09T11:11:09.353+0000] {subprocess.py:93} INFO - Untracked files:
[2025-03-09T11:11:09.353+0000] {subprocess.py:93} INFO -   (use "git add <file>..." to include in what will be committed)
[2025-03-09T11:11:09.353+0000] {subprocess.py:93} INFO - 	customer_churn_stats/feature_repo/data/online_store.db
[2025-03-09T11:11:09.353+0000] {subprocess.py:93} INFO - 	customer_churn_stats/feature_repo/data/registry.db
[2025-03-09T11:11:09.353+0000] {subprocess.py:93} INFO - 	models/
[2025-03-09T11:11:09.353+0000] {subprocess.py:93} INFO - 	online.db
[2025-03-09T11:11:09.354+0000] {subprocess.py:93} INFO - 
[2025-03-09T11:11:09.444+0000] {subprocess.py:93} INFO - [main fd9ef33] Updated transformed data version
[2025-03-09T11:11:09.444+0000] {subprocess.py:93} INFO -  5 files changed, 79 insertions(+)
[2025-03-09T11:11:09.444+0000] {subprocess.py:93} INFO -  create mode 100644 logs/dag_id=customer_churn_ml_pipeline/run_id=manual__2025-03-09T11:09:34.940904+00:00/task_id=data_transformation_task/attempt=1.log
[2025-03-09T11:11:16.080+0000] {subprocess.py:93} INFO - Everything is up to date.
[2025-03-09T11:11:17.812+0000] {subprocess.py:93} INFO - To https://github.com/anniemathew-trial/customer_churn_pipeline.git
[2025-03-09T11:11:17.813+0000] {subprocess.py:93} INFO -    b17b51c..fd9ef33  main -> main
[2025-03-09T11:11:17.825+0000] {subprocess.py:97} INFO - Command exited with return code 0
[2025-03-09T11:11:17.867+0000] {taskinstance.py:1400} INFO - Marking task as SUCCESS. dag_id=customer_churn_ml_pipeline, task_id=data_transformation_task, execution_date=20250309T110934, start_date=20250309T111054, end_date=20250309T111117
[2025-03-09T11:11:17.906+0000] {local_task_job_runner.py:228} INFO - Task exited with return code 0
[2025-03-09T11:11:17.939+0000] {taskinstance.py:2778} INFO - 1 downstream tasks scheduled from follow-on schedule check
