[2025-02-28T06:20:06.622+0000] {taskinstance.py:1159} INFO - Dependencies all met for dep_context=non-requeueable deps ti=<TaskInstance: customer_churn_ml_pipeline.pull manual__2025-02-28T06:20:05.962007+00:00 [queued]>
[2025-02-28T06:20:06.638+0000] {taskinstance.py:1159} INFO - Dependencies all met for dep_context=requeueable deps ti=<TaskInstance: customer_churn_ml_pipeline.pull manual__2025-02-28T06:20:05.962007+00:00 [queued]>
[2025-02-28T06:20:06.638+0000] {taskinstance.py:1361} INFO - Starting attempt 1 of 1
[2025-02-28T06:20:06.659+0000] {taskinstance.py:1382} INFO - Executing <Task(BashOperator): pull> on 2025-02-28 06:20:05.962007+00:00
[2025-02-28T06:20:06.664+0000] {standard_task_runner.py:57} INFO - Started process 9913 to run task
[2025-02-28T06:20:06.667+0000] {standard_task_runner.py:84} INFO - Running: ['***', 'tasks', 'run', 'customer_churn_ml_pipeline', 'pull', 'manual__2025-02-28T06:20:05.962007+00:00', '--job-id', '49', '--raw', '--subdir', 'DAGS_FOLDER/customer_churn.py', '--cfg-path', '/tmp/tmp2cwxr9qg']
[2025-02-28T06:20:06.670+0000] {standard_task_runner.py:85} INFO - Job 49: Subtask pull
[2025-02-28T06:20:06.693+0000] {logging_mixin.py:154} WARNING - /home/***/.local/lib/python3.8/site-packages/***/settings.py:195 DeprecationWarning: The sql_alchemy_conn option in [core] has been moved to the sql_alchemy_conn option in [database] - the old setting has been used, but please update your config.
[2025-02-28T06:20:06.739+0000] {task_command.py:416} INFO - Running <TaskInstance: customer_churn_ml_pipeline.pull manual__2025-02-28T06:20:05.962007+00:00 [running]> on host 4470298645d8
[2025-02-28T06:20:06.854+0000] {taskinstance.py:1662} INFO - Exporting env vars: AIRFLOW_CTX_DAG_OWNER='***' AIRFLOW_CTX_DAG_ID='customer_churn_ml_pipeline' AIRFLOW_CTX_TASK_ID='pull' AIRFLOW_CTX_EXECUTION_DATE='2025-02-28T06:20:05.962007+00:00' AIRFLOW_CTX_TRY_NUMBER='1' AIRFLOW_CTX_DAG_RUN_ID='manual__2025-02-28T06:20:05.962007+00:00'
[2025-02-28T06:20:06.855+0000] {subprocess.py:63} INFO - Tmp dir root location: /tmp
[2025-02-28T06:20:06.856+0000] {subprocess.py:75} INFO - Running command: ['/bin/bash', '-c', 'cd /opt/*** && dvc pull && git pull']
[2025-02-28T06:20:06.868+0000] {subprocess.py:86} INFO - Output:
[2025-02-28T06:20:09.489+0000] {subprocess.py:93} INFO - ERROR: failed to connect to s3 (dmmlassignmentbucket/dvc-storage/files/md5) - Forbidden: An error occurred (403) when calling the HeadObject operation: Forbidden
[2025-02-28T06:20:09.489+0000] {subprocess.py:93} INFO - ERROR: failed to pull data from the cloud - 3 files failed to download
[2025-02-28T06:20:09.783+0000] {subprocess.py:97} INFO - Command exited with return code 1
[2025-02-28T06:20:09.799+0000] {taskinstance.py:1937} ERROR - Task failed with exception
Traceback (most recent call last):
  File "/home/airflow/.local/lib/python3.8/site-packages/airflow/operators/bash.py", line 210, in execute
    raise AirflowException(
airflow.exceptions.AirflowException: Bash command failed. The command returned a non-zero exit code 1.
[2025-02-28T06:20:09.803+0000] {taskinstance.py:1400} INFO - Marking task as FAILED. dag_id=customer_churn_ml_pipeline, task_id=pull, execution_date=20250228T062005, start_date=20250228T062006, end_date=20250228T062009
[2025-02-28T06:20:09.817+0000] {standard_task_runner.py:104} ERROR - Failed to execute job 49 for task pull (Bash command failed. The command returned a non-zero exit code 1.; 9913)
[2025-02-28T06:20:09.856+0000] {local_task_job_runner.py:228} INFO - Task exited with return code 1
[2025-02-28T06:20:09.888+0000] {taskinstance.py:2778} INFO - 0 downstream tasks scheduled from follow-on schedule check
