[2025-03-01T09:26:36.547+0000] {taskinstance.py:1159} INFO - Dependencies all met for dep_context=non-requeueable deps ti=<TaskInstance: customer_churn_ml_pipeline.pull_latest_codes manual__2025-03-01T09:26:34.885424+00:00 [queued]>
[2025-03-01T09:26:36.606+0000] {taskinstance.py:1159} INFO - Dependencies all met for dep_context=requeueable deps ti=<TaskInstance: customer_churn_ml_pipeline.pull_latest_codes manual__2025-03-01T09:26:34.885424+00:00 [queued]>
[2025-03-01T09:26:36.607+0000] {taskinstance.py:1361} INFO - Starting attempt 1 of 1
[2025-03-01T09:26:36.707+0000] {taskinstance.py:1382} INFO - Executing <Task(BashOperator): pull_latest_codes> on 2025-03-01 09:26:34.885424+00:00
[2025-03-01T09:26:36.715+0000] {standard_task_runner.py:57} INFO - Started process 4163 to run task
[2025-03-01T09:26:36.733+0000] {standard_task_runner.py:84} INFO - Running: ['***', 'tasks', 'run', 'customer_churn_ml_pipeline', 'pull_latest_codes', 'manual__2025-03-01T09:26:34.885424+00:00', '--job-id', '5', '--raw', '--subdir', 'DAGS_FOLDER/customer_churn.py', '--cfg-path', '/tmp/tmpe8lxjkw6']
[2025-03-01T09:26:36.751+0000] {standard_task_runner.py:85} INFO - Job 5: Subtask pull_latest_codes
[2025-03-01T09:26:36.896+0000] {logging_mixin.py:154} WARNING - /home/***/.local/lib/python3.8/site-packages/***/settings.py:195 DeprecationWarning: The sql_alchemy_conn option in [core] has been moved to the sql_alchemy_conn option in [database] - the old setting has been used, but please update your config.
[2025-03-01T09:26:37.246+0000] {task_command.py:416} INFO - Running <TaskInstance: customer_churn_ml_pipeline.pull_latest_codes manual__2025-03-01T09:26:34.885424+00:00 [running]> on host 7e994a0ed489
[2025-03-01T09:26:37.770+0000] {taskinstance.py:1662} INFO - Exporting env vars: AIRFLOW_CTX_DAG_OWNER='***' AIRFLOW_CTX_DAG_ID='customer_churn_ml_pipeline' AIRFLOW_CTX_TASK_ID='pull_latest_codes' AIRFLOW_CTX_EXECUTION_DATE='2025-03-01T09:26:34.885424+00:00' AIRFLOW_CTX_TRY_NUMBER='1' AIRFLOW_CTX_DAG_RUN_ID='manual__2025-03-01T09:26:34.885424+00:00'
[2025-03-01T09:26:37.772+0000] {subprocess.py:63} INFO - Tmp dir root location: /tmp
[2025-03-01T09:26:37.774+0000] {subprocess.py:75} INFO - Running command: ['/bin/bash', '-c', 'cd /opt/*** && dvc pull && git pull']
[2025-03-01T09:26:37.792+0000] {subprocess.py:86} INFO - Output:
[2025-03-01T09:27:01.823+0000] {subprocess.py:93} INFO - A       data/transformed/
[2025-03-01T09:27:01.824+0000] {subprocess.py:93} INFO - A       data/raw/
[2025-03-01T09:27:01.825+0000] {subprocess.py:93} INFO - A       data/cleaned/
[2025-03-01T09:27:01.826+0000] {subprocess.py:93} INFO - A       data/curated/
[2025-03-01T09:27:01.829+0000] {subprocess.py:93} INFO - 4 files added and 9 files fetched
[2025-03-01T09:27:02.729+0000] {subprocess.py:93} INFO - hint: Pulling without specifying how to reconcile divergent branches is
[2025-03-01T09:27:02.730+0000] {subprocess.py:93} INFO - hint: discouraged. You can squelch this message by running one of the following
[2025-03-01T09:27:02.731+0000] {subprocess.py:93} INFO - hint: commands sometime before your next pull:
[2025-03-01T09:27:02.731+0000] {subprocess.py:93} INFO - hint:
[2025-03-01T09:27:02.731+0000] {subprocess.py:93} INFO - hint:   git config pull.rebase false  # merge (the default strategy)
[2025-03-01T09:27:02.732+0000] {subprocess.py:93} INFO - hint:   git config pull.rebase true   # rebase
[2025-03-01T09:27:02.732+0000] {subprocess.py:93} INFO - hint:   git config pull.ff only       # fast-forward only
[2025-03-01T09:27:02.733+0000] {subprocess.py:93} INFO - hint:
[2025-03-01T09:27:02.733+0000] {subprocess.py:93} INFO - hint: You can replace "git config" with "git config --global" to set a default
[2025-03-01T09:27:02.733+0000] {subprocess.py:93} INFO - hint: preference for all repositories. You can also pass --rebase, --no-rebase,
[2025-03-01T09:27:02.734+0000] {subprocess.py:93} INFO - hint: or --ff-only on the command line to override the configured default per
[2025-03-01T09:27:02.734+0000] {subprocess.py:93} INFO - hint: invocation.
[2025-03-01T09:27:03.633+0000] {subprocess.py:93} INFO - You are not currently on a branch.
[2025-03-01T09:27:03.633+0000] {subprocess.py:93} INFO - Please specify which branch you want to merge with.
[2025-03-01T09:27:03.633+0000] {subprocess.py:93} INFO - See git-pull(1) for details.
[2025-03-01T09:27:03.634+0000] {subprocess.py:93} INFO - 
[2025-03-01T09:27:03.634+0000] {subprocess.py:93} INFO -     git pull <remote> <branch>
[2025-03-01T09:27:03.634+0000] {subprocess.py:93} INFO - 
[2025-03-01T09:27:03.634+0000] {subprocess.py:97} INFO - Command exited with return code 1
[2025-03-01T09:27:03.663+0000] {taskinstance.py:1937} ERROR - Task failed with exception
Traceback (most recent call last):
  File "/home/airflow/.local/lib/python3.8/site-packages/airflow/operators/bash.py", line 210, in execute
    raise AirflowException(
airflow.exceptions.AirflowException: Bash command failed. The command returned a non-zero exit code 1.
[2025-03-01T09:27:03.671+0000] {taskinstance.py:1400} INFO - Marking task as FAILED. dag_id=customer_churn_ml_pipeline, task_id=pull_latest_codes, execution_date=20250301T092634, start_date=20250301T092636, end_date=20250301T092703
[2025-03-01T09:27:03.697+0000] {standard_task_runner.py:104} ERROR - Failed to execute job 5 for task pull_latest_codes (Bash command failed. The command returned a non-zero exit code 1.; 4163)
[2025-03-01T09:27:03.711+0000] {local_task_job_runner.py:228} INFO - Task exited with return code 1
[2025-03-01T09:27:03.767+0000] {taskinstance.py:2778} INFO - 0 downstream tasks scheduled from follow-on schedule check
