[2025-03-02T09:26:56.152+0000] {taskinstance.py:1159} INFO - Dependencies all met for dep_context=non-requeueable deps ti=<TaskInstance: customer_churn_ml_pipeline.data_ingestion_task manual__2025-03-02T09:26:50.421182+00:00 [queued]>
[2025-03-02T09:26:56.165+0000] {taskinstance.py:1159} INFO - Dependencies all met for dep_context=requeueable deps ti=<TaskInstance: customer_churn_ml_pipeline.data_ingestion_task manual__2025-03-02T09:26:50.421182+00:00 [queued]>
[2025-03-02T09:26:56.165+0000] {taskinstance.py:1361} INFO - Starting attempt 1 of 1
[2025-03-02T09:26:56.186+0000] {taskinstance.py:1382} INFO - Executing <Task(BashOperator): data_ingestion_task> on 2025-03-02 09:26:50.421182+00:00
[2025-03-02T09:26:56.192+0000] {standard_task_runner.py:57} INFO - Started process 6758 to run task
[2025-03-02T09:26:56.196+0000] {standard_task_runner.py:84} INFO - Running: ['***', 'tasks', 'run', 'customer_churn_ml_pipeline', 'data_ingestion_task', 'manual__2025-03-02T09:26:50.421182+00:00', '--job-id', '75', '--raw', '--subdir', 'DAGS_FOLDER/customer_churn.py', '--cfg-path', '/tmp/tmp1ch6mzax']
[2025-03-02T09:26:56.199+0000] {standard_task_runner.py:85} INFO - Job 75: Subtask data_ingestion_task
[2025-03-02T09:26:56.226+0000] {logging_mixin.py:154} WARNING - /home/***/.local/lib/python3.8/site-packages/***/settings.py:195 DeprecationWarning: The sql_alchemy_conn option in [core] has been moved to the sql_alchemy_conn option in [database] - the old setting has been used, but please update your config.
[2025-03-02T09:26:56.290+0000] {task_command.py:416} INFO - Running <TaskInstance: customer_churn_ml_pipeline.data_ingestion_task manual__2025-03-02T09:26:50.421182+00:00 [running]> on host 9113a5746a05
[2025-03-02T09:26:56.394+0000] {taskinstance.py:1662} INFO - Exporting env vars: AIRFLOW_CTX_DAG_OWNER='***' AIRFLOW_CTX_DAG_ID='customer_churn_ml_pipeline' AIRFLOW_CTX_TASK_ID='data_ingestion_task' AIRFLOW_CTX_EXECUTION_DATE='2025-03-02T09:26:50.421182+00:00' AIRFLOW_CTX_TRY_NUMBER='1' AIRFLOW_CTX_DAG_RUN_ID='manual__2025-03-02T09:26:50.421182+00:00'
[2025-03-02T09:26:56.395+0000] {subprocess.py:63} INFO - Tmp dir root location: /tmp
[2025-03-02T09:26:56.396+0000] {subprocess.py:75} INFO - Running command: ['/bin/bash', '-c', 'python /opt/***/executables/data_ingestion.py && \t\t\tNOW=$(date \'+%d-%m-%Y\') &&\t\t\tcd /opt/*** && \t\t\tgit add logs &&    \t\t\tgit status &&                         git commit -m "Updated data ingestion" -a &&                         git push\n                    ']
[2025-03-02T09:26:56.404+0000] {subprocess.py:86} INFO - Output:
[2025-03-02T09:26:57.186+0000] {subprocess.py:93} INFO - 2025-03-02 09:26:57,186 : INFO : Reading data from CSV file customer_data.csv
[2025-03-02T09:26:57.288+0000] {subprocess.py:93} INFO - 2025-03-02 09:26:57,288 : INFO : Data from CSV customer_data.csv ingested successfully!
[2025-03-02T09:26:57.288+0000] {subprocess.py:93} INFO - 2025-03-02 09:26:57,288 : INFO : Connecting to Database
[2025-03-02T09:26:57.311+0000] {subprocess.py:93} INFO - 2025-03-02 09:26:57,311 : INFO : Connecting to Database Successfull
[2025-03-02T09:26:57.312+0000] {subprocess.py:93} INFO - 2025-03-02 09:26:57,311 : INFO : Reading data from database.
[2025-03-02T09:26:57.628+0000] {subprocess.py:93} INFO - /opt/***/executables/data_ingestion.py:49: UserWarning: pandas only supports SQLAlchemy connectable (engine/connection) or database string URI or sqlite3 DBAPI2 connection. Other DBAPI2 objects are not tested. Please consider using SQLAlchemy.
[2025-03-02T09:26:57.628+0000] {subprocess.py:93} INFO -   data = pd.read_sql(query, connection)
[2025-03-02T09:26:57.628+0000] {subprocess.py:93} INFO - 2025-03-02 09:26:57,628 : INFO : Data from Database ingested successfully!
[2025-03-02T09:26:57.796+0000] {subprocess.py:93} INFO - On branch main
[2025-03-02T09:26:57.796+0000] {subprocess.py:93} INFO - Your branch is up to date with 'origin/main'.
[2025-03-02T09:26:57.796+0000] {subprocess.py:93} INFO - 
[2025-03-02T09:26:57.796+0000] {subprocess.py:93} INFO - Changes to be committed:
[2025-03-02T09:26:57.796+0000] {subprocess.py:93} INFO -   (use "git restore --staged <file>..." to unstage)
[2025-03-02T09:26:57.797+0000] {subprocess.py:93} INFO - 	new file:   logs/dag_id=customer_churn_ml_pipeline/run_id=manual__2025-03-02T09:21:26.749449+00:00/task_id=data_preparation_task/attempt=1.log
[2025-03-02T09:26:57.797+0000] {subprocess.py:93} INFO - 	new file:   logs/dag_id=customer_churn_ml_pipeline/run_id=manual__2025-03-02T09:21:26.749449+00:00/task_id=data_validation_task/attempt=1.log
[2025-03-02T09:26:57.797+0000] {subprocess.py:93} INFO - 	new file:   logs/dag_id=customer_churn_ml_pipeline/run_id=manual__2025-03-02T09:26:50.421182+00:00/task_id=data_ingestion_task/attempt=1.log
[2025-03-02T09:26:57.797+0000] {subprocess.py:93} INFO - 	new file:   logs/dag_id=customer_churn_ml_pipeline/run_id=manual__2025-03-02T09:26:50.421182+00:00/task_id=pull_latest_codes/attempt=1.log
[2025-03-02T09:26:57.797+0000] {subprocess.py:93} INFO - 	modified:   logs/dag_processor_manager/dag_processor_manager.log
[2025-03-02T09:26:57.797+0000] {subprocess.py:93} INFO - 	modified:   logs/data_ingestion.log
[2025-03-02T09:26:57.797+0000] {subprocess.py:93} INFO - 	modified:   logs/scheduler/2025-03-02/customer_churn.py.log
[2025-03-02T09:26:57.797+0000] {subprocess.py:93} INFO - 
[2025-03-02T09:26:57.835+0000] {subprocess.py:93} INFO - [main 4682a85] Updated data ingestion
[2025-03-02T09:26:57.835+0000] {subprocess.py:93} INFO -  7 files changed, 314 insertions(+)
[2025-03-02T09:26:57.835+0000] {subprocess.py:93} INFO -  create mode 100644 logs/dag_id=customer_churn_ml_pipeline/run_id=manual__2025-03-02T09:21:26.749449+00:00/task_id=data_preparation_task/attempt=1.log
[2025-03-02T09:26:57.835+0000] {subprocess.py:93} INFO -  create mode 100644 logs/dag_id=customer_churn_ml_pipeline/run_id=manual__2025-03-02T09:21:26.749449+00:00/task_id=data_validation_task/attempt=1.log
[2025-03-02T09:26:57.835+0000] {subprocess.py:93} INFO -  create mode 100644 logs/dag_id=customer_churn_ml_pipeline/run_id=manual__2025-03-02T09:26:50.421182+00:00/task_id=data_ingestion_task/attempt=1.log
[2025-03-02T09:26:57.836+0000] {subprocess.py:93} INFO -  create mode 100644 logs/dag_id=customer_churn_ml_pipeline/run_id=manual__2025-03-02T09:26:50.421182+00:00/task_id=pull_latest_codes/attempt=1.log
[2025-03-02T09:26:59.807+0000] {subprocess.py:93} INFO - To https://github.com/anniemathew-trial/customer_churn_pipeline.git
[2025-03-02T09:26:59.808+0000] {subprocess.py:93} INFO -    e9c1bbf..4682a85  main -> main
[2025-03-02T09:26:59.817+0000] {subprocess.py:97} INFO - Command exited with return code 0
[2025-03-02T09:26:59.871+0000] {taskinstance.py:1400} INFO - Marking task as SUCCESS. dag_id=customer_churn_ml_pipeline, task_id=data_ingestion_task, execution_date=20250302T092650, start_date=20250302T092656, end_date=20250302T092659
[2025-03-02T09:26:59.913+0000] {local_task_job_runner.py:228} INFO - Task exited with return code 0
[2025-03-02T09:26:59.947+0000] {taskinstance.py:2778} INFO - 0 downstream tasks scheduled from follow-on schedule check
