[2025-03-03T22:22:04.298+0000] {taskinstance.py:1159} INFO - Dependencies all met for dep_context=non-requeueable deps ti=<TaskInstance: customer_churn_ml_pipeline.data_transformation_task manual__2025-03-03T22:21:06.824295+00:00 [queued]>
[2025-03-03T22:22:04.330+0000] {taskinstance.py:1159} INFO - Dependencies all met for dep_context=requeueable deps ti=<TaskInstance: customer_churn_ml_pipeline.data_transformation_task manual__2025-03-03T22:21:06.824295+00:00 [queued]>
[2025-03-03T22:22:04.331+0000] {taskinstance.py:1361} INFO - Starting attempt 1 of 1
[2025-03-03T22:22:04.387+0000] {taskinstance.py:1382} INFO - Executing <Task(BashOperator): data_transformation_task> on 2025-03-03 22:21:06.824295+00:00
[2025-03-03T22:22:04.396+0000] {standard_task_runner.py:57} INFO - Started process 3502 to run task
[2025-03-03T22:22:04.402+0000] {standard_task_runner.py:84} INFO - Running: ['***', 'tasks', 'run', 'customer_churn_ml_pipeline', 'data_transformation_task', 'manual__2025-03-03T22:21:06.824295+00:00', '--job-id', '204', '--raw', '--subdir', 'DAGS_FOLDER/customer_churn.py', '--cfg-path', '/tmp/tmpitrb344s']
[2025-03-03T22:22:04.414+0000] {standard_task_runner.py:85} INFO - Job 204: Subtask data_transformation_task
[2025-03-03T22:22:04.463+0000] {logging_mixin.py:154} WARNING - /home/***/.local/lib/python3.8/site-packages/***/settings.py:195 DeprecationWarning: The sql_alchemy_conn option in [core] has been moved to the sql_alchemy_conn option in [database] - the old setting has been used, but please update your config.
[2025-03-03T22:22:04.533+0000] {task_command.py:416} INFO - Running <TaskInstance: customer_churn_ml_pipeline.data_transformation_task manual__2025-03-03T22:21:06.824295+00:00 [running]> on host 157237bff8f7
[2025-03-03T22:22:04.728+0000] {taskinstance.py:1662} INFO - Exporting env vars: AIRFLOW_CTX_DAG_OWNER='***' AIRFLOW_CTX_DAG_ID='customer_churn_ml_pipeline' AIRFLOW_CTX_TASK_ID='data_transformation_task' AIRFLOW_CTX_EXECUTION_DATE='2025-03-03T22:21:06.824295+00:00' AIRFLOW_CTX_TRY_NUMBER='1' AIRFLOW_CTX_DAG_RUN_ID='manual__2025-03-03T22:21:06.824295+00:00'
[2025-03-03T22:22:04.730+0000] {subprocess.py:63} INFO - Tmp dir root location: /tmp
[2025-03-03T22:22:04.731+0000] {subprocess.py:75} INFO - Running command: ['/bin/bash', '-c', '\n\t\t\tcd /opt/*** &&                        dvc pull /opt/***/data/cleaned\n                        python /opt/***/executables/data_transformation.py &&                         dvc add /opt/***/data/transformed &&                         git add /opt/***/data/transformed.dvc && \t\t\tgit add logs &&    \t\t\tgit status &&                         git commit -m "Updated transformed data version" -a &&                         dvc push && git push\n                    ']
[2025-03-03T22:22:04.746+0000] {subprocess.py:86} INFO - Output:
[2025-03-03T22:22:08.082+0000] {subprocess.py:93} INFO - WARNING: failed to collect 'workspace', skipping
[2025-03-03T22:22:08.082+0000] {subprocess.py:93} INFO - ERROR: failed to pull data from the cloud - '/opt/***/data/cleaned' does not exist as an output or a stage name in 'dvc.yaml': 'dvc.yaml' does not exist
[2025-03-03T22:22:11.142+0000] {subprocess.py:93} INFO - 2025-03-03 22:22:11,141 : INFO : Starting data transformation for csv.
[2025-03-03T22:22:11.175+0000] {subprocess.py:93} INFO - 2025-03-03 22:22:11,175 : INFO : Scaling 'Tenure', 'Balance', 'EstimatedSalary'.
[2025-03-03T22:22:11.182+0000] {subprocess.py:93} INFO - 2025-03-03 22:22:11,182 : INFO : Saving data to S3.
[2025-03-03T22:22:14.494+0000] {subprocess.py:93} INFO - 2025-03-03 22:22:14,493 : INFO : Starting data transformation for csv.
[2025-03-03T22:22:14.536+0000] {subprocess.py:93} INFO - 2025-03-03 22:22:14,536 : INFO : Scaling 'Tenure', 'Balance', 'EstimatedSalary'.
[2025-03-03T22:22:14.542+0000] {subprocess.py:93} INFO - 2025-03-03 22:22:14,541 : INFO : Saving data to S3.
[2025-03-03T22:22:19.992+0000] {subprocess.py:93} INFO - 
[2025-03-03T22:22:19.993+0000] {subprocess.py:93} INFO - To track the changes with git, run:
[2025-03-03T22:22:19.993+0000] {subprocess.py:93} INFO - 
[2025-03-03T22:22:19.993+0000] {subprocess.py:93} INFO - 	git add data/transformed.dvc
[2025-03-03T22:22:19.995+0000] {subprocess.py:93} INFO - 
[2025-03-03T22:22:19.996+0000] {subprocess.py:93} INFO - To enable auto staging, run:
[2025-03-03T22:22:19.996+0000] {subprocess.py:93} INFO - 
[2025-03-03T22:22:19.996+0000] {subprocess.py:93} INFO - 	dvc config core.autostage true
[2025-03-03T22:22:20.508+0000] {subprocess.py:93} INFO - On branch main
[2025-03-03T22:22:20.509+0000] {subprocess.py:93} INFO - Your branch is up to date with 'origin/main'.
[2025-03-03T22:22:20.509+0000] {subprocess.py:93} INFO - 
[2025-03-03T22:22:20.510+0000] {subprocess.py:93} INFO - Changes to be committed:
[2025-03-03T22:22:20.510+0000] {subprocess.py:93} INFO -   (use "git restore --staged <file>..." to unstage)
[2025-03-03T22:22:20.510+0000] {subprocess.py:93} INFO - 	new file:   logs/dag_id=customer_churn_ml_pipeline/run_id=manual__2025-03-03T22:21:06.824295+00:00/task_id=data_preparation_task/attempt=1.log
[2025-03-03T22:22:20.511+0000] {subprocess.py:93} INFO - 	new file:   logs/dag_id=customer_churn_ml_pipeline/run_id=manual__2025-03-03T22:21:06.824295+00:00/task_id=data_transformation_task/attempt=1.log
[2025-03-03T22:22:20.511+0000] {subprocess.py:93} INFO - 	modified:   logs/dag_processor_manager/dag_processor_manager.log
[2025-03-03T22:22:20.511+0000] {subprocess.py:93} INFO - 	modified:   logs/data_transformation.log
[2025-03-03T22:22:20.511+0000] {subprocess.py:93} INFO - 	modified:   logs/scheduler/2025-03-03/customer_churn.py.log
[2025-03-03T22:22:20.512+0000] {subprocess.py:93} INFO - 
[2025-03-03T22:22:20.512+0000] {subprocess.py:93} INFO - Untracked files:
[2025-03-03T22:22:20.512+0000] {subprocess.py:93} INFO -   (use "git add <file>..." to include in what will be committed)
[2025-03-03T22:22:20.512+0000] {subprocess.py:93} INFO - 	customer_churn_stats/feature_repo/data/online_store.db
[2025-03-03T22:22:20.513+0000] {subprocess.py:93} INFO - 	customer_churn_stats/feature_repo/data/registry.db
[2025-03-03T22:22:20.513+0000] {subprocess.py:93} INFO - 	models/
[2025-03-03T22:22:20.513+0000] {subprocess.py:93} INFO - 	online.db
[2025-03-03T22:22:20.514+0000] {subprocess.py:93} INFO - 
[2025-03-03T22:22:20.660+0000] {subprocess.py:93} INFO - [main b65f15a] Updated transformed data version
[2025-03-03T22:22:20.661+0000] {subprocess.py:93} INFO -  5 files changed, 132 insertions(+)
[2025-03-03T22:22:20.661+0000] {subprocess.py:93} INFO -  create mode 100644 logs/dag_id=customer_churn_ml_pipeline/run_id=manual__2025-03-03T22:21:06.824295+00:00/task_id=data_preparation_task/attempt=1.log
[2025-03-03T22:22:20.662+0000] {subprocess.py:93} INFO -  create mode 100644 logs/dag_id=customer_churn_ml_pipeline/run_id=manual__2025-03-03T22:21:06.824295+00:00/task_id=data_transformation_task/attempt=1.log
[2025-03-03T22:22:25.661+0000] {subprocess.py:93} INFO - Everything is up to date.
[2025-03-03T22:22:27.634+0000] {subprocess.py:93} INFO - To https://github.com/anniemathew-trial/customer_churn_pipeline.git
[2025-03-03T22:22:27.634+0000] {subprocess.py:93} INFO -    62d43bc..b65f15a  main -> main
[2025-03-03T22:22:27.639+0000] {subprocess.py:97} INFO - Command exited with return code 0
[2025-03-03T22:22:27.675+0000] {taskinstance.py:1400} INFO - Marking task as SUCCESS. dag_id=customer_churn_ml_pipeline, task_id=data_transformation_task, execution_date=20250303T222106, start_date=20250303T222204, end_date=20250303T222227
[2025-03-03T22:22:27.724+0000] {local_task_job_runner.py:228} INFO - Task exited with return code 0
[2025-03-03T22:22:27.766+0000] {taskinstance.py:2778} INFO - 1 downstream tasks scheduled from follow-on schedule check
