[2025-03-02T15:35:58.047+0000] {taskinstance.py:1159} INFO - Dependencies all met for dep_context=non-requeueable deps ti=<TaskInstance: customer_churn_ml_pipeline.raw_data_storage_task manual__2025-03-02T15:34:31.306444+00:00 [queued]>
[2025-03-02T15:35:58.062+0000] {taskinstance.py:1159} INFO - Dependencies all met for dep_context=requeueable deps ti=<TaskInstance: customer_churn_ml_pipeline.raw_data_storage_task manual__2025-03-02T15:34:31.306444+00:00 [queued]>
[2025-03-02T15:35:58.062+0000] {taskinstance.py:1361} INFO - Starting attempt 1 of 1
[2025-03-02T15:35:58.093+0000] {taskinstance.py:1382} INFO - Executing <Task(BashOperator): raw_data_storage_task> on 2025-03-02 15:34:31.306444+00:00
[2025-03-02T15:35:58.100+0000] {standard_task_runner.py:57} INFO - Started process 3116 to run task
[2025-03-02T15:35:58.105+0000] {standard_task_runner.py:84} INFO - Running: ['***', 'tasks', 'run', 'customer_churn_ml_pipeline', 'raw_data_storage_task', 'manual__2025-03-02T15:34:31.306444+00:00', '--job-id', '59', '--raw', '--subdir', 'DAGS_FOLDER/customer_churn.py', '--cfg-path', '/tmp/tmphpjqmvmw']
[2025-03-02T15:35:58.111+0000] {standard_task_runner.py:85} INFO - Job 59: Subtask raw_data_storage_task
[2025-03-02T15:35:58.154+0000] {logging_mixin.py:154} WARNING - /home/***/.local/lib/python3.8/site-packages/***/settings.py:195 DeprecationWarning: The sql_alchemy_conn option in [core] has been moved to the sql_alchemy_conn option in [database] - the old setting has been used, but please update your config.
[2025-03-02T15:35:58.206+0000] {task_command.py:416} INFO - Running <TaskInstance: customer_churn_ml_pipeline.raw_data_storage_task manual__2025-03-02T15:34:31.306444+00:00 [running]> on host 157237bff8f7
[2025-03-02T15:35:58.321+0000] {taskinstance.py:1662} INFO - Exporting env vars: AIRFLOW_CTX_DAG_OWNER='***' AIRFLOW_CTX_DAG_ID='customer_churn_ml_pipeline' AIRFLOW_CTX_TASK_ID='raw_data_storage_task' AIRFLOW_CTX_EXECUTION_DATE='2025-03-02T15:34:31.306444+00:00' AIRFLOW_CTX_TRY_NUMBER='1' AIRFLOW_CTX_DAG_RUN_ID='manual__2025-03-02T15:34:31.306444+00:00'
[2025-03-02T15:35:58.322+0000] {subprocess.py:63} INFO - Tmp dir root location: /tmp
[2025-03-02T15:35:58.323+0000] {subprocess.py:75} INFO - Running command: ['/bin/bash', '-c', '\n\t\t\tcd /opt/*** &&                        python /opt/***/executables/raw_data_storage.py && \t\t\tgit rm -r --cached \'opt/***/data/raw\' && \t\t\tgit commit -m "stop tracking data/raw"\n                        dvc add /opt/***/data/raw &&                         git add /opt/***/data/raw.dvc && \t\t\tgit add logs &&\\   \n   \t\t\tgit status &&                         git commit -m "Updated raw data storage" -a &&                         dvc push && git push\n                    ']
[2025-03-02T15:35:58.330+0000] {subprocess.py:86} INFO - Output:
[2025-03-02T15:35:58.895+0000] {subprocess.py:93} INFO - 2025-03-02 15:35:58,895 : INFO : Starting Raw Data upload for CSV
[2025-03-02T15:36:02.586+0000] {subprocess.py:93} INFO - 2025-03-02 15:36:02,586 : INFO : Upload completed for CSV.
[2025-03-02T15:36:02.587+0000] {subprocess.py:93} INFO - 2025-03-02 15:36:02,586 : INFO : Starting Raw Data upload for Database
[2025-03-02T15:36:06.000+0000] {subprocess.py:93} INFO - 2025-03-02 15:36:05,999 : INFO : Upload completed for database.
[2025-03-02T15:36:06.123+0000] {subprocess.py:93} INFO - fatal: pathspec 'opt/***/data/raw' did not match any files
[2025-03-02T15:36:07.653+0000] {subprocess.py:93} INFO - 
[2025-03-02T15:36:07.653+0000] {subprocess.py:93} INFO - To track the changes with git, run:
[2025-03-02T15:36:07.654+0000] {subprocess.py:93} INFO - 
[2025-03-02T15:36:07.654+0000] {subprocess.py:93} INFO - 	git add data/raw.dvc
[2025-03-02T15:36:07.654+0000] {subprocess.py:93} INFO - 
[2025-03-02T15:36:07.654+0000] {subprocess.py:93} INFO - To enable auto staging, run:
[2025-03-02T15:36:07.655+0000] {subprocess.py:93} INFO - 
[2025-03-02T15:36:07.655+0000] {subprocess.py:93} INFO - 	dvc config core.autostage true
[2025-03-02T15:36:07.885+0000] {subprocess.py:93} INFO - /bin/bash: line 3:  : command not found
[2025-03-02T15:36:07.902+0000] {subprocess.py:93} INFO - On branch main
[2025-03-02T15:36:07.902+0000] {subprocess.py:93} INFO - Your branch is up to date with 'origin/main'.
[2025-03-02T15:36:07.903+0000] {subprocess.py:93} INFO - 
[2025-03-02T15:36:07.903+0000] {subprocess.py:93} INFO - Changes to be committed:
[2025-03-02T15:36:07.903+0000] {subprocess.py:93} INFO -   (use "git restore --staged <file>..." to unstage)
[2025-03-02T15:36:07.903+0000] {subprocess.py:93} INFO - 	modified:   logs/dag_id=customer_churn_ml_pipeline/run_id=manual__2025-03-02T15:34:31.306444+00:00/task_id=data_ingestion_task/attempt=1.log
[2025-03-02T15:36:07.903+0000] {subprocess.py:93} INFO - 	new file:   logs/dag_id=customer_churn_ml_pipeline/run_id=manual__2025-03-02T15:34:31.306444+00:00/task_id=raw_data_storage_task/attempt=1.log
[2025-03-02T15:36:07.903+0000] {subprocess.py:93} INFO - 	modified:   logs/raw_data_storage.log
[2025-03-02T15:36:07.904+0000] {subprocess.py:93} INFO - 
[2025-03-02T15:36:07.904+0000] {subprocess.py:93} INFO - Changes not staged for commit:
[2025-03-02T15:36:07.904+0000] {subprocess.py:93} INFO -   (use "git add <file>..." to update what will be committed)
[2025-03-02T15:36:07.904+0000] {subprocess.py:93} INFO -   (use "git restore <file>..." to discard changes in working directory)
[2025-03-02T15:36:07.904+0000] {subprocess.py:93} INFO - 	modified:   logs/dag_id=customer_churn_ml_pipeline/run_id=manual__2025-03-02T15:34:31.306444+00:00/task_id=raw_data_storage_task/attempt=1.log
[2025-03-02T15:36:07.904+0000] {subprocess.py:93} INFO - 
[2025-03-02T15:36:07.904+0000] {subprocess.py:93} INFO - Untracked files:
[2025-03-02T15:36:07.904+0000] {subprocess.py:93} INFO -   (use "git add <file>..." to include in what will be committed)
[2025-03-02T15:36:07.904+0000] {subprocess.py:93} INFO - 	customer_churn_stats/feature_repo/data/online_store.db
[2025-03-02T15:36:07.905+0000] {subprocess.py:93} INFO - 	customer_churn_stats/feature_repo/data/registry.db
[2025-03-02T15:36:07.905+0000] {subprocess.py:93} INFO - 	mlruns/mlruns/mlruns/mlruns/
[2025-03-02T15:36:07.905+0000] {subprocess.py:93} INFO - 	online.db
[2025-03-02T15:36:07.905+0000] {subprocess.py:93} INFO - 
[2025-03-02T15:36:07.920+0000] {subprocess.py:93} INFO - [main 1351e0c] Updated raw data storage
[2025-03-02T15:36:07.921+0000] {subprocess.py:93} INFO -  3 files changed, 62 insertions(+)
[2025-03-02T15:36:07.921+0000] {subprocess.py:93} INFO -  create mode 100644 logs/dag_id=customer_churn_ml_pipeline/run_id=manual__2025-03-02T15:34:31.306444+00:00/task_id=raw_data_storage_task/attempt=1.log
[2025-03-02T15:36:12.474+0000] {subprocess.py:93} INFO - Everything is up to date.
[2025-03-02T15:36:14.117+0000] {subprocess.py:93} INFO - To https://github.com/anniemathew-trial/customer_churn_pipeline.git
[2025-03-02T15:36:14.118+0000] {subprocess.py:93} INFO -    36c78c1..1351e0c  main -> main
[2025-03-02T15:36:14.122+0000] {subprocess.py:97} INFO - Command exited with return code 0
[2025-03-02T15:36:14.162+0000] {taskinstance.py:1400} INFO - Marking task as SUCCESS. dag_id=customer_churn_ml_pipeline, task_id=raw_data_storage_task, execution_date=20250302T153431, start_date=20250302T153558, end_date=20250302T153614
[2025-03-02T15:36:14.185+0000] {local_task_job_runner.py:228} INFO - Task exited with return code 0
[2025-03-02T15:36:14.239+0000] {taskinstance.py:2778} INFO - 1 downstream tasks scheduled from follow-on schedule check
