[2025-03-03T21:13:30.169+0000] {taskinstance.py:1159} INFO - Dependencies all met for dep_context=non-requeueable deps ti=<TaskInstance: customer_churn_ml_pipeline.raw_data_storage_task manual__2025-03-03T21:13:16.985115+00:00 [queued]>
[2025-03-03T21:13:30.185+0000] {taskinstance.py:1159} INFO - Dependencies all met for dep_context=requeueable deps ti=<TaskInstance: customer_churn_ml_pipeline.raw_data_storage_task manual__2025-03-03T21:13:16.985115+00:00 [queued]>
[2025-03-03T21:13:30.185+0000] {taskinstance.py:1361} INFO - Starting attempt 1 of 1
[2025-03-03T21:13:30.206+0000] {taskinstance.py:1382} INFO - Executing <Task(BashOperator): raw_data_storage_task> on 2025-03-03 21:13:16.985115+00:00
[2025-03-03T21:13:30.210+0000] {standard_task_runner.py:57} INFO - Started process 1112 to run task
[2025-03-03T21:13:30.214+0000] {standard_task_runner.py:84} INFO - Running: ['***', 'tasks', 'run', 'customer_churn_ml_pipeline', 'raw_data_storage_task', 'manual__2025-03-03T21:13:16.985115+00:00', '--job-id', '182', '--raw', '--subdir', 'DAGS_FOLDER/customer_churn.py', '--cfg-path', '/tmp/tmplupund3d']
[2025-03-03T21:13:30.217+0000] {standard_task_runner.py:85} INFO - Job 182: Subtask raw_data_storage_task
[2025-03-03T21:13:30.241+0000] {logging_mixin.py:154} WARNING - /home/***/.local/lib/python3.8/site-packages/***/settings.py:195 DeprecationWarning: The sql_alchemy_conn option in [core] has been moved to the sql_alchemy_conn option in [database] - the old setting has been used, but please update your config.
[2025-03-03T21:13:30.286+0000] {task_command.py:416} INFO - Running <TaskInstance: customer_churn_ml_pipeline.raw_data_storage_task manual__2025-03-03T21:13:16.985115+00:00 [running]> on host 157237bff8f7
[2025-03-03T21:13:30.426+0000] {taskinstance.py:1662} INFO - Exporting env vars: AIRFLOW_CTX_DAG_OWNER='***' AIRFLOW_CTX_DAG_ID='customer_churn_ml_pipeline' AIRFLOW_CTX_TASK_ID='raw_data_storage_task' AIRFLOW_CTX_EXECUTION_DATE='2025-03-03T21:13:16.985115+00:00' AIRFLOW_CTX_TRY_NUMBER='1' AIRFLOW_CTX_DAG_RUN_ID='manual__2025-03-03T21:13:16.985115+00:00'
[2025-03-03T21:13:30.428+0000] {subprocess.py:63} INFO - Tmp dir root location: /tmp
[2025-03-03T21:13:30.429+0000] {subprocess.py:75} INFO - Running command: ['/bin/bash', '-c', '\n\t\t\tcd /opt/*** &&                        python /opt/***/executables/raw_data_storage.py && \t\t\tgit rm -r --cached \'opt/***/data/raw\' && \t\t\tgit commit -m "stop tracking data/raw"\n                        dvc add /opt/***/data/raw &&                         git add /opt/***/data/raw.dvc && \t\t\tgit add logs &&\\   \n   \t\t\tgit status &&                         git commit -m "Updated raw data storage" -a &&                         dvc push && git push\n                    ']
[2025-03-03T21:13:30.445+0000] {subprocess.py:86} INFO - Output:
[2025-03-03T21:13:31.062+0000] {subprocess.py:93} INFO - 2025-03-03 21:13:31,062 : INFO : Starting Raw Data upload for CSV
[2025-03-03T21:13:34.035+0000] {subprocess.py:93} INFO - 2025-03-03 21:13:34,035 : INFO : Upload completed for CSV.
[2025-03-03T21:13:34.036+0000] {subprocess.py:93} INFO - 2025-03-03 21:13:34,035 : INFO : Starting Raw Data upload for Database
[2025-03-03T21:13:36.623+0000] {subprocess.py:93} INFO - 2025-03-03 21:13:36,623 : INFO : Upload completed for database.
[2025-03-03T21:13:36.730+0000] {subprocess.py:93} INFO - fatal: pathspec 'opt/***/data/raw' did not match any files
[2025-03-03T21:13:41.179+0000] {subprocess.py:93} INFO - ERROR: Unable to acquire lock. Most likely another DVC process is running or was terminated abruptly. Check the page <https://dvc.org/doc/user-guide/troubleshooting#lock-issue> for other possible reasons and to learn how to resolve this.
[2025-03-03T21:13:41.368+0000] {subprocess.py:93} INFO - On branch main
[2025-03-03T21:13:41.369+0000] {subprocess.py:93} INFO - Your branch is ahead of 'origin/main' by 1 commit.
[2025-03-03T21:13:41.369+0000] {subprocess.py:93} INFO -   (use "git push" to publish your local commits)
[2025-03-03T21:13:41.369+0000] {subprocess.py:93} INFO - 
[2025-03-03T21:13:41.370+0000] {subprocess.py:93} INFO - Changes not staged for commit:
[2025-03-03T21:13:41.370+0000] {subprocess.py:93} INFO -   (use "git add <file>..." to update what will be committed)
[2025-03-03T21:13:41.370+0000] {subprocess.py:93} INFO -   (use "git restore <file>..." to discard changes in working directory)
[2025-03-03T21:13:41.370+0000] {subprocess.py:93} INFO - 	modified:   logs/dag_id=customer_churn_ml_pipeline/run_id=manual__2025-03-03T21:13:14.978853+00:00/task_id=raw_data_storage_task/attempt=1.log
[2025-03-03T21:13:41.371+0000] {subprocess.py:93} INFO - 	modified:   logs/dag_id=customer_churn_ml_pipeline/run_id=manual__2025-03-03T21:13:16.985115+00:00/task_id=raw_data_storage_task/attempt=1.log
[2025-03-03T21:13:41.371+0000] {subprocess.py:93} INFO - 	modified:   logs/raw_data_storage.log
[2025-03-03T21:13:41.371+0000] {subprocess.py:93} INFO - 
[2025-03-03T21:13:41.371+0000] {subprocess.py:93} INFO - Untracked files:
[2025-03-03T21:13:41.371+0000] {subprocess.py:93} INFO -   (use "git add <file>..." to include in what will be committed)
[2025-03-03T21:13:41.372+0000] {subprocess.py:93} INFO - 	customer_churn_stats/feature_repo/data/online_store.db
[2025-03-03T21:13:41.372+0000] {subprocess.py:93} INFO - 	customer_churn_stats/feature_repo/data/registry.db
[2025-03-03T21:13:41.372+0000] {subprocess.py:93} INFO - 	models/
[2025-03-03T21:13:41.372+0000] {subprocess.py:93} INFO - 	online.db
[2025-03-03T21:13:41.372+0000] {subprocess.py:93} INFO - 
[2025-03-03T21:13:41.372+0000] {subprocess.py:93} INFO - no changes added to commit (use "git add" and/or "git commit -a")
[2025-03-03T21:13:41.385+0000] {subprocess.py:93} INFO - [main 724dc27] Updated raw data storage
[2025-03-03T21:13:41.385+0000] {subprocess.py:93} INFO -  3 files changed, 27 insertions(+)
[2025-03-03T21:13:45.061+0000] {subprocess.py:93} INFO - ERROR: failed to push data to the cloud - Unable to acquire lock. Most likely another DVC process is running or was terminated abruptly. Check the page <https://dvc.org/doc/user-guide/troubleshooting#lock-issue> for other possible reasons and to learn how to resolve this.
[2025-03-03T21:13:45.327+0000] {subprocess.py:97} INFO - Command exited with return code 1
[2025-03-03T21:13:45.349+0000] {taskinstance.py:1937} ERROR - Task failed with exception
Traceback (most recent call last):
  File "/home/airflow/.local/lib/python3.8/site-packages/airflow/operators/bash.py", line 210, in execute
    raise AirflowException(
airflow.exceptions.AirflowException: Bash command failed. The command returned a non-zero exit code 1.
[2025-03-03T21:13:45.353+0000] {taskinstance.py:1400} INFO - Marking task as FAILED. dag_id=customer_churn_ml_pipeline, task_id=raw_data_storage_task, execution_date=20250303T211316, start_date=20250303T211330, end_date=20250303T211345
[2025-03-03T21:13:45.369+0000] {standard_task_runner.py:104} ERROR - Failed to execute job 182 for task raw_data_storage_task (Bash command failed. The command returned a non-zero exit code 1.; 1112)
[2025-03-03T21:13:45.406+0000] {local_task_job_runner.py:228} INFO - Task exited with return code 1
[2025-03-03T21:13:45.452+0000] {taskinstance.py:2778} INFO - 0 downstream tasks scheduled from follow-on schedule check
