[2025-03-02T09:27:27.715+0000] {taskinstance.py:1159} INFO - Dependencies all met for dep_context=non-requeueable deps ti=<TaskInstance: customer_churn_ml_pipeline.data_preparation_task manual__2025-03-02T09:26:50.421182+00:00 [queued]>
[2025-03-02T09:27:27.729+0000] {taskinstance.py:1159} INFO - Dependencies all met for dep_context=requeueable deps ti=<TaskInstance: customer_churn_ml_pipeline.data_preparation_task manual__2025-03-02T09:26:50.421182+00:00 [queued]>
[2025-03-02T09:27:27.730+0000] {taskinstance.py:1361} INFO - Starting attempt 1 of 1
[2025-03-02T09:27:27.749+0000] {taskinstance.py:1382} INFO - Executing <Task(BashOperator): data_preparation_task> on 2025-03-02 09:26:50.421182+00:00
[2025-03-02T09:27:27.754+0000] {standard_task_runner.py:57} INFO - Started process 6919 to run task
[2025-03-02T09:27:27.757+0000] {standard_task_runner.py:84} INFO - Running: ['***', 'tasks', 'run', 'customer_churn_ml_pipeline', 'data_preparation_task', 'manual__2025-03-02T09:26:50.421182+00:00', '--job-id', '78', '--raw', '--subdir', 'DAGS_FOLDER/customer_churn.py', '--cfg-path', '/tmp/tmp3b9m42n7']
[2025-03-02T09:27:27.760+0000] {standard_task_runner.py:85} INFO - Job 78: Subtask data_preparation_task
[2025-03-02T09:27:27.784+0000] {logging_mixin.py:154} WARNING - /home/***/.local/lib/python3.8/site-packages/***/settings.py:195 DeprecationWarning: The sql_alchemy_conn option in [core] has been moved to the sql_alchemy_conn option in [database] - the old setting has been used, but please update your config.
[2025-03-02T09:27:27.847+0000] {task_command.py:416} INFO - Running <TaskInstance: customer_churn_ml_pipeline.data_preparation_task manual__2025-03-02T09:26:50.421182+00:00 [running]> on host 9113a5746a05
[2025-03-02T09:27:28.017+0000] {taskinstance.py:1662} INFO - Exporting env vars: AIRFLOW_CTX_DAG_OWNER='***' AIRFLOW_CTX_DAG_ID='customer_churn_ml_pipeline' AIRFLOW_CTX_TASK_ID='data_preparation_task' AIRFLOW_CTX_EXECUTION_DATE='2025-03-02T09:26:50.421182+00:00' AIRFLOW_CTX_TRY_NUMBER='1' AIRFLOW_CTX_DAG_RUN_ID='manual__2025-03-02T09:26:50.421182+00:00'
[2025-03-02T09:27:28.019+0000] {subprocess.py:63} INFO - Tmp dir root location: /tmp
[2025-03-02T09:27:28.020+0000] {subprocess.py:75} INFO - Running command: ['/bin/bash', '-c', '\n\t\t\tcd /opt/*** &&\t\t\tpython /opt/***/executables/data_preparation.py &&                         dvc add /opt/***/data/cleaned &&                         git add /opt/***/data/cleaned.dvc && \t\t\tgit add logs && \\   \n\t\t\tgit add visualization &&    \t\t\tgit status &&                         git commit -m "Updated cleaned data version" -a &&                         dvc push && git push\n                    ']
[2025-03-02T09:27:28.033+0000] {subprocess.py:86} INFO - Output:
[2025-03-02T09:27:31.768+0000] {subprocess.py:93} INFO - Traceback (most recent call last):
[2025-03-02T09:27:31.768+0000] {subprocess.py:93} INFO -   File "/opt/***/executables/data_preparation.py", line 11, in <module>
[2025-03-02T09:27:31.769+0000] {subprocess.py:93} INFO -     with open("settings.json", "r") as file:
[2025-03-02T09:27:31.769+0000] {subprocess.py:93} INFO - FileNotFoundError: [Errno 2] No such file or directory: 'settings.json'
[2025-03-02T09:27:32.066+0000] {subprocess.py:93} INFO - On branch main
[2025-03-02T09:27:32.067+0000] {subprocess.py:93} INFO - Your branch is up to date with 'origin/main'.
[2025-03-02T09:27:32.067+0000] {subprocess.py:93} INFO - 
[2025-03-02T09:27:32.067+0000] {subprocess.py:93} INFO - Changes not staged for commit:
[2025-03-02T09:27:32.068+0000] {subprocess.py:93} INFO -   (use "git add <file>..." to update what will be committed)
[2025-03-02T09:27:32.068+0000] {subprocess.py:93} INFO -   (use "git restore <file>..." to discard changes in working directory)
[2025-03-02T09:27:32.068+0000] {subprocess.py:93} INFO - 	modified:   logs/scheduler/2025-03-02/customer_churn.py.log
[2025-03-02T09:27:32.068+0000] {subprocess.py:93} INFO - 
[2025-03-02T09:27:32.068+0000] {subprocess.py:93} INFO - Untracked files:
[2025-03-02T09:27:32.068+0000] {subprocess.py:93} INFO -   (use "git add <file>..." to include in what will be committed)
[2025-03-02T09:27:32.069+0000] {subprocess.py:93} INFO - 	logs/dag_id=customer_churn_ml_pipeline/run_id=manual__2025-03-02T09:26:50.421182+00:00/task_id=data_preparation_task/
[2025-03-02T09:27:32.069+0000] {subprocess.py:93} INFO - 	logs/dag_id=customer_churn_ml_pipeline/run_id=manual__2025-03-02T09:26:50.421182+00:00/task_id=data_validation_task/
[2025-03-02T09:27:32.069+0000] {subprocess.py:93} INFO - 
[2025-03-02T09:27:32.069+0000] {subprocess.py:93} INFO - no changes added to commit (use "git add" and/or "git commit -a")
[2025-03-02T09:27:32.096+0000] {subprocess.py:93} INFO - [main 25ed0d2] Updated cleaned data version
[2025-03-02T09:27:32.096+0000] {subprocess.py:93} INFO -  1 file changed, 7 insertions(+)
[2025-03-02T09:27:36.053+0000] {subprocess.py:93} INFO - Everything is up to date.
[2025-03-02T09:27:37.730+0000] {subprocess.py:93} INFO - To https://github.com/anniemathew-trial/customer_churn_pipeline.git
[2025-03-02T09:27:37.732+0000] {subprocess.py:93} INFO -    0c9488d..25ed0d2  main -> main
[2025-03-02T09:27:37.750+0000] {subprocess.py:97} INFO - Command exited with return code 0
[2025-03-02T09:27:37.889+0000] {taskinstance.py:1400} INFO - Marking task as SUCCESS. dag_id=customer_churn_ml_pipeline, task_id=data_preparation_task, execution_date=20250302T092650, start_date=20250302T092727, end_date=20250302T092737
[2025-03-02T09:27:37.961+0000] {local_task_job_runner.py:228} INFO - Task exited with return code 0
[2025-03-02T09:27:38.081+0000] {taskinstance.py:2778} INFO - 1 downstream tasks scheduled from follow-on schedule check
