[2025-03-02T08:40:22.025+0000] {taskinstance.py:1159} INFO - Dependencies all met for dep_context=non-requeueable deps ti=<TaskInstance: customer_churn_ml_pipeline.data_storage_task manual__2025-03-02T08:40:20.735736+00:00 [queued]>
[2025-03-02T08:40:22.038+0000] {taskinstance.py:1159} INFO - Dependencies all met for dep_context=requeueable deps ti=<TaskInstance: customer_churn_ml_pipeline.data_storage_task manual__2025-03-02T08:40:20.735736+00:00 [queued]>
[2025-03-02T08:40:22.038+0000] {taskinstance.py:1361} INFO - Starting attempt 1 of 1
[2025-03-02T08:40:22.066+0000] {taskinstance.py:1382} INFO - Executing <Task(BashOperator): data_storage_task> on 2025-03-02 08:40:20.735736+00:00
[2025-03-02T08:40:22.071+0000] {standard_task_runner.py:57} INFO - Started process 3806 to run task
[2025-03-02T08:40:22.077+0000] {standard_task_runner.py:84} INFO - Running: ['***', 'tasks', 'run', 'customer_churn_ml_pipeline', 'data_storage_task', 'manual__2025-03-02T08:40:20.735736+00:00', '--job-id', '10', '--raw', '--subdir', 'DAGS_FOLDER/customer_churn.py', '--cfg-path', '/tmp/tmpi2ulyttd']
[2025-03-02T08:40:22.081+0000] {standard_task_runner.py:85} INFO - Job 10: Subtask data_storage_task
[2025-03-02T08:40:22.119+0000] {logging_mixin.py:154} WARNING - /home/***/.local/lib/python3.8/site-packages/***/settings.py:195 DeprecationWarning: The sql_alchemy_conn option in [core] has been moved to the sql_alchemy_conn option in [database] - the old setting has been used, but please update your config.
[2025-03-02T08:40:22.188+0000] {task_command.py:416} INFO - Running <TaskInstance: customer_churn_ml_pipeline.data_storage_task manual__2025-03-02T08:40:20.735736+00:00 [running]> on host 9113a5746a05
[2025-03-02T08:40:22.343+0000] {taskinstance.py:1662} INFO - Exporting env vars: AIRFLOW_CTX_DAG_OWNER='***' AIRFLOW_CTX_DAG_ID='customer_churn_ml_pipeline' AIRFLOW_CTX_TASK_ID='data_storage_task' AIRFLOW_CTX_EXECUTION_DATE='2025-03-02T08:40:20.735736+00:00' AIRFLOW_CTX_TRY_NUMBER='1' AIRFLOW_CTX_DAG_RUN_ID='manual__2025-03-02T08:40:20.735736+00:00'
[2025-03-02T08:40:22.344+0000] {subprocess.py:63} INFO - Tmp dir root location: /tmp
[2025-03-02T08:40:22.345+0000] {subprocess.py:75} INFO - Running command: ['/bin/bash', '-c', '\n\t\t\tNOW=$(date \'+%d-%m-%Y\') &&\t\t\tcd /opt/***\n                        dvc pull /opt/***/data/transformed\n                        python /opt/***/executables/data_storage.py && \t\t\tgit add logs &&                        git commit -m "Updated stored data version" -a &&                         dvc push && git push\n                    ']
[2025-03-02T08:40:22.359+0000] {subprocess.py:86} INFO - Output:
[2025-03-02T08:40:24.061+0000] {subprocess.py:93} INFO - WARNING: failed to collect 'workspace', skipping
[2025-03-02T08:40:24.061+0000] {subprocess.py:93} INFO - ERROR: failed to pull data from the cloud - '/opt/***/data/transformed' does not exist as an output or a stage name in 'dvc.yaml': 'dvc.yaml' does not exist
[2025-03-02T08:40:25.205+0000] {subprocess.py:93} INFO - 2025-03-02 08:40:25,205 : ERROR : Error storing data: [Errno 2] No such file or directory: 'settings.json'
[2025-03-02T08:40:25.357+0000] {subprocess.py:93} INFO - [main fa176af] Updated stored data version
[2025-03-02T08:40:25.358+0000] {subprocess.py:93} INFO -  8 files changed, 139 insertions(+)
[2025-03-02T08:40:25.358+0000] {subprocess.py:93} INFO -  create mode 100644 logs/dag_id=customer_churn_ml_pipeline/run_id=manual__2025-03-02T08:40:20.735736+00:00/task_id=data_preparation_task/attempt=1.log
[2025-03-02T08:40:25.358+0000] {subprocess.py:93} INFO -  create mode 100644 logs/dag_id=customer_churn_ml_pipeline/run_id=manual__2025-03-02T08:40:20.735736+00:00/task_id=data_storage_task/attempt=1.log
[2025-03-02T08:40:25.358+0000] {subprocess.py:93} INFO -  create mode 100644 logs/dag_id=customer_churn_ml_pipeline/run_id=manual__2025-03-02T08:40:20.735736+00:00/task_id=data_transformation_task/attempt=1.log
[2025-03-02T08:40:25.359+0000] {subprocess.py:93} INFO -  create mode 100644 logs/dag_id=customer_churn_ml_pipeline/run_id=manual__2025-03-02T08:40:20.735736+00:00/task_id=data_validation_task/attempt=1.log
[2025-03-02T08:40:25.359+0000] {subprocess.py:93} INFO -  create mode 100644 logs/dag_id=customer_churn_ml_pipeline/run_id=manual__2025-03-02T08:40:20.735736+00:00/task_id=feature_store_task/attempt=1.log
[2025-03-02T08:40:25.359+0000] {subprocess.py:93} INFO -  create mode 100644 logs/dag_id=customer_churn_ml_pipeline/run_id=manual__2025-03-02T08:40:20.735736+00:00/task_id=model_training_task/attempt=1.log
[2025-03-02T08:40:25.359+0000] {subprocess.py:93} INFO -  create mode 100644 logs/dag_id=customer_churn_ml_pipeline/run_id=manual__2025-03-02T08:40:20.735736+00:00/task_id=pull_latest_codes/attempt=1.log
[2025-03-02T08:40:29.870+0000] {subprocess.py:93} INFO - Everything is up to date.
[2025-03-02T08:40:31.333+0000] {subprocess.py:93} INFO - Everything up-to-date
[2025-03-02T08:40:31.341+0000] {subprocess.py:97} INFO - Command exited with return code 0
[2025-03-02T08:40:31.438+0000] {taskinstance.py:1400} INFO - Marking task as SUCCESS. dag_id=customer_churn_ml_pipeline, task_id=data_storage_task, execution_date=20250302T084020, start_date=20250302T084022, end_date=20250302T084031
[2025-03-02T08:40:31.522+0000] {local_task_job_runner.py:228} INFO - Task exited with return code 0
[2025-03-02T08:40:31.585+0000] {taskinstance.py:2778} INFO - 0 downstream tasks scheduled from follow-on schedule check
