[2025-03-03T12:49:40.427+0000] {taskinstance.py:1159} INFO - Dependencies all met for dep_context=non-requeueable deps ti=<TaskInstance: customer_churn_ml_pipeline.data_storage_task manual__2025-03-03T12:48:27.320795+00:00 [queued]>
[2025-03-03T12:49:40.438+0000] {taskinstance.py:1159} INFO - Dependencies all met for dep_context=requeueable deps ti=<TaskInstance: customer_churn_ml_pipeline.data_storage_task manual__2025-03-03T12:48:27.320795+00:00 [queued]>
[2025-03-03T12:49:40.438+0000] {taskinstance.py:1361} INFO - Starting attempt 1 of 1
[2025-03-03T12:49:40.456+0000] {taskinstance.py:1382} INFO - Executing <Task(BashOperator): data_storage_task> on 2025-03-03 12:48:27.320795+00:00
[2025-03-03T12:49:40.461+0000] {standard_task_runner.py:57} INFO - Started process 1510 to run task
[2025-03-03T12:49:40.464+0000] {standard_task_runner.py:84} INFO - Running: ['***', 'tasks', 'run', 'customer_churn_ml_pipeline', 'data_storage_task', 'manual__2025-03-03T12:48:27.320795+00:00', '--job-id', '87', '--raw', '--subdir', 'DAGS_FOLDER/customer_churn.py', '--cfg-path', '/tmp/tmpr9pjyzo5']
[2025-03-03T12:49:40.467+0000] {standard_task_runner.py:85} INFO - Job 87: Subtask data_storage_task
[2025-03-03T12:49:40.489+0000] {logging_mixin.py:154} WARNING - /home/***/.local/lib/python3.8/site-packages/***/settings.py:195 DeprecationWarning: The sql_alchemy_conn option in [core] has been moved to the sql_alchemy_conn option in [database] - the old setting has been used, but please update your config.
[2025-03-03T12:49:40.532+0000] {task_command.py:416} INFO - Running <TaskInstance: customer_churn_ml_pipeline.data_storage_task manual__2025-03-03T12:48:27.320795+00:00 [running]> on host 157237bff8f7
[2025-03-03T12:49:40.650+0000] {taskinstance.py:1662} INFO - Exporting env vars: AIRFLOW_CTX_DAG_OWNER='***' AIRFLOW_CTX_DAG_ID='customer_churn_ml_pipeline' AIRFLOW_CTX_TASK_ID='data_storage_task' AIRFLOW_CTX_EXECUTION_DATE='2025-03-03T12:48:27.320795+00:00' AIRFLOW_CTX_TRY_NUMBER='1' AIRFLOW_CTX_DAG_RUN_ID='manual__2025-03-03T12:48:27.320795+00:00'
[2025-03-03T12:49:40.651+0000] {subprocess.py:63} INFO - Tmp dir root location: /tmp
[2025-03-03T12:49:40.652+0000] {subprocess.py:75} INFO - Running command: ['/bin/bash', '-c', '\n\t\t\tcd /opt/***\n                        dvc pull /opt/***/data/transformed\n                        python /opt/***/executables/data_storage.py && \t\t\tgit add logs &&    \t\t\tgit status &&                         git commit -m "Updated stored data version" -a &&                         dvc push && git push\n                    ']
[2025-03-03T12:49:40.663+0000] {subprocess.py:86} INFO - Output:
[2025-03-03T12:49:44.284+0000] {subprocess.py:93} INFO - Everything is up to date.
[2025-03-03T12:49:46.117+0000] {subprocess.py:93} INFO - 2025-03-03 12:49:46,116 : INFO : Starting data storage for customer_data.csv
[2025-03-03T12:49:46.118+0000] {subprocess.py:93} INFO - 2025-03-03 12:49:46,118 : INFO : Connecting to Database
[2025-03-03T12:49:46.185+0000] {subprocess.py:93} INFO - 2025-03-03 12:49:46,185 : INFO : Connecting to Database Successfull
[2025-03-03T12:49:46.186+0000] {subprocess.py:93} INFO - 2025-03-03 12:49:46,185 : INFO : Reading Initial DB Setup Script
[2025-03-03T12:49:46.187+0000] {subprocess.py:93} INFO - 2025-03-03 12:49:46,187 : INFO : Executing script to Database
[2025-03-03T12:49:46.229+0000] {subprocess.py:93} INFO - 2025-03-03 12:49:46,229 : INFO : Executed script successfully !!
[2025-03-03T12:49:46.230+0000] {subprocess.py:93} INFO - 2025-03-03 12:49:46,229 : INFO : Reading insert script template
[2025-03-03T12:49:46.231+0000] {subprocess.py:93} INFO - 2025-03-03 12:49:46,230 : INFO : Inserting data to database
[2025-03-03T12:49:46.232+0000] {subprocess.py:93} INFO - 2025-03-03 12:49:46,231 : ERROR : Error storing data: [Errno 2] No such file or directory: '/opt/***/data/transformed/03-03-2025/csv/customer_data.csv'
[2025-03-03T12:49:46.232+0000] {subprocess.py:93} INFO - 2025-03-03 12:49:46,232 : INFO : Starting data storage for database_data.csv
[2025-03-03T12:49:46.232+0000] {subprocess.py:93} INFO - 2025-03-03 12:49:46,232 : INFO : Connecting to Database
[2025-03-03T12:49:46.249+0000] {subprocess.py:93} INFO - 2025-03-03 12:49:46,248 : INFO : Connecting to Database Successfull
[2025-03-03T12:49:46.249+0000] {subprocess.py:93} INFO - 2025-03-03 12:49:46,248 : INFO : Reading Initial DB Setup Script
[2025-03-03T12:49:46.249+0000] {subprocess.py:93} INFO - 2025-03-03 12:49:46,249 : INFO : Executing script to Database
[2025-03-03T12:49:46.251+0000] {subprocess.py:93} INFO - 2025-03-03 12:49:46,250 : INFO : Executed script successfully !!
[2025-03-03T12:49:46.251+0000] {subprocess.py:93} INFO - 2025-03-03 12:49:46,251 : INFO : Reading insert script template
[2025-03-03T12:49:46.252+0000] {subprocess.py:93} INFO - 2025-03-03 12:49:46,251 : INFO : Inserting data to database
[2025-03-03T12:49:46.252+0000] {subprocess.py:93} INFO - 2025-03-03 12:49:46,251 : ERROR : Error storing data: [Errno 2] No such file or directory: '/opt/***/data/transformed/03-03-2025/database/database_data.csv'
[2025-03-03T12:49:46.452+0000] {subprocess.py:93} INFO - On branch main
[2025-03-03T12:49:46.453+0000] {subprocess.py:93} INFO - Your branch is up to date with 'origin/main'.
[2025-03-03T12:49:46.453+0000] {subprocess.py:93} INFO - 
[2025-03-03T12:49:46.454+0000] {subprocess.py:93} INFO - Changes to be committed:
[2025-03-03T12:49:46.454+0000] {subprocess.py:93} INFO -   (use "git restore --staged <file>..." to unstage)
[2025-03-03T12:49:46.454+0000] {subprocess.py:93} INFO - 	new file:   logs/dag_id=customer_churn_ml_pipeline/run_id=manual__2025-03-03T12:48:27.320795+00:00/task_id=data_storage_task/attempt=1.log
[2025-03-03T12:49:46.454+0000] {subprocess.py:93} INFO - 	modified:   logs/dag_id=customer_churn_ml_pipeline/run_id=manual__2025-03-03T12:48:27.320795+00:00/task_id=data_transformation_task/attempt=1.log
[2025-03-03T12:49:46.455+0000] {subprocess.py:93} INFO - 	modified:   logs/dag_processor_manager/dag_processor_manager.log
[2025-03-03T12:49:46.455+0000] {subprocess.py:93} INFO - 	modified:   logs/data_storage.log
[2025-03-03T12:49:46.455+0000] {subprocess.py:93} INFO - 	modified:   logs/scheduler/2025-03-03/customer_churn.py.log
[2025-03-03T12:49:46.455+0000] {subprocess.py:93} INFO - 
[2025-03-03T12:49:46.456+0000] {subprocess.py:93} INFO - Untracked files:
[2025-03-03T12:49:46.456+0000] {subprocess.py:93} INFO -   (use "git add <file>..." to include in what will be committed)
[2025-03-03T12:49:46.456+0000] {subprocess.py:93} INFO - 	customer_churn_stats/feature_repo/data/online_store.db
[2025-03-03T12:49:46.456+0000] {subprocess.py:93} INFO - 	customer_churn_stats/feature_repo/data/registry.db
[2025-03-03T12:49:46.456+0000] {subprocess.py:93} INFO - 	models/
[2025-03-03T12:49:46.457+0000] {subprocess.py:93} INFO - 	online.db
[2025-03-03T12:49:46.457+0000] {subprocess.py:93} INFO - 
[2025-03-03T12:49:46.524+0000] {subprocess.py:93} INFO - [main 6f931a6] Updated stored data version
[2025-03-03T12:49:46.525+0000] {subprocess.py:93} INFO -  5 files changed, 93 insertions(+)
[2025-03-03T12:49:46.525+0000] {subprocess.py:93} INFO -  create mode 100644 logs/dag_id=customer_churn_ml_pipeline/run_id=manual__2025-03-03T12:48:27.320795+00:00/task_id=data_storage_task/attempt=1.log
[2025-03-03T12:49:52.039+0000] {subprocess.py:93} INFO - Everything is up to date.
[2025-03-03T12:49:54.001+0000] {subprocess.py:93} INFO - To https://github.com/anniemathew-trial/customer_churn_pipeline.git
[2025-03-03T12:49:54.004+0000] {subprocess.py:93} INFO -    390b6ed..6f931a6  main -> main
[2025-03-03T12:49:54.013+0000] {subprocess.py:97} INFO - Command exited with return code 0
[2025-03-03T12:49:54.055+0000] {taskinstance.py:1400} INFO - Marking task as SUCCESS. dag_id=customer_churn_ml_pipeline, task_id=data_storage_task, execution_date=20250303T124827, start_date=20250303T124940, end_date=20250303T124954
[2025-03-03T12:49:54.083+0000] {local_task_job_runner.py:228} INFO - Task exited with return code 0
[2025-03-03T12:49:54.114+0000] {taskinstance.py:2778} INFO - 1 downstream tasks scheduled from follow-on schedule check
