[2025-03-01T16:51:46.883+0000] {taskinstance.py:1159} INFO - Dependencies all met for dep_context=non-requeueable deps ti=<TaskInstance: customer_churn_ml_pipeline.data_preparation_task manual__2025-03-01T16:51:12.784572+00:00 [queued]>
[2025-03-01T16:51:46.893+0000] {taskinstance.py:1159} INFO - Dependencies all met for dep_context=requeueable deps ti=<TaskInstance: customer_churn_ml_pipeline.data_preparation_task manual__2025-03-01T16:51:12.784572+00:00 [queued]>
[2025-03-01T16:51:46.893+0000] {taskinstance.py:1361} INFO - Starting attempt 1 of 1
[2025-03-01T16:51:46.910+0000] {taskinstance.py:1382} INFO - Executing <Task(BashOperator): data_preparation_task> on 2025-03-01 16:51:12.784572+00:00
[2025-03-01T16:51:46.915+0000] {standard_task_runner.py:57} INFO - Started process 17515 to run task
[2025-03-01T16:51:46.918+0000] {standard_task_runner.py:84} INFO - Running: ['***', 'tasks', 'run', 'customer_churn_ml_pipeline', 'data_preparation_task', 'manual__2025-03-01T16:51:12.784572+00:00', '--job-id', '179', '--raw', '--subdir', 'DAGS_FOLDER/customer_churn.py', '--cfg-path', '/tmp/tmpe5it4vzr']
[2025-03-01T16:51:46.921+0000] {standard_task_runner.py:85} INFO - Job 179: Subtask data_preparation_task
[2025-03-01T16:51:46.940+0000] {logging_mixin.py:154} WARNING - /home/***/.local/lib/python3.8/site-packages/***/settings.py:195 DeprecationWarning: The sql_alchemy_conn option in [core] has been moved to the sql_alchemy_conn option in [database] - the old setting has been used, but please update your config.
[2025-03-01T16:51:46.982+0000] {task_command.py:416} INFO - Running <TaskInstance: customer_churn_ml_pipeline.data_preparation_task manual__2025-03-01T16:51:12.784572+00:00 [running]> on host 7e994a0ed489
[2025-03-01T16:51:47.193+0000] {taskinstance.py:1662} INFO - Exporting env vars: AIRFLOW_CTX_DAG_OWNER='***' AIRFLOW_CTX_DAG_ID='customer_churn_ml_pipeline' AIRFLOW_CTX_TASK_ID='data_preparation_task' AIRFLOW_CTX_EXECUTION_DATE='2025-03-01T16:51:12.784572+00:00' AIRFLOW_CTX_TRY_NUMBER='1' AIRFLOW_CTX_DAG_RUN_ID='manual__2025-03-01T16:51:12.784572+00:00'
[2025-03-01T16:51:47.196+0000] {subprocess.py:63} INFO - Tmp dir root location: /tmp
[2025-03-01T16:51:47.197+0000] {subprocess.py:75} INFO - Running command: ['/bin/bash', '-c', '\n\t\t\tcd /opt/***\n\t\t\tpython /opt/***/executables/data_preparation.py &&                         dvc add /opt/***/data/cleaned &&                         git add /opt/***/data/cleaned.dvc && \t\t\tgit add logs &&\\   \n\t\t\tgit add visualization &&                        git commit -m "Updated cleaned data version" -a &&                         dvc push && git push\n                    ']
[2025-03-01T16:51:47.217+0000] {subprocess.py:86} INFO - Output:
[2025-03-01T16:51:49.689+0000] {subprocess.py:93} INFO - 2025-03-01 16:51:49,689 : INFO : Starting data preparation for csv.
[2025-03-01T16:51:49.717+0000] {subprocess.py:93} INFO - 2025-03-01 16:51:49,716 : INFO : Handling 'Tenure', 'Balance', 'EstimatedSalary' empty data
[2025-03-01T16:51:49.717+0000] {subprocess.py:93} INFO - 2025-03-01 16:51:49,717 : INFO : Handling 'Age' empty data
[2025-03-01T16:51:49.719+0000] {subprocess.py:93} INFO - 2025-03-01 16:51:49,718 : INFO : Droping 'Surname' as it may lead to profiling, 'RowNumber', 'CustomerId' as it is not required
[2025-03-01T16:51:49.722+0000] {subprocess.py:93} INFO - 2025-03-01 16:51:49,721 : INFO : Making 'Geography', 'Gender', 'HasCrCard', 'IsActiveMember' as categorical
[2025-03-01T16:51:49.731+0000] {subprocess.py:93} INFO - 2025-03-01 16:51:49,730 : INFO : Saving data to S3.
[2025-03-01T16:51:49.805+0000] {subprocess.py:93} INFO - 2025-03-01 16:51:49,805 : INFO : Saving report to S3.
[2025-03-01T16:51:49.806+0000] {subprocess.py:93} INFO - 2025-03-01 16:51:49,806 : INFO : Creating Pie chart
[2025-03-01T16:51:49.884+0000] {subprocess.py:93} INFO - 2025-03-01 16:51:49,884 : INFO : Generating histogram for column CreditScore.
[2025-03-01T16:51:50.081+0000] {subprocess.py:93} INFO - 2025-03-01 16:51:50,080 : INFO : Generating histogram for column Geography.
[2025-03-01T16:51:50.245+0000] {subprocess.py:93} INFO - 2025-03-01 16:51:50,245 : INFO : Generating histogram for column Gender.
[2025-03-01T16:51:50.399+0000] {subprocess.py:93} INFO - 2025-03-01 16:51:50,398 : INFO : Generating histogram for column Age.
[2025-03-01T16:51:50.622+0000] {subprocess.py:93} INFO - 2025-03-01 16:51:50,622 : INFO : Generating histogram for column Tenure.
[2025-03-01T16:51:50.832+0000] {subprocess.py:93} INFO - 2025-03-01 16:51:50,832 : INFO : Generating histogram for column Balance.
[2025-03-01T16:51:51.157+0000] {subprocess.py:93} INFO - 2025-03-01 16:51:51,157 : INFO : Generating histogram for column NumOfProducts.
[2025-03-01T16:51:51.388+0000] {subprocess.py:93} INFO - 2025-03-01 16:51:51,388 : INFO : Generating histogram for column HasCrCard.
[2025-03-01T16:51:51.636+0000] {subprocess.py:93} INFO - 2025-03-01 16:51:51,636 : INFO : Generating histogram for column IsActiveMember.
[2025-03-01T16:51:51.867+0000] {subprocess.py:93} INFO - 2025-03-01 16:51:51,867 : INFO : Generating histogram for column EstimatedSalary.
[2025-03-01T16:51:52.127+0000] {subprocess.py:93} INFO - 2025-03-01 16:51:52,127 : INFO : Generating histogram for column Exited.
[2025-03-01T16:51:52.337+0000] {subprocess.py:93} INFO - 2025-03-01 16:51:52,337 : INFO : Generating histogram for relation of Exited with Categorical data.
[2025-03-01T16:51:52.808+0000] {subprocess.py:93} INFO - 2025-03-01 16:51:52,807 : INFO : Using categorical units to plot a list of strings that are all parsable as floats or dates. If these strings should be plotted as numbers, cast to the appropriate data type before plotting.
[2025-03-01T16:51:52.832+0000] {subprocess.py:93} INFO - 2025-03-01 16:51:52,831 : INFO : Using categorical units to plot a list of strings that are all parsable as floats or dates. If these strings should be plotted as numbers, cast to the appropriate data type before plotting.
[2025-03-01T16:51:52.910+0000] {subprocess.py:93} INFO - 2025-03-01 16:51:52,909 : INFO : Using categorical units to plot a list of strings that are all parsable as floats or dates. If these strings should be plotted as numbers, cast to the appropriate data type before plotting.
[2025-03-01T16:51:52.925+0000] {subprocess.py:93} INFO - 2025-03-01 16:51:52,924 : INFO : Using categorical units to plot a list of strings that are all parsable as floats or dates. If these strings should be plotted as numbers, cast to the appropriate data type before plotting.
[2025-03-01T16:51:52.999+0000] {subprocess.py:93} INFO - 2025-03-01 16:51:52,998 : INFO : Generating box plots for relation of Exited with non Categorical data.
[2025-03-01T16:51:53.201+0000] {subprocess.py:93} INFO - 2025-03-01 16:51:53,201 : INFO : Using categorical units to plot a list of strings that are all parsable as floats or dates. If these strings should be plotted as numbers, cast to the appropriate data type before plotting.
[2025-03-01T16:51:53.221+0000] {subprocess.py:93} INFO - 2025-03-01 16:51:53,220 : INFO : Using categorical units to plot a list of strings that are all parsable as floats or dates. If these strings should be plotted as numbers, cast to the appropriate data type before plotting.
[2025-03-01T16:51:53.335+0000] {subprocess.py:93} INFO - 2025-03-01 16:51:53,335 : INFO : Using categorical units to plot a list of strings that are all parsable as floats or dates. If these strings should be plotted as numbers, cast to the appropriate data type before plotting.
[2025-03-01T16:51:53.359+0000] {subprocess.py:93} INFO - 2025-03-01 16:51:53,359 : INFO : Using categorical units to plot a list of strings that are all parsable as floats or dates. If these strings should be plotted as numbers, cast to the appropriate data type before plotting.
[2025-03-01T16:51:53.454+0000] {subprocess.py:93} INFO - 2025-03-01 16:51:53,454 : INFO : Using categorical units to plot a list of strings that are all parsable as floats or dates. If these strings should be plotted as numbers, cast to the appropriate data type before plotting.
[2025-03-01T16:51:53.472+0000] {subprocess.py:93} INFO - 2025-03-01 16:51:53,471 : INFO : Using categorical units to plot a list of strings that are all parsable as floats or dates. If these strings should be plotted as numbers, cast to the appropriate data type before plotting.
[2025-03-01T16:51:53.602+0000] {subprocess.py:93} INFO - 2025-03-01 16:51:53,601 : INFO : Using categorical units to plot a list of strings that are all parsable as floats or dates. If these strings should be plotted as numbers, cast to the appropriate data type before plotting.
[2025-03-01T16:51:53.624+0000] {subprocess.py:93} INFO - 2025-03-01 16:51:53,623 : INFO : Using categorical units to plot a list of strings that are all parsable as floats or dates. If these strings should be plotted as numbers, cast to the appropriate data type before plotting.
[2025-03-01T16:51:53.723+0000] {subprocess.py:93} INFO - 2025-03-01 16:51:53,723 : INFO : Using categorical units to plot a list of strings that are all parsable as floats or dates. If these strings should be plotted as numbers, cast to the appropriate data type before plotting.
[2025-03-01T16:51:53.741+0000] {subprocess.py:93} INFO - 2025-03-01 16:51:53,741 : INFO : Using categorical units to plot a list of strings that are all parsable as floats or dates. If these strings should be plotted as numbers, cast to the appropriate data type before plotting.
[2025-03-01T16:51:53.861+0000] {subprocess.py:93} INFO - 2025-03-01 16:51:53,861 : INFO : Using categorical units to plot a list of strings that are all parsable as floats or dates. If these strings should be plotted as numbers, cast to the appropriate data type before plotting.
[2025-03-01T16:51:53.890+0000] {subprocess.py:93} INFO - 2025-03-01 16:51:53,889 : INFO : Using categorical units to plot a list of strings that are all parsable as floats or dates. If these strings should be plotted as numbers, cast to the appropriate data type before plotting.
[2025-03-01T16:51:54.487+0000] {subprocess.py:93} INFO - 2025-03-01 16:51:54,486 : INFO : Saved pdf in visualization/plots.pdf
[2025-03-01T16:51:57.059+0000] {subprocess.py:93} INFO - 
[2025-03-01T16:51:57.059+0000] {subprocess.py:93} INFO - To track the changes with git, run:
[2025-03-01T16:51:57.060+0000] {subprocess.py:93} INFO - 
[2025-03-01T16:51:57.061+0000] {subprocess.py:93} INFO - 	git add data/cleaned.dvc
[2025-03-01T16:51:57.061+0000] {subprocess.py:93} INFO - 
[2025-03-01T16:51:57.062+0000] {subprocess.py:93} INFO - To enable auto staging, run:
[2025-03-01T16:51:57.062+0000] {subprocess.py:93} INFO - 
[2025-03-01T16:51:57.062+0000] {subprocess.py:93} INFO - 	dvc config core.autostage true
[2025-03-01T16:51:57.546+0000] {subprocess.py:93} INFO - /bin/bash: line 3:  : command not found
