[2025-03-03T17:06:28.914+0000] {taskinstance.py:1159} INFO - Dependencies all met for dep_context=non-requeueable deps ti=<TaskInstance: customer_churn_ml_pipeline.data_ingestion_task manual__2025-03-03T17:06:22.394275+00:00 [queued]>
[2025-03-03T17:06:28.927+0000] {taskinstance.py:1159} INFO - Dependencies all met for dep_context=requeueable deps ti=<TaskInstance: customer_churn_ml_pipeline.data_ingestion_task manual__2025-03-03T17:06:22.394275+00:00 [queued]>
[2025-03-03T17:06:28.928+0000] {taskinstance.py:1361} INFO - Starting attempt 1 of 1
[2025-03-03T17:06:28.946+0000] {taskinstance.py:1382} INFO - Executing <Task(BashOperator): data_ingestion_task> on 2025-03-03 17:06:22.394275+00:00
[2025-03-03T17:06:28.951+0000] {standard_task_runner.py:57} INFO - Started process 6945 to run task
[2025-03-03T17:06:28.955+0000] {standard_task_runner.py:84} INFO - Running: ['***', 'tasks', 'run', 'customer_churn_ml_pipeline', 'data_ingestion_task', 'manual__2025-03-03T17:06:22.394275+00:00', '--job-id', '136', '--raw', '--subdir', 'DAGS_FOLDER/customer_churn.py', '--cfg-path', '/tmp/tmpvfahvcfc']
[2025-03-03T17:06:28.959+0000] {standard_task_runner.py:85} INFO - Job 136: Subtask data_ingestion_task
[2025-03-03T17:06:28.990+0000] {logging_mixin.py:154} WARNING - /home/***/.local/lib/python3.8/site-packages/***/settings.py:195 DeprecationWarning: The sql_alchemy_conn option in [core] has been moved to the sql_alchemy_conn option in [database] - the old setting has been used, but please update your config.
[2025-03-03T17:06:29.057+0000] {task_command.py:416} INFO - Running <TaskInstance: customer_churn_ml_pipeline.data_ingestion_task manual__2025-03-03T17:06:22.394275+00:00 [running]> on host 157237bff8f7
[2025-03-03T17:06:29.213+0000] {taskinstance.py:1662} INFO - Exporting env vars: AIRFLOW_CTX_DAG_OWNER='***' AIRFLOW_CTX_DAG_ID='customer_churn_ml_pipeline' AIRFLOW_CTX_TASK_ID='data_ingestion_task' AIRFLOW_CTX_EXECUTION_DATE='2025-03-03T17:06:22.394275+00:00' AIRFLOW_CTX_TRY_NUMBER='1' AIRFLOW_CTX_DAG_RUN_ID='manual__2025-03-03T17:06:22.394275+00:00'
[2025-03-03T17:06:29.215+0000] {subprocess.py:63} INFO - Tmp dir root location: /tmp
[2025-03-03T17:06:29.215+0000] {subprocess.py:75} INFO - Running command: ['/bin/bash', '-c', 'python /opt/***/executables/data_ingestion.py && \t\t\tNOW=$(date \'+%d-%m-%Y\') &&\t\t\tcd /opt/*** && \t\t\tgit add logs &&    \t\t\tgit status &&                         git commit -m "Updated data ingestion" -a &&                         git push\n                    ']
[2025-03-03T17:06:29.227+0000] {subprocess.py:86} INFO - Output:
[2025-03-03T17:06:30.422+0000] {subprocess.py:93} INFO - 2025-03-03 17:06:30,422 : INFO : Reading data from CSV file customer_data.csv
[2025-03-03T17:06:30.526+0000] {subprocess.py:93} INFO - 2025-03-03 17:06:30,526 : INFO : Data from CSV customer_data.csv ingested successfully!
[2025-03-03T17:06:30.527+0000] {subprocess.py:93} INFO - 2025-03-03 17:06:30,526 : INFO : Connecting to Database
[2025-03-03T17:06:30.550+0000] {subprocess.py:93} INFO - 2025-03-03 17:06:30,550 : INFO : Connecting to Database Successfull
[2025-03-03T17:06:30.550+0000] {subprocess.py:93} INFO - 2025-03-03 17:06:30,550 : INFO : Reading data from database.
[2025-03-03T17:06:31.024+0000] {subprocess.py:93} INFO - /opt/***/executables/data_ingestion.py:50: UserWarning: pandas only supports SQLAlchemy connectable (engine/connection) or database string URI or sqlite3 DBAPI2 connection. Other DBAPI2 objects are not tested. Please consider using SQLAlchemy.
[2025-03-03T17:06:31.025+0000] {subprocess.py:93} INFO -   data = pd.read_sql(query, connection)
[2025-03-03T17:06:31.025+0000] {subprocess.py:93} INFO - 2025-03-03 17:06:31,024 : INFO : Data from Database ingested successfully!
[2025-03-03T17:06:31.245+0000] {subprocess.py:93} INFO - On branch main
[2025-03-03T17:06:31.245+0000] {subprocess.py:93} INFO - Your branch is ahead of 'origin/main' by 2 commits.
[2025-03-03T17:06:31.245+0000] {subprocess.py:93} INFO -   (use "git push" to publish your local commits)
[2025-03-03T17:06:31.246+0000] {subprocess.py:93} INFO - 
[2025-03-03T17:06:31.246+0000] {subprocess.py:93} INFO - Changes to be committed:
[2025-03-03T17:06:31.246+0000] {subprocess.py:93} INFO -   (use "git restore --staged <file>..." to unstage)
[2025-03-03T17:06:31.247+0000] {subprocess.py:93} INFO - 	modified:   logs/dag_id=customer_churn_ml_pipeline/run_id=manual__2025-03-03T17:04:05.906551+00:00/task_id=feature_store_task/attempt=1.log
[2025-03-03T17:06:31.247+0000] {subprocess.py:93} INFO - 	new file:   logs/dag_id=customer_churn_ml_pipeline/run_id=manual__2025-03-03T17:06:22.394275+00:00/task_id=data_ingestion_task/attempt=1.log
[2025-03-03T17:06:31.247+0000] {subprocess.py:93} INFO - 	new file:   logs/dag_id=customer_churn_ml_pipeline/run_id=manual__2025-03-03T17:06:22.394275+00:00/task_id=pull_latest_codes/attempt=1.log
[2025-03-03T17:06:31.248+0000] {subprocess.py:93} INFO - 	modified:   logs/dag_processor_manager/dag_processor_manager.log
[2025-03-03T17:06:31.248+0000] {subprocess.py:93} INFO - 	modified:   logs/data_ingestion.log
[2025-03-03T17:06:31.248+0000] {subprocess.py:93} INFO - 	modified:   logs/scheduler/2025-03-03/customer_churn.py.log
[2025-03-03T17:06:31.248+0000] {subprocess.py:93} INFO - 
[2025-03-03T17:06:31.249+0000] {subprocess.py:93} INFO - Untracked files:
[2025-03-03T17:06:31.249+0000] {subprocess.py:93} INFO -   (use "git add <file>..." to include in what will be committed)
[2025-03-03T17:06:31.249+0000] {subprocess.py:93} INFO - 	customer_churn_stats/feature_repo/data/online_store.db
[2025-03-03T17:06:31.250+0000] {subprocess.py:93} INFO - 	customer_churn_stats/feature_repo/data/registry.db
[2025-03-03T17:06:31.250+0000] {subprocess.py:93} INFO - 	models/
[2025-03-03T17:06:31.250+0000] {subprocess.py:93} INFO - 	online.db
[2025-03-03T17:06:31.250+0000] {subprocess.py:93} INFO - 
[2025-03-03T17:06:31.315+0000] {subprocess.py:93} INFO - [main 32454b8] Updated data ingestion
[2025-03-03T17:06:31.316+0000] {subprocess.py:93} INFO -  6 files changed, 119 insertions(+)
[2025-03-03T17:06:31.316+0000] {subprocess.py:93} INFO -  create mode 100644 logs/dag_id=customer_churn_ml_pipeline/run_id=manual__2025-03-03T17:06:22.394275+00:00/task_id=data_ingestion_task/attempt=1.log
[2025-03-03T17:06:31.316+0000] {subprocess.py:93} INFO -  create mode 100644 logs/dag_id=customer_churn_ml_pipeline/run_id=manual__2025-03-03T17:06:22.394275+00:00/task_id=pull_latest_codes/attempt=1.log
[2025-03-03T17:06:32.981+0000] {subprocess.py:93} INFO - To https://github.com/anniemathew-trial/customer_churn_pipeline.git
[2025-03-03T17:06:32.983+0000] {subprocess.py:93} INFO -    3851d95..32454b8  main -> main
[2025-03-03T17:06:32.994+0000] {subprocess.py:97} INFO - Command exited with return code 0
[2025-03-03T17:06:33.035+0000] {taskinstance.py:1400} INFO - Marking task as SUCCESS. dag_id=customer_churn_ml_pipeline, task_id=data_ingestion_task, execution_date=20250303T170622, start_date=20250303T170628, end_date=20250303T170633
[2025-03-03T17:06:33.073+0000] {local_task_job_runner.py:228} INFO - Task exited with return code 0
[2025-03-03T17:06:33.117+0000] {taskinstance.py:2778} INFO - 1 downstream tasks scheduled from follow-on schedule check
