[2025-03-03T17:16:58.984+0000] {taskinstance.py:1159} INFO - Dependencies all met for dep_context=non-requeueable deps ti=<TaskInstance: customer_churn_ml_pipeline.data_storage_task manual__2025-03-03T17:15:40.663621+00:00 [queued]>
[2025-03-03T17:16:59.002+0000] {taskinstance.py:1159} INFO - Dependencies all met for dep_context=requeueable deps ti=<TaskInstance: customer_churn_ml_pipeline.data_storage_task manual__2025-03-03T17:15:40.663621+00:00 [queued]>
[2025-03-03T17:16:59.002+0000] {taskinstance.py:1361} INFO - Starting attempt 1 of 1
[2025-03-03T17:16:59.026+0000] {taskinstance.py:1382} INFO - Executing <Task(BashOperator): data_storage_task> on 2025-03-03 17:15:40.663621+00:00
[2025-03-03T17:16:59.032+0000] {standard_task_runner.py:57} INFO - Started process 8383 to run task
[2025-03-03T17:16:59.036+0000] {standard_task_runner.py:84} INFO - Running: ['***', 'tasks', 'run', 'customer_churn_ml_pipeline', 'data_storage_task', 'manual__2025-03-03T17:15:40.663621+00:00', '--job-id', '157', '--raw', '--subdir', 'DAGS_FOLDER/customer_churn.py', '--cfg-path', '/tmp/tmp3scbug5u']
[2025-03-03T17:16:59.040+0000] {standard_task_runner.py:85} INFO - Job 157: Subtask data_storage_task
[2025-03-03T17:16:59.069+0000] {logging_mixin.py:154} WARNING - /home/***/.local/lib/python3.8/site-packages/***/settings.py:195 DeprecationWarning: The sql_alchemy_conn option in [core] has been moved to the sql_alchemy_conn option in [database] - the old setting has been used, but please update your config.
[2025-03-03T17:16:59.127+0000] {task_command.py:416} INFO - Running <TaskInstance: customer_churn_ml_pipeline.data_storage_task manual__2025-03-03T17:15:40.663621+00:00 [running]> on host 157237bff8f7
[2025-03-03T17:16:59.280+0000] {taskinstance.py:1662} INFO - Exporting env vars: AIRFLOW_CTX_DAG_OWNER='***' AIRFLOW_CTX_DAG_ID='customer_churn_ml_pipeline' AIRFLOW_CTX_TASK_ID='data_storage_task' AIRFLOW_CTX_EXECUTION_DATE='2025-03-03T17:15:40.663621+00:00' AIRFLOW_CTX_TRY_NUMBER='1' AIRFLOW_CTX_DAG_RUN_ID='manual__2025-03-03T17:15:40.663621+00:00'
[2025-03-03T17:16:59.281+0000] {subprocess.py:63} INFO - Tmp dir root location: /tmp
[2025-03-03T17:16:59.282+0000] {subprocess.py:75} INFO - Running command: ['/bin/bash', '-c', '\n\t\t\tcd /opt/***\n                        dvc pull /opt/***/data/transformed\n                        python /opt/***/executables/data_storage.py && \t\t\tgit add logs &&    \t\t\tgit status &&                         git commit -m "Updated stored data version" -a &&                         dvc push && git push\n                    ']
[2025-03-03T17:16:59.296+0000] {subprocess.py:86} INFO - Output:
[2025-03-03T17:17:03.062+0000] {subprocess.py:93} INFO - Everything is up to date.
[2025-03-03T17:17:04.692+0000] {subprocess.py:93} INFO - 2025-03-03 17:17:04,691 : INFO : Starting data storage for customer_data.csv
[2025-03-03T17:17:04.692+0000] {subprocess.py:93} INFO - 2025-03-03 17:17:04,692 : INFO : Connecting to Database
[2025-03-03T17:17:04.716+0000] {subprocess.py:93} INFO - 2025-03-03 17:17:04,716 : INFO : Connecting to Database Successfull
[2025-03-03T17:17:04.716+0000] {subprocess.py:93} INFO - 2025-03-03 17:17:04,716 : INFO : Reading insert script template
[2025-03-03T17:17:04.717+0000] {subprocess.py:93} INFO - 2025-03-03 17:17:04,716 : INFO : Executing script to Database
[2025-03-03T17:17:04.717+0000] {subprocess.py:93} INFO - 2025-03-03 17:17:04,716 : INFO : Inserting data to database
[2025-03-03T17:17:04.800+0000] {subprocess.py:93} INFO - 2025-03-03 17:17:04,800 : ERROR : Error storing data: ('42S22', "[42S22] [Microsoft][ODBC Driver 17 for SQL Server][SQL Server]Invalid column name 'DataSource'. (207) (SQLExecDirectW)")
[2025-03-03T17:17:04.804+0000] {subprocess.py:93} INFO - 2025-03-03 17:17:04,803 : INFO : Starting data storage for database_data.csv
[2025-03-03T17:17:04.804+0000] {subprocess.py:93} INFO - 2025-03-03 17:17:04,804 : INFO : Connecting to Database
[2025-03-03T17:17:04.817+0000] {subprocess.py:93} INFO - 2025-03-03 17:17:04,816 : INFO : Connecting to Database Successfull
[2025-03-03T17:17:04.817+0000] {subprocess.py:93} INFO - 2025-03-03 17:17:04,816 : INFO : Reading insert script template
[2025-03-03T17:17:04.817+0000] {subprocess.py:93} INFO - 2025-03-03 17:17:04,817 : INFO : Executing script to Database
[2025-03-03T17:17:04.817+0000] {subprocess.py:93} INFO - 2025-03-03 17:17:04,817 : INFO : Inserting data to database
[2025-03-03T17:17:04.818+0000] {subprocess.py:93} INFO - 2025-03-03 17:17:04,817 : ERROR : Error storing data: [Errno 2] No such file or directory: '/opt/***/data/transformed/fintech2/03-03-2025/database/database_data.csv'
[2025-03-03T17:17:05.043+0000] {subprocess.py:93} INFO - On branch main
[2025-03-03T17:17:05.044+0000] {subprocess.py:93} INFO - Your branch is up to date with 'origin/main'.
[2025-03-03T17:17:05.044+0000] {subprocess.py:93} INFO - 
[2025-03-03T17:17:05.044+0000] {subprocess.py:93} INFO - Changes to be committed:
[2025-03-03T17:17:05.044+0000] {subprocess.py:93} INFO -   (use "git restore --staged <file>..." to unstage)
[2025-03-03T17:17:05.045+0000] {subprocess.py:93} INFO - 	new file:   logs/dag_id=customer_churn_ml_pipeline/run_id=manual__2025-03-03T17:15:40.663621+00:00/task_id=data_storage_task/attempt=1.log
[2025-03-03T17:17:05.045+0000] {subprocess.py:93} INFO - 	modified:   logs/dag_id=customer_churn_ml_pipeline/run_id=manual__2025-03-03T17:15:40.663621+00:00/task_id=data_transformation_task/attempt=1.log
[2025-03-03T17:17:05.045+0000] {subprocess.py:93} INFO - 	modified:   logs/dag_processor_manager/dag_processor_manager.log
[2025-03-03T17:17:05.046+0000] {subprocess.py:93} INFO - 	modified:   logs/data_storage.log
[2025-03-03T17:17:05.046+0000] {subprocess.py:93} INFO - 	modified:   logs/scheduler/2025-03-03/customer_churn.py.log
[2025-03-03T17:17:05.046+0000] {subprocess.py:93} INFO - 
[2025-03-03T17:17:05.047+0000] {subprocess.py:93} INFO - Untracked files:
[2025-03-03T17:17:05.047+0000] {subprocess.py:93} INFO -   (use "git add <file>..." to include in what will be committed)
[2025-03-03T17:17:05.047+0000] {subprocess.py:93} INFO - 	customer_churn_stats/feature_repo/data/online_store.db
[2025-03-03T17:17:05.047+0000] {subprocess.py:93} INFO - 	customer_churn_stats/feature_repo/data/registry.db
[2025-03-03T17:17:05.048+0000] {subprocess.py:93} INFO - 	models/
[2025-03-03T17:17:05.048+0000] {subprocess.py:93} INFO - 	online.db
[2025-03-03T17:17:05.048+0000] {subprocess.py:93} INFO - 
[2025-03-03T17:17:05.124+0000] {subprocess.py:93} INFO - [main 3959d1a] Updated stored data version
[2025-03-03T17:17:05.125+0000] {subprocess.py:93} INFO -  5 files changed, 86 insertions(+)
[2025-03-03T17:17:05.125+0000] {subprocess.py:93} INFO -  create mode 100644 logs/dag_id=customer_churn_ml_pipeline/run_id=manual__2025-03-03T17:15:40.663621+00:00/task_id=data_storage_task/attempt=1.log
[2025-03-03T17:17:09.860+0000] {subprocess.py:93} INFO - Everything is up to date.
[2025-03-03T17:17:11.764+0000] {subprocess.py:93} INFO - To https://github.com/anniemathew-trial/customer_churn_pipeline.git
[2025-03-03T17:17:11.765+0000] {subprocess.py:93} INFO -    2632b31..3959d1a  main -> main
[2025-03-03T17:17:11.783+0000] {subprocess.py:97} INFO - Command exited with return code 0
[2025-03-03T17:17:11.830+0000] {taskinstance.py:1400} INFO - Marking task as SUCCESS. dag_id=customer_churn_ml_pipeline, task_id=data_storage_task, execution_date=20250303T171540, start_date=20250303T171658, end_date=20250303T171711
