[2025-03-02T08:00:47.836+0000] {taskinstance.py:1159} INFO - Dependencies all met for dep_context=non-requeueable deps ti=<TaskInstance: customer_churn_ml_pipeline.data_preparation_task scheduled__2025-03-01T08:00:00+00:00 [queued]>
[2025-03-02T08:00:47.878+0000] {taskinstance.py:1159} INFO - Dependencies all met for dep_context=requeueable deps ti=<TaskInstance: customer_churn_ml_pipeline.data_preparation_task scheduled__2025-03-01T08:00:00+00:00 [queued]>
[2025-03-02T08:00:47.880+0000] {taskinstance.py:1361} INFO - Starting attempt 1 of 1
[2025-03-02T08:00:47.966+0000] {taskinstance.py:1382} INFO - Executing <Task(BashOperator): data_preparation_task> on 2025-03-01 08:00:00+00:00
[2025-03-02T08:00:47.984+0000] {standard_task_runner.py:57} INFO - Started process 7823 to run task
[2025-03-02T08:00:47.999+0000] {standard_task_runner.py:84} INFO - Running: ['***', 'tasks', 'run', 'customer_churn_ml_pipeline', 'data_preparation_task', 'scheduled__2025-03-01T08:00:00+00:00', '--job-id', '299', '--raw', '--subdir', 'DAGS_FOLDER/customer_churn.py', '--cfg-path', '/tmp/tmpkedcz78l']
[2025-03-02T08:00:48.025+0000] {standard_task_runner.py:85} INFO - Job 299: Subtask data_preparation_task
[2025-03-02T08:00:48.343+0000] {logging_mixin.py:154} WARNING - /home/***/.local/lib/python3.8/site-packages/***/settings.py:195 DeprecationWarning: The sql_alchemy_conn option in [core] has been moved to the sql_alchemy_conn option in [database] - the old setting has been used, but please update your config.
[2025-03-02T08:00:48.926+0000] {task_command.py:416} INFO - Running <TaskInstance: customer_churn_ml_pipeline.data_preparation_task scheduled__2025-03-01T08:00:00+00:00 [running]> on host 7e994a0ed489
[2025-03-02T08:00:49.979+0000] {taskinstance.py:1662} INFO - Exporting env vars: AIRFLOW_CTX_DAG_OWNER='***' AIRFLOW_CTX_DAG_ID='customer_churn_ml_pipeline' AIRFLOW_CTX_TASK_ID='data_preparation_task' AIRFLOW_CTX_EXECUTION_DATE='2025-03-01T08:00:00+00:00' AIRFLOW_CTX_TRY_NUMBER='1' AIRFLOW_CTX_DAG_RUN_ID='scheduled__2025-03-01T08:00:00+00:00'
[2025-03-02T08:00:49.986+0000] {subprocess.py:63} INFO - Tmp dir root location: /tmp
[2025-03-02T08:00:50.014+0000] {subprocess.py:75} INFO - Running command: ['/bin/bash', '-c', '\n\t\t\tNOW=$(date \'+%d-%m-%Y\') &&\t\t\tcd /opt/*** &&\t\t\tpython /opt/***/executables/data_preparation.py &&                         dvc add /opt/***/data/cleaned &&                         git add /opt/***/data/cleaned.dvc && \t\t\tgit add logs &&\\   \n\t\t\tgit add visualization &&                        git commit -m "Updated cleaned data version" -a &&                         dvc push && git push\n                    ']
[2025-03-02T08:00:50.101+0000] {subprocess.py:86} INFO - Output:
[2025-03-02T08:00:59.715+0000] {subprocess.py:93} INFO - Traceback (most recent call last):
[2025-03-02T08:00:59.716+0000] {subprocess.py:93} INFO -   File "/opt/***/executables/data_preparation.py", line 11, in <module>
[2025-03-02T08:00:59.717+0000] {subprocess.py:93} INFO -     with open("settings.json", "r") as file:
[2025-03-02T08:00:59.717+0000] {subprocess.py:93} INFO - FileNotFoundError: [Errno 2] No such file or directory: 'settings.json'
[2025-03-02T08:01:01.139+0000] {subprocess.py:93} INFO - [main c0bd307] Updated cleaned data version
[2025-03-02T08:01:01.141+0000] {subprocess.py:93} INFO -  4 files changed, 67 insertions(+)
[2025-03-02T08:01:21.954+0000] {subprocess.py:93} INFO - Everything is up to date.
