[2025-03-02T06:38:01.844+0000] {taskinstance.py:1159} INFO - Dependencies all met for dep_context=non-requeueable deps ti=<TaskInstance: customer_churn_ml_pipeline.data_ingestion_task manual__2025-03-02T06:37:55.944013+00:00 [queued]>
[2025-03-02T06:38:01.857+0000] {taskinstance.py:1159} INFO - Dependencies all met for dep_context=requeueable deps ti=<TaskInstance: customer_churn_ml_pipeline.data_ingestion_task manual__2025-03-02T06:37:55.944013+00:00 [queued]>
[2025-03-02T06:38:01.858+0000] {taskinstance.py:1361} INFO - Starting attempt 1 of 1
[2025-03-02T06:38:01.877+0000] {taskinstance.py:1382} INFO - Executing <Task(BashOperator): data_ingestion_task> on 2025-03-02 06:37:55.944013+00:00
[2025-03-02T06:38:01.882+0000] {standard_task_runner.py:57} INFO - Started process 4484 to run task
[2025-03-02T06:38:01.886+0000] {standard_task_runner.py:84} INFO - Running: ['***', 'tasks', 'run', 'customer_churn_ml_pipeline', 'data_ingestion_task', 'manual__2025-03-02T06:37:55.944013+00:00', '--job-id', '257', '--raw', '--subdir', 'DAGS_FOLDER/customer_churn.py', '--cfg-path', '/tmp/tmporjql2ep']
[2025-03-02T06:38:01.889+0000] {standard_task_runner.py:85} INFO - Job 257: Subtask data_ingestion_task
[2025-03-02T06:38:01.915+0000] {logging_mixin.py:154} WARNING - /home/***/.local/lib/python3.8/site-packages/***/settings.py:195 DeprecationWarning: The sql_alchemy_conn option in [core] has been moved to the sql_alchemy_conn option in [database] - the old setting has been used, but please update your config.
[2025-03-02T06:38:01.967+0000] {task_command.py:416} INFO - Running <TaskInstance: customer_churn_ml_pipeline.data_ingestion_task manual__2025-03-02T06:37:55.944013+00:00 [running]> on host 7e994a0ed489
[2025-03-02T06:38:02.103+0000] {taskinstance.py:1662} INFO - Exporting env vars: AIRFLOW_CTX_DAG_OWNER='***' AIRFLOW_CTX_DAG_ID='customer_churn_ml_pipeline' AIRFLOW_CTX_TASK_ID='data_ingestion_task' AIRFLOW_CTX_EXECUTION_DATE='2025-03-02T06:37:55.944013+00:00' AIRFLOW_CTX_TRY_NUMBER='1' AIRFLOW_CTX_DAG_RUN_ID='manual__2025-03-02T06:37:55.944013+00:00'
[2025-03-02T06:38:02.104+0000] {subprocess.py:63} INFO - Tmp dir root location: /tmp
[2025-03-02T06:38:02.106+0000] {subprocess.py:75} INFO - Running command: ['/bin/bash', '-c', 'python /opt/***/executables/data_ingestion.py && \t\t\tNOW=$(date \'+%d-%m-%Y\') &&\t\t\tcd /opt/*** && \t\t\tgit add logs &&                        git commit -m "Updated data ingestion" -a &&                         git push\n                    ']
[2025-03-02T06:38:02.119+0000] {subprocess.py:86} INFO - Output:
[2025-03-02T06:38:03.319+0000] {subprocess.py:93} INFO - 2025-03-02 06:38:03,318 : INFO : Reading data from CSV file customer_data.csv
[2025-03-02T06:38:03.449+0000] {subprocess.py:93} INFO - 2025-03-02 06:38:03,449 : INFO : Data from CSV customer_data.csv ingested successfully!
[2025-03-02T06:38:03.450+0000] {subprocess.py:93} INFO - 2025-03-02 06:38:03,449 : INFO : Connecting to Database
[2025-03-02T06:38:03.452+0000] {subprocess.py:93} INFO - 2025-03-02 06:38:03,451 : ERROR : Error ingesting database: ('01000', "[01000] [unixODBC][Driver Manager]Can't open lib '{{ODBC Driver 17 for SQL Server}' : file not found (0) (SQLDriverConnect)")
[2025-03-02T06:38:03.452+0000] {subprocess.py:93} INFO - DRIVER={{{ODBC Driver 17 for SQL Server}}};SERVER=dmml_customer_churn_setup-sqlserver-1,1433;DATABASE=dmml_assignment;UID=sa;PWD=NewPASS1234
[2025-03-02T06:38:03.647+0000] {subprocess.py:93} INFO - [main 89423d4] Updated data ingestion
[2025-03-02T06:38:03.648+0000] {subprocess.py:93} INFO -  8 files changed, 253 insertions(+)
[2025-03-02T06:38:03.648+0000] {subprocess.py:93} INFO -  create mode 100644 logs/dag_id=customer_churn_ml_pipeline/run_id=manual__2025-03-02T06:33:39.020792+00:00/task_id=data_preparation_task/attempt=1.log
[2025-03-02T06:38:03.648+0000] {subprocess.py:93} INFO -  create mode 100644 logs/dag_id=customer_churn_ml_pipeline/run_id=manual__2025-03-02T06:33:39.020792+00:00/task_id=data_validation_task/attempt=1.log
[2025-03-02T06:38:03.648+0000] {subprocess.py:93} INFO -  create mode 100644 logs/dag_id=customer_churn_ml_pipeline/run_id=manual__2025-03-02T06:33:39.020792+00:00/task_id=raw_data_storage_task/attempt=1.log
[2025-03-02T06:38:03.649+0000] {subprocess.py:93} INFO -  create mode 100644 logs/dag_id=customer_churn_ml_pipeline/run_id=manual__2025-03-02T06:37:55.944013+00:00/task_id=data_ingestion_task/attempt=1.log
[2025-03-02T06:38:03.649+0000] {subprocess.py:93} INFO -  create mode 100644 logs/dag_id=customer_churn_ml_pipeline/run_id=manual__2025-03-02T06:37:55.944013+00:00/task_id=pull_latest_codes/attempt=1.log
[2025-03-02T06:38:05.215+0000] {subprocess.py:93} INFO - To https://github.com/anniemathew-trial/customer_churn_pipeline.git
[2025-03-02T06:38:05.216+0000] {subprocess.py:93} INFO -    eaa4d63..89423d4  main -> main
[2025-03-02T06:38:05.228+0000] {subprocess.py:97} INFO - Command exited with return code 0
[2025-03-02T06:38:05.269+0000] {taskinstance.py:1400} INFO - Marking task as SUCCESS. dag_id=customer_churn_ml_pipeline, task_id=data_ingestion_task, execution_date=20250302T063755, start_date=20250302T063801, end_date=20250302T063805
[2025-03-02T06:38:05.322+0000] {local_task_job_runner.py:228} INFO - Task exited with return code 0
[2025-03-02T06:38:05.373+0000] {taskinstance.py:2778} INFO - 1 downstream tasks scheduled from follow-on schedule check
