[2025-03-02T11:36:09.338+0000] {taskinstance.py:1159} INFO - Dependencies all met for dep_context=non-requeueable deps ti=<TaskInstance: customer_churn_ml_pipeline.data_preparation_task manual__2025-03-02T11:35:21.762130+00:00 [queued]>
[2025-03-02T11:36:09.351+0000] {taskinstance.py:1159} INFO - Dependencies all met for dep_context=requeueable deps ti=<TaskInstance: customer_churn_ml_pipeline.data_preparation_task manual__2025-03-02T11:35:21.762130+00:00 [queued]>
[2025-03-02T11:36:09.351+0000] {taskinstance.py:1361} INFO - Starting attempt 1 of 1
[2025-03-02T11:36:09.375+0000] {taskinstance.py:1382} INFO - Executing <Task(BashOperator): data_preparation_task> on 2025-03-02 11:35:21.762130+00:00
[2025-03-02T11:36:09.381+0000] {standard_task_runner.py:57} INFO - Started process 15973 to run task
[2025-03-02T11:36:09.385+0000] {standard_task_runner.py:84} INFO - Running: ['***', 'tasks', 'run', 'customer_churn_ml_pipeline', 'data_preparation_task', 'manual__2025-03-02T11:35:21.762130+00:00', '--job-id', '227', '--raw', '--subdir', 'DAGS_FOLDER/customer_churn.py', '--cfg-path', '/tmp/tmp4lntlubk']
[2025-03-02T11:36:09.389+0000] {standard_task_runner.py:85} INFO - Job 227: Subtask data_preparation_task
[2025-03-02T11:36:09.420+0000] {logging_mixin.py:154} WARNING - /home/***/.local/lib/python3.8/site-packages/***/settings.py:195 DeprecationWarning: The sql_alchemy_conn option in [core] has been moved to the sql_alchemy_conn option in [database] - the old setting has been used, but please update your config.
[2025-03-02T11:36:09.491+0000] {task_command.py:416} INFO - Running <TaskInstance: customer_churn_ml_pipeline.data_preparation_task manual__2025-03-02T11:35:21.762130+00:00 [running]> on host 9113a5746a05
[2025-03-02T11:36:09.658+0000] {taskinstance.py:1662} INFO - Exporting env vars: AIRFLOW_CTX_DAG_OWNER='***' AIRFLOW_CTX_DAG_ID='customer_churn_ml_pipeline' AIRFLOW_CTX_TASK_ID='data_preparation_task' AIRFLOW_CTX_EXECUTION_DATE='2025-03-02T11:35:21.762130+00:00' AIRFLOW_CTX_TRY_NUMBER='1' AIRFLOW_CTX_DAG_RUN_ID='manual__2025-03-02T11:35:21.762130+00:00'
[2025-03-02T11:36:09.659+0000] {subprocess.py:63} INFO - Tmp dir root location: /tmp
[2025-03-02T11:36:09.660+0000] {subprocess.py:75} INFO - Running command: ['/bin/bash', '-c', '\n\t\t\tcd /opt/*** &&\t\t\tpython /opt/***/executables/data_preparation.py &&                         dvc add /opt/***/data/cleaned &&                         git add /opt/***/data/cleaned.dvc && \t\t\tgit add logs && \\   \n\t\t\tgit add visualization &&    \t\t\tgit status &&                         git commit -m "Updated cleaned data version" -a &&                         dvc push && git push\n                    ']
[2025-03-02T11:36:09.677+0000] {subprocess.py:86} INFO - Output:
[2025-03-02T11:36:13.232+0000] {subprocess.py:93} INFO - 2025-03-02 11:36:13,232 : INFO : Starting data preparation for csv.
[2025-03-02T11:36:13.264+0000] {subprocess.py:93} INFO - 2025-03-02 11:36:13,263 : INFO : Handling 'Tenure', 'Balance', 'EstimatedSalary' empty data
[2025-03-02T11:36:13.264+0000] {subprocess.py:93} INFO - 2025-03-02 11:36:13,264 : INFO : Handling 'Age' empty data
[2025-03-02T11:36:13.266+0000] {subprocess.py:93} INFO - 2025-03-02 11:36:13,266 : INFO : Droping 'Surname' as it may lead to profiling, 'RowNumber', 'CustomerId' as it is not required
[2025-03-02T11:36:13.269+0000] {subprocess.py:93} INFO - 2025-03-02 11:36:13,269 : INFO : Making 'Geography', 'Gender', 'HasCrCard', 'IsActiveMember' as categorical
[2025-03-02T11:36:13.281+0000] {subprocess.py:93} INFO - 2025-03-02 11:36:13,281 : INFO : Saving data to S3.
[2025-03-02T11:36:13.282+0000] {subprocess.py:93} INFO - 2025-03-02 11:36:13,282 : INFO : Directory created at /opt/***/data/cleaned/02-03-2025/csv
[2025-03-02T11:36:13.569+0000] {subprocess.py:93} INFO - 2025-03-02 11:36:13,569 : INFO : Connected to s3
[2025-03-02T11:36:16.282+0000] {subprocess.py:93} INFO - 2025-03-02 11:36:16,281 : INFO : File uploaded to S3
[2025-03-02T11:36:16.283+0000] {subprocess.py:93} INFO - 2025-03-02 11:36:16,283 : INFO : Creating Pie chart
[2025-03-02T11:36:16.461+0000] {subprocess.py:93} INFO - 2025-03-02 11:36:16,461 : INFO : Generating histogram for column CreditScore.
[2025-03-02T11:36:16.614+0000] {subprocess.py:93} INFO - 2025-03-02 11:36:16,614 : INFO : Generating histogram for column Geography.
[2025-03-02T11:36:16.859+0000] {subprocess.py:93} INFO - 2025-03-02 11:36:16,859 : INFO : Generating histogram for column Gender.
[2025-03-02T11:36:16.973+0000] {subprocess.py:93} INFO - 2025-03-02 11:36:16,973 : INFO : Generating histogram for column Age.
[2025-03-02T11:36:17.146+0000] {subprocess.py:93} INFO - 2025-03-02 11:36:17,146 : INFO : Generating histogram for column Tenure.
[2025-03-02T11:36:17.288+0000] {subprocess.py:93} INFO - 2025-03-02 11:36:17,288 : INFO : Generating histogram for column Balance.
[2025-03-02T11:36:17.454+0000] {subprocess.py:93} INFO - 2025-03-02 11:36:17,454 : INFO : Generating histogram for column NumOfProducts.
[2025-03-02T11:36:17.617+0000] {subprocess.py:93} INFO - 2025-03-02 11:36:17,617 : INFO : Generating histogram for column HasCrCard.
[2025-03-02T11:36:17.806+0000] {subprocess.py:93} INFO - 2025-03-02 11:36:17,805 : INFO : Generating histogram for column IsActiveMember.
[2025-03-02T11:36:18.141+0000] {subprocess.py:93} INFO - 2025-03-02 11:36:18,141 : INFO : Generating histogram for column EstimatedSalary.
[2025-03-02T11:36:18.422+0000] {subprocess.py:93} INFO - 2025-03-02 11:36:18,421 : INFO : Generating histogram for column Exited.
[2025-03-02T11:36:18.650+0000] {subprocess.py:93} INFO - 2025-03-02 11:36:18,650 : INFO : Generating histogram for relation of Exited with Categorical data.
[2025-03-02T11:36:19.028+0000] {subprocess.py:93} INFO - 2025-03-02 11:36:19,027 : INFO : Using categorical units to plot a list of strings that are all parsable as floats or dates. If these strings should be plotted as numbers, cast to the appropriate data type before plotting.
[2025-03-02T11:36:19.049+0000] {subprocess.py:93} INFO - 2025-03-02 11:36:19,049 : INFO : Using categorical units to plot a list of strings that are all parsable as floats or dates. If these strings should be plotted as numbers, cast to the appropriate data type before plotting.
[2025-03-02T11:36:19.126+0000] {subprocess.py:93} INFO - 2025-03-02 11:36:19,125 : INFO : Using categorical units to plot a list of strings that are all parsable as floats or dates. If these strings should be plotted as numbers, cast to the appropriate data type before plotting.
[2025-03-02T11:36:19.155+0000] {subprocess.py:93} INFO - 2025-03-02 11:36:19,155 : INFO : Using categorical units to plot a list of strings that are all parsable as floats or dates. If these strings should be plotted as numbers, cast to the appropriate data type before plotting.
[2025-03-02T11:36:19.256+0000] {subprocess.py:93} INFO - 2025-03-02 11:36:19,255 : INFO : Generating box plots for relation of Exited with non Categorical data.
[2025-03-02T11:36:19.592+0000] {subprocess.py:93} INFO - 2025-03-02 11:36:19,592 : INFO : Using categorical units to plot a list of strings that are all parsable as floats or dates. If these strings should be plotted as numbers, cast to the appropriate data type before plotting.
[2025-03-02T11:36:19.629+0000] {subprocess.py:93} INFO - 2025-03-02 11:36:19,628 : INFO : Using categorical units to plot a list of strings that are all parsable as floats or dates. If these strings should be plotted as numbers, cast to the appropriate data type before plotting.
[2025-03-02T11:36:19.803+0000] {subprocess.py:93} INFO - 2025-03-02 11:36:19,803 : INFO : Using categorical units to plot a list of strings that are all parsable as floats or dates. If these strings should be plotted as numbers, cast to the appropriate data type before plotting.
[2025-03-02T11:36:19.851+0000] {subprocess.py:93} INFO - 2025-03-02 11:36:19,850 : INFO : Using categorical units to plot a list of strings that are all parsable as floats or dates. If these strings should be plotted as numbers, cast to the appropriate data type before plotting.
[2025-03-02T11:36:20.083+0000] {subprocess.py:93} INFO - 2025-03-02 11:36:20,083 : INFO : Using categorical units to plot a list of strings that are all parsable as floats or dates. If these strings should be plotted as numbers, cast to the appropriate data type before plotting.
[2025-03-02T11:36:20.113+0000] {subprocess.py:93} INFO - 2025-03-02 11:36:20,112 : INFO : Using categorical units to plot a list of strings that are all parsable as floats or dates. If these strings should be plotted as numbers, cast to the appropriate data type before plotting.
[2025-03-02T11:36:20.250+0000] {subprocess.py:93} INFO - 2025-03-02 11:36:20,250 : INFO : Using categorical units to plot a list of strings that are all parsable as floats or dates. If these strings should be plotted as numbers, cast to the appropriate data type before plotting.
[2025-03-02T11:36:20.283+0000] {subprocess.py:93} INFO - 2025-03-02 11:36:20,283 : INFO : Using categorical units to plot a list of strings that are all parsable as floats or dates. If these strings should be plotted as numbers, cast to the appropriate data type before plotting.
[2025-03-02T11:36:20.438+0000] {subprocess.py:93} INFO - 2025-03-02 11:36:20,438 : INFO : Using categorical units to plot a list of strings that are all parsable as floats or dates. If these strings should be plotted as numbers, cast to the appropriate data type before plotting.
[2025-03-02T11:36:20.469+0000] {subprocess.py:93} INFO - 2025-03-02 11:36:20,468 : INFO : Using categorical units to plot a list of strings that are all parsable as floats or dates. If these strings should be plotted as numbers, cast to the appropriate data type before plotting.
[2025-03-02T11:36:20.722+0000] {subprocess.py:93} INFO - 2025-03-02 11:36:20,722 : INFO : Using categorical units to plot a list of strings that are all parsable as floats or dates. If these strings should be plotted as numbers, cast to the appropriate data type before plotting.
[2025-03-02T11:36:20.746+0000] {subprocess.py:93} INFO - 2025-03-02 11:36:20,746 : INFO : Using categorical units to plot a list of strings that are all parsable as floats or dates. If these strings should be plotted as numbers, cast to the appropriate data type before plotting.
[2025-03-02T11:36:21.292+0000] {subprocess.py:93} INFO - 2025-03-02 11:36:21,292 : INFO : Saved pdf in visualization/plots.pdf
[2025-03-02T11:36:24.378+0000] {subprocess.py:93} INFO - 
[2025-03-02T11:36:24.379+0000] {subprocess.py:93} INFO - To track the changes with git, run:
[2025-03-02T11:36:24.379+0000] {subprocess.py:93} INFO - 
[2025-03-02T11:36:24.381+0000] {subprocess.py:93} INFO - 	git add data/cleaned.dvc
[2025-03-02T11:36:24.381+0000] {subprocess.py:93} INFO - 
[2025-03-02T11:36:24.381+0000] {subprocess.py:93} INFO - To enable auto staging, run:
[2025-03-02T11:36:24.382+0000] {subprocess.py:93} INFO - 
[2025-03-02T11:36:24.382+0000] {subprocess.py:93} INFO - 	dvc config core.autostage true
[2025-03-02T11:36:24.717+0000] {subprocess.py:93} INFO - /bin/bash: line 2:  : command not found
[2025-03-02T11:36:24.751+0000] {subprocess.py:93} INFO - On branch main
[2025-03-02T11:36:24.752+0000] {subprocess.py:93} INFO - Your branch is up to date with 'origin/main'.
[2025-03-02T11:36:24.752+0000] {subprocess.py:93} INFO - 
[2025-03-02T11:36:24.752+0000] {subprocess.py:93} INFO - Changes to be committed:
[2025-03-02T11:36:24.752+0000] {subprocess.py:93} INFO -   (use "git restore --staged <file>..." to unstage)
[2025-03-02T11:36:24.753+0000] {subprocess.py:93} INFO - 	new file:   logs/dag_id=customer_churn_ml_pipeline/run_id=manual__2025-03-02T11:35:21.762130+00:00/task_id=data_preparation_task/attempt=1.log
[2025-03-02T11:36:24.753+0000] {subprocess.py:93} INFO - 	modified:   logs/dag_id=customer_churn_ml_pipeline/run_id=manual__2025-03-02T11:35:21.762130+00:00/task_id=data_validation_task/attempt=1.log
[2025-03-02T11:36:24.753+0000] {subprocess.py:93} INFO - 	modified:   logs/data_preparation.log
[2025-03-02T11:36:24.754+0000] {subprocess.py:93} INFO - 	modified:   logs/scheduler/2025-03-02/customer_churn.py.log
[2025-03-02T11:36:24.754+0000] {subprocess.py:93} INFO - 	modified:   visualization/plots.pdf
[2025-03-02T11:36:24.754+0000] {subprocess.py:93} INFO - 
[2025-03-02T11:36:24.754+0000] {subprocess.py:93} INFO - Changes not staged for commit:
[2025-03-02T11:36:24.755+0000] {subprocess.py:93} INFO -   (use "git add <file>..." to update what will be committed)
[2025-03-02T11:36:24.755+0000] {subprocess.py:93} INFO -   (use "git restore <file>..." to discard changes in working directory)
[2025-03-02T11:36:24.755+0000] {subprocess.py:93} INFO - 	modified:   logs/dag_id=customer_churn_ml_pipeline/run_id=manual__2025-03-02T11:35:21.762130+00:00/task_id=data_preparation_task/attempt=1.log
[2025-03-02T11:36:24.755+0000] {subprocess.py:93} INFO - 
[2025-03-02T11:36:24.756+0000] {subprocess.py:93} INFO - Untracked files:
[2025-03-02T11:36:24.756+0000] {subprocess.py:93} INFO -   (use "git add <file>..." to include in what will be committed)
[2025-03-02T11:36:24.756+0000] {subprocess.py:93} INFO - 	customer_churn_stats/feature_repo/data/
[2025-03-02T11:36:24.757+0000] {subprocess.py:93} INFO - 
