[2025-03-03T23:32:01.044+0000] {taskinstance.py:1159} INFO - Dependencies all met for dep_context=non-requeueable deps ti=<TaskInstance: customer_churn_ml_pipeline.model_training_task manual__2025-03-03T23:29:56.597639+00:00 [queued]>
[2025-03-03T23:32:01.056+0000] {taskinstance.py:1159} INFO - Dependencies all met for dep_context=requeueable deps ti=<TaskInstance: customer_churn_ml_pipeline.model_training_task manual__2025-03-03T23:29:56.597639+00:00 [queued]>
[2025-03-03T23:32:01.057+0000] {taskinstance.py:1361} INFO - Starting attempt 1 of 1
[2025-03-03T23:32:01.074+0000] {taskinstance.py:1382} INFO - Executing <Task(BashOperator): model_training_task> on 2025-03-03 23:29:56.597639+00:00
[2025-03-03T23:32:01.078+0000] {standard_task_runner.py:57} INFO - Started process 7242 to run task
[2025-03-03T23:32:01.081+0000] {standard_task_runner.py:84} INFO - Running: ['***', 'tasks', 'run', 'customer_churn_ml_pipeline', 'model_training_task', 'manual__2025-03-03T23:29:56.597639+00:00', '--job-id', '245', '--raw', '--subdir', 'DAGS_FOLDER/customer_churn.py', '--cfg-path', '/tmp/tmpge48xfdg']
[2025-03-03T23:32:01.084+0000] {standard_task_runner.py:85} INFO - Job 245: Subtask model_training_task
[2025-03-03T23:32:01.107+0000] {logging_mixin.py:154} WARNING - /home/***/.local/lib/python3.8/site-packages/***/settings.py:195 DeprecationWarning: The sql_alchemy_conn option in [core] has been moved to the sql_alchemy_conn option in [database] - the old setting has been used, but please update your config.
[2025-03-03T23:32:01.153+0000] {task_command.py:416} INFO - Running <TaskInstance: customer_churn_ml_pipeline.model_training_task manual__2025-03-03T23:29:56.597639+00:00 [running]> on host 157237bff8f7
[2025-03-03T23:32:01.269+0000] {taskinstance.py:1662} INFO - Exporting env vars: AIRFLOW_CTX_DAG_OWNER='***' AIRFLOW_CTX_DAG_ID='customer_churn_ml_pipeline' AIRFLOW_CTX_TASK_ID='model_training_task' AIRFLOW_CTX_EXECUTION_DATE='2025-03-03T23:29:56.597639+00:00' AIRFLOW_CTX_TRY_NUMBER='1' AIRFLOW_CTX_DAG_RUN_ID='manual__2025-03-03T23:29:56.597639+00:00'
[2025-03-03T23:32:01.270+0000] {subprocess.py:63} INFO - Tmp dir root location: /tmp
[2025-03-03T23:32:01.271+0000] {subprocess.py:75} INFO - Running command: ['/bin/bash', '-c', '\n\t    \t\tcd /opt/***\n       \t\t\t    python /opt/***/executables/model_training.py && \t      \t\t    git add logs && \t      \t\t    git add mlruns && \t        \t    git status &&                             git commit -m "Trained model version" -a && \\    \n\t\t\t    git push\n                        ']
[2025-03-03T23:32:01.281+0000] {subprocess.py:86} INFO - Output:
[2025-03-03T23:32:07.518+0000] {subprocess.py:93} INFO - /home/***/.local/lib/python3.8/site-packages/mlflow/gateway/config.py:64: PydanticDeprecatedSince20: Pydantic V1 style `@validator` validators are deprecated. You should migrate to Pydantic V2 style `@field_validator` validators, see the migration guide for more details. Deprecated in Pydantic V2.0 to be removed in V3.0. See Pydantic V2 Migration Guide at https://errors.pydantic.dev/2.4/migration/
[2025-03-03T23:32:07.519+0000] {subprocess.py:93} INFO -   @validator("togetherai_api_key", pre=True)
[2025-03-03T23:32:07.519+0000] {subprocess.py:93} INFO - /home/***/.local/lib/python3.8/site-packages/mlflow/gateway/config.py:372: PydanticDeprecatedSince20: Pydantic V1 style `@root_validator` validators are deprecated. You should migrate to Pydantic V2 style `@model_validator` validators, see the migration guide for more details. Deprecated in Pydantic V2.0 to be removed in V3.0. See Pydantic V2 Migration Guide at https://errors.pydantic.dev/2.4/migration/
[2025-03-03T23:32:07.519+0000] {subprocess.py:93} INFO -   @root_validator(skip_on_failure=True)
[2025-03-03T23:32:07.519+0000] {subprocess.py:93} INFO - /home/***/.local/lib/python3.8/site-packages/pydantic/_internal/_config.py:267: PydanticDeprecatedSince20: Support for class-based `config` is deprecated, use ConfigDict instead. Deprecated in Pydantic V2.0 to be removed in V3.0. See Pydantic V2 Migration Guide at https://errors.pydantic.dev/2.4/migration/
[2025-03-03T23:32:07.519+0000] {subprocess.py:93} INFO -   warnings.warn(DEPRECATION_MESSAGE, DeprecationWarning)
[2025-03-03T23:32:07.520+0000] {subprocess.py:93} INFO - 2025-03-03 23:32:07,518 : INFO : Starting model training
[2025-03-03T23:32:07.537+0000] {subprocess.py:93} INFO - 2025-03-03 23:32:07,536 : INFO : Registry cache expired, so refreshing
[2025-03-03T23:32:07.545+0000] {subprocess.py:93} INFO - 2025-03-03 23:32:07,545 : INFO : Getting data
[2025-03-03T23:32:07.546+0000] {subprocess.py:93} INFO - 2025-03-03 23:32:07,546 : INFO : Start and End Range: 1 to 1000
[2025-03-03T23:32:07.954+0000] {subprocess.py:93} INFO - 2025-03-03 23:32:07,953 : INFO : Data fetched: 999
[2025-03-03T23:32:07.954+0000] {subprocess.py:93} INFO - 2025-03-03 23:32:07,954 : INFO : New Start and End Range: 1001 to 2000
[2025-03-03T23:32:07.955+0000] {subprocess.py:93} INFO - 2025-03-03 23:32:07,954 : INFO : Start and End Range: 1001 to 2000
[2025-03-03T23:32:08.397+0000] {subprocess.py:93} INFO - 2025-03-03 23:32:08,396 : INFO : Data fetched: 999
[2025-03-03T23:32:08.397+0000] {subprocess.py:93} INFO - 2025-03-03 23:32:08,397 : INFO : New Start and End Range: 3001 to 4000
[2025-03-03T23:32:08.398+0000] {subprocess.py:93} INFO - 2025-03-03 23:32:08,397 : INFO : Start and End Range: 3001 to 4000
[2025-03-03T23:32:08.899+0000] {subprocess.py:93} INFO - 2025-03-03 23:32:08,898 : INFO : Data fetched: 999
[2025-03-03T23:32:08.900+0000] {subprocess.py:93} INFO - 2025-03-03 23:32:08,899 : INFO : New Start and End Range: 7001 to 8000
[2025-03-03T23:32:08.900+0000] {subprocess.py:93} INFO - 2025-03-03 23:32:08,900 : INFO : Start and End Range: 7001 to 8000
[2025-03-03T23:32:09.220+0000] {subprocess.py:93} INFO - 2025-03-03 23:32:09,219 : INFO : Data fetched: 999
[2025-03-03T23:32:09.220+0000] {subprocess.py:93} INFO - 2025-03-03 23:32:09,220 : INFO : New Start and End Range: 15001 to 16000
[2025-03-03T23:32:09.220+0000] {subprocess.py:93} INFO - 2025-03-03 23:32:09,220 : INFO : Start and End Range: 15001 to 16000
[2025-03-03T23:32:09.606+0000] {subprocess.py:93} INFO - 2025-03-03 23:32:09,606 : INFO : Data fetched: 999
[2025-03-03T23:32:09.607+0000] {subprocess.py:93} INFO - 2025-03-03 23:32:09,606 : INFO : New Start and End Range: 31001 to 32000
[2025-03-03T23:32:09.607+0000] {subprocess.py:93} INFO - 2025-03-03 23:32:09,607 : INFO : Start and End Range: 31001 to 32000
[2025-03-03T23:32:09.872+0000] {subprocess.py:93} INFO - 2025-03-03 23:32:09,872 : INFO : Data fetched: 999
[2025-03-03T23:32:09.873+0000] {subprocess.py:93} INFO - 2025-03-03 23:32:09,872 : INFO : New Start and End Range: 63001 to 64000
[2025-03-03T23:32:09.873+0000] {subprocess.py:93} INFO - 2025-03-03 23:32:09,873 : INFO : Start and End Range: 63001 to 64000
[2025-03-03T23:32:09.955+0000] {subprocess.py:93} INFO - 2025-03-03 23:32:09,954 : INFO : Reached End of Data
[2025-03-03T23:32:09.958+0000] {subprocess.py:93} INFO - 2025-03-03 23:32:09,957 : INFO : Stoping at Start and End Range: 63001 to 64000
[2025-03-03T23:32:09.958+0000] {subprocess.py:93} INFO - 2025-03-03 23:32:09,957 : INFO : Created feature data
[2025-03-03T23:32:09.958+0000] {subprocess.py:93} INFO - 2025-03-03 23:32:09,958 : INFO : Total Data fetched: 6
[2025-03-03T23:32:09.963+0000] {subprocess.py:93} INFO - 2025-03-03 23:32:09,963 : INFO : received feature data
[2025-03-03T23:32:09.968+0000] {subprocess.py:93} INFO - 2025-03-03 23:32:09,967 : INFO : Models defined
[2025-03-03T23:32:09.968+0000] {subprocess.py:93} INFO - 2025-03-03 23:32:09,968 : INFO : Training model RandomForest
[2025-03-03T23:32:11.290+0000] {subprocess.py:93} INFO - 2025-03-03 23:32:11,290 : INFO : Predicting model RandomForest
[2025-03-03T23:32:11.327+0000] {subprocess.py:93} INFO - 2025-03-03 23:32:11,326 : INFO : Calculating accuracy RandomForest
[2025-03-03T23:32:16.941+0000] {subprocess.py:93} INFO - 2025/03/03 23:32:16 WARNING mlflow.models.model: Model logged without a signature and input example. Please set `input_example` parameter when logging the model to auto infer the model signature.
[2025-03-03T23:32:17.076+0000] {subprocess.py:93} INFO - 2025-03-03 23:32:17,076 : INFO : Logged model RandomForest
[2025-03-03T23:32:17.107+0000] {subprocess.py:93} INFO - 2025/03/03 23:32:17 INFO mlflow.tracking._tracking_service.client: 🏃 View run RandomForest at: http://localhost:5000/#/experiments/0/runs/d62c63d9559b478b873dda1cb054031e.
[2025-03-03T23:32:17.107+0000] {subprocess.py:93} INFO - 2025/03/03 23:32:17 INFO mlflow.tracking._tracking_service.client: 🧪 View experiment at: http://localhost:5000/#/experiments/0.
[2025-03-03T23:32:17.115+0000] {subprocess.py:93} INFO - 2025-03-03 23:32:17,115 : INFO : Training model LogisticRegression
[2025-03-03T23:32:17.227+0000] {subprocess.py:93} INFO - /home/***/.local/lib/python3.8/site-packages/sklearn/linear_model/_logistic.py:460: ConvergenceWarning: lbfgs failed to converge (status=1):
[2025-03-03T23:32:17.227+0000] {subprocess.py:93} INFO - STOP: TOTAL NO. of ITERATIONS REACHED LIMIT.
[2025-03-03T23:32:17.228+0000] {subprocess.py:93} INFO - 
[2025-03-03T23:32:17.228+0000] {subprocess.py:93} INFO - Increase the number of iterations (max_iter) or scale the data as shown in:
[2025-03-03T23:32:17.228+0000] {subprocess.py:93} INFO -     https://scikit-learn.org/stable/modules/preprocessing.html
[2025-03-03T23:32:17.228+0000] {subprocess.py:93} INFO - Please also refer to the documentation for alternative solver options:
[2025-03-03T23:32:17.229+0000] {subprocess.py:93} INFO -     https://scikit-learn.org/stable/modules/linear_model.html#logistic-regression
[2025-03-03T23:32:17.229+0000] {subprocess.py:93} INFO -   n_iter_i = _check_optimize_result(
[2025-03-03T23:32:17.229+0000] {subprocess.py:93} INFO - 2025-03-03 23:32:17,226 : INFO : Predicting model LogisticRegression
[2025-03-03T23:32:17.232+0000] {subprocess.py:93} INFO - 2025-03-03 23:32:17,232 : INFO : Calculating accuracy LogisticRegression
[2025-03-03T23:32:21.252+0000] {subprocess.py:93} INFO - 2025/03/03 23:32:21 WARNING mlflow.models.model: Model logged without a signature and input example. Please set `input_example` parameter when logging the model to auto infer the model signature.
[2025-03-03T23:32:21.308+0000] {subprocess.py:93} INFO - 2025-03-03 23:32:21,308 : INFO : Logged model LogisticRegression
[2025-03-03T23:32:21.319+0000] {subprocess.py:93} INFO - 2025/03/03 23:32:21 INFO mlflow.tracking._tracking_service.client: 🏃 View run LogisticRegression at: http://localhost:5000/#/experiments/0/runs/5e78697ccf81423fb51dd323f87cbd90.
[2025-03-03T23:32:21.320+0000] {subprocess.py:93} INFO - 2025/03/03 23:32:21 INFO mlflow.tracking._tracking_service.client: 🧪 View experiment at: http://localhost:5000/#/experiments/0.
[2025-03-03T23:32:21.327+0000] {subprocess.py:93} INFO - 2025-03-03 23:32:21,327 : INFO : Training model SVM
[2025-03-03T23:32:25.059+0000] {subprocess.py:93} INFO - 2025-03-03 23:32:25,059 : INFO : Predicting model SVM
[2025-03-03T23:32:25.231+0000] {subprocess.py:93} INFO - 2025-03-03 23:32:25,230 : INFO : Calculating accuracy SVM
[2025-03-03T23:32:30.329+0000] {subprocess.py:93} INFO - /home/***/.local/lib/python3.8/site-packages/sklearn/metrics/_classification.py:1471: UndefinedMetricWarning: Precision is ill-defined and being set to 0.0 due to no predicted samples. Use `zero_division` parameter to control this behavior.
[2025-03-03T23:32:30.329+0000] {subprocess.py:93} INFO -   _warn_prf(average, modifier, msg_start, len(result))
[2025-03-03T23:32:30.330+0000] {subprocess.py:93} INFO - 2025/03/03 23:32:30 WARNING mlflow.models.model: Model logged without a signature and input example. Please set `input_example` parameter when logging the model to auto infer the model signature.
[2025-03-03T23:32:30.399+0000] {subprocess.py:93} INFO - 2025-03-03 23:32:30,399 : INFO : Logged model SVM
[2025-03-03T23:32:30.412+0000] {subprocess.py:93} INFO - 2025/03/03 23:32:30 INFO mlflow.tracking._tracking_service.client: 🏃 View run SVM at: http://localhost:5000/#/experiments/0/runs/505efbc11b764f0088768864a7034486.
[2025-03-03T23:32:30.413+0000] {subprocess.py:93} INFO - 2025/03/03 23:32:30 INFO mlflow.tracking._tracking_service.client: 🧪 View experiment at: http://localhost:5000/#/experiments/0.
[2025-03-03T23:32:30.422+0000] {subprocess.py:93} INFO - 2025-03-03 23:32:30,421 : INFO : Starting best model registration
[2025-03-03T23:32:30.422+0000] {subprocess.py:93} INFO - 2025-03-03 23:32:30,422 : INFO : Finding Best model
[2025-03-03T23:32:30.510+0000] {subprocess.py:93} INFO - 2025-03-03 23:32:30,509 : INFO : Selected best model : run_id                                            a60d3cac7c7146ef8222f4694fe2f085
[2025-03-03T23:32:30.510+0000] {subprocess.py:93} INFO - experiment_id                                                                    0
[2025-03-03T23:32:30.510+0000] {subprocess.py:93} INFO - status                                                                    FINISHED
[2025-03-03T23:32:30.511+0000] {subprocess.py:93} INFO - artifact_uri                     mlflow-artifacts:/0/a60d3cac7c7146ef8222f4694f...
[2025-03-03T23:32:30.511+0000] {subprocess.py:93} INFO - start_time                                        2025-03-03 23:24:05.597000+00:00
[2025-03-03T23:32:30.511+0000] {subprocess.py:93} INFO - end_time                                          2025-03-03 23:24:12.125000+00:00
[2025-03-03T23:32:30.511+0000] {subprocess.py:93} INFO - metrics.recall                                                            0.546559
[2025-03-03T23:32:30.511+0000] {subprocess.py:93} INFO - metrics.accuracy                                                          0.883236
[2025-03-03T23:32:30.512+0000] {subprocess.py:93} INFO - metrics.f1_score                                                          0.658537
[2025-03-03T23:32:30.512+0000] {subprocess.py:93} INFO - metrics.precision                                                         0.828221
[2025-03-03T23:32:30.512+0000] {subprocess.py:93} INFO - params.model_type                                                     RandomForest
[2025-03-03T23:32:30.512+0000] {subprocess.py:93} INFO - tags.mlflow.log-model.history    [{"run_id": "a60d3cac7c7146ef8222f4694fe2f085"...
[2025-03-03T23:32:30.512+0000] {subprocess.py:93} INFO - tags.mlflow.source.name                 /opt/***/executables/model_training.py
[2025-03-03T23:32:30.513+0000] {subprocess.py:93} INFO - tags.mlflow.runName                                                   RandomForest
[2025-03-03T23:32:30.513+0000] {subprocess.py:93} INFO - tags.mlflow.source.git.commit             5447d8491dd3d24554282114febda59b9b86ad16
[2025-03-03T23:32:30.513+0000] {subprocess.py:93} INFO - tags.mlflow.source.type                                                      LOCAL
[2025-03-03T23:32:30.513+0000] {subprocess.py:93} INFO - tags.mlflow.user                                                           ***
[2025-03-03T23:32:30.513+0000] {subprocess.py:93} INFO - Name: 8, dtype: object
[2025-03-03T23:32:30.513+0000] {subprocess.py:93} INFO - 2025-03-03 23:32:30,510 : INFO : Registering best model runs:/a60d3cac7c7146ef8222f4694fe2f085/RandomForest_model
[2025-03-03T23:32:30.617+0000] {subprocess.py:93} INFO - Registered model 'Best_ML_Model' already exists. Creating a new version of this model...
[2025-03-03T23:32:30.617+0000] {subprocess.py:93} INFO - 2025/03/03 23:32:30 INFO mlflow.store.model_registry.abstract_store: Waiting up to 300 seconds for model version to finish creation. Model name: Best_ML_Model, version 5
[2025-03-03T23:32:30.618+0000] {subprocess.py:93} INFO - Created version '5' of model 'Best_ML_Model'.
[2025-03-03T23:32:30.618+0000] {subprocess.py:93} INFO - 2025-03-03 23:32:30,617 : INFO : Completed model training & registration !!
[2025-03-03T23:32:31.819+0000] {subprocess.py:93} INFO - On branch main
[2025-03-03T23:32:31.819+0000] {subprocess.py:93} INFO - Your branch is up to date with 'origin/main'.
[2025-03-03T23:32:31.819+0000] {subprocess.py:93} INFO - 
[2025-03-03T23:32:31.819+0000] {subprocess.py:93} INFO - Changes to be committed:
[2025-03-03T23:32:31.820+0000] {subprocess.py:93} INFO -   (use "git restore --staged <file>..." to unstage)
[2025-03-03T23:32:31.820+0000] {subprocess.py:93} INFO - 	new file:   logs/dag_id=customer_churn_ml_pipeline/run_id=manual__2025-03-03T23:29:56.597639+00:00/task_id=feature_store_task/attempt=1.log
[2025-03-03T23:32:31.820+0000] {subprocess.py:93} INFO - 	new file:   logs/dag_id=customer_churn_ml_pipeline/run_id=manual__2025-03-03T23:29:56.597639+00:00/task_id=model_training_task/attempt=1.log
[2025-03-03T23:32:31.820+0000] {subprocess.py:93} INFO - 	modified:   logs/dag_processor_manager/dag_processor_manager.log
[2025-03-03T23:32:31.820+0000] {subprocess.py:93} INFO - 	modified:   logs/model_training.log
[2025-03-03T23:32:31.820+0000] {subprocess.py:93} INFO - 	modified:   logs/scheduler/2025-03-03/customer_churn.py.log
[2025-03-03T23:32:31.821+0000] {subprocess.py:93} INFO - 	new file:   mlruns/mlruns/mlartifacts/0/505efbc11b764f0088768864a7034486/artifacts/SVM_model/MLmodel
[2025-03-03T23:32:31.821+0000] {subprocess.py:93} INFO - 	new file:   mlruns/mlruns/mlartifacts/0/505efbc11b764f0088768864a7034486/artifacts/SVM_model/conda.yaml
[2025-03-03T23:32:31.821+0000] {subprocess.py:93} INFO - 	new file:   mlruns/mlruns/mlartifacts/0/505efbc11b764f0088768864a7034486/artifacts/SVM_model/model.pkl
[2025-03-03T23:32:31.821+0000] {subprocess.py:93} INFO - 	new file:   mlruns/mlruns/mlartifacts/0/505efbc11b764f0088768864a7034486/artifacts/SVM_model/python_env.yaml
[2025-03-03T23:32:31.821+0000] {subprocess.py:93} INFO - 	new file:   mlruns/mlruns/mlartifacts/0/505efbc11b764f0088768864a7034486/artifacts/SVM_model/requirements.txt
[2025-03-03T23:32:31.821+0000] {subprocess.py:93} INFO - 	new file:   mlruns/mlruns/mlartifacts/0/5e78697ccf81423fb51dd323f87cbd90/artifacts/LogisticRegression_model/MLmodel
[2025-03-03T23:32:31.822+0000] {subprocess.py:93} INFO - 	new file:   mlruns/mlruns/mlartifacts/0/5e78697ccf81423fb51dd323f87cbd90/artifacts/LogisticRegression_model/conda.yaml
[2025-03-03T23:32:31.822+0000] {subprocess.py:93} INFO - 	new file:   mlruns/mlruns/mlartifacts/0/5e78697ccf81423fb51dd323f87cbd90/artifacts/LogisticRegression_model/model.pkl
[2025-03-03T23:32:31.822+0000] {subprocess.py:93} INFO - 	new file:   mlruns/mlruns/mlartifacts/0/5e78697ccf81423fb51dd323f87cbd90/artifacts/LogisticRegression_model/python_env.yaml
[2025-03-03T23:32:31.822+0000] {subprocess.py:93} INFO - 	new file:   mlruns/mlruns/mlartifacts/0/5e78697ccf81423fb51dd323f87cbd90/artifacts/LogisticRegression_model/requirements.txt
[2025-03-03T23:32:31.822+0000] {subprocess.py:93} INFO - 	new file:   mlruns/mlruns/mlartifacts/0/d62c63d9559b478b873dda1cb054031e/artifacts/RandomForest_model/MLmodel
[2025-03-03T23:32:31.823+0000] {subprocess.py:93} INFO - 	new file:   mlruns/mlruns/mlartifacts/0/d62c63d9559b478b873dda1cb054031e/artifacts/RandomForest_model/conda.yaml
[2025-03-03T23:32:31.823+0000] {subprocess.py:93} INFO - 	new file:   mlruns/mlruns/mlartifacts/0/d62c63d9559b478b873dda1cb054031e/artifacts/RandomForest_model/model.pkl
[2025-03-03T23:32:31.823+0000] {subprocess.py:93} INFO - 	new file:   mlruns/mlruns/mlartifacts/0/d62c63d9559b478b873dda1cb054031e/artifacts/RandomForest_model/python_env.yaml
[2025-03-03T23:32:31.823+0000] {subprocess.py:93} INFO - 	new file:   mlruns/mlruns/mlartifacts/0/d62c63d9559b478b873dda1cb054031e/artifacts/RandomForest_model/requirements.txt
[2025-03-03T23:32:31.823+0000] {subprocess.py:93} INFO - 	new file:   mlruns/mlruns/mlruns/0/505efbc11b764f0088768864a7034486/meta.yaml
[2025-03-03T23:32:31.824+0000] {subprocess.py:93} INFO - 	new file:   mlruns/mlruns/mlruns/0/505efbc11b764f0088768864a7034486/metrics/accuracy
[2025-03-03T23:32:31.824+0000] {subprocess.py:93} INFO - 	new file:   mlruns/mlruns/mlruns/0/505efbc11b764f0088768864a7034486/metrics/f1_score
[2025-03-03T23:32:31.824+0000] {subprocess.py:93} INFO - 	new file:   mlruns/mlruns/mlruns/0/505efbc11b764f0088768864a7034486/metrics/precision
[2025-03-03T23:32:31.824+0000] {subprocess.py:93} INFO - 	new file:   mlruns/mlruns/mlruns/0/505efbc11b764f0088768864a7034486/metrics/recall
[2025-03-03T23:32:31.824+0000] {subprocess.py:93} INFO - 	new file:   mlruns/mlruns/mlruns/0/505efbc11b764f0088768864a7034486/params/model_type
[2025-03-03T23:32:31.825+0000] {subprocess.py:93} INFO - 	new file:   mlruns/mlruns/mlruns/0/505efbc11b764f0088768864a7034486/tags/mlflow.log-model.history
[2025-03-03T23:32:31.825+0000] {subprocess.py:93} INFO - 	new file:   mlruns/mlruns/mlruns/0/505efbc11b764f0088768864a7034486/tags/mlflow.runName
[2025-03-03T23:32:31.825+0000] {subprocess.py:93} INFO - 	new file:   mlruns/mlruns/mlruns/0/505efbc11b764f0088768864a7034486/tags/mlflow.source.git.commit
[2025-03-03T23:32:31.825+0000] {subprocess.py:93} INFO - 	new file:   mlruns/mlruns/mlruns/0/505efbc11b764f0088768864a7034486/tags/mlflow.source.name
[2025-03-03T23:32:31.826+0000] {subprocess.py:93} INFO - 	new file:   mlruns/mlruns/mlruns/0/505efbc11b764f0088768864a7034486/tags/mlflow.source.type
[2025-03-03T23:32:31.826+0000] {subprocess.py:93} INFO - 	new file:   mlruns/mlruns/mlruns/0/505efbc11b764f0088768864a7034486/tags/mlflow.user
[2025-03-03T23:32:31.826+0000] {subprocess.py:93} INFO - 	new file:   mlruns/mlruns/mlruns/0/5e78697ccf81423fb51dd323f87cbd90/meta.yaml
[2025-03-03T23:32:31.826+0000] {subprocess.py:93} INFO - 	new file:   mlruns/mlruns/mlruns/0/5e78697ccf81423fb51dd323f87cbd90/metrics/accuracy
[2025-03-03T23:32:31.826+0000] {subprocess.py:93} INFO - 	new file:   mlruns/mlruns/mlruns/0/5e78697ccf81423fb51dd323f87cbd90/metrics/f1_score
[2025-03-03T23:32:31.827+0000] {subprocess.py:93} INFO - 	new file:   mlruns/mlruns/mlruns/0/5e78697ccf81423fb51dd323f87cbd90/metrics/precision
[2025-03-03T23:32:31.827+0000] {subprocess.py:93} INFO - 	new file:   mlruns/mlruns/mlruns/0/5e78697ccf81423fb51dd323f87cbd90/metrics/recall
[2025-03-03T23:32:31.827+0000] {subprocess.py:93} INFO - 	new file:   mlruns/mlruns/mlruns/0/5e78697ccf81423fb51dd323f87cbd90/params/model_type
[2025-03-03T23:32:31.827+0000] {subprocess.py:93} INFO - 	new file:   mlruns/mlruns/mlruns/0/5e78697ccf81423fb51dd323f87cbd90/tags/mlflow.log-model.history
[2025-03-03T23:32:31.828+0000] {subprocess.py:93} INFO - 	new file:   mlruns/mlruns/mlruns/0/5e78697ccf81423fb51dd323f87cbd90/tags/mlflow.runName
