[2025-03-03T17:26:42.897+0000] {taskinstance.py:1159} INFO - Dependencies all met for dep_context=non-requeueable deps ti=<TaskInstance: customer_churn_ml_pipeline.model_training_task manual__2025-03-03T17:24:36.651559+00:00 [queued]>
[2025-03-03T17:26:42.907+0000] {taskinstance.py:1159} INFO - Dependencies all met for dep_context=requeueable deps ti=<TaskInstance: customer_churn_ml_pipeline.model_training_task manual__2025-03-03T17:24:36.651559+00:00 [queued]>
[2025-03-03T17:26:42.908+0000] {taskinstance.py:1361} INFO - Starting attempt 1 of 1
[2025-03-03T17:26:42.922+0000] {taskinstance.py:1382} INFO - Executing <Task(BashOperator): model_training_task> on 2025-03-03 17:24:36.651559+00:00
[2025-03-03T17:26:42.927+0000] {standard_task_runner.py:57} INFO - Started process 9359 to run task
[2025-03-03T17:26:42.930+0000] {standard_task_runner.py:84} INFO - Running: ['***', 'tasks', 'run', 'customer_churn_ml_pipeline', 'model_training_task', 'manual__2025-03-03T17:24:36.651559+00:00', '--job-id', '168', '--raw', '--subdir', 'DAGS_FOLDER/customer_churn.py', '--cfg-path', '/tmp/tmpx0n8yhiy']
[2025-03-03T17:26:42.933+0000] {standard_task_runner.py:85} INFO - Job 168: Subtask model_training_task
[2025-03-03T17:26:42.953+0000] {logging_mixin.py:154} WARNING - /home/***/.local/lib/python3.8/site-packages/***/settings.py:195 DeprecationWarning: The sql_alchemy_conn option in [core] has been moved to the sql_alchemy_conn option in [database] - the old setting has been used, but please update your config.
[2025-03-03T17:26:42.995+0000] {task_command.py:416} INFO - Running <TaskInstance: customer_churn_ml_pipeline.model_training_task manual__2025-03-03T17:24:36.651559+00:00 [running]> on host 157237bff8f7
[2025-03-03T17:26:43.109+0000] {taskinstance.py:1662} INFO - Exporting env vars: AIRFLOW_CTX_DAG_OWNER='***' AIRFLOW_CTX_DAG_ID='customer_churn_ml_pipeline' AIRFLOW_CTX_TASK_ID='model_training_task' AIRFLOW_CTX_EXECUTION_DATE='2025-03-03T17:24:36.651559+00:00' AIRFLOW_CTX_TRY_NUMBER='1' AIRFLOW_CTX_DAG_RUN_ID='manual__2025-03-03T17:24:36.651559+00:00'
[2025-03-03T17:26:43.110+0000] {subprocess.py:63} INFO - Tmp dir root location: /tmp
[2025-03-03T17:26:43.111+0000] {subprocess.py:75} INFO - Running command: ['/bin/bash', '-c', '\n\t    \t\tcd /opt/***\n       \t\t\t    python /opt/***/executables/model_training.py && \t      \t\t    git add logs && \t      \t\t    git add mlruns && \t        \t    git status &&                             git commit -m "Trained model version" -a && \\    \n\t\t\t    git push\n                        ']
[2025-03-03T17:26:43.121+0000] {subprocess.py:86} INFO - Output:
[2025-03-03T17:26:48.538+0000] {subprocess.py:93} INFO - /home/***/.local/lib/python3.8/site-packages/mlflow/gateway/config.py:64: PydanticDeprecatedSince20: Pydantic V1 style `@validator` validators are deprecated. You should migrate to Pydantic V2 style `@field_validator` validators, see the migration guide for more details. Deprecated in Pydantic V2.0 to be removed in V3.0. See Pydantic V2 Migration Guide at https://errors.pydantic.dev/2.4/migration/
[2025-03-03T17:26:48.538+0000] {subprocess.py:93} INFO -   @validator("togetherai_api_key", pre=True)
[2025-03-03T17:26:48.539+0000] {subprocess.py:93} INFO - /home/***/.local/lib/python3.8/site-packages/mlflow/gateway/config.py:372: PydanticDeprecatedSince20: Pydantic V1 style `@root_validator` validators are deprecated. You should migrate to Pydantic V2 style `@model_validator` validators, see the migration guide for more details. Deprecated in Pydantic V2.0 to be removed in V3.0. See Pydantic V2 Migration Guide at https://errors.pydantic.dev/2.4/migration/
[2025-03-03T17:26:48.539+0000] {subprocess.py:93} INFO -   @root_validator(skip_on_failure=True)
[2025-03-03T17:26:48.539+0000] {subprocess.py:93} INFO - /home/***/.local/lib/python3.8/site-packages/pydantic/_internal/_config.py:267: PydanticDeprecatedSince20: Support for class-based `config` is deprecated, use ConfigDict instead. Deprecated in Pydantic V2.0 to be removed in V3.0. See Pydantic V2 Migration Guide at https://errors.pydantic.dev/2.4/migration/
[2025-03-03T17:26:48.539+0000] {subprocess.py:93} INFO -   warnings.warn(DEPRECATION_MESSAGE, DeprecationWarning)
[2025-03-03T17:26:48.539+0000] {subprocess.py:93} INFO - 2025-03-03 17:26:48,538 : INFO : Starting model training
[2025-03-03T17:26:48.555+0000] {subprocess.py:93} INFO - 2025-03-03 17:26:48,555 : INFO : Registry cache expired, so refreshing
[2025-03-03T17:26:48.565+0000] {subprocess.py:93} INFO - 2025-03-03 17:26:48,565 : INFO : Getting data
[2025-03-03T17:26:48.566+0000] {subprocess.py:93} INFO - 2025-03-03 17:26:48,566 : INFO : Start and End Range: 1 to 1000
[2025-03-03T17:26:48.937+0000] {subprocess.py:93} INFO - 2025-03-03 17:26:48,937 : INFO : Data fetched: 999
[2025-03-03T17:26:48.938+0000] {subprocess.py:93} INFO - 2025-03-03 17:26:48,937 : INFO : New Start and End Range: 1001 to 2000
[2025-03-03T17:26:48.938+0000] {subprocess.py:93} INFO - 2025-03-03 17:26:48,938 : INFO : Start and End Range: 1001 to 2000
[2025-03-03T17:26:49.193+0000] {subprocess.py:93} INFO - 2025-03-03 17:26:49,192 : INFO : Data fetched: 999
[2025-03-03T17:26:49.193+0000] {subprocess.py:93} INFO - 2025-03-03 17:26:49,192 : INFO : New Start and End Range: 3001 to 4000
[2025-03-03T17:26:49.193+0000] {subprocess.py:93} INFO - 2025-03-03 17:26:49,193 : INFO : Start and End Range: 3001 to 4000
[2025-03-03T17:26:49.548+0000] {subprocess.py:93} INFO - 2025-03-03 17:26:49,547 : INFO : Data fetched: 999
[2025-03-03T17:26:49.548+0000] {subprocess.py:93} INFO - 2025-03-03 17:26:49,548 : INFO : New Start and End Range: 7001 to 8000
[2025-03-03T17:26:49.548+0000] {subprocess.py:93} INFO - 2025-03-03 17:26:49,548 : INFO : Start and End Range: 7001 to 8000
[2025-03-03T17:26:49.878+0000] {subprocess.py:93} INFO - 2025-03-03 17:26:49,878 : INFO : Data fetched: 999
[2025-03-03T17:26:49.879+0000] {subprocess.py:93} INFO - 2025-03-03 17:26:49,878 : INFO : New Start and End Range: 15001 to 16000
[2025-03-03T17:26:49.879+0000] {subprocess.py:93} INFO - 2025-03-03 17:26:49,879 : INFO : Start and End Range: 15001 to 16000
[2025-03-03T17:26:50.262+0000] {subprocess.py:93} INFO - 2025-03-03 17:26:50,262 : INFO : Data fetched: 999
[2025-03-03T17:26:50.262+0000] {subprocess.py:93} INFO - 2025-03-03 17:26:50,262 : INFO : New Start and End Range: 31001 to 32000
[2025-03-03T17:26:50.263+0000] {subprocess.py:93} INFO - 2025-03-03 17:26:50,262 : INFO : Start and End Range: 31001 to 32000
[2025-03-03T17:26:50.372+0000] {subprocess.py:93} INFO - 2025-03-03 17:26:50,372 : INFO : Reached End of Data
[2025-03-03T17:26:50.376+0000] {subprocess.py:93} INFO - 2025-03-03 17:26:50,376 : INFO : Stoping at Start and End Range: 31001 to 32000
[2025-03-03T17:26:50.377+0000] {subprocess.py:93} INFO - 2025-03-03 17:26:50,376 : INFO : Created feature data
[2025-03-03T17:26:50.377+0000] {subprocess.py:93} INFO - 2025-03-03 17:26:50,376 : INFO : Total Data fetched: 5
[2025-03-03T17:26:50.381+0000] {subprocess.py:93} INFO - 2025-03-03 17:26:50,381 : INFO : received feature data
[2025-03-03T17:26:50.385+0000] {subprocess.py:93} INFO - 2025-03-03 17:26:50,385 : INFO : Models defined
[2025-03-03T17:26:50.386+0000] {subprocess.py:93} INFO - 2025-03-03 17:26:50,386 : INFO : Training model RandomForest
[2025-03-03T17:26:51.611+0000] {subprocess.py:93} INFO - 2025-03-03 17:26:51,610 : INFO : Predicting model RandomForest
[2025-03-03T17:26:51.637+0000] {subprocess.py:93} INFO - 2025-03-03 17:26:51,636 : INFO : Calculating accuracy RandomForest
[2025-03-03T17:26:51.800+0000] {subprocess.py:93} INFO - 2025-03-03 17:26:51,799 : WARNING : Retrying (JitteredRetry(total=4, connect=4, read=5, redirect=5, status=5)) after connection broken by 'NewConnectionError('<urllib3.connection.HTTPConnection object at 0x7f98a9834160>: Failed to establish a new connection: [Errno 111] Connection refused')': /api/2.0/mlflow/runs/create
[2025-03-03T17:26:55.805+0000] {subprocess.py:93} INFO - 2025-03-03 17:26:55,805 : WARNING : Retrying (JitteredRetry(total=3, connect=3, read=5, redirect=5, status=5)) after connection broken by 'NewConnectionError('<urllib3.connection.HTTPConnection object at 0x7f98a9834640>: Failed to establish a new connection: [Errno 111] Connection refused')': /api/2.0/mlflow/runs/create
[2025-03-03T17:27:03.815+0000] {subprocess.py:93} INFO - 2025-03-03 17:27:03,814 : WARNING : Retrying (JitteredRetry(total=2, connect=2, read=5, redirect=5, status=5)) after connection broken by 'NewConnectionError('<urllib3.connection.HTTPConnection object at 0x7f98a9834a00>: Failed to establish a new connection: [Errno 111] Connection refused')': /api/2.0/mlflow/runs/create
[2025-03-03T17:27:19.834+0000] {subprocess.py:93} INFO - 2025-03-03 17:27:19,832 : WARNING : Retrying (JitteredRetry(total=1, connect=1, read=5, redirect=5, status=5)) after connection broken by 'NewConnectionError('<urllib3.connection.HTTPConnection object at 0x7f98a9834a60>: Failed to establish a new connection: [Errno 111] Connection refused')': /api/2.0/mlflow/runs/create
[2025-03-03T17:27:51.866+0000] {subprocess.py:93} INFO - 2025-03-03 17:27:51,865 : WARNING : Retrying (JitteredRetry(total=0, connect=0, read=5, redirect=5, status=5)) after connection broken by 'NewConnectionError('<urllib3.connection.HTTPConnection object at 0x7f98a98481f0>: Failed to establish a new connection: [Errno 111] Connection refused')': /api/2.0/mlflow/runs/create
[2025-03-03T17:27:51.869+0000] {subprocess.py:93} INFO - Error in model training: API request to http://localhost:5000/api/2.0/mlflow/runs/create failed with exception HTTPConnectionPool(host='localhost', port=5000): Max retries exceeded with url: /api/2.0/mlflow/runs/create (Caused by NewConnectionError('<urllib3.connection.HTTPConnection object at 0x7f98a9848ca0>: Failed to establish a new connection: [Errno 111] Connection refused'))
[2025-03-03T17:27:52.483+0000] {subprocess.py:93} INFO - On branch main
[2025-03-03T17:27:52.484+0000] {subprocess.py:93} INFO - Your branch is up to date with 'origin/main'.
[2025-03-03T17:27:52.484+0000] {subprocess.py:93} INFO - 
[2025-03-03T17:27:52.484+0000] {subprocess.py:93} INFO - Changes to be committed:
[2025-03-03T17:27:52.484+0000] {subprocess.py:93} INFO -   (use "git restore --staged <file>..." to unstage)
[2025-03-03T17:27:52.484+0000] {subprocess.py:93} INFO - 	modified:   logs/dag_id=customer_churn_ml_pipeline/run_id=manual__2025-03-03T17:24:36.651559+00:00/task_id=feature_store_task/attempt=1.log
[2025-03-03T17:27:52.484+0000] {subprocess.py:93} INFO - 	new file:   logs/dag_id=customer_churn_ml_pipeline/run_id=manual__2025-03-03T17:24:36.651559+00:00/task_id=model_training_task/attempt=1.log
[2025-03-03T17:27:52.484+0000] {subprocess.py:93} INFO - 	modified:   logs/dag_processor_manager/dag_processor_manager.log
[2025-03-03T17:27:52.484+0000] {subprocess.py:93} INFO - 	modified:   logs/model_training.log
[2025-03-03T17:27:52.485+0000] {subprocess.py:93} INFO - 	modified:   logs/scheduler/2025-03-03/customer_churn.py.log
[2025-03-03T17:27:52.485+0000] {subprocess.py:93} INFO - 
[2025-03-03T17:27:52.485+0000] {subprocess.py:93} INFO - Untracked files:
[2025-03-03T17:27:52.485+0000] {subprocess.py:93} INFO -   (use "git add <file>..." to include in what will be committed)
[2025-03-03T17:27:52.485+0000] {subprocess.py:93} INFO - 	customer_churn_stats/feature_repo/data/online_store.db
[2025-03-03T17:27:52.485+0000] {subprocess.py:93} INFO - 	customer_churn_stats/feature_repo/data/registry.db
[2025-03-03T17:27:52.485+0000] {subprocess.py:93} INFO - 	models/
[2025-03-03T17:27:52.485+0000] {subprocess.py:93} INFO - 	online.db
[2025-03-03T17:27:52.485+0000] {subprocess.py:93} INFO - 
[2025-03-03T17:27:52.538+0000] {subprocess.py:93} INFO - [main 4ee2a07] Trained model version
[2025-03-03T17:27:52.539+0000] {subprocess.py:93} INFO -  5 files changed, 158 insertions(+)
[2025-03-03T17:27:52.539+0000] {subprocess.py:93} INFO -  create mode 100644 logs/dag_id=customer_churn_ml_pipeline/run_id=manual__2025-03-03T17:24:36.651559+00:00/task_id=model_training_task/attempt=1.log
[2025-03-03T17:27:52.539+0000] {subprocess.py:93} INFO - /bin/bash: line 3:  : command not found
[2025-03-03T17:27:54.467+0000] {subprocess.py:93} INFO - To https://github.com/anniemathew-trial/customer_churn_pipeline.git
[2025-03-03T17:27:54.467+0000] {subprocess.py:93} INFO -    1e91977..4ee2a07  main -> main
[2025-03-03T17:27:54.475+0000] {subprocess.py:97} INFO - Command exited with return code 0
[2025-03-03T17:27:54.515+0000] {taskinstance.py:1400} INFO - Marking task as SUCCESS. dag_id=customer_churn_ml_pipeline, task_id=model_training_task, execution_date=20250303T172436, start_date=20250303T172642, end_date=20250303T172754
[2025-03-03T17:27:54.564+0000] {local_task_job_runner.py:228} INFO - Task exited with return code 0
[2025-03-03T17:27:54.593+0000] {taskinstance.py:2778} INFO - 0 downstream tasks scheduled from follow-on schedule check
