[2025-02-28T08:17:53.238+0000] {taskinstance.py:1159} INFO - Dependencies all met for dep_context=non-requeueable deps ti=<TaskInstance: customer_churn_ml_pipeline.data_transformation_task manual__2025-02-28T08:16:44.276454+00:00 [queued]>
[2025-02-28T08:17:53.255+0000] {taskinstance.py:1159} INFO - Dependencies all met for dep_context=requeueable deps ti=<TaskInstance: customer_churn_ml_pipeline.data_transformation_task manual__2025-02-28T08:16:44.276454+00:00 [queued]>
[2025-02-28T08:17:53.255+0000] {taskinstance.py:1361} INFO - Starting attempt 1 of 1
[2025-02-28T08:17:53.278+0000] {taskinstance.py:1382} INFO - Executing <Task(BashOperator): data_transformation_task> on 2025-02-28 08:16:44.276454+00:00
[2025-02-28T08:17:53.283+0000] {standard_task_runner.py:57} INFO - Started process 6872 to run task
[2025-02-28T08:17:53.287+0000] {standard_task_runner.py:84} INFO - Running: ['***', 'tasks', 'run', 'customer_churn_ml_pipeline', 'data_transformation_task', 'manual__2025-02-28T08:16:44.276454+00:00', '--job-id', '105', '--raw', '--subdir', 'DAGS_FOLDER/customer_churn.py', '--cfg-path', '/tmp/tmpvw6udbu1']
[2025-02-28T08:17:53.290+0000] {standard_task_runner.py:85} INFO - Job 105: Subtask data_transformation_task
[2025-02-28T08:17:53.323+0000] {logging_mixin.py:154} WARNING - /home/***/.local/lib/python3.8/site-packages/***/settings.py:195 DeprecationWarning: The sql_alchemy_conn option in [core] has been moved to the sql_alchemy_conn option in [database] - the old setting has been used, but please update your config.
[2025-02-28T08:17:53.391+0000] {task_command.py:416} INFO - Running <TaskInstance: customer_churn_ml_pipeline.data_transformation_task manual__2025-02-28T08:16:44.276454+00:00 [running]> on host 4470298645d8
[2025-02-28T08:17:53.545+0000] {taskinstance.py:1662} INFO - Exporting env vars: AIRFLOW_CTX_DAG_OWNER='***' AIRFLOW_CTX_DAG_ID='customer_churn_ml_pipeline' AIRFLOW_CTX_TASK_ID='data_transformation_task' AIRFLOW_CTX_EXECUTION_DATE='2025-02-28T08:16:44.276454+00:00' AIRFLOW_CTX_TRY_NUMBER='1' AIRFLOW_CTX_DAG_RUN_ID='manual__2025-02-28T08:16:44.276454+00:00'
[2025-02-28T08:17:53.547+0000] {subprocess.py:63} INFO - Tmp dir root location: /tmp
[2025-02-28T08:17:53.548+0000] {subprocess.py:75} INFO - Running command: ['/bin/bash', '-c', '\n\t\t\tcd /opt/***\n                        dvc pull /opt/***/data/cleaned\n                        python /opt/***/executables/data_transformation.py &&                         dvc add /opt/***/data/transformed &&                         git add /opt/***/data/transformed.dvc &&                         git commit -m "Updated transformed data version" &&                         dvc push && git push\n                    ']
[2025-02-28T08:17:53.562+0000] {subprocess.py:86} INFO - Output:
[2025-02-28T08:17:57.304+0000] {subprocess.py:93} INFO - Everything is up to date.
[2025-02-28T08:18:03.248+0000] {subprocess.py:93} INFO - 
[2025-02-28T08:18:03.249+0000] {subprocess.py:93} INFO - To track the changes with git, run:
[2025-02-28T08:18:03.249+0000] {subprocess.py:93} INFO - 
[2025-02-28T08:18:03.250+0000] {subprocess.py:93} INFO - 	git add data/.gitignore data/transformed.dvc
[2025-02-28T08:18:03.252+0000] {subprocess.py:93} INFO - 
[2025-02-28T08:18:03.252+0000] {subprocess.py:93} INFO - To enable auto staging, run:
[2025-02-28T08:18:03.253+0000] {subprocess.py:93} INFO - 
[2025-02-28T08:18:03.253+0000] {subprocess.py:93} INFO - 	dvc config core.autostage true
[2025-02-28T08:18:03.834+0000] {subprocess.py:93} INFO - [main 74a7e9e] Updated transformed data version
[2025-02-28T08:18:03.834+0000] {subprocess.py:93} INFO -  1 file changed, 6 insertions(+)
[2025-02-28T08:18:03.835+0000] {subprocess.py:93} INFO -  create mode 100644 data/transformed.dvc
[2025-02-28T08:18:17.018+0000] {subprocess.py:93} INFO - 2 files pushed
[2025-02-28T08:18:18.785+0000] {subprocess.py:93} INFO - To https://github.com/anniemathew-trial/customer_churn_pipeline.git
[2025-02-28T08:18:18.786+0000] {subprocess.py:93} INFO -    03d1e1c..74a7e9e  main -> main
[2025-02-28T08:18:18.791+0000] {subprocess.py:97} INFO - Command exited with return code 0
[2025-02-28T08:18:18.844+0000] {taskinstance.py:1400} INFO - Marking task as SUCCESS. dag_id=customer_churn_ml_pipeline, task_id=data_transformation_task, execution_date=20250228T081644, start_date=20250228T081753, end_date=20250228T081818
[2025-02-28T08:18:18.884+0000] {local_task_job_runner.py:228} INFO - Task exited with return code 0
[2025-02-28T08:18:18.929+0000] {taskinstance.py:2778} INFO - 1 downstream tasks scheduled from follow-on schedule check
