[2025-03-02T03:01:53.878+0000] {processor.py:157} INFO - Started process (PID=313) to work on /opt/airflow/dags/customer_churn.py
[2025-03-02T03:01:53.879+0000] {processor.py:829} INFO - Processing file /opt/airflow/dags/customer_churn.py for tasks to queue
[2025-03-02T03:01:53.881+0000] {logging_mixin.py:154} INFO - [2025-03-02T03:01:53.881+0000] {dagbag.py:536} INFO - Filling up the DagBag from /opt/airflow/dags/customer_churn.py
[2025-03-02T03:01:53.922+0000] {processor.py:839} INFO - DAG(s) dict_keys(['customer_churn_ml_pipeline']) retrieved from /opt/airflow/dags/customer_churn.py
[2025-03-02T03:01:54.042+0000] {logging_mixin.py:154} INFO - [2025-03-02T03:01:54.042+0000] {dag.py:2941} INFO - Sync 1 DAGs
[2025-03-02T03:01:54.102+0000] {logging_mixin.py:154} INFO - [2025-03-02T03:01:54.102+0000] {dag.py:3722} INFO - Setting next_dagrun for customer_churn_ml_pipeline to 2025-03-01T08:00:00+00:00, run_after=2025-03-02T08:00:00+00:00
[2025-03-02T03:01:54.147+0000] {processor.py:179} INFO - Processing /opt/airflow/dags/customer_churn.py took 0.275 seconds
[2025-03-02T03:02:24.352+0000] {processor.py:157} INFO - Started process (PID=319) to work on /opt/airflow/dags/customer_churn.py
[2025-03-02T03:02:24.354+0000] {processor.py:829} INFO - Processing file /opt/airflow/dags/customer_churn.py for tasks to queue
[2025-03-02T03:02:24.356+0000] {logging_mixin.py:154} INFO - [2025-03-02T03:02:24.355+0000] {dagbag.py:536} INFO - Filling up the DagBag from /opt/airflow/dags/customer_churn.py
[2025-03-02T03:02:24.380+0000] {processor.py:839} INFO - DAG(s) dict_keys(['customer_churn_ml_pipeline']) retrieved from /opt/airflow/dags/customer_churn.py
[2025-03-02T03:02:24.445+0000] {logging_mixin.py:154} INFO - [2025-03-02T03:02:24.445+0000] {dag.py:2941} INFO - Sync 1 DAGs
[2025-03-02T03:02:24.503+0000] {logging_mixin.py:154} INFO - [2025-03-02T03:02:24.502+0000] {dag.py:3722} INFO - Setting next_dagrun for customer_churn_ml_pipeline to 2025-03-01T08:00:00+00:00, run_after=2025-03-02T08:00:00+00:00
[2025-03-02T03:02:24.551+0000] {processor.py:179} INFO - Processing /opt/airflow/dags/customer_churn.py took 0.204 seconds
[2025-03-02T03:02:54.771+0000] {processor.py:157} INFO - Started process (PID=324) to work on /opt/airflow/dags/customer_churn.py
[2025-03-02T03:02:54.773+0000] {processor.py:829} INFO - Processing file /opt/airflow/dags/customer_churn.py for tasks to queue
[2025-03-02T03:02:54.774+0000] {logging_mixin.py:154} INFO - [2025-03-02T03:02:54.774+0000] {dagbag.py:536} INFO - Filling up the DagBag from /opt/airflow/dags/customer_churn.py
[2025-03-02T03:02:54.806+0000] {processor.py:839} INFO - DAG(s) dict_keys(['customer_churn_ml_pipeline']) retrieved from /opt/airflow/dags/customer_churn.py
[2025-03-02T03:02:54.882+0000] {logging_mixin.py:154} INFO - [2025-03-02T03:02:54.881+0000] {dag.py:2941} INFO - Sync 1 DAGs
[2025-03-02T03:02:54.934+0000] {logging_mixin.py:154} INFO - [2025-03-02T03:02:54.933+0000] {dag.py:3722} INFO - Setting next_dagrun for customer_churn_ml_pipeline to 2025-03-01T08:00:00+00:00, run_after=2025-03-02T08:00:00+00:00
[2025-03-02T03:02:54.976+0000] {processor.py:179} INFO - Processing /opt/airflow/dags/customer_churn.py took 0.213 seconds
[2025-03-02T03:03:25.190+0000] {processor.py:157} INFO - Started process (PID=329) to work on /opt/airflow/dags/customer_churn.py
[2025-03-02T03:03:25.192+0000] {processor.py:829} INFO - Processing file /opt/airflow/dags/customer_churn.py for tasks to queue
[2025-03-02T03:03:25.193+0000] {logging_mixin.py:154} INFO - [2025-03-02T03:03:25.193+0000] {dagbag.py:536} INFO - Filling up the DagBag from /opt/airflow/dags/customer_churn.py
[2025-03-02T03:03:25.212+0000] {processor.py:839} INFO - DAG(s) dict_keys(['customer_churn_ml_pipeline']) retrieved from /opt/airflow/dags/customer_churn.py
[2025-03-02T03:03:25.247+0000] {logging_mixin.py:154} INFO - [2025-03-02T03:03:25.247+0000] {dag.py:2941} INFO - Sync 1 DAGs
[2025-03-02T03:03:25.275+0000] {logging_mixin.py:154} INFO - [2025-03-02T03:03:25.275+0000] {dag.py:3722} INFO - Setting next_dagrun for customer_churn_ml_pipeline to 2025-03-01T08:00:00+00:00, run_after=2025-03-02T08:00:00+00:00
[2025-03-02T03:03:25.304+0000] {processor.py:179} INFO - Processing /opt/airflow/dags/customer_churn.py took 0.118 seconds
[2025-03-02T03:03:55.417+0000] {processor.py:157} INFO - Started process (PID=334) to work on /opt/airflow/dags/customer_churn.py
[2025-03-02T03:03:55.419+0000] {processor.py:829} INFO - Processing file /opt/airflow/dags/customer_churn.py for tasks to queue
[2025-03-02T03:03:55.429+0000] {logging_mixin.py:154} INFO - [2025-03-02T03:03:55.421+0000] {dagbag.py:536} INFO - Filling up the DagBag from /opt/airflow/dags/customer_churn.py
[2025-03-02T03:03:55.512+0000] {processor.py:839} INFO - DAG(s) dict_keys(['customer_churn_ml_pipeline']) retrieved from /opt/airflow/dags/customer_churn.py
[2025-03-02T03:03:55.671+0000] {logging_mixin.py:154} INFO - [2025-03-02T03:03:55.670+0000] {dag.py:2941} INFO - Sync 1 DAGs
[2025-03-02T03:03:55.791+0000] {logging_mixin.py:154} INFO - [2025-03-02T03:03:55.791+0000] {dag.py:3722} INFO - Setting next_dagrun for customer_churn_ml_pipeline to 2025-03-01T08:00:00+00:00, run_after=2025-03-02T08:00:00+00:00
[2025-03-02T03:03:55.862+0000] {processor.py:179} INFO - Processing /opt/airflow/dags/customer_churn.py took 0.462 seconds
[2025-03-02T03:04:26.122+0000] {processor.py:157} INFO - Started process (PID=339) to work on /opt/airflow/dags/customer_churn.py
[2025-03-02T03:04:26.124+0000] {processor.py:829} INFO - Processing file /opt/airflow/dags/customer_churn.py for tasks to queue
[2025-03-02T03:04:26.126+0000] {logging_mixin.py:154} INFO - [2025-03-02T03:04:26.126+0000] {dagbag.py:536} INFO - Filling up the DagBag from /opt/airflow/dags/customer_churn.py
[2025-03-02T03:04:26.163+0000] {processor.py:839} INFO - DAG(s) dict_keys(['customer_churn_ml_pipeline']) retrieved from /opt/airflow/dags/customer_churn.py
[2025-03-02T03:04:26.240+0000] {logging_mixin.py:154} INFO - [2025-03-02T03:04:26.239+0000] {dag.py:2941} INFO - Sync 1 DAGs
[2025-03-02T03:04:26.306+0000] {logging_mixin.py:154} INFO - [2025-03-02T03:04:26.306+0000] {dag.py:3722} INFO - Setting next_dagrun for customer_churn_ml_pipeline to 2025-03-01T08:00:00+00:00, run_after=2025-03-02T08:00:00+00:00
[2025-03-02T03:04:26.382+0000] {processor.py:179} INFO - Processing /opt/airflow/dags/customer_churn.py took 0.267 seconds
[2025-03-02T03:04:56.647+0000] {processor.py:157} INFO - Started process (PID=344) to work on /opt/airflow/dags/customer_churn.py
[2025-03-02T03:04:56.649+0000] {processor.py:829} INFO - Processing file /opt/airflow/dags/customer_churn.py for tasks to queue
[2025-03-02T03:04:56.650+0000] {logging_mixin.py:154} INFO - [2025-03-02T03:04:56.650+0000] {dagbag.py:536} INFO - Filling up the DagBag from /opt/airflow/dags/customer_churn.py
[2025-03-02T03:04:56.678+0000] {processor.py:839} INFO - DAG(s) dict_keys(['customer_churn_ml_pipeline']) retrieved from /opt/airflow/dags/customer_churn.py
[2025-03-02T03:04:56.730+0000] {logging_mixin.py:154} INFO - [2025-03-02T03:04:56.730+0000] {dag.py:2941} INFO - Sync 1 DAGs
[2025-03-02T03:04:56.773+0000] {logging_mixin.py:154} INFO - [2025-03-02T03:04:56.773+0000] {dag.py:3722} INFO - Setting next_dagrun for customer_churn_ml_pipeline to 2025-03-01T08:00:00+00:00, run_after=2025-03-02T08:00:00+00:00
[2025-03-02T03:04:56.808+0000] {processor.py:179} INFO - Processing /opt/airflow/dags/customer_churn.py took 0.168 seconds
[2025-03-02T03:05:26.868+0000] {processor.py:157} INFO - Started process (PID=349) to work on /opt/airflow/dags/customer_churn.py
[2025-03-02T03:05:26.870+0000] {processor.py:829} INFO - Processing file /opt/airflow/dags/customer_churn.py for tasks to queue
[2025-03-02T03:05:26.873+0000] {logging_mixin.py:154} INFO - [2025-03-02T03:05:26.872+0000] {dagbag.py:536} INFO - Filling up the DagBag from /opt/airflow/dags/customer_churn.py
[2025-03-02T03:05:26.913+0000] {processor.py:839} INFO - DAG(s) dict_keys(['customer_churn_ml_pipeline']) retrieved from /opt/airflow/dags/customer_churn.py
[2025-03-02T03:05:26.971+0000] {logging_mixin.py:154} INFO - [2025-03-02T03:05:26.970+0000] {dag.py:2941} INFO - Sync 1 DAGs
[2025-03-02T03:05:27.013+0000] {logging_mixin.py:154} INFO - [2025-03-02T03:05:27.013+0000] {dag.py:3722} INFO - Setting next_dagrun for customer_churn_ml_pipeline to 2025-03-01T08:00:00+00:00, run_after=2025-03-02T08:00:00+00:00
[2025-03-02T03:05:27.054+0000] {processor.py:179} INFO - Processing /opt/airflow/dags/customer_churn.py took 0.196 seconds
[2025-03-02T03:05:57.215+0000] {processor.py:157} INFO - Started process (PID=354) to work on /opt/airflow/dags/customer_churn.py
[2025-03-02T03:05:57.216+0000] {processor.py:829} INFO - Processing file /opt/airflow/dags/customer_churn.py for tasks to queue
[2025-03-02T03:05:57.228+0000] {logging_mixin.py:154} INFO - [2025-03-02T03:05:57.226+0000] {dagbag.py:536} INFO - Filling up the DagBag from /opt/airflow/dags/customer_churn.py
[2025-03-02T03:05:57.293+0000] {processor.py:839} INFO - DAG(s) dict_keys(['customer_churn_ml_pipeline']) retrieved from /opt/airflow/dags/customer_churn.py
[2025-03-02T03:05:57.460+0000] {logging_mixin.py:154} INFO - [2025-03-02T03:05:57.459+0000] {dag.py:2941} INFO - Sync 1 DAGs
[2025-03-02T03:05:57.606+0000] {logging_mixin.py:154} INFO - [2025-03-02T03:05:57.605+0000] {dag.py:3722} INFO - Setting next_dagrun for customer_churn_ml_pipeline to 2025-03-01T08:00:00+00:00, run_after=2025-03-02T08:00:00+00:00
[2025-03-02T03:05:57.719+0000] {processor.py:179} INFO - Processing /opt/airflow/dags/customer_churn.py took 0.521 seconds
[2025-03-02T03:06:28.071+0000] {processor.py:157} INFO - Started process (PID=359) to work on /opt/airflow/dags/customer_churn.py
[2025-03-02T03:06:28.074+0000] {processor.py:829} INFO - Processing file /opt/airflow/dags/customer_churn.py for tasks to queue
[2025-03-02T03:06:28.085+0000] {logging_mixin.py:154} INFO - [2025-03-02T03:06:28.084+0000] {dagbag.py:536} INFO - Filling up the DagBag from /opt/airflow/dags/customer_churn.py
[2025-03-02T03:06:28.185+0000] {processor.py:839} INFO - DAG(s) dict_keys(['customer_churn_ml_pipeline']) retrieved from /opt/airflow/dags/customer_churn.py
[2025-03-02T03:06:28.420+0000] {logging_mixin.py:154} INFO - [2025-03-02T03:06:28.420+0000] {dag.py:2941} INFO - Sync 1 DAGs
[2025-03-02T03:06:28.724+0000] {logging_mixin.py:154} INFO - [2025-03-02T03:06:28.724+0000] {dag.py:3722} INFO - Setting next_dagrun for customer_churn_ml_pipeline to 2025-03-01T08:00:00+00:00, run_after=2025-03-02T08:00:00+00:00
[2025-03-02T03:06:28.916+0000] {processor.py:179} INFO - Processing /opt/airflow/dags/customer_churn.py took 0.871 seconds
[2025-03-02T03:06:59.261+0000] {processor.py:157} INFO - Started process (PID=364) to work on /opt/airflow/dags/customer_churn.py
[2025-03-02T03:06:59.265+0000] {processor.py:829} INFO - Processing file /opt/airflow/dags/customer_churn.py for tasks to queue
[2025-03-02T03:06:59.268+0000] {logging_mixin.py:154} INFO - [2025-03-02T03:06:59.267+0000] {dagbag.py:536} INFO - Filling up the DagBag from /opt/airflow/dags/customer_churn.py
[2025-03-02T03:06:59.345+0000] {processor.py:839} INFO - DAG(s) dict_keys(['customer_churn_ml_pipeline']) retrieved from /opt/airflow/dags/customer_churn.py
[2025-03-02T03:06:59.502+0000] {logging_mixin.py:154} INFO - [2025-03-02T03:06:59.501+0000] {dag.py:2941} INFO - Sync 1 DAGs
[2025-03-02T03:06:59.607+0000] {logging_mixin.py:154} INFO - [2025-03-02T03:06:59.606+0000] {dag.py:3722} INFO - Setting next_dagrun for customer_churn_ml_pipeline to 2025-03-01T08:00:00+00:00, run_after=2025-03-02T08:00:00+00:00
[2025-03-02T03:06:59.672+0000] {processor.py:179} INFO - Processing /opt/airflow/dags/customer_churn.py took 0.424 seconds
[2025-03-02T03:07:30.006+0000] {processor.py:157} INFO - Started process (PID=369) to work on /opt/airflow/dags/customer_churn.py
[2025-03-02T03:07:30.008+0000] {processor.py:829} INFO - Processing file /opt/airflow/dags/customer_churn.py for tasks to queue
[2025-03-02T03:07:30.010+0000] {logging_mixin.py:154} INFO - [2025-03-02T03:07:30.010+0000] {dagbag.py:536} INFO - Filling up the DagBag from /opt/airflow/dags/customer_churn.py
[2025-03-02T03:07:30.041+0000] {processor.py:839} INFO - DAG(s) dict_keys(['customer_churn_ml_pipeline']) retrieved from /opt/airflow/dags/customer_churn.py
[2025-03-02T03:07:30.114+0000] {logging_mixin.py:154} INFO - [2025-03-02T03:07:30.114+0000] {dag.py:2941} INFO - Sync 1 DAGs
[2025-03-02T03:07:30.173+0000] {logging_mixin.py:154} INFO - [2025-03-02T03:07:30.173+0000] {dag.py:3722} INFO - Setting next_dagrun for customer_churn_ml_pipeline to 2025-03-01T08:00:00+00:00, run_after=2025-03-02T08:00:00+00:00
[2025-03-02T03:07:30.222+0000] {processor.py:179} INFO - Processing /opt/airflow/dags/customer_churn.py took 0.222 seconds
[2025-03-02T03:08:00.436+0000] {processor.py:157} INFO - Started process (PID=374) to work on /opt/airflow/dags/customer_churn.py
[2025-03-02T03:08:00.438+0000] {processor.py:829} INFO - Processing file /opt/airflow/dags/customer_churn.py for tasks to queue
[2025-03-02T03:08:00.439+0000] {logging_mixin.py:154} INFO - [2025-03-02T03:08:00.438+0000] {dagbag.py:536} INFO - Filling up the DagBag from /opt/airflow/dags/customer_churn.py
[2025-03-02T03:08:00.461+0000] {processor.py:839} INFO - DAG(s) dict_keys(['customer_churn_ml_pipeline']) retrieved from /opt/airflow/dags/customer_churn.py
[2025-03-02T03:08:00.525+0000] {logging_mixin.py:154} INFO - [2025-03-02T03:08:00.525+0000] {dag.py:2941} INFO - Sync 1 DAGs
[2025-03-02T03:08:00.570+0000] {logging_mixin.py:154} INFO - [2025-03-02T03:08:00.570+0000] {dag.py:3722} INFO - Setting next_dagrun for customer_churn_ml_pipeline to 2025-03-01T08:00:00+00:00, run_after=2025-03-02T08:00:00+00:00
[2025-03-02T03:08:00.604+0000] {processor.py:179} INFO - Processing /opt/airflow/dags/customer_churn.py took 0.173 seconds
[2025-03-02T03:08:30.808+0000] {processor.py:157} INFO - Started process (PID=379) to work on /opt/airflow/dags/customer_churn.py
[2025-03-02T03:08:30.810+0000] {processor.py:829} INFO - Processing file /opt/airflow/dags/customer_churn.py for tasks to queue
[2025-03-02T03:08:30.812+0000] {logging_mixin.py:154} INFO - [2025-03-02T03:08:30.812+0000] {dagbag.py:536} INFO - Filling up the DagBag from /opt/airflow/dags/customer_churn.py
[2025-03-02T03:08:30.843+0000] {processor.py:839} INFO - DAG(s) dict_keys(['customer_churn_ml_pipeline']) retrieved from /opt/airflow/dags/customer_churn.py
[2025-03-02T03:08:30.914+0000] {logging_mixin.py:154} INFO - [2025-03-02T03:08:30.914+0000] {dag.py:2941} INFO - Sync 1 DAGs
[2025-03-02T03:08:30.956+0000] {logging_mixin.py:154} INFO - [2025-03-02T03:08:30.956+0000] {dag.py:3722} INFO - Setting next_dagrun for customer_churn_ml_pipeline to 2025-03-01T08:00:00+00:00, run_after=2025-03-02T08:00:00+00:00
[2025-03-02T03:08:30.994+0000] {processor.py:179} INFO - Processing /opt/airflow/dags/customer_churn.py took 0.192 seconds
[2025-03-02T03:09:01.216+0000] {processor.py:157} INFO - Started process (PID=384) to work on /opt/airflow/dags/customer_churn.py
[2025-03-02T03:09:01.218+0000] {processor.py:829} INFO - Processing file /opt/airflow/dags/customer_churn.py for tasks to queue
[2025-03-02T03:09:01.220+0000] {logging_mixin.py:154} INFO - [2025-03-02T03:09:01.219+0000] {dagbag.py:536} INFO - Filling up the DagBag from /opt/airflow/dags/customer_churn.py
[2025-03-02T03:09:01.255+0000] {processor.py:839} INFO - DAG(s) dict_keys(['customer_churn_ml_pipeline']) retrieved from /opt/airflow/dags/customer_churn.py
[2025-03-02T03:09:01.335+0000] {logging_mixin.py:154} INFO - [2025-03-02T03:09:01.335+0000] {dag.py:2941} INFO - Sync 1 DAGs
[2025-03-02T03:09:01.400+0000] {logging_mixin.py:154} INFO - [2025-03-02T03:09:01.399+0000] {dag.py:3722} INFO - Setting next_dagrun for customer_churn_ml_pipeline to 2025-03-01T08:00:00+00:00, run_after=2025-03-02T08:00:00+00:00
[2025-03-02T03:09:01.449+0000] {processor.py:179} INFO - Processing /opt/airflow/dags/customer_churn.py took 0.240 seconds
[2025-03-02T03:09:31.665+0000] {processor.py:157} INFO - Started process (PID=389) to work on /opt/airflow/dags/customer_churn.py
[2025-03-02T03:09:31.667+0000] {processor.py:829} INFO - Processing file /opt/airflow/dags/customer_churn.py for tasks to queue
[2025-03-02T03:09:31.669+0000] {logging_mixin.py:154} INFO - [2025-03-02T03:09:31.668+0000] {dagbag.py:536} INFO - Filling up the DagBag from /opt/airflow/dags/customer_churn.py
[2025-03-02T03:09:31.685+0000] {processor.py:839} INFO - DAG(s) dict_keys(['customer_churn_ml_pipeline']) retrieved from /opt/airflow/dags/customer_churn.py
[2025-03-02T03:09:31.731+0000] {logging_mixin.py:154} INFO - [2025-03-02T03:09:31.730+0000] {dag.py:2941} INFO - Sync 1 DAGs
[2025-03-02T03:09:31.769+0000] {logging_mixin.py:154} INFO - [2025-03-02T03:09:31.769+0000] {dag.py:3722} INFO - Setting next_dagrun for customer_churn_ml_pipeline to 2025-03-01T08:00:00+00:00, run_after=2025-03-02T08:00:00+00:00
[2025-03-02T03:09:31.798+0000] {processor.py:179} INFO - Processing /opt/airflow/dags/customer_churn.py took 0.137 seconds
[2025-03-02T03:10:01.893+0000] {processor.py:157} INFO - Started process (PID=394) to work on /opt/airflow/dags/customer_churn.py
[2025-03-02T03:10:01.896+0000] {processor.py:829} INFO - Processing file /opt/airflow/dags/customer_churn.py for tasks to queue
[2025-03-02T03:10:01.897+0000] {logging_mixin.py:154} INFO - [2025-03-02T03:10:01.897+0000] {dagbag.py:536} INFO - Filling up the DagBag from /opt/airflow/dags/customer_churn.py
[2025-03-02T03:10:01.922+0000] {processor.py:839} INFO - DAG(s) dict_keys(['customer_churn_ml_pipeline']) retrieved from /opt/airflow/dags/customer_churn.py
[2025-03-02T03:10:01.988+0000] {logging_mixin.py:154} INFO - [2025-03-02T03:10:01.988+0000] {dag.py:2941} INFO - Sync 1 DAGs
[2025-03-02T03:10:02.049+0000] {logging_mixin.py:154} INFO - [2025-03-02T03:10:02.048+0000] {dag.py:3722} INFO - Setting next_dagrun for customer_churn_ml_pipeline to 2025-03-01T08:00:00+00:00, run_after=2025-03-02T08:00:00+00:00
[2025-03-02T03:10:02.092+0000] {processor.py:179} INFO - Processing /opt/airflow/dags/customer_churn.py took 0.204 seconds
[2025-03-02T03:10:32.277+0000] {processor.py:157} INFO - Started process (PID=399) to work on /opt/airflow/dags/customer_churn.py
[2025-03-02T03:10:32.279+0000] {processor.py:829} INFO - Processing file /opt/airflow/dags/customer_churn.py for tasks to queue
[2025-03-02T03:10:32.280+0000] {logging_mixin.py:154} INFO - [2025-03-02T03:10:32.280+0000] {dagbag.py:536} INFO - Filling up the DagBag from /opt/airflow/dags/customer_churn.py
[2025-03-02T03:10:32.321+0000] {processor.py:839} INFO - DAG(s) dict_keys(['customer_churn_ml_pipeline']) retrieved from /opt/airflow/dags/customer_churn.py
[2025-03-02T03:10:32.390+0000] {logging_mixin.py:154} INFO - [2025-03-02T03:10:32.389+0000] {dag.py:2941} INFO - Sync 1 DAGs
[2025-03-02T03:10:32.432+0000] {logging_mixin.py:154} INFO - [2025-03-02T03:10:32.432+0000] {dag.py:3722} INFO - Setting next_dagrun for customer_churn_ml_pipeline to 2025-03-01T08:00:00+00:00, run_after=2025-03-02T08:00:00+00:00
[2025-03-02T03:10:32.464+0000] {processor.py:179} INFO - Processing /opt/airflow/dags/customer_churn.py took 0.194 seconds
[2025-03-02T03:11:02.584+0000] {processor.py:157} INFO - Started process (PID=404) to work on /opt/airflow/dags/customer_churn.py
[2025-03-02T03:11:02.586+0000] {processor.py:829} INFO - Processing file /opt/airflow/dags/customer_churn.py for tasks to queue
[2025-03-02T03:11:02.588+0000] {logging_mixin.py:154} INFO - [2025-03-02T03:11:02.587+0000] {dagbag.py:536} INFO - Filling up the DagBag from /opt/airflow/dags/customer_churn.py
[2025-03-02T03:11:02.604+0000] {processor.py:839} INFO - DAG(s) dict_keys(['customer_churn_ml_pipeline']) retrieved from /opt/airflow/dags/customer_churn.py
[2025-03-02T03:11:02.641+0000] {logging_mixin.py:154} INFO - [2025-03-02T03:11:02.641+0000] {dag.py:2941} INFO - Sync 1 DAGs
[2025-03-02T03:11:02.671+0000] {logging_mixin.py:154} INFO - [2025-03-02T03:11:02.671+0000] {dag.py:3722} INFO - Setting next_dagrun for customer_churn_ml_pipeline to 2025-03-01T08:00:00+00:00, run_after=2025-03-02T08:00:00+00:00
[2025-03-02T03:11:02.692+0000] {processor.py:179} INFO - Processing /opt/airflow/dags/customer_churn.py took 0.114 seconds
[2025-03-02T03:11:32.900+0000] {processor.py:157} INFO - Started process (PID=409) to work on /opt/airflow/dags/customer_churn.py
[2025-03-02T03:11:32.901+0000] {processor.py:829} INFO - Processing file /opt/airflow/dags/customer_churn.py for tasks to queue
[2025-03-02T03:11:32.902+0000] {logging_mixin.py:154} INFO - [2025-03-02T03:11:32.902+0000] {dagbag.py:536} INFO - Filling up the DagBag from /opt/airflow/dags/customer_churn.py
[2025-03-02T03:11:32.919+0000] {processor.py:839} INFO - DAG(s) dict_keys(['customer_churn_ml_pipeline']) retrieved from /opt/airflow/dags/customer_churn.py
[2025-03-02T03:11:32.956+0000] {logging_mixin.py:154} INFO - [2025-03-02T03:11:32.955+0000] {dag.py:2941} INFO - Sync 1 DAGs
[2025-03-02T03:11:32.984+0000] {logging_mixin.py:154} INFO - [2025-03-02T03:11:32.984+0000] {dag.py:3722} INFO - Setting next_dagrun for customer_churn_ml_pipeline to 2025-03-01T08:00:00+00:00, run_after=2025-03-02T08:00:00+00:00
[2025-03-02T03:11:33.008+0000] {processor.py:179} INFO - Processing /opt/airflow/dags/customer_churn.py took 0.114 seconds
[2025-03-02T03:12:03.144+0000] {processor.py:157} INFO - Started process (PID=414) to work on /opt/airflow/dags/customer_churn.py
[2025-03-02T03:12:03.147+0000] {processor.py:829} INFO - Processing file /opt/airflow/dags/customer_churn.py for tasks to queue
[2025-03-02T03:12:03.149+0000] {logging_mixin.py:154} INFO - [2025-03-02T03:12:03.148+0000] {dagbag.py:536} INFO - Filling up the DagBag from /opt/airflow/dags/customer_churn.py
[2025-03-02T03:12:03.182+0000] {processor.py:839} INFO - DAG(s) dict_keys(['customer_churn_ml_pipeline']) retrieved from /opt/airflow/dags/customer_churn.py
[2025-03-02T03:12:03.261+0000] {logging_mixin.py:154} INFO - [2025-03-02T03:12:03.261+0000] {dag.py:2941} INFO - Sync 1 DAGs
[2025-03-02T03:12:03.311+0000] {logging_mixin.py:154} INFO - [2025-03-02T03:12:03.311+0000] {dag.py:3722} INFO - Setting next_dagrun for customer_churn_ml_pipeline to 2025-03-01T08:00:00+00:00, run_after=2025-03-02T08:00:00+00:00
[2025-03-02T03:12:03.343+0000] {processor.py:179} INFO - Processing /opt/airflow/dags/customer_churn.py took 0.206 seconds
[2025-03-02T03:12:33.484+0000] {processor.py:157} INFO - Started process (PID=419) to work on /opt/airflow/dags/customer_churn.py
[2025-03-02T03:12:33.485+0000] {processor.py:829} INFO - Processing file /opt/airflow/dags/customer_churn.py for tasks to queue
[2025-03-02T03:12:33.486+0000] {logging_mixin.py:154} INFO - [2025-03-02T03:12:33.485+0000] {dagbag.py:536} INFO - Filling up the DagBag from /opt/airflow/dags/customer_churn.py
[2025-03-02T03:12:33.501+0000] {processor.py:839} INFO - DAG(s) dict_keys(['customer_churn_ml_pipeline']) retrieved from /opt/airflow/dags/customer_churn.py
[2025-03-02T03:12:33.550+0000] {logging_mixin.py:154} INFO - [2025-03-02T03:12:33.550+0000] {dag.py:2941} INFO - Sync 1 DAGs
[2025-03-02T03:12:33.587+0000] {logging_mixin.py:154} INFO - [2025-03-02T03:12:33.586+0000] {dag.py:3722} INFO - Setting next_dagrun for customer_churn_ml_pipeline to 2025-03-01T08:00:00+00:00, run_after=2025-03-02T08:00:00+00:00
[2025-03-02T03:12:33.615+0000] {processor.py:179} INFO - Processing /opt/airflow/dags/customer_churn.py took 0.135 seconds
[2025-03-02T03:13:03.759+0000] {processor.py:157} INFO - Started process (PID=424) to work on /opt/airflow/dags/customer_churn.py
[2025-03-02T03:13:03.761+0000] {processor.py:829} INFO - Processing file /opt/airflow/dags/customer_churn.py for tasks to queue
[2025-03-02T03:13:03.762+0000] {logging_mixin.py:154} INFO - [2025-03-02T03:13:03.761+0000] {dagbag.py:536} INFO - Filling up the DagBag from /opt/airflow/dags/customer_churn.py
[2025-03-02T03:13:03.777+0000] {processor.py:839} INFO - DAG(s) dict_keys(['customer_churn_ml_pipeline']) retrieved from /opt/airflow/dags/customer_churn.py
[2025-03-02T03:13:03.812+0000] {logging_mixin.py:154} INFO - [2025-03-02T03:13:03.812+0000] {dag.py:2941} INFO - Sync 1 DAGs
[2025-03-02T03:13:03.841+0000] {logging_mixin.py:154} INFO - [2025-03-02T03:13:03.840+0000] {dag.py:3722} INFO - Setting next_dagrun for customer_churn_ml_pipeline to 2025-03-01T08:00:00+00:00, run_after=2025-03-02T08:00:00+00:00
[2025-03-02T03:13:03.861+0000] {processor.py:179} INFO - Processing /opt/airflow/dags/customer_churn.py took 0.105 seconds
[2025-03-02T03:13:34.040+0000] {processor.py:157} INFO - Started process (PID=429) to work on /opt/airflow/dags/customer_churn.py
[2025-03-02T03:13:34.043+0000] {processor.py:829} INFO - Processing file /opt/airflow/dags/customer_churn.py for tasks to queue
[2025-03-02T03:13:34.044+0000] {logging_mixin.py:154} INFO - [2025-03-02T03:13:34.044+0000] {dagbag.py:536} INFO - Filling up the DagBag from /opt/airflow/dags/customer_churn.py
[2025-03-02T03:13:34.064+0000] {processor.py:839} INFO - DAG(s) dict_keys(['customer_churn_ml_pipeline']) retrieved from /opt/airflow/dags/customer_churn.py
[2025-03-02T03:13:34.102+0000] {logging_mixin.py:154} INFO - [2025-03-02T03:13:34.102+0000] {dag.py:2941} INFO - Sync 1 DAGs
[2025-03-02T03:13:34.131+0000] {logging_mixin.py:154} INFO - [2025-03-02T03:13:34.131+0000] {dag.py:3722} INFO - Setting next_dagrun for customer_churn_ml_pipeline to 2025-03-01T08:00:00+00:00, run_after=2025-03-02T08:00:00+00:00
[2025-03-02T03:13:34.154+0000] {processor.py:179} INFO - Processing /opt/airflow/dags/customer_churn.py took 0.120 seconds
[2025-03-02T03:14:04.296+0000] {processor.py:157} INFO - Started process (PID=434) to work on /opt/airflow/dags/customer_churn.py
[2025-03-02T03:14:04.299+0000] {processor.py:829} INFO - Processing file /opt/airflow/dags/customer_churn.py for tasks to queue
[2025-03-02T03:14:04.300+0000] {logging_mixin.py:154} INFO - [2025-03-02T03:14:04.300+0000] {dagbag.py:536} INFO - Filling up the DagBag from /opt/airflow/dags/customer_churn.py
[2025-03-02T03:14:04.317+0000] {processor.py:839} INFO - DAG(s) dict_keys(['customer_churn_ml_pipeline']) retrieved from /opt/airflow/dags/customer_churn.py
[2025-03-02T03:14:04.358+0000] {logging_mixin.py:154} INFO - [2025-03-02T03:14:04.358+0000] {dag.py:2941} INFO - Sync 1 DAGs
[2025-03-02T03:14:04.392+0000] {logging_mixin.py:154} INFO - [2025-03-02T03:14:04.391+0000] {dag.py:3722} INFO - Setting next_dagrun for customer_churn_ml_pipeline to 2025-03-01T08:00:00+00:00, run_after=2025-03-02T08:00:00+00:00
[2025-03-02T03:14:04.415+0000] {processor.py:179} INFO - Processing /opt/airflow/dags/customer_churn.py took 0.125 seconds
[2025-03-02T03:14:34.598+0000] {processor.py:157} INFO - Started process (PID=439) to work on /opt/airflow/dags/customer_churn.py
[2025-03-02T03:14:34.599+0000] {processor.py:829} INFO - Processing file /opt/airflow/dags/customer_churn.py for tasks to queue
[2025-03-02T03:14:34.602+0000] {logging_mixin.py:154} INFO - [2025-03-02T03:14:34.601+0000] {dagbag.py:536} INFO - Filling up the DagBag from /opt/airflow/dags/customer_churn.py
[2025-03-02T03:14:34.622+0000] {processor.py:839} INFO - DAG(s) dict_keys(['customer_churn_ml_pipeline']) retrieved from /opt/airflow/dags/customer_churn.py
[2025-03-02T03:14:34.681+0000] {logging_mixin.py:154} INFO - [2025-03-02T03:14:34.680+0000] {dag.py:2941} INFO - Sync 1 DAGs
[2025-03-02T03:14:34.717+0000] {logging_mixin.py:154} INFO - [2025-03-02T03:14:34.716+0000] {dag.py:3722} INFO - Setting next_dagrun for customer_churn_ml_pipeline to 2025-03-01T08:00:00+00:00, run_after=2025-03-02T08:00:00+00:00
[2025-03-02T03:14:34.740+0000] {processor.py:179} INFO - Processing /opt/airflow/dags/customer_churn.py took 0.148 seconds
[2025-03-02T03:15:04.882+0000] {processor.py:157} INFO - Started process (PID=444) to work on /opt/airflow/dags/customer_churn.py
[2025-03-02T03:15:04.885+0000] {processor.py:829} INFO - Processing file /opt/airflow/dags/customer_churn.py for tasks to queue
[2025-03-02T03:15:04.889+0000] {logging_mixin.py:154} INFO - [2025-03-02T03:15:04.888+0000] {dagbag.py:536} INFO - Filling up the DagBag from /opt/airflow/dags/customer_churn.py
[2025-03-02T03:15:04.951+0000] {processor.py:839} INFO - DAG(s) dict_keys(['customer_churn_ml_pipeline']) retrieved from /opt/airflow/dags/customer_churn.py
[2025-03-02T03:15:05.018+0000] {logging_mixin.py:154} INFO - [2025-03-02T03:15:05.018+0000] {dag.py:2941} INFO - Sync 1 DAGs
[2025-03-02T03:15:05.051+0000] {logging_mixin.py:154} INFO - [2025-03-02T03:15:05.050+0000] {dag.py:3722} INFO - Setting next_dagrun for customer_churn_ml_pipeline to 2025-03-01T08:00:00+00:00, run_after=2025-03-02T08:00:00+00:00
[2025-03-02T03:15:05.076+0000] {processor.py:179} INFO - Processing /opt/airflow/dags/customer_churn.py took 0.209 seconds
[2025-03-02T03:15:35.231+0000] {processor.py:157} INFO - Started process (PID=449) to work on /opt/airflow/dags/customer_churn.py
[2025-03-02T03:15:35.234+0000] {processor.py:829} INFO - Processing file /opt/airflow/dags/customer_churn.py for tasks to queue
[2025-03-02T03:15:35.235+0000] {logging_mixin.py:154} INFO - [2025-03-02T03:15:35.235+0000] {dagbag.py:536} INFO - Filling up the DagBag from /opt/airflow/dags/customer_churn.py
[2025-03-02T03:15:35.263+0000] {processor.py:839} INFO - DAG(s) dict_keys(['customer_churn_ml_pipeline']) retrieved from /opt/airflow/dags/customer_churn.py
[2025-03-02T03:15:35.300+0000] {logging_mixin.py:154} INFO - [2025-03-02T03:15:35.300+0000] {dag.py:2941} INFO - Sync 1 DAGs
[2025-03-02T03:15:35.328+0000] {logging_mixin.py:154} INFO - [2025-03-02T03:15:35.327+0000] {dag.py:3722} INFO - Setting next_dagrun for customer_churn_ml_pipeline to 2025-03-01T08:00:00+00:00, run_after=2025-03-02T08:00:00+00:00
[2025-03-02T03:15:35.351+0000] {processor.py:179} INFO - Processing /opt/airflow/dags/customer_churn.py took 0.127 seconds
[2025-03-02T03:16:05.562+0000] {processor.py:157} INFO - Started process (PID=454) to work on /opt/airflow/dags/customer_churn.py
[2025-03-02T03:16:05.565+0000] {processor.py:829} INFO - Processing file /opt/airflow/dags/customer_churn.py for tasks to queue
[2025-03-02T03:16:05.568+0000] {logging_mixin.py:154} INFO - [2025-03-02T03:16:05.567+0000] {dagbag.py:536} INFO - Filling up the DagBag from /opt/airflow/dags/customer_churn.py
[2025-03-02T03:16:05.623+0000] {processor.py:839} INFO - DAG(s) dict_keys(['customer_churn_ml_pipeline']) retrieved from /opt/airflow/dags/customer_churn.py
[2025-03-02T03:16:05.773+0000] {logging_mixin.py:154} INFO - [2025-03-02T03:16:05.772+0000] {dag.py:2941} INFO - Sync 1 DAGs
[2025-03-02T03:16:05.845+0000] {logging_mixin.py:154} INFO - [2025-03-02T03:16:05.844+0000] {dag.py:3722} INFO - Setting next_dagrun for customer_churn_ml_pipeline to 2025-03-01T08:00:00+00:00, run_after=2025-03-02T08:00:00+00:00
[2025-03-02T03:16:05.879+0000] {processor.py:179} INFO - Processing /opt/airflow/dags/customer_churn.py took 0.329 seconds
[2025-03-02T03:16:36.098+0000] {processor.py:157} INFO - Started process (PID=459) to work on /opt/airflow/dags/customer_churn.py
[2025-03-02T03:16:36.101+0000] {processor.py:829} INFO - Processing file /opt/airflow/dags/customer_churn.py for tasks to queue
[2025-03-02T03:16:36.103+0000] {logging_mixin.py:154} INFO - [2025-03-02T03:16:36.102+0000] {dagbag.py:536} INFO - Filling up the DagBag from /opt/airflow/dags/customer_churn.py
[2025-03-02T03:16:36.125+0000] {processor.py:839} INFO - DAG(s) dict_keys(['customer_churn_ml_pipeline']) retrieved from /opt/airflow/dags/customer_churn.py
[2025-03-02T03:16:36.190+0000] {logging_mixin.py:154} INFO - [2025-03-02T03:16:36.190+0000] {dag.py:2941} INFO - Sync 1 DAGs
[2025-03-02T03:16:36.222+0000] {logging_mixin.py:154} INFO - [2025-03-02T03:16:36.222+0000] {dag.py:3722} INFO - Setting next_dagrun for customer_churn_ml_pipeline to 2025-03-01T08:00:00+00:00, run_after=2025-03-02T08:00:00+00:00
[2025-03-02T03:16:36.248+0000] {processor.py:179} INFO - Processing /opt/airflow/dags/customer_churn.py took 0.157 seconds
[2025-03-02T03:17:06.326+0000] {processor.py:157} INFO - Started process (PID=464) to work on /opt/airflow/dags/customer_churn.py
[2025-03-02T03:17:06.327+0000] {processor.py:829} INFO - Processing file /opt/airflow/dags/customer_churn.py for tasks to queue
[2025-03-02T03:17:06.328+0000] {logging_mixin.py:154} INFO - [2025-03-02T03:17:06.327+0000] {dagbag.py:536} INFO - Filling up the DagBag from /opt/airflow/dags/customer_churn.py
[2025-03-02T03:17:06.344+0000] {processor.py:839} INFO - DAG(s) dict_keys(['customer_churn_ml_pipeline']) retrieved from /opt/airflow/dags/customer_churn.py
[2025-03-02T03:17:06.389+0000] {logging_mixin.py:154} INFO - [2025-03-02T03:17:06.388+0000] {dag.py:2941} INFO - Sync 1 DAGs
[2025-03-02T03:17:06.421+0000] {logging_mixin.py:154} INFO - [2025-03-02T03:17:06.421+0000] {dag.py:3722} INFO - Setting next_dagrun for customer_churn_ml_pipeline to 2025-03-01T08:00:00+00:00, run_after=2025-03-02T08:00:00+00:00
[2025-03-02T03:17:06.453+0000] {processor.py:179} INFO - Processing /opt/airflow/dags/customer_churn.py took 0.131 seconds
[2025-03-02T03:17:36.525+0000] {processor.py:157} INFO - Started process (PID=469) to work on /opt/airflow/dags/customer_churn.py
[2025-03-02T03:17:36.530+0000] {processor.py:829} INFO - Processing file /opt/airflow/dags/customer_churn.py for tasks to queue
[2025-03-02T03:17:36.530+0000] {logging_mixin.py:154} INFO - [2025-03-02T03:17:36.530+0000] {dagbag.py:536} INFO - Filling up the DagBag from /opt/airflow/dags/customer_churn.py
[2025-03-02T03:17:36.544+0000] {processor.py:839} INFO - DAG(s) dict_keys(['customer_churn_ml_pipeline']) retrieved from /opt/airflow/dags/customer_churn.py
[2025-03-02T03:17:36.583+0000] {logging_mixin.py:154} INFO - [2025-03-02T03:17:36.583+0000] {dag.py:2941} INFO - Sync 1 DAGs
[2025-03-02T03:17:36.614+0000] {logging_mixin.py:154} INFO - [2025-03-02T03:17:36.614+0000] {dag.py:3722} INFO - Setting next_dagrun for customer_churn_ml_pipeline to 2025-03-01T08:00:00+00:00, run_after=2025-03-02T08:00:00+00:00
[2025-03-02T03:17:36.647+0000] {processor.py:179} INFO - Processing /opt/airflow/dags/customer_churn.py took 0.125 seconds
[2025-03-02T03:18:06.774+0000] {processor.py:157} INFO - Started process (PID=474) to work on /opt/airflow/dags/customer_churn.py
[2025-03-02T03:18:06.775+0000] {processor.py:829} INFO - Processing file /opt/airflow/dags/customer_churn.py for tasks to queue
[2025-03-02T03:18:06.776+0000] {logging_mixin.py:154} INFO - [2025-03-02T03:18:06.775+0000] {dagbag.py:536} INFO - Filling up the DagBag from /opt/airflow/dags/customer_churn.py
[2025-03-02T03:18:06.792+0000] {processor.py:839} INFO - DAG(s) dict_keys(['customer_churn_ml_pipeline']) retrieved from /opt/airflow/dags/customer_churn.py
[2025-03-02T03:18:06.828+0000] {logging_mixin.py:154} INFO - [2025-03-02T03:18:06.828+0000] {dag.py:2941} INFO - Sync 1 DAGs
[2025-03-02T03:18:06.855+0000] {logging_mixin.py:154} INFO - [2025-03-02T03:18:06.855+0000] {dag.py:3722} INFO - Setting next_dagrun for customer_churn_ml_pipeline to 2025-03-01T08:00:00+00:00, run_after=2025-03-02T08:00:00+00:00
[2025-03-02T03:18:06.880+0000] {processor.py:179} INFO - Processing /opt/airflow/dags/customer_churn.py took 0.113 seconds
[2025-03-02T03:18:37.083+0000] {processor.py:157} INFO - Started process (PID=479) to work on /opt/airflow/dags/customer_churn.py
[2025-03-02T03:18:37.086+0000] {processor.py:829} INFO - Processing file /opt/airflow/dags/customer_churn.py for tasks to queue
[2025-03-02T03:18:37.088+0000] {logging_mixin.py:154} INFO - [2025-03-02T03:18:37.087+0000] {dagbag.py:536} INFO - Filling up the DagBag from /opt/airflow/dags/customer_churn.py
[2025-03-02T03:18:37.122+0000] {processor.py:839} INFO - DAG(s) dict_keys(['customer_churn_ml_pipeline']) retrieved from /opt/airflow/dags/customer_churn.py
[2025-03-02T03:18:37.202+0000] {logging_mixin.py:154} INFO - [2025-03-02T03:18:37.201+0000] {dag.py:2941} INFO - Sync 1 DAGs
[2025-03-02T03:18:37.274+0000] {logging_mixin.py:154} INFO - [2025-03-02T03:18:37.274+0000] {dag.py:3722} INFO - Setting next_dagrun for customer_churn_ml_pipeline to 2025-03-01T08:00:00+00:00, run_after=2025-03-02T08:00:00+00:00
[2025-03-02T03:18:37.331+0000] {processor.py:179} INFO - Processing /opt/airflow/dags/customer_churn.py took 0.255 seconds
[2025-03-02T03:19:07.569+0000] {processor.py:157} INFO - Started process (PID=484) to work on /opt/airflow/dags/customer_churn.py
[2025-03-02T03:19:07.571+0000] {processor.py:829} INFO - Processing file /opt/airflow/dags/customer_churn.py for tasks to queue
[2025-03-02T03:19:07.572+0000] {logging_mixin.py:154} INFO - [2025-03-02T03:19:07.572+0000] {dagbag.py:536} INFO - Filling up the DagBag from /opt/airflow/dags/customer_churn.py
[2025-03-02T03:19:07.593+0000] {processor.py:839} INFO - DAG(s) dict_keys(['customer_churn_ml_pipeline']) retrieved from /opt/airflow/dags/customer_churn.py
[2025-03-02T03:19:07.630+0000] {logging_mixin.py:154} INFO - [2025-03-02T03:19:07.630+0000] {dag.py:2941} INFO - Sync 1 DAGs
[2025-03-02T03:19:07.658+0000] {logging_mixin.py:154} INFO - [2025-03-02T03:19:07.658+0000] {dag.py:3722} INFO - Setting next_dagrun for customer_churn_ml_pipeline to 2025-03-01T08:00:00+00:00, run_after=2025-03-02T08:00:00+00:00
[2025-03-02T03:19:07.682+0000] {processor.py:179} INFO - Processing /opt/airflow/dags/customer_churn.py took 0.119 seconds
[2025-03-02T03:19:37.818+0000] {processor.py:157} INFO - Started process (PID=489) to work on /opt/airflow/dags/customer_churn.py
[2025-03-02T03:19:37.828+0000] {processor.py:829} INFO - Processing file /opt/airflow/dags/customer_churn.py for tasks to queue
[2025-03-02T03:19:37.829+0000] {logging_mixin.py:154} INFO - [2025-03-02T03:19:37.829+0000] {dagbag.py:536} INFO - Filling up the DagBag from /opt/airflow/dags/customer_churn.py
[2025-03-02T03:19:37.857+0000] {processor.py:839} INFO - DAG(s) dict_keys(['customer_churn_ml_pipeline']) retrieved from /opt/airflow/dags/customer_churn.py
[2025-03-02T03:19:37.908+0000] {logging_mixin.py:154} INFO - [2025-03-02T03:19:37.908+0000] {dag.py:2941} INFO - Sync 1 DAGs
[2025-03-02T03:19:37.938+0000] {logging_mixin.py:154} INFO - [2025-03-02T03:19:37.938+0000] {dag.py:3722} INFO - Setting next_dagrun for customer_churn_ml_pipeline to 2025-03-01T08:00:00+00:00, run_after=2025-03-02T08:00:00+00:00
[2025-03-02T03:19:37.974+0000] {processor.py:179} INFO - Processing /opt/airflow/dags/customer_churn.py took 0.162 seconds
[2025-03-02T03:20:08.139+0000] {processor.py:157} INFO - Started process (PID=494) to work on /opt/airflow/dags/customer_churn.py
[2025-03-02T03:20:08.143+0000] {processor.py:829} INFO - Processing file /opt/airflow/dags/customer_churn.py for tasks to queue
[2025-03-02T03:20:08.145+0000] {logging_mixin.py:154} INFO - [2025-03-02T03:20:08.144+0000] {dagbag.py:536} INFO - Filling up the DagBag from /opt/airflow/dags/customer_churn.py
[2025-03-02T03:20:08.181+0000] {processor.py:839} INFO - DAG(s) dict_keys(['customer_churn_ml_pipeline']) retrieved from /opt/airflow/dags/customer_churn.py
[2025-03-02T03:20:08.237+0000] {logging_mixin.py:154} INFO - [2025-03-02T03:20:08.237+0000] {dag.py:2941} INFO - Sync 1 DAGs
[2025-03-02T03:20:08.265+0000] {logging_mixin.py:154} INFO - [2025-03-02T03:20:08.265+0000] {dag.py:3722} INFO - Setting next_dagrun for customer_churn_ml_pipeline to 2025-03-01T08:00:00+00:00, run_after=2025-03-02T08:00:00+00:00
[2025-03-02T03:20:08.290+0000] {processor.py:179} INFO - Processing /opt/airflow/dags/customer_churn.py took 0.159 seconds
[2025-03-02T03:20:38.384+0000] {processor.py:157} INFO - Started process (PID=499) to work on /opt/airflow/dags/customer_churn.py
[2025-03-02T03:20:38.387+0000] {processor.py:829} INFO - Processing file /opt/airflow/dags/customer_churn.py for tasks to queue
[2025-03-02T03:20:38.389+0000] {logging_mixin.py:154} INFO - [2025-03-02T03:20:38.388+0000] {dagbag.py:536} INFO - Filling up the DagBag from /opt/airflow/dags/customer_churn.py
[2025-03-02T03:20:38.416+0000] {processor.py:839} INFO - DAG(s) dict_keys(['customer_churn_ml_pipeline']) retrieved from /opt/airflow/dags/customer_churn.py
[2025-03-02T03:20:38.454+0000] {logging_mixin.py:154} INFO - [2025-03-02T03:20:38.453+0000] {dag.py:2941} INFO - Sync 1 DAGs
[2025-03-02T03:20:38.487+0000] {logging_mixin.py:154} INFO - [2025-03-02T03:20:38.487+0000] {dag.py:3722} INFO - Setting next_dagrun for customer_churn_ml_pipeline to 2025-03-01T08:00:00+00:00, run_after=2025-03-02T08:00:00+00:00
[2025-03-02T03:20:38.512+0000] {processor.py:179} INFO - Processing /opt/airflow/dags/customer_churn.py took 0.135 seconds
[2025-03-02T03:21:08.696+0000] {processor.py:157} INFO - Started process (PID=504) to work on /opt/airflow/dags/customer_churn.py
[2025-03-02T03:21:08.700+0000] {processor.py:829} INFO - Processing file /opt/airflow/dags/customer_churn.py for tasks to queue
[2025-03-02T03:21:08.702+0000] {logging_mixin.py:154} INFO - [2025-03-02T03:21:08.701+0000] {dagbag.py:536} INFO - Filling up the DagBag from /opt/airflow/dags/customer_churn.py
[2025-03-02T03:21:08.729+0000] {processor.py:839} INFO - DAG(s) dict_keys(['customer_churn_ml_pipeline']) retrieved from /opt/airflow/dags/customer_churn.py
[2025-03-02T03:21:08.769+0000] {logging_mixin.py:154} INFO - [2025-03-02T03:21:08.768+0000] {dag.py:2941} INFO - Sync 1 DAGs
[2025-03-02T03:21:08.797+0000] {logging_mixin.py:154} INFO - [2025-03-02T03:21:08.796+0000] {dag.py:3722} INFO - Setting next_dagrun for customer_churn_ml_pipeline to 2025-03-01T08:00:00+00:00, run_after=2025-03-02T08:00:00+00:00
[2025-03-02T03:21:08.824+0000] {processor.py:179} INFO - Processing /opt/airflow/dags/customer_churn.py took 0.135 seconds
[2025-03-02T03:21:38.954+0000] {processor.py:157} INFO - Started process (PID=509) to work on /opt/airflow/dags/customer_churn.py
[2025-03-02T03:21:38.967+0000] {processor.py:829} INFO - Processing file /opt/airflow/dags/customer_churn.py for tasks to queue
[2025-03-02T03:21:38.970+0000] {logging_mixin.py:154} INFO - [2025-03-02T03:21:38.969+0000] {dagbag.py:536} INFO - Filling up the DagBag from /opt/airflow/dags/customer_churn.py
[2025-03-02T03:21:39.033+0000] {processor.py:839} INFO - DAG(s) dict_keys(['customer_churn_ml_pipeline']) retrieved from /opt/airflow/dags/customer_churn.py
[2025-03-02T03:21:39.119+0000] {logging_mixin.py:154} INFO - [2025-03-02T03:21:39.119+0000] {dag.py:2941} INFO - Sync 1 DAGs
[2025-03-02T03:21:39.187+0000] {logging_mixin.py:154} INFO - [2025-03-02T03:21:39.186+0000] {dag.py:3722} INFO - Setting next_dagrun for customer_churn_ml_pipeline to 2025-03-01T08:00:00+00:00, run_after=2025-03-02T08:00:00+00:00
[2025-03-02T03:21:39.238+0000] {processor.py:179} INFO - Processing /opt/airflow/dags/customer_churn.py took 0.295 seconds
[2025-03-02T03:22:09.468+0000] {processor.py:157} INFO - Started process (PID=514) to work on /opt/airflow/dags/customer_churn.py
[2025-03-02T03:22:09.469+0000] {processor.py:829} INFO - Processing file /opt/airflow/dags/customer_churn.py for tasks to queue
[2025-03-02T03:22:09.470+0000] {logging_mixin.py:154} INFO - [2025-03-02T03:22:09.470+0000] {dagbag.py:536} INFO - Filling up the DagBag from /opt/airflow/dags/customer_churn.py
[2025-03-02T03:22:09.487+0000] {processor.py:839} INFO - DAG(s) dict_keys(['customer_churn_ml_pipeline']) retrieved from /opt/airflow/dags/customer_churn.py
[2025-03-02T03:22:09.525+0000] {logging_mixin.py:154} INFO - [2025-03-02T03:22:09.524+0000] {dag.py:2941} INFO - Sync 1 DAGs
[2025-03-02T03:22:09.558+0000] {logging_mixin.py:154} INFO - [2025-03-02T03:22:09.557+0000] {dag.py:3722} INFO - Setting next_dagrun for customer_churn_ml_pipeline to 2025-03-01T08:00:00+00:00, run_after=2025-03-02T08:00:00+00:00
[2025-03-02T03:22:09.581+0000] {processor.py:179} INFO - Processing /opt/airflow/dags/customer_churn.py took 0.118 seconds
[2025-03-02T03:22:39.682+0000] {processor.py:157} INFO - Started process (PID=519) to work on /opt/airflow/dags/customer_churn.py
[2025-03-02T03:22:39.683+0000] {processor.py:829} INFO - Processing file /opt/airflow/dags/customer_churn.py for tasks to queue
[2025-03-02T03:22:39.684+0000] {logging_mixin.py:154} INFO - [2025-03-02T03:22:39.684+0000] {dagbag.py:536} INFO - Filling up the DagBag from /opt/airflow/dags/customer_churn.py
[2025-03-02T03:22:39.698+0000] {processor.py:839} INFO - DAG(s) dict_keys(['customer_churn_ml_pipeline']) retrieved from /opt/airflow/dags/customer_churn.py
[2025-03-02T03:22:39.732+0000] {logging_mixin.py:154} INFO - [2025-03-02T03:22:39.732+0000] {dag.py:2941} INFO - Sync 1 DAGs
[2025-03-02T03:22:39.764+0000] {logging_mixin.py:154} INFO - [2025-03-02T03:22:39.763+0000] {dag.py:3722} INFO - Setting next_dagrun for customer_churn_ml_pipeline to 2025-03-01T08:00:00+00:00, run_after=2025-03-02T08:00:00+00:00
[2025-03-02T03:22:39.787+0000] {processor.py:179} INFO - Processing /opt/airflow/dags/customer_churn.py took 0.108 seconds
[2025-03-02T03:23:10.031+0000] {processor.py:157} INFO - Started process (PID=524) to work on /opt/airflow/dags/customer_churn.py
[2025-03-02T03:23:10.032+0000] {processor.py:829} INFO - Processing file /opt/airflow/dags/customer_churn.py for tasks to queue
[2025-03-02T03:23:10.033+0000] {logging_mixin.py:154} INFO - [2025-03-02T03:23:10.033+0000] {dagbag.py:536} INFO - Filling up the DagBag from /opt/airflow/dags/customer_churn.py
[2025-03-02T03:23:10.049+0000] {processor.py:839} INFO - DAG(s) dict_keys(['customer_churn_ml_pipeline']) retrieved from /opt/airflow/dags/customer_churn.py
[2025-03-02T03:23:10.084+0000] {logging_mixin.py:154} INFO - [2025-03-02T03:23:10.083+0000] {dag.py:2941} INFO - Sync 1 DAGs
[2025-03-02T03:23:10.112+0000] {logging_mixin.py:154} INFO - [2025-03-02T03:23:10.112+0000] {dag.py:3722} INFO - Setting next_dagrun for customer_churn_ml_pipeline to 2025-03-01T08:00:00+00:00, run_after=2025-03-02T08:00:00+00:00
[2025-03-02T03:23:10.136+0000] {processor.py:179} INFO - Processing /opt/airflow/dags/customer_churn.py took 0.109 seconds
[2025-03-02T03:24:31.365+0000] {processor.py:157} INFO - Started process (PID=764) to work on /opt/airflow/dags/customer_churn.py
[2025-03-02T03:24:31.366+0000] {processor.py:829} INFO - Processing file /opt/airflow/dags/customer_churn.py for tasks to queue
[2025-03-02T03:24:31.368+0000] {logging_mixin.py:154} INFO - [2025-03-02T03:24:31.367+0000] {dagbag.py:536} INFO - Filling up the DagBag from /opt/airflow/dags/customer_churn.py
[2025-03-02T03:24:31.388+0000] {processor.py:839} INFO - DAG(s) dict_keys(['customer_churn_ml_pipeline']) retrieved from /opt/airflow/dags/customer_churn.py
[2025-03-02T03:24:31.553+0000] {logging_mixin.py:154} INFO - [2025-03-02T03:24:31.553+0000] {dag.py:2941} INFO - Sync 1 DAGs
[2025-03-02T03:24:31.581+0000] {logging_mixin.py:154} INFO - [2025-03-02T03:24:31.581+0000] {dag.py:3722} INFO - Setting next_dagrun for customer_churn_ml_pipeline to 2025-03-01T08:00:00+00:00, run_after=2025-03-02T08:00:00+00:00
[2025-03-02T03:24:31.612+0000] {processor.py:179} INFO - Processing /opt/airflow/dags/customer_churn.py took 0.251 seconds
[2025-03-02T03:25:01.823+0000] {processor.py:157} INFO - Started process (PID=823) to work on /opt/airflow/dags/customer_churn.py
[2025-03-02T03:25:01.823+0000] {processor.py:829} INFO - Processing file /opt/airflow/dags/customer_churn.py for tasks to queue
[2025-03-02T03:25:01.824+0000] {logging_mixin.py:154} INFO - [2025-03-02T03:25:01.824+0000] {dagbag.py:536} INFO - Filling up the DagBag from /opt/airflow/dags/customer_churn.py
[2025-03-02T03:25:01.840+0000] {processor.py:839} INFO - DAG(s) dict_keys(['customer_churn_ml_pipeline']) retrieved from /opt/airflow/dags/customer_churn.py
[2025-03-02T03:25:01.878+0000] {logging_mixin.py:154} INFO - [2025-03-02T03:25:01.878+0000] {dag.py:2941} INFO - Sync 1 DAGs
[2025-03-02T03:25:01.910+0000] {logging_mixin.py:154} INFO - [2025-03-02T03:25:01.910+0000] {dag.py:3722} INFO - Setting next_dagrun for customer_churn_ml_pipeline to 2025-03-01T08:00:00+00:00, run_after=2025-03-02T08:00:00+00:00
[2025-03-02T03:25:01.941+0000] {processor.py:179} INFO - Processing /opt/airflow/dags/customer_churn.py took 0.122 seconds
[2025-03-02T03:25:32.052+0000] {processor.py:157} INFO - Started process (PID=828) to work on /opt/airflow/dags/customer_churn.py
[2025-03-02T03:25:32.053+0000] {processor.py:829} INFO - Processing file /opt/airflow/dags/customer_churn.py for tasks to queue
[2025-03-02T03:25:32.055+0000] {logging_mixin.py:154} INFO - [2025-03-02T03:25:32.055+0000] {dagbag.py:536} INFO - Filling up the DagBag from /opt/airflow/dags/customer_churn.py
[2025-03-02T03:25:32.073+0000] {processor.py:839} INFO - DAG(s) dict_keys(['customer_churn_ml_pipeline']) retrieved from /opt/airflow/dags/customer_churn.py
[2025-03-02T03:25:32.113+0000] {logging_mixin.py:154} INFO - [2025-03-02T03:25:32.113+0000] {dag.py:2941} INFO - Sync 1 DAGs
[2025-03-02T03:25:32.141+0000] {logging_mixin.py:154} INFO - [2025-03-02T03:25:32.140+0000] {dag.py:3722} INFO - Setting next_dagrun for customer_churn_ml_pipeline to 2025-03-01T08:00:00+00:00, run_after=2025-03-02T08:00:00+00:00
[2025-03-02T03:25:32.166+0000] {processor.py:179} INFO - Processing /opt/airflow/dags/customer_churn.py took 0.121 seconds
[2025-03-02T03:30:13.978+0000] {processor.py:157} INFO - Started process (PID=1067) to work on /opt/airflow/dags/customer_churn.py
[2025-03-02T03:30:13.980+0000] {processor.py:829} INFO - Processing file /opt/airflow/dags/customer_churn.py for tasks to queue
[2025-03-02T03:30:13.982+0000] {logging_mixin.py:154} INFO - [2025-03-02T03:30:13.981+0000] {dagbag.py:536} INFO - Filling up the DagBag from /opt/airflow/dags/customer_churn.py
[2025-03-02T03:30:14.021+0000] {processor.py:839} INFO - DAG(s) dict_keys(['customer_churn_ml_pipeline']) retrieved from /opt/airflow/dags/customer_churn.py
[2025-03-02T03:30:14.115+0000] {logging_mixin.py:154} INFO - [2025-03-02T03:30:14.114+0000] {dag.py:2941} INFO - Sync 1 DAGs
[2025-03-02T03:30:14.176+0000] {logging_mixin.py:154} INFO - [2025-03-02T03:30:14.176+0000] {dag.py:3722} INFO - Setting next_dagrun for customer_churn_ml_pipeline to 2025-03-01T08:00:00+00:00, run_after=2025-03-02T08:00:00+00:00
[2025-03-02T03:30:14.225+0000] {processor.py:179} INFO - Processing /opt/airflow/dags/customer_churn.py took 0.254 seconds
[2025-03-02T03:30:32.351+0000] {processor.py:157} INFO - Started process (PID=1306) to work on /opt/airflow/dags/customer_churn.py
[2025-03-02T03:30:32.352+0000] {processor.py:829} INFO - Processing file /opt/airflow/dags/customer_churn.py for tasks to queue
[2025-03-02T03:30:32.353+0000] {logging_mixin.py:154} INFO - [2025-03-02T03:30:32.353+0000] {dagbag.py:536} INFO - Filling up the DagBag from /opt/airflow/dags/customer_churn.py
[2025-03-02T03:30:32.382+0000] {processor.py:839} INFO - DAG(s) dict_keys(['customer_churn_ml_pipeline']) retrieved from /opt/airflow/dags/customer_churn.py
[2025-03-02T03:30:32.624+0000] {logging_mixin.py:154} INFO - [2025-03-02T03:30:32.623+0000] {dag.py:2941} INFO - Sync 1 DAGs
[2025-03-02T03:30:32.671+0000] {logging_mixin.py:154} INFO - [2025-03-02T03:30:32.671+0000] {dag.py:3722} INFO - Setting next_dagrun for customer_churn_ml_pipeline to 2025-03-01T08:00:00+00:00, run_after=2025-03-02T08:00:00+00:00
[2025-03-02T03:30:32.714+0000] {processor.py:179} INFO - Processing /opt/airflow/dags/customer_churn.py took 0.369 seconds
[2025-03-02T03:31:02.991+0000] {processor.py:157} INFO - Started process (PID=1365) to work on /opt/airflow/dags/customer_churn.py
[2025-03-02T03:31:03.008+0000] {processor.py:829} INFO - Processing file /opt/airflow/dags/customer_churn.py for tasks to queue
[2025-03-02T03:31:03.012+0000] {logging_mixin.py:154} INFO - [2025-03-02T03:31:03.010+0000] {dagbag.py:536} INFO - Filling up the DagBag from /opt/airflow/dags/customer_churn.py
[2025-03-02T03:31:03.156+0000] {processor.py:839} INFO - DAG(s) dict_keys(['customer_churn_ml_pipeline']) retrieved from /opt/airflow/dags/customer_churn.py
[2025-03-02T03:31:03.397+0000] {logging_mixin.py:154} INFO - [2025-03-02T03:31:03.397+0000] {dag.py:2941} INFO - Sync 1 DAGs
[2025-03-02T03:31:03.515+0000] {logging_mixin.py:154} INFO - [2025-03-02T03:31:03.515+0000] {dag.py:3722} INFO - Setting next_dagrun for customer_churn_ml_pipeline to 2025-03-01T08:00:00+00:00, run_after=2025-03-02T08:00:00+00:00
[2025-03-02T03:31:03.583+0000] {processor.py:179} INFO - Processing /opt/airflow/dags/customer_churn.py took 0.625 seconds
[2025-03-02T03:31:33.792+0000] {processor.py:157} INFO - Started process (PID=1419) to work on /opt/airflow/dags/customer_churn.py
[2025-03-02T03:31:33.794+0000] {processor.py:829} INFO - Processing file /opt/airflow/dags/customer_churn.py for tasks to queue
[2025-03-02T03:31:33.795+0000] {logging_mixin.py:154} INFO - [2025-03-02T03:31:33.795+0000] {dagbag.py:536} INFO - Filling up the DagBag from /opt/airflow/dags/customer_churn.py
[2025-03-02T03:31:33.811+0000] {processor.py:839} INFO - DAG(s) dict_keys(['customer_churn_ml_pipeline']) retrieved from /opt/airflow/dags/customer_churn.py
[2025-03-02T03:31:33.853+0000] {logging_mixin.py:154} INFO - [2025-03-02T03:31:33.853+0000] {dag.py:2941} INFO - Sync 1 DAGs
[2025-03-02T03:31:33.886+0000] {logging_mixin.py:154} INFO - [2025-03-02T03:31:33.885+0000] {dag.py:3722} INFO - Setting next_dagrun for customer_churn_ml_pipeline to 2025-03-01T08:00:00+00:00, run_after=2025-03-02T08:00:00+00:00
[2025-03-02T03:31:33.913+0000] {processor.py:179} INFO - Processing /opt/airflow/dags/customer_churn.py took 0.124 seconds
[2025-03-02T03:32:03.984+0000] {processor.py:157} INFO - Started process (PID=1424) to work on /opt/airflow/dags/customer_churn.py
[2025-03-02T03:32:03.986+0000] {processor.py:829} INFO - Processing file /opt/airflow/dags/customer_churn.py for tasks to queue
[2025-03-02T03:32:03.987+0000] {logging_mixin.py:154} INFO - [2025-03-02T03:32:03.986+0000] {dagbag.py:536} INFO - Filling up the DagBag from /opt/airflow/dags/customer_churn.py
[2025-03-02T03:32:04.003+0000] {processor.py:839} INFO - DAG(s) dict_keys(['customer_churn_ml_pipeline']) retrieved from /opt/airflow/dags/customer_churn.py
[2025-03-02T03:32:04.043+0000] {logging_mixin.py:154} INFO - [2025-03-02T03:32:04.042+0000] {dag.py:2941} INFO - Sync 1 DAGs
[2025-03-02T03:32:04.077+0000] {logging_mixin.py:154} INFO - [2025-03-02T03:32:04.077+0000] {dag.py:3722} INFO - Setting next_dagrun for customer_churn_ml_pipeline to 2025-03-01T08:00:00+00:00, run_after=2025-03-02T08:00:00+00:00
[2025-03-02T03:32:04.103+0000] {processor.py:179} INFO - Processing /opt/airflow/dags/customer_churn.py took 0.122 seconds
[2025-03-02T03:32:34.278+0000] {processor.py:157} INFO - Started process (PID=1429) to work on /opt/airflow/dags/customer_churn.py
[2025-03-02T03:32:34.279+0000] {processor.py:829} INFO - Processing file /opt/airflow/dags/customer_churn.py for tasks to queue
[2025-03-02T03:32:34.280+0000] {logging_mixin.py:154} INFO - [2025-03-02T03:32:34.280+0000] {dagbag.py:536} INFO - Filling up the DagBag from /opt/airflow/dags/customer_churn.py
[2025-03-02T03:32:34.305+0000] {processor.py:839} INFO - DAG(s) dict_keys(['customer_churn_ml_pipeline']) retrieved from /opt/airflow/dags/customer_churn.py
[2025-03-02T03:32:34.360+0000] {logging_mixin.py:154} INFO - [2025-03-02T03:32:34.359+0000] {dag.py:2941} INFO - Sync 1 DAGs
[2025-03-02T03:32:34.403+0000] {logging_mixin.py:154} INFO - [2025-03-02T03:32:34.403+0000] {dag.py:3722} INFO - Setting next_dagrun for customer_churn_ml_pipeline to 2025-03-01T08:00:00+00:00, run_after=2025-03-02T08:00:00+00:00
[2025-03-02T03:32:34.440+0000] {processor.py:179} INFO - Processing /opt/airflow/dags/customer_churn.py took 0.167 seconds
[2025-03-02T03:33:04.471+0000] {processor.py:157} INFO - Started process (PID=1434) to work on /opt/airflow/dags/customer_churn.py
[2025-03-02T03:33:04.480+0000] {processor.py:829} INFO - Processing file /opt/airflow/dags/customer_churn.py for tasks to queue
[2025-03-02T03:33:04.480+0000] {logging_mixin.py:154} INFO - [2025-03-02T03:33:04.480+0000] {dagbag.py:536} INFO - Filling up the DagBag from /opt/airflow/dags/customer_churn.py
[2025-03-02T03:33:04.492+0000] {processor.py:839} INFO - DAG(s) dict_keys(['customer_churn_ml_pipeline']) retrieved from /opt/airflow/dags/customer_churn.py
[2025-03-02T03:33:04.524+0000] {logging_mixin.py:154} INFO - [2025-03-02T03:33:04.524+0000] {dag.py:2941} INFO - Sync 1 DAGs
[2025-03-02T03:33:04.550+0000] {logging_mixin.py:154} INFO - [2025-03-02T03:33:04.550+0000] {dag.py:3722} INFO - Setting next_dagrun for customer_churn_ml_pipeline to 2025-03-01T08:00:00+00:00, run_after=2025-03-02T08:00:00+00:00
[2025-03-02T03:33:04.576+0000] {processor.py:179} INFO - Processing /opt/airflow/dags/customer_churn.py took 0.109 seconds
[2025-03-02T03:33:34.683+0000] {processor.py:157} INFO - Started process (PID=1439) to work on /opt/airflow/dags/customer_churn.py
[2025-03-02T03:33:34.685+0000] {processor.py:829} INFO - Processing file /opt/airflow/dags/customer_churn.py for tasks to queue
[2025-03-02T03:33:34.686+0000] {logging_mixin.py:154} INFO - [2025-03-02T03:33:34.686+0000] {dagbag.py:536} INFO - Filling up the DagBag from /opt/airflow/dags/customer_churn.py
[2025-03-02T03:33:34.702+0000] {processor.py:839} INFO - DAG(s) dict_keys(['customer_churn_ml_pipeline']) retrieved from /opt/airflow/dags/customer_churn.py
[2025-03-02T03:33:34.735+0000] {logging_mixin.py:154} INFO - [2025-03-02T03:33:34.735+0000] {dag.py:2941} INFO - Sync 1 DAGs
[2025-03-02T03:33:34.762+0000] {logging_mixin.py:154} INFO - [2025-03-02T03:33:34.762+0000] {dag.py:3722} INFO - Setting next_dagrun for customer_churn_ml_pipeline to 2025-03-01T08:00:00+00:00, run_after=2025-03-02T08:00:00+00:00
[2025-03-02T03:33:34.785+0000] {processor.py:179} INFO - Processing /opt/airflow/dags/customer_churn.py took 0.107 seconds
[2025-03-02T03:33:58.691+0000] {processor.py:157} INFO - Started process (PID=1677) to work on /opt/airflow/dags/customer_churn.py
[2025-03-02T03:33:58.693+0000] {processor.py:829} INFO - Processing file /opt/airflow/dags/customer_churn.py for tasks to queue
[2025-03-02T03:33:58.694+0000] {logging_mixin.py:154} INFO - [2025-03-02T03:33:58.694+0000] {dagbag.py:536} INFO - Filling up the DagBag from /opt/airflow/dags/customer_churn.py
[2025-03-02T03:33:58.722+0000] {processor.py:839} INFO - DAG(s) dict_keys(['customer_churn_ml_pipeline']) retrieved from /opt/airflow/dags/customer_churn.py
[2025-03-02T03:33:58.928+0000] {logging_mixin.py:154} INFO - [2025-03-02T03:33:58.927+0000] {dag.py:2941} INFO - Sync 1 DAGs
[2025-03-02T03:33:58.967+0000] {logging_mixin.py:154} INFO - [2025-03-02T03:33:58.967+0000] {dag.py:3722} INFO - Setting next_dagrun for customer_churn_ml_pipeline to 2025-03-01T08:00:00+00:00, run_after=2025-03-02T08:00:00+00:00
[2025-03-02T03:33:59.003+0000] {processor.py:179} INFO - Processing /opt/airflow/dags/customer_churn.py took 0.318 seconds
[2025-03-02T03:34:29.184+0000] {processor.py:157} INFO - Started process (PID=1734) to work on /opt/airflow/dags/customer_churn.py
[2025-03-02T03:34:29.186+0000] {processor.py:829} INFO - Processing file /opt/airflow/dags/customer_churn.py for tasks to queue
[2025-03-02T03:34:29.187+0000] {logging_mixin.py:154} INFO - [2025-03-02T03:34:29.187+0000] {dagbag.py:536} INFO - Filling up the DagBag from /opt/airflow/dags/customer_churn.py
[2025-03-02T03:34:29.202+0000] {processor.py:839} INFO - DAG(s) dict_keys(['customer_churn_ml_pipeline']) retrieved from /opt/airflow/dags/customer_churn.py
[2025-03-02T03:34:29.235+0000] {logging_mixin.py:154} INFO - [2025-03-02T03:34:29.235+0000] {dag.py:2941} INFO - Sync 1 DAGs
[2025-03-02T03:34:29.261+0000] {logging_mixin.py:154} INFO - [2025-03-02T03:34:29.261+0000] {dag.py:3722} INFO - Setting next_dagrun for customer_churn_ml_pipeline to 2025-03-01T08:00:00+00:00, run_after=2025-03-02T08:00:00+00:00
[2025-03-02T03:34:29.288+0000] {processor.py:179} INFO - Processing /opt/airflow/dags/customer_churn.py took 0.108 seconds
[2025-03-02T03:34:59.365+0000] {processor.py:157} INFO - Started process (PID=1739) to work on /opt/airflow/dags/customer_churn.py
[2025-03-02T03:34:59.367+0000] {processor.py:829} INFO - Processing file /opt/airflow/dags/customer_churn.py for tasks to queue
[2025-03-02T03:34:59.368+0000] {logging_mixin.py:154} INFO - [2025-03-02T03:34:59.368+0000] {dagbag.py:536} INFO - Filling up the DagBag from /opt/airflow/dags/customer_churn.py
[2025-03-02T03:34:59.382+0000] {processor.py:839} INFO - DAG(s) dict_keys(['customer_churn_ml_pipeline']) retrieved from /opt/airflow/dags/customer_churn.py
[2025-03-02T03:34:59.420+0000] {logging_mixin.py:154} INFO - [2025-03-02T03:34:59.420+0000] {dag.py:2941} INFO - Sync 1 DAGs
[2025-03-02T03:34:59.450+0000] {logging_mixin.py:154} INFO - [2025-03-02T03:34:59.450+0000] {dag.py:3722} INFO - Setting next_dagrun for customer_churn_ml_pipeline to 2025-03-01T08:00:00+00:00, run_after=2025-03-02T08:00:00+00:00
[2025-03-02T03:34:59.477+0000] {processor.py:179} INFO - Processing /opt/airflow/dags/customer_churn.py took 0.115 seconds
[2025-03-02T03:35:29.662+0000] {processor.py:157} INFO - Started process (PID=1744) to work on /opt/airflow/dags/customer_churn.py
[2025-03-02T03:35:29.663+0000] {processor.py:829} INFO - Processing file /opt/airflow/dags/customer_churn.py for tasks to queue
[2025-03-02T03:35:29.664+0000] {logging_mixin.py:154} INFO - [2025-03-02T03:35:29.664+0000] {dagbag.py:536} INFO - Filling up the DagBag from /opt/airflow/dags/customer_churn.py
[2025-03-02T03:35:29.680+0000] {processor.py:839} INFO - DAG(s) dict_keys(['customer_churn_ml_pipeline']) retrieved from /opt/airflow/dags/customer_churn.py
[2025-03-02T03:35:29.719+0000] {logging_mixin.py:154} INFO - [2025-03-02T03:35:29.719+0000] {dag.py:2941} INFO - Sync 1 DAGs
[2025-03-02T03:35:29.750+0000] {logging_mixin.py:154} INFO - [2025-03-02T03:35:29.750+0000] {dag.py:3722} INFO - Setting next_dagrun for customer_churn_ml_pipeline to 2025-03-01T08:00:00+00:00, run_after=2025-03-02T08:00:00+00:00
[2025-03-02T03:35:29.777+0000] {processor.py:179} INFO - Processing /opt/airflow/dags/customer_churn.py took 0.118 seconds
[2025-03-02T03:35:59.866+0000] {processor.py:157} INFO - Started process (PID=1749) to work on /opt/airflow/dags/customer_churn.py
[2025-03-02T03:35:59.868+0000] {processor.py:829} INFO - Processing file /opt/airflow/dags/customer_churn.py for tasks to queue
[2025-03-02T03:35:59.869+0000] {logging_mixin.py:154} INFO - [2025-03-02T03:35:59.868+0000] {dagbag.py:536} INFO - Filling up the DagBag from /opt/airflow/dags/customer_churn.py
[2025-03-02T03:35:59.887+0000] {processor.py:839} INFO - DAG(s) dict_keys(['customer_churn_ml_pipeline']) retrieved from /opt/airflow/dags/customer_churn.py
[2025-03-02T03:35:59.930+0000] {logging_mixin.py:154} INFO - [2025-03-02T03:35:59.930+0000] {dag.py:2941} INFO - Sync 1 DAGs
[2025-03-02T03:35:59.963+0000] {logging_mixin.py:154} INFO - [2025-03-02T03:35:59.962+0000] {dag.py:3722} INFO - Setting next_dagrun for customer_churn_ml_pipeline to 2025-03-01T08:00:00+00:00, run_after=2025-03-02T08:00:00+00:00
[2025-03-02T03:35:59.990+0000] {processor.py:179} INFO - Processing /opt/airflow/dags/customer_churn.py took 0.128 seconds
[2025-03-02T03:41:11.653+0000] {processor.py:157} INFO - Started process (PID=2002) to work on /opt/airflow/dags/customer_churn.py
[2025-03-02T03:41:11.655+0000] {processor.py:829} INFO - Processing file /opt/airflow/dags/customer_churn.py for tasks to queue
[2025-03-02T03:41:11.657+0000] {logging_mixin.py:154} INFO - [2025-03-02T03:41:11.656+0000] {dagbag.py:536} INFO - Filling up the DagBag from /opt/airflow/dags/customer_churn.py
[2025-03-02T03:41:11.682+0000] {processor.py:839} INFO - DAG(s) dict_keys(['customer_churn_ml_pipeline']) retrieved from /opt/airflow/dags/customer_churn.py
[2025-03-02T03:41:11.907+0000] {logging_mixin.py:154} INFO - [2025-03-02T03:41:11.906+0000] {dag.py:2941} INFO - Sync 1 DAGs
[2025-03-02T03:41:11.951+0000] {logging_mixin.py:154} INFO - [2025-03-02T03:41:11.950+0000] {dag.py:3722} INFO - Setting next_dagrun for customer_churn_ml_pipeline to 2025-03-01T08:00:00+00:00, run_after=2025-03-02T08:00:00+00:00
[2025-03-02T03:41:11.991+0000] {processor.py:179} INFO - Processing /opt/airflow/dags/customer_churn.py took 0.344 seconds
[2025-03-02T03:41:42.193+0000] {processor.py:157} INFO - Started process (PID=2056) to work on /opt/airflow/dags/customer_churn.py
[2025-03-02T03:41:42.196+0000] {processor.py:829} INFO - Processing file /opt/airflow/dags/customer_churn.py for tasks to queue
[2025-03-02T03:41:42.197+0000] {logging_mixin.py:154} INFO - [2025-03-02T03:41:42.197+0000] {dagbag.py:536} INFO - Filling up the DagBag from /opt/airflow/dags/customer_churn.py
[2025-03-02T03:41:42.222+0000] {processor.py:839} INFO - DAG(s) dict_keys(['customer_churn_ml_pipeline']) retrieved from /opt/airflow/dags/customer_churn.py
[2025-03-02T03:41:42.287+0000] {logging_mixin.py:154} INFO - [2025-03-02T03:41:42.286+0000] {dag.py:2941} INFO - Sync 1 DAGs
[2025-03-02T03:41:42.343+0000] {logging_mixin.py:154} INFO - [2025-03-02T03:41:42.343+0000] {dag.py:3722} INFO - Setting next_dagrun for customer_churn_ml_pipeline to 2025-03-01T08:00:00+00:00, run_after=2025-03-02T08:00:00+00:00
[2025-03-02T03:41:42.385+0000] {processor.py:179} INFO - Processing /opt/airflow/dags/customer_churn.py took 0.198 seconds
[2025-03-02T03:42:12.572+0000] {processor.py:157} INFO - Started process (PID=2064) to work on /opt/airflow/dags/customer_churn.py
[2025-03-02T03:42:12.580+0000] {processor.py:829} INFO - Processing file /opt/airflow/dags/customer_churn.py for tasks to queue
[2025-03-02T03:42:12.581+0000] {logging_mixin.py:154} INFO - [2025-03-02T03:42:12.581+0000] {dagbag.py:536} INFO - Filling up the DagBag from /opt/airflow/dags/customer_churn.py
[2025-03-02T03:42:12.595+0000] {processor.py:839} INFO - DAG(s) dict_keys(['customer_churn_ml_pipeline']) retrieved from /opt/airflow/dags/customer_churn.py
[2025-03-02T03:42:12.631+0000] {logging_mixin.py:154} INFO - [2025-03-02T03:42:12.631+0000] {dag.py:2941} INFO - Sync 1 DAGs
[2025-03-02T03:42:12.657+0000] {logging_mixin.py:154} INFO - [2025-03-02T03:42:12.657+0000] {dag.py:3722} INFO - Setting next_dagrun for customer_churn_ml_pipeline to 2025-03-01T08:00:00+00:00, run_after=2025-03-02T08:00:00+00:00
[2025-03-02T03:42:12.685+0000] {processor.py:179} INFO - Processing /opt/airflow/dags/customer_churn.py took 0.116 seconds
[2025-03-02T03:42:42.749+0000] {processor.py:157} INFO - Started process (PID=2069) to work on /opt/airflow/dags/customer_churn.py
[2025-03-02T03:42:42.751+0000] {processor.py:829} INFO - Processing file /opt/airflow/dags/customer_churn.py for tasks to queue
[2025-03-02T03:42:42.752+0000] {logging_mixin.py:154} INFO - [2025-03-02T03:42:42.752+0000] {dagbag.py:536} INFO - Filling up the DagBag from /opt/airflow/dags/customer_churn.py
[2025-03-02T03:42:42.782+0000] {processor.py:839} INFO - DAG(s) dict_keys(['customer_churn_ml_pipeline']) retrieved from /opt/airflow/dags/customer_churn.py
[2025-03-02T03:42:42.852+0000] {logging_mixin.py:154} INFO - [2025-03-02T03:42:42.852+0000] {dag.py:2941} INFO - Sync 1 DAGs
[2025-03-02T03:42:42.901+0000] {logging_mixin.py:154} INFO - [2025-03-02T03:42:42.901+0000] {dag.py:3722} INFO - Setting next_dagrun for customer_churn_ml_pipeline to 2025-03-01T08:00:00+00:00, run_after=2025-03-02T08:00:00+00:00
[2025-03-02T03:42:42.941+0000] {processor.py:179} INFO - Processing /opt/airflow/dags/customer_churn.py took 0.197 seconds
[2025-03-02T03:43:13.036+0000] {processor.py:157} INFO - Started process (PID=2074) to work on /opt/airflow/dags/customer_churn.py
[2025-03-02T03:43:13.038+0000] {processor.py:829} INFO - Processing file /opt/airflow/dags/customer_churn.py for tasks to queue
[2025-03-02T03:43:13.040+0000] {logging_mixin.py:154} INFO - [2025-03-02T03:43:13.039+0000] {dagbag.py:536} INFO - Filling up the DagBag from /opt/airflow/dags/customer_churn.py
[2025-03-02T03:43:13.070+0000] {processor.py:839} INFO - DAG(s) dict_keys(['customer_churn_ml_pipeline']) retrieved from /opt/airflow/dags/customer_churn.py
[2025-03-02T03:43:13.138+0000] {logging_mixin.py:154} INFO - [2025-03-02T03:43:13.138+0000] {dag.py:2941} INFO - Sync 1 DAGs
[2025-03-02T03:43:13.203+0000] {logging_mixin.py:154} INFO - [2025-03-02T03:43:13.203+0000] {dag.py:3722} INFO - Setting next_dagrun for customer_churn_ml_pipeline to 2025-03-01T08:00:00+00:00, run_after=2025-03-02T08:00:00+00:00
[2025-03-02T03:43:13.252+0000] {processor.py:179} INFO - Processing /opt/airflow/dags/customer_churn.py took 0.221 seconds
[2025-03-02T03:43:43.300+0000] {processor.py:157} INFO - Started process (PID=2079) to work on /opt/airflow/dags/customer_churn.py
[2025-03-02T03:43:43.304+0000] {processor.py:829} INFO - Processing file /opt/airflow/dags/customer_churn.py for tasks to queue
[2025-03-02T03:43:43.306+0000] {logging_mixin.py:154} INFO - [2025-03-02T03:43:43.305+0000] {dagbag.py:536} INFO - Filling up the DagBag from /opt/airflow/dags/customer_churn.py
[2025-03-02T03:43:43.340+0000] {processor.py:839} INFO - DAG(s) dict_keys(['customer_churn_ml_pipeline']) retrieved from /opt/airflow/dags/customer_churn.py
[2025-03-02T03:43:43.408+0000] {logging_mixin.py:154} INFO - [2025-03-02T03:43:43.407+0000] {dag.py:2941} INFO - Sync 1 DAGs
[2025-03-02T03:43:43.460+0000] {logging_mixin.py:154} INFO - [2025-03-02T03:43:43.459+0000] {dag.py:3722} INFO - Setting next_dagrun for customer_churn_ml_pipeline to 2025-03-01T08:00:00+00:00, run_after=2025-03-02T08:00:00+00:00
[2025-03-02T03:43:43.493+0000] {processor.py:179} INFO - Processing /opt/airflow/dags/customer_churn.py took 0.197 seconds
[2025-03-02T03:44:13.612+0000] {processor.py:157} INFO - Started process (PID=2084) to work on /opt/airflow/dags/customer_churn.py
[2025-03-02T03:44:13.614+0000] {processor.py:829} INFO - Processing file /opt/airflow/dags/customer_churn.py for tasks to queue
[2025-03-02T03:44:13.615+0000] {logging_mixin.py:154} INFO - [2025-03-02T03:44:13.615+0000] {dagbag.py:536} INFO - Filling up the DagBag from /opt/airflow/dags/customer_churn.py
[2025-03-02T03:44:13.642+0000] {processor.py:839} INFO - DAG(s) dict_keys(['customer_churn_ml_pipeline']) retrieved from /opt/airflow/dags/customer_churn.py
[2025-03-02T03:44:13.712+0000] {logging_mixin.py:154} INFO - [2025-03-02T03:44:13.712+0000] {dag.py:2941} INFO - Sync 1 DAGs
[2025-03-02T03:44:13.771+0000] {logging_mixin.py:154} INFO - [2025-03-02T03:44:13.770+0000] {dag.py:3722} INFO - Setting next_dagrun for customer_churn_ml_pipeline to 2025-03-01T08:00:00+00:00, run_after=2025-03-02T08:00:00+00:00
[2025-03-02T03:44:13.814+0000] {processor.py:179} INFO - Processing /opt/airflow/dags/customer_churn.py took 0.207 seconds
[2025-03-02T03:44:44.006+0000] {processor.py:157} INFO - Started process (PID=2089) to work on /opt/airflow/dags/customer_churn.py
[2025-03-02T03:44:44.011+0000] {processor.py:829} INFO - Processing file /opt/airflow/dags/customer_churn.py for tasks to queue
[2025-03-02T03:44:44.012+0000] {logging_mixin.py:154} INFO - [2025-03-02T03:44:44.012+0000] {dagbag.py:536} INFO - Filling up the DagBag from /opt/airflow/dags/customer_churn.py
[2025-03-02T03:44:44.032+0000] {processor.py:839} INFO - DAG(s) dict_keys(['customer_churn_ml_pipeline']) retrieved from /opt/airflow/dags/customer_churn.py
[2025-03-02T03:44:44.078+0000] {logging_mixin.py:154} INFO - [2025-03-02T03:44:44.077+0000] {dag.py:2941} INFO - Sync 1 DAGs
[2025-03-02T03:44:44.117+0000] {logging_mixin.py:154} INFO - [2025-03-02T03:44:44.116+0000] {dag.py:3722} INFO - Setting next_dagrun for customer_churn_ml_pipeline to 2025-03-01T08:00:00+00:00, run_after=2025-03-02T08:00:00+00:00
[2025-03-02T03:44:44.145+0000] {processor.py:179} INFO - Processing /opt/airflow/dags/customer_churn.py took 0.146 seconds
[2025-03-02T03:45:14.321+0000] {processor.py:157} INFO - Started process (PID=2094) to work on /opt/airflow/dags/customer_churn.py
[2025-03-02T03:45:14.322+0000] {processor.py:829} INFO - Processing file /opt/airflow/dags/customer_churn.py for tasks to queue
[2025-03-02T03:45:14.323+0000] {logging_mixin.py:154} INFO - [2025-03-02T03:45:14.323+0000] {dagbag.py:536} INFO - Filling up the DagBag from /opt/airflow/dags/customer_churn.py
[2025-03-02T03:45:14.337+0000] {processor.py:839} INFO - DAG(s) dict_keys(['customer_churn_ml_pipeline']) retrieved from /opt/airflow/dags/customer_churn.py
[2025-03-02T03:45:14.374+0000] {logging_mixin.py:154} INFO - [2025-03-02T03:45:14.374+0000] {dag.py:2941} INFO - Sync 1 DAGs
[2025-03-02T03:45:14.409+0000] {logging_mixin.py:154} INFO - [2025-03-02T03:45:14.409+0000] {dag.py:3722} INFO - Setting next_dagrun for customer_churn_ml_pipeline to 2025-03-01T08:00:00+00:00, run_after=2025-03-02T08:00:00+00:00
[2025-03-02T03:45:14.433+0000] {processor.py:179} INFO - Processing /opt/airflow/dags/customer_churn.py took 0.116 seconds
[2025-03-02T03:45:44.505+0000] {processor.py:157} INFO - Started process (PID=2099) to work on /opt/airflow/dags/customer_churn.py
[2025-03-02T03:45:44.507+0000] {processor.py:829} INFO - Processing file /opt/airflow/dags/customer_churn.py for tasks to queue
[2025-03-02T03:45:44.508+0000] {logging_mixin.py:154} INFO - [2025-03-02T03:45:44.508+0000] {dagbag.py:536} INFO - Filling up the DagBag from /opt/airflow/dags/customer_churn.py
[2025-03-02T03:45:44.523+0000] {processor.py:839} INFO - DAG(s) dict_keys(['customer_churn_ml_pipeline']) retrieved from /opt/airflow/dags/customer_churn.py
[2025-03-02T03:45:44.555+0000] {logging_mixin.py:154} INFO - [2025-03-02T03:45:44.554+0000] {dag.py:2941} INFO - Sync 1 DAGs
[2025-03-02T03:45:44.582+0000] {logging_mixin.py:154} INFO - [2025-03-02T03:45:44.582+0000] {dag.py:3722} INFO - Setting next_dagrun for customer_churn_ml_pipeline to 2025-03-01T08:00:00+00:00, run_after=2025-03-02T08:00:00+00:00
[2025-03-02T03:45:44.605+0000] {processor.py:179} INFO - Processing /opt/airflow/dags/customer_churn.py took 0.104 seconds
[2025-03-02T03:46:14.815+0000] {processor.py:157} INFO - Started process (PID=2104) to work on /opt/airflow/dags/customer_churn.py
[2025-03-02T03:46:14.816+0000] {processor.py:829} INFO - Processing file /opt/airflow/dags/customer_churn.py for tasks to queue
[2025-03-02T03:46:14.818+0000] {logging_mixin.py:154} INFO - [2025-03-02T03:46:14.818+0000] {dagbag.py:536} INFO - Filling up the DagBag from /opt/airflow/dags/customer_churn.py
[2025-03-02T03:46:14.844+0000] {processor.py:839} INFO - DAG(s) dict_keys(['customer_churn_ml_pipeline']) retrieved from /opt/airflow/dags/customer_churn.py
[2025-03-02T03:46:14.900+0000] {logging_mixin.py:154} INFO - [2025-03-02T03:46:14.900+0000] {dag.py:2941} INFO - Sync 1 DAGs
[2025-03-02T03:46:14.955+0000] {logging_mixin.py:154} INFO - [2025-03-02T03:46:14.955+0000] {dag.py:3722} INFO - Setting next_dagrun for customer_churn_ml_pipeline to 2025-03-01T08:00:00+00:00, run_after=2025-03-02T08:00:00+00:00
[2025-03-02T03:46:14.995+0000] {processor.py:179} INFO - Processing /opt/airflow/dags/customer_churn.py took 0.185 seconds
[2025-03-02T03:46:37.478+0000] {processor.py:157} INFO - Started process (PID=2342) to work on /opt/airflow/dags/customer_churn.py
[2025-03-02T03:46:37.480+0000] {processor.py:829} INFO - Processing file /opt/airflow/dags/customer_churn.py for tasks to queue
[2025-03-02T03:46:37.481+0000] {logging_mixin.py:154} INFO - [2025-03-02T03:46:37.481+0000] {dagbag.py:536} INFO - Filling up the DagBag from /opt/airflow/dags/customer_churn.py
[2025-03-02T03:46:37.515+0000] {processor.py:839} INFO - DAG(s) dict_keys(['customer_churn_ml_pipeline']) retrieved from /opt/airflow/dags/customer_churn.py
[2025-03-02T03:46:37.851+0000] {logging_mixin.py:154} INFO - [2025-03-02T03:46:37.851+0000] {dag.py:2941} INFO - Sync 1 DAGs
[2025-03-02T03:46:37.994+0000] {logging_mixin.py:154} INFO - [2025-03-02T03:46:37.993+0000] {dag.py:3722} INFO - Setting next_dagrun for customer_churn_ml_pipeline to 2025-03-01T08:00:00+00:00, run_after=2025-03-02T08:00:00+00:00
[2025-03-02T03:46:38.148+0000] {processor.py:179} INFO - Processing /opt/airflow/dags/customer_churn.py took 0.675 seconds
[2025-03-02T03:47:08.410+0000] {processor.py:157} INFO - Started process (PID=2399) to work on /opt/airflow/dags/customer_churn.py
[2025-03-02T03:47:08.411+0000] {processor.py:829} INFO - Processing file /opt/airflow/dags/customer_churn.py for tasks to queue
[2025-03-02T03:47:08.412+0000] {logging_mixin.py:154} INFO - [2025-03-02T03:47:08.412+0000] {dagbag.py:536} INFO - Filling up the DagBag from /opt/airflow/dags/customer_churn.py
[2025-03-02T03:47:08.426+0000] {processor.py:839} INFO - DAG(s) dict_keys(['customer_churn_ml_pipeline']) retrieved from /opt/airflow/dags/customer_churn.py
[2025-03-02T03:47:08.460+0000] {logging_mixin.py:154} INFO - [2025-03-02T03:47:08.460+0000] {dag.py:2941} INFO - Sync 1 DAGs
[2025-03-02T03:47:08.489+0000] {logging_mixin.py:154} INFO - [2025-03-02T03:47:08.489+0000] {dag.py:3722} INFO - Setting next_dagrun for customer_churn_ml_pipeline to 2025-03-01T08:00:00+00:00, run_after=2025-03-02T08:00:00+00:00
[2025-03-02T03:47:08.511+0000] {processor.py:179} INFO - Processing /opt/airflow/dags/customer_churn.py took 0.105 seconds
[2025-03-02T03:47:38.619+0000] {processor.py:157} INFO - Started process (PID=2404) to work on /opt/airflow/dags/customer_churn.py
[2025-03-02T03:47:38.628+0000] {processor.py:829} INFO - Processing file /opt/airflow/dags/customer_churn.py for tasks to queue
[2025-03-02T03:47:38.629+0000] {logging_mixin.py:154} INFO - [2025-03-02T03:47:38.629+0000] {dagbag.py:536} INFO - Filling up the DagBag from /opt/airflow/dags/customer_churn.py
[2025-03-02T03:47:38.645+0000] {processor.py:839} INFO - DAG(s) dict_keys(['customer_churn_ml_pipeline']) retrieved from /opt/airflow/dags/customer_churn.py
[2025-03-02T03:47:38.681+0000] {logging_mixin.py:154} INFO - [2025-03-02T03:47:38.681+0000] {dag.py:2941} INFO - Sync 1 DAGs
[2025-03-02T03:47:38.708+0000] {logging_mixin.py:154} INFO - [2025-03-02T03:47:38.708+0000] {dag.py:3722} INFO - Setting next_dagrun for customer_churn_ml_pipeline to 2025-03-01T08:00:00+00:00, run_after=2025-03-02T08:00:00+00:00
[2025-03-02T03:47:38.734+0000] {processor.py:179} INFO - Processing /opt/airflow/dags/customer_churn.py took 0.119 seconds
[2025-03-02T03:48:08.877+0000] {processor.py:157} INFO - Started process (PID=2409) to work on /opt/airflow/dags/customer_churn.py
[2025-03-02T03:48:08.886+0000] {processor.py:829} INFO - Processing file /opt/airflow/dags/customer_churn.py for tasks to queue
[2025-03-02T03:48:08.887+0000] {logging_mixin.py:154} INFO - [2025-03-02T03:48:08.887+0000] {dagbag.py:536} INFO - Filling up the DagBag from /opt/airflow/dags/customer_churn.py
[2025-03-02T03:48:08.902+0000] {processor.py:839} INFO - DAG(s) dict_keys(['customer_churn_ml_pipeline']) retrieved from /opt/airflow/dags/customer_churn.py
[2025-03-02T03:48:08.934+0000] {logging_mixin.py:154} INFO - [2025-03-02T03:48:08.934+0000] {dag.py:2941} INFO - Sync 1 DAGs
[2025-03-02T03:48:08.964+0000] {logging_mixin.py:154} INFO - [2025-03-02T03:48:08.963+0000] {dag.py:3722} INFO - Setting next_dagrun for customer_churn_ml_pipeline to 2025-03-01T08:00:00+00:00, run_after=2025-03-02T08:00:00+00:00
[2025-03-02T03:48:08.991+0000] {processor.py:179} INFO - Processing /opt/airflow/dags/customer_churn.py took 0.117 seconds
[2025-03-02T03:48:39.107+0000] {processor.py:157} INFO - Started process (PID=2414) to work on /opt/airflow/dags/customer_churn.py
[2025-03-02T03:48:39.116+0000] {processor.py:829} INFO - Processing file /opt/airflow/dags/customer_churn.py for tasks to queue
[2025-03-02T03:48:39.117+0000] {logging_mixin.py:154} INFO - [2025-03-02T03:48:39.117+0000] {dagbag.py:536} INFO - Filling up the DagBag from /opt/airflow/dags/customer_churn.py
[2025-03-02T03:48:39.132+0000] {processor.py:839} INFO - DAG(s) dict_keys(['customer_churn_ml_pipeline']) retrieved from /opt/airflow/dags/customer_churn.py
[2025-03-02T03:48:39.166+0000] {logging_mixin.py:154} INFO - [2025-03-02T03:48:39.165+0000] {dag.py:2941} INFO - Sync 1 DAGs
[2025-03-02T03:48:39.191+0000] {logging_mixin.py:154} INFO - [2025-03-02T03:48:39.191+0000] {dag.py:3722} INFO - Setting next_dagrun for customer_churn_ml_pipeline to 2025-03-01T08:00:00+00:00, run_after=2025-03-02T08:00:00+00:00
[2025-03-02T03:48:39.215+0000] {processor.py:179} INFO - Processing /opt/airflow/dags/customer_churn.py took 0.112 seconds
[2025-03-02T03:49:09.408+0000] {processor.py:157} INFO - Started process (PID=2419) to work on /opt/airflow/dags/customer_churn.py
[2025-03-02T03:49:09.417+0000] {processor.py:829} INFO - Processing file /opt/airflow/dags/customer_churn.py for tasks to queue
[2025-03-02T03:49:09.418+0000] {logging_mixin.py:154} INFO - [2025-03-02T03:49:09.418+0000] {dagbag.py:536} INFO - Filling up the DagBag from /opt/airflow/dags/customer_churn.py
[2025-03-02T03:49:09.434+0000] {processor.py:839} INFO - DAG(s) dict_keys(['customer_churn_ml_pipeline']) retrieved from /opt/airflow/dags/customer_churn.py
[2025-03-02T03:49:09.467+0000] {logging_mixin.py:154} INFO - [2025-03-02T03:49:09.467+0000] {dag.py:2941} INFO - Sync 1 DAGs
[2025-03-02T03:49:09.495+0000] {logging_mixin.py:154} INFO - [2025-03-02T03:49:09.495+0000] {dag.py:3722} INFO - Setting next_dagrun for customer_churn_ml_pipeline to 2025-03-01T08:00:00+00:00, run_after=2025-03-02T08:00:00+00:00
[2025-03-02T03:49:09.521+0000] {processor.py:179} INFO - Processing /opt/airflow/dags/customer_churn.py took 0.117 seconds
[2025-03-02T03:49:39.620+0000] {processor.py:157} INFO - Started process (PID=2424) to work on /opt/airflow/dags/customer_churn.py
[2025-03-02T03:49:39.622+0000] {processor.py:829} INFO - Processing file /opt/airflow/dags/customer_churn.py for tasks to queue
[2025-03-02T03:49:39.623+0000] {logging_mixin.py:154} INFO - [2025-03-02T03:49:39.622+0000] {dagbag.py:536} INFO - Filling up the DagBag from /opt/airflow/dags/customer_churn.py
[2025-03-02T03:49:39.637+0000] {processor.py:839} INFO - DAG(s) dict_keys(['customer_churn_ml_pipeline']) retrieved from /opt/airflow/dags/customer_churn.py
[2025-03-02T03:49:39.671+0000] {logging_mixin.py:154} INFO - [2025-03-02T03:49:39.671+0000] {dag.py:2941} INFO - Sync 1 DAGs
[2025-03-02T03:49:39.697+0000] {logging_mixin.py:154} INFO - [2025-03-02T03:49:39.697+0000] {dag.py:3722} INFO - Setting next_dagrun for customer_churn_ml_pipeline to 2025-03-01T08:00:00+00:00, run_after=2025-03-02T08:00:00+00:00
[2025-03-02T03:49:39.723+0000] {processor.py:179} INFO - Processing /opt/airflow/dags/customer_churn.py took 0.106 seconds
[2025-03-02T06:09:41.576+0000] {processor.py:157} INFO - Started process (PID=2791) to work on /opt/airflow/dags/customer_churn.py
[2025-03-02T06:09:41.577+0000] {processor.py:829} INFO - Processing file /opt/airflow/dags/customer_churn.py for tasks to queue
[2025-03-02T06:09:41.578+0000] {logging_mixin.py:154} INFO - [2025-03-02T06:09:41.578+0000] {dagbag.py:536} INFO - Filling up the DagBag from /opt/airflow/dags/customer_churn.py
[2025-03-02T06:09:41.600+0000] {processor.py:839} INFO - DAG(s) dict_keys(['customer_churn_ml_pipeline']) retrieved from /opt/airflow/dags/customer_churn.py
[2025-03-02T06:09:41.777+0000] {logging_mixin.py:154} INFO - [2025-03-02T06:09:41.777+0000] {dag.py:2941} INFO - Sync 1 DAGs
[2025-03-02T06:09:41.802+0000] {logging_mixin.py:154} INFO - [2025-03-02T06:09:41.802+0000] {dag.py:3722} INFO - Setting next_dagrun for customer_churn_ml_pipeline to 2025-03-01T08:00:00+00:00, run_after=2025-03-02T08:00:00+00:00
[2025-03-02T06:09:41.832+0000] {processor.py:179} INFO - Processing /opt/airflow/dags/customer_churn.py took 0.259 seconds
[2025-03-02T06:10:12.014+0000] {processor.py:157} INFO - Started process (PID=2826) to work on /opt/airflow/dags/customer_churn.py
[2025-03-02T06:10:12.015+0000] {processor.py:829} INFO - Processing file /opt/airflow/dags/customer_churn.py for tasks to queue
[2025-03-02T06:10:12.016+0000] {logging_mixin.py:154} INFO - [2025-03-02T06:10:12.016+0000] {dagbag.py:536} INFO - Filling up the DagBag from /opt/airflow/dags/customer_churn.py
[2025-03-02T06:10:12.029+0000] {processor.py:839} INFO - DAG(s) dict_keys(['customer_churn_ml_pipeline']) retrieved from /opt/airflow/dags/customer_churn.py
[2025-03-02T06:10:12.066+0000] {logging_mixin.py:154} INFO - [2025-03-02T06:10:12.065+0000] {dag.py:2941} INFO - Sync 1 DAGs
[2025-03-02T06:10:12.093+0000] {logging_mixin.py:154} INFO - [2025-03-02T06:10:12.093+0000] {dag.py:3722} INFO - Setting next_dagrun for customer_churn_ml_pipeline to 2025-03-01T08:00:00+00:00, run_after=2025-03-02T08:00:00+00:00
[2025-03-02T06:10:12.118+0000] {processor.py:179} INFO - Processing /opt/airflow/dags/customer_churn.py took 0.107 seconds
[2025-03-02T06:10:42.228+0000] {processor.py:157} INFO - Started process (PID=2831) to work on /opt/airflow/dags/customer_churn.py
[2025-03-02T06:10:42.230+0000] {processor.py:829} INFO - Processing file /opt/airflow/dags/customer_churn.py for tasks to queue
[2025-03-02T06:10:42.231+0000] {logging_mixin.py:154} INFO - [2025-03-02T06:10:42.231+0000] {dagbag.py:536} INFO - Filling up the DagBag from /opt/airflow/dags/customer_churn.py
[2025-03-02T06:10:42.245+0000] {processor.py:839} INFO - DAG(s) dict_keys(['customer_churn_ml_pipeline']) retrieved from /opt/airflow/dags/customer_churn.py
[2025-03-02T06:10:42.281+0000] {logging_mixin.py:154} INFO - [2025-03-02T06:10:42.281+0000] {dag.py:2941} INFO - Sync 1 DAGs
[2025-03-02T06:10:42.308+0000] {logging_mixin.py:154} INFO - [2025-03-02T06:10:42.308+0000] {dag.py:3722} INFO - Setting next_dagrun for customer_churn_ml_pipeline to 2025-03-01T08:00:00+00:00, run_after=2025-03-02T08:00:00+00:00
[2025-03-02T06:10:42.330+0000] {processor.py:179} INFO - Processing /opt/airflow/dags/customer_churn.py took 0.105 seconds
[2025-03-02T06:11:12.507+0000] {processor.py:157} INFO - Started process (PID=2836) to work on /opt/airflow/dags/customer_churn.py
[2025-03-02T06:11:12.509+0000] {processor.py:829} INFO - Processing file /opt/airflow/dags/customer_churn.py for tasks to queue
[2025-03-02T06:11:12.510+0000] {logging_mixin.py:154} INFO - [2025-03-02T06:11:12.510+0000] {dagbag.py:536} INFO - Filling up the DagBag from /opt/airflow/dags/customer_churn.py
[2025-03-02T06:11:12.529+0000] {processor.py:839} INFO - DAG(s) dict_keys(['customer_churn_ml_pipeline']) retrieved from /opt/airflow/dags/customer_churn.py
[2025-03-02T06:11:12.562+0000] {logging_mixin.py:154} INFO - [2025-03-02T06:11:12.562+0000] {dag.py:2941} INFO - Sync 1 DAGs
[2025-03-02T06:11:12.588+0000] {logging_mixin.py:154} INFO - [2025-03-02T06:11:12.588+0000] {dag.py:3722} INFO - Setting next_dagrun for customer_churn_ml_pipeline to 2025-03-01T08:00:00+00:00, run_after=2025-03-02T08:00:00+00:00
[2025-03-02T06:11:12.609+0000] {processor.py:179} INFO - Processing /opt/airflow/dags/customer_churn.py took 0.106 seconds
[2025-03-02T06:11:42.733+0000] {processor.py:157} INFO - Started process (PID=2841) to work on /opt/airflow/dags/customer_churn.py
[2025-03-02T06:11:42.734+0000] {processor.py:829} INFO - Processing file /opt/airflow/dags/customer_churn.py for tasks to queue
[2025-03-02T06:11:42.735+0000] {logging_mixin.py:154} INFO - [2025-03-02T06:11:42.734+0000] {dagbag.py:536} INFO - Filling up the DagBag from /opt/airflow/dags/customer_churn.py
[2025-03-02T06:11:42.748+0000] {processor.py:839} INFO - DAG(s) dict_keys(['customer_churn_ml_pipeline']) retrieved from /opt/airflow/dags/customer_churn.py
[2025-03-02T06:11:42.783+0000] {logging_mixin.py:154} INFO - [2025-03-02T06:11:42.783+0000] {dag.py:2941} INFO - Sync 1 DAGs
[2025-03-02T06:11:42.810+0000] {logging_mixin.py:154} INFO - [2025-03-02T06:11:42.810+0000] {dag.py:3722} INFO - Setting next_dagrun for customer_churn_ml_pipeline to 2025-03-01T08:00:00+00:00, run_after=2025-03-02T08:00:00+00:00
[2025-03-02T06:11:42.834+0000] {processor.py:179} INFO - Processing /opt/airflow/dags/customer_churn.py took 0.104 seconds
[2025-03-02T06:12:12.976+0000] {processor.py:157} INFO - Started process (PID=2852) to work on /opt/airflow/dags/customer_churn.py
[2025-03-02T06:12:12.978+0000] {processor.py:829} INFO - Processing file /opt/airflow/dags/customer_churn.py for tasks to queue
[2025-03-02T06:12:12.979+0000] {logging_mixin.py:154} INFO - [2025-03-02T06:12:12.978+0000] {dagbag.py:536} INFO - Filling up the DagBag from /opt/airflow/dags/customer_churn.py
[2025-03-02T06:12:12.998+0000] {processor.py:839} INFO - DAG(s) dict_keys(['customer_churn_ml_pipeline']) retrieved from /opt/airflow/dags/customer_churn.py
[2025-03-02T06:12:13.045+0000] {logging_mixin.py:154} INFO - [2025-03-02T06:12:13.045+0000] {dag.py:2941} INFO - Sync 1 DAGs
[2025-03-02T06:12:13.086+0000] {logging_mixin.py:154} INFO - [2025-03-02T06:12:13.085+0000] {dag.py:3722} INFO - Setting next_dagrun for customer_churn_ml_pipeline to 2025-03-01T08:00:00+00:00, run_after=2025-03-02T08:00:00+00:00
[2025-03-02T06:12:13.122+0000] {processor.py:179} INFO - Processing /opt/airflow/dags/customer_churn.py took 0.150 seconds
[2025-03-02T06:12:43.231+0000] {processor.py:157} INFO - Started process (PID=2882) to work on /opt/airflow/dags/customer_churn.py
[2025-03-02T06:12:43.234+0000] {processor.py:829} INFO - Processing file /opt/airflow/dags/customer_churn.py for tasks to queue
[2025-03-02T06:12:43.236+0000] {logging_mixin.py:154} INFO - [2025-03-02T06:12:43.235+0000] {dagbag.py:536} INFO - Filling up the DagBag from /opt/airflow/dags/customer_churn.py
[2025-03-02T06:12:43.253+0000] {processor.py:839} INFO - DAG(s) dict_keys(['customer_churn_ml_pipeline']) retrieved from /opt/airflow/dags/customer_churn.py
[2025-03-02T06:12:43.288+0000] {logging_mixin.py:154} INFO - [2025-03-02T06:12:43.288+0000] {dag.py:2941} INFO - Sync 1 DAGs
[2025-03-02T06:12:43.314+0000] {logging_mixin.py:154} INFO - [2025-03-02T06:12:43.313+0000] {dag.py:3722} INFO - Setting next_dagrun for customer_churn_ml_pipeline to 2025-03-01T08:00:00+00:00, run_after=2025-03-02T08:00:00+00:00
[2025-03-02T06:12:43.336+0000] {processor.py:179} INFO - Processing /opt/airflow/dags/customer_churn.py took 0.110 seconds
[2025-03-02T06:13:13.573+0000] {processor.py:157} INFO - Started process (PID=2918) to work on /opt/airflow/dags/customer_churn.py
[2025-03-02T06:13:13.575+0000] {processor.py:829} INFO - Processing file /opt/airflow/dags/customer_churn.py for tasks to queue
[2025-03-02T06:13:13.576+0000] {logging_mixin.py:154} INFO - [2025-03-02T06:13:13.576+0000] {dagbag.py:536} INFO - Filling up the DagBag from /opt/airflow/dags/customer_churn.py
[2025-03-02T06:13:13.604+0000] {processor.py:839} INFO - DAG(s) dict_keys(['customer_churn_ml_pipeline']) retrieved from /opt/airflow/dags/customer_churn.py
[2025-03-02T06:13:13.666+0000] {logging_mixin.py:154} INFO - [2025-03-02T06:13:13.665+0000] {dag.py:2941} INFO - Sync 1 DAGs
[2025-03-02T06:13:13.726+0000] {logging_mixin.py:154} INFO - [2025-03-02T06:13:13.725+0000] {dag.py:3722} INFO - Setting next_dagrun for customer_churn_ml_pipeline to 2025-03-01T08:00:00+00:00, run_after=2025-03-02T08:00:00+00:00
[2025-03-02T06:13:13.767+0000] {processor.py:179} INFO - Processing /opt/airflow/dags/customer_churn.py took 0.199 seconds
[2025-03-02T06:13:43.840+0000] {processor.py:157} INFO - Started process (PID=2932) to work on /opt/airflow/dags/customer_churn.py
[2025-03-02T06:13:43.840+0000] {processor.py:829} INFO - Processing file /opt/airflow/dags/customer_churn.py for tasks to queue
[2025-03-02T06:13:43.841+0000] {logging_mixin.py:154} INFO - [2025-03-02T06:13:43.841+0000] {dagbag.py:536} INFO - Filling up the DagBag from /opt/airflow/dags/customer_churn.py
[2025-03-02T06:13:43.856+0000] {processor.py:839} INFO - DAG(s) dict_keys(['customer_churn_ml_pipeline']) retrieved from /opt/airflow/dags/customer_churn.py
[2025-03-02T06:13:43.892+0000] {logging_mixin.py:154} INFO - [2025-03-02T06:13:43.891+0000] {dag.py:2941} INFO - Sync 1 DAGs
[2025-03-02T06:13:43.918+0000] {logging_mixin.py:154} INFO - [2025-03-02T06:13:43.917+0000] {dag.py:3722} INFO - Setting next_dagrun for customer_churn_ml_pipeline to 2025-03-01T08:00:00+00:00, run_after=2025-03-02T08:00:00+00:00
[2025-03-02T06:13:43.939+0000] {processor.py:179} INFO - Processing /opt/airflow/dags/customer_churn.py took 0.106 seconds
[2025-03-02T06:14:14.085+0000] {processor.py:157} INFO - Started process (PID=2937) to work on /opt/airflow/dags/customer_churn.py
[2025-03-02T06:14:14.087+0000] {processor.py:829} INFO - Processing file /opt/airflow/dags/customer_churn.py for tasks to queue
[2025-03-02T06:14:14.088+0000] {logging_mixin.py:154} INFO - [2025-03-02T06:14:14.087+0000] {dagbag.py:536} INFO - Filling up the DagBag from /opt/airflow/dags/customer_churn.py
[2025-03-02T06:14:14.107+0000] {processor.py:839} INFO - DAG(s) dict_keys(['customer_churn_ml_pipeline']) retrieved from /opt/airflow/dags/customer_churn.py
[2025-03-02T06:14:14.142+0000] {logging_mixin.py:154} INFO - [2025-03-02T06:14:14.142+0000] {dag.py:2941} INFO - Sync 1 DAGs
[2025-03-02T06:14:14.166+0000] {logging_mixin.py:154} INFO - [2025-03-02T06:14:14.166+0000] {dag.py:3722} INFO - Setting next_dagrun for customer_churn_ml_pipeline to 2025-03-01T08:00:00+00:00, run_after=2025-03-02T08:00:00+00:00
[2025-03-02T06:14:14.185+0000] {processor.py:179} INFO - Processing /opt/airflow/dags/customer_churn.py took 0.105 seconds
[2025-03-02T06:14:44.358+0000] {processor.py:157} INFO - Started process (PID=2982) to work on /opt/airflow/dags/customer_churn.py
[2025-03-02T06:14:44.359+0000] {processor.py:829} INFO - Processing file /opt/airflow/dags/customer_churn.py for tasks to queue
[2025-03-02T06:14:44.360+0000] {logging_mixin.py:154} INFO - [2025-03-02T06:14:44.360+0000] {dagbag.py:536} INFO - Filling up the DagBag from /opt/airflow/dags/customer_churn.py
[2025-03-02T06:14:44.374+0000] {processor.py:839} INFO - DAG(s) dict_keys(['customer_churn_ml_pipeline']) retrieved from /opt/airflow/dags/customer_churn.py
[2025-03-02T06:14:44.408+0000] {logging_mixin.py:154} INFO - [2025-03-02T06:14:44.408+0000] {dag.py:2941} INFO - Sync 1 DAGs
[2025-03-02T06:14:44.436+0000] {logging_mixin.py:154} INFO - [2025-03-02T06:14:44.435+0000] {dag.py:3722} INFO - Setting next_dagrun for customer_churn_ml_pipeline to 2025-03-01T08:00:00+00:00, run_after=2025-03-02T08:00:00+00:00
[2025-03-02T06:14:44.456+0000] {processor.py:179} INFO - Processing /opt/airflow/dags/customer_churn.py took 0.102 seconds
[2025-03-02T06:15:14.612+0000] {processor.py:157} INFO - Started process (PID=2987) to work on /opt/airflow/dags/customer_churn.py
[2025-03-02T06:15:14.616+0000] {processor.py:829} INFO - Processing file /opt/airflow/dags/customer_churn.py for tasks to queue
[2025-03-02T06:15:14.617+0000] {logging_mixin.py:154} INFO - [2025-03-02T06:15:14.616+0000] {dagbag.py:536} INFO - Filling up the DagBag from /opt/airflow/dags/customer_churn.py
[2025-03-02T06:15:14.630+0000] {processor.py:839} INFO - DAG(s) dict_keys(['customer_churn_ml_pipeline']) retrieved from /opt/airflow/dags/customer_churn.py
[2025-03-02T06:15:14.669+0000] {logging_mixin.py:154} INFO - [2025-03-02T06:15:14.668+0000] {dag.py:2941} INFO - Sync 1 DAGs
[2025-03-02T06:15:14.698+0000] {logging_mixin.py:154} INFO - [2025-03-02T06:15:14.697+0000] {dag.py:3722} INFO - Setting next_dagrun for customer_churn_ml_pipeline to 2025-03-01T08:00:00+00:00, run_after=2025-03-02T08:00:00+00:00
[2025-03-02T06:15:14.725+0000] {processor.py:179} INFO - Processing /opt/airflow/dags/customer_churn.py took 0.116 seconds
