[2025-03-02T14:12:07.102+0000] {taskinstance.py:1159} INFO - Dependencies all met for dep_context=non-requeueable deps ti=<TaskInstance: customer_churn_ml_pipeline.data_storage_task manual__2025-03-02T14:10:13.174986+00:00 [queued]>
[2025-03-02T14:12:07.114+0000] {taskinstance.py:1159} INFO - Dependencies all met for dep_context=requeueable deps ti=<TaskInstance: customer_churn_ml_pipeline.data_storage_task manual__2025-03-02T14:10:13.174986+00:00 [queued]>
[2025-03-02T14:12:07.114+0000] {taskinstance.py:1361} INFO - Starting attempt 1 of 1
[2025-03-02T14:12:07.131+0000] {taskinstance.py:1382} INFO - Executing <Task(BashOperator): data_storage_task> on 2025-03-02 14:10:13.174986+00:00
[2025-03-02T14:12:07.135+0000] {standard_task_runner.py:57} INFO - Started process 4930 to run task
[2025-03-02T14:12:07.138+0000] {standard_task_runner.py:84} INFO - Running: ['***', 'tasks', 'run', 'customer_churn_ml_pipeline', 'data_storage_task', 'manual__2025-03-02T14:10:13.174986+00:00', '--job-id', '13', '--raw', '--subdir', 'DAGS_FOLDER/customer_churn.py', '--cfg-path', '/tmp/tmpj97pjczc']
[2025-03-02T14:12:07.140+0000] {standard_task_runner.py:85} INFO - Job 13: Subtask data_storage_task
[2025-03-02T14:12:07.161+0000] {logging_mixin.py:154} WARNING - /home/***/.local/lib/python3.8/site-packages/***/settings.py:195 DeprecationWarning: The sql_alchemy_conn option in [core] has been moved to the sql_alchemy_conn option in [database] - the old setting has been used, but please update your config.
[2025-03-02T14:12:07.204+0000] {task_command.py:416} INFO - Running <TaskInstance: customer_churn_ml_pipeline.data_storage_task manual__2025-03-02T14:10:13.174986+00:00 [running]> on host 157237bff8f7
[2025-03-02T14:12:07.307+0000] {taskinstance.py:1662} INFO - Exporting env vars: AIRFLOW_CTX_DAG_OWNER='***' AIRFLOW_CTX_DAG_ID='customer_churn_ml_pipeline' AIRFLOW_CTX_TASK_ID='data_storage_task' AIRFLOW_CTX_EXECUTION_DATE='2025-03-02T14:10:13.174986+00:00' AIRFLOW_CTX_TRY_NUMBER='1' AIRFLOW_CTX_DAG_RUN_ID='manual__2025-03-02T14:10:13.174986+00:00'
[2025-03-02T14:12:07.308+0000] {subprocess.py:63} INFO - Tmp dir root location: /tmp
[2025-03-02T14:12:07.309+0000] {subprocess.py:75} INFO - Running command: ['/bin/bash', '-c', '\n\t\t\tcd /opt/***\n                        dvc pull /opt/***/data/transformed\n                        python /opt/***/executables/data_storage.py && \t\t\tgit add logs &&    \t\t\tgit status &&                         git commit -m "Updated stored data version" -a &&                         dvc push && git push\n                    ']
[2025-03-02T14:12:07.318+0000] {subprocess.py:86} INFO - Output:
[2025-03-02T14:12:10.651+0000] {subprocess.py:93} INFO - Everything is up to date.
[2025-03-02T14:12:12.236+0000] {subprocess.py:93} INFO - 2025-03-02 14:12:12,235 : INFO : Connecting to Database
[2025-03-02T14:12:12.294+0000] {subprocess.py:93} INFO - 2025-03-02 14:12:12,294 : INFO : Connecting to Database Successfull
[2025-03-02T14:12:12.295+0000] {subprocess.py:93} INFO - 2025-03-02 14:12:12,294 : INFO : Reading Initial DB Setup Script
[2025-03-02T14:12:12.295+0000] {subprocess.py:93} INFO - 2025-03-02 14:12:12,295 : INFO : Executing script to Database
[2025-03-02T14:12:12.348+0000] {subprocess.py:93} INFO - 2025-03-02 14:12:12,348 : INFO : Executed script successfully !!
[2025-03-02T14:12:12.349+0000] {subprocess.py:93} INFO - 2025-03-02 14:12:12,348 : INFO : Reading insert script template
[2025-03-02T14:12:12.349+0000] {subprocess.py:93} INFO - 2025-03-02 14:12:12,348 : INFO : Inserting data to database
[2025-03-02T14:12:17.430+0000] {subprocess.py:93} INFO - 2025-03-02 14:12:17,430 : INFO : Executed script successfully !!
[2025-03-02T14:12:17.431+0000] {subprocess.py:93} INFO - 2025-03-02 14:12:17,430 : INFO : Connection closed !!
[2025-03-02T14:12:17.596+0000] {subprocess.py:93} INFO - On branch main
[2025-03-02T14:12:17.596+0000] {subprocess.py:93} INFO - Your branch is up to date with 'origin/main'.
[2025-03-02T14:12:17.596+0000] {subprocess.py:93} INFO - 
[2025-03-02T14:12:17.596+0000] {subprocess.py:93} INFO - Changes to be committed:
[2025-03-02T14:12:17.597+0000] {subprocess.py:93} INFO -   (use "git restore --staged <file>..." to unstage)
[2025-03-02T14:12:17.597+0000] {subprocess.py:93} INFO - 	new file:   logs/dag_id=customer_churn_ml_pipeline/run_id=manual__2025-03-02T14:10:13.174986+00:00/task_id=data_storage_task/attempt=1.log
[2025-03-02T14:12:17.597+0000] {subprocess.py:93} INFO - 	modified:   logs/dag_id=customer_churn_ml_pipeline/run_id=manual__2025-03-02T14:10:13.174986+00:00/task_id=data_transformation_task/attempt=1.log
[2025-03-02T14:12:17.597+0000] {subprocess.py:93} INFO - 	modified:   logs/dag_processor_manager/dag_processor_manager.log
[2025-03-02T14:12:17.597+0000] {subprocess.py:93} INFO - 	modified:   logs/data_storage.log
[2025-03-02T14:12:17.597+0000] {subprocess.py:93} INFO - 	modified:   logs/scheduler/2025-03-02/customer_churn.py.log
[2025-03-02T14:12:17.598+0000] {subprocess.py:93} INFO - 
[2025-03-02T14:12:17.598+0000] {subprocess.py:93} INFO - Untracked files:
[2025-03-02T14:12:17.598+0000] {subprocess.py:93} INFO -   (use "git add <file>..." to include in what will be committed)
[2025-03-02T14:12:17.598+0000] {subprocess.py:93} INFO - 	customer_churn_pipeline/
[2025-03-02T14:12:17.598+0000] {subprocess.py:93} INFO - 
