[2025-03-09T12:21:12.525+0000] {taskinstance.py:1159} INFO - Dependencies all met for dep_context=non-requeueable deps ti=<TaskInstance: customer_churn_ml_pipeline.model_training_task manual__2025-03-09T12:18:51.687383+00:00 [queued]>
[2025-03-09T12:21:12.535+0000] {taskinstance.py:1159} INFO - Dependencies all met for dep_context=requeueable deps ti=<TaskInstance: customer_churn_ml_pipeline.model_training_task manual__2025-03-09T12:18:51.687383+00:00 [queued]>
[2025-03-09T12:21:12.535+0000] {taskinstance.py:1361} INFO - Starting attempt 1 of 1
[2025-03-09T12:21:12.551+0000] {taskinstance.py:1382} INFO - Executing <Task(BashOperator): model_training_task> on 2025-03-09 12:18:51.687383+00:00
[2025-03-09T12:21:12.554+0000] {standard_task_runner.py:57} INFO - Started process 6008 to run task
[2025-03-09T12:21:12.557+0000] {standard_task_runner.py:84} INFO - Running: ['***', 'tasks', 'run', 'customer_churn_ml_pipeline', 'model_training_task', 'manual__2025-03-09T12:18:51.687383+00:00', '--job-id', '356', '--raw', '--subdir', 'DAGS_FOLDER/customer_churn.py', '--cfg-path', '/tmp/tmpd8k2_651']
[2025-03-09T12:21:12.559+0000] {standard_task_runner.py:85} INFO - Job 356: Subtask model_training_task
[2025-03-09T12:21:12.579+0000] {logging_mixin.py:154} WARNING - /home/***/.local/lib/python3.8/site-packages/***/settings.py:195 DeprecationWarning: The sql_alchemy_conn option in [core] has been moved to the sql_alchemy_conn option in [database] - the old setting has been used, but please update your config.
[2025-03-09T12:21:12.617+0000] {task_command.py:416} INFO - Running <TaskInstance: customer_churn_ml_pipeline.model_training_task manual__2025-03-09T12:18:51.687383+00:00 [running]> on host 157237bff8f7
[2025-03-09T12:21:12.719+0000] {taskinstance.py:1662} INFO - Exporting env vars: AIRFLOW_CTX_DAG_OWNER='***' AIRFLOW_CTX_DAG_ID='customer_churn_ml_pipeline' AIRFLOW_CTX_TASK_ID='model_training_task' AIRFLOW_CTX_EXECUTION_DATE='2025-03-09T12:18:51.687383+00:00' AIRFLOW_CTX_TRY_NUMBER='1' AIRFLOW_CTX_DAG_RUN_ID='manual__2025-03-09T12:18:51.687383+00:00'
[2025-03-09T12:21:12.720+0000] {subprocess.py:63} INFO - Tmp dir root location: /tmp
[2025-03-09T12:21:12.721+0000] {subprocess.py:75} INFO - Running command: ['/bin/bash', '-c', '\n\t    \t\tcd /opt/***\n       \t\t\t    python /opt/***/executables/model_training.py && \t      \t\t    git add logs && \t      \t\t    git add mlruns && \t        \t    git status &&                             git commit -m "Trained model version" -a && \\    \n\t\t\t    git push\n                        ']
[2025-03-09T12:21:12.727+0000] {subprocess.py:86} INFO - Output:
[2025-03-09T12:21:19.246+0000] {subprocess.py:93} INFO - /home/***/.local/lib/python3.8/site-packages/mlflow/gateway/config.py:64: PydanticDeprecatedSince20: Pydantic V1 style `@validator` validators are deprecated. You should migrate to Pydantic V2 style `@field_validator` validators, see the migration guide for more details. Deprecated in Pydantic V2.0 to be removed in V3.0. See Pydantic V2 Migration Guide at https://errors.pydantic.dev/2.4/migration/
[2025-03-09T12:21:19.247+0000] {subprocess.py:93} INFO -   @validator("togetherai_api_key", pre=True)
[2025-03-09T12:21:19.247+0000] {subprocess.py:93} INFO - /home/***/.local/lib/python3.8/site-packages/mlflow/gateway/config.py:372: PydanticDeprecatedSince20: Pydantic V1 style `@root_validator` validators are deprecated. You should migrate to Pydantic V2 style `@model_validator` validators, see the migration guide for more details. Deprecated in Pydantic V2.0 to be removed in V3.0. See Pydantic V2 Migration Guide at https://errors.pydantic.dev/2.4/migration/
[2025-03-09T12:21:19.248+0000] {subprocess.py:93} INFO -   @root_validator(skip_on_failure=True)
[2025-03-09T12:21:19.248+0000] {subprocess.py:93} INFO - /home/***/.local/lib/python3.8/site-packages/pydantic/_internal/_config.py:267: PydanticDeprecatedSince20: Support for class-based `config` is deprecated, use ConfigDict instead. Deprecated in Pydantic V2.0 to be removed in V3.0. See Pydantic V2 Migration Guide at https://errors.pydantic.dev/2.4/migration/
[2025-03-09T12:21:19.248+0000] {subprocess.py:93} INFO -   warnings.warn(DEPRECATION_MESSAGE, DeprecationWarning)
[2025-03-09T12:21:19.248+0000] {subprocess.py:93} INFO - 2025-03-09 12:21:19,246 : INFO : Starting model training
[2025-03-09T12:21:19.269+0000] {subprocess.py:93} INFO - 2025-03-09 12:21:19,269 : INFO : Registry cache expired, so refreshing
[2025-03-09T12:21:19.282+0000] {subprocess.py:93} INFO - 2025-03-09 12:21:19,282 : INFO : Getting data
[2025-03-09T12:21:19.283+0000] {subprocess.py:93} INFO - 2025-03-09 12:21:19,283 : INFO : Start and End Range: 1 to 1000
[2025-03-09T12:21:19.750+0000] {subprocess.py:93} INFO - 2025-03-09 12:21:19,750 : INFO : Data fetched: 999
[2025-03-09T12:21:19.751+0000] {subprocess.py:93} INFO - 2025-03-09 12:21:19,750 : INFO : New Start and End Range: 1001 to 2000
[2025-03-09T12:21:19.751+0000] {subprocess.py:93} INFO - 2025-03-09 12:21:19,751 : INFO : Start and End Range: 1001 to 2000
[2025-03-09T12:21:20.107+0000] {subprocess.py:93} INFO - 2025-03-09 12:21:20,107 : INFO : Data fetched: 999
[2025-03-09T12:21:20.108+0000] {subprocess.py:93} INFO - 2025-03-09 12:21:20,107 : INFO : New Start and End Range: 3001 to 4000
[2025-03-09T12:21:20.108+0000] {subprocess.py:93} INFO - 2025-03-09 12:21:20,107 : INFO : Start and End Range: 3001 to 4000
[2025-03-09T12:21:20.595+0000] {subprocess.py:93} INFO - 2025-03-09 12:21:20,595 : INFO : Data fetched: 999
[2025-03-09T12:21:20.596+0000] {subprocess.py:93} INFO - 2025-03-09 12:21:20,595 : INFO : New Start and End Range: 7001 to 8000
[2025-03-09T12:21:20.596+0000] {subprocess.py:93} INFO - 2025-03-09 12:21:20,596 : INFO : Start and End Range: 7001 to 8000
[2025-03-09T12:21:20.946+0000] {subprocess.py:93} INFO - 2025-03-09 12:21:20,946 : INFO : Data fetched: 999
[2025-03-09T12:21:20.946+0000] {subprocess.py:93} INFO - 2025-03-09 12:21:20,946 : INFO : New Start and End Range: 15001 to 16000
[2025-03-09T12:21:20.947+0000] {subprocess.py:93} INFO - 2025-03-09 12:21:20,946 : INFO : Start and End Range: 15001 to 16000
[2025-03-09T12:21:21.404+0000] {subprocess.py:93} INFO - 2025-03-09 12:21:21,403 : INFO : Data fetched: 999
[2025-03-09T12:21:21.404+0000] {subprocess.py:93} INFO - 2025-03-09 12:21:21,404 : INFO : New Start and End Range: 31001 to 32000
[2025-03-09T12:21:21.404+0000] {subprocess.py:93} INFO - 2025-03-09 12:21:21,404 : INFO : Start and End Range: 31001 to 32000
[2025-03-09T12:21:21.732+0000] {subprocess.py:93} INFO - 2025-03-09 12:21:21,732 : INFO : Data fetched: 999
[2025-03-09T12:21:21.732+0000] {subprocess.py:93} INFO - 2025-03-09 12:21:21,732 : INFO : New Start and End Range: 63001 to 64000
[2025-03-09T12:21:21.733+0000] {subprocess.py:93} INFO - 2025-03-09 12:21:21,732 : INFO : Start and End Range: 63001 to 64000
[2025-03-09T12:21:21.829+0000] {subprocess.py:93} INFO - 2025-03-09 12:21:21,828 : INFO : Reached End of Data
[2025-03-09T12:21:21.832+0000] {subprocess.py:93} INFO - 2025-03-09 12:21:21,832 : INFO : Stoping at Start and End Range: 63001 to 64000
[2025-03-09T12:21:21.832+0000] {subprocess.py:93} INFO - 2025-03-09 12:21:21,832 : INFO : Created feature data
[2025-03-09T12:21:21.832+0000] {subprocess.py:93} INFO - 2025-03-09 12:21:21,832 : INFO : Total Data fetched: 6
[2025-03-09T12:21:21.837+0000] {subprocess.py:93} INFO - 2025-03-09 12:21:21,837 : INFO : received feature data
[2025-03-09T12:21:21.842+0000] {subprocess.py:93} INFO - 2025-03-09 12:21:21,842 : INFO : Models defined
[2025-03-09T12:21:21.842+0000] {subprocess.py:93} INFO - 2025-03-09 12:21:21,842 : INFO : Training model RandomForest
[2025-03-09T12:21:23.550+0000] {subprocess.py:93} INFO - 2025-03-09 12:21:23,550 : INFO : Predicting model RandomForest
[2025-03-09T12:21:23.588+0000] {subprocess.py:93} INFO - 2025-03-09 12:21:23,587 : INFO : Calculating accuracy RandomForest
[2025-03-09T12:21:28.642+0000] {subprocess.py:93} INFO - 2025/03/09 12:21:28 WARNING mlflow.models.model: Model logged without a signature and input example. Please set `input_example` parameter when logging the model to auto infer the model signature.
[2025-03-09T12:21:28.783+0000] {subprocess.py:93} INFO - 2025-03-09 12:21:28,783 : INFO : Logged model RandomForest
[2025-03-09T12:21:28.816+0000] {subprocess.py:93} INFO - 2025/03/09 12:21:28 INFO mlflow.tracking._tracking_service.client: 🏃 View run RandomForest at: http://localhost:5000/#/experiments/0/runs/0300696d92964aad844a80c848d9b6f7.
[2025-03-09T12:21:28.816+0000] {subprocess.py:93} INFO - 2025/03/09 12:21:28 INFO mlflow.tracking._tracking_service.client: 🧪 View experiment at: http://localhost:5000/#/experiments/0.
[2025-03-09T12:21:28.825+0000] {subprocess.py:93} INFO - 2025-03-09 12:21:28,825 : INFO : Training model LinearRegression
[2025-03-09T12:21:28.936+0000] {subprocess.py:93} INFO - /home/***/.local/lib/python3.8/site-packages/sklearn/linear_model/_logistic.py:460: ConvergenceWarning: lbfgs failed to converge (status=1):
[2025-03-09T12:21:28.937+0000] {subprocess.py:93} INFO - STOP: TOTAL NO. of ITERATIONS REACHED LIMIT.
[2025-03-09T12:21:28.937+0000] {subprocess.py:93} INFO - 
[2025-03-09T12:21:28.937+0000] {subprocess.py:93} INFO - Increase the number of iterations (max_iter) or scale the data as shown in:
[2025-03-09T12:21:28.938+0000] {subprocess.py:93} INFO -     https://scikit-learn.org/stable/modules/preprocessing.html
[2025-03-09T12:21:28.938+0000] {subprocess.py:93} INFO - Please also refer to the documentation for alternative solver options:
[2025-03-09T12:21:28.938+0000] {subprocess.py:93} INFO -     https://scikit-learn.org/stable/modules/linear_model.html#logistic-regression
[2025-03-09T12:21:28.938+0000] {subprocess.py:93} INFO -   n_iter_i = _check_optimize_result(
[2025-03-09T12:21:28.938+0000] {subprocess.py:93} INFO - 2025-03-09 12:21:28,936 : INFO : Predicting model LinearRegression
[2025-03-09T12:21:28.942+0000] {subprocess.py:93} INFO - 2025-03-09 12:21:28,942 : INFO : Calculating accuracy LinearRegression
[2025-03-09T12:21:32.648+0000] {subprocess.py:93} INFO - 2025/03/09 12:21:32 WARNING mlflow.models.model: Model logged without a signature and input example. Please set `input_example` parameter when logging the model to auto infer the model signature.
[2025-03-09T12:21:32.705+0000] {subprocess.py:93} INFO - 2025-03-09 12:21:32,705 : INFO : Logged model LinearRegression
[2025-03-09T12:21:32.719+0000] {subprocess.py:93} INFO - 2025/03/09 12:21:32 INFO mlflow.tracking._tracking_service.client: 🏃 View run LinearRegression at: http://localhost:5000/#/experiments/0/runs/8b9022453af44de386d146a48a9da90d.
[2025-03-09T12:21:32.720+0000] {subprocess.py:93} INFO - 2025/03/09 12:21:32 INFO mlflow.tracking._tracking_service.client: 🧪 View experiment at: http://localhost:5000/#/experiments/0.
[2025-03-09T12:21:32.727+0000] {subprocess.py:93} INFO - 2025-03-09 12:21:32,727 : INFO : Training model DecisionTree
[2025-03-09T12:21:32.753+0000] {subprocess.py:93} INFO - 2025-03-09 12:21:32,753 : INFO : Predicting model DecisionTree
[2025-03-09T12:21:32.755+0000] {subprocess.py:93} INFO - 2025-03-09 12:21:32,755 : INFO : Calculating accuracy DecisionTree
[2025-03-09T12:21:37.081+0000] {subprocess.py:93} INFO - 2025/03/09 12:21:37 WARNING mlflow.models.model: Model logged without a signature and input example. Please set `input_example` parameter when logging the model to auto infer the model signature.
[2025-03-09T12:21:37.148+0000] {subprocess.py:93} INFO - 2025-03-09 12:21:37,148 : INFO : Logged model DecisionTree
[2025-03-09T12:21:37.162+0000] {subprocess.py:93} INFO - 2025/03/09 12:21:37 INFO mlflow.tracking._tracking_service.client: 🏃 View run DecisionTree at: http://localhost:5000/#/experiments/0/runs/78dfb46cce5b4219be7a9e711a2e24a3.
[2025-03-09T12:21:37.162+0000] {subprocess.py:93} INFO - 2025/03/09 12:21:37 INFO mlflow.tracking._tracking_service.client: 🧪 View experiment at: http://localhost:5000/#/experiments/0.
[2025-03-09T12:21:37.172+0000] {subprocess.py:93} INFO - 2025-03-09 12:21:37,171 : INFO : Starting best model registration
[2025-03-09T12:21:37.172+0000] {subprocess.py:93} INFO - 2025-03-09 12:21:37,171 : INFO : Finding Best model
[2025-03-09T12:21:37.293+0000] {subprocess.py:93} INFO - 2025-03-09 12:21:37,293 : INFO : Selected best model : run_id                                            d372010ed55142098d35f880b4b7339f
[2025-03-09T12:21:37.293+0000] {subprocess.py:93} INFO - experiment_id                                                                    0
[2025-03-09T12:21:37.293+0000] {subprocess.py:93} INFO - status                                                                    FINISHED
[2025-03-09T12:21:37.294+0000] {subprocess.py:93} INFO - artifact_uri                     mlflow-artifacts:/0/d372010ed55142098d35f880b4...
[2025-03-09T12:21:37.294+0000] {subprocess.py:93} INFO - start_time                                        2025-03-09 11:35:45.395000+00:00
[2025-03-09T12:21:37.294+0000] {subprocess.py:93} INFO - end_time                                          2025-03-09 11:35:50.125000+00:00
[2025-03-09T12:21:37.294+0000] {subprocess.py:93} INFO - metrics.accuracy                                                          0.878232
[2025-03-09T12:21:37.295+0000] {subprocess.py:93} INFO - metrics.recall                                                            0.554656
[2025-03-09T12:21:37.295+0000] {subprocess.py:93} INFO - metrics.f1_score                                                          0.652381
[2025-03-09T12:21:37.295+0000] {subprocess.py:93} INFO - metrics.precision                                                         0.791908
[2025-03-09T12:21:37.295+0000] {subprocess.py:93} INFO - params.model_type                                                     RandomForest
[2025-03-09T12:21:37.295+0000] {subprocess.py:93} INFO - tags.mlflow.log-model.history    [{"run_id": "d372010ed55142098d35f880b4b7339f"...
[2025-03-09T12:21:37.295+0000] {subprocess.py:93} INFO - tags.mlflow.user                                                           ***
[2025-03-09T12:21:37.296+0000] {subprocess.py:93} INFO - tags.mlflow.source.git.commit             c7be44594672bffe451ff8b64c27676ce66f5d44
[2025-03-09T12:21:37.296+0000] {subprocess.py:93} INFO - tags.mlflow.source.name                              executables/model_training.py
[2025-03-09T12:21:37.296+0000] {subprocess.py:93} INFO - tags.mlflow.source.type                                                      LOCAL
[2025-03-09T12:21:37.296+0000] {subprocess.py:93} INFO - tags.mlflow.runName                                                   RandomForest
[2025-03-09T12:21:37.296+0000] {subprocess.py:93} INFO - Name: 14, dtype: object
[2025-03-09T12:21:37.296+0000] {subprocess.py:93} INFO - 2025-03-09 12:21:37,293 : INFO : Registering best model runs:/d372010ed55142098d35f880b4b7339f/RandomForest_model
[2025-03-09T12:21:37.389+0000] {subprocess.py:93} INFO - Registered model 'Best_ML_Model' already exists. Creating a new version of this model...
[2025-03-09T12:21:37.389+0000] {subprocess.py:93} INFO - 2025/03/09 12:21:37 INFO mlflow.store.model_registry.abstract_store: Waiting up to 300 seconds for model version to finish creation. Model name: Best_ML_Model, version 5
[2025-03-09T12:21:37.389+0000] {subprocess.py:93} INFO - Created version '5' of model 'Best_ML_Model'.
[2025-03-09T12:21:37.390+0000] {subprocess.py:93} INFO - 2025-03-09 12:21:37,389 : INFO : Completed model training & registration !!
[2025-03-09T12:21:38.242+0000] {subprocess.py:93} INFO - On branch main
[2025-03-09T12:21:38.243+0000] {subprocess.py:93} INFO - Your branch is up to date with 'origin/main'.
[2025-03-09T12:21:38.243+0000] {subprocess.py:93} INFO - 
[2025-03-09T12:21:38.243+0000] {subprocess.py:93} INFO - Changes to be committed:
[2025-03-09T12:21:38.243+0000] {subprocess.py:93} INFO -   (use "git restore --staged <file>..." to unstage)
[2025-03-09T12:21:38.244+0000] {subprocess.py:93} INFO - 	new file:   logs/dag_id=customer_churn_ml_pipeline/run_id=manual__2025-03-09T12:18:51.687383+00:00/task_id=feature_store_task/attempt=1.log
[2025-03-09T12:21:38.244+0000] {subprocess.py:93} INFO - 	new file:   logs/dag_id=customer_churn_ml_pipeline/run_id=manual__2025-03-09T12:18:51.687383+00:00/task_id=model_training_task/attempt=1.log
[2025-03-09T12:21:38.244+0000] {subprocess.py:93} INFO - 	modified:   logs/dag_processor_manager/dag_processor_manager.log
[2025-03-09T12:21:38.245+0000] {subprocess.py:93} INFO - 	modified:   logs/model_training.log
[2025-03-09T12:21:38.245+0000] {subprocess.py:93} INFO - 	modified:   logs/scheduler/2025-03-09/customer_churn.py.log
[2025-03-09T12:21:38.245+0000] {subprocess.py:93} INFO - 	new file:   mlruns/0/0300696d92964aad844a80c848d9b6f7/meta.yaml
[2025-03-09T12:21:38.246+0000] {subprocess.py:93} INFO - 	new file:   mlruns/0/0300696d92964aad844a80c848d9b6f7/metrics/accuracy
[2025-03-09T12:21:38.246+0000] {subprocess.py:93} INFO - 	new file:   mlruns/0/0300696d92964aad844a80c848d9b6f7/metrics/f1_score
[2025-03-09T12:21:38.246+0000] {subprocess.py:93} INFO - 	new file:   mlruns/0/0300696d92964aad844a80c848d9b6f7/metrics/precision
[2025-03-09T12:21:38.247+0000] {subprocess.py:93} INFO - 	new file:   mlruns/0/0300696d92964aad844a80c848d9b6f7/metrics/recall
[2025-03-09T12:21:38.247+0000] {subprocess.py:93} INFO - 	new file:   mlruns/0/0300696d92964aad844a80c848d9b6f7/params/model_type
[2025-03-09T12:21:38.247+0000] {subprocess.py:93} INFO - 	new file:   mlruns/0/0300696d92964aad844a80c848d9b6f7/tags/mlflow.log-model.history
[2025-03-09T12:21:38.248+0000] {subprocess.py:93} INFO - 	new file:   mlruns/0/0300696d92964aad844a80c848d9b6f7/tags/mlflow.runName
[2025-03-09T12:21:38.248+0000] {subprocess.py:93} INFO - 	new file:   mlruns/0/0300696d92964aad844a80c848d9b6f7/tags/mlflow.source.git.commit
[2025-03-09T12:21:38.248+0000] {subprocess.py:93} INFO - 	new file:   mlruns/0/0300696d92964aad844a80c848d9b6f7/tags/mlflow.source.name
[2025-03-09T12:21:38.248+0000] {subprocess.py:93} INFO - 	new file:   mlruns/0/0300696d92964aad844a80c848d9b6f7/tags/mlflow.source.type
[2025-03-09T12:21:38.249+0000] {subprocess.py:93} INFO - 	new file:   mlruns/0/0300696d92964aad844a80c848d9b6f7/tags/mlflow.user
[2025-03-09T12:21:38.249+0000] {subprocess.py:93} INFO - 	new file:   mlruns/0/78dfb46cce5b4219be7a9e711a2e24a3/meta.yaml
[2025-03-09T12:21:38.249+0000] {subprocess.py:93} INFO - 	new file:   mlruns/0/78dfb46cce5b4219be7a9e711a2e24a3/metrics/accuracy
[2025-03-09T12:21:38.250+0000] {subprocess.py:93} INFO - 	new file:   mlruns/0/78dfb46cce5b4219be7a9e711a2e24a3/metrics/f1_score
[2025-03-09T12:21:38.250+0000] {subprocess.py:93} INFO - 	new file:   mlruns/0/78dfb46cce5b4219be7a9e711a2e24a3/metrics/precision
[2025-03-09T12:21:38.250+0000] {subprocess.py:93} INFO - 	new file:   mlruns/0/78dfb46cce5b4219be7a9e711a2e24a3/metrics/recall
[2025-03-09T12:21:38.250+0000] {subprocess.py:93} INFO - 	new file:   mlruns/0/78dfb46cce5b4219be7a9e711a2e24a3/params/model_type
[2025-03-09T12:21:38.251+0000] {subprocess.py:93} INFO - 	new file:   mlruns/0/78dfb46cce5b4219be7a9e711a2e24a3/tags/mlflow.log-model.history
[2025-03-09T12:21:38.251+0000] {subprocess.py:93} INFO - 	new file:   mlruns/0/78dfb46cce5b4219be7a9e711a2e24a3/tags/mlflow.runName
[2025-03-09T12:21:38.251+0000] {subprocess.py:93} INFO - 	new file:   mlruns/0/78dfb46cce5b4219be7a9e711a2e24a3/tags/mlflow.source.git.commit
[2025-03-09T12:21:38.252+0000] {subprocess.py:93} INFO - 	new file:   mlruns/0/78dfb46cce5b4219be7a9e711a2e24a3/tags/mlflow.source.name
[2025-03-09T12:21:38.252+0000] {subprocess.py:93} INFO - 	new file:   mlruns/0/78dfb46cce5b4219be7a9e711a2e24a3/tags/mlflow.source.type
[2025-03-09T12:21:38.252+0000] {subprocess.py:93} INFO - 	new file:   mlruns/0/78dfb46cce5b4219be7a9e711a2e24a3/tags/mlflow.user
[2025-03-09T12:21:38.253+0000] {subprocess.py:93} INFO - 	new file:   mlruns/0/8b9022453af44de386d146a48a9da90d/meta.yaml
[2025-03-09T12:21:38.253+0000] {subprocess.py:93} INFO - 	new file:   mlruns/0/8b9022453af44de386d146a48a9da90d/metrics/accuracy
[2025-03-09T12:21:38.253+0000] {subprocess.py:93} INFO - 	new file:   mlruns/0/8b9022453af44de386d146a48a9da90d/metrics/f1_score
[2025-03-09T12:21:38.254+0000] {subprocess.py:93} INFO - 	new file:   mlruns/0/8b9022453af44de386d146a48a9da90d/metrics/precision
