[2025-02-28T06:35:20.541+0000] {taskinstance.py:1159} INFO - Dependencies all met for dep_context=non-requeueable deps ti=<TaskInstance: customer_churn_ml_pipeline.pull manual__2025-02-28T06:35:19.175368+00:00 [queued]>
[2025-02-28T06:35:20.558+0000] {taskinstance.py:1159} INFO - Dependencies all met for dep_context=requeueable deps ti=<TaskInstance: customer_churn_ml_pipeline.pull manual__2025-02-28T06:35:19.175368+00:00 [queued]>
[2025-02-28T06:35:20.558+0000] {taskinstance.py:1361} INFO - Starting attempt 1 of 1
[2025-02-28T06:35:20.595+0000] {taskinstance.py:1382} INFO - Executing <Task(BashOperator): pull> on 2025-02-28 06:35:19.175368+00:00
[2025-02-28T06:35:20.602+0000] {standard_task_runner.py:57} INFO - Started process 10434 to run task
[2025-02-28T06:35:20.608+0000] {standard_task_runner.py:84} INFO - Running: ['***', 'tasks', 'run', 'customer_churn_ml_pipeline', 'pull', 'manual__2025-02-28T06:35:19.175368+00:00', '--job-id', '57', '--raw', '--subdir', 'DAGS_FOLDER/customer_churn.py', '--cfg-path', '/tmp/tmpzznu7lkt']
[2025-02-28T06:35:20.613+0000] {standard_task_runner.py:85} INFO - Job 57: Subtask pull
[2025-02-28T06:35:20.653+0000] {logging_mixin.py:154} WARNING - /home/***/.local/lib/python3.8/site-packages/***/settings.py:195 DeprecationWarning: The sql_alchemy_conn option in [core] has been moved to the sql_alchemy_conn option in [database] - the old setting has been used, but please update your config.
[2025-02-28T06:35:20.742+0000] {task_command.py:416} INFO - Running <TaskInstance: customer_churn_ml_pipeline.pull manual__2025-02-28T06:35:19.175368+00:00 [running]> on host 4470298645d8
[2025-02-28T06:35:20.956+0000] {taskinstance.py:1662} INFO - Exporting env vars: AIRFLOW_CTX_DAG_OWNER='***' AIRFLOW_CTX_DAG_ID='customer_churn_ml_pipeline' AIRFLOW_CTX_TASK_ID='pull' AIRFLOW_CTX_EXECUTION_DATE='2025-02-28T06:35:19.175368+00:00' AIRFLOW_CTX_TRY_NUMBER='1' AIRFLOW_CTX_DAG_RUN_ID='manual__2025-02-28T06:35:19.175368+00:00'
[2025-02-28T06:35:20.959+0000] {subprocess.py:63} INFO - Tmp dir root location: /tmp
[2025-02-28T06:35:20.960+0000] {subprocess.py:75} INFO - Running command: ['/bin/bash', '-c', 'cd /opt/*** && dvc pull && git pull']
[2025-02-28T06:35:20.977+0000] {subprocess.py:86} INFO - Output:
[2025-02-28T06:35:24.499+0000] {subprocess.py:93} INFO - Everything is up to date.
[2025-02-28T06:35:24.878+0000] {subprocess.py:93} INFO - hint: Pulling without specifying how to reconcile divergent branches is
[2025-02-28T06:35:24.879+0000] {subprocess.py:93} INFO - hint: discouraged. You can squelch this message by running one of the following
[2025-02-28T06:35:24.879+0000] {subprocess.py:93} INFO - hint: commands sometime before your next pull:
[2025-02-28T06:35:24.879+0000] {subprocess.py:93} INFO - hint:
[2025-02-28T06:35:24.879+0000] {subprocess.py:93} INFO - hint:   git config pull.rebase false  # merge (the default strategy)
[2025-02-28T06:35:24.879+0000] {subprocess.py:93} INFO - hint:   git config pull.rebase true   # rebase
[2025-02-28T06:35:24.879+0000] {subprocess.py:93} INFO - hint:   git config pull.ff only       # fast-forward only
[2025-02-28T06:35:24.880+0000] {subprocess.py:93} INFO - hint:
[2025-02-28T06:35:24.880+0000] {subprocess.py:93} INFO - hint: You can replace "git config" with "git config --global" to set a default
[2025-02-28T06:35:24.880+0000] {subprocess.py:93} INFO - hint: preference for all repositories. You can also pass --rebase, --no-rebase,
[2025-02-28T06:35:24.880+0000] {subprocess.py:93} INFO - hint: or --ff-only on the command line to override the configured default per
[2025-02-28T06:35:24.880+0000] {subprocess.py:93} INFO - hint: invocation.
[2025-02-28T06:35:26.492+0000] {subprocess.py:93} INFO - From https://github.com/anniemathew-trial/customer_churn_pipeline
[2025-02-28T06:35:26.493+0000] {subprocess.py:93} INFO -    2b87ee5..9410eec  main       -> origin/main
[2025-02-28T06:35:26.498+0000] {subprocess.py:93} INFO - error: unable to create file executables/data_validation.py: Permission denied
[2025-02-28T06:35:26.498+0000] {subprocess.py:93} INFO - Updating 989a8aa..9410eec
[2025-02-28T06:35:26.499+0000] {subprocess.py:97} INFO - Command exited with return code 1
[2025-02-28T06:35:26.516+0000] {taskinstance.py:1937} ERROR - Task failed with exception
Traceback (most recent call last):
  File "/home/airflow/.local/lib/python3.8/site-packages/airflow/operators/bash.py", line 210, in execute
    raise AirflowException(
airflow.exceptions.AirflowException: Bash command failed. The command returned a non-zero exit code 1.
[2025-02-28T06:35:26.521+0000] {taskinstance.py:1400} INFO - Marking task as FAILED. dag_id=customer_churn_ml_pipeline, task_id=pull, execution_date=20250228T063519, start_date=20250228T063520, end_date=20250228T063526
[2025-02-28T06:35:26.541+0000] {standard_task_runner.py:104} ERROR - Failed to execute job 57 for task pull (Bash command failed. The command returned a non-zero exit code 1.; 10434)
[2025-02-28T06:35:26.580+0000] {local_task_job_runner.py:228} INFO - Task exited with return code 1
[2025-02-28T06:35:26.624+0000] {taskinstance.py:2778} INFO - 0 downstream tasks scheduled from follow-on schedule check
