[2025-02-28T06:40:05.187+0000] {taskinstance.py:1159} INFO - Dependencies all met for dep_context=non-requeueable deps ti=<TaskInstance: customer_churn_ml_pipeline.pull manual__2025-02-28T06:40:03.580016+00:00 [queued]>
[2025-02-28T06:40:05.224+0000] {taskinstance.py:1159} INFO - Dependencies all met for dep_context=requeueable deps ti=<TaskInstance: customer_churn_ml_pipeline.pull manual__2025-02-28T06:40:03.580016+00:00 [queued]>
[2025-02-28T06:40:05.226+0000] {taskinstance.py:1361} INFO - Starting attempt 1 of 1
[2025-02-28T06:40:05.268+0000] {taskinstance.py:1382} INFO - Executing <Task(BashOperator): pull> on 2025-02-28 06:40:03.580016+00:00
[2025-02-28T06:40:05.277+0000] {standard_task_runner.py:57} INFO - Started process 10540 to run task
[2025-02-28T06:40:05.284+0000] {standard_task_runner.py:84} INFO - Running: ['***', 'tasks', 'run', 'customer_churn_ml_pipeline', 'pull', 'manual__2025-02-28T06:40:03.580016+00:00', '--job-id', '60', '--raw', '--subdir', 'DAGS_FOLDER/customer_churn.py', '--cfg-path', '/tmp/tmp45f7r8n2']
[2025-02-28T06:40:05.289+0000] {standard_task_runner.py:85} INFO - Job 60: Subtask pull
[2025-02-28T06:40:05.328+0000] {logging_mixin.py:154} WARNING - /home/***/.local/lib/python3.8/site-packages/***/settings.py:195 DeprecationWarning: The sql_alchemy_conn option in [core] has been moved to the sql_alchemy_conn option in [database] - the old setting has been used, but please update your config.
[2025-02-28T06:40:05.415+0000] {task_command.py:416} INFO - Running <TaskInstance: customer_churn_ml_pipeline.pull manual__2025-02-28T06:40:03.580016+00:00 [running]> on host 4470298645d8
[2025-02-28T06:40:05.661+0000] {taskinstance.py:1662} INFO - Exporting env vars: AIRFLOW_CTX_DAG_OWNER='***' AIRFLOW_CTX_DAG_ID='customer_churn_ml_pipeline' AIRFLOW_CTX_TASK_ID='pull' AIRFLOW_CTX_EXECUTION_DATE='2025-02-28T06:40:03.580016+00:00' AIRFLOW_CTX_TRY_NUMBER='1' AIRFLOW_CTX_DAG_RUN_ID='manual__2025-02-28T06:40:03.580016+00:00'
[2025-02-28T06:40:05.663+0000] {subprocess.py:63} INFO - Tmp dir root location: /tmp
[2025-02-28T06:40:05.664+0000] {subprocess.py:75} INFO - Running command: ['/bin/bash', '-c', 'cd /opt/*** && dvc pull && git pull --rebase']
[2025-02-28T06:40:05.679+0000] {subprocess.py:86} INFO - Output:
[2025-02-28T06:40:10.880+0000] {subprocess.py:93} INFO - Everything is up to date.
[2025-02-28T06:40:11.146+0000] {subprocess.py:93} INFO - error: cannot pull with rebase: You have unstaged changes.
[2025-02-28T06:40:11.146+0000] {subprocess.py:93} INFO - error: please commit or stash them.
[2025-02-28T06:40:11.146+0000] {subprocess.py:97} INFO - Command exited with return code 128
[2025-02-28T06:40:11.161+0000] {taskinstance.py:1937} ERROR - Task failed with exception
Traceback (most recent call last):
  File "/home/airflow/.local/lib/python3.8/site-packages/airflow/operators/bash.py", line 210, in execute
    raise AirflowException(
airflow.exceptions.AirflowException: Bash command failed. The command returned a non-zero exit code 128.
[2025-02-28T06:40:11.165+0000] {taskinstance.py:1400} INFO - Marking task as FAILED. dag_id=customer_churn_ml_pipeline, task_id=pull, execution_date=20250228T064003, start_date=20250228T064005, end_date=20250228T064011
[2025-02-28T06:40:11.180+0000] {standard_task_runner.py:104} ERROR - Failed to execute job 60 for task pull (Bash command failed. The command returned a non-zero exit code 128.; 10540)
[2025-02-28T06:40:11.225+0000] {local_task_job_runner.py:228} INFO - Task exited with return code 1
[2025-02-28T06:40:11.258+0000] {taskinstance.py:2778} INFO - 0 downstream tasks scheduled from follow-on schedule check
