[2025-03-02T08:47:28.279+0000] {taskinstance.py:1159} INFO - Dependencies all met for dep_context=non-requeueable deps ti=<TaskInstance: customer_churn_ml_pipeline.raw_data_storage_task manual__2025-03-02T08:47:14.333934+00:00 [queued]>
[2025-03-02T08:47:28.292+0000] {taskinstance.py:1159} INFO - Dependencies all met for dep_context=requeueable deps ti=<TaskInstance: customer_churn_ml_pipeline.raw_data_storage_task manual__2025-03-02T08:47:14.333934+00:00 [queued]>
[2025-03-02T08:47:28.292+0000] {taskinstance.py:1361} INFO - Starting attempt 1 of 1
[2025-03-02T08:47:28.312+0000] {taskinstance.py:1382} INFO - Executing <Task(BashOperator): raw_data_storage_task> on 2025-03-02 08:47:14.333934+00:00
[2025-03-02T08:47:28.317+0000] {standard_task_runner.py:57} INFO - Started process 4335 to run task
[2025-03-02T08:47:28.321+0000] {standard_task_runner.py:84} INFO - Running: ['***', 'tasks', 'run', 'customer_churn_ml_pipeline', 'raw_data_storage_task', 'manual__2025-03-02T08:47:14.333934+00:00', '--job-id', '26', '--raw', '--subdir', 'DAGS_FOLDER/customer_churn.py', '--cfg-path', '/tmp/tmp928jf8xd']
[2025-03-02T08:47:28.325+0000] {standard_task_runner.py:85} INFO - Job 26: Subtask raw_data_storage_task
[2025-03-02T08:47:28.353+0000] {logging_mixin.py:154} WARNING - /home/***/.local/lib/python3.8/site-packages/***/settings.py:195 DeprecationWarning: The sql_alchemy_conn option in [core] has been moved to the sql_alchemy_conn option in [database] - the old setting has been used, but please update your config.
[2025-03-02T08:47:28.403+0000] {task_command.py:416} INFO - Running <TaskInstance: customer_churn_ml_pipeline.raw_data_storage_task manual__2025-03-02T08:47:14.333934+00:00 [running]> on host 9113a5746a05
[2025-03-02T08:47:28.539+0000] {taskinstance.py:1662} INFO - Exporting env vars: AIRFLOW_CTX_DAG_OWNER='***' AIRFLOW_CTX_DAG_ID='customer_churn_ml_pipeline' AIRFLOW_CTX_TASK_ID='raw_data_storage_task' AIRFLOW_CTX_EXECUTION_DATE='2025-03-02T08:47:14.333934+00:00' AIRFLOW_CTX_TRY_NUMBER='1' AIRFLOW_CTX_DAG_RUN_ID='manual__2025-03-02T08:47:14.333934+00:00'
[2025-03-02T08:47:28.540+0000] {subprocess.py:63} INFO - Tmp dir root location: /tmp
[2025-03-02T08:47:28.540+0000] {subprocess.py:75} INFO - Running command: ['/bin/bash', '-c', '\n\t\t\tNOW=$(date \'+%d-%m-%Y\') &&\t\t\tcd /opt/*** &&                        dvc pull /opt/***/data/raw/$NOW/csv &&                        dvc pull /opt/***/data/raw/$NOW/database &&                        python /opt/***/executables/raw_data_storage.py && \t\t\tgit rm -r --cached /opt/***/data/raw/$NOW/csv && \t\t\tgit rm -r --cached /opt/***/data/raw/$NOW/database && \t\t\tgit commit -m "stop tracking data/raw/$NOW" &&                         dvc add /opt/***/data/raw &&                         git add /opt/***/data/raw.dvc && \t\t\tgit add logs &&\\   \n                        git commit -m "Updated raw data storage" -a &&                         dvc push && git push\n                    ']
[2025-03-02T08:47:28.549+0000] {subprocess.py:86} INFO - Output:
[2025-03-02T08:47:29.945+0000] {subprocess.py:93} INFO - WARNING: failed to collect 'workspace', skipping
[2025-03-02T08:47:29.946+0000] {subprocess.py:93} INFO - ERROR: failed to pull data from the cloud - '/opt/***/data/raw/02-03-2025/csv' does not exist as an output or a stage name in 'dvc.yaml': 'dvc.yaml' does not exist
[2025-03-02T08:47:30.182+0000] {subprocess.py:93} INFO - [main 7213ea7] Updated raw data storage
[2025-03-02T08:47:30.183+0000] {subprocess.py:93} INFO -  1 file changed, 9 insertions(+)
[2025-03-02T08:47:32.200+0000] {subprocess.py:93} INFO - Everything is up to date.
[2025-03-02T08:47:34.128+0000] {subprocess.py:93} INFO - To https://github.com/anniemathew-trial/customer_churn_pipeline.git
[2025-03-02T08:47:34.129+0000] {subprocess.py:93} INFO -    8098853..7213ea7  main -> main
[2025-03-02T08:47:34.139+0000] {subprocess.py:97} INFO - Command exited with return code 0
[2025-03-02T08:47:34.191+0000] {taskinstance.py:1400} INFO - Marking task as SUCCESS. dag_id=customer_churn_ml_pipeline, task_id=raw_data_storage_task, execution_date=20250302T084714, start_date=20250302T084728, end_date=20250302T084734
[2025-03-02T08:47:34.249+0000] {local_task_job_runner.py:228} INFO - Task exited with return code 0
[2025-03-02T08:47:34.276+0000] {taskinstance.py:2778} INFO - 0 downstream tasks scheduled from follow-on schedule check
