[2025-03-03T22:22:59.589+0000] {taskinstance.py:1159} INFO - Dependencies all met for dep_context=non-requeueable deps ti=<TaskInstance: customer_churn_ml_pipeline.model_training_task manual__2025-03-03T22:21:06.824295+00:00 [queued]>
[2025-03-03T22:22:59.599+0000] {taskinstance.py:1159} INFO - Dependencies all met for dep_context=requeueable deps ti=<TaskInstance: customer_churn_ml_pipeline.model_training_task manual__2025-03-03T22:21:06.824295+00:00 [queued]>
[2025-03-03T22:22:59.599+0000] {taskinstance.py:1361} INFO - Starting attempt 1 of 1
[2025-03-03T22:22:59.616+0000] {taskinstance.py:1382} INFO - Executing <Task(BashOperator): model_training_task> on 2025-03-03 22:21:06.824295+00:00
[2025-03-03T22:22:59.620+0000] {standard_task_runner.py:57} INFO - Started process 3710 to run task
[2025-03-03T22:22:59.623+0000] {standard_task_runner.py:84} INFO - Running: ['***', 'tasks', 'run', 'customer_churn_ml_pipeline', 'model_training_task', 'manual__2025-03-03T22:21:06.824295+00:00', '--job-id', '207', '--raw', '--subdir', 'DAGS_FOLDER/customer_churn.py', '--cfg-path', '/tmp/tmpw28bov2n']
[2025-03-03T22:22:59.626+0000] {standard_task_runner.py:85} INFO - Job 207: Subtask model_training_task
[2025-03-03T22:22:59.649+0000] {logging_mixin.py:154} WARNING - /home/***/.local/lib/python3.8/site-packages/***/settings.py:195 DeprecationWarning: The sql_alchemy_conn option in [core] has been moved to the sql_alchemy_conn option in [database] - the old setting has been used, but please update your config.
[2025-03-03T22:22:59.690+0000] {task_command.py:416} INFO - Running <TaskInstance: customer_churn_ml_pipeline.model_training_task manual__2025-03-03T22:21:06.824295+00:00 [running]> on host 157237bff8f7
[2025-03-03T22:22:59.797+0000] {taskinstance.py:1662} INFO - Exporting env vars: AIRFLOW_CTX_DAG_OWNER='***' AIRFLOW_CTX_DAG_ID='customer_churn_ml_pipeline' AIRFLOW_CTX_TASK_ID='model_training_task' AIRFLOW_CTX_EXECUTION_DATE='2025-03-03T22:21:06.824295+00:00' AIRFLOW_CTX_TRY_NUMBER='1' AIRFLOW_CTX_DAG_RUN_ID='manual__2025-03-03T22:21:06.824295+00:00'
[2025-03-03T22:22:59.798+0000] {subprocess.py:63} INFO - Tmp dir root location: /tmp
[2025-03-03T22:22:59.799+0000] {subprocess.py:75} INFO - Running command: ['/bin/bash', '-c', '\n\t    \t\tcd /opt/***\n       \t\t\t    python /opt/***/executables/model_training.py && \t      \t\t    git add logs && \t      \t\t    git add mlruns && \t        \t    git status &&                             git commit -m "Trained model version" -a && \\    \n\t\t\t    git push\n                        ']
[2025-03-03T22:22:59.808+0000] {subprocess.py:86} INFO - Output:
[2025-03-03T22:23:05.323+0000] {subprocess.py:93} INFO - /home/***/.local/lib/python3.8/site-packages/mlflow/gateway/config.py:64: PydanticDeprecatedSince20: Pydantic V1 style `@validator` validators are deprecated. You should migrate to Pydantic V2 style `@field_validator` validators, see the migration guide for more details. Deprecated in Pydantic V2.0 to be removed in V3.0. See Pydantic V2 Migration Guide at https://errors.pydantic.dev/2.4/migration/
[2025-03-03T22:23:05.324+0000] {subprocess.py:93} INFO -   @validator("togetherai_api_key", pre=True)
[2025-03-03T22:23:05.324+0000] {subprocess.py:93} INFO - /home/***/.local/lib/python3.8/site-packages/mlflow/gateway/config.py:372: PydanticDeprecatedSince20: Pydantic V1 style `@root_validator` validators are deprecated. You should migrate to Pydantic V2 style `@model_validator` validators, see the migration guide for more details. Deprecated in Pydantic V2.0 to be removed in V3.0. See Pydantic V2 Migration Guide at https://errors.pydantic.dev/2.4/migration/
[2025-03-03T22:23:05.324+0000] {subprocess.py:93} INFO -   @root_validator(skip_on_failure=True)
[2025-03-03T22:23:05.324+0000] {subprocess.py:93} INFO - /home/***/.local/lib/python3.8/site-packages/pydantic/_internal/_config.py:267: PydanticDeprecatedSince20: Support for class-based `config` is deprecated, use ConfigDict instead. Deprecated in Pydantic V2.0 to be removed in V3.0. See Pydantic V2 Migration Guide at https://errors.pydantic.dev/2.4/migration/
[2025-03-03T22:23:05.324+0000] {subprocess.py:93} INFO -   warnings.warn(DEPRECATION_MESSAGE, DeprecationWarning)
[2025-03-03T22:23:05.325+0000] {subprocess.py:93} INFO - 2025-03-03 22:23:05,323 : INFO : Starting model training
[2025-03-03T22:23:05.343+0000] {subprocess.py:93} INFO - 2025-03-03 22:23:05,343 : INFO : Registry cache expired, so refreshing
[2025-03-03T22:23:05.356+0000] {subprocess.py:93} INFO - 2025-03-03 22:23:05,355 : INFO : Getting data
[2025-03-03T22:23:05.357+0000] {subprocess.py:93} INFO - 2025-03-03 22:23:05,356 : INFO : Start and End Range: 1 to 1000
[2025-03-03T22:23:05.758+0000] {subprocess.py:93} INFO - 2025-03-03 22:23:05,757 : INFO : Data fetched: 999
[2025-03-03T22:23:05.758+0000] {subprocess.py:93} INFO - 2025-03-03 22:23:05,758 : INFO : New Start and End Range: 1001 to 2000
[2025-03-03T22:23:05.758+0000] {subprocess.py:93} INFO - 2025-03-03 22:23:05,758 : INFO : Start and End Range: 1001 to 2000
[2025-03-03T22:23:06.055+0000] {subprocess.py:93} INFO - 2025-03-03 22:23:06,055 : INFO : Data fetched: 999
[2025-03-03T22:23:06.055+0000] {subprocess.py:93} INFO - 2025-03-03 22:23:06,055 : INFO : New Start and End Range: 3001 to 4000
[2025-03-03T22:23:06.056+0000] {subprocess.py:93} INFO - 2025-03-03 22:23:06,055 : INFO : Start and End Range: 3001 to 4000
[2025-03-03T22:23:06.414+0000] {subprocess.py:93} INFO - 2025-03-03 22:23:06,414 : INFO : Data fetched: 999
[2025-03-03T22:23:06.414+0000] {subprocess.py:93} INFO - 2025-03-03 22:23:06,414 : INFO : New Start and End Range: 7001 to 8000
[2025-03-03T22:23:06.414+0000] {subprocess.py:93} INFO - 2025-03-03 22:23:06,414 : INFO : Start and End Range: 7001 to 8000
[2025-03-03T22:23:06.662+0000] {subprocess.py:93} INFO - 2025-03-03 22:23:06,662 : INFO : Data fetched: 999
[2025-03-03T22:23:06.663+0000] {subprocess.py:93} INFO - 2025-03-03 22:23:06,662 : INFO : New Start and End Range: 15001 to 16000
[2025-03-03T22:23:06.663+0000] {subprocess.py:93} INFO - 2025-03-03 22:23:06,663 : INFO : Start and End Range: 15001 to 16000
[2025-03-03T22:23:07.030+0000] {subprocess.py:93} INFO - 2025-03-03 22:23:07,029 : INFO : Data fetched: 999
[2025-03-03T22:23:07.030+0000] {subprocess.py:93} INFO - 2025-03-03 22:23:07,030 : INFO : New Start and End Range: 31001 to 32000
[2025-03-03T22:23:07.030+0000] {subprocess.py:93} INFO - 2025-03-03 22:23:07,030 : INFO : Start and End Range: 31001 to 32000
[2025-03-03T22:23:07.309+0000] {subprocess.py:93} INFO - 2025-03-03 22:23:07,309 : INFO : Data fetched: 999
[2025-03-03T22:23:07.309+0000] {subprocess.py:93} INFO - 2025-03-03 22:23:07,309 : INFO : New Start and End Range: 63001 to 64000
[2025-03-03T22:23:07.310+0000] {subprocess.py:93} INFO - 2025-03-03 22:23:07,309 : INFO : Start and End Range: 63001 to 64000
[2025-03-03T22:23:07.390+0000] {subprocess.py:93} INFO - 2025-03-03 22:23:07,390 : INFO : Reached End of Data
[2025-03-03T22:23:07.393+0000] {subprocess.py:93} INFO - 2025-03-03 22:23:07,393 : INFO : Stoping at Start and End Range: 63001 to 64000
[2025-03-03T22:23:07.394+0000] {subprocess.py:93} INFO - 2025-03-03 22:23:07,393 : INFO : Created feature data
[2025-03-03T22:23:07.394+0000] {subprocess.py:93} INFO - 2025-03-03 22:23:07,393 : INFO : Total Data fetched: 6
[2025-03-03T22:23:07.397+0000] {subprocess.py:93} INFO - 2025-03-03 22:23:07,397 : INFO : received feature data
[2025-03-03T22:23:07.401+0000] {subprocess.py:93} INFO - 2025-03-03 22:23:07,401 : INFO : Models defined
[2025-03-03T22:23:07.401+0000] {subprocess.py:93} INFO - 2025-03-03 22:23:07,401 : INFO : Training model RandomForest
[2025-03-03T22:23:08.625+0000] {subprocess.py:93} INFO - 2025-03-03 22:23:08,625 : INFO : Predicting model RandomForest
[2025-03-03T22:23:08.657+0000] {subprocess.py:93} INFO - 2025-03-03 22:23:08,656 : INFO : Calculating accuracy RandomForest
[2025-03-03T22:23:14.008+0000] {subprocess.py:93} INFO - 2025/03/03 22:23:14 WARNING mlflow.models.model: Model logged without a signature and input example. Please set `input_example` parameter when logging the model to auto infer the model signature.
[2025-03-03T22:23:14.157+0000] {subprocess.py:93} INFO - 2025-03-03 22:23:14,157 : INFO : Logged model RandomForest
[2025-03-03T22:23:14.194+0000] {subprocess.py:93} INFO - 2025/03/03 22:23:14 INFO mlflow.tracking._tracking_service.client: 🏃 View run RandomForest at: http://localhost:5000/#/experiments/0/runs/df756cd394c04ed58f2e498ffc4aa4a3.
[2025-03-03T22:23:14.194+0000] {subprocess.py:93} INFO - 2025/03/03 22:23:14 INFO mlflow.tracking._tracking_service.client: 🧪 View experiment at: http://localhost:5000/#/experiments/0.
[2025-03-03T22:23:14.204+0000] {subprocess.py:93} INFO - 2025-03-03 22:23:14,204 : INFO : Training model LogisticRegression
[2025-03-03T22:23:15.738+0000] {subprocess.py:93} INFO - /home/***/.local/lib/python3.8/site-packages/sklearn/linear_model/_logistic.py:460: ConvergenceWarning: lbfgs failed to converge (status=1):
[2025-03-03T22:23:15.740+0000] {subprocess.py:93} INFO - STOP: TOTAL NO. of ITERATIONS REACHED LIMIT.
[2025-03-03T22:23:15.748+0000] {subprocess.py:93} INFO - 
[2025-03-03T22:23:15.748+0000] {subprocess.py:93} INFO - Increase the number of iterations (max_iter) or scale the data as shown in:
[2025-03-03T22:23:15.749+0000] {subprocess.py:93} INFO -     https://scikit-learn.org/stable/modules/preprocessing.html
[2025-03-03T22:23:15.749+0000] {subprocess.py:93} INFO - Please also refer to the documentation for alternative solver options:
[2025-03-03T22:23:15.750+0000] {subprocess.py:93} INFO -     https://scikit-learn.org/stable/modules/linear_model.html#logistic-regression
[2025-03-03T22:23:15.750+0000] {subprocess.py:93} INFO -   n_iter_i = _check_optimize_result(
[2025-03-03T22:23:15.750+0000] {subprocess.py:93} INFO - 2025-03-03 22:23:15,737 : INFO : Predicting model LogisticRegression
[2025-03-03T22:23:15.760+0000] {subprocess.py:93} INFO - 2025-03-03 22:23:15,760 : INFO : Calculating accuracy LogisticRegression
[2025-03-03T22:23:20.196+0000] {subprocess.py:93} INFO - 2025/03/03 22:23:20 WARNING mlflow.models.model: Model logged without a signature and input example. Please set `input_example` parameter when logging the model to auto infer the model signature.
[2025-03-03T22:23:20.247+0000] {subprocess.py:93} INFO - 2025-03-03 22:23:20,247 : INFO : Logged model LogisticRegression
[2025-03-03T22:23:20.257+0000] {subprocess.py:93} INFO - 2025/03/03 22:23:20 INFO mlflow.tracking._tracking_service.client: 🏃 View run LogisticRegression at: http://localhost:5000/#/experiments/0/runs/42c29a2c9f554b1a9ef4ae4dba6fe73e.
[2025-03-03T22:23:20.258+0000] {subprocess.py:93} INFO - 2025/03/03 22:23:20 INFO mlflow.tracking._tracking_service.client: 🧪 View experiment at: http://localhost:5000/#/experiments/0.
[2025-03-03T22:23:20.265+0000] {subprocess.py:93} INFO - 2025-03-03 22:23:20,265 : INFO : Training model SVM
[2025-03-03T22:23:23.453+0000] {subprocess.py:93} INFO - 2025-03-03 22:23:23,453 : INFO : Predicting model SVM
[2025-03-03T22:23:23.602+0000] {subprocess.py:93} INFO - 2025-03-03 22:23:23,601 : INFO : Calculating accuracy SVM
[2025-03-03T22:23:27.868+0000] {subprocess.py:93} INFO - /home/***/.local/lib/python3.8/site-packages/sklearn/metrics/_classification.py:1471: UndefinedMetricWarning: Precision is ill-defined and being set to 0.0 due to no predicted samples. Use `zero_division` parameter to control this behavior.
[2025-03-03T22:23:27.868+0000] {subprocess.py:93} INFO -   _warn_prf(average, modifier, msg_start, len(result))
[2025-03-03T22:23:27.869+0000] {subprocess.py:93} INFO - 2025/03/03 22:23:27 WARNING mlflow.models.model: Model logged without a signature and input example. Please set `input_example` parameter when logging the model to auto infer the model signature.
[2025-03-03T22:23:27.929+0000] {subprocess.py:93} INFO - 2025-03-03 22:23:27,928 : INFO : Logged model SVM
[2025-03-03T22:23:27.941+0000] {subprocess.py:93} INFO - 2025/03/03 22:23:27 INFO mlflow.tracking._tracking_service.client: 🏃 View run SVM at: http://localhost:5000/#/experiments/0/runs/c23c252447954c22aba74e19aabd792b.
[2025-03-03T22:23:27.941+0000] {subprocess.py:93} INFO - 2025/03/03 22:23:27 INFO mlflow.tracking._tracking_service.client: 🧪 View experiment at: http://localhost:5000/#/experiments/0.
[2025-03-03T22:23:27.953+0000] {subprocess.py:93} INFO - 2025-03-03 22:23:27,953 : INFO : Starting best model registration
[2025-03-03T22:23:27.954+0000] {subprocess.py:93} INFO - 2025-03-03 22:23:27,953 : INFO : Finding Best model
[2025-03-03T22:23:27.984+0000] {subprocess.py:93} INFO - 2025-03-03 22:23:27,983 : INFO : Selected best model : run_id                                            df756cd394c04ed58f2e498ffc4aa4a3
[2025-03-03T22:23:27.984+0000] {subprocess.py:93} INFO - experiment_id                                                                    0
[2025-03-03T22:23:27.984+0000] {subprocess.py:93} INFO - status                                                                    FINISHED
[2025-03-03T22:23:27.985+0000] {subprocess.py:93} INFO - artifact_uri                     mlflow-artifacts:/0/df756cd394c04ed58f2e498ffc...
[2025-03-03T22:23:27.985+0000] {subprocess.py:93} INFO - start_time                                        2025-03-03 22:23:08.766000+00:00
[2025-03-03T22:23:27.985+0000] {subprocess.py:93} INFO - end_time                                          2025-03-03 22:23:14.178000+00:00
[2025-03-03T22:23:27.985+0000] {subprocess.py:93} INFO - metrics.f1_score                                                          0.637681
[2025-03-03T22:23:27.985+0000] {subprocess.py:93} INFO - metrics.accuracy                                                          0.874896
[2025-03-03T22:23:27.985+0000] {subprocess.py:93} INFO - metrics.precision                                                         0.790419
[2025-03-03T22:23:27.986+0000] {subprocess.py:93} INFO - metrics.recall                                                            0.534413
[2025-03-03T22:23:27.986+0000] {subprocess.py:93} INFO - params.model_type                                                     RandomForest
[2025-03-03T22:23:27.986+0000] {subprocess.py:93} INFO - tags.mlflow.source.git.commit             1698bdb3d35ea0ec114c13613a2c1a2caf009edf
[2025-03-03T22:23:27.986+0000] {subprocess.py:93} INFO - tags.mlflow.user                                                           ***
[2025-03-03T22:23:27.987+0000] {subprocess.py:93} INFO - tags.mlflow.log-model.history    [{"run_id": "df756cd394c04ed58f2e498ffc4aa4a3"...
[2025-03-03T22:23:27.987+0000] {subprocess.py:93} INFO - tags.mlflow.source.name                 /opt/***/executables/model_training.py
[2025-03-03T22:23:27.987+0000] {subprocess.py:93} INFO - tags.mlflow.source.type                                                      LOCAL
[2025-03-03T22:23:27.987+0000] {subprocess.py:93} INFO - tags.mlflow.runName                                                   RandomForest
[2025-03-03T22:23:27.987+0000] {subprocess.py:93} INFO - Name: 2, dtype: object
[2025-03-03T22:23:27.987+0000] {subprocess.py:93} INFO - 2025-03-03 22:23:27,984 : INFO : Registering best model runs:/df756cd394c04ed58f2e498ffc4aa4a3/RandomForest_model
[2025-03-03T22:23:28.058+0000] {subprocess.py:93} INFO - Successfully registered model 'Best_ML_Model'.
[2025-03-03T22:23:28.059+0000] {subprocess.py:93} INFO - 2025/03/03 22:23:28 INFO mlflow.store.model_registry.abstract_store: Waiting up to 300 seconds for model version to finish creation. Model name: Best_ML_Model, version 1
[2025-03-03T22:23:28.059+0000] {subprocess.py:93} INFO - Created version '1' of model 'Best_ML_Model'.
[2025-03-03T22:23:28.059+0000] {subprocess.py:93} INFO - 2025-03-03 22:23:28,058 : INFO : Completed model training & registration !!
[2025-03-03T22:23:28.997+0000] {subprocess.py:93} INFO - On branch main
[2025-03-03T22:23:28.998+0000] {subprocess.py:93} INFO - Your branch is up to date with 'origin/main'.
[2025-03-03T22:23:28.998+0000] {subprocess.py:93} INFO - 
[2025-03-03T22:23:28.998+0000] {subprocess.py:93} INFO - Changes to be committed:
[2025-03-03T22:23:28.999+0000] {subprocess.py:93} INFO -   (use "git restore --staged <file>..." to unstage)
[2025-03-03T22:23:28.999+0000] {subprocess.py:93} INFO - 	new file:   logs/dag_id=customer_churn_ml_pipeline/run_id=manual__2025-03-03T22:21:06.824295+00:00/task_id=feature_store_task/attempt=1.log
[2025-03-03T22:23:28.999+0000] {subprocess.py:93} INFO - 	new file:   logs/dag_id=customer_churn_ml_pipeline/run_id=manual__2025-03-03T22:21:06.824295+00:00/task_id=model_training_task/attempt=1.log
[2025-03-03T22:23:28.999+0000] {subprocess.py:93} INFO - 	modified:   logs/dag_processor_manager/dag_processor_manager.log
[2025-03-03T22:23:28.999+0000] {subprocess.py:93} INFO - 	modified:   logs/model_training.log
[2025-03-03T22:23:28.999+0000] {subprocess.py:93} INFO - 	modified:   logs/scheduler/2025-03-03/customer_churn.py.log
[2025-03-03T22:23:29.000+0000] {subprocess.py:93} INFO - 	new file:   mlruns/mlruns/mlartifacts/0/42c29a2c9f554b1a9ef4ae4dba6fe73e/artifacts/LogisticRegression_model/MLmodel
[2025-03-03T22:23:29.000+0000] {subprocess.py:93} INFO - 	new file:   mlruns/mlruns/mlartifacts/0/42c29a2c9f554b1a9ef4ae4dba6fe73e/artifacts/LogisticRegression_model/conda.yaml
[2025-03-03T22:23:29.000+0000] {subprocess.py:93} INFO - 	new file:   mlruns/mlruns/mlartifacts/0/42c29a2c9f554b1a9ef4ae4dba6fe73e/artifacts/LogisticRegression_model/model.pkl
[2025-03-03T22:23:29.000+0000] {subprocess.py:93} INFO - 	new file:   mlruns/mlruns/mlartifacts/0/42c29a2c9f554b1a9ef4ae4dba6fe73e/artifacts/LogisticRegression_model/python_env.yaml
[2025-03-03T22:23:29.000+0000] {subprocess.py:93} INFO - 	new file:   mlruns/mlruns/mlartifacts/0/42c29a2c9f554b1a9ef4ae4dba6fe73e/artifacts/LogisticRegression_model/requirements.txt
[2025-03-03T22:23:29.000+0000] {subprocess.py:93} INFO - 	new file:   mlruns/mlruns/mlartifacts/0/c23c252447954c22aba74e19aabd792b/artifacts/SVM_model/MLmodel
[2025-03-03T22:23:29.001+0000] {subprocess.py:93} INFO - 	new file:   mlruns/mlruns/mlartifacts/0/c23c252447954c22aba74e19aabd792b/artifacts/SVM_model/conda.yaml
[2025-03-03T22:23:29.001+0000] {subprocess.py:93} INFO - 	new file:   mlruns/mlruns/mlartifacts/0/c23c252447954c22aba74e19aabd792b/artifacts/SVM_model/model.pkl
[2025-03-03T22:23:29.001+0000] {subprocess.py:93} INFO - 	new file:   mlruns/mlruns/mlartifacts/0/c23c252447954c22aba74e19aabd792b/artifacts/SVM_model/python_env.yaml
[2025-03-03T22:23:29.001+0000] {subprocess.py:93} INFO - 	new file:   mlruns/mlruns/mlartifacts/0/c23c252447954c22aba74e19aabd792b/artifacts/SVM_model/requirements.txt
[2025-03-03T22:23:29.001+0000] {subprocess.py:93} INFO - 	new file:   mlruns/mlruns/mlartifacts/0/df756cd394c04ed58f2e498ffc4aa4a3/artifacts/RandomForest_model/MLmodel
[2025-03-03T22:23:29.001+0000] {subprocess.py:93} INFO - 	new file:   mlruns/mlruns/mlartifacts/0/df756cd394c04ed58f2e498ffc4aa4a3/artifacts/RandomForest_model/conda.yaml
[2025-03-03T22:23:29.002+0000] {subprocess.py:93} INFO - 	new file:   mlruns/mlruns/mlartifacts/0/df756cd394c04ed58f2e498ffc4aa4a3/artifacts/RandomForest_model/model.pkl
[2025-03-03T22:23:29.002+0000] {subprocess.py:93} INFO - 	new file:   mlruns/mlruns/mlartifacts/0/df756cd394c04ed58f2e498ffc4aa4a3/artifacts/RandomForest_model/python_env.yaml
[2025-03-03T22:23:29.002+0000] {subprocess.py:93} INFO - 	new file:   mlruns/mlruns/mlartifacts/0/df756cd394c04ed58f2e498ffc4aa4a3/artifacts/RandomForest_model/requirements.txt
[2025-03-03T22:23:29.002+0000] {subprocess.py:93} INFO - 	new file:   mlruns/mlruns/mlruns/0/42c29a2c9f554b1a9ef4ae4dba6fe73e/meta.yaml
[2025-03-03T22:23:29.003+0000] {subprocess.py:93} INFO - 	new file:   mlruns/mlruns/mlruns/0/42c29a2c9f554b1a9ef4ae4dba6fe73e/metrics/accuracy
[2025-03-03T22:23:29.003+0000] {subprocess.py:93} INFO - 	new file:   mlruns/mlruns/mlruns/0/42c29a2c9f554b1a9ef4ae4dba6fe73e/metrics/f1_score
[2025-03-03T22:23:29.003+0000] {subprocess.py:93} INFO - 	new file:   mlruns/mlruns/mlruns/0/42c29a2c9f554b1a9ef4ae4dba6fe73e/metrics/precision
[2025-03-03T22:23:29.003+0000] {subprocess.py:93} INFO - 	new file:   mlruns/mlruns/mlruns/0/42c29a2c9f554b1a9ef4ae4dba6fe73e/metrics/recall
[2025-03-03T22:23:29.003+0000] {subprocess.py:93} INFO - 	new file:   mlruns/mlruns/mlruns/0/42c29a2c9f554b1a9ef4ae4dba6fe73e/params/model_type
[2025-03-03T22:23:29.004+0000] {subprocess.py:93} INFO - 	new file:   mlruns/mlruns/mlruns/0/42c29a2c9f554b1a9ef4ae4dba6fe73e/tags/mlflow.log-model.history
[2025-03-03T22:23:29.004+0000] {subprocess.py:93} INFO - 	new file:   mlruns/mlruns/mlruns/0/42c29a2c9f554b1a9ef4ae4dba6fe73e/tags/mlflow.runName
[2025-03-03T22:23:29.004+0000] {subprocess.py:93} INFO - 	new file:   mlruns/mlruns/mlruns/0/42c29a2c9f554b1a9ef4ae4dba6fe73e/tags/mlflow.source.git.commit
[2025-03-03T22:23:29.004+0000] {subprocess.py:93} INFO - 	new file:   mlruns/mlruns/mlruns/0/42c29a2c9f554b1a9ef4ae4dba6fe73e/tags/mlflow.source.name
[2025-03-03T22:23:29.005+0000] {subprocess.py:93} INFO - 	new file:   mlruns/mlruns/mlruns/0/42c29a2c9f554b1a9ef4ae4dba6fe73e/tags/mlflow.source.type
[2025-03-03T22:23:29.005+0000] {subprocess.py:93} INFO - 	new file:   mlruns/mlruns/mlruns/0/42c29a2c9f554b1a9ef4ae4dba6fe73e/tags/mlflow.user
[2025-03-03T22:23:29.005+0000] {subprocess.py:93} INFO - 	new file:   mlruns/mlruns/mlruns/0/c23c252447954c22aba74e19aabd792b/meta.yaml
[2025-03-03T22:23:29.005+0000] {subprocess.py:93} INFO - 	new file:   mlruns/mlruns/mlruns/0/c23c252447954c22aba74e19aabd792b/metrics/accuracy
[2025-03-03T22:23:29.005+0000] {subprocess.py:93} INFO - 	new file:   mlruns/mlruns/mlruns/0/c23c252447954c22aba74e19aabd792b/metrics/f1_score
[2025-03-03T22:23:29.006+0000] {subprocess.py:93} INFO - 	new file:   mlruns/mlruns/mlruns/0/c23c252447954c22aba74e19aabd792b/metrics/precision
[2025-03-03T22:23:29.006+0000] {subprocess.py:93} INFO - 	new file:   mlruns/mlruns/mlruns/0/c23c252447954c22aba74e19aabd792b/metrics/recall
[2025-03-03T22:23:29.006+0000] {subprocess.py:93} INFO - 	new file:   mlruns/mlruns/mlruns/0/c23c252447954c22aba74e19aabd792b/params/model_type
[2025-03-03T22:23:29.006+0000] {subprocess.py:93} INFO - 	new file:   mlruns/mlruns/mlruns/0/c23c252447954c22aba74e19aabd792b/tags/mlflow.log-model.history
