[2025-03-09T17:00:38.337+0000] {taskinstance.py:1159} INFO - Dependencies all met for dep_context=non-requeueable deps ti=<TaskInstance: customer_churn_ml_pipeline.model_training_task manual__2025-03-09T16:57:40.995662+00:00 [queued]>
[2025-03-09T17:00:38.361+0000] {taskinstance.py:1159} INFO - Dependencies all met for dep_context=requeueable deps ti=<TaskInstance: customer_churn_ml_pipeline.model_training_task manual__2025-03-09T16:57:40.995662+00:00 [queued]>
[2025-03-09T17:00:38.362+0000] {taskinstance.py:1361} INFO - Starting attempt 1 of 1
[2025-03-09T17:00:38.396+0000] {taskinstance.py:1382} INFO - Executing <Task(BashOperator): model_training_task> on 2025-03-09 16:57:40.995662+00:00
[2025-03-09T17:00:38.402+0000] {standard_task_runner.py:57} INFO - Started process 11848 to run task
[2025-03-09T17:00:38.408+0000] {standard_task_runner.py:84} INFO - Running: ['***', 'tasks', 'run', 'customer_churn_ml_pipeline', 'model_training_task', 'manual__2025-03-09T16:57:40.995662+00:00', '--job-id', '402', '--raw', '--subdir', 'DAGS_FOLDER/customer_churn.py', '--cfg-path', '/tmp/tmp8dvh765q']
[2025-03-09T17:00:38.412+0000] {standard_task_runner.py:85} INFO - Job 402: Subtask model_training_task
[2025-03-09T17:00:38.454+0000] {logging_mixin.py:154} WARNING - /home/***/.local/lib/python3.8/site-packages/***/settings.py:195 DeprecationWarning: The sql_alchemy_conn option in [core] has been moved to the sql_alchemy_conn option in [database] - the old setting has been used, but please update your config.
[2025-03-09T17:00:38.538+0000] {task_command.py:416} INFO - Running <TaskInstance: customer_churn_ml_pipeline.model_training_task manual__2025-03-09T16:57:40.995662+00:00 [running]> on host 157237bff8f7
[2025-03-09T17:00:38.745+0000] {taskinstance.py:1662} INFO - Exporting env vars: AIRFLOW_CTX_DAG_OWNER='***' AIRFLOW_CTX_DAG_ID='customer_churn_ml_pipeline' AIRFLOW_CTX_TASK_ID='model_training_task' AIRFLOW_CTX_EXECUTION_DATE='2025-03-09T16:57:40.995662+00:00' AIRFLOW_CTX_TRY_NUMBER='1' AIRFLOW_CTX_DAG_RUN_ID='manual__2025-03-09T16:57:40.995662+00:00'
[2025-03-09T17:00:38.746+0000] {subprocess.py:63} INFO - Tmp dir root location: /tmp
[2025-03-09T17:00:38.747+0000] {subprocess.py:75} INFO - Running command: ['/bin/bash', '-c', '\n\t    \t\tcd /opt/***\n       \t\t\t    python /opt/***/executables/model_training.py && \t      \t\t    git add logs && \t      \t\t    git add mlruns && \t     \t\t    git add models\n\t        \t    git status &&                             git commit -m "Trained model version" -a && \\    \n\t\t\t    git push\n                        ']
[2025-03-09T17:00:38.762+0000] {subprocess.py:86} INFO - Output:
[2025-03-09T17:00:53.484+0000] {subprocess.py:93} INFO - /home/***/.local/lib/python3.8/site-packages/mlflow/gateway/config.py:64: PydanticDeprecatedSince20: Pydantic V1 style `@validator` validators are deprecated. You should migrate to Pydantic V2 style `@field_validator` validators, see the migration guide for more details. Deprecated in Pydantic V2.0 to be removed in V3.0. See Pydantic V2 Migration Guide at https://errors.pydantic.dev/2.4/migration/
[2025-03-09T17:00:53.485+0000] {subprocess.py:93} INFO -   @validator("togetherai_api_key", pre=True)
[2025-03-09T17:00:53.486+0000] {subprocess.py:93} INFO - /home/***/.local/lib/python3.8/site-packages/mlflow/gateway/config.py:372: PydanticDeprecatedSince20: Pydantic V1 style `@root_validator` validators are deprecated. You should migrate to Pydantic V2 style `@model_validator` validators, see the migration guide for more details. Deprecated in Pydantic V2.0 to be removed in V3.0. See Pydantic V2 Migration Guide at https://errors.pydantic.dev/2.4/migration/
[2025-03-09T17:00:53.486+0000] {subprocess.py:93} INFO -   @root_validator(skip_on_failure=True)
[2025-03-09T17:00:53.487+0000] {subprocess.py:93} INFO - /home/***/.local/lib/python3.8/site-packages/pydantic/_internal/_config.py:267: PydanticDeprecatedSince20: Support for class-based `config` is deprecated, use ConfigDict instead. Deprecated in Pydantic V2.0 to be removed in V3.0. See Pydantic V2 Migration Guide at https://errors.pydantic.dev/2.4/migration/
[2025-03-09T17:00:53.488+0000] {subprocess.py:93} INFO -   warnings.warn(DEPRECATION_MESSAGE, DeprecationWarning)
[2025-03-09T17:00:53.488+0000] {subprocess.py:93} INFO - 2025-03-09 17:00:53,484 : INFO : Starting model training
[2025-03-09T17:00:53.524+0000] {subprocess.py:93} INFO - 2025-03-09 17:00:53,524 : INFO : Registry cache expired, so refreshing
[2025-03-09T17:00:53.546+0000] {subprocess.py:93} INFO - 2025-03-09 17:00:53,546 : INFO : Getting data
[2025-03-09T17:00:53.548+0000] {subprocess.py:93} INFO - 2025-03-09 17:00:53,547 : INFO : Start and End Range: 1 to 1000
[2025-03-09T17:00:54.458+0000] {subprocess.py:93} INFO - 2025-03-09 17:00:54,457 : INFO : Data fetched: 999
[2025-03-09T17:00:54.459+0000] {subprocess.py:93} INFO - 2025-03-09 17:00:54,457 : INFO : New Start and End Range: 1001 to 2000
[2025-03-09T17:00:54.459+0000] {subprocess.py:93} INFO - 2025-03-09 17:00:54,458 : INFO : Start and End Range: 1001 to 2000
[2025-03-09T17:00:54.997+0000] {subprocess.py:93} INFO - 2025-03-09 17:00:54,996 : INFO : Data fetched: 999
[2025-03-09T17:00:54.997+0000] {subprocess.py:93} INFO - 2025-03-09 17:00:54,996 : INFO : New Start and End Range: 3001 to 4000
[2025-03-09T17:00:54.997+0000] {subprocess.py:93} INFO - 2025-03-09 17:00:54,997 : INFO : Start and End Range: 3001 to 4000
[2025-03-09T17:00:55.562+0000] {subprocess.py:93} INFO - 2025-03-09 17:00:55,561 : INFO : Data fetched: 999
[2025-03-09T17:00:55.562+0000] {subprocess.py:93} INFO - 2025-03-09 17:00:55,561 : INFO : New Start and End Range: 7001 to 8000
[2025-03-09T17:00:55.562+0000] {subprocess.py:93} INFO - 2025-03-09 17:00:55,562 : INFO : Start and End Range: 7001 to 8000
[2025-03-09T17:00:55.967+0000] {subprocess.py:93} INFO - 2025-03-09 17:00:55,967 : INFO : Data fetched: 999
[2025-03-09T17:00:55.968+0000] {subprocess.py:93} INFO - 2025-03-09 17:00:55,967 : INFO : New Start and End Range: 15001 to 16000
[2025-03-09T17:00:55.969+0000] {subprocess.py:93} INFO - 2025-03-09 17:00:55,969 : INFO : Start and End Range: 15001 to 16000
[2025-03-09T17:00:56.497+0000] {subprocess.py:93} INFO - 2025-03-09 17:00:56,497 : INFO : Data fetched: 999
[2025-03-09T17:00:56.497+0000] {subprocess.py:93} INFO - 2025-03-09 17:00:56,497 : INFO : New Start and End Range: 31001 to 32000
[2025-03-09T17:00:56.498+0000] {subprocess.py:93} INFO - 2025-03-09 17:00:56,497 : INFO : Start and End Range: 31001 to 32000
[2025-03-09T17:00:56.892+0000] {subprocess.py:93} INFO - 2025-03-09 17:00:56,891 : INFO : Data fetched: 999
[2025-03-09T17:00:56.892+0000] {subprocess.py:93} INFO - 2025-03-09 17:00:56,892 : INFO : New Start and End Range: 63001 to 64000
[2025-03-09T17:00:56.893+0000] {subprocess.py:93} INFO - 2025-03-09 17:00:56,892 : INFO : Start and End Range: 63001 to 64000
[2025-03-09T17:00:57.025+0000] {subprocess.py:93} INFO - 2025-03-09 17:00:57,024 : INFO : Reached End of Data
[2025-03-09T17:00:57.028+0000] {subprocess.py:93} INFO - 2025-03-09 17:00:57,028 : INFO : Stoping at Start and End Range: 63001 to 64000
[2025-03-09T17:00:57.029+0000] {subprocess.py:93} INFO - 2025-03-09 17:00:57,028 : INFO : Created feature data
[2025-03-09T17:00:57.029+0000] {subprocess.py:93} INFO - 2025-03-09 17:00:57,028 : INFO : Total Data fetched: 6
[2025-03-09T17:00:57.035+0000] {subprocess.py:93} INFO - 2025-03-09 17:00:57,034 : INFO : received feature data
[2025-03-09T17:00:57.041+0000] {subprocess.py:93} INFO - 2025-03-09 17:00:57,041 : INFO : Models defined
[2025-03-09T17:00:57.042+0000] {subprocess.py:93} INFO - 2025-03-09 17:00:57,041 : INFO : Training model RandomForest
[2025-03-09T17:00:59.066+0000] {subprocess.py:93} INFO - 2025-03-09 17:00:59,066 : INFO : Predicting model RandomForest
[2025-03-09T17:00:59.107+0000] {subprocess.py:93} INFO - 2025-03-09 17:00:59,106 : INFO : Calculating accuracy RandomForest
[2025-03-09T17:01:07.399+0000] {subprocess.py:93} INFO - 2025/03/09 17:01:07 WARNING mlflow.models.model: Model logged without a signature and input example. Please set `input_example` parameter when logging the model to auto infer the model signature.
[2025-03-09T17:01:07.753+0000] {subprocess.py:93} INFO - 2025-03-09 17:01:07,753 : INFO : Logged model RandomForest
[2025-03-09T17:01:07.827+0000] {subprocess.py:93} INFO - 2025/03/09 17:01:07 INFO mlflow.tracking._tracking_service.client: 🏃 View run RandomForest at: http://localhost:5000/#/experiments/0/runs/ca7189f070814c2485115a11d7a5371f.
[2025-03-09T17:01:07.827+0000] {subprocess.py:93} INFO - 2025/03/09 17:01:07 INFO mlflow.tracking._tracking_service.client: 🧪 View experiment at: http://localhost:5000/#/experiments/0.
[2025-03-09T17:01:07.843+0000] {subprocess.py:93} INFO - 2025-03-09 17:01:07,842 : INFO : Training model LinearRegression
[2025-03-09T17:01:10.691+0000] {subprocess.py:93} INFO - /home/***/.local/lib/python3.8/site-packages/sklearn/linear_model/_logistic.py:460: ConvergenceWarning: lbfgs failed to converge (status=1):
[2025-03-09T17:01:10.692+0000] {subprocess.py:93} INFO - STOP: TOTAL NO. of ITERATIONS REACHED LIMIT.
[2025-03-09T17:01:10.693+0000] {subprocess.py:93} INFO - 
[2025-03-09T17:01:10.694+0000] {subprocess.py:93} INFO - Increase the number of iterations (max_iter) or scale the data as shown in:
[2025-03-09T17:01:10.694+0000] {subprocess.py:93} INFO -     https://scikit-learn.org/stable/modules/preprocessing.html
[2025-03-09T17:01:10.695+0000] {subprocess.py:93} INFO - Please also refer to the documentation for alternative solver options:
[2025-03-09T17:01:10.695+0000] {subprocess.py:93} INFO -     https://scikit-learn.org/stable/modules/linear_model.html#logistic-regression
[2025-03-09T17:01:10.696+0000] {subprocess.py:93} INFO -   n_iter_i = _check_optimize_result(
[2025-03-09T17:01:10.696+0000] {subprocess.py:93} INFO - 2025-03-09 17:01:10,690 : INFO : Predicting model LinearRegression
[2025-03-09T17:01:10.715+0000] {subprocess.py:93} INFO - 2025-03-09 17:01:10,715 : INFO : Calculating accuracy LinearRegression
[2025-03-09T17:01:18.461+0000] {subprocess.py:93} INFO - 2025/03/09 17:01:18 WARNING mlflow.models.model: Model logged without a signature and input example. Please set `input_example` parameter when logging the model to auto infer the model signature.
[2025-03-09T17:01:18.558+0000] {subprocess.py:93} INFO - 2025-03-09 17:01:18,558 : INFO : Logged model LinearRegression
[2025-03-09T17:01:18.578+0000] {subprocess.py:93} INFO - 2025/03/09 17:01:18 INFO mlflow.tracking._tracking_service.client: 🏃 View run LinearRegression at: http://localhost:5000/#/experiments/0/runs/6de7158268e44a1db7db69ad50aa9de4.
[2025-03-09T17:01:18.578+0000] {subprocess.py:93} INFO - 2025/03/09 17:01:18 INFO mlflow.tracking._tracking_service.client: 🧪 View experiment at: http://localhost:5000/#/experiments/0.
[2025-03-09T17:01:18.591+0000] {subprocess.py:93} INFO - 2025-03-09 17:01:18,591 : INFO : Training model DecisionTree
[2025-03-09T17:01:18.628+0000] {subprocess.py:93} INFO - 2025-03-09 17:01:18,628 : INFO : Predicting model DecisionTree
[2025-03-09T17:01:18.632+0000] {subprocess.py:93} INFO - 2025-03-09 17:01:18,631 : INFO : Calculating accuracy DecisionTree
[2025-03-09T17:01:26.581+0000] {subprocess.py:93} INFO - 2025/03/09 17:01:26 WARNING mlflow.models.model: Model logged without a signature and input example. Please set `input_example` parameter when logging the model to auto infer the model signature.
[2025-03-09T17:01:26.653+0000] {subprocess.py:93} INFO - 2025-03-09 17:01:26,653 : INFO : Logged model DecisionTree
[2025-03-09T17:01:26.667+0000] {subprocess.py:93} INFO - 2025/03/09 17:01:26 INFO mlflow.tracking._tracking_service.client: 🏃 View run DecisionTree at: http://localhost:5000/#/experiments/0/runs/e504ce83715b4a878643e2b6a1afee0a.
[2025-03-09T17:01:26.667+0000] {subprocess.py:93} INFO - 2025/03/09 17:01:26 INFO mlflow.tracking._tracking_service.client: 🧪 View experiment at: http://localhost:5000/#/experiments/0.
[2025-03-09T17:01:26.678+0000] {subprocess.py:93} INFO - 2025-03-09 17:01:26,677 : INFO : Starting best model registration
[2025-03-09T17:01:26.678+0000] {subprocess.py:93} INFO - 2025-03-09 17:01:26,678 : INFO : Finding Best model
[2025-03-09T17:01:26.859+0000] {subprocess.py:93} INFO - 2025-03-09 17:01:26,858 : INFO : Selected best model : run_id                                            d372010ed55142098d35f880b4b7339f
[2025-03-09T17:01:26.859+0000] {subprocess.py:93} INFO - experiment_id                                                                    0
[2025-03-09T17:01:26.859+0000] {subprocess.py:93} INFO - status                                                                    FINISHED
[2025-03-09T17:01:26.859+0000] {subprocess.py:93} INFO - artifact_uri                     mlflow-artifacts:/0/d372010ed55142098d35f880b4...
[2025-03-09T17:01:26.860+0000] {subprocess.py:93} INFO - start_time                                        2025-03-09 11:35:45.395000+00:00
[2025-03-09T17:01:26.860+0000] {subprocess.py:93} INFO - end_time                                          2025-03-09 11:35:50.125000+00:00
[2025-03-09T17:01:26.860+0000] {subprocess.py:93} INFO - metrics.f1_score                                                          0.652381
[2025-03-09T17:01:26.860+0000] {subprocess.py:93} INFO - metrics.precision                                                         0.791908
[2025-03-09T17:01:26.860+0000] {subprocess.py:93} INFO - metrics.recall                                                            0.554656
[2025-03-09T17:01:26.861+0000] {subprocess.py:93} INFO - metrics.accuracy                                                          0.878232
[2025-03-09T17:01:26.861+0000] {subprocess.py:93} INFO - params.model_type                                                     RandomForest
[2025-03-09T17:01:26.861+0000] {subprocess.py:93} INFO - tags.mlflow.source.type                                                      LOCAL
[2025-03-09T17:01:26.861+0000] {subprocess.py:93} INFO - tags.mlflow.source.git.commit             c7be44594672bffe451ff8b64c27676ce66f5d44
[2025-03-09T17:01:26.861+0000] {subprocess.py:93} INFO - tags.mlflow.log-model.history    [{"run_id": "d372010ed55142098d35f880b4b7339f"...
[2025-03-09T17:01:26.862+0000] {subprocess.py:93} INFO - tags.mlflow.source.name                              executables/model_training.py
[2025-03-09T17:01:26.862+0000] {subprocess.py:93} INFO - tags.mlflow.runName                                                   RandomForest
[2025-03-09T17:01:26.862+0000] {subprocess.py:93} INFO - tags.mlflow.user                                                           ***
[2025-03-09T17:01:26.862+0000] {subprocess.py:93} INFO - Name: 29, dtype: object
[2025-03-09T17:01:26.862+0000] {subprocess.py:93} INFO - 2025-03-09 17:01:26,859 : INFO : Registering best model runs:/d372010ed55142098d35f880b4b7339f/RandomForest_model
[2025-03-09T17:01:26.958+0000] {subprocess.py:93} INFO - Registered model 'Best_ML_Model' already exists. Creating a new version of this model...
[2025-03-09T17:01:26.959+0000] {subprocess.py:93} INFO - 2025/03/09 17:01:26 INFO mlflow.store.model_registry.abstract_store: Waiting up to 300 seconds for model version to finish creation. Model name: Best_ML_Model, version 10
[2025-03-09T17:01:26.959+0000] {subprocess.py:93} INFO - Created version '10' of model 'Best_ML_Model'.
[2025-03-09T17:01:26.959+0000] {subprocess.py:93} INFO - 2025-03-09 17:01:26,958 : INFO : Completed model training & registration !!
[2025-03-09T17:01:28.083+0000] {subprocess.py:93} INFO - On branch main
[2025-03-09T17:01:28.083+0000] {subprocess.py:93} INFO - Your branch is up to date with 'origin/main'.
[2025-03-09T17:01:28.084+0000] {subprocess.py:93} INFO - 
[2025-03-09T17:01:28.084+0000] {subprocess.py:93} INFO - Changes to be committed:
[2025-03-09T17:01:28.084+0000] {subprocess.py:93} INFO -   (use "git restore --staged <file>..." to unstage)
[2025-03-09T17:01:28.084+0000] {subprocess.py:93} INFO - 	new file:   logs/dag_id=customer_churn_ml_pipeline/run_id=manual__2025-03-09T16:57:40.995662+00:00/task_id=feature_store_task/attempt=1.log
[2025-03-09T17:01:28.085+0000] {subprocess.py:93} INFO - 	new file:   logs/dag_id=customer_churn_ml_pipeline/run_id=manual__2025-03-09T16:57:40.995662+00:00/task_id=model_training_task/attempt=1.log
[2025-03-09T17:01:28.085+0000] {subprocess.py:93} INFO - 	modified:   logs/dag_processor_manager/dag_processor_manager.log
[2025-03-09T17:01:28.085+0000] {subprocess.py:93} INFO - 	modified:   logs/model_training.log
[2025-03-09T17:01:28.085+0000] {subprocess.py:93} INFO - 	modified:   logs/scheduler/2025-03-09/customer_churn.py.log
[2025-03-09T17:01:28.085+0000] {subprocess.py:93} INFO - 	new file:   mlruns/0/6de7158268e44a1db7db69ad50aa9de4/meta.yaml
[2025-03-09T17:01:28.086+0000] {subprocess.py:93} INFO - 	new file:   mlruns/0/6de7158268e44a1db7db69ad50aa9de4/metrics/accuracy
[2025-03-09T17:01:28.086+0000] {subprocess.py:93} INFO - 	new file:   mlruns/0/6de7158268e44a1db7db69ad50aa9de4/metrics/f1_score
[2025-03-09T17:01:28.086+0000] {subprocess.py:93} INFO - 	new file:   mlruns/0/6de7158268e44a1db7db69ad50aa9de4/metrics/precision
[2025-03-09T17:01:28.086+0000] {subprocess.py:93} INFO - 	new file:   mlruns/0/6de7158268e44a1db7db69ad50aa9de4/metrics/recall
[2025-03-09T17:01:28.086+0000] {subprocess.py:93} INFO - 	new file:   mlruns/0/6de7158268e44a1db7db69ad50aa9de4/params/model_type
[2025-03-09T17:01:28.087+0000] {subprocess.py:93} INFO - 	new file:   mlruns/0/6de7158268e44a1db7db69ad50aa9de4/tags/mlflow.log-model.history
[2025-03-09T17:01:28.087+0000] {subprocess.py:93} INFO - 	new file:   mlruns/0/6de7158268e44a1db7db69ad50aa9de4/tags/mlflow.runName
[2025-03-09T17:01:28.087+0000] {subprocess.py:93} INFO - 	new file:   mlruns/0/6de7158268e44a1db7db69ad50aa9de4/tags/mlflow.source.git.commit
[2025-03-09T17:01:28.087+0000] {subprocess.py:93} INFO - 	new file:   mlruns/0/6de7158268e44a1db7db69ad50aa9de4/tags/mlflow.source.name
[2025-03-09T17:01:28.087+0000] {subprocess.py:93} INFO - 	new file:   mlruns/0/6de7158268e44a1db7db69ad50aa9de4/tags/mlflow.source.type
[2025-03-09T17:01:28.087+0000] {subprocess.py:93} INFO - 	new file:   mlruns/0/6de7158268e44a1db7db69ad50aa9de4/tags/mlflow.user
[2025-03-09T17:01:28.088+0000] {subprocess.py:93} INFO - 	new file:   mlruns/0/ca7189f070814c2485115a11d7a5371f/meta.yaml
[2025-03-09T17:01:28.088+0000] {subprocess.py:93} INFO - 	new file:   mlruns/0/ca7189f070814c2485115a11d7a5371f/metrics/accuracy
[2025-03-09T17:01:28.088+0000] {subprocess.py:93} INFO - 	new file:   mlruns/0/ca7189f070814c2485115a11d7a5371f/metrics/f1_score
[2025-03-09T17:01:28.088+0000] {subprocess.py:93} INFO - 	new file:   mlruns/0/ca7189f070814c2485115a11d7a5371f/metrics/precision
[2025-03-09T17:01:28.088+0000] {subprocess.py:93} INFO - 	new file:   mlruns/0/ca7189f070814c2485115a11d7a5371f/metrics/recall
[2025-03-09T17:01:28.089+0000] {subprocess.py:93} INFO - 	new file:   mlruns/0/ca7189f070814c2485115a11d7a5371f/params/model_type
[2025-03-09T17:01:28.089+0000] {subprocess.py:93} INFO - 	new file:   mlruns/0/ca7189f070814c2485115a11d7a5371f/tags/mlflow.log-model.history
[2025-03-09T17:01:28.089+0000] {subprocess.py:93} INFO - 	new file:   mlruns/0/ca7189f070814c2485115a11d7a5371f/tags/mlflow.runName
[2025-03-09T17:01:28.089+0000] {subprocess.py:93} INFO - 	new file:   mlruns/0/ca7189f070814c2485115a11d7a5371f/tags/mlflow.source.git.commit
[2025-03-09T17:01:28.089+0000] {subprocess.py:93} INFO - 	new file:   mlruns/0/ca7189f070814c2485115a11d7a5371f/tags/mlflow.source.name
[2025-03-09T17:01:28.090+0000] {subprocess.py:93} INFO - 	new file:   mlruns/0/ca7189f070814c2485115a11d7a5371f/tags/mlflow.source.type
[2025-03-09T17:01:28.090+0000] {subprocess.py:93} INFO - 	new file:   mlruns/0/ca7189f070814c2485115a11d7a5371f/tags/mlflow.user
[2025-03-09T17:01:28.090+0000] {subprocess.py:93} INFO - 	new file:   mlruns/0/e504ce83715b4a878643e2b6a1afee0a/meta.yaml
[2025-03-09T17:01:28.090+0000] {subprocess.py:93} INFO - 	new file:   mlruns/0/e504ce83715b4a878643e2b6a1afee0a/metrics/accuracy
[2025-03-09T17:01:28.091+0000] {subprocess.py:93} INFO - 	new file:   mlruns/0/e504ce83715b4a878643e2b6a1afee0a/metrics/f1_score
[2025-03-09T17:01:28.091+0000] {subprocess.py:93} INFO - 	new file:   mlruns/0/e504ce83715b4a878643e2b6a1afee0a/metrics/precision
[2025-03-09T17:01:28.091+0000] {subprocess.py:93} INFO - 	new file:   mlruns/0/e504ce83715b4a878643e2b6a1afee0a/metrics/recall
[2025-03-09T17:01:28.091+0000] {subprocess.py:93} INFO - 	new file:   mlruns/0/e504ce83715b4a878643e2b6a1afee0a/params/model_type
[2025-03-09T17:01:28.091+0000] {subprocess.py:93} INFO - 	new file:   mlruns/0/e504ce83715b4a878643e2b6a1afee0a/tags/mlflow.log-model.history
[2025-03-09T17:01:28.091+0000] {subprocess.py:93} INFO - 	new file:   mlruns/0/e504ce83715b4a878643e2b6a1afee0a/tags/mlflow.runName
[2025-03-09T17:01:28.092+0000] {subprocess.py:93} INFO - 	new file:   mlruns/0/e504ce83715b4a878643e2b6a1afee0a/tags/mlflow.source.git.commit
[2025-03-09T17:01:28.092+0000] {subprocess.py:93} INFO - 	new file:   mlruns/0/e504ce83715b4a878643e2b6a1afee0a/tags/mlflow.source.name
[2025-03-09T17:01:28.092+0000] {subprocess.py:93} INFO - 	new file:   mlruns/0/e504ce83715b4a878643e2b6a1afee0a/tags/mlflow.source.type
[2025-03-09T17:01:28.092+0000] {subprocess.py:93} INFO - 	new file:   mlruns/0/e504ce83715b4a878643e2b6a1afee0a/tags/mlflow.user
[2025-03-09T17:01:28.092+0000] {subprocess.py:93} INFO - 	modified:   mlruns/models/Best_ML_Model/meta.yaml
[2025-03-09T17:01:28.092+0000] {subprocess.py:93} INFO - 	new file:   mlruns/models/Best_ML_Model/version-10/meta.yaml
[2025-03-09T17:01:28.093+0000] {subprocess.py:93} INFO - 	new file:   models/DecisionTree.pkl
[2025-03-09T17:01:28.093+0000] {subprocess.py:93} INFO - 	new file:   models/LinearRegression.pkl
[2025-03-09T17:01:28.093+0000] {subprocess.py:93} INFO - 	new file:   models/LogisticRegression.pkl
[2025-03-09T17:01:28.093+0000] {subprocess.py:93} INFO - 	new file:   models/RandomForest.pkl
[2025-03-09T17:01:28.093+0000] {subprocess.py:93} INFO - 	new file:   models/SVM.pkl
[2025-03-09T17:01:28.094+0000] {subprocess.py:93} INFO - 	new file:   models/best_model.txt
[2025-03-09T17:01:28.094+0000] {subprocess.py:93} INFO - 
[2025-03-09T17:01:28.094+0000] {subprocess.py:93} INFO - Untracked files:
[2025-03-09T17:01:28.094+0000] {subprocess.py:93} INFO -   (use "git add <file>..." to include in what will be committed)
[2025-03-09T17:01:28.094+0000] {subprocess.py:93} INFO - 	customer_churn_stats/feature_repo/data/online_store.db
[2025-03-09T17:01:28.095+0000] {subprocess.py:93} INFO - 	customer_churn_stats/feature_repo/data/registry.db
[2025-03-09T17:01:28.095+0000] {subprocess.py:93} INFO - 	mlartifacts/
[2025-03-09T17:01:28.095+0000] {subprocess.py:93} INFO - 	online.db
[2025-03-09T17:01:28.095+0000] {subprocess.py:93} INFO - 
[2025-03-09T17:01:28.204+0000] {subprocess.py:93} INFO - [main 03d2d7e] Trained model version
[2025-03-09T17:01:28.204+0000] {subprocess.py:93} INFO -  49 files changed, 431 insertions(+), 1 deletion(-)
[2025-03-09T17:01:28.205+0000] {subprocess.py:93} INFO -  create mode 100644 logs/dag_id=customer_churn_ml_pipeline/run_id=manual__2025-03-09T16:57:40.995662+00:00/task_id=feature_store_task/attempt=1.log
[2025-03-09T17:01:28.205+0000] {subprocess.py:93} INFO -  create mode 100644 logs/dag_id=customer_churn_ml_pipeline/run_id=manual__2025-03-09T16:57:40.995662+00:00/task_id=model_training_task/attempt=1.log
[2025-03-09T17:01:28.205+0000] {subprocess.py:93} INFO -  create mode 100644 mlruns/0/6de7158268e44a1db7db69ad50aa9de4/meta.yaml
[2025-03-09T17:01:28.205+0000] {subprocess.py:93} INFO -  create mode 100644 mlruns/0/6de7158268e44a1db7db69ad50aa9de4/metrics/accuracy
[2025-03-09T17:01:28.206+0000] {subprocess.py:93} INFO -  create mode 100644 mlruns/0/6de7158268e44a1db7db69ad50aa9de4/metrics/f1_score
[2025-03-09T17:01:28.206+0000] {subprocess.py:93} INFO -  create mode 100644 mlruns/0/6de7158268e44a1db7db69ad50aa9de4/metrics/precision
[2025-03-09T17:01:28.206+0000] {subprocess.py:93} INFO -  create mode 100644 mlruns/0/6de7158268e44a1db7db69ad50aa9de4/metrics/recall
[2025-03-09T17:01:28.206+0000] {subprocess.py:93} INFO -  create mode 100644 mlruns/0/6de7158268e44a1db7db69ad50aa9de4/params/model_type
[2025-03-09T17:01:28.207+0000] {subprocess.py:93} INFO -  create mode 100644 mlruns/0/6de7158268e44a1db7db69ad50aa9de4/tags/mlflow.log-model.history
[2025-03-09T17:01:28.207+0000] {subprocess.py:93} INFO -  create mode 100644 mlruns/0/6de7158268e44a1db7db69ad50aa9de4/tags/mlflow.runName
[2025-03-09T17:01:28.207+0000] {subprocess.py:93} INFO -  create mode 100644 mlruns/0/6de7158268e44a1db7db69ad50aa9de4/tags/mlflow.source.git.commit
[2025-03-09T17:01:28.207+0000] {subprocess.py:93} INFO -  create mode 100644 mlruns/0/6de7158268e44a1db7db69ad50aa9de4/tags/mlflow.source.name
[2025-03-09T17:01:28.208+0000] {subprocess.py:93} INFO -  create mode 100644 mlruns/0/6de7158268e44a1db7db69ad50aa9de4/tags/mlflow.source.type
[2025-03-09T17:01:28.208+0000] {subprocess.py:93} INFO -  create mode 100644 mlruns/0/6de7158268e44a1db7db69ad50aa9de4/tags/mlflow.user
[2025-03-09T17:01:28.208+0000] {subprocess.py:93} INFO -  create mode 100644 mlruns/0/ca7189f070814c2485115a11d7a5371f/meta.yaml
[2025-03-09T17:01:28.208+0000] {subprocess.py:93} INFO -  create mode 100644 mlruns/0/ca7189f070814c2485115a11d7a5371f/metrics/accuracy
[2025-03-09T17:01:28.209+0000] {subprocess.py:93} INFO -  create mode 100644 mlruns/0/ca7189f070814c2485115a11d7a5371f/metrics/f1_score
[2025-03-09T17:01:28.209+0000] {subprocess.py:93} INFO -  create mode 100644 mlruns/0/ca7189f070814c2485115a11d7a5371f/metrics/precision
[2025-03-09T17:01:28.209+0000] {subprocess.py:93} INFO -  create mode 100644 mlruns/0/ca7189f070814c2485115a11d7a5371f/metrics/recall
[2025-03-09T17:01:28.209+0000] {subprocess.py:93} INFO -  create mode 100644 mlruns/0/ca7189f070814c2485115a11d7a5371f/params/model_type
[2025-03-09T17:01:28.209+0000] {subprocess.py:93} INFO -  create mode 100644 mlruns/0/ca7189f070814c2485115a11d7a5371f/tags/mlflow.log-model.history
[2025-03-09T17:01:28.210+0000] {subprocess.py:93} INFO -  create mode 100644 mlruns/0/ca7189f070814c2485115a11d7a5371f/tags/mlflow.runName
[2025-03-09T17:01:28.210+0000] {subprocess.py:93} INFO -  create mode 100644 mlruns/0/ca7189f070814c2485115a11d7a5371f/tags/mlflow.source.git.commit
[2025-03-09T17:01:28.210+0000] {subprocess.py:93} INFO -  create mode 100644 mlruns/0/ca7189f070814c2485115a11d7a5371f/tags/mlflow.source.name
[2025-03-09T17:01:28.210+0000] {subprocess.py:93} INFO -  create mode 100644 mlruns/0/ca7189f070814c2485115a11d7a5371f/tags/mlflow.source.type
[2025-03-09T17:01:28.211+0000] {subprocess.py:93} INFO -  create mode 100644 mlruns/0/ca7189f070814c2485115a11d7a5371f/tags/mlflow.user
[2025-03-09T17:01:28.211+0000] {subprocess.py:93} INFO -  create mode 100644 mlruns/0/e504ce83715b4a878643e2b6a1afee0a/meta.yaml
[2025-03-09T17:01:28.211+0000] {subprocess.py:93} INFO -  create mode 100644 mlruns/0/e504ce83715b4a878643e2b6a1afee0a/metrics/accuracy
[2025-03-09T17:01:28.211+0000] {subprocess.py:93} INFO -  create mode 100644 mlruns/0/e504ce83715b4a878643e2b6a1afee0a/metrics/f1_score
[2025-03-09T17:01:28.211+0000] {subprocess.py:93} INFO -  create mode 100644 mlruns/0/e504ce83715b4a878643e2b6a1afee0a/metrics/precision
[2025-03-09T17:01:28.212+0000] {subprocess.py:93} INFO -  create mode 100644 mlruns/0/e504ce83715b4a878643e2b6a1afee0a/metrics/recall
[2025-03-09T17:01:28.212+0000] {subprocess.py:93} INFO -  create mode 100644 mlruns/0/e504ce83715b4a878643e2b6a1afee0a/params/model_type
[2025-03-09T17:01:28.212+0000] {subprocess.py:93} INFO -  create mode 100644 mlruns/0/e504ce83715b4a878643e2b6a1afee0a/tags/mlflow.log-model.history
[2025-03-09T17:01:28.212+0000] {subprocess.py:93} INFO -  create mode 100644 mlruns/0/e504ce83715b4a878643e2b6a1afee0a/tags/mlflow.runName
[2025-03-09T17:01:28.213+0000] {subprocess.py:93} INFO -  create mode 100644 mlruns/0/e504ce83715b4a878643e2b6a1afee0a/tags/mlflow.source.git.commit
[2025-03-09T17:01:28.213+0000] {subprocess.py:93} INFO -  create mode 100644 mlruns/0/e504ce83715b4a878643e2b6a1afee0a/tags/mlflow.source.name
[2025-03-09T17:01:28.213+0000] {subprocess.py:93} INFO -  create mode 100644 mlruns/0/e504ce83715b4a878643e2b6a1afee0a/tags/mlflow.source.type
[2025-03-09T17:01:28.213+0000] {subprocess.py:93} INFO -  create mode 100644 mlruns/0/e504ce83715b4a878643e2b6a1afee0a/tags/mlflow.user
[2025-03-09T17:01:28.213+0000] {subprocess.py:93} INFO -  create mode 100644 mlruns/models/Best_ML_Model/version-10/meta.yaml
[2025-03-09T17:01:28.214+0000] {subprocess.py:93} INFO -  create mode 100644 models/DecisionTree.pkl
[2025-03-09T17:01:28.214+0000] {subprocess.py:93} INFO -  create mode 100644 models/LinearRegression.pkl
[2025-03-09T17:01:28.214+0000] {subprocess.py:93} INFO -  create mode 100644 models/LogisticRegression.pkl
[2025-03-09T17:01:28.214+0000] {subprocess.py:93} INFO -  create mode 100644 models/RandomForest.pkl
[2025-03-09T17:01:28.215+0000] {subprocess.py:93} INFO -  create mode 100644 models/SVM.pkl
[2025-03-09T17:01:28.215+0000] {subprocess.py:93} INFO -  create mode 100644 models/best_model.txt
[2025-03-09T17:01:28.215+0000] {subprocess.py:93} INFO - /bin/bash: line 4:  : command not found
[2025-03-09T17:01:32.185+0000] {subprocess.py:93} INFO - To https://github.com/anniemathew-trial/customer_churn_pipeline.git
[2025-03-09T17:01:32.186+0000] {subprocess.py:93} INFO -    9c6c942..03d2d7e  main -> main
[2025-03-09T17:01:32.192+0000] {subprocess.py:97} INFO - Command exited with return code 0
[2025-03-09T17:01:32.238+0000] {taskinstance.py:1400} INFO - Marking task as SUCCESS. dag_id=customer_churn_ml_pipeline, task_id=model_training_task, execution_date=20250309T165740, start_date=20250309T170038, end_date=20250309T170132
[2025-03-09T17:01:32.301+0000] {local_task_job_runner.py:228} INFO - Task exited with return code 0
[2025-03-09T17:01:32.332+0000] {taskinstance.py:2778} INFO - 0 downstream tasks scheduled from follow-on schedule check
