[2025-03-02T08:59:45.698+0000] {taskinstance.py:1159} INFO - Dependencies all met for dep_context=non-requeueable deps ti=<TaskInstance: customer_churn_ml_pipeline.data_ingestion_task manual__2025-03-02T08:59:40.521267+00:00 [queued]>
[2025-03-02T08:59:45.710+0000] {taskinstance.py:1159} INFO - Dependencies all met for dep_context=requeueable deps ti=<TaskInstance: customer_churn_ml_pipeline.data_ingestion_task manual__2025-03-02T08:59:40.521267+00:00 [queued]>
[2025-03-02T08:59:45.710+0000] {taskinstance.py:1361} INFO - Starting attempt 1 of 1
[2025-03-02T08:59:45.726+0000] {taskinstance.py:1382} INFO - Executing <Task(BashOperator): data_ingestion_task> on 2025-03-02 08:59:40.521267+00:00
[2025-03-02T08:59:45.730+0000] {standard_task_runner.py:57} INFO - Started process 5068 to run task
[2025-03-02T08:59:45.733+0000] {standard_task_runner.py:84} INFO - Running: ['***', 'tasks', 'run', 'customer_churn_ml_pipeline', 'data_ingestion_task', 'manual__2025-03-02T08:59:40.521267+00:00', '--job-id', '45', '--raw', '--subdir', 'DAGS_FOLDER/customer_churn.py', '--cfg-path', '/tmp/tmpcuk5t9g6']
[2025-03-02T08:59:45.735+0000] {standard_task_runner.py:85} INFO - Job 45: Subtask data_ingestion_task
[2025-03-02T08:59:45.756+0000] {logging_mixin.py:154} WARNING - /home/***/.local/lib/python3.8/site-packages/***/settings.py:195 DeprecationWarning: The sql_alchemy_conn option in [core] has been moved to the sql_alchemy_conn option in [database] - the old setting has been used, but please update your config.
[2025-03-02T08:59:45.800+0000] {task_command.py:416} INFO - Running <TaskInstance: customer_churn_ml_pipeline.data_ingestion_task manual__2025-03-02T08:59:40.521267+00:00 [running]> on host 9113a5746a05
[2025-03-02T08:59:45.909+0000] {taskinstance.py:1662} INFO - Exporting env vars: AIRFLOW_CTX_DAG_OWNER='***' AIRFLOW_CTX_DAG_ID='customer_churn_ml_pipeline' AIRFLOW_CTX_TASK_ID='data_ingestion_task' AIRFLOW_CTX_EXECUTION_DATE='2025-03-02T08:59:40.521267+00:00' AIRFLOW_CTX_TRY_NUMBER='1' AIRFLOW_CTX_DAG_RUN_ID='manual__2025-03-02T08:59:40.521267+00:00'
[2025-03-02T08:59:45.910+0000] {subprocess.py:63} INFO - Tmp dir root location: /tmp
[2025-03-02T08:59:45.910+0000] {subprocess.py:75} INFO - Running command: ['/bin/bash', '-c', 'python /opt/***/executables/data_ingestion.py && \t\t\tNOW=$(date \'+%d-%m-%Y\') &&\t\t\tcd /opt/*** && \t\t\tgit add logs &&                        git commit -m "Updated data ingestion" -a &&                         git push\n                    ']
[2025-03-02T08:59:45.919+0000] {subprocess.py:86} INFO - Output:
[2025-03-02T08:59:46.792+0000] {subprocess.py:93} INFO - 2025-03-02 08:59:46,792 : INFO : Reading data from CSV file customer_data.csv
[2025-03-02T08:59:46.865+0000] {subprocess.py:93} INFO - 2025-03-02 08:59:46,864 : INFO : Data from CSV customer_data.csv ingested successfully!
[2025-03-02T08:59:46.865+0000] {subprocess.py:93} INFO - 2025-03-02 08:59:46,865 : INFO : Connecting to Database
[2025-03-02T08:59:46.883+0000] {subprocess.py:93} INFO - 2025-03-02 08:59:46,882 : INFO : Connecting to Database Successfull
[2025-03-02T08:59:46.883+0000] {subprocess.py:93} INFO - 2025-03-02 08:59:46,883 : INFO : Reading data from database.
[2025-03-02T08:59:47.206+0000] {subprocess.py:93} INFO - /opt/***/executables/data_ingestion.py:49: UserWarning: pandas only supports SQLAlchemy connectable (engine/connection) or database string URI or sqlite3 DBAPI2 connection. Other DBAPI2 objects are not tested. Please consider using SQLAlchemy.
[2025-03-02T08:59:47.207+0000] {subprocess.py:93} INFO -   data = pd.read_sql(query, connection)
[2025-03-02T08:59:47.207+0000] {subprocess.py:93} INFO - 2025-03-02 08:59:47,206 : INFO : Data from Database ingested successfully!
[2025-03-02T08:59:47.420+0000] {subprocess.py:93} INFO - [main 09a9d35] Updated data ingestion
[2025-03-02T08:59:47.421+0000] {subprocess.py:93} INFO -  10 files changed, 272 insertions(+)
[2025-03-02T08:59:47.421+0000] {subprocess.py:93} INFO -  create mode 100644 logs/dag_id=customer_churn_ml_pipeline/run_id=manual__2025-03-02T08:55:31.990156+00:00/task_id=data_preparation_task/attempt=1.log
[2025-03-02T08:59:47.421+0000] {subprocess.py:93} INFO -  create mode 100644 logs/dag_id=customer_churn_ml_pipeline/run_id=manual__2025-03-02T08:55:31.990156+00:00/task_id=data_validation_task/attempt=1.log
[2025-03-02T08:59:47.421+0000] {subprocess.py:93} INFO -  create mode 100644 logs/dag_id=customer_churn_ml_pipeline/run_id=manual__2025-03-02T08:55:31.990156+00:00/task_id=raw_data_storage_task/attempt=1.log
[2025-03-02T08:59:47.421+0000] {subprocess.py:93} INFO -  create mode 100644 logs/dag_id=customer_churn_ml_pipeline/run_id=manual__2025-03-02T08:59:40.521267+00:00/task_id=data_ingestion_task/attempt=1.log
[2025-03-02T08:59:47.421+0000] {subprocess.py:93} INFO -  create mode 100644 logs/dag_id=customer_churn_ml_pipeline/run_id=manual__2025-03-02T08:59:40.521267+00:00/task_id=pull_latest_codes/attempt=1.log
[2025-03-02T08:59:47.422+0000] {subprocess.py:93} INFO -  create mode 100644 logs/raw_data_storage.log
[2025-03-02T08:59:49.053+0000] {subprocess.py:93} INFO - To https://github.com/anniemathew-trial/customer_churn_pipeline.git
[2025-03-02T08:59:49.054+0000] {subprocess.py:93} INFO -    94b8a17..09a9d35  main -> main
[2025-03-02T08:59:49.066+0000] {subprocess.py:97} INFO - Command exited with return code 0
[2025-03-02T08:59:49.133+0000] {taskinstance.py:1400} INFO - Marking task as SUCCESS. dag_id=customer_churn_ml_pipeline, task_id=data_ingestion_task, execution_date=20250302T085940, start_date=20250302T085945, end_date=20250302T085949
[2025-03-02T08:59:49.167+0000] {local_task_job_runner.py:228} INFO - Task exited with return code 0
[2025-03-02T08:59:49.214+0000] {taskinstance.py:2778} INFO - 1 downstream tasks scheduled from follow-on schedule check
