[2025-03-01T11:04:50.444+0000] {taskinstance.py:1159} INFO - Dependencies all met for dep_context=non-requeueable deps ti=<TaskInstance: customer_churn_ml_pipeline.data_preparation_task manual__2025-03-01T11:04:12.715877+00:00 [queued]>
[2025-03-01T11:04:50.455+0000] {taskinstance.py:1159} INFO - Dependencies all met for dep_context=requeueable deps ti=<TaskInstance: customer_churn_ml_pipeline.data_preparation_task manual__2025-03-01T11:04:12.715877+00:00 [queued]>
[2025-03-01T11:04:50.456+0000] {taskinstance.py:1361} INFO - Starting attempt 1 of 1
[2025-03-01T11:04:50.473+0000] {taskinstance.py:1382} INFO - Executing <Task(BashOperator): data_preparation_task> on 2025-03-01 11:04:12.715877+00:00
[2025-03-01T11:04:50.478+0000] {standard_task_runner.py:57} INFO - Started process 12417 to run task
[2025-03-01T11:04:50.482+0000] {standard_task_runner.py:84} INFO - Running: ['***', 'tasks', 'run', 'customer_churn_ml_pipeline', 'data_preparation_task', 'manual__2025-03-01T11:04:12.715877+00:00', '--job-id', '107', '--raw', '--subdir', 'DAGS_FOLDER/customer_churn.py', '--cfg-path', '/tmp/tmpq_xiiu45']
[2025-03-01T11:04:50.485+0000] {standard_task_runner.py:85} INFO - Job 107: Subtask data_preparation_task
[2025-03-01T11:04:50.507+0000] {logging_mixin.py:154} WARNING - /home/***/.local/lib/python3.8/site-packages/***/settings.py:195 DeprecationWarning: The sql_alchemy_conn option in [core] has been moved to the sql_alchemy_conn option in [database] - the old setting has been used, but please update your config.
[2025-03-01T11:04:50.556+0000] {task_command.py:416} INFO - Running <TaskInstance: customer_churn_ml_pipeline.data_preparation_task manual__2025-03-01T11:04:12.715877+00:00 [running]> on host 7e994a0ed489
[2025-03-01T11:04:50.689+0000] {taskinstance.py:1662} INFO - Exporting env vars: AIRFLOW_CTX_DAG_OWNER='***' AIRFLOW_CTX_DAG_ID='customer_churn_ml_pipeline' AIRFLOW_CTX_TASK_ID='data_preparation_task' AIRFLOW_CTX_EXECUTION_DATE='2025-03-01T11:04:12.715877+00:00' AIRFLOW_CTX_TRY_NUMBER='1' AIRFLOW_CTX_DAG_RUN_ID='manual__2025-03-01T11:04:12.715877+00:00'
[2025-03-01T11:04:50.690+0000] {subprocess.py:63} INFO - Tmp dir root location: /tmp
[2025-03-01T11:04:50.691+0000] {subprocess.py:75} INFO - Running command: ['/bin/bash', '-c', '\n\t\t\tcd /opt/***\n\t\t\tpython /opt/***/executables/data_preparation.py &&                         dvc add /opt/***/data/cleaned &&                         git add /opt/***/data/cleaned.dvc && \t\t\tgit add logs &&\\   \n\t\t\tgit add visualization &&                        git commit -m "Updated cleaned data version" -a &&                         dvc push && git push\n                    ']
[2025-03-01T11:04:50.702+0000] {subprocess.py:86} INFO - Output:
[2025-03-01T11:04:53.697+0000] {subprocess.py:93} INFO - 2025-03-01 11:04:53,696 : INFO : Starting data preparation for csv.
[2025-03-01T11:04:53.716+0000] {subprocess.py:93} INFO - 2025-03-01 11:04:53,716 : INFO : Handling 'Tenure', 'Balance', 'EstimatedSalary' empty data
[2025-03-01T11:04:53.716+0000] {subprocess.py:93} INFO - 2025-03-01 11:04:53,716 : INFO : Handling 'Age' empty data
[2025-03-01T11:04:53.718+0000] {subprocess.py:93} INFO - 2025-03-01 11:04:53,717 : INFO : Droping 'Surname' as it may lead to profiling, 'RowNumber', 'CustomerId' as it is not required
[2025-03-01T11:04:53.720+0000] {subprocess.py:93} INFO - 2025-03-01 11:04:53,719 : INFO : Making 'Geography', 'Gender', 'HasCrCard', 'IsActiveMember' as categorical
[2025-03-01T11:04:53.734+0000] {subprocess.py:93} INFO - 2025-03-01 11:04:53,733 : INFO : Saving data to S3.
[2025-03-01T11:04:53.805+0000] {subprocess.py:93} INFO - 2025-03-01 11:04:53,805 : INFO : Saving report to S3.
[2025-03-01T11:04:53.806+0000] {subprocess.py:93} INFO - 2025-03-01 11:04:53,806 : INFO : Creating Pie chart
[2025-03-01T11:04:53.880+0000] {subprocess.py:93} INFO - 2025-03-01 11:04:53,879 : INFO : Generating histogram for column CreditScore.
[2025-03-01T11:04:54.077+0000] {subprocess.py:93} INFO - 2025-03-01 11:04:54,076 : INFO : Generating histogram for column Geography.
[2025-03-01T11:04:54.264+0000] {subprocess.py:93} INFO - 2025-03-01 11:04:54,263 : INFO : Generating histogram for column Gender.
[2025-03-01T11:04:54.428+0000] {subprocess.py:93} INFO - 2025-03-01 11:04:54,428 : INFO : Generating histogram for column Age.
[2025-03-01T11:04:54.623+0000] {subprocess.py:93} INFO - 2025-03-01 11:04:54,623 : INFO : Generating histogram for column Tenure.
[2025-03-01T11:04:54.786+0000] {subprocess.py:93} INFO - 2025-03-01 11:04:54,785 : INFO : Generating histogram for column Balance.
[2025-03-01T11:04:54.957+0000] {subprocess.py:93} INFO - 2025-03-01 11:04:54,957 : INFO : Generating histogram for column NumOfProducts.
[2025-03-01T11:04:55.132+0000] {subprocess.py:93} INFO - 2025-03-01 11:04:55,132 : INFO : Generating histogram for column HasCrCard.
[2025-03-01T11:04:55.311+0000] {subprocess.py:93} INFO - 2025-03-01 11:04:55,311 : INFO : Generating histogram for column IsActiveMember.
[2025-03-01T11:04:55.466+0000] {subprocess.py:93} INFO - 2025-03-01 11:04:55,466 : INFO : Generating histogram for column EstimatedSalary.
[2025-03-01T11:04:55.655+0000] {subprocess.py:93} INFO - 2025-03-01 11:04:55,655 : INFO : Generating histogram for column Exited.
[2025-03-01T11:04:55.841+0000] {subprocess.py:93} INFO - 2025-03-01 11:04:55,840 : INFO : Generating histogram for relation of Exited with Categorical data.
[2025-03-01T11:04:56.310+0000] {subprocess.py:93} INFO - 2025-03-01 11:04:56,310 : INFO : Using categorical units to plot a list of strings that are all parsable as floats or dates. If these strings should be plotted as numbers, cast to the appropriate data type before plotting.
[2025-03-01T11:04:56.340+0000] {subprocess.py:93} INFO - 2025-03-01 11:04:56,340 : INFO : Using categorical units to plot a list of strings that are all parsable as floats or dates. If these strings should be plotted as numbers, cast to the appropriate data type before plotting.
[2025-03-01T11:04:56.435+0000] {subprocess.py:93} INFO - 2025-03-01 11:04:56,435 : INFO : Using categorical units to plot a list of strings that are all parsable as floats or dates. If these strings should be plotted as numbers, cast to the appropriate data type before plotting.
[2025-03-01T11:04:56.456+0000] {subprocess.py:93} INFO - 2025-03-01 11:04:56,456 : INFO : Using categorical units to plot a list of strings that are all parsable as floats or dates. If these strings should be plotted as numbers, cast to the appropriate data type before plotting.
[2025-03-01T11:04:56.507+0000] {subprocess.py:93} INFO - 2025-03-01 11:04:56,506 : INFO : Generating box plots for relation of Exited with non Categorical data.
[2025-03-01T11:04:56.756+0000] {subprocess.py:93} INFO - 2025-03-01 11:04:56,755 : INFO : Using categorical units to plot a list of strings that are all parsable as floats or dates. If these strings should be plotted as numbers, cast to the appropriate data type before plotting.
[2025-03-01T11:04:56.786+0000] {subprocess.py:93} INFO - 2025-03-01 11:04:56,786 : INFO : Using categorical units to plot a list of strings that are all parsable as floats or dates. If these strings should be plotted as numbers, cast to the appropriate data type before plotting.
[2025-03-01T11:04:56.928+0000] {subprocess.py:93} INFO - 2025-03-01 11:04:56,927 : INFO : Using categorical units to plot a list of strings that are all parsable as floats or dates. If these strings should be plotted as numbers, cast to the appropriate data type before plotting.
[2025-03-01T11:04:56.949+0000] {subprocess.py:93} INFO - 2025-03-01 11:04:56,948 : INFO : Using categorical units to plot a list of strings that are all parsable as floats or dates. If these strings should be plotted as numbers, cast to the appropriate data type before plotting.
[2025-03-01T11:04:57.050+0000] {subprocess.py:93} INFO - 2025-03-01 11:04:57,049 : INFO : Using categorical units to plot a list of strings that are all parsable as floats or dates. If these strings should be plotted as numbers, cast to the appropriate data type before plotting.
[2025-03-01T11:04:57.070+0000] {subprocess.py:93} INFO - 2025-03-01 11:04:57,070 : INFO : Using categorical units to plot a list of strings that are all parsable as floats or dates. If these strings should be plotted as numbers, cast to the appropriate data type before plotting.
[2025-03-01T11:04:57.166+0000] {subprocess.py:93} INFO - 2025-03-01 11:04:57,165 : INFO : Using categorical units to plot a list of strings that are all parsable as floats or dates. If these strings should be plotted as numbers, cast to the appropriate data type before plotting.
[2025-03-01T11:04:57.186+0000] {subprocess.py:93} INFO - 2025-03-01 11:04:57,185 : INFO : Using categorical units to plot a list of strings that are all parsable as floats or dates. If these strings should be plotted as numbers, cast to the appropriate data type before plotting.
[2025-03-01T11:04:57.293+0000] {subprocess.py:93} INFO - 2025-03-01 11:04:57,292 : INFO : Using categorical units to plot a list of strings that are all parsable as floats or dates. If these strings should be plotted as numbers, cast to the appropriate data type before plotting.
[2025-03-01T11:04:57.323+0000] {subprocess.py:93} INFO - 2025-03-01 11:04:57,322 : INFO : Using categorical units to plot a list of strings that are all parsable as floats or dates. If these strings should be plotted as numbers, cast to the appropriate data type before plotting.
[2025-03-01T11:04:57.444+0000] {subprocess.py:93} INFO - 2025-03-01 11:04:57,444 : INFO : Using categorical units to plot a list of strings that are all parsable as floats or dates. If these strings should be plotted as numbers, cast to the appropriate data type before plotting.
[2025-03-01T11:04:57.466+0000] {subprocess.py:93} INFO - 2025-03-01 11:04:57,465 : INFO : Using categorical units to plot a list of strings that are all parsable as floats or dates. If these strings should be plotted as numbers, cast to the appropriate data type before plotting.
[2025-03-01T11:04:58.006+0000] {subprocess.py:93} INFO - 2025-03-01 11:04:58,002 : INFO : Saved pdf in visualization/plots.pdf
[2025-03-01T11:05:00.256+0000] {subprocess.py:93} INFO - 
[2025-03-01T11:05:00.257+0000] {subprocess.py:93} INFO - To track the changes with git, run:
[2025-03-01T11:05:00.257+0000] {subprocess.py:93} INFO - 
[2025-03-01T11:05:00.258+0000] {subprocess.py:93} INFO - 	git add data/cleaned.dvc
[2025-03-01T11:05:00.258+0000] {subprocess.py:93} INFO - 
[2025-03-01T11:05:00.258+0000] {subprocess.py:93} INFO - To enable auto staging, run:
[2025-03-01T11:05:00.258+0000] {subprocess.py:93} INFO - 
[2025-03-01T11:05:00.258+0000] {subprocess.py:93} INFO - 	dvc config core.autostage true
[2025-03-01T11:05:00.634+0000] {subprocess.py:93} INFO - /bin/bash: line 3:  : command not found
[2025-03-01T11:05:00.685+0000] {subprocess.py:93} INFO - [main ea078e5] Updated cleaned data version
[2025-03-01T11:05:00.686+0000] {subprocess.py:93} INFO -  6 files changed, 123 insertions(+)
[2025-03-01T11:05:00.686+0000] {subprocess.py:93} INFO -  create mode 100644 logs/dag_id=customer_churn_ml_pipeline/run_id=manual__2025-03-01T11:04:12.715877+00:00/task_id=data_preparation_task/attempt=1.log
[2025-03-01T11:05:06.567+0000] {subprocess.py:93} INFO - Everything is up to date.
[2025-03-01T11:05:08.715+0000] {subprocess.py:93} INFO - To https://github.com/anniemathew-trial/customer_churn_pipeline.git
[2025-03-01T11:05:08.716+0000] {subprocess.py:93} INFO -    b20fd85..ea078e5  main -> main
[2025-03-01T11:05:08.724+0000] {subprocess.py:97} INFO - Command exited with return code 0
[2025-03-01T11:05:08.800+0000] {taskinstance.py:1400} INFO - Marking task as SUCCESS. dag_id=customer_churn_ml_pipeline, task_id=data_preparation_task, execution_date=20250301T110412, start_date=20250301T110450, end_date=20250301T110508
[2025-03-01T11:05:08.861+0000] {local_task_job_runner.py:228} INFO - Task exited with return code 0
[2025-03-01T11:05:08.929+0000] {taskinstance.py:2778} INFO - 1 downstream tasks scheduled from follow-on schedule check
