[2025-03-02T08:40:22.066+0000] {taskinstance.py:1159} INFO - Dependencies all met for dep_context=non-requeueable deps ti=<TaskInstance: customer_churn_ml_pipeline.data_preparation_task manual__2025-03-02T08:40:20.735736+00:00 [queued]>
[2025-03-02T08:40:22.081+0000] {taskinstance.py:1159} INFO - Dependencies all met for dep_context=requeueable deps ti=<TaskInstance: customer_churn_ml_pipeline.data_preparation_task manual__2025-03-02T08:40:20.735736+00:00 [queued]>
[2025-03-02T08:40:22.082+0000] {taskinstance.py:1361} INFO - Starting attempt 1 of 1
[2025-03-02T08:40:22.107+0000] {taskinstance.py:1382} INFO - Executing <Task(BashOperator): data_preparation_task> on 2025-03-02 08:40:20.735736+00:00
[2025-03-02T08:40:22.111+0000] {standard_task_runner.py:57} INFO - Started process 3809 to run task
[2025-03-02T08:40:22.120+0000] {standard_task_runner.py:84} INFO - Running: ['***', 'tasks', 'run', 'customer_churn_ml_pipeline', 'data_preparation_task', 'manual__2025-03-02T08:40:20.735736+00:00', '--job-id', '14', '--raw', '--subdir', 'DAGS_FOLDER/customer_churn.py', '--cfg-path', '/tmp/tmpif2nh9n8']
[2025-03-02T08:40:22.124+0000] {standard_task_runner.py:85} INFO - Job 14: Subtask data_preparation_task
[2025-03-02T08:40:22.156+0000] {logging_mixin.py:154} WARNING - /home/***/.local/lib/python3.8/site-packages/***/settings.py:195 DeprecationWarning: The sql_alchemy_conn option in [core] has been moved to the sql_alchemy_conn option in [database] - the old setting has been used, but please update your config.
[2025-03-02T08:40:22.224+0000] {task_command.py:416} INFO - Running <TaskInstance: customer_churn_ml_pipeline.data_preparation_task manual__2025-03-02T08:40:20.735736+00:00 [running]> on host 9113a5746a05
[2025-03-02T08:40:22.370+0000] {taskinstance.py:1662} INFO - Exporting env vars: AIRFLOW_CTX_DAG_OWNER='***' AIRFLOW_CTX_DAG_ID='customer_churn_ml_pipeline' AIRFLOW_CTX_TASK_ID='data_preparation_task' AIRFLOW_CTX_EXECUTION_DATE='2025-03-02T08:40:20.735736+00:00' AIRFLOW_CTX_TRY_NUMBER='1' AIRFLOW_CTX_DAG_RUN_ID='manual__2025-03-02T08:40:20.735736+00:00'
[2025-03-02T08:40:22.372+0000] {subprocess.py:63} INFO - Tmp dir root location: /tmp
[2025-03-02T08:40:22.374+0000] {subprocess.py:75} INFO - Running command: ['/bin/bash', '-c', '\n\t\t\tNOW=$(date \'+%d-%m-%Y\') &&\t\t\tcd /opt/*** &&\t\t\tpython /opt/***/executables/data_preparation.py &&                         dvc add /opt/***/data/cleaned &&                         git add /opt/***/data/cleaned.dvc && \t\t\tgit add logs &&\\   \n\t\t\tgit add visualization &&                        git commit -m "Updated cleaned data version" -a &&                         dvc push && git push\n                    ']
[2025-03-02T08:40:22.385+0000] {subprocess.py:86} INFO - Output:
[2025-03-02T08:40:22.583+0000] {subprocess.py:93} INFO - Traceback (most recent call last):
[2025-03-02T08:40:22.584+0000] {subprocess.py:93} INFO -   File "/opt/***/executables/data_preparation.py", line 1, in <module>
[2025-03-02T08:40:22.584+0000] {subprocess.py:93} INFO -     from sklearn.preprocessing import StandardScaler
[2025-03-02T08:40:22.584+0000] {subprocess.py:93} INFO - ModuleNotFoundError: No module named 'sklearn'
[2025-03-02T08:40:22.675+0000] {subprocess.py:93} INFO - [main f592223] Updated cleaned data version
[2025-03-02T08:40:22.675+0000] {subprocess.py:93} INFO -  5 files changed, 132 insertions(+)
[2025-03-02T08:40:26.569+0000] {subprocess.py:93} INFO - Everything is up to date.
