[2025-03-01T09:43:11.047+0000] {taskinstance.py:1159} INFO - Dependencies all met for dep_context=non-requeueable deps ti=<TaskInstance: customer_churn_ml_pipeline.data_ingestion_task manual__2025-03-01T09:43:03.542333+00:00 [queued]>
[2025-03-01T09:43:11.060+0000] {taskinstance.py:1159} INFO - Dependencies all met for dep_context=requeueable deps ti=<TaskInstance: customer_churn_ml_pipeline.data_ingestion_task manual__2025-03-01T09:43:03.542333+00:00 [queued]>
[2025-03-01T09:43:11.060+0000] {taskinstance.py:1361} INFO - Starting attempt 1 of 1
[2025-03-01T09:43:11.079+0000] {taskinstance.py:1382} INFO - Executing <Task(BashOperator): data_ingestion_task> on 2025-03-01 09:43:03.542333+00:00
[2025-03-01T09:43:11.084+0000] {standard_task_runner.py:57} INFO - Started process 5570 to run task
[2025-03-01T09:43:11.087+0000] {standard_task_runner.py:84} INFO - Running: ['***', 'tasks', 'run', 'customer_churn_ml_pipeline', 'data_ingestion_task', 'manual__2025-03-01T09:43:03.542333+00:00', '--job-id', '21', '--raw', '--subdir', 'DAGS_FOLDER/customer_churn.py', '--cfg-path', '/tmp/tmpq4vloj3y']
[2025-03-01T09:43:11.090+0000] {standard_task_runner.py:85} INFO - Job 21: Subtask data_ingestion_task
[2025-03-01T09:43:11.116+0000] {logging_mixin.py:154} WARNING - /home/***/.local/lib/python3.8/site-packages/***/settings.py:195 DeprecationWarning: The sql_alchemy_conn option in [core] has been moved to the sql_alchemy_conn option in [database] - the old setting has been used, but please update your config.
[2025-03-01T09:43:11.159+0000] {task_command.py:416} INFO - Running <TaskInstance: customer_churn_ml_pipeline.data_ingestion_task manual__2025-03-01T09:43:03.542333+00:00 [running]> on host 7e994a0ed489
[2025-03-01T09:43:11.281+0000] {taskinstance.py:1662} INFO - Exporting env vars: AIRFLOW_CTX_DAG_OWNER='***' AIRFLOW_CTX_DAG_ID='customer_churn_ml_pipeline' AIRFLOW_CTX_TASK_ID='data_ingestion_task' AIRFLOW_CTX_EXECUTION_DATE='2025-03-01T09:43:03.542333+00:00' AIRFLOW_CTX_TRY_NUMBER='1' AIRFLOW_CTX_DAG_RUN_ID='manual__2025-03-01T09:43:03.542333+00:00'
[2025-03-01T09:43:11.282+0000] {subprocess.py:63} INFO - Tmp dir root location: /tmp
[2025-03-01T09:43:11.283+0000] {subprocess.py:75} INFO - Running command: ['/bin/bash', '-c', 'python /opt/***/executables/data_ingestion.py && \t\t\tcd /opt/*** && \t\t\tgit rm -r --cached \'data/raw\'\n\t\t\tgit commit -m "stop tracking data/raw"\n                        dvc add /opt/***/data/raw &&                         git add /opt/***/data/raw.dvc &&                         git commit -m "Updated raw data version" -a &&                         dvc push && git push\n                    ']
[2025-03-01T09:43:11.291+0000] {subprocess.py:86} INFO - Output:
[2025-03-01T09:43:12.887+0000] {subprocess.py:93} INFO - /opt/***/executables/data_ingestion.py:46: UserWarning: pandas only supports SQLAlchemy connectable (engine/connection) or database string URI or sqlite3 DBAPI2 connection. Other DBAPI2 objects are not tested. Please consider using SQLAlchemy.
[2025-03-01T09:43:12.888+0000] {subprocess.py:93} INFO -   data = pd.read_sql(query, connection)
[2025-03-01T09:43:13.013+0000] {subprocess.py:93} INFO - fatal: pathspec 'data/raw' did not match any files
[2025-03-01T09:43:13.018+0000] {subprocess.py:93} INFO - On branch main
[2025-03-01T09:43:13.019+0000] {subprocess.py:93} INFO - Your branch is up to date with 'origin/main'.
[2025-03-01T09:43:13.019+0000] {subprocess.py:93} INFO - 
[2025-03-01T09:43:13.019+0000] {subprocess.py:93} INFO - Last command done (1 command done):
[2025-03-01T09:43:13.020+0000] {subprocess.py:93} INFO -    pick 3c82e37 Initial Commit
[2025-03-01T09:43:13.020+0000] {subprocess.py:93} INFO - No commands remaining.
[2025-03-01T09:43:13.020+0000] {subprocess.py:93} INFO - You are currently editing a commit while rebasing branch 'master' on 'f6df714'.
[2025-03-01T09:43:13.020+0000] {subprocess.py:93} INFO -   (use "git commit --amend" to amend the current commit)
[2025-03-01T09:43:13.020+0000] {subprocess.py:93} INFO -   (use "git rebase --continue" once you are satisfied with your changes)
[2025-03-01T09:43:13.020+0000] {subprocess.py:93} INFO - 
[2025-03-01T09:43:13.021+0000] {subprocess.py:93} INFO - Changes not staged for commit:
[2025-03-01T09:43:13.021+0000] {subprocess.py:93} INFO -   (use "git add <file>..." to update what will be committed)
[2025-03-01T09:43:13.021+0000] {subprocess.py:93} INFO -   (use "git restore <file>..." to discard changes in working directory)
[2025-03-01T09:43:13.021+0000] {subprocess.py:93} INFO - 	modified:   logs/dag_processor_manager/dag_processor_manager.log
[2025-03-01T09:43:13.021+0000] {subprocess.py:93} INFO - 	modified:   logs/data_ingestion.log
[2025-03-01T09:43:13.022+0000] {subprocess.py:93} INFO - 
[2025-03-01T09:43:13.022+0000] {subprocess.py:93} INFO - Untracked files:
[2025-03-01T09:43:13.022+0000] {subprocess.py:93} INFO -   (use "git add <file>..." to include in what will be committed)
[2025-03-01T09:43:13.022+0000] {subprocess.py:93} INFO - 	logs/dag_id=customer_churn_ml_pipeline/run_id=manual__2025-03-01T09:24:44.681682+00:00/
[2025-03-01T09:43:13.022+0000] {subprocess.py:93} INFO - 	logs/dag_id=customer_churn_ml_pipeline/run_id=manual__2025-03-01T09:26:34.885424+00:00/
[2025-03-01T09:43:13.023+0000] {subprocess.py:93} INFO - 	logs/dag_id=customer_churn_ml_pipeline/run_id=manual__2025-03-01T09:28:45.794831+00:00/
[2025-03-01T09:43:13.023+0000] {subprocess.py:93} INFO - 	logs/dag_id=customer_churn_ml_pipeline/run_id=manual__2025-03-01T09:33:50.885804+00:00/
[2025-03-01T09:43:13.023+0000] {subprocess.py:93} INFO - 	logs/dag_id=customer_churn_ml_pipeline/run_id=manual__2025-03-01T09:35:58.132908+00:00/
[2025-03-01T09:43:13.023+0000] {subprocess.py:93} INFO - 	logs/dag_id=customer_churn_ml_pipeline/run_id=manual__2025-03-01T09:43:03.542333+00:00/
[2025-03-01T09:43:13.023+0000] {subprocess.py:93} INFO - 	logs/dag_id=customer_churn_ml_pipeline/run_id=scheduled__2025-02-28T08:00:00+00:00/
[2025-03-01T09:43:13.023+0000] {subprocess.py:93} INFO - 	logs/scheduler/2025-03-01/
[2025-03-01T09:43:13.024+0000] {subprocess.py:93} INFO - 
[2025-03-01T09:43:13.024+0000] {subprocess.py:93} INFO - no changes added to commit (use "git add" and/or "git commit -a")
[2025-03-01T09:43:15.064+0000] {subprocess.py:93} INFO - 
[2025-03-01T09:43:15.064+0000] {subprocess.py:93} INFO - To track the changes with git, run:
[2025-03-01T09:43:15.065+0000] {subprocess.py:93} INFO - 
[2025-03-01T09:43:15.065+0000] {subprocess.py:93} INFO - 	git add data/raw.dvc
[2025-03-01T09:43:15.066+0000] {subprocess.py:93} INFO - 
[2025-03-01T09:43:15.067+0000] {subprocess.py:93} INFO - To enable auto staging, run:
[2025-03-01T09:43:15.067+0000] {subprocess.py:93} INFO - 
[2025-03-01T09:43:15.067+0000] {subprocess.py:93} INFO - 	dvc config core.autostage true
[2025-03-01T09:43:15.440+0000] {subprocess.py:93} INFO - [main ca62abf] Updated raw data version
[2025-03-01T09:43:15.441+0000] {subprocess.py:93} INFO -  2 files changed, 36 insertions(+)
[2025-03-01T09:43:21.945+0000] {subprocess.py:93} INFO - Everything is up to date.
[2025-03-01T09:43:23.618+0000] {subprocess.py:93} INFO - To https://github.com/anniemathew-trial/customer_churn_pipeline.git
[2025-03-01T09:43:23.619+0000] {subprocess.py:93} INFO -    f4e1693..ca62abf  main -> main
[2025-03-01T09:43:23.640+0000] {subprocess.py:97} INFO - Command exited with return code 0
[2025-03-01T09:43:23.683+0000] {taskinstance.py:1400} INFO - Marking task as SUCCESS. dag_id=customer_churn_ml_pipeline, task_id=data_ingestion_task, execution_date=20250301T094303, start_date=20250301T094311, end_date=20250301T094323
[2025-03-01T09:43:23.713+0000] {local_task_job_runner.py:228} INFO - Task exited with return code 0
[2025-03-01T09:43:23.768+0000] {taskinstance.py:2778} INFO - 1 downstream tasks scheduled from follow-on schedule check
