[2025-03-01T11:28:33.731+0000] {taskinstance.py:1159} INFO - Dependencies all met for dep_context=non-requeueable deps ti=<TaskInstance: customer_churn_ml_pipeline.model_training_task manual__2025-03-01T11:26:24.198717+00:00 [queued]>
[2025-03-01T11:28:33.747+0000] {taskinstance.py:1159} INFO - Dependencies all met for dep_context=requeueable deps ti=<TaskInstance: customer_churn_ml_pipeline.model_training_task manual__2025-03-01T11:26:24.198717+00:00 [queued]>
[2025-03-01T11:28:33.748+0000] {taskinstance.py:1361} INFO - Starting attempt 1 of 1
[2025-03-01T11:28:33.771+0000] {taskinstance.py:1382} INFO - Executing <Task(BashOperator): model_training_task> on 2025-03-01 11:26:24.198717+00:00
[2025-03-01T11:28:33.778+0000] {standard_task_runner.py:57} INFO - Started process 14540 to run task
[2025-03-01T11:28:33.784+0000] {standard_task_runner.py:84} INFO - Running: ['***', 'tasks', 'run', 'customer_churn_ml_pipeline', 'model_training_task', 'manual__2025-03-01T11:26:24.198717+00:00', '--job-id', '136', '--raw', '--subdir', 'DAGS_FOLDER/customer_churn.py', '--cfg-path', '/tmp/tmpkfycilpf']
[2025-03-01T11:28:33.789+0000] {standard_task_runner.py:85} INFO - Job 136: Subtask model_training_task
[2025-03-01T11:28:33.822+0000] {logging_mixin.py:154} WARNING - /home/***/.local/lib/python3.8/site-packages/***/settings.py:195 DeprecationWarning: The sql_alchemy_conn option in [core] has been moved to the sql_alchemy_conn option in [database] - the old setting has been used, but please update your config.
[2025-03-01T11:28:33.887+0000] {task_command.py:416} INFO - Running <TaskInstance: customer_churn_ml_pipeline.model_training_task manual__2025-03-01T11:26:24.198717+00:00 [running]> on host 7e994a0ed489
[2025-03-01T11:28:34.051+0000] {taskinstance.py:1662} INFO - Exporting env vars: AIRFLOW_CTX_DAG_OWNER='***' AIRFLOW_CTX_DAG_ID='customer_churn_ml_pipeline' AIRFLOW_CTX_TASK_ID='model_training_task' AIRFLOW_CTX_EXECUTION_DATE='2025-03-01T11:26:24.198717+00:00' AIRFLOW_CTX_TRY_NUMBER='1' AIRFLOW_CTX_DAG_RUN_ID='manual__2025-03-01T11:26:24.198717+00:00'
[2025-03-01T11:28:34.053+0000] {subprocess.py:63} INFO - Tmp dir root location: /tmp
[2025-03-01T11:28:34.054+0000] {subprocess.py:75} INFO - Running command: ['/bin/bash', '-c', '\n\t    \t\tcd /opt/***\n       \t\t\t    python /opt/***/executables/model_training.py && \t      \t\t    git add logs &&\t      \t\t    git add mlruns &&                            git commit -m "Trained model version" -a && \\    \n\t\t\t    git push\n                        ']
[2025-03-01T11:28:34.069+0000] {subprocess.py:86} INFO - Output:
[2025-03-01T11:28:42.101+0000] {subprocess.py:93} INFO - /home/***/.local/lib/python3.8/site-packages/mlflow/gateway/config.py:64: PydanticDeprecatedSince20: Pydantic V1 style `@validator` validators are deprecated. You should migrate to Pydantic V2 style `@field_validator` validators, see the migration guide for more details. Deprecated in Pydantic V2.0 to be removed in V3.0. See Pydantic V2 Migration Guide at https://errors.pydantic.dev/2.4/migration/
[2025-03-01T11:28:42.102+0000] {subprocess.py:93} INFO -   @validator("togetherai_api_key", pre=True)
[2025-03-01T11:28:42.102+0000] {subprocess.py:93} INFO - /home/***/.local/lib/python3.8/site-packages/mlflow/gateway/config.py:372: PydanticDeprecatedSince20: Pydantic V1 style `@root_validator` validators are deprecated. You should migrate to Pydantic V2 style `@model_validator` validators, see the migration guide for more details. Deprecated in Pydantic V2.0 to be removed in V3.0. See Pydantic V2 Migration Guide at https://errors.pydantic.dev/2.4/migration/
[2025-03-01T11:28:42.102+0000] {subprocess.py:93} INFO -   @root_validator(skip_on_failure=True)
[2025-03-01T11:28:42.102+0000] {subprocess.py:93} INFO - /home/***/.local/lib/python3.8/site-packages/pydantic/_internal/_config.py:267: PydanticDeprecatedSince20: Support for class-based `config` is deprecated, use ConfigDict instead. Deprecated in Pydantic V2.0 to be removed in V3.0. See Pydantic V2 Migration Guide at https://errors.pydantic.dev/2.4/migration/
[2025-03-01T11:28:42.103+0000] {subprocess.py:93} INFO -   warnings.warn(DEPRECATION_MESSAGE, DeprecationWarning)
[2025-03-01T11:28:42.103+0000] {subprocess.py:93} INFO - 2025-03-01 11:28:42,101 : INFO : Starting model training
[2025-03-01T11:28:42.126+0000] {subprocess.py:93} INFO - 2025-03-01 11:28:42,126 : INFO : Registry cache expired, so refreshing
[2025-03-01T11:28:42.142+0000] {subprocess.py:93} INFO - 2025-03-01 11:28:42,141 : INFO : Getting data
[2025-03-01T11:28:42.143+0000] {subprocess.py:93} INFO - 2025-03-01 11:28:42,142 : INFO : Start and End Range: 1 to 1000
[2025-03-01T11:28:42.697+0000] {subprocess.py:93} INFO - 2025-03-01 11:28:42,696 : INFO : New Start and End Range: 1001 to 2000
[2025-03-01T11:28:42.697+0000] {subprocess.py:93} INFO - 2025-03-01 11:28:42,697 : INFO : Start and End Range: 1001 to 2000
[2025-03-01T11:28:43.072+0000] {subprocess.py:93} INFO - 2025-03-01 11:28:43,072 : INFO : New Start and End Range: 3001 to 4000
[2025-03-01T11:28:43.073+0000] {subprocess.py:93} INFO - 2025-03-01 11:28:43,073 : INFO : Start and End Range: 3001 to 4000
[2025-03-01T11:28:43.594+0000] {subprocess.py:93} INFO - 2025-03-01 11:28:43,594 : INFO : New Start and End Range: 7001 to 8000
[2025-03-01T11:28:43.595+0000] {subprocess.py:93} INFO - 2025-03-01 11:28:43,595 : INFO : Start and End Range: 7001 to 8000
[2025-03-01T11:28:44.038+0000] {subprocess.py:93} INFO - 2025-03-01 11:28:44,038 : INFO : New Start and End Range: 15001 to 16000
[2025-03-01T11:28:44.038+0000] {subprocess.py:93} INFO - 2025-03-01 11:28:44,038 : INFO : Start and End Range: 15001 to 16000
[2025-03-01T11:28:44.557+0000] {subprocess.py:93} INFO - 2025-03-01 11:28:44,557 : INFO : New Start and End Range: 31001 to 32000
[2025-03-01T11:28:44.558+0000] {subprocess.py:93} INFO - 2025-03-01 11:28:44,557 : INFO : Start and End Range: 31001 to 32000
[2025-03-01T11:28:44.944+0000] {subprocess.py:93} INFO - 2025-03-01 11:28:44,944 : INFO : New Start and End Range: 63001 to 64000
[2025-03-01T11:28:44.945+0000] {subprocess.py:93} INFO - 2025-03-01 11:28:44,945 : INFO : Start and End Range: 63001 to 64000
[2025-03-01T11:28:45.339+0000] {subprocess.py:93} INFO - 2025-03-01 11:28:45,338 : INFO : New Start and End Range: 127001 to 128000
[2025-03-01T11:28:45.339+0000] {subprocess.py:93} INFO - 2025-03-01 11:28:45,339 : INFO : Start and End Range: 127001 to 128000
[2025-03-01T11:28:45.733+0000] {subprocess.py:93} INFO - 2025-03-01 11:28:45,733 : INFO : New Start and End Range: 255001 to 256000
[2025-03-01T11:28:45.733+0000] {subprocess.py:93} INFO - 2025-03-01 11:28:45,733 : INFO : Start and End Range: 255001 to 256000
[2025-03-01T11:28:45.821+0000] {subprocess.py:93} INFO - 2025-03-01 11:28:45,821 : INFO : Stoping at Start and End Range: 255001 to 256000
[2025-03-01T11:28:45.822+0000] {subprocess.py:93} INFO - 2025-03-01 11:28:45,821 : INFO : Created feature data
[2025-03-01T11:28:45.877+0000] {subprocess.py:93} INFO - 2025-03-01 11:28:45,825 : INFO :    Id  CreditScoreTenureRatio  ...  IsActiveMember  NumOfProducts
[2025-03-01T11:28:45.878+0000] {subprocess.py:93} INFO - 0   1                   310.0  ...               1              1
[2025-03-01T11:28:45.878+0000] {subprocess.py:93} INFO - 1   2                   608.0  ...               1              1
[2025-03-01T11:28:45.878+0000] {subprocess.py:93} INFO - 2   3                    63.0  ...               1              3
[2025-03-01T11:28:45.878+0000] {subprocess.py:93} INFO - 3   4                   699.0  ...               1              2
[2025-03-01T11:28:45.878+0000] {subprocess.py:93} INFO - 4   5                   425.0  ...               1              1
[2025-03-01T11:28:45.878+0000] {subprocess.py:93} INFO - 
[2025-03-01T11:28:45.879+0000] {subprocess.py:93} INFO - [5 rows x 17 columns]
[2025-03-01T11:28:45.879+0000] {subprocess.py:93} INFO - 2025-03-01 11:28:45,878 : INFO : received feature data
[2025-03-01T11:28:45.890+0000] {subprocess.py:93} INFO - 2025-03-01 11:28:45,890 : INFO : Models defined
[2025-03-01T11:28:45.891+0000] {subprocess.py:93} INFO - 2025-03-01 11:28:45,890 : INFO : Training model RandomForest
[2025-03-01T11:28:47.643+0000] {subprocess.py:93} INFO - 2025-03-01 11:28:47,643 : INFO : Predicting model RandomForest
[2025-03-01T11:28:47.694+0000] {subprocess.py:93} INFO - 2025-03-01 11:28:47,694 : INFO : Calculating accuracy RandomForest
[2025-03-01T11:28:53.580+0000] {subprocess.py:93} INFO - 2025/03/01 11:28:53 WARNING mlflow.models.model: Model logged without a signature and input example. Please set `input_example` parameter when logging the model to auto infer the model signature.
[2025-03-01T11:28:53.739+0000] {subprocess.py:93} INFO - 2025-03-01 11:28:53,739 : INFO : Logged model RandomForest
[2025-03-01T11:28:53.779+0000] {subprocess.py:93} INFO - 2025/03/01 11:28:53 INFO mlflow.tracking._tracking_service.client: ðŸƒ View run chill-snail-235 at: http://localhost:5000/#/experiments/0/runs/f5353f8b292143e2819ba81e2782ee61.
[2025-03-01T11:28:53.779+0000] {subprocess.py:93} INFO - 2025/03/01 11:28:53 INFO mlflow.tracking._tracking_service.client: ðŸ§ª View experiment at: http://localhost:5000/#/experiments/0.
[2025-03-01T11:28:53.787+0000] {subprocess.py:93} INFO - 2025-03-01 11:28:53,786 : INFO : Training model LogisticRegression
[2025-03-01T11:28:53.867+0000] {subprocess.py:93} INFO - 2025-03-01 11:28:53,867 : INFO : Predicting model LogisticRegression
[2025-03-01T11:28:53.872+0000] {subprocess.py:93} INFO - 2025-03-01 11:28:53,872 : INFO : Calculating accuracy LogisticRegression
[2025-03-01T11:28:57.712+0000] {subprocess.py:93} INFO - 2025/03/01 11:28:57 WARNING mlflow.models.model: Model logged without a signature and input example. Please set `input_example` parameter when logging the model to auto infer the model signature.
[2025-03-01T11:28:57.781+0000] {subprocess.py:93} INFO - 2025-03-01 11:28:57,781 : INFO : Logged model LogisticRegression
[2025-03-01T11:28:57.798+0000] {subprocess.py:93} INFO - 2025/03/01 11:28:57 INFO mlflow.tracking._tracking_service.client: ðŸƒ View run classy-owl-381 at: http://localhost:5000/#/experiments/0/runs/9b7496c619de4395b4709b790219b0e0.
[2025-03-01T11:28:57.799+0000] {subprocess.py:93} INFO - 2025/03/01 11:28:57 INFO mlflow.tracking._tracking_service.client: ðŸ§ª View experiment at: http://localhost:5000/#/experiments/0.
[2025-03-01T11:28:57.809+0000] {subprocess.py:93} INFO - 2025-03-01 11:28:57,809 : INFO : Training model SVM
[2025-03-01T11:29:03.628+0000] {subprocess.py:93} INFO - 2025-03-01 11:29:03,628 : INFO : Predicting model SVM
[2025-03-01T11:29:03.934+0000] {subprocess.py:93} INFO - 2025-03-01 11:29:03,934 : INFO : Calculating accuracy SVM
[2025-03-01T11:29:08.496+0000] {subprocess.py:93} INFO - /home/***/.local/lib/python3.8/site-packages/sklearn/metrics/_classification.py:1471: UndefinedMetricWarning: Precision is ill-defined and being set to 0.0 due to no predicted samples. Use `zero_division` parameter to control this behavior.
[2025-03-01T11:29:08.497+0000] {subprocess.py:93} INFO -   _warn_prf(average, modifier, msg_start, len(result))
[2025-03-01T11:29:08.497+0000] {subprocess.py:93} INFO - 2025/03/01 11:29:08 WARNING mlflow.models.model: Model logged without a signature and input example. Please set `input_example` parameter when logging the model to auto infer the model signature.
[2025-03-01T11:29:08.581+0000] {subprocess.py:93} INFO - 2025-03-01 11:29:08,580 : INFO : Logged model SVM
[2025-03-01T11:29:08.596+0000] {subprocess.py:93} INFO - 2025/03/01 11:29:08 INFO mlflow.tracking._tracking_service.client: ðŸƒ View run powerful-loon-993 at: http://localhost:5000/#/experiments/0/runs/fb1087c91f394303b5afba9934e3e75e.
[2025-03-01T11:29:08.597+0000] {subprocess.py:93} INFO - 2025/03/01 11:29:08 INFO mlflow.tracking._tracking_service.client: ðŸ§ª View experiment at: http://localhost:5000/#/experiments/0.
[2025-03-01T11:29:08.606+0000] {subprocess.py:93} INFO - cannot unpack non-iterable NoneType object
[2025-03-01T11:29:09.704+0000] {subprocess.py:93} INFO - [main 8fc68cd] Trained model version
[2025-03-01T11:29:09.705+0000] {subprocess.py:93} INFO -  56 files changed, 387 insertions(+)
[2025-03-01T11:29:09.705+0000] {subprocess.py:93} INFO -  create mode 100644 logs/dag_id=customer_churn_ml_pipeline/run_id=manual__2025-03-01T11:26:24.198717+00:00/task_id=feature_store_task/attempt=1.log
[2025-03-01T11:29:09.705+0000] {subprocess.py:93} INFO -  create mode 100644 logs/dag_id=customer_churn_ml_pipeline/run_id=manual__2025-03-01T11:26:24.198717+00:00/task_id=model_training_task/attempt=1.log
[2025-03-01T11:29:09.705+0000] {subprocess.py:93} INFO -  create mode 100644 mlruns/mlartifacts/0/9b7496c619de4395b4709b790219b0e0/artifacts/LogisticRegression_model/MLmodel
[2025-03-01T11:29:09.706+0000] {subprocess.py:93} INFO -  create mode 100644 mlruns/mlartifacts/0/9b7496c619de4395b4709b790219b0e0/artifacts/LogisticRegression_model/conda.yaml
[2025-03-01T11:29:09.706+0000] {subprocess.py:93} INFO -  create mode 100644 mlruns/mlartifacts/0/9b7496c619de4395b4709b790219b0e0/artifacts/LogisticRegression_model/model.pkl
[2025-03-01T11:29:09.706+0000] {subprocess.py:93} INFO -  create mode 100644 mlruns/mlartifacts/0/9b7496c619de4395b4709b790219b0e0/artifacts/LogisticRegression_model/python_env.yaml
[2025-03-01T11:29:09.706+0000] {subprocess.py:93} INFO -  create mode 100644 mlruns/mlartifacts/0/9b7496c619de4395b4709b790219b0e0/artifacts/LogisticRegression_model/requirements.txt
[2025-03-01T11:29:09.706+0000] {subprocess.py:93} INFO -  create mode 100644 mlruns/mlartifacts/0/f5353f8b292143e2819ba81e2782ee61/artifacts/RandomForest_model/MLmodel
[2025-03-01T11:29:09.706+0000] {subprocess.py:93} INFO -  create mode 100644 mlruns/mlartifacts/0/f5353f8b292143e2819ba81e2782ee61/artifacts/RandomForest_model/conda.yaml
[2025-03-01T11:29:09.707+0000] {subprocess.py:93} INFO -  create mode 100644 mlruns/mlartifacts/0/f5353f8b292143e2819ba81e2782ee61/artifacts/RandomForest_model/model.pkl
[2025-03-01T11:29:09.707+0000] {subprocess.py:93} INFO -  create mode 100644 mlruns/mlartifacts/0/f5353f8b292143e2819ba81e2782ee61/artifacts/RandomForest_model/python_env.yaml
[2025-03-01T11:29:09.707+0000] {subprocess.py:93} INFO -  create mode 100644 mlruns/mlartifacts/0/f5353f8b292143e2819ba81e2782ee61/artifacts/RandomForest_model/requirements.txt
[2025-03-01T11:29:09.707+0000] {subprocess.py:93} INFO -  create mode 100644 mlruns/mlartifacts/0/fb1087c91f394303b5afba9934e3e75e/artifacts/SVM_model/MLmodel
[2025-03-01T11:29:09.707+0000] {subprocess.py:93} INFO -  create mode 100644 mlruns/mlartifacts/0/fb1087c91f394303b5afba9934e3e75e/artifacts/SVM_model/conda.yaml
[2025-03-01T11:29:09.707+0000] {subprocess.py:93} INFO -  create mode 100644 mlruns/mlartifacts/0/fb1087c91f394303b5afba9934e3e75e/artifacts/SVM_model/model.pkl
[2025-03-01T11:29:09.708+0000] {subprocess.py:93} INFO -  create mode 100644 mlruns/mlartifacts/0/fb1087c91f394303b5afba9934e3e75e/artifacts/SVM_model/python_env.yaml
[2025-03-01T11:29:09.708+0000] {subprocess.py:93} INFO -  create mode 100644 mlruns/mlartifacts/0/fb1087c91f394303b5afba9934e3e75e/artifacts/SVM_model/requirements.txt
[2025-03-01T11:29:09.708+0000] {subprocess.py:93} INFO -  create mode 100644 mlruns/mlruns/0/9b7496c619de4395b4709b790219b0e0/meta.yaml
[2025-03-01T11:29:09.708+0000] {subprocess.py:93} INFO -  create mode 100644 mlruns/mlruns/0/9b7496c619de4395b4709b790219b0e0/metrics/accuracy
[2025-03-01T11:29:09.708+0000] {subprocess.py:93} INFO -  create mode 100644 mlruns/mlruns/0/9b7496c619de4395b4709b790219b0e0/metrics/f1_score
[2025-03-01T11:29:09.708+0000] {subprocess.py:93} INFO -  create mode 100644 mlruns/mlruns/0/9b7496c619de4395b4709b790219b0e0/metrics/precision
[2025-03-01T11:29:09.708+0000] {subprocess.py:93} INFO -  create mode 100644 mlruns/mlruns/0/9b7496c619de4395b4709b790219b0e0/metrics/recall
[2025-03-01T11:29:09.709+0000] {subprocess.py:93} INFO -  create mode 100644 mlruns/mlruns/0/9b7496c619de4395b4709b790219b0e0/params/model_type
[2025-03-01T11:29:09.709+0000] {subprocess.py:93} INFO -  create mode 100644 mlruns/mlruns/0/9b7496c619de4395b4709b790219b0e0/tags/mlflow.log-model.history
[2025-03-01T11:29:09.709+0000] {subprocess.py:93} INFO -  create mode 100644 mlruns/mlruns/0/9b7496c619de4395b4709b790219b0e0/tags/mlflow.runName
[2025-03-01T11:29:09.709+0000] {subprocess.py:93} INFO -  create mode 100644 mlruns/mlruns/0/9b7496c619de4395b4709b790219b0e0/tags/mlflow.source.git.commit
[2025-03-01T11:29:09.709+0000] {subprocess.py:93} INFO -  create mode 100644 mlruns/mlruns/0/9b7496c619de4395b4709b790219b0e0/tags/mlflow.source.name
[2025-03-01T11:29:09.709+0000] {subprocess.py:93} INFO -  create mode 100644 mlruns/mlruns/0/9b7496c619de4395b4709b790219b0e0/tags/mlflow.source.type
[2025-03-01T11:29:09.710+0000] {subprocess.py:93} INFO -  create mode 100644 mlruns/mlruns/0/9b7496c619de4395b4709b790219b0e0/tags/mlflow.user
[2025-03-01T11:29:09.710+0000] {subprocess.py:93} INFO -  create mode 100644 mlruns/mlruns/0/f5353f8b292143e2819ba81e2782ee61/meta.yaml
[2025-03-01T11:29:09.710+0000] {subprocess.py:93} INFO -  create mode 100644 mlruns/mlruns/0/f5353f8b292143e2819ba81e2782ee61/metrics/accuracy
[2025-03-01T11:29:09.710+0000] {subprocess.py:93} INFO -  create mode 100644 mlruns/mlruns/0/f5353f8b292143e2819ba81e2782ee61/metrics/f1_score
[2025-03-01T11:29:09.710+0000] {subprocess.py:93} INFO -  create mode 100644 mlruns/mlruns/0/f5353f8b292143e2819ba81e2782ee61/metrics/precision
[2025-03-01T11:29:09.710+0000] {subprocess.py:93} INFO -  create mode 100644 mlruns/mlruns/0/f5353f8b292143e2819ba81e2782ee61/metrics/recall
[2025-03-01T11:29:09.710+0000] {subprocess.py:93} INFO -  create mode 100644 mlruns/mlruns/0/f5353f8b292143e2819ba81e2782ee61/params/model_type
[2025-03-01T11:29:09.711+0000] {subprocess.py:93} INFO -  create mode 100644 mlruns/mlruns/0/f5353f8b292143e2819ba81e2782ee61/tags/mlflow.log-model.history
[2025-03-01T11:29:09.711+0000] {subprocess.py:93} INFO -  create mode 100644 mlruns/mlruns/0/f5353f8b292143e2819ba81e2782ee61/tags/mlflow.runName
[2025-03-01T11:29:09.711+0000] {subprocess.py:93} INFO -  create mode 100644 mlruns/mlruns/0/f5353f8b292143e2819ba81e2782ee61/tags/mlflow.source.git.commit
[2025-03-01T11:29:09.711+0000] {subprocess.py:93} INFO -  create mode 100644 mlruns/mlruns/0/f5353f8b292143e2819ba81e2782ee61/tags/mlflow.source.name
[2025-03-01T11:29:09.711+0000] {subprocess.py:93} INFO -  create mode 100644 mlruns/mlruns/0/f5353f8b292143e2819ba81e2782ee61/tags/mlflow.source.type
[2025-03-01T11:29:09.711+0000] {subprocess.py:93} INFO -  create mode 100644 mlruns/mlruns/0/f5353f8b292143e2819ba81e2782ee61/tags/mlflow.user
[2025-03-01T11:29:09.711+0000] {subprocess.py:93} INFO -  create mode 100644 mlruns/mlruns/0/fb1087c91f394303b5afba9934e3e75e/meta.yaml
[2025-03-01T11:29:09.712+0000] {subprocess.py:93} INFO -  create mode 100644 mlruns/mlruns/0/fb1087c91f394303b5afba9934e3e75e/metrics/accuracy
[2025-03-01T11:29:09.712+0000] {subprocess.py:93} INFO -  create mode 100644 mlruns/mlruns/0/fb1087c91f394303b5afba9934e3e75e/metrics/f1_score
[2025-03-01T11:29:09.712+0000] {subprocess.py:93} INFO -  create mode 100644 mlruns/mlruns/0/fb1087c91f394303b5afba9934e3e75e/metrics/precision
[2025-03-01T11:29:09.712+0000] {subprocess.py:93} INFO -  create mode 100644 mlruns/mlruns/0/fb1087c91f394303b5afba9934e3e75e/metrics/recall
[2025-03-01T11:29:09.712+0000] {subprocess.py:93} INFO -  create mode 100644 mlruns/mlruns/0/fb1087c91f394303b5afba9934e3e75e/params/model_type
[2025-03-01T11:29:09.712+0000] {subprocess.py:93} INFO -  create mode 100644 mlruns/mlruns/0/fb1087c91f394303b5afba9934e3e75e/tags/mlflow.log-model.history
[2025-03-01T11:29:09.712+0000] {subprocess.py:93} INFO -  create mode 100644 mlruns/mlruns/0/fb1087c91f394303b5afba9934e3e75e/tags/mlflow.runName
[2025-03-01T11:29:09.713+0000] {subprocess.py:93} INFO -  create mode 100644 mlruns/mlruns/0/fb1087c91f394303b5afba9934e3e75e/tags/mlflow.source.git.commit
[2025-03-01T11:29:09.713+0000] {subprocess.py:93} INFO -  create mode 100644 mlruns/mlruns/0/fb1087c91f394303b5afba9934e3e75e/tags/mlflow.source.name
[2025-03-01T11:29:09.713+0000] {subprocess.py:93} INFO -  create mode 100644 mlruns/mlruns/0/fb1087c91f394303b5afba9934e3e75e/tags/mlflow.source.type
[2025-03-01T11:29:09.713+0000] {subprocess.py:93} INFO -  create mode 100644 mlruns/mlruns/0/fb1087c91f394303b5afba9934e3e75e/tags/mlflow.user
[2025-03-01T11:29:09.713+0000] {subprocess.py:93} INFO - /bin/bash: line 3:  : command not found
[2025-03-01T11:29:13.675+0000] {subprocess.py:93} INFO - To https://github.com/anniemathew-trial/customer_churn_pipeline.git
[2025-03-01T11:29:13.675+0000] {subprocess.py:93} INFO -    380ccb8..8fc68cd  main -> main
[2025-03-01T11:29:13.680+0000] {subprocess.py:97} INFO - Command exited with return code 0
[2025-03-01T11:29:13.715+0000] {taskinstance.py:1400} INFO - Marking task as SUCCESS. dag_id=customer_churn_ml_pipeline, task_id=model_training_task, execution_date=20250301T112624, start_date=20250301T112833, end_date=20250301T112913
[2025-03-01T11:29:13.741+0000] {local_task_job_runner.py:228} INFO - Task exited with return code 0
[2025-03-01T11:29:13.762+0000] {taskinstance.py:2778} INFO - 0 downstream tasks scheduled from follow-on schedule check
