[2025-03-02T07:53:36.116+0000] {taskinstance.py:1159} INFO - Dependencies all met for dep_context=non-requeueable deps ti=<TaskInstance: customer_churn_ml_pipeline.model_training_task manual__2025-03-02T07:53:34.904440+00:00 [queued]>
[2025-03-02T07:53:36.129+0000] {taskinstance.py:1159} INFO - Dependencies all met for dep_context=requeueable deps ti=<TaskInstance: customer_churn_ml_pipeline.model_training_task manual__2025-03-02T07:53:34.904440+00:00 [queued]>
[2025-03-02T07:53:36.129+0000] {taskinstance.py:1361} INFO - Starting attempt 1 of 1
[2025-03-02T07:53:36.148+0000] {taskinstance.py:1382} INFO - Executing <Task(BashOperator): model_training_task> on 2025-03-02 07:53:34.904440+00:00
[2025-03-02T07:53:36.155+0000] {standard_task_runner.py:57} INFO - Started process 6488 to run task
[2025-03-02T07:53:36.162+0000] {standard_task_runner.py:84} INFO - Running: ['***', 'tasks', 'run', 'customer_churn_ml_pipeline', 'model_training_task', 'manual__2025-03-02T07:53:34.904440+00:00', '--job-id', '283', '--raw', '--subdir', 'DAGS_FOLDER/customer_churn.py', '--cfg-path', '/tmp/tmpaoc74oe0']
[2025-03-02T07:53:36.165+0000] {standard_task_runner.py:85} INFO - Job 283: Subtask model_training_task
[2025-03-02T07:53:36.191+0000] {logging_mixin.py:154} WARNING - /home/***/.local/lib/python3.8/site-packages/***/settings.py:195 DeprecationWarning: The sql_alchemy_conn option in [core] has been moved to the sql_alchemy_conn option in [database] - the old setting has been used, but please update your config.
[2025-03-02T07:53:36.242+0000] {task_command.py:416} INFO - Running <TaskInstance: customer_churn_ml_pipeline.model_training_task manual__2025-03-02T07:53:34.904440+00:00 [running]> on host 7e994a0ed489
[2025-03-02T07:53:36.380+0000] {taskinstance.py:1662} INFO - Exporting env vars: AIRFLOW_CTX_DAG_OWNER='***' AIRFLOW_CTX_DAG_ID='customer_churn_ml_pipeline' AIRFLOW_CTX_TASK_ID='model_training_task' AIRFLOW_CTX_EXECUTION_DATE='2025-03-02T07:53:34.904440+00:00' AIRFLOW_CTX_TRY_NUMBER='1' AIRFLOW_CTX_DAG_RUN_ID='manual__2025-03-02T07:53:34.904440+00:00'
[2025-03-02T07:53:36.381+0000] {subprocess.py:63} INFO - Tmp dir root location: /tmp
[2025-03-02T07:53:36.382+0000] {subprocess.py:75} INFO - Running command: ['/bin/bash', '-c', '\n\t    \t\tcd /opt/***\n       \t\t\t    python /opt/***/executables/model_training.py && \t      \t\t    git add logs &&\t      \t\t    git add mlruns &&                            git commit -m "Trained model version" -a && \\    \n\t\t\t    git push\n                        ']
[2025-03-02T07:53:36.396+0000] {subprocess.py:86} INFO - Output:
[2025-03-02T07:53:58.855+0000] {subprocess.py:93} INFO - /home/***/.local/lib/python3.8/site-packages/mlflow/gateway/config.py:64: PydanticDeprecatedSince20: Pydantic V1 style `@validator` validators are deprecated. You should migrate to Pydantic V2 style `@field_validator` validators, see the migration guide for more details. Deprecated in Pydantic V2.0 to be removed in V3.0. See Pydantic V2 Migration Guide at https://errors.pydantic.dev/2.4/migration/
[2025-03-02T07:53:58.857+0000] {subprocess.py:93} INFO -   @validator("togetherai_api_key", pre=True)
[2025-03-02T07:53:58.858+0000] {subprocess.py:93} INFO - /home/***/.local/lib/python3.8/site-packages/mlflow/gateway/config.py:372: PydanticDeprecatedSince20: Pydantic V1 style `@root_validator` validators are deprecated. You should migrate to Pydantic V2 style `@model_validator` validators, see the migration guide for more details. Deprecated in Pydantic V2.0 to be removed in V3.0. See Pydantic V2 Migration Guide at https://errors.pydantic.dev/2.4/migration/
[2025-03-02T07:53:58.858+0000] {subprocess.py:93} INFO -   @root_validator(skip_on_failure=True)
[2025-03-02T07:53:58.859+0000] {subprocess.py:93} INFO - /home/***/.local/lib/python3.8/site-packages/pydantic/_internal/_config.py:267: PydanticDeprecatedSince20: Support for class-based `config` is deprecated, use ConfigDict instead. Deprecated in Pydantic V2.0 to be removed in V3.0. See Pydantic V2 Migration Guide at https://errors.pydantic.dev/2.4/migration/
[2025-03-02T07:53:58.859+0000] {subprocess.py:93} INFO -   warnings.warn(DEPRECATION_MESSAGE, DeprecationWarning)
[2025-03-02T07:53:58.860+0000] {subprocess.py:93} INFO - 2025-03-02 07:53:58,855 : INFO : Starting model training
[2025-03-02T07:53:58.923+0000] {subprocess.py:93} INFO - 2025-03-02 07:53:58,922 : INFO : Registry cache expired, so refreshing
[2025-03-02T07:53:58.961+0000] {subprocess.py:93} INFO - 2025-03-02 07:53:58,961 : INFO : Getting data
[2025-03-02T07:53:58.964+0000] {subprocess.py:93} INFO - 2025-03-02 07:53:58,963 : INFO : Start and End Range: 1 to 1000
[2025-03-02T07:54:00.723+0000] {subprocess.py:93} INFO - 2025-03-02 07:54:00,722 : INFO : New Start and End Range: 1001 to 2000
[2025-03-02T07:54:00.724+0000] {subprocess.py:93} INFO - 2025-03-02 07:54:00,724 : INFO : Start and End Range: 1001 to 2000
[2025-03-02T07:54:01.641+0000] {subprocess.py:93} INFO - 2025-03-02 07:54:01,641 : INFO : New Start and End Range: 3001 to 4000
[2025-03-02T07:54:01.644+0000] {subprocess.py:93} INFO - 2025-03-02 07:54:01,643 : INFO : Start and End Range: 3001 to 4000
