[2025-03-02T08:00:47.996+0000] {taskinstance.py:1159} INFO - Dependencies all met for dep_context=non-requeueable deps ti=<TaskInstance: customer_churn_ml_pipeline.model_training_task scheduled__2025-03-01T08:00:00+00:00 [queued]>
[2025-03-02T08:00:48.170+0000] {taskinstance.py:1159} INFO - Dependencies all met for dep_context=requeueable deps ti=<TaskInstance: customer_churn_ml_pipeline.model_training_task scheduled__2025-03-01T08:00:00+00:00 [queued]>
[2025-03-02T08:00:48.172+0000] {taskinstance.py:1361} INFO - Starting attempt 1 of 1
[2025-03-02T08:00:48.516+0000] {taskinstance.py:1382} INFO - Executing <Task(BashOperator): model_training_task> on 2025-03-01 08:00:00+00:00
[2025-03-02T08:00:48.569+0000] {standard_task_runner.py:57} INFO - Started process 7829 to run task
[2025-03-02T08:00:48.591+0000] {standard_task_runner.py:84} INFO - Running: ['***', 'tasks', 'run', 'customer_churn_ml_pipeline', 'model_training_task', 'scheduled__2025-03-01T08:00:00+00:00', '--job-id', '300', '--raw', '--subdir', 'DAGS_FOLDER/customer_churn.py', '--cfg-path', '/tmp/tmpp0cmnm0_']
[2025-03-02T08:00:48.601+0000] {standard_task_runner.py:85} INFO - Job 300: Subtask model_training_task
[2025-03-02T08:00:48.785+0000] {logging_mixin.py:154} WARNING - /home/***/.local/lib/python3.8/site-packages/***/settings.py:195 DeprecationWarning: The sql_alchemy_conn option in [core] has been moved to the sql_alchemy_conn option in [database] - the old setting has been used, but please update your config.
[2025-03-02T08:00:49.197+0000] {task_command.py:416} INFO - Running <TaskInstance: customer_churn_ml_pipeline.model_training_task scheduled__2025-03-01T08:00:00+00:00 [running]> on host 7e994a0ed489
[2025-03-02T08:00:49.945+0000] {taskinstance.py:1662} INFO - Exporting env vars: AIRFLOW_CTX_DAG_OWNER='***' AIRFLOW_CTX_DAG_ID='customer_churn_ml_pipeline' AIRFLOW_CTX_TASK_ID='model_training_task' AIRFLOW_CTX_EXECUTION_DATE='2025-03-01T08:00:00+00:00' AIRFLOW_CTX_TRY_NUMBER='1' AIRFLOW_CTX_DAG_RUN_ID='scheduled__2025-03-01T08:00:00+00:00'
[2025-03-02T08:00:49.960+0000] {subprocess.py:63} INFO - Tmp dir root location: /tmp
[2025-03-02T08:00:49.974+0000] {subprocess.py:75} INFO - Running command: ['/bin/bash', '-c', '\n\t    \t\tcd /opt/***\n       \t\t\t    python /opt/***/executables/model_training.py && \t      \t\t    git add logs &&\t      \t\t    git add mlruns &&                            git commit -m "Trained model version" -a && \\    \n\t\t\t    git push\n                        ']
[2025-03-02T08:00:50.078+0000] {subprocess.py:86} INFO - Output:
[2025-03-02T08:01:31.727+0000] {subprocess.py:93} INFO - /home/***/.local/lib/python3.8/site-packages/mlflow/gateway/config.py:64: PydanticDeprecatedSince20: Pydantic V1 style `@validator` validators are deprecated. You should migrate to Pydantic V2 style `@field_validator` validators, see the migration guide for more details. Deprecated in Pydantic V2.0 to be removed in V3.0. See Pydantic V2 Migration Guide at https://errors.pydantic.dev/2.4/migration/
[2025-03-02T08:01:31.728+0000] {subprocess.py:93} INFO -   @validator("togetherai_api_key", pre=True)
[2025-03-02T08:01:31.729+0000] {subprocess.py:93} INFO - /home/***/.local/lib/python3.8/site-packages/mlflow/gateway/config.py:372: PydanticDeprecatedSince20: Pydantic V1 style `@root_validator` validators are deprecated. You should migrate to Pydantic V2 style `@model_validator` validators, see the migration guide for more details. Deprecated in Pydantic V2.0 to be removed in V3.0. See Pydantic V2 Migration Guide at https://errors.pydantic.dev/2.4/migration/
[2025-03-02T08:01:31.730+0000] {subprocess.py:93} INFO -   @root_validator(skip_on_failure=True)
[2025-03-02T08:01:31.730+0000] {subprocess.py:93} INFO - /home/***/.local/lib/python3.8/site-packages/pydantic/_internal/_config.py:267: PydanticDeprecatedSince20: Support for class-based `config` is deprecated, use ConfigDict instead. Deprecated in Pydantic V2.0 to be removed in V3.0. See Pydantic V2 Migration Guide at https://errors.pydantic.dev/2.4/migration/
[2025-03-02T08:01:31.731+0000] {subprocess.py:93} INFO -   warnings.warn(DEPRECATION_MESSAGE, DeprecationWarning)
[2025-03-02T08:01:31.731+0000] {subprocess.py:93} INFO - 2025-03-02 08:01:31,726 : INFO : Starting model training
[2025-03-02T08:01:31.785+0000] {subprocess.py:93} INFO - 2025-03-02 08:01:31,784 : INFO : Registry cache expired, so refreshing
[2025-03-02T08:01:31.799+0000] {subprocess.py:93} INFO - 2025-03-02 08:01:31,798 : INFO : Getting data
[2025-03-02T08:01:31.801+0000] {subprocess.py:93} INFO - 2025-03-02 08:01:31,800 : INFO : Start and End Range: 1 to 1000
[2025-03-02T08:01:34.171+0000] {subprocess.py:93} INFO - 2025-03-02 08:01:34,170 : INFO : New Start and End Range: 1001 to 2000
[2025-03-02T08:01:34.173+0000] {subprocess.py:93} INFO - 2025-03-02 08:01:34,172 : INFO : Start and End Range: 1001 to 2000
[2025-03-02T08:01:36.026+0000] {subprocess.py:93} INFO - 2025-03-02 08:01:36,026 : INFO : New Start and End Range: 3001 to 4000
[2025-03-02T08:01:36.033+0000] {subprocess.py:93} INFO - 2025-03-02 08:01:36,032 : INFO : Start and End Range: 3001 to 4000
[2025-03-02T08:01:38.060+0000] {subprocess.py:93} INFO - 2025-03-02 08:01:38,060 : INFO : New Start and End Range: 7001 to 8000
[2025-03-02T08:01:38.062+0000] {subprocess.py:93} INFO - 2025-03-02 08:01:38,062 : INFO : Start and End Range: 7001 to 8000
[2025-03-02T08:01:39.437+0000] {subprocess.py:93} INFO - 2025-03-02 08:01:39,437 : INFO : New Start and End Range: 15001 to 16000
[2025-03-02T08:01:39.447+0000] {subprocess.py:93} INFO - 2025-03-02 08:01:39,440 : INFO : Start and End Range: 15001 to 16000
[2025-03-02T08:01:40.765+0000] {subprocess.py:93} INFO - 2025-03-02 08:01:40,764 : INFO : New Start and End Range: 31001 to 32000
[2025-03-02T08:01:40.767+0000] {subprocess.py:93} INFO - 2025-03-02 08:01:40,767 : INFO : Start and End Range: 31001 to 32000
[2025-03-02T08:01:41.735+0000] {subprocess.py:93} INFO - 2025-03-02 08:01:41,735 : INFO : New Start and End Range: 63001 to 64000
[2025-03-02T08:01:41.737+0000] {subprocess.py:93} INFO - 2025-03-02 08:01:41,737 : INFO : Start and End Range: 63001 to 64000
[2025-03-02T08:01:42.699+0000] {subprocess.py:93} INFO - 2025-03-02 08:01:42,699 : INFO : New Start and End Range: 127001 to 128000
[2025-03-02T08:01:42.702+0000] {subprocess.py:93} INFO - 2025-03-02 08:01:42,701 : INFO : Start and End Range: 127001 to 128000
[2025-03-02T08:01:44.103+0000] {subprocess.py:93} INFO - 2025-03-02 08:01:44,103 : INFO : New Start and End Range: 255001 to 256000
[2025-03-02T08:01:44.105+0000] {subprocess.py:93} INFO - 2025-03-02 08:01:44,104 : INFO : Start and End Range: 255001 to 256000
[2025-03-02T08:01:45.211+0000] {subprocess.py:93} INFO - 2025-03-02 08:01:45,211 : INFO : New Start and End Range: 511001 to 512000
[2025-03-02T08:01:45.214+0000] {subprocess.py:93} INFO - 2025-03-02 08:01:45,213 : INFO : Start and End Range: 511001 to 512000
[2025-03-02T08:01:45.945+0000] {subprocess.py:93} INFO - 2025-03-02 08:01:45,944 : INFO : Stoping at Start and End Range: 511001 to 512000
[2025-03-02T08:01:45.946+0000] {subprocess.py:93} INFO - 2025-03-02 08:01:45,946 : INFO : Created feature data
[2025-03-02T08:01:46.261+0000] {subprocess.py:93} INFO - 2025-03-02 08:01:45,982 : INFO :    Id  Geography_Spain  NumOfProducts  ...  CreditScore  Age   Balance
[2025-03-02T08:01:46.263+0000] {subprocess.py:93} INFO - 0   1              0.0              1  ...          619   42 -1.225848
[2025-03-02T08:01:46.264+0000] {subprocess.py:93} INFO - 1   2              1.0              1  ...          608   41  0.117350
[2025-03-02T08:01:46.265+0000] {subprocess.py:93} INFO - 2   3              0.0              3  ...          502   42  1.333053
[2025-03-02T08:01:46.266+0000] {subprocess.py:93} INFO - 3   4              0.0              2  ...          699   39 -1.225848
[2025-03-02T08:01:46.266+0000] {subprocess.py:93} INFO - 4   5              1.0              1  ...          850   43  0.785728
[2025-03-02T08:01:46.267+0000] {subprocess.py:93} INFO - 
[2025-03-02T08:01:46.267+0000] {subprocess.py:93} INFO - [5 rows x 17 columns]
[2025-03-02T08:01:46.267+0000] {subprocess.py:93} INFO - 2025-03-02 08:01:46,254 : INFO : received feature data
[2025-03-02T08:01:46.292+0000] {subprocess.py:93} INFO - 2025-03-02 08:01:46,291 : INFO : Models defined
[2025-03-02T08:01:46.295+0000] {subprocess.py:93} INFO - 2025-03-02 08:01:46,293 : INFO : Training model RandomForest
[2025-03-02T08:01:51.284+0000] {subprocess.py:93} INFO - 2025-03-02 08:01:51,284 : INFO : Predicting model RandomForest
[2025-03-02T08:01:51.368+0000] {subprocess.py:93} INFO - 2025-03-02 08:01:51,367 : INFO : Calculating accuracy RandomForest
[2025-03-02T08:02:02.491+0000] {subprocess.py:93} INFO - 2025/03/02 08:02:02 WARNING mlflow.models.model: Model logged without a signature and input example. Please set `input_example` parameter when logging the model to auto infer the model signature.
[2025-03-02T08:02:02.934+0000] {subprocess.py:93} INFO - 2025-03-02 08:02:02,934 : INFO : Logged model RandomForest
[2025-03-02T08:02:03.053+0000] {subprocess.py:93} INFO - 2025/03/02 08:02:03 INFO mlflow.tracking._tracking_service.client: ðŸƒ View run RandomForest at: http://localhost:5000/#/experiments/0/runs/202c30480fa045aaab10c7cbcbb6e727.
[2025-03-02T08:02:03.054+0000] {subprocess.py:93} INFO - 2025/03/02 08:02:03 INFO mlflow.tracking._tracking_service.client: ðŸ§ª View experiment at: http://localhost:5000/#/experiments/0.
[2025-03-02T08:02:03.089+0000] {subprocess.py:93} INFO - 2025-03-02 08:02:03,089 : INFO : Training model LogisticRegression
[2025-03-02T08:02:04.395+0000] {subprocess.py:93} INFO - /home/***/.local/lib/python3.8/site-packages/sklearn/linear_model/_logistic.py:460: ConvergenceWarning: lbfgs failed to converge (status=1):
[2025-03-02T08:02:04.395+0000] {subprocess.py:93} INFO - STOP: TOTAL NO. of ITERATIONS REACHED LIMIT.
[2025-03-02T08:02:04.396+0000] {subprocess.py:93} INFO - 
[2025-03-02T08:02:04.396+0000] {subprocess.py:93} INFO - Increase the number of iterations (max_iter) or scale the data as shown in:
[2025-03-02T08:02:04.397+0000] {subprocess.py:93} INFO -     https://scikit-learn.org/stable/modules/preprocessing.html
[2025-03-02T08:02:04.397+0000] {subprocess.py:93} INFO - Please also refer to the documentation for alternative solver options:
[2025-03-02T08:02:04.398+0000] {subprocess.py:93} INFO -     https://scikit-learn.org/stable/modules/linear_model.html#logistic-regression
[2025-03-02T08:02:04.398+0000] {subprocess.py:93} INFO -   n_iter_i = _check_optimize_result(
[2025-03-02T08:02:04.398+0000] {subprocess.py:93} INFO - 2025-03-02 08:02:04,394 : INFO : Predicting model LogisticRegression
[2025-03-02T08:02:04.407+0000] {subprocess.py:93} INFO - 2025-03-02 08:02:04,407 : INFO : Calculating accuracy LogisticRegression
[2025-03-02T08:02:13.722+0000] {subprocess.py:93} INFO - 2025/03/02 08:02:13 WARNING mlflow.models.model: Model logged without a signature and input example. Please set `input_example` parameter when logging the model to auto infer the model signature.
[2025-03-02T08:02:13.842+0000] {subprocess.py:93} INFO - 2025-03-02 08:02:13,842 : INFO : Logged model LogisticRegression
[2025-03-02T08:02:13.866+0000] {subprocess.py:93} INFO - 2025/03/02 08:02:13 INFO mlflow.tracking._tracking_service.client: ðŸƒ View run LogisticRegression at: http://localhost:5000/#/experiments/0/runs/a4e93c132d5a47e4acc941a678ba64b6.
[2025-03-02T08:02:13.866+0000] {subprocess.py:93} INFO - 2025/03/02 08:02:13 INFO mlflow.tracking._tracking_service.client: ðŸ§ª View experiment at: http://localhost:5000/#/experiments/0.
[2025-03-02T08:02:13.885+0000] {subprocess.py:93} INFO - 2025-03-02 08:02:13,885 : INFO : Training model SVM
[2025-03-02T08:02:29.786+0000] {subprocess.py:93} INFO - 2025-03-02 08:02:29,785 : INFO : Predicting model SVM
[2025-03-02T08:02:30.243+0000] {subprocess.py:93} INFO - 2025-03-02 08:02:30,243 : INFO : Calculating accuracy SVM
[2025-03-02T08:02:34.723+0000] {subprocess.py:93} INFO - /home/***/.local/lib/python3.8/site-packages/sklearn/metrics/_classification.py:1471: UndefinedMetricWarning: Precision is ill-defined and being set to 0.0 due to no predicted samples. Use `zero_division` parameter to control this behavior.
[2025-03-02T08:02:34.724+0000] {subprocess.py:93} INFO -   _warn_prf(average, modifier, msg_start, len(result))
[2025-03-02T08:02:34.724+0000] {subprocess.py:93} INFO - 2025/03/02 08:02:34 WARNING mlflow.models.model: Model logged without a signature and input example. Please set `input_example` parameter when logging the model to auto infer the model signature.
[2025-03-02T08:02:34.789+0000] {subprocess.py:93} INFO - 2025-03-02 08:02:34,789 : INFO : Logged model SVM
[2025-03-02T08:02:34.802+0000] {subprocess.py:93} INFO - 2025/03/02 08:02:34 INFO mlflow.tracking._tracking_service.client: ðŸƒ View run SVM at: http://localhost:5000/#/experiments/0/runs/ccba2aac02db406daf2353dbc054de0b.
[2025-03-02T08:02:34.803+0000] {subprocess.py:93} INFO - 2025/03/02 08:02:34 INFO mlflow.tracking._tracking_service.client: ðŸ§ª View experiment at: http://localhost:5000/#/experiments/0.
[2025-03-02T08:02:34.812+0000] {subprocess.py:93} INFO - 2025-03-02 08:02:34,811 : INFO : Starting best model registration
[2025-03-02T08:02:34.812+0000] {subprocess.py:93} INFO - 2025-03-02 08:02:34,811 : INFO : Finding Best model
[2025-03-02T08:02:34.889+0000] {subprocess.py:93} INFO - 2025-03-02 08:02:34,888 : INFO : Selected best model : run_id                                            30a1116e1c3f468db3d1a757ec74b4c5
[2025-03-02T08:02:34.889+0000] {subprocess.py:93} INFO - experiment_id                                                                    0
[2025-03-02T08:02:34.890+0000] {subprocess.py:93} INFO - status                                                                    FINISHED
[2025-03-02T08:02:34.890+0000] {subprocess.py:93} INFO - artifact_uri                     mlflow-artifacts:/0/30a1116e1c3f468db3d1a757ec...
[2025-03-02T08:02:34.890+0000] {subprocess.py:93} INFO - start_time                                        2025-03-02 07:54:10.649000+00:00
[2025-03-02T08:02:34.890+0000] {subprocess.py:93} INFO - end_time                                          2025-03-02 07:54:18.565000+00:00
[2025-03-02T08:02:34.891+0000] {subprocess.py:93} INFO - metrics.precision                                                         0.947735
[2025-03-02T08:02:34.891+0000] {subprocess.py:93} INFO - metrics.accuracy                                                          0.947749
[2025-03-02T08:02:34.891+0000] {subprocess.py:93} INFO - metrics.recall                                                            0.774929
[2025-03-02T08:02:34.891+0000] {subprocess.py:93} INFO - metrics.f1_score                                                          0.852665
[2025-03-02T08:02:34.892+0000] {subprocess.py:93} INFO - params.model_type                                                     RandomForest
[2025-03-02T08:02:34.892+0000] {subprocess.py:93} INFO - tags.mlflow.runName                                                   RandomForest
[2025-03-02T08:02:34.892+0000] {subprocess.py:93} INFO - tags.mlflow.source.name                 /opt/***/executables/model_training.py
[2025-03-02T08:02:34.893+0000] {subprocess.py:93} INFO - tags.mlflow.source.type                                                      LOCAL
[2025-03-02T08:02:34.893+0000] {subprocess.py:93} INFO - tags.mlflow.source.git.commit             270c05278af3e38b6ddcaa5daf34ed7ef881fcdb
[2025-03-02T08:02:34.893+0000] {subprocess.py:93} INFO - tags.mlflow.user                                                           ***
[2025-03-02T08:02:34.894+0000] {subprocess.py:93} INFO - tags.mlflow.log-model.history    [{"run_id": "30a1116e1c3f468db3d1a757ec74b4c5"...
[2025-03-02T08:02:34.894+0000] {subprocess.py:93} INFO - Name: 11, dtype: object
[2025-03-02T08:02:34.894+0000] {subprocess.py:93} INFO - 2025-03-02 08:02:34,889 : INFO : Registering best model runs:/30a1116e1c3f468db3d1a757ec74b4c5/RandomForest_model
[2025-03-02T08:02:34.992+0000] {subprocess.py:93} INFO - Registered model 'Best_ML_Model' already exists. Creating a new version of this model...
[2025-03-02T08:02:34.992+0000] {subprocess.py:93} INFO - 2025/03/02 08:02:34 INFO mlflow.store.model_registry.abstract_store: Waiting up to 300 seconds for model version to finish creation. Model name: Best_ML_Model, version 4
[2025-03-02T08:02:34.992+0000] {subprocess.py:93} INFO - Created version '4' of model 'Best_ML_Model'.
[2025-03-02T08:02:34.993+0000] {subprocess.py:93} INFO - 2025-03-02 08:02:34,992 : INFO : Completed model training & registration !!
[2025-03-02T08:02:35.984+0000] {subprocess.py:93} INFO - [main 2bdaf03] Trained model version
[2025-03-02T08:02:35.984+0000] {subprocess.py:93} INFO -  77 files changed, 240 insertions(+), 1 deletion(-)
[2025-03-02T08:02:35.984+0000] {subprocess.py:93} INFO -  create mode 100644 mlruns/0/202c30480fa045aaab10c7cbcbb6e727/meta.yaml
[2025-03-02T08:02:35.984+0000] {subprocess.py:93} INFO -  create mode 100644 mlruns/0/202c30480fa045aaab10c7cbcbb6e727/metrics/accuracy
[2025-03-02T08:02:35.985+0000] {subprocess.py:93} INFO -  create mode 100644 mlruns/0/202c30480fa045aaab10c7cbcbb6e727/metrics/f1_score
[2025-03-02T08:02:35.985+0000] {subprocess.py:93} INFO -  create mode 100644 mlruns/0/202c30480fa045aaab10c7cbcbb6e727/metrics/precision
[2025-03-02T08:02:35.985+0000] {subprocess.py:93} INFO -  create mode 100644 mlruns/0/202c30480fa045aaab10c7cbcbb6e727/metrics/recall
[2025-03-02T08:02:35.985+0000] {subprocess.py:93} INFO -  create mode 100644 mlruns/0/202c30480fa045aaab10c7cbcbb6e727/params/model_type
[2025-03-02T08:02:35.986+0000] {subprocess.py:93} INFO -  create mode 100644 mlruns/0/202c30480fa045aaab10c7cbcbb6e727/tags/mlflow.log-model.history
[2025-03-02T08:02:35.986+0000] {subprocess.py:93} INFO -  create mode 100644 mlruns/0/202c30480fa045aaab10c7cbcbb6e727/tags/mlflow.runName
[2025-03-02T08:02:35.986+0000] {subprocess.py:93} INFO -  create mode 100644 mlruns/0/202c30480fa045aaab10c7cbcbb6e727/tags/mlflow.source.git.commit
[2025-03-02T08:02:35.986+0000] {subprocess.py:93} INFO -  create mode 100644 mlruns/0/202c30480fa045aaab10c7cbcbb6e727/tags/mlflow.source.name
[2025-03-02T08:02:35.987+0000] {subprocess.py:93} INFO -  create mode 100644 mlruns/0/202c30480fa045aaab10c7cbcbb6e727/tags/mlflow.source.type
[2025-03-02T08:02:35.987+0000] {subprocess.py:93} INFO -  create mode 100644 mlruns/0/202c30480fa045aaab10c7cbcbb6e727/tags/mlflow.user
[2025-03-02T08:02:35.987+0000] {subprocess.py:93} INFO -  create mode 100644 mlruns/0/982d2225d28f41a58e5a68394f5b3418/meta.yaml
[2025-03-02T08:02:35.987+0000] {subprocess.py:93} INFO -  create mode 100644 mlruns/0/982d2225d28f41a58e5a68394f5b3418/metrics/accuracy
[2025-03-02T08:02:35.987+0000] {subprocess.py:93} INFO -  create mode 100644 mlruns/0/982d2225d28f41a58e5a68394f5b3418/metrics/f1_score
[2025-03-02T08:02:35.988+0000] {subprocess.py:93} INFO -  create mode 100644 mlruns/0/982d2225d28f41a58e5a68394f5b3418/metrics/precision
[2025-03-02T08:02:35.988+0000] {subprocess.py:93} INFO -  create mode 100644 mlruns/0/982d2225d28f41a58e5a68394f5b3418/metrics/recall
[2025-03-02T08:02:35.988+0000] {subprocess.py:93} INFO -  create mode 100644 mlruns/0/982d2225d28f41a58e5a68394f5b3418/params/model_type
[2025-03-02T08:02:35.988+0000] {subprocess.py:93} INFO -  create mode 100644 mlruns/0/982d2225d28f41a58e5a68394f5b3418/tags/mlflow.log-model.history
[2025-03-02T08:02:35.988+0000] {subprocess.py:93} INFO -  create mode 100644 mlruns/0/982d2225d28f41a58e5a68394f5b3418/tags/mlflow.runName
[2025-03-02T08:02:35.989+0000] {subprocess.py:93} INFO -  create mode 100644 mlruns/0/982d2225d28f41a58e5a68394f5b3418/tags/mlflow.source.git.commit
[2025-03-02T08:02:35.989+0000] {subprocess.py:93} INFO -  create mode 100644 mlruns/0/982d2225d28f41a58e5a68394f5b3418/tags/mlflow.source.name
[2025-03-02T08:02:35.989+0000] {subprocess.py:93} INFO -  create mode 100644 mlruns/0/982d2225d28f41a58e5a68394f5b3418/tags/mlflow.source.type
[2025-03-02T08:02:35.989+0000] {subprocess.py:93} INFO -  create mode 100644 mlruns/0/982d2225d28f41a58e5a68394f5b3418/tags/mlflow.user
[2025-03-02T08:02:35.989+0000] {subprocess.py:93} INFO -  create mode 100644 mlruns/0/99d7a480377c4d37acb5615b9f481ec9/meta.yaml
[2025-03-02T08:02:35.989+0000] {subprocess.py:93} INFO -  create mode 100644 mlruns/0/99d7a480377c4d37acb5615b9f481ec9/metrics/accuracy
[2025-03-02T08:02:35.990+0000] {subprocess.py:93} INFO -  create mode 100644 mlruns/0/99d7a480377c4d37acb5615b9f481ec9/metrics/f1_score
[2025-03-02T08:02:35.990+0000] {subprocess.py:93} INFO -  create mode 100644 mlruns/0/99d7a480377c4d37acb5615b9f481ec9/metrics/precision
[2025-03-02T08:02:35.990+0000] {subprocess.py:93} INFO -  create mode 100644 mlruns/0/99d7a480377c4d37acb5615b9f481ec9/metrics/recall
[2025-03-02T08:02:35.991+0000] {subprocess.py:93} INFO -  create mode 100644 mlruns/0/99d7a480377c4d37acb5615b9f481ec9/params/model_type
[2025-03-02T08:02:35.991+0000] {subprocess.py:93} INFO -  create mode 100644 mlruns/0/99d7a480377c4d37acb5615b9f481ec9/tags/mlflow.runName
[2025-03-02T08:02:35.991+0000] {subprocess.py:93} INFO -  create mode 100644 mlruns/0/99d7a480377c4d37acb5615b9f481ec9/tags/mlflow.source.git.commit
[2025-03-02T08:02:35.991+0000] {subprocess.py:93} INFO -  create mode 100644 mlruns/0/99d7a480377c4d37acb5615b9f481ec9/tags/mlflow.source.name
[2025-03-02T08:02:35.991+0000] {subprocess.py:93} INFO -  create mode 100644 mlruns/0/99d7a480377c4d37acb5615b9f481ec9/tags/mlflow.source.type
[2025-03-02T08:02:35.992+0000] {subprocess.py:93} INFO -  create mode 100644 mlruns/0/99d7a480377c4d37acb5615b9f481ec9/tags/mlflow.user
[2025-03-02T08:02:35.992+0000] {subprocess.py:93} INFO -  create mode 100644 mlruns/0/a4e93c132d5a47e4acc941a678ba64b6/meta.yaml
[2025-03-02T08:02:35.992+0000] {subprocess.py:93} INFO -  create mode 100644 mlruns/0/a4e93c132d5a47e4acc941a678ba64b6/metrics/accuracy
[2025-03-02T08:02:35.992+0000] {subprocess.py:93} INFO -  create mode 100644 mlruns/0/a4e93c132d5a47e4acc941a678ba64b6/metrics/f1_score
[2025-03-02T08:02:35.992+0000] {subprocess.py:93} INFO -  create mode 100644 mlruns/0/a4e93c132d5a47e4acc941a678ba64b6/metrics/precision
[2025-03-02T08:02:35.992+0000] {subprocess.py:93} INFO -  create mode 100644 mlruns/0/a4e93c132d5a47e4acc941a678ba64b6/metrics/recall
[2025-03-02T08:02:35.993+0000] {subprocess.py:93} INFO -  create mode 100644 mlruns/0/a4e93c132d5a47e4acc941a678ba64b6/params/model_type
[2025-03-02T08:02:35.993+0000] {subprocess.py:93} INFO -  create mode 100644 mlruns/0/a4e93c132d5a47e4acc941a678ba64b6/tags/mlflow.log-model.history
[2025-03-02T08:02:35.993+0000] {subprocess.py:93} INFO -  create mode 100644 mlruns/0/a4e93c132d5a47e4acc941a678ba64b6/tags/mlflow.runName
[2025-03-02T08:02:35.993+0000] {subprocess.py:93} INFO -  create mode 100644 mlruns/0/a4e93c132d5a47e4acc941a678ba64b6/tags/mlflow.source.git.commit
[2025-03-02T08:02:35.994+0000] {subprocess.py:93} INFO -  create mode 100644 mlruns/0/a4e93c132d5a47e4acc941a678ba64b6/tags/mlflow.source.name
[2025-03-02T08:02:35.994+0000] {subprocess.py:93} INFO -  create mode 100644 mlruns/0/a4e93c132d5a47e4acc941a678ba64b6/tags/mlflow.source.type
[2025-03-02T08:02:35.994+0000] {subprocess.py:93} INFO -  create mode 100644 mlruns/0/a4e93c132d5a47e4acc941a678ba64b6/tags/mlflow.user
[2025-03-02T08:02:35.994+0000] {subprocess.py:93} INFO -  create mode 100644 mlruns/0/ccba2aac02db406daf2353dbc054de0b/meta.yaml
[2025-03-02T08:02:35.994+0000] {subprocess.py:93} INFO -  create mode 100644 mlruns/0/ccba2aac02db406daf2353dbc054de0b/metrics/accuracy
[2025-03-02T08:02:35.994+0000] {subprocess.py:93} INFO -  create mode 100644 mlruns/0/ccba2aac02db406daf2353dbc054de0b/metrics/f1_score
[2025-03-02T08:02:35.995+0000] {subprocess.py:93} INFO -  create mode 100644 mlruns/0/ccba2aac02db406daf2353dbc054de0b/metrics/precision
[2025-03-02T08:02:35.995+0000] {subprocess.py:93} INFO -  create mode 100644 mlruns/0/ccba2aac02db406daf2353dbc054de0b/metrics/recall
[2025-03-02T08:02:35.995+0000] {subprocess.py:93} INFO -  create mode 100644 mlruns/0/ccba2aac02db406daf2353dbc054de0b/params/model_type
[2025-03-02T08:02:35.995+0000] {subprocess.py:93} INFO -  create mode 100644 mlruns/0/ccba2aac02db406daf2353dbc054de0b/tags/mlflow.log-model.history
[2025-03-02T08:02:35.995+0000] {subprocess.py:93} INFO -  create mode 100644 mlruns/0/ccba2aac02db406daf2353dbc054de0b/tags/mlflow.runName
[2025-03-02T08:02:35.996+0000] {subprocess.py:93} INFO -  create mode 100644 mlruns/0/ccba2aac02db406daf2353dbc054de0b/tags/mlflow.source.git.commit
[2025-03-02T08:02:35.996+0000] {subprocess.py:93} INFO -  create mode 100644 mlruns/0/ccba2aac02db406daf2353dbc054de0b/tags/mlflow.source.name
[2025-03-02T08:02:35.996+0000] {subprocess.py:93} INFO -  create mode 100644 mlruns/0/ccba2aac02db406daf2353dbc054de0b/tags/mlflow.source.type
[2025-03-02T08:02:35.996+0000] {subprocess.py:93} INFO -  create mode 100644 mlruns/0/ccba2aac02db406daf2353dbc054de0b/tags/mlflow.user
[2025-03-02T08:02:35.996+0000] {subprocess.py:93} INFO -  create mode 100644 mlruns/0/ffc3393217e242d3a0b037e7b2df100b/meta.yaml
[2025-03-02T08:02:35.997+0000] {subprocess.py:93} INFO -  create mode 100644 mlruns/0/ffc3393217e242d3a0b037e7b2df100b/metrics/accuracy
[2025-03-02T08:02:35.997+0000] {subprocess.py:93} INFO -  create mode 100644 mlruns/0/ffc3393217e242d3a0b037e7b2df100b/metrics/f1_score
[2025-03-02T08:02:35.997+0000] {subprocess.py:93} INFO -  create mode 100644 mlruns/0/ffc3393217e242d3a0b037e7b2df100b/metrics/precision
[2025-03-02T08:02:35.997+0000] {subprocess.py:93} INFO -  create mode 100644 mlruns/0/ffc3393217e242d3a0b037e7b2df100b/metrics/recall
[2025-03-02T08:02:35.998+0000] {subprocess.py:93} INFO -  create mode 100644 mlruns/0/ffc3393217e242d3a0b037e7b2df100b/params/model_type
[2025-03-02T08:02:35.998+0000] {subprocess.py:93} INFO -  create mode 100644 mlruns/0/ffc3393217e242d3a0b037e7b2df100b/tags/mlflow.log-model.history
[2025-03-02T08:02:35.998+0000] {subprocess.py:93} INFO -  create mode 100644 mlruns/0/ffc3393217e242d3a0b037e7b2df100b/tags/mlflow.runName
[2025-03-02T08:02:35.998+0000] {subprocess.py:93} INFO -  create mode 100644 mlruns/0/ffc3393217e242d3a0b037e7b2df100b/tags/mlflow.source.git.commit
[2025-03-02T08:02:35.998+0000] {subprocess.py:93} INFO -  create mode 100644 mlruns/0/ffc3393217e242d3a0b037e7b2df100b/tags/mlflow.source.name
[2025-03-02T08:02:35.998+0000] {subprocess.py:93} INFO -  create mode 100644 mlruns/0/ffc3393217e242d3a0b037e7b2df100b/tags/mlflow.source.type
[2025-03-02T08:02:35.999+0000] {subprocess.py:93} INFO -  create mode 100644 mlruns/0/ffc3393217e242d3a0b037e7b2df100b/tags/mlflow.user
[2025-03-02T08:02:35.999+0000] {subprocess.py:93} INFO -  create mode 100644 mlruns/models/Best_ML_Model/version-4/meta.yaml
[2025-03-02T08:02:35.999+0000] {subprocess.py:93} INFO - /bin/bash: line 3:  : command not found
[2025-03-02T08:02:37.461+0000] {subprocess.py:93} INFO - To https://github.com/anniemathew-trial/customer_churn_pipeline.git
[2025-03-02T08:02:37.462+0000] {subprocess.py:93} INFO -    188b6d1..2bdaf03  main -> main
[2025-03-02T08:02:37.469+0000] {subprocess.py:97} INFO - Command exited with return code 0
[2025-03-02T08:02:37.543+0000] {taskinstance.py:1400} INFO - Marking task as SUCCESS. dag_id=customer_churn_ml_pipeline, task_id=model_training_task, execution_date=20250301T080000, start_date=20250302T080048, end_date=20250302T080237
[2025-03-02T08:02:37.585+0000] {local_task_job_runner.py:228} INFO - Task exited with return code 0
[2025-03-02T08:02:37.634+0000] {taskinstance.py:2778} INFO - 0 downstream tasks scheduled from follow-on schedule check
