[2025-03-03T12:40:12.033+0000] {taskinstance.py:1159} INFO - Dependencies all met for dep_context=non-requeueable deps ti=<TaskInstance: customer_churn_ml_pipeline.pull_latest_codes manual__2025-03-03T12:39:21.550111+00:00 [queued]>
[2025-03-03T12:40:12.047+0000] {taskinstance.py:1159} INFO - Dependencies all met for dep_context=requeueable deps ti=<TaskInstance: customer_churn_ml_pipeline.pull_latest_codes manual__2025-03-03T12:39:21.550111+00:00 [queued]>
[2025-03-03T12:40:12.048+0000] {taskinstance.py:1361} INFO - Starting attempt 1 of 1
[2025-03-03T12:40:12.070+0000] {taskinstance.py:1382} INFO - Executing <Task(BashOperator): pull_latest_codes> on 2025-03-03 12:39:21.550111+00:00
[2025-03-03T12:40:12.074+0000] {standard_task_runner.py:57} INFO - Started process 215 to run task
[2025-03-03T12:40:12.080+0000] {standard_task_runner.py:84} INFO - Running: ['***', 'tasks', 'run', 'customer_churn_ml_pipeline', 'pull_latest_codes', 'manual__2025-03-03T12:39:21.550111+00:00', '--job-id', '68', '--raw', '--subdir', 'DAGS_FOLDER/customer_churn.py', '--cfg-path', '/tmp/tmp50nus_p0']
[2025-03-03T12:40:12.085+0000] {standard_task_runner.py:85} INFO - Job 68: Subtask pull_latest_codes
[2025-03-03T12:40:12.116+0000] {logging_mixin.py:154} WARNING - /home/***/.local/lib/python3.8/site-packages/***/settings.py:195 DeprecationWarning: The sql_alchemy_conn option in [core] has been moved to the sql_alchemy_conn option in [database] - the old setting has been used, but please update your config.
[2025-03-03T12:40:12.185+0000] {task_command.py:416} INFO - Running <TaskInstance: customer_churn_ml_pipeline.pull_latest_codes manual__2025-03-03T12:39:21.550111+00:00 [running]> on host 157237bff8f7
[2025-03-03T12:40:12.357+0000] {taskinstance.py:1662} INFO - Exporting env vars: AIRFLOW_CTX_DAG_OWNER='***' AIRFLOW_CTX_DAG_ID='customer_churn_ml_pipeline' AIRFLOW_CTX_TASK_ID='pull_latest_codes' AIRFLOW_CTX_EXECUTION_DATE='2025-03-03T12:39:21.550111+00:00' AIRFLOW_CTX_TRY_NUMBER='1' AIRFLOW_CTX_DAG_RUN_ID='manual__2025-03-03T12:39:21.550111+00:00'
[2025-03-03T12:40:12.359+0000] {subprocess.py:63} INFO - Tmp dir root location: /tmp
[2025-03-03T12:40:12.360+0000] {subprocess.py:75} INFO - Running command: ['/bin/bash', '-c', 'cd /opt/*** && dvc pull && git pull']
[2025-03-03T12:40:12.372+0000] {subprocess.py:86} INFO - Output:
[2025-03-03T12:40:16.881+0000] {subprocess.py:93} INFO - ERROR: failed to pull data from the cloud - Unable to acquire lock. Most likely another DVC process is running or was terminated abruptly. Check the page <https://dvc.org/doc/user-guide/troubleshooting#lock-issue> for other possible reasons and to learn how to resolve this.
[2025-03-03T12:40:17.055+0000] {subprocess.py:97} INFO - Command exited with return code 1
[2025-03-03T12:40:17.077+0000] {taskinstance.py:1937} ERROR - Task failed with exception
Traceback (most recent call last):
  File "/home/airflow/.local/lib/python3.8/site-packages/airflow/operators/bash.py", line 210, in execute
    raise AirflowException(
airflow.exceptions.AirflowException: Bash command failed. The command returned a non-zero exit code 1.
[2025-03-03T12:40:17.083+0000] {taskinstance.py:1400} INFO - Marking task as FAILED. dag_id=customer_churn_ml_pipeline, task_id=pull_latest_codes, execution_date=20250303T123921, start_date=20250303T124012, end_date=20250303T124017
[2025-03-03T12:40:17.106+0000] {standard_task_runner.py:104} ERROR - Failed to execute job 68 for task pull_latest_codes (Bash command failed. The command returned a non-zero exit code 1.; 215)
[2025-03-03T12:40:17.117+0000] {local_task_job_runner.py:228} INFO - Task exited with return code 1
[2025-03-03T12:40:17.161+0000] {taskinstance.py:2778} INFO - 0 downstream tasks scheduled from follow-on schedule check
