[2025-03-02T06:21:20.411+0000] {taskinstance.py:1159} INFO - Dependencies all met for dep_context=non-requeueable deps ti=<TaskInstance: customer_churn_ml_pipeline.raw_data_storage_task manual__2025-03-02T06:21:09.399789+00:00 [queued]>
[2025-03-02T06:21:20.427+0000] {taskinstance.py:1159} INFO - Dependencies all met for dep_context=requeueable deps ti=<TaskInstance: customer_churn_ml_pipeline.raw_data_storage_task manual__2025-03-02T06:21:09.399789+00:00 [queued]>
[2025-03-02T06:21:20.427+0000] {taskinstance.py:1361} INFO - Starting attempt 1 of 1
[2025-03-02T06:21:20.452+0000] {taskinstance.py:1382} INFO - Executing <Task(BashOperator): raw_data_storage_task> on 2025-03-02 06:21:09.399789+00:00
[2025-03-02T06:21:20.457+0000] {standard_task_runner.py:57} INFO - Started process 3365 to run task
[2025-03-02T06:21:20.461+0000] {standard_task_runner.py:84} INFO - Running: ['***', 'tasks', 'run', 'customer_churn_ml_pipeline', 'raw_data_storage_task', 'manual__2025-03-02T06:21:09.399789+00:00', '--job-id', '236', '--raw', '--subdir', 'DAGS_FOLDER/customer_churn.py', '--cfg-path', '/tmp/tmpmf926z5w']
[2025-03-02T06:21:20.465+0000] {standard_task_runner.py:85} INFO - Job 236: Subtask raw_data_storage_task
[2025-03-02T06:21:20.495+0000] {logging_mixin.py:154} WARNING - /home/***/.local/lib/python3.8/site-packages/***/settings.py:195 DeprecationWarning: The sql_alchemy_conn option in [core] has been moved to the sql_alchemy_conn option in [database] - the old setting has been used, but please update your config.
[2025-03-02T06:21:20.559+0000] {task_command.py:416} INFO - Running <TaskInstance: customer_churn_ml_pipeline.raw_data_storage_task manual__2025-03-02T06:21:09.399789+00:00 [running]> on host 7e994a0ed489
[2025-03-02T06:21:20.722+0000] {taskinstance.py:1662} INFO - Exporting env vars: AIRFLOW_CTX_DAG_OWNER='***' AIRFLOW_CTX_DAG_ID='customer_churn_ml_pipeline' AIRFLOW_CTX_TASK_ID='raw_data_storage_task' AIRFLOW_CTX_EXECUTION_DATE='2025-03-02T06:21:09.399789+00:00' AIRFLOW_CTX_TRY_NUMBER='1' AIRFLOW_CTX_DAG_RUN_ID='manual__2025-03-02T06:21:09.399789+00:00'
[2025-03-02T06:21:20.723+0000] {subprocess.py:63} INFO - Tmp dir root location: /tmp
[2025-03-02T06:21:20.725+0000] {subprocess.py:75} INFO - Running command: ['/bin/bash', '-c', '\n\t\t\tNOW=$(date \'+%d-%m-%Y\') &&\t\t\tcd /opt/*** &&                        dvc pull /opt/***/data/raw/$NOW/csv &&                        dvc pull /opt/***/data/raw/$NOW/database &&                        python /opt/***/executables/raw_data_storage.py && \t\t\tgit rm -r --cached /opt/***/data/raw/$NOW/csv && \t\t\tgit rm -r --cached /opt/***/data/raw/$NOW/database && \t\t\tgit commit -m "stop tracking data/raw/$NOW" &&                         dvc add /opt/***/data/raw &&                         git add /opt/***/data/raw.dvc && \t\t\tgit add logs &&\\   \n                        git commit -m "Updated raw data storage" -a &&                         dvc push && git push\n                    ']
[2025-03-02T06:21:20.736+0000] {subprocess.py:86} INFO - Output:
[2025-03-02T06:21:24.292+0000] {subprocess.py:93} INFO - Everything is up to date.
[2025-03-02T06:21:26.616+0000] {subprocess.py:93} INFO - WARNING: failed to collect 'workspace', skipping
[2025-03-02T06:21:26.616+0000] {subprocess.py:93} INFO - ERROR: failed to pull data from the cloud - '/opt/***/data/raw/02-03-2025/database' does not exist as an output or a stage name in 'dvc.yaml': 'dvc.yaml' does not exist
[2025-03-02T06:21:26.869+0000] {subprocess.py:93} INFO - [main b3fa594] Updated raw data storage
[2025-03-02T06:21:26.869+0000] {subprocess.py:93} INFO -  1 file changed, 14 insertions(+)
[2025-03-02T06:21:32.548+0000] {subprocess.py:93} INFO - Everything is up to date.
[2025-03-02T06:21:34.123+0000] {subprocess.py:93} INFO - To https://github.com/anniemathew-trial/customer_churn_pipeline.git
[2025-03-02T06:21:34.124+0000] {subprocess.py:93} INFO -    7bf29fb..b3fa594  main -> main
[2025-03-02T06:21:34.131+0000] {subprocess.py:97} INFO - Command exited with return code 0
[2025-03-02T06:21:34.172+0000] {taskinstance.py:1400} INFO - Marking task as SUCCESS. dag_id=customer_churn_ml_pipeline, task_id=raw_data_storage_task, execution_date=20250302T062109, start_date=20250302T062120, end_date=20250302T062134
[2025-03-02T06:21:34.221+0000] {local_task_job_runner.py:228} INFO - Task exited with return code 0
[2025-03-02T06:21:34.255+0000] {taskinstance.py:2778} INFO - 1 downstream tasks scheduled from follow-on schedule check
