2025-02-27 17:26:14,823 : INFO : Reading data from CSV file customer_data.csv
2025-02-27 17:26:14,837 : INFO : Reading data from CSV file customer_data.csv
2025-02-27 17:26:14,906 : ERROR : Error ingesting CSV: [Errno 13] Permission denied: '/opt/airflow/data/raw'
2025-02-27 17:26:14,908 : INFO : Connecting to Database
2025-02-27 17:26:14,912 : ERROR : Error ingesting CSV: [Errno 13] Permission denied: '/opt/airflow/data/raw'
2025-02-27 17:26:14,913 : INFO : Connecting to Database
2025-02-27 17:26:15,068 : INFO : Connecting to Database Successfull
2025-02-27 17:26:15,069 : INFO : Reading data from database.
2025-02-27 17:26:15,072 : INFO : Connecting to Database Successfull
2025-02-27 17:26:15,073 : INFO : Reading data from database.
2025-02-27 17:26:15,772 : ERROR : Error ingesting database: [Errno 13] Permission denied: '/opt/airflow/data/raw'
2025-02-27 17:26:15,789 : ERROR : Error ingesting database: [Errno 13] Permission denied: '/opt/airflow/data/raw'
2025-02-28 03:00:02,580 : INFO : Reading data from CSV file customer_data.csv
2025-02-28 03:00:02,792 : INFO : Data from CSV customer_data.csv ingested successfully!
2025-02-28 03:00:02,792 : INFO : Connecting to Database
2025-02-28 03:00:02,840 : INFO : Connecting to Database Successfull
2025-02-28 03:00:02,840 : INFO : Reading data from database.
2025-02-28 03:00:04,089 : INFO : Data from Database ingested successfully!
2025-02-28 03:47:16,210 : INFO : Reading data from CSV file customer_data.csv
2025-02-28 03:47:17,112 : INFO : Data from CSV customer_data.csv ingested successfully!
2025-02-28 03:47:17,112 : INFO : Connecting to Database
2025-02-28 03:47:17,308 : INFO : Connecting to Database Successfull
2025-02-28 03:47:17,308 : INFO : Reading data from database.
2025-02-28 03:47:19,752 : INFO : Data from Database ingested successfully!
2025-02-28 03:56:10,347 : INFO : Reading data from CSV file customer_data.csv
2025-02-28 03:56:10,453 : INFO : Data from CSV customer_data.csv ingested successfully!
2025-02-28 03:56:10,453 : INFO : Connecting to Database
2025-02-28 03:56:10,486 : INFO : Connecting to Database Successfull
2025-02-28 03:56:10,486 : INFO : Reading data from database.
2025-02-28 03:56:10,960 : INFO : Data from Database ingested successfully!
2025-02-28 04:01:44,562 : INFO : Reading data from CSV file customer_data.csv
2025-02-28 04:01:44,670 : INFO : Data from CSV customer_data.csv ingested successfully!
2025-02-28 04:01:44,671 : INFO : Connecting to Database
2025-02-28 04:01:44,700 : INFO : Connecting to Database Successfull
2025-02-28 04:01:44,701 : INFO : Reading data from database.
2025-02-28 04:01:45,150 : INFO : Data from Database ingested successfully!
2025-02-28 04:03:56,535 : INFO : Reading data from CSV file customer_data.csv
2025-02-28 04:03:56,647 : INFO : Data from CSV customer_data.csv ingested successfully!
2025-02-28 04:03:56,648 : INFO : Connecting to Database
2025-02-28 04:03:56,683 : INFO : Connecting to Database Successfull
2025-02-28 04:03:56,683 : INFO : Reading data from database.
2025-02-28 04:03:57,235 : INFO : Data from Database ingested successfully!
2025-02-28 04:07:53,547 : INFO : Reading data from CSV file customer_data.csv
2025-02-28 04:07:53,641 : INFO : Data from CSV customer_data.csv ingested successfully!
2025-02-28 04:07:53,641 : INFO : Connecting to Database
2025-02-28 04:07:53,671 : INFO : Connecting to Database Successfull
2025-02-28 04:07:53,671 : INFO : Reading data from database.
2025-02-28 04:07:54,141 : INFO : Data from Database ingested successfully!
2025-02-28 04:35:25,659 : INFO : Reading data from CSV file customer_data.csv
2025-02-28 04:35:25,801 : INFO : Data from CSV customer_data.csv ingested successfully!
2025-02-28 04:35:25,801 : INFO : Connecting to Database
2025-02-28 04:35:25,835 : INFO : Connecting to Database Successfull
2025-02-28 04:35:25,835 : INFO : Reading data from database.
2025-02-28 04:35:26,332 : INFO : Data from Database ingested successfully!
2025-02-28 04:42:49,216 : INFO : Reading data from CSV file customer_data.csv
2025-02-28 04:42:49,346 : INFO : Data from CSV customer_data.csv ingested successfully!
2025-02-28 04:42:49,346 : INFO : Connecting to Database
2025-02-28 04:42:49,381 : INFO : Connecting to Database Successfull
2025-02-28 04:42:49,381 : INFO : Reading data from database.
2025-02-28 04:42:49,881 : INFO : Data from Database ingested successfully!
2025-02-28 04:45:24,264 : INFO : Reading data from CSV file customer_data.csv
2025-02-28 04:45:24,375 : INFO : Data from CSV customer_data.csv ingested successfully!
2025-02-28 04:45:24,375 : INFO : Connecting to Database
2025-02-28 04:45:24,407 : INFO : Connecting to Database Successfull
2025-02-28 04:45:24,408 : INFO : Reading data from database.
2025-02-28 04:45:24,884 : INFO : Data from Database ingested successfully!
2025-02-28 04:49:48,793 : INFO : Reading data from CSV file customer_data.csv
2025-02-28 04:49:49,006 : INFO : Data from CSV customer_data.csv ingested successfully!
2025-02-28 04:49:49,007 : INFO : Connecting to Database
2025-02-28 04:49:49,049 : INFO : Connecting to Database Successfull
2025-02-28 04:49:49,049 : INFO : Reading data from database.
2025-02-28 04:49:49,883 : INFO : Data from Database ingested successfully!
2025-02-28 06:13:48,955 : INFO : Reading data from CSV file customer_data.csv
2025-02-28 06:13:49,105 : INFO : Data from CSV customer_data.csv ingested successfully!
2025-02-28 06:13:49,105 : INFO : Connecting to Database
2025-02-28 06:13:49,140 : INFO : Connecting to Database Successfull
2025-02-28 06:13:49,141 : INFO : Reading data from database.
2025-02-28 06:13:49,672 : INFO : Data from Database ingested successfully!
2025-02-28 06:15:17,155 : INFO : Reading data from CSV file customer_data.csv
2025-02-28 06:15:17,223 : INFO : Data from CSV customer_data.csv ingested successfully!
2025-02-28 06:15:17,223 : INFO : Connecting to Database
2025-02-28 06:15:17,253 : INFO : Connecting to Database Successfull
2025-02-28 06:15:17,254 : INFO : Reading data from database.
2025-02-28 06:15:17,653 : INFO : Data from Database ingested successfully!
