2025-02-28 08:18:25,649 : INFO : Connecting to Database
2025-02-28 08:18:25,651 : ERROR : Error storing data: ('01000', "[01000] [unixODBC][Driver Manager]Can't open lib 'SQL SERVER' : file not found (0) (SQLDriverConnect)")
2025-02-28 09:59:50,939 : INFO : Connecting to Database
2025-02-28 09:59:50,941 : ERROR : Error storing data: ('01000', "[01000] [unixODBC][Driver Manager]Can't open lib 'SQL SERVER' : file not found (0) (SQLDriverConnect)")
2025-02-28 10:04:39,749 : INFO : Connecting to Database
2025-02-28 10:04:39,753 : ERROR : Error storing data: ('01000', "[01000] [unixODBC][Driver Manager]Can't open lib 'SQL SERVER' : file not found (0) (SQLDriverConnect)")
2025-02-28 10:07:23,778 : INFO : Connecting to Database
2025-02-28 10:07:23,826 : INFO : Connecting to Database Successfull
2025-02-28 10:07:23,827 : INFO : Reading Initial DB Setup Script
2025-02-28 10:07:23,827 : ERROR : Error storing data: [Errno 2] No such file or directory: 'dbScripts/initial_setup.sql'
2025-02-28 10:15:04,956 : INFO : Connecting to Database
2025-02-28 10:15:04,990 : INFO : Connecting to Database Successfull
2025-02-28 10:15:04,990 : INFO : Reading Initial DB Setup Script
2025-02-28 10:15:04,990 : INFO : Executing script to Database
2025-02-28 10:15:05,028 : INFO : Executed script successfully !!
2025-02-28 10:15:05,028 : INFO : Reading insert script template
2025-02-28 10:15:05,028 : INFO : Inserting data to database
2025-02-28 10:15:05,121 : ERROR : Error storing data: ('42000', '[42000] [Microsoft][ODBC Driver 17 for SQL Server][SQL Server]The incoming tabular data stream (TDS) remote procedure call (RPC) protocol stream is incorrect. Parameter 16 (""): The supplied value is not a valid instance of data type float. Check the source data for invalid values. An example of an invalid value is data of numeric type with scale greater than precision. (8023) (SQLExecDirectW)')
2025-02-28 10:26:32,167 : INFO : Connecting to Database
2025-02-28 10:26:32,206 : INFO : Connecting to Database Successfull
2025-02-28 10:26:32,206 : INFO : Reading Initial DB Setup Script
2025-02-28 10:26:32,206 : INFO : Executing script to Database
2025-02-28 10:26:32,251 : INFO : Executed script successfully !!
2025-02-28 10:26:32,252 : INFO : Reading insert script template
2025-02-28 10:26:32,252 : INFO : Inserting data to database
2025-02-28 10:26:32,347 : ERROR : Error storing data: ('42000', '[42000] [Microsoft][ODBC Driver 17 for SQL Server][SQL Server]The incoming tabular data stream (TDS) remote procedure call (RPC) protocol stream is incorrect. Parameter 16 (""): The supplied value is not a valid instance of data type float. Check the source data for invalid values. An example of an invalid value is data of numeric type with scale greater than precision. (8023) (SQLExecDirectW)')
2025-02-28 10:54:30,793 : INFO : Connecting to Database
2025-02-28 10:54:30,841 : INFO : Connecting to Database Successfull
2025-02-28 10:54:30,841 : INFO : Reading Initial DB Setup Script
2025-02-28 10:54:30,841 : INFO : Executing script to Database
2025-02-28 10:54:30,844 : INFO : Executed script successfully !!
2025-02-28 10:54:30,844 : INFO : Reading insert script template
2025-02-28 10:54:30,845 : INFO : Inserting data to database
2025-02-28 10:54:36,917 : INFO : Executed script successfully !!
2025-02-28 10:54:36,918 : INFO : Connection closed !!
2025-02-28 10:59:51,907 : INFO : Connecting to Database
2025-02-28 10:59:51,947 : INFO : Connecting to Database Successfull
2025-02-28 10:59:51,947 : INFO : Reading Initial DB Setup Script
2025-02-28 10:59:51,948 : INFO : Executing script to Database
2025-02-28 10:59:51,949 : INFO : Executed script successfully !!
2025-02-28 10:59:51,949 : INFO : Reading insert script template
2025-02-28 10:59:51,950 : INFO : Inserting data to database
2025-02-28 10:59:59,622 : INFO : Executed script successfully !!
2025-02-28 10:59:59,623 : INFO : Connection closed !!
2025-02-28 11:04:06,001 : INFO : Connecting to Database
2025-02-28 11:04:06,047 : INFO : Connecting to Database Successfull
2025-02-28 11:04:06,047 : INFO : Reading Initial DB Setup Script
2025-02-28 11:04:06,047 : INFO : Executing script to Database
2025-02-28 11:04:06,067 : INFO : Executed script successfully !!
2025-02-28 11:04:06,067 : INFO : Reading insert script template
2025-02-28 11:04:06,067 : INFO : Inserting data to database
2025-02-28 11:04:11,795 : INFO : Executed script successfully !!
2025-02-28 11:04:11,796 : INFO : Connection closed !!
