2025-02-28 08:17:59,830 : INFO : Starting data preparation for csv.
2025-02-28 08:17:59,859 : INFO : Scaling 'Tenure', 'Balance', 'EstimatedSalary'.
2025-02-28 08:17:59,867 : INFO : Saving data to S3.
2025-02-28 09:04:12,315 : INFO : Starting data preparation for csv.
2025-02-28 09:04:12,345 : INFO : Scaling 'Tenure', 'Balance', 'EstimatedSalary'.
2025-02-28 09:04:12,352 : INFO : Saving data to S3.
2025-02-28 09:40:52,576 : INFO : Starting data preparation for csv.
2025-02-28 09:40:52,615 : INFO : Scaling 'Tenure', 'Balance', 'EstimatedSalary'.
2025-02-28 09:40:52,627 : INFO : Saving data to S3.
2025-02-28 09:46:38,621 : INFO : Starting data preparation for csv.
2025-02-28 09:46:38,655 : INFO : Scaling 'Tenure', 'Balance', 'EstimatedSalary'.
2025-02-28 09:46:38,665 : INFO : Saving data to S3.
2025-02-28 09:59:34,387 : INFO : Starting data preparation for csv.
2025-02-28 09:59:34,417 : INFO : Scaling 'Tenure', 'Balance', 'EstimatedSalary'.
2025-02-28 09:59:34,425 : INFO : Saving data to S3.
2025-02-28 10:04:24,155 : INFO : Starting data preparation for csv.
2025-02-28 10:04:24,185 : INFO : Scaling 'Tenure', 'Balance', 'EstimatedSalary'.
2025-02-28 10:04:24,191 : INFO : Saving data to S3.
2025-02-28 10:07:07,393 : INFO : Starting data preparation for csv.
2025-02-28 10:07:07,425 : INFO : Scaling 'Tenure', 'Balance', 'EstimatedSalary'.
2025-02-28 10:07:07,433 : INFO : Saving data to S3.
2025-02-28 10:14:48,361 : INFO : Starting data preparation for csv.
2025-02-28 10:14:48,397 : INFO : Scaling 'Tenure', 'Balance', 'EstimatedSalary'.
2025-02-28 10:14:48,404 : INFO : Saving data to S3.
2025-02-28 10:26:15,776 : INFO : Starting data preparation for csv.
2025-02-28 10:26:15,810 : INFO : Scaling 'Tenure', 'Balance', 'EstimatedSalary'.
2025-02-28 10:26:15,817 : INFO : Saving data to S3.
2025-02-28 10:54:09,091 : INFO : Starting data preparation for csv.
2025-02-28 10:54:09,137 : INFO : Scaling 'Tenure', 'Balance', 'EstimatedSalary'.
2025-02-28 10:54:09,150 : INFO : Saving data to S3.
2025-02-28 10:59:35,467 : INFO : Starting data preparation for csv.
2025-02-28 10:59:35,509 : INFO : Scaling 'Tenure', 'Balance', 'EstimatedSalary'.
2025-02-28 10:59:35,519 : INFO : Saving data to S3.
2025-02-28 11:03:43,226 : INFO : Starting data preparation for csv.
2025-02-28 11:03:43,275 : INFO : Scaling 'Tenure', 'Balance', 'EstimatedSalary'.
2025-02-28 11:03:43,287 : INFO : Saving data to S3.
2025-02-28 11:06:44,925 : INFO : Starting data preparation for csv.
2025-02-28 11:06:45,022 : INFO : Scaling 'Tenure', 'Balance', 'EstimatedSalary'.
2025-02-28 11:06:45,044 : INFO : Saving data to S3.
2025-02-28 11:14:42,327 : INFO : Starting data preparation for csv.
2025-02-28 11:14:42,387 : INFO : Scaling 'Tenure', 'Balance', 'EstimatedSalary'.
2025-02-28 11:14:42,398 : INFO : Saving data to S3.
2025-02-28 18:10:09,448 : INFO : Starting data preparation for csv.
2025-02-28 18:10:09,481 : INFO : Scaling 'Tenure', 'Balance', 'EstimatedSalary'.
2025-02-28 18:10:09,489 : INFO : Saving data to S3.
2025-02-28 18:13:40,684 : INFO : Starting data preparation for csv.
2025-02-28 18:13:40,717 : INFO : Scaling 'Tenure', 'Balance', 'EstimatedSalary'.
2025-02-28 18:13:40,724 : INFO : Saving data to S3.
2025-03-01 07:30:16,244 : INFO : Starting data preparation for csv.
2025-03-01 07:30:16,282 : INFO : Scaling 'Tenure', 'Balance', 'EstimatedSalary'.
2025-03-01 07:30:16,291 : INFO : Saving data to S3.
2025-03-01 07:33:38,288 : INFO : Starting data preparation for csv.
2025-03-01 07:33:38,344 : INFO : Scaling 'Tenure', 'Balance', 'EstimatedSalary'.
2025-03-01 07:33:38,356 : INFO : Saving data to S3.
2025-03-01 08:00:51,762 : INFO : Starting data preparation for csv.
2025-03-01 08:00:51,806 : INFO : Scaling 'Tenure', 'Balance', 'EstimatedSalary'.
2025-03-01 08:00:51,815 : INFO : Saving data to S3.
2025-03-01 09:49:05,648 : INFO : Starting data preparation for csv.
2025-03-01 09:49:05,686 : INFO : Scaling 'Tenure', 'Balance', 'EstimatedSalary'.
2025-03-01 09:49:05,693 : INFO : Saving data to S3.
2025-03-01 09:54:22,982 : INFO : Starting data preparation for csv.
2025-03-01 09:54:23,040 : INFO : Scaling 'Tenure', 'Balance', 'EstimatedSalary'.
2025-03-01 09:54:23,051 : INFO : Saving data to S3.
2025-03-01 09:57:31,536 : INFO : Starting data preparation for csv.
2025-03-01 09:57:31,574 : INFO : Scaling 'Tenure', 'Balance', 'EstimatedSalary'.
2025-03-01 09:57:31,585 : INFO : Saving data to S3.
2025-03-01 10:03:12,075 : INFO : Starting data preparation for csv.
2025-03-01 10:03:12,119 : INFO : Scaling 'Tenure', 'Balance', 'EstimatedSalary'.
2025-03-01 10:03:12,132 : INFO : Saving data to S3.
2025-03-01 10:10:45,438 : INFO : Starting data preparation for csv.
2025-03-01 10:10:45,476 : INFO : Scaling 'Tenure', 'Balance', 'EstimatedSalary'.
2025-03-01 10:10:45,487 : INFO : Saving data to S3.
2025-03-01 10:20:02,145 : INFO : Starting data preparation for csv.
2025-03-01 10:20:02,193 : INFO : Scaling 'Tenure', 'Balance', 'EstimatedSalary'.
2025-03-01 10:20:02,205 : INFO : Saving data to S3.
2025-03-01 10:30:52,365 : INFO : Starting data preparation for csv.
2025-03-01 10:30:52,418 : INFO : Scaling 'Tenure', 'Balance', 'EstimatedSalary'.
2025-03-01 10:30:52,433 : INFO : Saving data to S3.
2025-03-01 10:35:55,725 : INFO : Starting data preparation for csv.
2025-03-01 10:35:55,765 : INFO : Scaling 'Tenure', 'Balance', 'EstimatedSalary'.
2025-03-01 10:35:55,777 : INFO : Saving data to S3.
2025-03-01 10:47:19,935 : INFO : Starting data preparation for csv.
2025-03-01 10:47:19,968 : INFO : Scaling 'Tenure', 'Balance', 'EstimatedSalary'.
2025-03-01 10:47:19,976 : INFO : Saving data to S3.
2025-03-01 11:05:16,364 : INFO : Starting data preparation for csv.
2025-03-01 11:05:16,399 : INFO : Scaling 'Tenure', 'Balance', 'EstimatedSalary'.
2025-03-01 11:05:16,410 : INFO : Saving data to S3.
2025-03-01 11:09:35,991 : INFO : Starting data preparation for csv.
2025-03-01 11:09:36,029 : INFO : Scaling 'Tenure', 'Balance', 'EstimatedSalary'.
2025-03-01 11:09:36,039 : INFO : Saving data to S3.
2025-03-01 11:20:04,741 : INFO : Starting data preparation for csv.
2025-03-01 11:20:04,798 : INFO : Scaling 'Tenure', 'Balance', 'EstimatedSalary'.
2025-03-01 11:20:04,812 : INFO : Saving data to S3.
2025-03-01 11:27:27,093 : INFO : Starting data preparation for csv.
2025-03-01 11:27:27,126 : INFO : Scaling 'Tenure', 'Balance', 'EstimatedSalary'.
2025-03-01 11:27:27,136 : INFO : Saving data to S3.
2025-03-01 11:31:19,876 : INFO : Starting data preparation for csv.
2025-03-01 11:31:19,912 : INFO : Scaling 'Tenure', 'Balance', 'EstimatedSalary'.
2025-03-01 11:31:19,921 : INFO : Saving data to S3.
2025-03-01 16:28:48,351 : INFO : Starting data preparation for csv.
2025-03-01 16:28:48,395 : INFO : Scaling 'Tenure', 'Balance', 'EstimatedSalary'.
2025-03-01 16:28:48,408 : INFO : Saving data to S3.
2025-03-01 16:33:46,334 : INFO : Starting data preparation for csv.
2025-03-01 16:33:46,369 : INFO : Scaling 'Tenure', 'Balance', 'EstimatedSalary'.
2025-03-01 16:33:46,377 : INFO : Saving data to S3.
2025-03-01 16:44:32,690 : INFO : Starting data preparation for csv.
2025-03-01 16:44:32,724 : INFO : Scaling 'Tenure', 'Balance', 'EstimatedSalary'.
2025-03-01 16:44:32,732 : INFO : Saving data to S3.
2025-03-01 16:47:02,063 : INFO : Starting data preparation for csv.
2025-03-01 16:47:02,106 : INFO : Scaling 'Tenure', 'Balance', 'EstimatedSalary'.
2025-03-01 16:47:02,120 : INFO : Saving data to S3.
2025-03-01 16:52:17,023 : INFO : Starting data preparation for csv.
2025-03-01 16:52:17,095 : INFO : Scaling 'Tenure', 'Balance', 'EstimatedSalary'.
2025-03-01 16:52:17,107 : INFO : Saving data to S3.
2025-03-01 16:56:45,548 : INFO : Starting data preparation for csv.
2025-03-01 16:56:45,585 : INFO : Scaling 'Tenure', 'Balance', 'EstimatedSalary'.
2025-03-01 16:56:45,594 : INFO : Saving data to S3.
2025-03-01 17:06:15,233 : INFO : Starting data preparation for csv.
2025-03-01 17:06:15,276 : INFO : Scaling 'Tenure', 'Balance', 'EstimatedSalary'.
2025-03-01 17:06:15,286 : INFO : Saving data to S3.
2025-03-02 06:16:39,715 : INFO : Starting data preparation for csv.
2025-03-02 06:16:39,768 : INFO : Scaling 'Tenure', 'Balance', 'EstimatedSalary'.
2025-03-02 06:16:39,780 : INFO : Saving data to S3.
2025-03-02 06:22:06,675 : INFO : Starting data preparation for csv.
2025-03-02 06:22:06,709 : INFO : Scaling 'Tenure', 'Balance', 'EstimatedSalary'.
2025-03-02 06:22:06,716 : INFO : Saving data to S3.
2025-03-02 06:38:52,200 : INFO : Starting data preparation for csv.
2025-03-02 06:38:52,236 : INFO : Scaling 'Tenure', 'Balance', 'EstimatedSalary'.
2025-03-02 06:38:52,247 : INFO : Saving data to S3.
2025-03-02 06:46:58,087 : INFO : Starting data preparation for csv.
2025-03-02 06:46:58,124 : INFO : Scaling 'Tenure', 'Balance', 'EstimatedSalary'.
2025-03-02 06:46:58,133 : INFO : Saving data to S3.
2025-03-02 07:53:52,622 : INFO : Starting data preparation for csv.
2025-03-02 07:53:52,760 : INFO : Scaling 'Tenure', 'Balance', 'EstimatedSalary'.
2025-03-02 07:53:52,785 : INFO : Saving data to S3.
2025-03-02 07:55:59,701 : INFO : Starting data preparation for csv.
2025-03-02 07:55:59,797 : INFO : Scaling 'Tenure', 'Balance', 'EstimatedSalary'.
2025-03-02 07:55:59,840 : INFO : Saving data to S3.
2025-03-02 08:01:13,958 : INFO : Starting data preparation for csv.
2025-03-02 08:01:14,128 : INFO : Scaling 'Tenure', 'Balance', 'EstimatedSalary'.
2025-03-02 08:01:14,175 : INFO : Saving data to S3.
2025-03-02 08:01:32,000 : INFO : Starting data preparation for csv.
2025-03-02 08:01:32,257 : INFO : Scaling 'Tenure', 'Balance', 'EstimatedSalary'.
2025-03-02 08:01:32,301 : INFO : Saving data to S3.
2025-03-02 09:44:19,765 : INFO : Starting data preparation for csv.
2025-03-02 09:44:19,766 : ERROR : Failed data transformation: [Errno 2] No such file or directory: 'data/cleaned/customer_data.csv'
2025-03-02 09:50:20,358 : INFO : Starting data preparation for csv.
2025-03-02 09:50:20,359 : ERROR : Failed data transformation: [Errno 2] No such file or directory: 'data/cleaned/customer_data.csv'
2025-03-02 09:52:21,620 : INFO : Starting data preparation for csv.
2025-03-02 09:52:21,621 : ERROR : Failed data transformation: [Errno 2] No such file or directory: 'data/cleaned/customer_data.csv'
2025-03-02 09:58:02,618 : INFO : Starting data preparation for csv.
2025-03-02 09:58:02,619 : ERROR : Failed data transformation: [Errno 2] No such file or directory: 'data/cleaned/customer_data.csv'
2025-03-02 10:03:36,245 : INFO : Starting data preparation for csv.
2025-03-02 10:03:36,246 : ERROR : Failed data transformation: [Errno 2] No such file or directory: 'data/cleaned/customer_data.csv'
2025-03-02 10:07:53,400 : INFO : Starting data transformation for csv.
2025-03-02 10:07:53,401 : ERROR : Failed data transformation: [Errno 2] No such file or directory: '/opt/airflow/data/cleaned/02-03-2025/csv/customer_data.csv'
2025-03-02 10:13:15,965 : INFO : Starting data transformation for csv.
2025-03-02 10:13:15,966 : ERROR : Failed data transformation: [Errno 2] No such file or directory: '/opt/airflow/data/cleaned/02-03-2025/csv/customer_data.csv'
2025-03-02 10:15:58,647 : INFO : Starting data transformation for csv.
2025-03-02 10:15:58,681 : INFO : Scaling 'Tenure', 'Balance', 'EstimatedSalary'.
2025-03-02 10:15:58,689 : INFO : Saving data to S3.
2025-03-02 10:15:58,690 : ERROR : Failed data transformation: Cannot save file into a non-existent directory: '/opt/airflow/data/transformed/02-03-2025/csv'
2025-03-02 10:21:46,933 : INFO : Starting data transformation for csv.
2025-03-02 10:21:47,011 : INFO : Scaling 'Tenure', 'Balance', 'EstimatedSalary'.
2025-03-02 10:21:47,029 : INFO : Saving data to S3.
2025-03-02 10:21:47,030 : ERROR : Failed data transformation: name 'cleaned_file_path' is not defined
2025-03-02 10:28:11,842 : INFO : Starting data transformation for csv.
2025-03-02 10:28:11,882 : INFO : Scaling 'Tenure', 'Balance', 'EstimatedSalary'.
2025-03-02 10:28:11,894 : INFO : Saving data to S3.
2025-03-02 10:28:11,894 : ERROR : Failed data transformation: name 'cleaned_file_path' is not defined
2025-03-02 10:34:51,738 : INFO : Starting data transformation for csv.
2025-03-02 10:34:51,778 : INFO : Scaling 'Tenure', 'Balance', 'EstimatedSalary'.
2025-03-02 10:34:51,787 : INFO : Saving data to S3.
2025-03-02 10:34:51,787 : ERROR : Failed data transformation: name 'cleaned_file_path' is not defined
2025-03-02 10:37:29,651 : INFO : Starting data transformation for csv.
2025-03-02 10:37:29,691 : INFO : Scaling 'Tenure', 'Balance', 'EstimatedSalary'.
2025-03-02 10:37:29,700 : INFO : Saving data to S3.
2025-03-02 10:37:29,700 : ERROR : Failed data transformation: name 'cleaned_file_path' is not defined
2025-03-02 10:42:24,886 : INFO : Starting data transformation for csv.
2025-03-02 10:42:24,925 : INFO : Scaling 'Tenure', 'Balance', 'EstimatedSalary'.
2025-03-02 10:42:24,934 : INFO : Saving data to S3.
2025-03-02 10:42:25,162 : ERROR : Failed data transformation: name 'boto3' is not defined
2025-03-02 10:49:16,912 : INFO : Starting data transformation for csv.
2025-03-02 10:49:16,955 : INFO : Scaling 'Tenure', 'Balance', 'EstimatedSalary'.
2025-03-02 10:49:16,964 : INFO : Saving data to S3.
2025-03-02 10:55:08,997 : INFO : Starting data transformation for csv.
2025-03-02 10:55:09,036 : INFO : Scaling 'Tenure', 'Balance', 'EstimatedSalary'.
2025-03-02 10:55:09,046 : INFO : Saving data to S3.
2025-03-02 10:59:44,019 : INFO : Starting data transformation for csv.
2025-03-02 10:59:44,054 : INFO : Scaling 'Tenure', 'Balance', 'EstimatedSalary'.
2025-03-02 10:59:44,062 : INFO : Saving data to S3.
2025-03-02 11:06:58,021 : INFO : Starting data transformation for csv.
2025-03-02 11:06:58,113 : INFO : Scaling 'Tenure', 'Balance', 'EstimatedSalary'.
2025-03-02 11:06:58,133 : INFO : Saving data to S3.
2025-03-02 11:36:42,801 : INFO : Starting data transformation for csv.
2025-03-02 11:36:42,853 : INFO : Scaling 'Tenure', 'Balance', 'EstimatedSalary'.
2025-03-02 11:36:42,865 : INFO : Saving data to S3.
2025-03-02 12:00:26,483 : INFO : Starting data transformation for csv.
2025-03-02 12:00:26,517 : INFO : Scaling 'Tenure', 'Balance', 'EstimatedSalary'.
2025-03-02 12:00:26,526 : INFO : Saving data to S3.
2025-03-02 12:10:37,622 : INFO : Starting data transformation for csv.
2025-03-02 12:10:37,668 : INFO : Scaling 'Tenure', 'Balance', 'EstimatedSalary'.
2025-03-02 12:10:37,678 : INFO : Saving data to S3.
2025-03-02 12:20:15,586 : INFO : Starting data transformation for csv.
2025-03-02 12:20:15,625 : INFO : Scaling 'Tenure', 'Balance', 'EstimatedSalary'.
2025-03-02 12:20:15,634 : INFO : Saving data to S3.
2025-03-02 12:51:35,215 : INFO : Starting data transformation for csv.
2025-03-02 12:51:35,244 : INFO : Scaling 'Tenure', 'Balance', 'EstimatedSalary'.
2025-03-02 12:51:35,251 : INFO : Saving data to S3.
2025-03-02 13:18:07,207 : INFO : Starting data transformation for csv.
2025-03-02 13:18:07,237 : INFO : Scaling 'Tenure', 'Balance', 'EstimatedSalary'.
2025-03-02 13:18:07,244 : INFO : Saving data to S3.
2025-03-02 13:22:28,953 : INFO : Starting data transformation for csv.
2025-03-02 13:22:28,986 : INFO : Scaling 'Tenure', 'Balance', 'EstimatedSalary'.
2025-03-02 13:22:28,992 : INFO : Saving data to S3.
2025-03-02 14:11:52,612 : INFO : Starting data transformation for csv.
2025-03-02 14:11:52,649 : INFO : Scaling 'Tenure', 'Balance', 'EstimatedSalary'.
2025-03-02 14:11:52,662 : INFO : Saving data to S3.
2025-03-02 14:15:17,069 : INFO : Starting data transformation for csv.
2025-03-02 14:15:17,104 : INFO : Scaling 'Tenure', 'Balance', 'EstimatedSalary'.
2025-03-02 14:15:17,112 : INFO : Saving data to S3.
2025-03-02 14:15:20,899 : INFO : Starting data transformation for csv.
2025-03-02 14:15:20,940 : INFO : Scaling 'Tenure', 'Balance', 'EstimatedSalary'.
2025-03-02 14:15:20,948 : INFO : Saving data to S3.
2025-03-02 15:15:09,591 : INFO : Starting data transformation for csv.
2025-03-02 15:15:09,627 : INFO : Scaling 'Tenure', 'Balance', 'EstimatedSalary'.
2025-03-02 15:15:09,635 : INFO : Saving data to S3.
2025-03-02 15:26:41,839 : INFO : Starting data transformation for csv.
2025-03-02 15:26:41,867 : INFO : Scaling 'Tenure', 'Balance', 'EstimatedSalary'.
2025-03-02 15:26:41,875 : INFO : Saving data to S3.
2025-03-02 15:36:52,791 : INFO : Starting data transformation for csv.
2025-03-02 15:36:52,818 : INFO : Scaling 'Tenure', 'Balance', 'EstimatedSalary'.
2025-03-02 15:36:52,825 : INFO : Saving data to S3.
2025-03-03 12:49:28,675 : INFO : Starting data transformation for csv.
2025-03-03 12:49:28,677 : ERROR : Failed data transformation: [Errno 2] No such file or directory: '/opt/airflow/data/cleaned/03-03-2025/csv/customer_data.csv'
2025-03-03 12:49:28,678 : INFO : Starting data transformation for csv.
2025-03-03 12:49:28,678 : ERROR : Failed data transformation: [Errno 2] No such file or directory: '/opt/airflow/data/cleaned/03-03-2025/database/database_data.csv'
2025-03-03 16:37:13,771 : INFO : Starting data transformation for csv.
2025-03-03 16:37:13,772 : ERROR : Failed data transformation: [Errno 2] No such file or directory: '/opt/airflow/data/cleaned/fintech1/03-03-2025/csv/customer_data.csv'
2025-03-03 16:37:13,773 : INFO : Starting data transformation for csv.
2025-03-03 16:37:13,773 : ERROR : Failed data transformation: [Errno 2] No such file or directory: '/opt/airflow/data/cleaned/fintech2/03-03-2025/database/database_data.csv'
2025-03-03 16:40:57,471 : INFO : Starting data transformation for csv.
2025-03-03 16:40:57,473 : ERROR : Failed data transformation: [Errno 2] No such file or directory: '/opt/airflow/data/cleaned/fintech1/03-03-2025/csv/customer_data.csv'
2025-03-03 16:40:57,473 : INFO : Starting data transformation for csv.
2025-03-03 16:40:57,473 : ERROR : Failed data transformation: [Errno 2] No such file or directory: '/opt/airflow/data/cleaned/fintech2/03-03-2025/database/database_data.csv'
2025-03-03 16:44:39,479 : INFO : Starting data transformation for csv.
2025-03-03 16:44:39,480 : ERROR : Failed data transformation: [Errno 2] No such file or directory: '/opt/airflow/data/cleaned/fintech1/03-03-2025/csv/customer_data.csv'
2025-03-03 16:44:39,480 : INFO : Starting data transformation for csv.
2025-03-03 16:44:39,480 : ERROR : Failed data transformation: [Errno 2] No such file or directory: '/opt/airflow/data/cleaned/fintech2/03-03-2025/database/database_data.csv'
2025-03-03 16:56:57,096 : INFO : Starting data transformation for csv.
2025-03-03 16:56:57,097 : ERROR : Failed data transformation: [Errno 2] No such file or directory: '/opt/airflow/data/cleaned/fintech1/03-03-2025/csv/customer_data.csv'
2025-03-03 16:56:57,097 : INFO : Starting data transformation for csv.
2025-03-03 16:56:57,098 : ERROR : Failed data transformation: [Errno 2] No such file or directory: '/opt/airflow/data/cleaned/fintech2/03-03-2025/database/database_data.csv'
2025-03-03 17:05:25,289 : INFO : Starting data transformation for csv.
2025-03-03 17:05:25,291 : ERROR : Failed data transformation: [Errno 2] No such file or directory: '/opt/airflow/data/cleaned/fintech1/03-03-2025/csv/customer_data.csv'
2025-03-03 17:05:25,291 : INFO : Starting data transformation for csv.
2025-03-03 17:05:25,291 : ERROR : Failed data transformation: [Errno 2] No such file or directory: '/opt/airflow/data/cleaned/fintech2/03-03-2025/database/database_data.csv'
