2025-03-02 10:16:31,799 : INFO : Connecting to Database
2025-03-02 10:16:31,801 : INFO : Data collection from database failed {str(e)}!!
2025-03-02 10:16:31,802 : INFO : Declaring an entity for the dataset
2025-03-02 10:16:31,802 : INFO : Declaring the source for raw feature data
2025-03-02 10:16:31,803 : INFO : Defining the features in a feature view
2025-03-02 10:16:31,807 : INFO : Feature view creation successfull!!
2025-03-02 10:22:24,762 : INFO : Connecting to Database
2025-03-02 10:22:24,767 : INFO : Data collection from database failed {str(e)}!!
2025-03-02 10:22:24,768 : INFO : Declaring an entity for the dataset
2025-03-02 10:22:24,768 : INFO : Declaring the source for raw feature data
2025-03-02 10:22:24,770 : INFO : Defining the features in a feature view
2025-03-02 10:22:24,774 : INFO : Feature view creation successfull!!
2025-03-02 10:28:46,398 : INFO : Connecting to Database
2025-03-02 10:28:46,401 : INFO : Data collection from database failed {str(e)}!!
2025-03-02 10:28:46,401 : INFO : Declaring an entity for the dataset
2025-03-02 10:28:46,401 : INFO : Declaring the source for raw feature data
2025-03-02 10:28:46,402 : INFO : Defining the features in a feature view
2025-03-02 10:28:46,404 : INFO : Feature view creation successfull!!
2025-03-02 10:35:28,341 : INFO : Connecting to Database
2025-03-02 10:35:28,343 : INFO : Data collection from database failed {str(e)}!!
2025-03-02 10:35:28,343 : INFO : Declaring an entity for the dataset
2025-03-02 10:35:28,344 : INFO : Declaring the source for raw feature data
2025-03-02 10:35:28,345 : INFO : Defining the features in a feature view
2025-03-02 10:35:28,347 : INFO : Feature view creation successfull!!
2025-03-02 10:38:05,424 : INFO : Connecting to Database
2025-03-02 10:38:05,425 : INFO : Data collection from database failed {str(e)}!!
2025-03-02 10:38:05,425 : INFO : Declaring an entity for the dataset
2025-03-02 10:38:05,426 : INFO : Declaring the source for raw feature data
2025-03-02 10:38:05,426 : INFO : Defining the features in a feature view
2025-03-02 10:38:05,428 : INFO : Feature view creation successfull!!
2025-03-02 10:43:04,872 : INFO : Connecting to Database
2025-03-02 10:43:04,897 : INFO : Connecting to Database Successfull
2025-03-02 10:43:04,898 : INFO : Reading data from database.
2025-03-02 10:43:12,608 : INFO : Data collection from database successfull!!
2025-03-02 10:43:12,608 : INFO : Declaring an entity for the dataset
2025-03-02 10:43:12,608 : INFO : Declaring the source for raw feature data
2025-03-02 10:43:12,609 : INFO : Defining the features in a feature view
2025-03-02 10:43:12,611 : INFO : Feature view creation successfull!!
2025-03-02 10:49:52,916 : INFO : Connecting to Database
2025-03-02 10:49:52,958 : INFO : Connecting to Database Successfull
2025-03-02 10:49:52,958 : INFO : Reading data from database.
2025-03-02 10:50:01,051 : INFO : Data collection from database successfull!!
2025-03-02 10:50:01,052 : INFO : Declaring an entity for the dataset
2025-03-02 10:50:01,052 : INFO : Declaring the source for raw feature data
2025-03-02 10:50:01,053 : INFO : Defining the features in a feature view
2025-03-02 10:50:01,056 : INFO : Feature view creation successfull!!
