2025-03-01 11:06:50,400 : INFO : Starting model training
2025-03-01 11:10:50,317 : INFO : Starting model training
2025-03-01 11:10:50,335 : INFO : Registry cache expired, so refreshing
2025-03-01 11:10:50,344 : INFO : Getting data
2025-03-01 11:10:50,344 : INFO : Start and End Range: 1 to 1000
2025-03-01 11:10:50,708 : INFO : New Start and End Range: 1001 to 2000
2025-03-01 11:10:50,709 : INFO : Start and End Range: 1001 to 2000
2025-03-01 11:10:50,959 : INFO : New Start and End Range: 3001 to 4000
2025-03-01 11:10:50,960 : INFO : Start and End Range: 3001 to 4000
2025-03-01 11:10:51,372 : INFO : New Start and End Range: 7001 to 8000
2025-03-01 11:10:51,373 : INFO : Start and End Range: 7001 to 8000
2025-03-01 11:10:51,754 : INFO : New Start and End Range: 15001 to 16000
2025-03-01 11:10:51,755 : INFO : Start and End Range: 15001 to 16000
2025-03-01 11:10:52,171 : INFO : New Start and End Range: 31001 to 32000
2025-03-01 11:10:52,171 : INFO : Start and End Range: 31001 to 32000
2025-03-01 11:10:52,470 : INFO : New Start and End Range: 63001 to 64000
2025-03-01 11:10:52,471 : INFO : Start and End Range: 63001 to 64000
2025-03-01 11:10:52,850 : INFO : New Start and End Range: 127001 to 128000
2025-03-01 11:10:52,851 : INFO : Start and End Range: 127001 to 128000
2025-03-01 11:10:53,115 : INFO : New Start and End Range: 255001 to 256000
2025-03-01 11:10:53,116 : INFO : Start and End Range: 255001 to 256000
2025-03-01 11:10:53,201 : INFO : Stoping at Start and End Range: 255001 to 256000
2025-03-01 11:10:53,201 : INFO : Created feature data
2025-03-01 11:10:53,205 : INFO :    Id  HasCrCard  ...  BalanceAgeRatio   Balance
0   1          1  ...              0.0 -1.225848
1   2          1  ...           2044.0  0.117350
2   3          1  ...           3801.0  1.333053
3   4          1  ...              0.0 -1.225848
4   5          1  ...           2919.0  0.785728

[5 rows x 17 columns]
2025-03-01 11:10:53,254 : INFO : received feature data
2025-03-01 11:10:53,261 : INFO : Models defined
2025-03-01 11:10:53,261 : INFO : Training model RandomForest
2025-03-01 11:10:55,024 : INFO : Predicting model RandomForest
2025-03-01 11:10:55,068 : INFO : Calculating accuracy RandomForest
2025-03-01 11:11:02,022 : INFO : Logged model RandomForest
2025-03-01 11:11:02,071 : INFO : Training model LogisticRegression
2025-03-01 11:11:02,316 : INFO : Predicting model LogisticRegression
2025-03-01 11:11:02,321 : INFO : Calculating accuracy LogisticRegression
2025-03-01 11:11:06,339 : INFO : Logged model LogisticRegression
2025-03-01 11:11:06,358 : INFO : Training model SVM
2025-03-01 11:11:14,405 : INFO : Predicting model SVM
2025-03-01 11:11:14,807 : INFO : Calculating accuracy SVM
2025-03-01 11:11:19,166 : INFO : Logged model SVM
2025-03-01 11:21:20,997 : INFO : Starting model training
2025-03-01 11:21:21,126 : INFO : Registry cache expired, so refreshing
2025-03-01 11:21:21,163 : INFO : Getting data
2025-03-01 11:21:21,164 : INFO : Start and End Range: 1 to 1000
2025-03-01 11:21:22,472 : INFO : New Start and End Range: 1001 to 2000
2025-03-01 11:21:22,473 : INFO : Start and End Range: 1001 to 2000
2025-03-01 11:21:23,058 : INFO : New Start and End Range: 3001 to 4000
2025-03-01 11:21:23,059 : INFO : Start and End Range: 3001 to 4000
2025-03-01 11:21:23,648 : INFO : New Start and End Range: 7001 to 8000
2025-03-01 11:21:23,648 : INFO : Start and End Range: 7001 to 8000
2025-03-01 11:21:24,103 : INFO : New Start and End Range: 15001 to 16000
2025-03-01 11:21:24,104 : INFO : Start and End Range: 15001 to 16000
2025-03-01 11:21:24,667 : INFO : New Start and End Range: 31001 to 32000
2025-03-01 11:21:24,668 : INFO : Start and End Range: 31001 to 32000
2025-03-01 11:21:25,203 : INFO : New Start and End Range: 63001 to 64000
2025-03-01 11:21:25,204 : INFO : Start and End Range: 63001 to 64000
2025-03-01 11:21:25,672 : INFO : New Start and End Range: 127001 to 128000
2025-03-01 11:21:25,672 : INFO : Start and End Range: 127001 to 128000
2025-03-01 11:21:26,197 : INFO : New Start and End Range: 255001 to 256000
2025-03-01 11:21:26,198 : INFO : Start and End Range: 255001 to 256000
2025-03-01 11:21:26,322 : INFO : Stoping at Start and End Range: 255001 to 256000
2025-03-01 11:21:26,322 : INFO : Created feature data
2025-03-01 11:21:26,327 : INFO :    Id  Age  HasCrCard  ...  Geography_Spain  Geography_Germany  Exited
0   1   42          1  ...              0.0                0.0       1
1   2   41          1  ...              1.0                0.0       0
2   3   42          1  ...              0.0                0.0       1
3   4   39          1  ...              0.0                0.0       0
4   5   43          1  ...              1.0                0.0       0

[5 rows x 17 columns]
2025-03-01 11:21:26,417 : INFO : received feature data
2025-03-01 11:21:26,422 : INFO : Models defined
2025-03-01 11:21:26,422 : INFO : Training model RandomForest
2025-03-01 11:21:28,911 : INFO : Predicting model RandomForest
2025-03-01 11:21:28,959 : INFO : Calculating accuracy RandomForest
2025-03-01 11:21:36,908 : INFO : Logged model RandomForest
2025-03-01 11:21:37,014 : INFO : Training model LogisticRegression
2025-03-01 11:21:38,790 : INFO : Predicting model LogisticRegression
2025-03-01 11:21:38,797 : INFO : Calculating accuracy LogisticRegression
2025-03-01 11:21:44,215 : INFO : Logged model LogisticRegression
2025-03-01 11:21:44,235 : INFO : Training model SVM
2025-03-01 11:21:51,088 : INFO : Predicting model SVM
2025-03-01 11:21:51,401 : INFO : Calculating accuracy SVM
2025-03-01 11:21:56,750 : INFO : Logged model SVM
2025-03-01 11:28:42,101 : INFO : Starting model training
2025-03-01 11:28:42,126 : INFO : Registry cache expired, so refreshing
2025-03-01 11:28:42,141 : INFO : Getting data
2025-03-01 11:28:42,142 : INFO : Start and End Range: 1 to 1000
2025-03-01 11:28:42,696 : INFO : New Start and End Range: 1001 to 2000
2025-03-01 11:28:42,697 : INFO : Start and End Range: 1001 to 2000
2025-03-01 11:28:43,072 : INFO : New Start and End Range: 3001 to 4000
2025-03-01 11:28:43,073 : INFO : Start and End Range: 3001 to 4000
2025-03-01 11:28:43,594 : INFO : New Start and End Range: 7001 to 8000
2025-03-01 11:28:43,595 : INFO : Start and End Range: 7001 to 8000
2025-03-01 11:28:44,038 : INFO : New Start and End Range: 15001 to 16000
2025-03-01 11:28:44,038 : INFO : Start and End Range: 15001 to 16000
2025-03-01 11:28:44,557 : INFO : New Start and End Range: 31001 to 32000
2025-03-01 11:28:44,557 : INFO : Start and End Range: 31001 to 32000
2025-03-01 11:28:44,944 : INFO : New Start and End Range: 63001 to 64000
2025-03-01 11:28:44,945 : INFO : Start and End Range: 63001 to 64000
2025-03-01 11:28:45,338 : INFO : New Start and End Range: 127001 to 128000
2025-03-01 11:28:45,339 : INFO : Start and End Range: 127001 to 128000
2025-03-01 11:28:45,733 : INFO : New Start and End Range: 255001 to 256000
2025-03-01 11:28:45,733 : INFO : Start and End Range: 255001 to 256000
2025-03-01 11:28:45,821 : INFO : Stoping at Start and End Range: 255001 to 256000
2025-03-01 11:28:45,821 : INFO : Created feature data
2025-03-01 11:28:45,825 : INFO :    Id  CreditScoreTenureRatio  ...  IsActiveMember  NumOfProducts
0   1                   310.0  ...               1              1
1   2                   608.0  ...               1              1
2   3                    63.0  ...               1              3
3   4                   699.0  ...               1              2
4   5                   425.0  ...               1              1

[5 rows x 17 columns]
2025-03-01 11:28:45,878 : INFO : received feature data
2025-03-01 11:28:45,890 : INFO : Models defined
2025-03-01 11:28:45,890 : INFO : Training model RandomForest
2025-03-01 11:28:47,643 : INFO : Predicting model RandomForest
2025-03-01 11:28:47,694 : INFO : Calculating accuracy RandomForest
2025-03-01 11:28:53,739 : INFO : Logged model RandomForest
2025-03-01 11:28:53,786 : INFO : Training model LogisticRegression
2025-03-01 11:28:53,867 : INFO : Predicting model LogisticRegression
2025-03-01 11:28:53,872 : INFO : Calculating accuracy LogisticRegression
2025-03-01 11:28:57,781 : INFO : Logged model LogisticRegression
2025-03-01 11:28:57,809 : INFO : Training model SVM
2025-03-01 11:29:03,628 : INFO : Predicting model SVM
2025-03-01 11:29:03,934 : INFO : Calculating accuracy SVM
2025-03-01 11:29:08,580 : INFO : Logged model SVM
2025-03-01 11:32:31,857 : INFO : Starting model training
2025-03-01 11:32:31,892 : INFO : Registry cache expired, so refreshing
2025-03-01 11:32:31,904 : INFO : Getting data
2025-03-01 11:32:31,905 : INFO : Start and End Range: 1 to 1000
2025-03-01 11:32:32,592 : INFO : New Start and End Range: 1001 to 2000
2025-03-01 11:32:32,593 : INFO : Start and End Range: 1001 to 2000
2025-03-01 11:32:33,196 : INFO : New Start and End Range: 3001 to 4000
2025-03-01 11:32:33,197 : INFO : Start and End Range: 3001 to 4000
2025-03-01 11:32:33,769 : INFO : New Start and End Range: 7001 to 8000
2025-03-01 11:32:33,769 : INFO : Start and End Range: 7001 to 8000
2025-03-01 11:32:34,137 : INFO : New Start and End Range: 15001 to 16000
2025-03-01 11:32:34,137 : INFO : Start and End Range: 15001 to 16000
2025-03-01 11:32:34,657 : INFO : New Start and End Range: 31001 to 32000
2025-03-01 11:32:34,658 : INFO : Start and End Range: 31001 to 32000
2025-03-01 11:32:35,087 : INFO : New Start and End Range: 63001 to 64000
2025-03-01 11:32:35,088 : INFO : Start and End Range: 63001 to 64000
2025-03-01 11:32:35,568 : INFO : New Start and End Range: 127001 to 128000
2025-03-01 11:32:35,569 : INFO : Start and End Range: 127001 to 128000
2025-03-01 11:32:36,108 : INFO : New Start and End Range: 255001 to 256000
2025-03-01 11:32:36,109 : INFO : Start and End Range: 255001 to 256000
2025-03-01 11:32:36,272 : INFO : Stoping at Start and End Range: 255001 to 256000
2025-03-01 11:32:36,272 : INFO : Created feature data
2025-03-01 11:32:36,278 : INFO :    Id  Geography_Spain  TenureAgeRatio  ...  HasCrCard  IsActiveMember  CreditScore
0   1              0.0             0.0  ...          1               1          619
1   2              1.0             0.0  ...          1               1          608
2   3              0.0             0.0  ...          1               1          502
3   4              0.0             0.0  ...          1               1          699
4   5              1.0             0.0  ...          1               1          850

[5 rows x 17 columns]
2025-03-01 11:32:36,364 : INFO : received feature data
2025-03-01 11:32:36,374 : INFO : Models defined
2025-03-01 11:32:36,374 : INFO : Training model RandomForest
2025-03-01 11:32:38,543 : INFO : Predicting model RandomForest
2025-03-01 11:32:38,584 : INFO : Calculating accuracy RandomForest
2025-03-01 11:32:43,538 : INFO : Logged model RandomForest
2025-03-01 11:32:43,582 : INFO : Training model LogisticRegression
2025-03-01 11:32:43,752 : INFO : Predicting model LogisticRegression
2025-03-01 11:32:43,760 : INFO : Calculating accuracy LogisticRegression
2025-03-01 11:32:47,899 : INFO : Logged model LogisticRegression
2025-03-01 11:32:47,924 : INFO : Training model SVM
2025-03-01 11:32:54,976 : INFO : Predicting model SVM
2025-03-01 11:32:55,305 : INFO : Calculating accuracy SVM
2025-03-01 11:32:59,126 : INFO : Logged model SVM
2025-03-01 11:32:59,145 : INFO : Starting best model registration
2025-03-01 11:32:59,145 : INFO : Finding Best model
2025-03-01 16:35:05,317 : INFO : Starting model training
2025-03-01 16:35:05,345 : INFO : Registry cache expired, so refreshing
2025-03-01 16:35:05,357 : INFO : Getting data
2025-03-01 16:35:05,358 : INFO : Start and End Range: 1 to 1000
2025-03-01 16:35:05,831 : INFO : New Start and End Range: 1001 to 2000
2025-03-01 16:35:05,832 : INFO : Start and End Range: 1001 to 2000
2025-03-01 16:35:06,191 : INFO : New Start and End Range: 3001 to 4000
2025-03-01 16:35:06,192 : INFO : Start and End Range: 3001 to 4000
2025-03-01 16:35:06,726 : INFO : New Start and End Range: 7001 to 8000
2025-03-01 16:35:06,726 : INFO : Start and End Range: 7001 to 8000
2025-03-01 16:35:07,204 : INFO : New Start and End Range: 15001 to 16000
2025-03-01 16:35:07,205 : INFO : Start and End Range: 15001 to 16000
2025-03-01 16:35:07,842 : INFO : New Start and End Range: 31001 to 32000
2025-03-01 16:35:07,843 : INFO : Start and End Range: 31001 to 32000
2025-03-01 16:35:08,212 : INFO : New Start and End Range: 63001 to 64000
2025-03-01 16:35:08,213 : INFO : Start and End Range: 63001 to 64000
2025-03-01 16:35:08,723 : INFO : New Start and End Range: 127001 to 128000
2025-03-01 16:35:08,724 : INFO : Start and End Range: 127001 to 128000
2025-03-01 16:35:09,039 : INFO : New Start and End Range: 255001 to 256000
2025-03-01 16:35:09,040 : INFO : Start and End Range: 255001 to 256000
2025-03-01 16:35:09,134 : INFO : Stoping at Start and End Range: 255001 to 256000
2025-03-01 16:35:09,134 : INFO : Created feature data
2025-03-01 16:35:09,140 : INFO :    Id  Geography_Germany  HasCrCard  ...  BalanceAgeRatio  Gender_Male  Age
0   1                0.0          1  ...              0.0          0.0   42
1   2                0.0          1  ...           2044.0          0.0   41
2   3                0.0          1  ...           3801.0          0.0   42
3   4                0.0          1  ...              0.0          0.0   39
4   5                0.0          1  ...           2919.0          0.0   43

[5 rows x 17 columns]
2025-03-01 16:35:09,196 : INFO : received feature data
2025-03-01 16:35:09,201 : INFO : Models defined
2025-03-01 16:35:09,201 : INFO : Training model RandomForest
2025-03-01 16:35:11,103 : INFO : Predicting model RandomForest
2025-03-01 16:35:11,157 : INFO : Calculating accuracy RandomForest
2025-03-01 16:35:16,687 : INFO : Logged model RandomForest
2025-03-01 16:35:16,746 : INFO : Training model LogisticRegression
2025-03-01 16:35:17,323 : INFO : Predicting model LogisticRegression
2025-03-01 16:35:17,341 : INFO : Calculating accuracy LogisticRegression
2025-03-01 16:35:22,549 : INFO : Logged model LogisticRegression
2025-03-01 16:35:22,571 : INFO : Training model SVM
2025-03-01 16:35:29,050 : INFO : Predicting model SVM
2025-03-01 16:35:29,480 : INFO : Calculating accuracy SVM
2025-03-01 16:35:36,950 : INFO : Logged model SVM
2025-03-01 16:35:36,980 : INFO : Starting best model registration
2025-03-01 16:35:36,980 : INFO : Finding Best model
2025-03-01 16:35:37,157 : INFO : Selected best model :                               run_id  ...             tags.mlflow.source.git.commit
0   31b6ff75408a4a4088dbfbb08554a7fb  ...  17797c316cd1da5e6a9d6e8823ae01536f7794f7
1   05c7e75ec4f140cdaef383256eb1648a  ...  17797c316cd1da5e6a9d6e8823ae01536f7794f7
2   c6e10d0100ef4f2cbcca867e03dcee1f  ...  17797c316cd1da5e6a9d6e8823ae01536f7794f7
3   1bfe6def3be94223babc37f8c0573af7  ...  1115908d56a710b62fd9d4579bdebc3ed66c019c
4   860d504205154bb69c3aed025ce3be35  ...  1115908d56a710b62fd9d4579bdebc3ed66c019c
5   4c1bcb3d6c004b11a2ffd2b7c1ea8633  ...  1115908d56a710b62fd9d4579bdebc3ed66c019c
6   fb1087c91f394303b5afba9934e3e75e  ...  380ccb818639e7680f610abb785828b53ed651c6
7   9b7496c619de4395b4709b790219b0e0  ...  380ccb818639e7680f610abb785828b53ed651c6
8   f5353f8b292143e2819ba81e2782ee61  ...  380ccb818639e7680f610abb785828b53ed651c6
9   af1f265511ba46f7b841572f081dd67b  ...  337a9d36c17c94e08a0f24ce83c49d605845b533
10  ada543cd1cc84415b752fb9d97757948  ...  337a9d36c17c94e08a0f24ce83c49d605845b533
11  f23d8bcd016b4000999b5283af03225a  ...  337a9d36c17c94e08a0f24ce83c49d605845b533
12  8cec931d29444fff8bed27757f6c1fe5  ...  5a00e23dff9d5500892c5a26638bf3c2d1cec3be
13  b2726f7c00db49e58f4a175215d9ce63  ...  5a00e23dff9d5500892c5a26638bf3c2d1cec3be
14  9dae6e3c1d9d400a82fb27f9d3f4c0e8  ...  5a00e23dff9d5500892c5a26638bf3c2d1cec3be

[15 rows x 17 columns]
