[2025-02-28T03:47:09.184+0000] {taskinstance.py:1159} INFO - Dependencies all met for dep_context=non-requeueable deps ti=<TaskInstance: customer_churn_ml_pipeline.data_ingestion_task manual__2025-02-28T03:47:06.239601+00:00 [queued]>
[2025-02-28T03:47:09.231+0000] {taskinstance.py:1159} INFO - Dependencies all met for dep_context=requeueable deps ti=<TaskInstance: customer_churn_ml_pipeline.data_ingestion_task manual__2025-02-28T03:47:06.239601+00:00 [queued]>
[2025-02-28T03:47:09.232+0000] {taskinstance.py:1361} INFO - Starting attempt 1 of 1
[2025-02-28T03:47:09.294+0000] {taskinstance.py:1382} INFO - Executing <Task(BashOperator): data_ingestion_task> on 2025-02-28 03:47:06.239601+00:00
[2025-02-28T03:47:09.319+0000] {standard_task_runner.py:57} INFO - Started process 5202 to run task
[2025-02-28T03:47:09.328+0000] {standard_task_runner.py:84} INFO - Running: ['***', 'tasks', 'run', 'customer_churn_ml_pipeline', 'data_ingestion_task', 'manual__2025-02-28T03:47:06.239601+00:00', '--job-id', '10', '--raw', '--subdir', 'DAGS_FOLDER/customer_churn.py', '--cfg-path', '/tmp/tmp2vzlnlqi']
[2025-02-28T03:47:09.340+0000] {standard_task_runner.py:85} INFO - Job 10: Subtask data_ingestion_task
[2025-02-28T03:47:09.429+0000] {logging_mixin.py:154} WARNING - /home/***/.local/lib/python3.8/site-packages/***/settings.py:195 DeprecationWarning: The sql_alchemy_conn option in [core] has been moved to the sql_alchemy_conn option in [database] - the old setting has been used, but please update your config.
[2025-02-28T03:47:09.585+0000] {task_command.py:416} INFO - Running <TaskInstance: customer_churn_ml_pipeline.data_ingestion_task manual__2025-02-28T03:47:06.239601+00:00 [running]> on host 4470298645d8
[2025-02-28T03:47:10.018+0000] {taskinstance.py:1662} INFO - Exporting env vars: AIRFLOW_CTX_DAG_OWNER='***' AIRFLOW_CTX_DAG_ID='customer_churn_ml_pipeline' AIRFLOW_CTX_TASK_ID='data_ingestion_task' AIRFLOW_CTX_EXECUTION_DATE='2025-02-28T03:47:06.239601+00:00' AIRFLOW_CTX_TRY_NUMBER='1' AIRFLOW_CTX_DAG_RUN_ID='manual__2025-02-28T03:47:06.239601+00:00'
[2025-02-28T03:47:10.022+0000] {subprocess.py:63} INFO - Tmp dir root location: /tmp
[2025-02-28T03:47:10.024+0000] {subprocess.py:75} INFO - Running command: ['/bin/bash', '-c', 'python /opt/***/executables/data_ingestion.py &&                         dvc add /opt/***/data/raw &&                         git add /opt/***/data/raw.dvc &&                         git commit -m "Updated raw data version" &&                         dvc push\n                    ']
[2025-02-28T03:47:10.067+0000] {subprocess.py:86} INFO - Output:
[2025-02-28T03:47:19.753+0000] {subprocess.py:93} INFO - /opt/***/executables/data_ingestion.py:46: UserWarning: pandas only supports SQLAlchemy connectable (engine/connection) or database string URI or sqlite3 DBAPI2 connection. Other DBAPI2 objects are not tested. Please consider using SQLAlchemy.
[2025-02-28T03:47:19.754+0000] {subprocess.py:93} INFO -   data = pd.read_sql(query, connection)
[2025-02-28T03:47:22.778+0000] {subprocess.py:93} INFO - ERROR: you are not inside of a DVC repository (checked up to mount point '/')
[2025-02-28T03:47:23.021+0000] {subprocess.py:97} INFO - Command exited with return code 253
[2025-02-28T03:47:23.050+0000] {taskinstance.py:1937} ERROR - Task failed with exception
Traceback (most recent call last):
  File "/home/airflow/.local/lib/python3.8/site-packages/airflow/operators/bash.py", line 210, in execute
    raise AirflowException(
airflow.exceptions.AirflowException: Bash command failed. The command returned a non-zero exit code 253.
[2025-02-28T03:47:23.058+0000] {taskinstance.py:1400} INFO - Marking task as FAILED. dag_id=customer_churn_ml_pipeline, task_id=data_ingestion_task, execution_date=20250228T034706, start_date=20250228T034709, end_date=20250228T034723
[2025-02-28T03:47:23.091+0000] {standard_task_runner.py:104} ERROR - Failed to execute job 10 for task data_ingestion_task (Bash command failed. The command returned a non-zero exit code 253.; 5202)
[2025-02-28T03:47:23.106+0000] {local_task_job_runner.py:228} INFO - Task exited with return code 1
[2025-02-28T03:47:23.167+0000] {taskinstance.py:2778} INFO - 0 downstream tasks scheduled from follow-on schedule check
