[2025-03-01T11:30:52.858+0000] {taskinstance.py:1159} INFO - Dependencies all met for dep_context=non-requeueable deps ti=<TaskInstance: customer_churn_ml_pipeline.data_preparation_task manual__2025-03-01T11:30:14.618070+00:00 [queued]>
[2025-03-01T11:30:52.870+0000] {taskinstance.py:1159} INFO - Dependencies all met for dep_context=requeueable deps ti=<TaskInstance: customer_churn_ml_pipeline.data_preparation_task manual__2025-03-01T11:30:14.618070+00:00 [queued]>
[2025-03-01T11:30:52.870+0000] {taskinstance.py:1361} INFO - Starting attempt 1 of 1
[2025-03-01T11:30:52.889+0000] {taskinstance.py:1382} INFO - Executing <Task(BashOperator): data_preparation_task> on 2025-03-01 11:30:14.618070+00:00
[2025-03-01T11:30:52.894+0000] {standard_task_runner.py:57} INFO - Started process 14811 to run task
[2025-03-01T11:30:52.897+0000] {standard_task_runner.py:84} INFO - Running: ['***', 'tasks', 'run', 'customer_churn_ml_pipeline', 'data_preparation_task', 'manual__2025-03-01T11:30:14.618070+00:00', '--job-id', '140', '--raw', '--subdir', 'DAGS_FOLDER/customer_churn.py', '--cfg-path', '/tmp/tmp5toud6r8']
[2025-03-01T11:30:52.900+0000] {standard_task_runner.py:85} INFO - Job 140: Subtask data_preparation_task
[2025-03-01T11:30:52.921+0000] {logging_mixin.py:154} WARNING - /home/***/.local/lib/python3.8/site-packages/***/settings.py:195 DeprecationWarning: The sql_alchemy_conn option in [core] has been moved to the sql_alchemy_conn option in [database] - the old setting has been used, but please update your config.
[2025-03-01T11:30:52.968+0000] {task_command.py:416} INFO - Running <TaskInstance: customer_churn_ml_pipeline.data_preparation_task manual__2025-03-01T11:30:14.618070+00:00 [running]> on host 7e994a0ed489
[2025-03-01T11:30:53.085+0000] {taskinstance.py:1662} INFO - Exporting env vars: AIRFLOW_CTX_DAG_OWNER='***' AIRFLOW_CTX_DAG_ID='customer_churn_ml_pipeline' AIRFLOW_CTX_TASK_ID='data_preparation_task' AIRFLOW_CTX_EXECUTION_DATE='2025-03-01T11:30:14.618070+00:00' AIRFLOW_CTX_TRY_NUMBER='1' AIRFLOW_CTX_DAG_RUN_ID='manual__2025-03-01T11:30:14.618070+00:00'
[2025-03-01T11:30:53.086+0000] {subprocess.py:63} INFO - Tmp dir root location: /tmp
[2025-03-01T11:30:53.087+0000] {subprocess.py:75} INFO - Running command: ['/bin/bash', '-c', '\n\t\t\tcd /opt/***\n\t\t\tpython /opt/***/executables/data_preparation.py &&                         dvc add /opt/***/data/cleaned &&                         git add /opt/***/data/cleaned.dvc && \t\t\tgit add logs &&\\   \n\t\t\tgit add visualization &&                        git commit -m "Updated cleaned data version" -a &&                         dvc push && git push\n                    ']
[2025-03-01T11:30:53.097+0000] {subprocess.py:86} INFO - Output:
[2025-03-01T11:30:56.492+0000] {subprocess.py:93} INFO - 2025-03-01 11:30:56,492 : INFO : Starting data preparation for csv.
[2025-03-01T11:30:56.518+0000] {subprocess.py:93} INFO - 2025-03-01 11:30:56,517 : INFO : Handling 'Tenure', 'Balance', 'EstimatedSalary' empty data
[2025-03-01T11:30:56.518+0000] {subprocess.py:93} INFO - 2025-03-01 11:30:56,518 : INFO : Handling 'Age' empty data
[2025-03-01T11:30:56.520+0000] {subprocess.py:93} INFO - 2025-03-01 11:30:56,519 : INFO : Droping 'Surname' as it may lead to profiling, 'RowNumber', 'CustomerId' as it is not required
[2025-03-01T11:30:56.522+0000] {subprocess.py:93} INFO - 2025-03-01 11:30:56,521 : INFO : Making 'Geography', 'Gender', 'HasCrCard', 'IsActiveMember' as categorical
[2025-03-01T11:30:56.532+0000] {subprocess.py:93} INFO - 2025-03-01 11:30:56,531 : INFO : Saving data to S3.
[2025-03-01T11:30:56.605+0000] {subprocess.py:93} INFO - 2025-03-01 11:30:56,605 : INFO : Saving report to S3.
[2025-03-01T11:30:56.606+0000] {subprocess.py:93} INFO - 2025-03-01 11:30:56,606 : INFO : Creating Pie chart
[2025-03-01T11:30:56.716+0000] {subprocess.py:93} INFO - 2025-03-01 11:30:56,715 : INFO : Generating histogram for column CreditScore.
[2025-03-01T11:30:56.997+0000] {subprocess.py:93} INFO - 2025-03-01 11:30:56,997 : INFO : Generating histogram for column Geography.
[2025-03-01T11:30:57.167+0000] {subprocess.py:93} INFO - 2025-03-01 11:30:57,167 : INFO : Generating histogram for column Gender.
[2025-03-01T11:30:57.341+0000] {subprocess.py:93} INFO - 2025-03-01 11:30:57,340 : INFO : Generating histogram for column Age.
[2025-03-01T11:30:57.586+0000] {subprocess.py:93} INFO - 2025-03-01 11:30:57,586 : INFO : Generating histogram for column Tenure.
[2025-03-01T11:30:57.857+0000] {subprocess.py:93} INFO - 2025-03-01 11:30:57,857 : INFO : Generating histogram for column Balance.
[2025-03-01T11:30:58.181+0000] {subprocess.py:93} INFO - 2025-03-01 11:30:58,180 : INFO : Generating histogram for column NumOfProducts.
[2025-03-01T11:30:58.428+0000] {subprocess.py:93} INFO - 2025-03-01 11:30:58,428 : INFO : Generating histogram for column HasCrCard.
[2025-03-01T11:30:58.722+0000] {subprocess.py:93} INFO - 2025-03-01 11:30:58,721 : INFO : Generating histogram for column IsActiveMember.
[2025-03-01T11:30:59.136+0000] {subprocess.py:93} INFO - 2025-03-01 11:30:59,136 : INFO : Generating histogram for column EstimatedSalary.
[2025-03-01T11:30:59.562+0000] {subprocess.py:93} INFO - 2025-03-01 11:30:59,561 : INFO : Generating histogram for column Exited.
[2025-03-01T11:30:59.836+0000] {subprocess.py:93} INFO - 2025-03-01 11:30:59,835 : INFO : Generating histogram for relation of Exited with Categorical data.
[2025-03-01T11:31:00.433+0000] {subprocess.py:93} INFO - 2025-03-01 11:31:00,432 : INFO : Using categorical units to plot a list of strings that are all parsable as floats or dates. If these strings should be plotted as numbers, cast to the appropriate data type before plotting.
[2025-03-01T11:31:00.457+0000] {subprocess.py:93} INFO - 2025-03-01 11:31:00,456 : INFO : Using categorical units to plot a list of strings that are all parsable as floats or dates. If these strings should be plotted as numbers, cast to the appropriate data type before plotting.
[2025-03-01T11:31:00.541+0000] {subprocess.py:93} INFO - 2025-03-01 11:31:00,541 : INFO : Using categorical units to plot a list of strings that are all parsable as floats or dates. If these strings should be plotted as numbers, cast to the appropriate data type before plotting.
[2025-03-01T11:31:00.561+0000] {subprocess.py:93} INFO - 2025-03-01 11:31:00,560 : INFO : Using categorical units to plot a list of strings that are all parsable as floats or dates. If these strings should be plotted as numbers, cast to the appropriate data type before plotting.
[2025-03-01T11:31:00.622+0000] {subprocess.py:93} INFO - 2025-03-01 11:31:00,621 : INFO : Generating box plots for relation of Exited with non Categorical data.
[2025-03-01T11:31:00.829+0000] {subprocess.py:93} INFO - 2025-03-01 11:31:00,828 : INFO : Using categorical units to plot a list of strings that are all parsable as floats or dates. If these strings should be plotted as numbers, cast to the appropriate data type before plotting.
[2025-03-01T11:31:00.848+0000] {subprocess.py:93} INFO - 2025-03-01 11:31:00,847 : INFO : Using categorical units to plot a list of strings that are all parsable as floats or dates. If these strings should be plotted as numbers, cast to the appropriate data type before plotting.
[2025-03-01T11:31:00.960+0000] {subprocess.py:93} INFO - 2025-03-01 11:31:00,960 : INFO : Using categorical units to plot a list of strings that are all parsable as floats or dates. If these strings should be plotted as numbers, cast to the appropriate data type before plotting.
[2025-03-01T11:31:00.987+0000] {subprocess.py:93} INFO - 2025-03-01 11:31:00,987 : INFO : Using categorical units to plot a list of strings that are all parsable as floats or dates. If these strings should be plotted as numbers, cast to the appropriate data type before plotting.
[2025-03-01T11:31:01.100+0000] {subprocess.py:93} INFO - 2025-03-01 11:31:01,099 : INFO : Using categorical units to plot a list of strings that are all parsable as floats or dates. If these strings should be plotted as numbers, cast to the appropriate data type before plotting.
[2025-03-01T11:31:01.118+0000] {subprocess.py:93} INFO - 2025-03-01 11:31:01,118 : INFO : Using categorical units to plot a list of strings that are all parsable as floats or dates. If these strings should be plotted as numbers, cast to the appropriate data type before plotting.
[2025-03-01T11:31:01.212+0000] {subprocess.py:93} INFO - 2025-03-01 11:31:01,212 : INFO : Using categorical units to plot a list of strings that are all parsable as floats or dates. If these strings should be plotted as numbers, cast to the appropriate data type before plotting.
[2025-03-01T11:31:01.231+0000] {subprocess.py:93} INFO - 2025-03-01 11:31:01,230 : INFO : Using categorical units to plot a list of strings that are all parsable as floats or dates. If these strings should be plotted as numbers, cast to the appropriate data type before plotting.
[2025-03-01T11:31:01.326+0000] {subprocess.py:93} INFO - 2025-03-01 11:31:01,326 : INFO : Using categorical units to plot a list of strings that are all parsable as floats or dates. If these strings should be plotted as numbers, cast to the appropriate data type before plotting.
[2025-03-01T11:31:01.344+0000] {subprocess.py:93} INFO - 2025-03-01 11:31:01,343 : INFO : Using categorical units to plot a list of strings that are all parsable as floats or dates. If these strings should be plotted as numbers, cast to the appropriate data type before plotting.
[2025-03-01T11:31:01.444+0000] {subprocess.py:93} INFO - 2025-03-01 11:31:01,444 : INFO : Using categorical units to plot a list of strings that are all parsable as floats or dates. If these strings should be plotted as numbers, cast to the appropriate data type before plotting.
[2025-03-01T11:31:01.470+0000] {subprocess.py:93} INFO - 2025-03-01 11:31:01,469 : INFO : Using categorical units to plot a list of strings that are all parsable as floats or dates. If these strings should be plotted as numbers, cast to the appropriate data type before plotting.
[2025-03-01T11:31:01.977+0000] {subprocess.py:93} INFO - 2025-03-01 11:31:01,976 : INFO : Saved pdf in visualization/plots.pdf
[2025-03-01T11:31:04.162+0000] {subprocess.py:93} INFO - 
[2025-03-01T11:31:04.162+0000] {subprocess.py:93} INFO - To track the changes with git, run:
[2025-03-01T11:31:04.162+0000] {subprocess.py:93} INFO - 
[2025-03-01T11:31:04.163+0000] {subprocess.py:93} INFO - 	git add data/cleaned.dvc
[2025-03-01T11:31:04.164+0000] {subprocess.py:93} INFO - 
[2025-03-01T11:31:04.164+0000] {subprocess.py:93} INFO - To enable auto staging, run:
[2025-03-01T11:31:04.164+0000] {subprocess.py:93} INFO - 
[2025-03-01T11:31:04.164+0000] {subprocess.py:93} INFO - 	dvc config core.autostage true
[2025-03-01T11:31:04.461+0000] {subprocess.py:93} INFO - /bin/bash: line 3:  : command not found
[2025-03-01T11:31:04.510+0000] {subprocess.py:93} INFO - [main a353a4a] Updated cleaned data version
[2025-03-01T11:31:04.510+0000] {subprocess.py:93} INFO -  6 files changed, 123 insertions(+)
[2025-03-01T11:31:04.511+0000] {subprocess.py:93} INFO -  create mode 100644 logs/dag_id=customer_churn_ml_pipeline/run_id=manual__2025-03-01T11:30:14.618070+00:00/task_id=data_preparation_task/attempt=1.log
[2025-03-01T11:31:10.082+0000] {subprocess.py:93} INFO - Everything is up to date.
[2025-03-01T11:31:12.186+0000] {subprocess.py:93} INFO - To https://github.com/anniemathew-trial/customer_churn_pipeline.git
[2025-03-01T11:31:12.186+0000] {subprocess.py:93} INFO -    7df3fc3..a353a4a  main -> main
[2025-03-01T11:31:12.192+0000] {subprocess.py:97} INFO - Command exited with return code 0
[2025-03-01T11:31:12.250+0000] {taskinstance.py:1400} INFO - Marking task as SUCCESS. dag_id=customer_churn_ml_pipeline, task_id=data_preparation_task, execution_date=20250301T113014, start_date=20250301T113052, end_date=20250301T113112
[2025-03-01T11:31:12.310+0000] {local_task_job_runner.py:228} INFO - Task exited with return code 0
[2025-03-01T11:31:12.371+0000] {taskinstance.py:2778} INFO - 1 downstream tasks scheduled from follow-on schedule check
