[2025-03-01T10:03:26.032+0000] {taskinstance.py:1159} INFO - Dependencies all met for dep_context=non-requeueable deps ti=<TaskInstance: customer_churn_ml_pipeline.data_storage_task manual__2025-03-01T10:02:10.032743+00:00 [queued]>
[2025-03-01T10:03:26.054+0000] {taskinstance.py:1159} INFO - Dependencies all met for dep_context=requeueable deps ti=<TaskInstance: customer_churn_ml_pipeline.data_storage_task manual__2025-03-01T10:02:10.032743+00:00 [queued]>
[2025-03-01T10:03:26.054+0000] {taskinstance.py:1361} INFO - Starting attempt 1 of 1
[2025-03-01T10:03:26.082+0000] {taskinstance.py:1382} INFO - Executing <Task(BashOperator): data_storage_task> on 2025-03-01 10:02:10.032743+00:00
[2025-03-01T10:03:26.089+0000] {standard_task_runner.py:57} INFO - Started process 8466 to run task
[2025-03-01T10:03:26.095+0000] {standard_task_runner.py:84} INFO - Running: ['***', 'tasks', 'run', 'customer_churn_ml_pipeline', 'data_storage_task', 'manual__2025-03-01T10:02:10.032743+00:00', '--job-id', '60', '--raw', '--subdir', 'DAGS_FOLDER/customer_churn.py', '--cfg-path', '/tmp/tmpenwrhkwk']
[2025-03-01T10:03:26.100+0000] {standard_task_runner.py:85} INFO - Job 60: Subtask data_storage_task
[2025-03-01T10:03:26.140+0000] {logging_mixin.py:154} WARNING - /home/***/.local/lib/python3.8/site-packages/***/settings.py:195 DeprecationWarning: The sql_alchemy_conn option in [core] has been moved to the sql_alchemy_conn option in [database] - the old setting has been used, but please update your config.
[2025-03-01T10:03:26.202+0000] {task_command.py:416} INFO - Running <TaskInstance: customer_churn_ml_pipeline.data_storage_task manual__2025-03-01T10:02:10.032743+00:00 [running]> on host 7e994a0ed489
[2025-03-01T10:03:26.310+0000] {taskinstance.py:1662} INFO - Exporting env vars: AIRFLOW_CTX_DAG_OWNER='***' AIRFLOW_CTX_DAG_ID='customer_churn_ml_pipeline' AIRFLOW_CTX_TASK_ID='data_storage_task' AIRFLOW_CTX_EXECUTION_DATE='2025-03-01T10:02:10.032743+00:00' AIRFLOW_CTX_TRY_NUMBER='1' AIRFLOW_CTX_DAG_RUN_ID='manual__2025-03-01T10:02:10.032743+00:00'
[2025-03-01T10:03:26.311+0000] {subprocess.py:63} INFO - Tmp dir root location: /tmp
[2025-03-01T10:03:26.312+0000] {subprocess.py:75} INFO - Running command: ['/bin/bash', '-c', '\n\t\t\tcd /opt/***\n                        dvc pull /opt/***/data/transformed\n                        python /opt/***/executables/data_storage.py &&                         git commit -m "Updated stored data version" -a &&                         dvc push && git push\n                    ']
[2025-03-01T10:03:26.321+0000] {subprocess.py:86} INFO - Output:
[2025-03-01T10:03:29.251+0000] {subprocess.py:93} INFO - Everything is up to date.
[2025-03-01T10:03:38.661+0000] {subprocess.py:93} INFO - [main f446a2e] Updated stored data version
[2025-03-01T10:03:38.661+0000] {subprocess.py:93} INFO -  1 file changed, 9 insertions(+)
[2025-03-01T10:03:44.015+0000] {subprocess.py:93} INFO - Everything is up to date.
[2025-03-01T10:03:45.729+0000] {subprocess.py:93} INFO - To https://github.com/anniemathew-trial/customer_churn_pipeline.git
[2025-03-01T10:03:45.730+0000] {subprocess.py:93} INFO -    a0e5712..f446a2e  main -> main
[2025-03-01T10:03:45.736+0000] {subprocess.py:97} INFO - Command exited with return code 0
[2025-03-01T10:03:45.796+0000] {taskinstance.py:1400} INFO - Marking task as SUCCESS. dag_id=customer_churn_ml_pipeline, task_id=data_storage_task, execution_date=20250301T100210, start_date=20250301T100326, end_date=20250301T100345
[2025-03-01T10:03:45.842+0000] {local_task_job_runner.py:228} INFO - Task exited with return code 0
[2025-03-01T10:03:45.900+0000] {taskinstance.py:2778} INFO - 1 downstream tasks scheduled from follow-on schedule check
