[2025-03-02T07:55:38.322+0000] {taskinstance.py:1159} INFO - Dependencies all met for dep_context=non-requeueable deps ti=<TaskInstance: customer_churn_ml_pipeline.model_training_task manual__2025-03-02T07:55:23.237759+00:00 [queued]>
[2025-03-02T07:55:38.392+0000] {taskinstance.py:1159} INFO - Dependencies all met for dep_context=requeueable deps ti=<TaskInstance: customer_churn_ml_pipeline.model_training_task manual__2025-03-02T07:55:23.237759+00:00 [queued]>
[2025-03-02T07:55:38.393+0000] {taskinstance.py:1361} INFO - Starting attempt 1 of 1
[2025-03-02T07:55:38.513+0000] {taskinstance.py:1382} INFO - Executing <Task(BashOperator): model_training_task> on 2025-03-02 07:55:23.237759+00:00
[2025-03-02T07:55:38.551+0000] {standard_task_runner.py:57} INFO - Started process 7132 to run task
[2025-03-02T07:55:38.595+0000] {standard_task_runner.py:84} INFO - Running: ['***', 'tasks', 'run', 'customer_churn_ml_pipeline', 'model_training_task', 'manual__2025-03-02T07:55:23.237759+00:00', '--job-id', '291', '--raw', '--subdir', 'DAGS_FOLDER/customer_churn.py', '--cfg-path', '/tmp/tmp7vrojh1w']
[2025-03-02T07:55:38.619+0000] {standard_task_runner.py:85} INFO - Job 291: Subtask model_training_task
[2025-03-02T07:55:38.879+0000] {logging_mixin.py:154} WARNING - /home/***/.local/lib/python3.8/site-packages/***/settings.py:195 DeprecationWarning: The sql_alchemy_conn option in [core] has been moved to the sql_alchemy_conn option in [database] - the old setting has been used, but please update your config.
[2025-03-02T07:55:39.255+0000] {task_command.py:416} INFO - Running <TaskInstance: customer_churn_ml_pipeline.model_training_task manual__2025-03-02T07:55:23.237759+00:00 [running]> on host 7e994a0ed489
[2025-03-02T07:55:39.972+0000] {taskinstance.py:1662} INFO - Exporting env vars: AIRFLOW_CTX_DAG_OWNER='***' AIRFLOW_CTX_DAG_ID='customer_churn_ml_pipeline' AIRFLOW_CTX_TASK_ID='model_training_task' AIRFLOW_CTX_EXECUTION_DATE='2025-03-02T07:55:23.237759+00:00' AIRFLOW_CTX_TRY_NUMBER='1' AIRFLOW_CTX_DAG_RUN_ID='manual__2025-03-02T07:55:23.237759+00:00'
[2025-03-02T07:55:39.976+0000] {subprocess.py:63} INFO - Tmp dir root location: /tmp
[2025-03-02T07:55:39.988+0000] {subprocess.py:75} INFO - Running command: ['/bin/bash', '-c', '\n\t    \t\tcd /opt/***\n       \t\t\t    python /opt/***/executables/model_training.py && \t      \t\t    git add logs &&\t      \t\t    git add mlruns &&                            git commit -m "Trained model version" -a && \\    \n\t\t\t    git push\n                        ']
[2025-03-02T07:55:40.032+0000] {subprocess.py:86} INFO - Output:
[2025-03-02T07:56:08.376+0000] {subprocess.py:93} INFO - /home/***/.local/lib/python3.8/site-packages/mlflow/gateway/config.py:64: PydanticDeprecatedSince20: Pydantic V1 style `@validator` validators are deprecated. You should migrate to Pydantic V2 style `@field_validator` validators, see the migration guide for more details. Deprecated in Pydantic V2.0 to be removed in V3.0. See Pydantic V2 Migration Guide at https://errors.pydantic.dev/2.4/migration/
[2025-03-02T07:56:08.377+0000] {subprocess.py:93} INFO -   @validator("togetherai_api_key", pre=True)
[2025-03-02T07:56:08.377+0000] {subprocess.py:93} INFO - /home/***/.local/lib/python3.8/site-packages/mlflow/gateway/config.py:372: PydanticDeprecatedSince20: Pydantic V1 style `@root_validator` validators are deprecated. You should migrate to Pydantic V2 style `@model_validator` validators, see the migration guide for more details. Deprecated in Pydantic V2.0 to be removed in V3.0. See Pydantic V2 Migration Guide at https://errors.pydantic.dev/2.4/migration/
[2025-03-02T07:56:08.378+0000] {subprocess.py:93} INFO -   @root_validator(skip_on_failure=True)
[2025-03-02T07:56:08.378+0000] {subprocess.py:93} INFO - /home/***/.local/lib/python3.8/site-packages/pydantic/_internal/_config.py:267: PydanticDeprecatedSince20: Support for class-based `config` is deprecated, use ConfigDict instead. Deprecated in Pydantic V2.0 to be removed in V3.0. See Pydantic V2 Migration Guide at https://errors.pydantic.dev/2.4/migration/
[2025-03-02T07:56:08.379+0000] {subprocess.py:93} INFO -   warnings.warn(DEPRECATION_MESSAGE, DeprecationWarning)
[2025-03-02T07:56:08.380+0000] {subprocess.py:93} INFO - 2025-03-02 07:56:08,375 : INFO : Starting model training
[2025-03-02T07:56:08.419+0000] {subprocess.py:93} INFO - 2025-03-02 07:56:08,418 : INFO : Registry cache expired, so refreshing
[2025-03-02T07:56:08.443+0000] {subprocess.py:93} INFO - 2025-03-02 07:56:08,442 : INFO : Getting data
[2025-03-02T07:56:08.444+0000] {subprocess.py:93} INFO - 2025-03-02 07:56:08,444 : INFO : Start and End Range: 1 to 1000
[2025-03-02T07:56:09.780+0000] {subprocess.py:93} INFO - 2025-03-02 07:56:09,778 : INFO : New Start and End Range: 1001 to 2000
[2025-03-02T07:56:09.782+0000] {subprocess.py:93} INFO - 2025-03-02 07:56:09,781 : INFO : Start and End Range: 1001 to 2000
[2025-03-02T07:56:10.824+0000] {subprocess.py:93} INFO - 2025-03-02 07:56:10,824 : INFO : New Start and End Range: 3001 to 4000
[2025-03-02T07:56:10.826+0000] {subprocess.py:93} INFO - 2025-03-02 07:56:10,825 : INFO : Start and End Range: 3001 to 4000
[2025-03-02T07:56:11.814+0000] {subprocess.py:93} INFO - 2025-03-02 07:56:11,813 : INFO : New Start and End Range: 7001 to 8000
[2025-03-02T07:56:11.815+0000] {subprocess.py:93} INFO - 2025-03-02 07:56:11,815 : INFO : Start and End Range: 7001 to 8000
[2025-03-02T07:56:12.633+0000] {subprocess.py:93} INFO - 2025-03-02 07:56:12,633 : INFO : New Start and End Range: 15001 to 16000
[2025-03-02T07:56:12.635+0000] {subprocess.py:93} INFO - 2025-03-02 07:56:12,634 : INFO : Start and End Range: 15001 to 16000
[2025-03-02T07:56:13.512+0000] {subprocess.py:93} INFO - 2025-03-02 07:56:13,512 : INFO : New Start and End Range: 31001 to 32000
[2025-03-02T07:56:13.513+0000] {subprocess.py:93} INFO - 2025-03-02 07:56:13,513 : INFO : Start and End Range: 31001 to 32000
[2025-03-02T07:56:14.154+0000] {subprocess.py:93} INFO - 2025-03-02 07:56:14,154 : INFO : New Start and End Range: 63001 to 64000
[2025-03-02T07:56:14.156+0000] {subprocess.py:93} INFO - 2025-03-02 07:56:14,155 : INFO : Start and End Range: 63001 to 64000
[2025-03-02T07:56:14.900+0000] {subprocess.py:93} INFO - 2025-03-02 07:56:14,900 : INFO : New Start and End Range: 127001 to 128000
[2025-03-02T07:56:14.901+0000] {subprocess.py:93} INFO - 2025-03-02 07:56:14,900 : INFO : Start and End Range: 127001 to 128000
[2025-03-02T07:56:15.689+0000] {subprocess.py:93} INFO - 2025-03-02 07:56:15,687 : INFO : New Start and End Range: 255001 to 256000
[2025-03-02T07:56:15.690+0000] {subprocess.py:93} INFO - 2025-03-02 07:56:15,690 : INFO : Start and End Range: 255001 to 256000
[2025-03-02T07:56:16.178+0000] {subprocess.py:93} INFO - 2025-03-02 07:56:16,177 : INFO : New Start and End Range: 511001 to 512000
[2025-03-02T07:56:16.178+0000] {subprocess.py:93} INFO - 2025-03-02 07:56:16,178 : INFO : Start and End Range: 511001 to 512000
[2025-03-02T07:56:16.442+0000] {subprocess.py:93} INFO - 2025-03-02 07:56:16,441 : INFO : Stoping at Start and End Range: 511001 to 512000
[2025-03-02T07:56:16.442+0000] {subprocess.py:93} INFO - 2025-03-02 07:56:16,442 : INFO : Created feature data
[2025-03-02T07:56:16.575+0000] {subprocess.py:93} INFO - 2025-03-02 07:56:16,455 : INFO :    Id  BalanceSEstimatedalaryRatio  ...  Geography_Germany  Gender_Male
[2025-03-02T07:56:16.576+0000] {subprocess.py:93} INFO - 0   1                          0.0  ...                0.0          0.0
[2025-03-02T07:56:16.576+0000] {subprocess.py:93} INFO - 1   2                          1.0  ...                0.0          0.0
[2025-03-02T07:56:16.576+0000] {subprocess.py:93} INFO - 2   3                          1.0  ...                0.0          0.0
[2025-03-02T07:56:16.577+0000] {subprocess.py:93} INFO - 3   4                          0.0  ...                0.0          0.0
[2025-03-02T07:56:16.577+0000] {subprocess.py:93} INFO - 4   5                          2.0  ...                0.0          0.0
[2025-03-02T07:56:16.577+0000] {subprocess.py:93} INFO - 
[2025-03-02T07:56:16.578+0000] {subprocess.py:93} INFO - [5 rows x 17 columns]
[2025-03-02T07:56:16.578+0000] {subprocess.py:93} INFO - 2025-03-02 07:56:16,576 : INFO : received feature data
[2025-03-02T07:56:16.583+0000] {subprocess.py:93} INFO - 2025-03-02 07:56:16,582 : INFO : Models defined
[2025-03-02T07:56:16.583+0000] {subprocess.py:93} INFO - 2025-03-02 07:56:16,583 : INFO : Training model RandomForest
[2025-03-02T07:56:20.107+0000] {subprocess.py:93} INFO - 2025-03-02 07:56:20,107 : INFO : Predicting model RandomForest
[2025-03-02T07:56:20.209+0000] {subprocess.py:93} INFO - 2025-03-02 07:56:20,209 : INFO : Calculating accuracy RandomForest
[2025-03-02T07:56:28.173+0000] {subprocess.py:93} INFO - 2025/03/02 07:56:28 WARNING mlflow.models.model: Model logged without a signature and input example. Please set `input_example` parameter when logging the model to auto infer the model signature.
[2025-03-02T07:56:28.422+0000] {subprocess.py:93} INFO - 2025-03-02 07:56:28,421 : INFO : Logged model RandomForest
[2025-03-02T07:56:28.472+0000] {subprocess.py:93} INFO - 2025/03/02 07:56:28 INFO mlflow.tracking._tracking_service.client: 🏃 View run RandomForest at: http://localhost:5000/#/experiments/0/runs/46483f5710594f3bb2afdaa3577c381c.
[2025-03-02T07:56:28.473+0000] {subprocess.py:93} INFO - 2025/03/02 07:56:28 INFO mlflow.tracking._tracking_service.client: 🧪 View experiment at: http://localhost:5000/#/experiments/0.
[2025-03-02T07:56:28.488+0000] {subprocess.py:93} INFO - 2025-03-02 07:56:28,488 : INFO : Training model LogisticRegression
[2025-03-02T07:56:28.780+0000] {subprocess.py:93} INFO - /home/***/.local/lib/python3.8/site-packages/sklearn/linear_model/_logistic.py:460: ConvergenceWarning: lbfgs failed to converge (status=1):
[2025-03-02T07:56:28.781+0000] {subprocess.py:93} INFO - STOP: TOTAL NO. of ITERATIONS REACHED LIMIT.
[2025-03-02T07:56:28.781+0000] {subprocess.py:93} INFO - 
[2025-03-02T07:56:28.782+0000] {subprocess.py:93} INFO - Increase the number of iterations (max_iter) or scale the data as shown in:
[2025-03-02T07:56:28.782+0000] {subprocess.py:93} INFO -     https://scikit-learn.org/stable/modules/preprocessing.html
[2025-03-02T07:56:28.783+0000] {subprocess.py:93} INFO - Please also refer to the documentation for alternative solver options:
[2025-03-02T07:56:28.783+0000] {subprocess.py:93} INFO -     https://scikit-learn.org/stable/modules/linear_model.html#logistic-regression
[2025-03-02T07:56:28.783+0000] {subprocess.py:93} INFO -   n_iter_i = _check_optimize_result(
[2025-03-02T07:56:28.783+0000] {subprocess.py:93} INFO - 2025-03-02 07:56:28,780 : INFO : Predicting model LogisticRegression
[2025-03-02T07:56:28.792+0000] {subprocess.py:93} INFO - 2025-03-02 07:56:28,792 : INFO : Calculating accuracy LogisticRegression
[2025-03-02T07:56:35.168+0000] {subprocess.py:93} INFO - 2025/03/02 07:56:35 WARNING mlflow.models.model: Model logged without a signature and input example. Please set `input_example` parameter when logging the model to auto infer the model signature.
[2025-03-02T07:56:35.289+0000] {subprocess.py:93} INFO - 2025-03-02 07:56:35,287 : INFO : Logged model LogisticRegression
[2025-03-02T07:56:35.324+0000] {subprocess.py:93} INFO - 2025/03/02 07:56:35 INFO mlflow.tracking._tracking_service.client: 🏃 View run LogisticRegression at: http://localhost:5000/#/experiments/0/runs/513480195d30480a9f49215563303901.
[2025-03-02T07:56:35.325+0000] {subprocess.py:93} INFO - 2025/03/02 07:56:35 INFO mlflow.tracking._tracking_service.client: 🧪 View experiment at: http://localhost:5000/#/experiments/0.
[2025-03-02T07:56:35.345+0000] {subprocess.py:93} INFO - 2025-03-02 07:56:35,344 : INFO : Training model SVM
