[2025-03-02T06:47:10.323+0000] {taskinstance.py:1159} INFO - Dependencies all met for dep_context=non-requeueable deps ti=<TaskInstance: customer_churn_ml_pipeline.data_storage_task manual__2025-03-02T06:45:59.992308+00:00 [queued]>
[2025-03-02T06:47:10.342+0000] {taskinstance.py:1159} INFO - Dependencies all met for dep_context=requeueable deps ti=<TaskInstance: customer_churn_ml_pipeline.data_storage_task manual__2025-03-02T06:45:59.992308+00:00 [queued]>
[2025-03-02T06:47:10.343+0000] {taskinstance.py:1361} INFO - Starting attempt 1 of 1
[2025-03-02T06:47:10.370+0000] {taskinstance.py:1382} INFO - Executing <Task(BashOperator): data_storage_task> on 2025-03-02 06:45:59.992308+00:00
[2025-03-02T06:47:10.379+0000] {standard_task_runner.py:57} INFO - Started process 5367 to run task
[2025-03-02T06:47:10.386+0000] {standard_task_runner.py:84} INFO - Running: ['***', 'tasks', 'run', 'customer_churn_ml_pipeline', 'data_storage_task', 'manual__2025-03-02T06:45:59.992308+00:00', '--job-id', '275', '--raw', '--subdir', 'DAGS_FOLDER/customer_churn.py', '--cfg-path', '/tmp/tmpu3hk0ndg']
[2025-03-02T06:47:10.390+0000] {standard_task_runner.py:85} INFO - Job 275: Subtask data_storage_task
[2025-03-02T06:47:10.428+0000] {logging_mixin.py:154} WARNING - /home/***/.local/lib/python3.8/site-packages/***/settings.py:195 DeprecationWarning: The sql_alchemy_conn option in [core] has been moved to the sql_alchemy_conn option in [database] - the old setting has been used, but please update your config.
[2025-03-02T06:47:10.499+0000] {task_command.py:416} INFO - Running <TaskInstance: customer_churn_ml_pipeline.data_storage_task manual__2025-03-02T06:45:59.992308+00:00 [running]> on host 7e994a0ed489
[2025-03-02T06:47:10.698+0000] {taskinstance.py:1662} INFO - Exporting env vars: AIRFLOW_CTX_DAG_OWNER='***' AIRFLOW_CTX_DAG_ID='customer_churn_ml_pipeline' AIRFLOW_CTX_TASK_ID='data_storage_task' AIRFLOW_CTX_EXECUTION_DATE='2025-03-02T06:45:59.992308+00:00' AIRFLOW_CTX_TRY_NUMBER='1' AIRFLOW_CTX_DAG_RUN_ID='manual__2025-03-02T06:45:59.992308+00:00'
[2025-03-02T06:47:10.700+0000] {subprocess.py:63} INFO - Tmp dir root location: /tmp
[2025-03-02T06:47:10.702+0000] {subprocess.py:75} INFO - Running command: ['/bin/bash', '-c', '\n\t\t\tNOW=$(date \'+%d-%m-%Y\') &&\t\t\tcd /opt/***\n                        dvc pull /opt/***/data/transformed\n                        python /opt/***/executables/data_storage.py && \t\t\tgit add logs &&                        git commit -m "Updated stored data version" -a &&                         dvc push && git push\n                    ']
[2025-03-02T06:47:10.714+0000] {subprocess.py:86} INFO - Output:
[2025-03-02T06:47:16.426+0000] {subprocess.py:93} INFO - Everything is up to date.
[2025-03-02T06:47:18.367+0000] {subprocess.py:93} INFO - 2025-03-02 06:47:18,367 : ERROR : Error storing data: [Errno 2] No such file or directory: 'settings.json'
[2025-03-02T06:47:18.587+0000] {subprocess.py:93} INFO - [main 66fb3f2] Updated stored data version
[2025-03-02T06:47:18.587+0000] {subprocess.py:93} INFO -  5 files changed, 44 insertions(+)
[2025-03-02T06:47:18.587+0000] {subprocess.py:93} INFO -  create mode 100644 logs/dag_id=customer_churn_ml_pipeline/run_id=manual__2025-03-02T06:45:59.992308+00:00/task_id=data_storage_task/attempt=1.log
[2025-03-02T06:47:24.120+0000] {subprocess.py:93} INFO - Everything is up to date.
[2025-03-02T06:47:25.929+0000] {subprocess.py:93} INFO - To https://github.com/anniemathew-trial/customer_churn_pipeline.git
[2025-03-02T06:47:25.930+0000] {subprocess.py:93} INFO -    396d92e..66fb3f2  main -> main
[2025-03-02T06:47:25.936+0000] {subprocess.py:97} INFO - Command exited with return code 0
[2025-03-02T06:47:25.983+0000] {taskinstance.py:1400} INFO - Marking task as SUCCESS. dag_id=customer_churn_ml_pipeline, task_id=data_storage_task, execution_date=20250302T064559, start_date=20250302T064710, end_date=20250302T064725
[2025-03-02T06:47:26.021+0000] {local_task_job_runner.py:228} INFO - Task exited with return code 0
[2025-03-02T06:47:26.062+0000] {taskinstance.py:2778} INFO - 1 downstream tasks scheduled from follow-on schedule check
