[2025-03-03T12:40:11.561+0000] {processor.py:157} INFO - Started process (PID=207) to work on /opt/airflow/dags/customer_churn.py
[2025-03-03T12:40:11.562+0000] {processor.py:829} INFO - Processing file /opt/airflow/dags/customer_churn.py for tasks to queue
[2025-03-03T12:40:11.564+0000] {logging_mixin.py:154} INFO - [2025-03-03T12:40:11.563+0000] {dagbag.py:536} INFO - Filling up the DagBag from /opt/airflow/dags/customer_churn.py
[2025-03-03T12:40:11.587+0000] {processor.py:839} INFO - DAG(s) dict_keys(['customer_churn_ml_pipeline']) retrieved from /opt/airflow/dags/customer_churn.py
[2025-03-03T12:40:11.654+0000] {logging_mixin.py:154} INFO - [2025-03-03T12:40:11.654+0000] {dag.py:2941} INFO - Sync 1 DAGs
[2025-03-03T12:40:11.691+0000] {logging_mixin.py:154} INFO - [2025-03-03T12:40:11.690+0000] {dag.py:3722} INFO - Setting next_dagrun for customer_churn_ml_pipeline to 2025-03-03T08:00:00+00:00, run_after=2025-03-04T08:00:00+00:00
[2025-03-03T12:40:11.733+0000] {processor.py:179} INFO - Processing /opt/airflow/dags/customer_churn.py took 0.176 seconds
[2025-03-03T12:40:41.794+0000] {processor.py:157} INFO - Started process (PID=356) to work on /opt/airflow/dags/customer_churn.py
[2025-03-03T12:40:41.795+0000] {processor.py:829} INFO - Processing file /opt/airflow/dags/customer_churn.py for tasks to queue
[2025-03-03T12:40:41.797+0000] {logging_mixin.py:154} INFO - [2025-03-03T12:40:41.796+0000] {dagbag.py:536} INFO - Filling up the DagBag from /opt/airflow/dags/customer_churn.py
[2025-03-03T12:40:41.826+0000] {processor.py:839} INFO - DAG(s) dict_keys(['customer_churn_ml_pipeline']) retrieved from /opt/airflow/dags/customer_churn.py
[2025-03-03T12:40:41.901+0000] {logging_mixin.py:154} INFO - [2025-03-03T12:40:41.900+0000] {dag.py:2941} INFO - Sync 1 DAGs
[2025-03-03T12:40:41.972+0000] {logging_mixin.py:154} INFO - [2025-03-03T12:40:41.971+0000] {dag.py:3722} INFO - Setting next_dagrun for customer_churn_ml_pipeline to 2025-03-03T08:00:00+00:00, run_after=2025-03-04T08:00:00+00:00
[2025-03-03T12:40:42.018+0000] {processor.py:179} INFO - Processing /opt/airflow/dags/customer_churn.py took 0.230 seconds
[2025-03-03T12:41:12.083+0000] {processor.py:157} INFO - Started process (PID=498) to work on /opt/airflow/dags/customer_churn.py
[2025-03-03T12:41:12.085+0000] {processor.py:829} INFO - Processing file /opt/airflow/dags/customer_churn.py for tasks to queue
[2025-03-03T12:41:12.086+0000] {logging_mixin.py:154} INFO - [2025-03-03T12:41:12.086+0000] {dagbag.py:536} INFO - Filling up the DagBag from /opt/airflow/dags/customer_churn.py
[2025-03-03T12:41:12.108+0000] {processor.py:839} INFO - DAG(s) dict_keys(['customer_churn_ml_pipeline']) retrieved from /opt/airflow/dags/customer_churn.py
[2025-03-03T12:41:12.174+0000] {logging_mixin.py:154} INFO - [2025-03-03T12:41:12.174+0000] {dag.py:2941} INFO - Sync 1 DAGs
[2025-03-03T12:41:12.230+0000] {logging_mixin.py:154} INFO - [2025-03-03T12:41:12.230+0000] {dag.py:3722} INFO - Setting next_dagrun for customer_churn_ml_pipeline to 2025-03-03T08:00:00+00:00, run_after=2025-03-04T08:00:00+00:00
[2025-03-03T12:41:12.262+0000] {processor.py:179} INFO - Processing /opt/airflow/dags/customer_churn.py took 0.184 seconds
[2025-03-03T12:41:42.360+0000] {processor.py:157} INFO - Started process (PID=543) to work on /opt/airflow/dags/customer_churn.py
[2025-03-03T12:41:42.361+0000] {processor.py:829} INFO - Processing file /opt/airflow/dags/customer_churn.py for tasks to queue
[2025-03-03T12:41:42.362+0000] {logging_mixin.py:154} INFO - [2025-03-03T12:41:42.362+0000] {dagbag.py:536} INFO - Filling up the DagBag from /opt/airflow/dags/customer_churn.py
[2025-03-03T12:41:42.379+0000] {processor.py:839} INFO - DAG(s) dict_keys(['customer_churn_ml_pipeline']) retrieved from /opt/airflow/dags/customer_churn.py
[2025-03-03T12:41:42.414+0000] {logging_mixin.py:154} INFO - [2025-03-03T12:41:42.413+0000] {dag.py:2941} INFO - Sync 1 DAGs
[2025-03-03T12:41:42.439+0000] {logging_mixin.py:154} INFO - [2025-03-03T12:41:42.439+0000] {dag.py:3722} INFO - Setting next_dagrun for customer_churn_ml_pipeline to 2025-03-03T08:00:00+00:00, run_after=2025-03-04T08:00:00+00:00
[2025-03-03T12:41:42.462+0000] {processor.py:179} INFO - Processing /opt/airflow/dags/customer_churn.py took 0.106 seconds
[2025-03-03T12:42:12.698+0000] {processor.py:157} INFO - Started process (PID=548) to work on /opt/airflow/dags/customer_churn.py
[2025-03-03T12:42:12.699+0000] {processor.py:829} INFO - Processing file /opt/airflow/dags/customer_churn.py for tasks to queue
[2025-03-03T12:42:12.700+0000] {logging_mixin.py:154} INFO - [2025-03-03T12:42:12.700+0000] {dagbag.py:536} INFO - Filling up the DagBag from /opt/airflow/dags/customer_churn.py
[2025-03-03T12:42:12.717+0000] {processor.py:839} INFO - DAG(s) dict_keys(['customer_churn_ml_pipeline']) retrieved from /opt/airflow/dags/customer_churn.py
[2025-03-03T12:42:12.752+0000] {logging_mixin.py:154} INFO - [2025-03-03T12:42:12.752+0000] {dag.py:2941} INFO - Sync 1 DAGs
[2025-03-03T12:42:12.780+0000] {logging_mixin.py:154} INFO - [2025-03-03T12:42:12.780+0000] {dag.py:3722} INFO - Setting next_dagrun for customer_churn_ml_pipeline to 2025-03-03T08:00:00+00:00, run_after=2025-03-04T08:00:00+00:00
[2025-03-03T12:42:12.799+0000] {processor.py:179} INFO - Processing /opt/airflow/dags/customer_churn.py took 0.106 seconds
[2025-03-03T12:43:32.227+0000] {processor.py:157} INFO - Started process (PID=779) to work on /opt/airflow/dags/customer_churn.py
[2025-03-03T12:43:32.228+0000] {processor.py:829} INFO - Processing file /opt/airflow/dags/customer_churn.py for tasks to queue
[2025-03-03T12:43:32.229+0000] {logging_mixin.py:154} INFO - [2025-03-03T12:43:32.228+0000] {dagbag.py:536} INFO - Filling up the DagBag from /opt/airflow/dags/customer_churn.py
[2025-03-03T12:43:32.242+0000] {processor.py:839} INFO - DAG(s) dict_keys(['customer_churn_ml_pipeline']) retrieved from /opt/airflow/dags/customer_churn.py
[2025-03-03T12:43:32.288+0000] {logging_mixin.py:154} INFO - [2025-03-03T12:43:32.288+0000] {dag.py:2941} INFO - Sync 1 DAGs
[2025-03-03T12:43:32.314+0000] {logging_mixin.py:154} INFO - [2025-03-03T12:43:32.313+0000] {dag.py:3722} INFO - Setting next_dagrun for customer_churn_ml_pipeline to 2025-03-03T08:00:00+00:00, run_after=2025-03-04T08:00:00+00:00
[2025-03-03T12:43:32.336+0000] {processor.py:179} INFO - Processing /opt/airflow/dags/customer_churn.py took 0.112 seconds
[2025-03-03T12:44:02.456+0000] {processor.py:157} INFO - Started process (PID=901) to work on /opt/airflow/dags/customer_churn.py
[2025-03-03T12:44:02.457+0000] {processor.py:829} INFO - Processing file /opt/airflow/dags/customer_churn.py for tasks to queue
[2025-03-03T12:44:02.458+0000] {logging_mixin.py:154} INFO - [2025-03-03T12:44:02.458+0000] {dagbag.py:536} INFO - Filling up the DagBag from /opt/airflow/dags/customer_churn.py
[2025-03-03T12:44:02.498+0000] {processor.py:839} INFO - DAG(s) dict_keys(['customer_churn_ml_pipeline']) retrieved from /opt/airflow/dags/customer_churn.py
[2025-03-03T12:44:02.576+0000] {logging_mixin.py:154} INFO - [2025-03-03T12:44:02.574+0000] {dag.py:2941} INFO - Sync 1 DAGs
[2025-03-03T12:44:02.621+0000] {logging_mixin.py:154} INFO - [2025-03-03T12:44:02.621+0000] {dag.py:3722} INFO - Setting next_dagrun for customer_churn_ml_pipeline to 2025-03-03T08:00:00+00:00, run_after=2025-03-04T08:00:00+00:00
[2025-03-03T12:44:02.650+0000] {processor.py:179} INFO - Processing /opt/airflow/dags/customer_churn.py took 0.209 seconds
