[2025-03-02T08:47:15.476+0000] {taskinstance.py:1159} INFO - Dependencies all met for dep_context=non-requeueable deps ti=<TaskInstance: customer_churn_ml_pipeline.feature_store_task manual__2025-03-02T08:47:14.333934+00:00 [queued]>
[2025-03-02T08:47:15.494+0000] {taskinstance.py:1159} INFO - Dependencies all met for dep_context=requeueable deps ti=<TaskInstance: customer_churn_ml_pipeline.feature_store_task manual__2025-03-02T08:47:14.333934+00:00 [queued]>
[2025-03-02T08:47:15.494+0000] {taskinstance.py:1361} INFO - Starting attempt 1 of 1
[2025-03-02T08:47:15.526+0000] {taskinstance.py:1382} INFO - Executing <Task(BashOperator): feature_store_task> on 2025-03-02 08:47:14.333934+00:00
[2025-03-02T08:47:15.531+0000] {standard_task_runner.py:57} INFO - Started process 4129 to run task
[2025-03-02T08:47:15.537+0000] {standard_task_runner.py:84} INFO - Running: ['***', 'tasks', 'run', 'customer_churn_ml_pipeline', 'feature_store_task', 'manual__2025-03-02T08:47:14.333934+00:00', '--job-id', '24', '--raw', '--subdir', 'DAGS_FOLDER/customer_churn.py', '--cfg-path', '/tmp/tmpj2ajflih']
[2025-03-02T08:47:15.540+0000] {standard_task_runner.py:85} INFO - Job 24: Subtask feature_store_task
[2025-03-02T08:47:15.577+0000] {logging_mixin.py:154} WARNING - /home/***/.local/lib/python3.8/site-packages/***/settings.py:195 DeprecationWarning: The sql_alchemy_conn option in [core] has been moved to the sql_alchemy_conn option in [database] - the old setting has been used, but please update your config.
[2025-03-02T08:47:15.643+0000] {task_command.py:416} INFO - Running <TaskInstance: customer_churn_ml_pipeline.feature_store_task manual__2025-03-02T08:47:14.333934+00:00 [running]> on host 9113a5746a05
[2025-03-02T08:47:15.796+0000] {taskinstance.py:1662} INFO - Exporting env vars: AIRFLOW_CTX_DAG_OWNER='***' AIRFLOW_CTX_DAG_ID='customer_churn_ml_pipeline' AIRFLOW_CTX_TASK_ID='feature_store_task' AIRFLOW_CTX_EXECUTION_DATE='2025-03-02T08:47:14.333934+00:00' AIRFLOW_CTX_TRY_NUMBER='1' AIRFLOW_CTX_DAG_RUN_ID='manual__2025-03-02T08:47:14.333934+00:00'
[2025-03-02T08:47:15.797+0000] {subprocess.py:63} INFO - Tmp dir root location: /tmp
[2025-03-02T08:47:15.798+0000] {subprocess.py:75} INFO - Running command: ['/bin/bash', '-c', '\n\t\t\tcd /opt/***/customer_churn_stats/feature_repo &&                         feast apply &&                         feast materialize-incremental $(date -u +\'%Y-%m-%dT%H:%M:%S\') &&                         git commit -m "Updated feature store" -a &&                         git push\n                    ']
[2025-03-02T08:47:15.807+0000] {subprocess.py:86} INFO - Output:
[2025-03-02T08:47:15.825+0000] {subprocess.py:93} INFO - /bin/bash: line 2: feast: command not found
[2025-03-02T08:47:15.826+0000] {subprocess.py:97} INFO - Command exited with return code 127
[2025-03-02T08:47:15.845+0000] {taskinstance.py:1937} ERROR - Task failed with exception
Traceback (most recent call last):
  File "/home/airflow/.local/lib/python3.8/site-packages/airflow/operators/bash.py", line 210, in execute
    raise AirflowException(
airflow.exceptions.AirflowException: Bash command failed. The command returned a non-zero exit code 127.
[2025-03-02T08:47:15.850+0000] {taskinstance.py:1400} INFO - Marking task as FAILED. dag_id=customer_churn_ml_pipeline, task_id=feature_store_task, execution_date=20250302T084714, start_date=20250302T084715, end_date=20250302T084715
[2025-03-02T08:47:15.874+0000] {standard_task_runner.py:104} ERROR - Failed to execute job 24 for task feature_store_task (Bash command failed. The command returned a non-zero exit code 127.; 4129)
[2025-03-02T08:47:15.912+0000] {local_task_job_runner.py:228} INFO - Task exited with return code 1
[2025-03-02T08:47:15.943+0000] {taskinstance.py:2778} INFO - 0 downstream tasks scheduled from follow-on schedule check
