[2025-03-02T06:39:03.605+0000] {taskinstance.py:1159} INFO - Dependencies all met for dep_context=non-requeueable deps ti=<TaskInstance: customer_churn_ml_pipeline.data_storage_task manual__2025-03-02T06:37:55.944013+00:00 [queued]>
[2025-03-02T06:39:03.624+0000] {taskinstance.py:1159} INFO - Dependencies all met for dep_context=requeueable deps ti=<TaskInstance: customer_churn_ml_pipeline.data_storage_task manual__2025-03-02T06:37:55.944013+00:00 [queued]>
[2025-03-02T06:39:03.625+0000] {taskinstance.py:1361} INFO - Starting attempt 1 of 1
[2025-03-02T06:39:03.649+0000] {taskinstance.py:1382} INFO - Executing <Task(BashOperator): data_storage_task> on 2025-03-02 06:37:55.944013+00:00
[2025-03-02T06:39:03.654+0000] {standard_task_runner.py:57} INFO - Started process 4734 to run task
[2025-03-02T06:39:03.658+0000] {standard_task_runner.py:84} INFO - Running: ['***', 'tasks', 'run', 'customer_churn_ml_pipeline', 'data_storage_task', 'manual__2025-03-02T06:37:55.944013+00:00', '--job-id', '262', '--raw', '--subdir', 'DAGS_FOLDER/customer_churn.py', '--cfg-path', '/tmp/tmp5a62o17v']
[2025-03-02T06:39:03.662+0000] {standard_task_runner.py:85} INFO - Job 262: Subtask data_storage_task
[2025-03-02T06:39:03.690+0000] {logging_mixin.py:154} WARNING - /home/***/.local/lib/python3.8/site-packages/***/settings.py:195 DeprecationWarning: The sql_alchemy_conn option in [core] has been moved to the sql_alchemy_conn option in [database] - the old setting has been used, but please update your config.
[2025-03-02T06:39:03.753+0000] {task_command.py:416} INFO - Running <TaskInstance: customer_churn_ml_pipeline.data_storage_task manual__2025-03-02T06:37:55.944013+00:00 [running]> on host 7e994a0ed489
[2025-03-02T06:39:03.913+0000] {taskinstance.py:1662} INFO - Exporting env vars: AIRFLOW_CTX_DAG_OWNER='***' AIRFLOW_CTX_DAG_ID='customer_churn_ml_pipeline' AIRFLOW_CTX_TASK_ID='data_storage_task' AIRFLOW_CTX_EXECUTION_DATE='2025-03-02T06:37:55.944013+00:00' AIRFLOW_CTX_TRY_NUMBER='1' AIRFLOW_CTX_DAG_RUN_ID='manual__2025-03-02T06:37:55.944013+00:00'
[2025-03-02T06:39:03.914+0000] {subprocess.py:63} INFO - Tmp dir root location: /tmp
[2025-03-02T06:39:03.916+0000] {subprocess.py:75} INFO - Running command: ['/bin/bash', '-c', '\n\t\t\tNOW=$(date \'+%d-%m-%Y\') &&\t\t\tcd /opt/***\n                        dvc pull /opt/***/data/transformed\n                        python /opt/***/executables/data_storage.py && \t\t\tgit add logs &&                        git commit -m "Updated stored data version" -a &&                         dvc push && git push\n                    ']
[2025-03-02T06:39:03.929+0000] {subprocess.py:86} INFO - Output:
[2025-03-02T06:39:07.383+0000] {subprocess.py:93} INFO - Everything is up to date.
[2025-03-02T06:39:08.760+0000] {subprocess.py:93} INFO - 2025-03-02 06:39:08,759 : ERROR : Error storing data: [Errno 2] No such file or directory: 'settings.json'
[2025-03-02T06:39:08.940+0000] {subprocess.py:93} INFO - [main d72b1cc] Updated stored data version
[2025-03-02T06:39:08.941+0000] {subprocess.py:93} INFO -  5 files changed, 46 insertions(+)
[2025-03-02T06:39:08.941+0000] {subprocess.py:93} INFO -  create mode 100644 logs/dag_id=customer_churn_ml_pipeline/run_id=manual__2025-03-02T06:37:55.944013+00:00/task_id=data_storage_task/attempt=1.log
[2025-03-02T06:39:14.301+0000] {subprocess.py:93} INFO - Everything is up to date.
[2025-03-02T06:39:16.179+0000] {subprocess.py:93} INFO - To https://github.com/anniemathew-trial/customer_churn_pipeline.git
[2025-03-02T06:39:16.180+0000] {subprocess.py:93} INFO -    8b60157..d72b1cc  main -> main
[2025-03-02T06:39:16.185+0000] {subprocess.py:97} INFO - Command exited with return code 0
[2025-03-02T06:39:16.228+0000] {taskinstance.py:1400} INFO - Marking task as SUCCESS. dag_id=customer_churn_ml_pipeline, task_id=data_storage_task, execution_date=20250302T063755, start_date=20250302T063903, end_date=20250302T063916
[2025-03-02T06:39:16.279+0000] {local_task_job_runner.py:228} INFO - Task exited with return code 0
[2025-03-02T06:39:16.315+0000] {taskinstance.py:2778} INFO - 1 downstream tasks scheduled from follow-on schedule check
