[2025-03-02T08:40:36.085+0000] {taskinstance.py:1159} INFO - Dependencies all met for dep_context=non-requeueable deps ti=<TaskInstance: customer_churn_ml_pipeline.raw_data_storage_task manual__2025-03-02T08:40:20.735736+00:00 [queued]>
[2025-03-02T08:40:36.096+0000] {taskinstance.py:1159} INFO - Dependencies all met for dep_context=requeueable deps ti=<TaskInstance: customer_churn_ml_pipeline.raw_data_storage_task manual__2025-03-02T08:40:20.735736+00:00 [queued]>
[2025-03-02T08:40:36.096+0000] {taskinstance.py:1361} INFO - Starting attempt 1 of 1
[2025-03-02T08:40:36.113+0000] {taskinstance.py:1382} INFO - Executing <Task(BashOperator): raw_data_storage_task> on 2025-03-02 08:40:20.735736+00:00
[2025-03-02T08:40:36.117+0000] {standard_task_runner.py:57} INFO - Started process 4009 to run task
[2025-03-02T08:40:36.120+0000] {standard_task_runner.py:84} INFO - Running: ['***', 'tasks', 'run', 'customer_churn_ml_pipeline', 'raw_data_storage_task', 'manual__2025-03-02T08:40:20.735736+00:00', '--job-id', '17', '--raw', '--subdir', 'DAGS_FOLDER/customer_churn.py', '--cfg-path', '/tmp/tmprfzyb_wk']
[2025-03-02T08:40:36.123+0000] {standard_task_runner.py:85} INFO - Job 17: Subtask raw_data_storage_task
[2025-03-02T08:40:36.145+0000] {logging_mixin.py:154} WARNING - /home/***/.local/lib/python3.8/site-packages/***/settings.py:195 DeprecationWarning: The sql_alchemy_conn option in [core] has been moved to the sql_alchemy_conn option in [database] - the old setting has been used, but please update your config.
[2025-03-02T08:40:36.190+0000] {task_command.py:416} INFO - Running <TaskInstance: customer_churn_ml_pipeline.raw_data_storage_task manual__2025-03-02T08:40:20.735736+00:00 [running]> on host 9113a5746a05
[2025-03-02T08:40:36.299+0000] {taskinstance.py:1662} INFO - Exporting env vars: AIRFLOW_CTX_DAG_OWNER='***' AIRFLOW_CTX_DAG_ID='customer_churn_ml_pipeline' AIRFLOW_CTX_TASK_ID='raw_data_storage_task' AIRFLOW_CTX_EXECUTION_DATE='2025-03-02T08:40:20.735736+00:00' AIRFLOW_CTX_TRY_NUMBER='1' AIRFLOW_CTX_DAG_RUN_ID='manual__2025-03-02T08:40:20.735736+00:00'
[2025-03-02T08:40:36.300+0000] {subprocess.py:63} INFO - Tmp dir root location: /tmp
[2025-03-02T08:40:36.301+0000] {subprocess.py:75} INFO - Running command: ['/bin/bash', '-c', '\n\t\t\tNOW=$(date \'+%d-%m-%Y\') &&\t\t\tcd /opt/*** &&                        dvc pull /opt/***/data/raw/$NOW/csv &&                        dvc pull /opt/***/data/raw/$NOW/database &&                        python /opt/***/executables/raw_data_storage.py && \t\t\tgit rm -r --cached /opt/***/data/raw/$NOW/csv && \t\t\tgit rm -r --cached /opt/***/data/raw/$NOW/database && \t\t\tgit commit -m "stop tracking data/raw/$NOW" &&                         dvc add /opt/***/data/raw &&                         git add /opt/***/data/raw.dvc && \t\t\tgit add logs &&\\   \n                        git commit -m "Updated raw data storage" -a &&                         dvc push && git push\n                    ']
[2025-03-02T08:40:36.309+0000] {subprocess.py:86} INFO - Output:
[2025-03-02T08:40:38.136+0000] {subprocess.py:93} INFO - WARNING: failed to collect 'workspace', skipping
[2025-03-02T08:40:38.137+0000] {subprocess.py:93} INFO - ERROR: failed to pull data from the cloud - '/opt/***/data/raw/02-03-2025/csv' does not exist as an output or a stage name in 'dvc.yaml': 'dvc.yaml' does not exist
[2025-03-02T08:40:38.542+0000] {subprocess.py:93} INFO - [main a2ce05f] Updated raw data storage
[2025-03-02T08:40:38.543+0000] {subprocess.py:93} INFO -  3 files changed, 22 insertions(+)
[2025-03-02T08:40:41.043+0000] {subprocess.py:93} INFO - Everything is up to date.
[2025-03-02T08:40:42.985+0000] {subprocess.py:93} INFO - To https://github.com/anniemathew-trial/customer_churn_pipeline.git
[2025-03-02T08:40:42.985+0000] {subprocess.py:93} INFO -    edbe191..a2ce05f  main -> main
[2025-03-02T08:40:42.992+0000] {subprocess.py:97} INFO - Command exited with return code 0
[2025-03-02T08:40:43.044+0000] {taskinstance.py:1400} INFO - Marking task as SUCCESS. dag_id=customer_churn_ml_pipeline, task_id=raw_data_storage_task, execution_date=20250302T084020, start_date=20250302T084036, end_date=20250302T084043
[2025-03-02T08:40:43.078+0000] {local_task_job_runner.py:228} INFO - Task exited with return code 0
[2025-03-02T08:40:43.108+0000] {taskinstance.py:2778} INFO - 0 downstream tasks scheduled from follow-on schedule check
