[2025-02-28T09:19:36.805+0000] {taskinstance.py:1159} INFO - Dependencies all met for dep_context=non-requeueable deps ti=<TaskInstance: customer_churn_ml_pipeline.pull manual__2025-02-28T09:19:35.565277+00:00 [queued]>
[2025-02-28T09:19:36.829+0000] {taskinstance.py:1159} INFO - Dependencies all met for dep_context=requeueable deps ti=<TaskInstance: customer_churn_ml_pipeline.pull manual__2025-02-28T09:19:35.565277+00:00 [queued]>
[2025-02-28T09:19:36.830+0000] {taskinstance.py:1361} INFO - Starting attempt 1 of 1
[2025-02-28T09:19:36.867+0000] {taskinstance.py:1382} INFO - Executing <Task(BashOperator): pull> on 2025-02-28 09:19:35.565277+00:00
[2025-02-28T09:19:36.875+0000] {standard_task_runner.py:57} INFO - Started process 10606 to run task
[2025-02-28T09:19:36.883+0000] {standard_task_runner.py:84} INFO - Running: ['***', 'tasks', 'run', 'customer_churn_ml_pipeline', 'pull', 'manual__2025-02-28T09:19:35.565277+00:00', '--job-id', '114', '--raw', '--subdir', 'DAGS_FOLDER/customer_churn.py', '--cfg-path', '/tmp/tmpm0azt59s']
[2025-02-28T09:19:36.890+0000] {standard_task_runner.py:85} INFO - Job 114: Subtask pull
[2025-02-28T09:19:36.940+0000] {logging_mixin.py:154} WARNING - /home/***/.local/lib/python3.8/site-packages/***/settings.py:195 DeprecationWarning: The sql_alchemy_conn option in [core] has been moved to the sql_alchemy_conn option in [database] - the old setting has been used, but please update your config.
[2025-02-28T09:19:37.037+0000] {task_command.py:416} INFO - Running <TaskInstance: customer_churn_ml_pipeline.pull manual__2025-02-28T09:19:35.565277+00:00 [running]> on host 4470298645d8
[2025-02-28T09:19:37.232+0000] {taskinstance.py:1662} INFO - Exporting env vars: AIRFLOW_CTX_DAG_OWNER='***' AIRFLOW_CTX_DAG_ID='customer_churn_ml_pipeline' AIRFLOW_CTX_TASK_ID='pull' AIRFLOW_CTX_EXECUTION_DATE='2025-02-28T09:19:35.565277+00:00' AIRFLOW_CTX_TRY_NUMBER='1' AIRFLOW_CTX_DAG_RUN_ID='manual__2025-02-28T09:19:35.565277+00:00'
[2025-02-28T09:19:37.234+0000] {subprocess.py:63} INFO - Tmp dir root location: /tmp
[2025-02-28T09:19:37.235+0000] {subprocess.py:75} INFO - Running command: ['/bin/bash', '-c', 'cd /opt/*** && dvc pull && git pull']
[2025-02-28T09:19:37.249+0000] {subprocess.py:86} INFO - Output:
[2025-02-28T09:19:40.824+0000] {subprocess.py:93} INFO - Everything is up to date.
[2025-02-28T09:19:41.110+0000] {subprocess.py:93} INFO - hint: Pulling without specifying how to reconcile divergent branches is
[2025-02-28T09:19:41.110+0000] {subprocess.py:93} INFO - hint: discouraged. You can squelch this message by running one of the following
[2025-02-28T09:19:41.110+0000] {subprocess.py:93} INFO - hint: commands sometime before your next pull:
[2025-02-28T09:19:41.110+0000] {subprocess.py:93} INFO - hint:
[2025-02-28T09:19:41.111+0000] {subprocess.py:93} INFO - hint:   git config pull.rebase false  # merge (the default strategy)
[2025-02-28T09:19:41.111+0000] {subprocess.py:93} INFO - hint:   git config pull.rebase true   # rebase
[2025-02-28T09:19:41.111+0000] {subprocess.py:93} INFO - hint:   git config pull.ff only       # fast-forward only
[2025-02-28T09:19:41.111+0000] {subprocess.py:93} INFO - hint:
[2025-02-28T09:19:41.111+0000] {subprocess.py:93} INFO - hint: You can replace "git config" with "git config --global" to set a default
[2025-02-28T09:19:41.111+0000] {subprocess.py:93} INFO - hint: preference for all repositories. You can also pass --rebase, --no-rebase,
[2025-02-28T09:19:41.111+0000] {subprocess.py:93} INFO - hint: or --ff-only on the command line to override the configured default per
[2025-02-28T09:19:41.112+0000] {subprocess.py:93} INFO - hint: invocation.
[2025-02-28T09:19:42.280+0000] {subprocess.py:93} INFO - From https://github.com/anniemathew-trial/customer_churn_pipeline
[2025-02-28T09:19:42.281+0000] {subprocess.py:93} INFO -    3c1452a..ea552c0  main       -> origin/main
[2025-02-28T09:19:42.292+0000] {subprocess.py:93} INFO - Updating 3c1452a..ea552c0
[2025-02-28T09:19:42.292+0000] {subprocess.py:93} INFO - Fast-forward
[2025-02-28T09:19:42.295+0000] {subprocess.py:93} INFO -  reports/.gitignore | 1 -
[2025-02-28T09:19:42.296+0000] {subprocess.py:93} INFO -  visualization.dvc  | 6 ------
[2025-02-28T09:19:42.296+0000] {subprocess.py:93} INFO -  2 files changed, 7 deletions(-)
[2025-02-28T09:19:42.296+0000] {subprocess.py:93} INFO -  delete mode 100644 reports/.gitignore
[2025-02-28T09:19:42.297+0000] {subprocess.py:93} INFO -  delete mode 100644 visualization.dvc
[2025-02-28T09:19:42.297+0000] {subprocess.py:97} INFO - Command exited with return code 0
[2025-02-28T09:19:42.376+0000] {taskinstance.py:1400} INFO - Marking task as SUCCESS. dag_id=customer_churn_ml_pipeline, task_id=pull, execution_date=20250228T091935, start_date=20250228T091936, end_date=20250228T091942
[2025-02-28T09:19:42.430+0000] {local_task_job_runner.py:228} INFO - Task exited with return code 0
[2025-02-28T09:19:42.500+0000] {taskinstance.py:2778} INFO - 0 downstream tasks scheduled from follow-on schedule check
