[2025-03-02T10:49:31.300+0000] {taskinstance.py:1159} INFO - Dependencies all met for dep_context=non-requeueable deps ti=<TaskInstance: customer_churn_ml_pipeline.data_storage_task manual__2025-03-02T10:47:57.778600+00:00 [queued]>
[2025-03-02T10:49:31.313+0000] {taskinstance.py:1159} INFO - Dependencies all met for dep_context=requeueable deps ti=<TaskInstance: customer_churn_ml_pipeline.data_storage_task manual__2025-03-02T10:47:57.778600+00:00 [queued]>
[2025-03-02T10:49:31.313+0000] {taskinstance.py:1361} INFO - Starting attempt 1 of 1
[2025-03-02T10:49:31.332+0000] {taskinstance.py:1382} INFO - Executing <Task(BashOperator): data_storage_task> on 2025-03-02 10:47:57.778600+00:00
[2025-03-02T10:49:31.337+0000] {standard_task_runner.py:57} INFO - Started process 13454 to run task
[2025-03-02T10:49:31.341+0000] {standard_task_runner.py:84} INFO - Running: ['***', 'tasks', 'run', 'customer_churn_ml_pipeline', 'data_storage_task', 'manual__2025-03-02T10:47:57.778600+00:00', '--job-id', '193', '--raw', '--subdir', 'DAGS_FOLDER/customer_churn.py', '--cfg-path', '/tmp/tmp1cm48fv5']
[2025-03-02T10:49:31.344+0000] {standard_task_runner.py:85} INFO - Job 193: Subtask data_storage_task
[2025-03-02T10:49:31.368+0000] {logging_mixin.py:154} WARNING - /home/***/.local/lib/python3.8/site-packages/***/settings.py:195 DeprecationWarning: The sql_alchemy_conn option in [core] has been moved to the sql_alchemy_conn option in [database] - the old setting has been used, but please update your config.
[2025-03-02T10:49:31.422+0000] {task_command.py:416} INFO - Running <TaskInstance: customer_churn_ml_pipeline.data_storage_task manual__2025-03-02T10:47:57.778600+00:00 [running]> on host 9113a5746a05
[2025-03-02T10:49:31.546+0000] {taskinstance.py:1662} INFO - Exporting env vars: AIRFLOW_CTX_DAG_OWNER='***' AIRFLOW_CTX_DAG_ID='customer_churn_ml_pipeline' AIRFLOW_CTX_TASK_ID='data_storage_task' AIRFLOW_CTX_EXECUTION_DATE='2025-03-02T10:47:57.778600+00:00' AIRFLOW_CTX_TRY_NUMBER='1' AIRFLOW_CTX_DAG_RUN_ID='manual__2025-03-02T10:47:57.778600+00:00'
[2025-03-02T10:49:31.547+0000] {subprocess.py:63} INFO - Tmp dir root location: /tmp
[2025-03-02T10:49:31.548+0000] {subprocess.py:75} INFO - Running command: ['/bin/bash', '-c', '\n\t\t\tcd /opt/***\n                        dvc pull /opt/***/data/transformed\n                        python /opt/***/executables/data_storage.py && \t\t\tgit add logs &&    \t\t\tgit status &&                         git commit -m "Updated stored data version" -a &&                         dvc push && git push\n                    ']
[2025-03-02T10:49:31.558+0000] {subprocess.py:86} INFO - Output:
[2025-03-02T10:49:35.116+0000] {subprocess.py:93} INFO - Everything is up to date.
[2025-03-02T10:49:36.810+0000] {subprocess.py:93} INFO - 2025-03-02 10:49:36,810 : INFO : Connecting to Database
[2025-03-02T10:49:36.844+0000] {subprocess.py:93} INFO - 2025-03-02 10:49:36,844 : INFO : Connecting to Database Successfull
[2025-03-02T10:49:36.845+0000] {subprocess.py:93} INFO - 2025-03-02 10:49:36,844 : INFO : Reading Initial DB Setup Script
[2025-03-02T10:49:36.845+0000] {subprocess.py:93} INFO - 2025-03-02 10:49:36,844 : INFO : Executing script to Database
[2025-03-02T10:49:36.847+0000] {subprocess.py:93} INFO - 2025-03-02 10:49:36,846 : INFO : Executed script successfully !!
[2025-03-02T10:49:36.847+0000] {subprocess.py:93} INFO - 2025-03-02 10:49:36,847 : INFO : Reading insert script template
[2025-03-02T10:49:36.848+0000] {subprocess.py:93} INFO - 2025-03-02 10:49:36,847 : INFO : Inserting data to database
[2025-03-02T10:49:36.848+0000] {subprocess.py:93} INFO - 2025-03-02 10:49:36,847 : ERROR : Error storing data: name 'today' is not defined
[2025-03-02T10:49:37.085+0000] {subprocess.py:93} INFO - On branch main
[2025-03-02T10:49:37.086+0000] {subprocess.py:93} INFO - Your branch is up to date with 'origin/main'.
[2025-03-02T10:49:37.086+0000] {subprocess.py:93} INFO - 
[2025-03-02T10:49:37.086+0000] {subprocess.py:93} INFO - Changes to be committed:
[2025-03-02T10:49:37.087+0000] {subprocess.py:93} INFO -   (use "git restore --staged <file>..." to unstage)
[2025-03-02T10:49:37.087+0000] {subprocess.py:93} INFO - 	new file:   logs/dag_id=customer_churn_ml_pipeline/run_id=manual__2025-03-02T10:47:57.778600+00:00/task_id=data_storage_task/attempt=1.log
[2025-03-02T10:49:37.088+0000] {subprocess.py:93} INFO - 	modified:   logs/dag_id=customer_churn_ml_pipeline/run_id=manual__2025-03-02T10:47:57.778600+00:00/task_id=data_transformation_task/attempt=1.log
[2025-03-02T10:49:37.088+0000] {subprocess.py:93} INFO - 	modified:   logs/dag_processor_manager/dag_processor_manager.log
[2025-03-02T10:49:37.088+0000] {subprocess.py:93} INFO - 	modified:   logs/data_storage.log
[2025-03-02T10:49:37.089+0000] {subprocess.py:93} INFO - 
[2025-03-02T10:49:37.089+0000] {subprocess.py:93} INFO - Untracked files:
[2025-03-02T10:49:37.089+0000] {subprocess.py:93} INFO -   (use "git add <file>..." to include in what will be committed)
[2025-03-02T10:49:37.089+0000] {subprocess.py:93} INFO - 	customer_churn_stats/feature_repo/data/
[2025-03-02T10:49:37.090+0000] {subprocess.py:93} INFO - 
[2025-03-02T10:49:37.164+0000] {subprocess.py:93} INFO - [main 0646378] Updated stored data version
[2025-03-02T10:49:37.165+0000] {subprocess.py:93} INFO -  4 files changed, 62 insertions(+)
[2025-03-02T10:49:37.165+0000] {subprocess.py:93} INFO -  create mode 100644 logs/dag_id=customer_churn_ml_pipeline/run_id=manual__2025-03-02T10:47:57.778600+00:00/task_id=data_storage_task/attempt=1.log
[2025-03-02T10:49:42.964+0000] {subprocess.py:93} INFO - Everything is up to date.
[2025-03-02T10:49:44.842+0000] {subprocess.py:93} INFO - To https://github.com/anniemathew-trial/customer_churn_pipeline.git
[2025-03-02T10:49:44.842+0000] {subprocess.py:93} INFO -    fcbf72f..0646378  main -> main
[2025-03-02T10:49:44.849+0000] {subprocess.py:97} INFO - Command exited with return code 0
[2025-03-02T10:49:44.892+0000] {taskinstance.py:1400} INFO - Marking task as SUCCESS. dag_id=customer_churn_ml_pipeline, task_id=data_storage_task, execution_date=20250302T104757, start_date=20250302T104931, end_date=20250302T104944
[2025-03-02T10:49:44.915+0000] {local_task_job_runner.py:228} INFO - Task exited with return code 0
[2025-03-02T10:49:44.950+0000] {taskinstance.py:2778} INFO - 1 downstream tasks scheduled from follow-on schedule check
