[2025-03-01T10:11:48.196+0000] {taskinstance.py:1159} INFO - Dependencies all met for dep_context=non-requeueable deps ti=<TaskInstance: customer_churn_ml_pipeline.model_training_task manual__2025-03-01T10:08:22.088632+00:00 [queued]>
[2025-03-01T10:11:48.215+0000] {taskinstance.py:1159} INFO - Dependencies all met for dep_context=requeueable deps ti=<TaskInstance: customer_churn_ml_pipeline.model_training_task manual__2025-03-01T10:08:22.088632+00:00 [queued]>
[2025-03-01T10:11:48.216+0000] {taskinstance.py:1361} INFO - Starting attempt 1 of 1
[2025-03-01T10:11:48.242+0000] {taskinstance.py:1382} INFO - Executing <Task(BashOperator): model_training_task> on 2025-03-01 10:08:22.088632+00:00
[2025-03-01T10:11:48.250+0000] {standard_task_runner.py:57} INFO - Started process 9339 to run task
[2025-03-01T10:11:48.255+0000] {standard_task_runner.py:84} INFO - Running: ['***', 'tasks', 'run', 'customer_churn_ml_pipeline', 'model_training_task', 'manual__2025-03-01T10:08:22.088632+00:00', '--job-id', '71', '--raw', '--subdir', 'DAGS_FOLDER/customer_churn.py', '--cfg-path', '/tmp/tmpkp7qbly2']
[2025-03-01T10:11:48.259+0000] {standard_task_runner.py:85} INFO - Job 71: Subtask model_training_task
[2025-03-01T10:11:48.296+0000] {logging_mixin.py:154} WARNING - /home/***/.local/lib/python3.8/site-packages/***/settings.py:195 DeprecationWarning: The sql_alchemy_conn option in [core] has been moved to the sql_alchemy_conn option in [database] - the old setting has been used, but please update your config.
[2025-03-01T10:11:48.373+0000] {task_command.py:416} INFO - Running <TaskInstance: customer_churn_ml_pipeline.model_training_task manual__2025-03-01T10:08:22.088632+00:00 [running]> on host 7e994a0ed489
[2025-03-01T10:11:48.573+0000] {taskinstance.py:1662} INFO - Exporting env vars: AIRFLOW_CTX_DAG_OWNER='***' AIRFLOW_CTX_DAG_ID='customer_churn_ml_pipeline' AIRFLOW_CTX_TASK_ID='model_training_task' AIRFLOW_CTX_EXECUTION_DATE='2025-03-01T10:08:22.088632+00:00' AIRFLOW_CTX_TRY_NUMBER='1' AIRFLOW_CTX_DAG_RUN_ID='manual__2025-03-01T10:08:22.088632+00:00'
[2025-03-01T10:11:48.575+0000] {subprocess.py:63} INFO - Tmp dir root location: /tmp
[2025-03-01T10:11:48.576+0000] {subprocess.py:75} INFO - Running command: ['/bin/bash', '-c', '\n\t    \t\tcd /opt/***\n       \t\t\t    mlflow ui --host 0.0.0.0 --port 5000\n\t    \t\t    python /opt/***/executables/model_training.py &&                             git commit -m "Trained model version" -a && \\                            \n                        ']
[2025-03-01T10:11:48.590+0000] {subprocess.py:86} INFO - Output:
[2025-03-01T10:11:53.403+0000] {subprocess.py:93} INFO - [2025-03-01 10:11:53 +0000] [9361] [INFO] Starting gunicorn 21.2.0
[2025-03-01T10:11:53.404+0000] {subprocess.py:93} INFO - [2025-03-01 10:11:53 +0000] [9361] [INFO] Listening at: http://0.0.0.0:5000 (9361)
[2025-03-01T10:11:53.404+0000] {subprocess.py:93} INFO - [2025-03-01 10:11:53 +0000] [9361] [INFO] Using worker: sync
[2025-03-01T10:11:53.408+0000] {subprocess.py:93} INFO - [2025-03-01 10:11:53 +0000] [9363] [INFO] Booting worker with pid: 9363
[2025-03-01T10:11:53.481+0000] {subprocess.py:93} INFO - [2025-03-01 10:11:53 +0000] [9364] [INFO] Booting worker with pid: 9364
[2025-03-01T10:11:53.575+0000] {subprocess.py:93} INFO - [2025-03-01 10:11:53 +0000] [9365] [INFO] Booting worker with pid: 9365
[2025-03-01T10:11:53.633+0000] {subprocess.py:93} INFO - [2025-03-01 10:11:53 +0000] [9366] [INFO] Booting worker with pid: 9366
[2025-03-01T10:15:56.388+0000] {local_task_job_runner.py:294} WARNING - State of this instance has been externally set to success. Terminating instance.
[2025-03-01T10:15:56.391+0000] {process_utils.py:131} INFO - Sending 15 to group 9339. PIDs of all processes in the group: [9340, 9341, 9361, 9363, 9364, 9365, 9366, 9339]
[2025-03-01T10:15:56.391+0000] {process_utils.py:86} INFO - Sending the signal 15 to group 9339
[2025-03-01T10:15:56.391+0000] {taskinstance.py:1632} ERROR - Received SIGTERM. Terminating subprocesses.
[2025-03-01T10:15:56.392+0000] {subprocess.py:104} INFO - Sending SIGTERM signal to process group
[2025-03-01T10:15:56.752+0000] {process_utils.py:79} INFO - Process psutil.Process(pid=9364, status='terminated', started='10:11:52') (9364) terminated with exit code None
[2025-03-01T10:15:56.753+0000] {process_utils.py:79} INFO - Process psutil.Process(pid=9341, status='terminated', started='10:11:47') (9341) terminated with exit code None
[2025-03-01T10:15:56.848+0000] {process_utils.py:79} INFO - Process psutil.Process(pid=9361, status='terminated', started='10:11:51') (9361) terminated with exit code None
[2025-03-01T10:15:56.849+0000] {process_utils.py:79} INFO - Process psutil.Process(pid=9339, status='terminated', exitcode=0, started='10:11:47') (9339) terminated with exit code 0
[2025-03-01T10:15:56.849+0000] {process_utils.py:79} INFO - Process psutil.Process(pid=9340, status='terminated', started='10:11:47') (9340) terminated with exit code None
[2025-03-01T10:15:56.850+0000] {process_utils.py:79} INFO - Process psutil.Process(pid=9363, status='terminated', started='10:11:52') (9363) terminated with exit code None
[2025-03-01T10:15:56.851+0000] {process_utils.py:79} INFO - Process psutil.Process(pid=9365, status='terminated', started='10:11:52') (9365) terminated with exit code None
[2025-03-01T10:15:56.851+0000] {process_utils.py:79} INFO - Process psutil.Process(pid=9366, status='terminated', started='10:11:52') (9366) terminated with exit code None
