[2025-03-04T08:01:56.528+0000] {taskinstance.py:1159} INFO - Dependencies all met for dep_context=non-requeueable deps ti=<TaskInstance: customer_churn_ml_pipeline.feature_store_task scheduled__2025-03-03T08:00:00+00:00 [queued]>
[2025-03-04T08:01:56.539+0000] {taskinstance.py:1159} INFO - Dependencies all met for dep_context=requeueable deps ti=<TaskInstance: customer_churn_ml_pipeline.feature_store_task scheduled__2025-03-03T08:00:00+00:00 [queued]>
[2025-03-04T08:01:56.540+0000] {taskinstance.py:1361} INFO - Starting attempt 1 of 1
[2025-03-04T08:01:56.560+0000] {taskinstance.py:1382} INFO - Executing <Task(BashOperator): feature_store_task> on 2025-03-03 08:00:00+00:00
[2025-03-04T08:01:56.565+0000] {standard_task_runner.py:57} INFO - Started process 15076 to run task
[2025-03-04T08:01:56.568+0000] {standard_task_runner.py:84} INFO - Running: ['***', 'tasks', 'run', 'customer_churn_ml_pipeline', 'feature_store_task', 'scheduled__2025-03-03T08:00:00+00:00', '--job-id', '290', '--raw', '--subdir', 'DAGS_FOLDER/customer_churn.py', '--cfg-path', '/tmp/tmp3hihwi60']
[2025-03-04T08:01:56.571+0000] {standard_task_runner.py:85} INFO - Job 290: Subtask feature_store_task
[2025-03-04T08:01:56.593+0000] {logging_mixin.py:154} WARNING - /home/***/.local/lib/python3.8/site-packages/***/settings.py:195 DeprecationWarning: The sql_alchemy_conn option in [core] has been moved to the sql_alchemy_conn option in [database] - the old setting has been used, but please update your config.
[2025-03-04T08:01:56.641+0000] {task_command.py:416} INFO - Running <TaskInstance: customer_churn_ml_pipeline.feature_store_task scheduled__2025-03-03T08:00:00+00:00 [running]> on host 157237bff8f7
[2025-03-04T08:01:56.763+0000] {taskinstance.py:1662} INFO - Exporting env vars: AIRFLOW_CTX_DAG_OWNER='***' AIRFLOW_CTX_DAG_ID='customer_churn_ml_pipeline' AIRFLOW_CTX_TASK_ID='feature_store_task' AIRFLOW_CTX_EXECUTION_DATE='2025-03-03T08:00:00+00:00' AIRFLOW_CTX_TRY_NUMBER='1' AIRFLOW_CTX_DAG_RUN_ID='scheduled__2025-03-03T08:00:00+00:00'
[2025-03-04T08:01:56.764+0000] {subprocess.py:63} INFO - Tmp dir root location: /tmp
[2025-03-04T08:01:56.765+0000] {subprocess.py:75} INFO - Running command: ['/bin/bash', '-c', '\n\t\t\tcd /opt/***/customer_churn_stats/feature_repo &&                         feast apply &&                         feast materialize-incremental $(date -u +\'%Y-%m-%dT%H:%M:%S\') &&       \t\t\tgit add /opt/***/logs\n   \t\t\tgit status &&                         git commit -m "Updated feature store" -a &&                         git push\n                    ']
[2025-03-04T08:01:56.777+0000] {subprocess.py:86} INFO - Output:
[2025-03-04T08:02:02.260+0000] {subprocess.py:93} INFO - Traceback (most recent call last):
[2025-03-04T08:02:02.261+0000] {subprocess.py:93} INFO -   File "/home/***/.local/bin/feast", line 8, in <module>
[2025-03-04T08:02:02.261+0000] {subprocess.py:93} INFO -     sys.exit(cli())
[2025-03-04T08:02:02.261+0000] {subprocess.py:93} INFO -   File "/home/***/.local/lib/python3.8/site-packages/click/core.py", line 1157, in __call__
[2025-03-04T08:02:02.261+0000] {subprocess.py:93} INFO -     return self.main(*args, **kwargs)
[2025-03-04T08:02:02.261+0000] {subprocess.py:93} INFO -   File "/home/***/.local/lib/python3.8/site-packages/click/core.py", line 1078, in main
[2025-03-04T08:02:02.262+0000] {subprocess.py:93} INFO -     rv = self.invoke(ctx)
[2025-03-04T08:02:02.262+0000] {subprocess.py:93} INFO -   File "/home/***/.local/lib/python3.8/site-packages/click/core.py", line 1688, in invoke
[2025-03-04T08:02:02.262+0000] {subprocess.py:93} INFO -     return _process_result(sub_ctx.command.invoke(sub_ctx))
[2025-03-04T08:02:02.262+0000] {subprocess.py:93} INFO -   File "/home/***/.local/lib/python3.8/site-packages/click/core.py", line 1434, in invoke
[2025-03-04T08:02:02.262+0000] {subprocess.py:93} INFO -     return ctx.invoke(self.callback, **ctx.params)
[2025-03-04T08:02:02.262+0000] {subprocess.py:93} INFO -   File "/home/***/.local/lib/python3.8/site-packages/click/core.py", line 783, in invoke
[2025-03-04T08:02:02.263+0000] {subprocess.py:93} INFO -     return __callback(*args, **kwargs)
[2025-03-04T08:02:02.263+0000] {subprocess.py:93} INFO -   File "/home/***/.local/lib/python3.8/site-packages/click/decorators.py", line 33, in new_func
[2025-03-04T08:02:02.263+0000] {subprocess.py:93} INFO -     return f(get_current_context(), *args, **kwargs)
[2025-03-04T08:02:02.263+0000] {subprocess.py:93} INFO -   File "/home/***/.local/lib/python3.8/site-packages/feast/cli.py", line 491, in apply_total_command
[2025-03-04T08:02:02.263+0000] {subprocess.py:93} INFO -     apply_total(repo_config, repo, skip_source_validation)
[2025-03-04T08:02:02.263+0000] {subprocess.py:93} INFO -   File "/home/***/.local/lib/python3.8/site-packages/feast/usage.py", line 299, in wrapper
[2025-03-04T08:02:02.264+0000] {subprocess.py:93} INFO -     raise exc.with_traceback(traceback)
[2025-03-04T08:02:02.264+0000] {subprocess.py:93} INFO -   File "/home/***/.local/lib/python3.8/site-packages/feast/usage.py", line 288, in wrapper
[2025-03-04T08:02:02.264+0000] {subprocess.py:93} INFO -     return func(*args, **kwargs)
[2025-03-04T08:02:02.264+0000] {subprocess.py:93} INFO -   File "/home/***/.local/lib/python3.8/site-packages/feast/repo_operations.py", line 357, in apply_total
[2025-03-04T08:02:02.264+0000] {subprocess.py:93} INFO -     project, registry, repo, store = _prepare_registry_and_repo(repo_config, repo_path)
[2025-03-04T08:02:02.264+0000] {subprocess.py:93} INFO -   File "/home/***/.local/lib/python3.8/site-packages/feast/repo_operations.py", line 236, in _prepare_registry_and_repo
[2025-03-04T08:02:02.264+0000] {subprocess.py:93} INFO -     repo = parse_repo(repo_path)
[2025-03-04T08:02:02.265+0000] {subprocess.py:93} INFO -   File "/home/***/.local/lib/python3.8/site-packages/feast/repo_operations.py", line 122, in parse_repo
[2025-03-04T08:02:02.265+0000] {subprocess.py:93} INFO -     module = importlib.import_module(module_path)
[2025-03-04T08:02:02.265+0000] {subprocess.py:93} INFO -   File "/usr/local/lib/python3.8/importlib/__init__.py", line 127, in import_module
[2025-03-04T08:02:02.265+0000] {subprocess.py:93} INFO -     return _bootstrap._gcd_import(name[level:], package, level)
[2025-03-04T08:02:02.265+0000] {subprocess.py:93} INFO -   File "<frozen importlib._bootstrap>", line 1014, in _gcd_import
[2025-03-04T08:02:02.265+0000] {subprocess.py:93} INFO -   File "<frozen importlib._bootstrap>", line 991, in _find_and_load
[2025-03-04T08:02:02.266+0000] {subprocess.py:93} INFO -   File "<frozen importlib._bootstrap>", line 975, in _find_and_load_unlocked
[2025-03-04T08:02:02.266+0000] {subprocess.py:93} INFO -   File "<frozen importlib._bootstrap>", line 671, in _load_unlocked
[2025-03-04T08:02:02.266+0000] {subprocess.py:93} INFO -   File "<frozen importlib._bootstrap_external>", line 839, in exec_module
[2025-03-04T08:02:02.266+0000] {subprocess.py:93} INFO -   File "<frozen importlib._bootstrap_external>", line 976, in get_code
[2025-03-04T08:02:02.266+0000] {subprocess.py:93} INFO -   File "<frozen importlib._bootstrap_external>", line 906, in source_to_code
[2025-03-04T08:02:02.266+0000] {subprocess.py:93} INFO -   File "<frozen importlib._bootstrap>", line 219, in _call_with_frames_removed
[2025-03-04T08:02:02.266+0000] {subprocess.py:93} INFO -   File "/opt/***/customer_churn_stats/feature_repo/feature_store.py", line 79
[2025-03-04T08:02:02.267+0000] {subprocess.py:93} INFO -     Field(name="BalanceAgeRatio", dtype=Float64, , description="ratio of balance and age"),
[2025-03-04T08:02:02.267+0000] {subprocess.py:93} INFO -                                                  ^
[2025-03-04T08:02:02.267+0000] {subprocess.py:93} INFO - SyntaxError: invalid syntax
[2025-03-04T08:02:02.603+0000] {subprocess.py:93} INFO - On branch main
[2025-03-04T08:02:02.603+0000] {subprocess.py:93} INFO - Your branch is up to date with 'origin/main'.
[2025-03-04T08:02:02.604+0000] {subprocess.py:93} INFO - 
[2025-03-04T08:02:02.604+0000] {subprocess.py:93} INFO - Changes not staged for commit:
[2025-03-04T08:02:02.604+0000] {subprocess.py:93} INFO -   (use "git add <file>..." to update what will be committed)
[2025-03-04T08:02:02.604+0000] {subprocess.py:93} INFO -   (use "git restore <file>..." to discard changes in working directory)
[2025-03-04T08:02:02.604+0000] {subprocess.py:93} INFO - 	modified:   ../../logs/dag_id=customer_churn_ml_pipeline/run_id=scheduled__2025-03-03T08:00:00+00:00/task_id=data_storage_task/attempt=1.log
[2025-03-04T08:02:02.604+0000] {subprocess.py:93} INFO - 	modified:   ../../logs/dag_processor_manager/dag_processor_manager.log
[2025-03-04T08:02:02.605+0000] {subprocess.py:93} INFO - 	modified:   ../../logs/scheduler/2025-03-04/customer_churn.py.log
[2025-03-04T08:02:02.605+0000] {subprocess.py:93} INFO - 
[2025-03-04T08:02:02.605+0000] {subprocess.py:93} INFO - Untracked files:
[2025-03-04T08:02:02.605+0000] {subprocess.py:93} INFO -   (use "git add <file>..." to include in what will be committed)
[2025-03-04T08:02:02.605+0000] {subprocess.py:93} INFO - 	data/online_store.db
[2025-03-04T08:02:02.606+0000] {subprocess.py:93} INFO - 	data/registry.db
[2025-03-04T08:02:02.606+0000] {subprocess.py:93} INFO - 	../../logs/dag_id=customer_churn_ml_pipeline/run_id=scheduled__2025-03-03T08:00:00+00:00/task_id=feature_store_task/
[2025-03-04T08:02:02.606+0000] {subprocess.py:93} INFO - 	../../models/
[2025-03-04T08:02:02.606+0000] {subprocess.py:93} INFO - 	../../online.db
[2025-03-04T08:02:02.606+0000] {subprocess.py:93} INFO - 
[2025-03-04T08:02:02.606+0000] {subprocess.py:93} INFO - no changes added to commit (use "git add" and/or "git commit -a")
[2025-03-04T08:02:02.785+0000] {subprocess.py:93} INFO - [main 7cbd5ea] Updated feature store
[2025-03-04T08:02:02.785+0000] {subprocess.py:93} INFO -  3 files changed, 25 insertions(+)
[2025-03-04T08:02:04.824+0000] {subprocess.py:93} INFO - To https://github.com/anniemathew-trial/customer_churn_pipeline.git
[2025-03-04T08:02:04.825+0000] {subprocess.py:93} INFO -    7fa0223..7cbd5ea  main -> main
[2025-03-04T08:02:04.831+0000] {subprocess.py:97} INFO - Command exited with return code 0
[2025-03-04T08:02:04.880+0000] {taskinstance.py:1400} INFO - Marking task as SUCCESS. dag_id=customer_churn_ml_pipeline, task_id=feature_store_task, execution_date=20250303T080000, start_date=20250304T080156, end_date=20250304T080204
[2025-03-04T08:02:04.909+0000] {local_task_job_runner.py:228} INFO - Task exited with return code 0
[2025-03-04T08:02:04.943+0000] {taskinstance.py:2778} INFO - 1 downstream tasks scheduled from follow-on schedule check
