[2025-03-01T09:49:42.901+0000] {taskinstance.py:1159} INFO - Dependencies all met for dep_context=non-requeueable deps ti=<TaskInstance: customer_churn_ml_pipeline.feature_store_task manual__2025-03-01T09:48:01.569331+00:00 [queued]>
[2025-03-01T09:49:42.926+0000] {taskinstance.py:1159} INFO - Dependencies all met for dep_context=requeueable deps ti=<TaskInstance: customer_churn_ml_pipeline.feature_store_task manual__2025-03-01T09:48:01.569331+00:00 [queued]>
[2025-03-01T09:49:42.926+0000] {taskinstance.py:1361} INFO - Starting attempt 1 of 1
[2025-03-01T09:49:42.955+0000] {taskinstance.py:1382} INFO - Executing <Task(BashOperator): feature_store_task> on 2025-03-01 09:48:01.569331+00:00
[2025-03-01T09:49:42.962+0000] {standard_task_runner.py:57} INFO - Started process 6651 to run task
[2025-03-01T09:49:42.967+0000] {standard_task_runner.py:84} INFO - Running: ['***', 'tasks', 'run', 'customer_churn_ml_pipeline', 'feature_store_task', 'manual__2025-03-01T09:48:01.569331+00:00', '--job-id', '36', '--raw', '--subdir', 'DAGS_FOLDER/customer_churn.py', '--cfg-path', '/tmp/tmpmeo29wcs']
[2025-03-01T09:49:42.971+0000] {standard_task_runner.py:85} INFO - Job 36: Subtask feature_store_task
[2025-03-01T09:49:43.004+0000] {logging_mixin.py:154} WARNING - /home/***/.local/lib/python3.8/site-packages/***/settings.py:195 DeprecationWarning: The sql_alchemy_conn option in [core] has been moved to the sql_alchemy_conn option in [database] - the old setting has been used, but please update your config.
[2025-03-01T09:49:43.080+0000] {task_command.py:416} INFO - Running <TaskInstance: customer_churn_ml_pipeline.feature_store_task manual__2025-03-01T09:48:01.569331+00:00 [running]> on host 7e994a0ed489
[2025-03-01T09:49:43.241+0000] {taskinstance.py:1662} INFO - Exporting env vars: AIRFLOW_CTX_DAG_OWNER='***' AIRFLOW_CTX_DAG_ID='customer_churn_ml_pipeline' AIRFLOW_CTX_TASK_ID='feature_store_task' AIRFLOW_CTX_EXECUTION_DATE='2025-03-01T09:48:01.569331+00:00' AIRFLOW_CTX_TRY_NUMBER='1' AIRFLOW_CTX_DAG_RUN_ID='manual__2025-03-01T09:48:01.569331+00:00'
[2025-03-01T09:49:43.243+0000] {subprocess.py:63} INFO - Tmp dir root location: /tmp
[2025-03-01T09:49:43.244+0000] {subprocess.py:75} INFO - Running command: ['/bin/bash', '-c', '\n\t\t\tcd /opt/***/customer_churn_stats/feature_repo &&                         feast apply &&                         feast materialize-incremental $(date -u +\'%Y-%m-%dT%H:%M:%S\') &&                         git commit -m "Updated feature store" -a &&                         git push\n                    ']
[2025-03-01T09:49:43.260+0000] {subprocess.py:86} INFO - Output:
[2025-03-01T09:49:43.262+0000] {subprocess.py:93} INFO - /bin/bash: line 2: feast: command not found
[2025-03-01T09:49:43.263+0000] {subprocess.py:97} INFO - Command exited with return code 127
[2025-03-01T09:49:43.294+0000] {taskinstance.py:1937} ERROR - Task failed with exception
Traceback (most recent call last):
  File "/home/airflow/.local/lib/python3.8/site-packages/airflow/operators/bash.py", line 210, in execute
    raise AirflowException(
airflow.exceptions.AirflowException: Bash command failed. The command returned a non-zero exit code 127.
[2025-03-01T09:49:43.303+0000] {taskinstance.py:1400} INFO - Marking task as FAILED. dag_id=customer_churn_ml_pipeline, task_id=feature_store_task, execution_date=20250301T094801, start_date=20250301T094942, end_date=20250301T094943
[2025-03-01T09:49:43.330+0000] {standard_task_runner.py:104} ERROR - Failed to execute job 36 for task feature_store_task (Bash command failed. The command returned a non-zero exit code 127.; 6651)
[2025-03-01T09:49:43.343+0000] {local_task_job_runner.py:228} INFO - Task exited with return code 1
[2025-03-01T09:49:43.385+0000] {taskinstance.py:2778} INFO - 0 downstream tasks scheduled from follow-on schedule check
