[2025-03-02T06:09:55.246+0000] {taskinstance.py:1159} INFO - Dependencies all met for dep_context=non-requeueable deps ti=<TaskInstance: customer_churn_ml_pipeline.data_ingestion_task manual__2025-03-02T06:09:47.081120+00:00 [queued]>
[2025-03-02T06:09:55.262+0000] {taskinstance.py:1159} INFO - Dependencies all met for dep_context=requeueable deps ti=<TaskInstance: customer_churn_ml_pipeline.data_ingestion_task manual__2025-03-02T06:09:47.081120+00:00 [queued]>
[2025-03-02T06:09:55.263+0000] {taskinstance.py:1361} INFO - Starting attempt 1 of 1
[2025-03-02T06:09:55.288+0000] {taskinstance.py:1382} INFO - Executing <Task(BashOperator): data_ingestion_task> on 2025-03-02 06:09:47.081120+00:00
[2025-03-02T06:09:55.294+0000] {standard_task_runner.py:57} INFO - Started process 2821 to run task
[2025-03-02T06:09:55.300+0000] {standard_task_runner.py:84} INFO - Running: ['***', 'tasks', 'run', 'customer_churn_ml_pipeline', 'data_ingestion_task', 'manual__2025-03-02T06:09:47.081120+00:00', '--job-id', '221', '--raw', '--subdir', 'DAGS_FOLDER/customer_churn.py', '--cfg-path', '/tmp/tmpznh1sc2p']
[2025-03-02T06:09:55.303+0000] {standard_task_runner.py:85} INFO - Job 221: Subtask data_ingestion_task
[2025-03-02T06:09:55.336+0000] {logging_mixin.py:154} WARNING - /home/***/.local/lib/python3.8/site-packages/***/settings.py:195 DeprecationWarning: The sql_alchemy_conn option in [core] has been moved to the sql_alchemy_conn option in [database] - the old setting has been used, but please update your config.
[2025-03-02T06:09:55.405+0000] {task_command.py:416} INFO - Running <TaskInstance: customer_churn_ml_pipeline.data_ingestion_task manual__2025-03-02T06:09:47.081120+00:00 [running]> on host 7e994a0ed489
[2025-03-02T06:09:55.588+0000] {taskinstance.py:1662} INFO - Exporting env vars: AIRFLOW_CTX_DAG_OWNER='***' AIRFLOW_CTX_DAG_ID='customer_churn_ml_pipeline' AIRFLOW_CTX_TASK_ID='data_ingestion_task' AIRFLOW_CTX_EXECUTION_DATE='2025-03-02T06:09:47.081120+00:00' AIRFLOW_CTX_TRY_NUMBER='1' AIRFLOW_CTX_DAG_RUN_ID='manual__2025-03-02T06:09:47.081120+00:00'
[2025-03-02T06:09:55.589+0000] {subprocess.py:63} INFO - Tmp dir root location: /tmp
[2025-03-02T06:09:55.590+0000] {subprocess.py:75} INFO - Running command: ['/bin/bash', '-c', 'python /opt/***/executables/data_ingestion.py && \t\t\tNOW=$(date \'+%d-%m-%Y\') &&\t\t\tcd /opt/*** && \t\t\tgit add logs &&                        git commit -m "Updated data ingestion" -a &&                         git push\n                    ']
[2025-03-02T06:09:55.601+0000] {subprocess.py:86} INFO - Output:
[2025-03-02T06:09:55.780+0000] {subprocess.py:93} INFO -   File "/opt/***/executables/data_ingestion.py", line 11
[2025-03-02T06:09:55.780+0000] {subprocess.py:93} INFO -     ingestion_log_file = f"{settings["logging_base_path"]}/logs/data_ingestion.log"
[2025-03-02T06:09:55.780+0000] {subprocess.py:93} INFO -                                       ^
[2025-03-02T06:09:55.781+0000] {subprocess.py:93} INFO - SyntaxError: invalid syntax
[2025-03-02T06:09:55.784+0000] {subprocess.py:97} INFO - Command exited with return code 1
[2025-03-02T06:09:55.807+0000] {taskinstance.py:1937} ERROR - Task failed with exception
Traceback (most recent call last):
  File "/home/airflow/.local/lib/python3.8/site-packages/airflow/operators/bash.py", line 210, in execute
    raise AirflowException(
airflow.exceptions.AirflowException: Bash command failed. The command returned a non-zero exit code 1.
[2025-03-02T06:09:55.813+0000] {taskinstance.py:1400} INFO - Marking task as FAILED. dag_id=customer_churn_ml_pipeline, task_id=data_ingestion_task, execution_date=20250302T060947, start_date=20250302T060955, end_date=20250302T060955
[2025-03-02T06:09:55.833+0000] {standard_task_runner.py:104} ERROR - Failed to execute job 221 for task data_ingestion_task (Bash command failed. The command returned a non-zero exit code 1.; 2821)
[2025-03-02T06:09:55.874+0000] {local_task_job_runner.py:228} INFO - Task exited with return code 1
[2025-03-02T06:09:55.923+0000] {taskinstance.py:2778} INFO - 0 downstream tasks scheduled from follow-on schedule check
