[2025-03-09T18:04:33.573+0000] {taskinstance.py:1159} INFO - Dependencies all met for dep_context=non-requeueable deps ti=<TaskInstance: customer_churn_ml_pipeline.model_training_task manual__2025-03-09T18:01:35.810553+00:00 [queued]>
[2025-03-09T18:04:33.594+0000] {taskinstance.py:1159} INFO - Dependencies all met for dep_context=requeueable deps ti=<TaskInstance: customer_churn_ml_pipeline.model_training_task manual__2025-03-09T18:01:35.810553+00:00 [queued]>
[2025-03-09T18:04:33.595+0000] {taskinstance.py:1361} INFO - Starting attempt 1 of 1
[2025-03-09T18:04:33.628+0000] {taskinstance.py:1382} INFO - Executing <Task(BashOperator): model_training_task> on 2025-03-09 18:01:35.810553+00:00
[2025-03-09T18:04:33.635+0000] {standard_task_runner.py:57} INFO - Started process 15649 to run task
[2025-03-09T18:04:33.642+0000] {standard_task_runner.py:84} INFO - Running: ['***', 'tasks', 'run', 'customer_churn_ml_pipeline', 'model_training_task', 'manual__2025-03-09T18:01:35.810553+00:00', '--job-id', '447', '--raw', '--subdir', 'DAGS_FOLDER/customer_churn.py', '--cfg-path', '/tmp/tmph7vn7xei']
[2025-03-09T18:04:33.648+0000] {standard_task_runner.py:85} INFO - Job 447: Subtask model_training_task
[2025-03-09T18:04:33.690+0000] {logging_mixin.py:154} WARNING - /home/***/.local/lib/python3.8/site-packages/***/settings.py:195 DeprecationWarning: The sql_alchemy_conn option in [core] has been moved to the sql_alchemy_conn option in [database] - the old setting has been used, but please update your config.
[2025-03-09T18:04:33.798+0000] {task_command.py:416} INFO - Running <TaskInstance: customer_churn_ml_pipeline.model_training_task manual__2025-03-09T18:01:35.810553+00:00 [running]> on host 157237bff8f7
[2025-03-09T18:04:34.118+0000] {taskinstance.py:1662} INFO - Exporting env vars: AIRFLOW_CTX_DAG_OWNER='***' AIRFLOW_CTX_DAG_ID='customer_churn_ml_pipeline' AIRFLOW_CTX_TASK_ID='model_training_task' AIRFLOW_CTX_EXECUTION_DATE='2025-03-09T18:01:35.810553+00:00' AIRFLOW_CTX_TRY_NUMBER='1' AIRFLOW_CTX_DAG_RUN_ID='manual__2025-03-09T18:01:35.810553+00:00'
[2025-03-09T18:04:34.121+0000] {subprocess.py:63} INFO - Tmp dir root location: /tmp
[2025-03-09T18:04:34.123+0000] {subprocess.py:75} INFO - Running command: ['/bin/bash', '-c', '\n\t    \t\tcd /opt/***\n       \t\t\t    python /opt/***/executables/model_training.py && \t      \t\t    git add logs && \t      \t\t    git add mlruns && \t     \t\t    git add models\n\t        \t    git status &&                             git commit -m "Trained model version" -a && \\    \n\t\t\t    git push\n                        ']
[2025-03-09T18:04:34.156+0000] {subprocess.py:86} INFO - Output:
[2025-03-09T18:04:43.966+0000] {subprocess.py:93} INFO - /home/***/.local/lib/python3.8/site-packages/mlflow/gateway/config.py:64: PydanticDeprecatedSince20: Pydantic V1 style `@validator` validators are deprecated. You should migrate to Pydantic V2 style `@field_validator` validators, see the migration guide for more details. Deprecated in Pydantic V2.0 to be removed in V3.0. See Pydantic V2 Migration Guide at https://errors.pydantic.dev/2.4/migration/
[2025-03-09T18:04:43.967+0000] {subprocess.py:93} INFO -   @validator("togetherai_api_key", pre=True)
[2025-03-09T18:04:43.967+0000] {subprocess.py:93} INFO - /home/***/.local/lib/python3.8/site-packages/mlflow/gateway/config.py:372: PydanticDeprecatedSince20: Pydantic V1 style `@root_validator` validators are deprecated. You should migrate to Pydantic V2 style `@model_validator` validators, see the migration guide for more details. Deprecated in Pydantic V2.0 to be removed in V3.0. See Pydantic V2 Migration Guide at https://errors.pydantic.dev/2.4/migration/
[2025-03-09T18:04:43.967+0000] {subprocess.py:93} INFO -   @root_validator(skip_on_failure=True)
[2025-03-09T18:04:43.967+0000] {subprocess.py:93} INFO - /home/***/.local/lib/python3.8/site-packages/pydantic/_internal/_config.py:267: PydanticDeprecatedSince20: Support for class-based `config` is deprecated, use ConfigDict instead. Deprecated in Pydantic V2.0 to be removed in V3.0. See Pydantic V2 Migration Guide at https://errors.pydantic.dev/2.4/migration/
[2025-03-09T18:04:43.968+0000] {subprocess.py:93} INFO -   warnings.warn(DEPRECATION_MESSAGE, DeprecationWarning)
[2025-03-09T18:04:43.968+0000] {subprocess.py:93} INFO - 2025-03-09 18:04:43,966 : INFO : Starting model training
[2025-03-09T18:04:44.012+0000] {subprocess.py:93} INFO - 2025-03-09 18:04:44,011 : INFO : Registry cache expired, so refreshing
[2025-03-09T18:04:44.030+0000] {subprocess.py:93} INFO - 2025-03-09 18:04:44,030 : INFO : Getting data
[2025-03-09T18:04:44.031+0000] {subprocess.py:93} INFO - 2025-03-09 18:04:44,031 : INFO : Start and End Range: 1 to 1000
[2025-03-09T18:04:44.771+0000] {subprocess.py:93} INFO - 2025-03-09 18:04:44,770 : INFO : Data fetched: 999
[2025-03-09T18:04:44.772+0000] {subprocess.py:93} INFO - 2025-03-09 18:04:44,771 : INFO : New Start and End Range: 1001 to 2000
[2025-03-09T18:04:44.773+0000] {subprocess.py:93} INFO - 2025-03-09 18:04:44,772 : INFO : Start and End Range: 1001 to 2000
[2025-03-09T18:04:45.305+0000] {subprocess.py:93} INFO - 2025-03-09 18:04:45,305 : INFO : Data fetched: 999
[2025-03-09T18:04:45.305+0000] {subprocess.py:93} INFO - 2025-03-09 18:04:45,305 : INFO : New Start and End Range: 3001 to 4000
[2025-03-09T18:04:45.306+0000] {subprocess.py:93} INFO - 2025-03-09 18:04:45,305 : INFO : Start and End Range: 3001 to 4000
[2025-03-09T18:04:45.845+0000] {subprocess.py:93} INFO - 2025-03-09 18:04:45,844 : INFO : Data fetched: 999
[2025-03-09T18:04:45.845+0000] {subprocess.py:93} INFO - 2025-03-09 18:04:45,845 : INFO : New Start and End Range: 7001 to 8000
[2025-03-09T18:04:45.845+0000] {subprocess.py:93} INFO - 2025-03-09 18:04:45,845 : INFO : Start and End Range: 7001 to 8000
[2025-03-09T18:04:46.224+0000] {subprocess.py:93} INFO - 2025-03-09 18:04:46,224 : INFO : Data fetched: 999
[2025-03-09T18:04:46.224+0000] {subprocess.py:93} INFO - 2025-03-09 18:04:46,224 : INFO : New Start and End Range: 15001 to 16000
[2025-03-09T18:04:46.225+0000] {subprocess.py:93} INFO - 2025-03-09 18:04:46,224 : INFO : Start and End Range: 15001 to 16000
[2025-03-09T18:04:46.734+0000] {subprocess.py:93} INFO - 2025-03-09 18:04:46,734 : INFO : Data fetched: 999
[2025-03-09T18:04:46.735+0000] {subprocess.py:93} INFO - 2025-03-09 18:04:46,734 : INFO : New Start and End Range: 31001 to 32000
[2025-03-09T18:04:46.735+0000] {subprocess.py:93} INFO - 2025-03-09 18:04:46,735 : INFO : Start and End Range: 31001 to 32000
[2025-03-09T18:04:47.178+0000] {subprocess.py:93} INFO - 2025-03-09 18:04:47,178 : INFO : Data fetched: 999
[2025-03-09T18:04:47.179+0000] {subprocess.py:93} INFO - 2025-03-09 18:04:47,178 : INFO : New Start and End Range: 63001 to 64000
[2025-03-09T18:04:47.179+0000] {subprocess.py:93} INFO - 2025-03-09 18:04:47,179 : INFO : Start and End Range: 63001 to 64000
[2025-03-09T18:04:47.321+0000] {subprocess.py:93} INFO - 2025-03-09 18:04:47,321 : INFO : Reached End of Data
[2025-03-09T18:04:47.326+0000] {subprocess.py:93} INFO - 2025-03-09 18:04:47,325 : INFO : Stoping at Start and End Range: 63001 to 64000
[2025-03-09T18:04:47.326+0000] {subprocess.py:93} INFO - 2025-03-09 18:04:47,326 : INFO : Created feature data
[2025-03-09T18:04:47.327+0000] {subprocess.py:93} INFO - 2025-03-09 18:04:47,326 : INFO : Total Data fetched: 6
[2025-03-09T18:04:47.335+0000] {subprocess.py:93} INFO - 2025-03-09 18:04:47,334 : INFO : received feature data
[2025-03-09T18:04:47.343+0000] {subprocess.py:93} INFO - 2025-03-09 18:04:47,343 : INFO : Models defined
[2025-03-09T18:04:47.344+0000] {subprocess.py:93} INFO - 2025-03-09 18:04:47,343 : INFO : Training model RandomForest
[2025-03-09T18:04:49.665+0000] {subprocess.py:93} INFO - 2025-03-09 18:04:49,664 : INFO : Predicting model RandomForest
[2025-03-09T18:04:49.718+0000] {subprocess.py:93} INFO - 2025-03-09 18:04:49,717 : INFO : Calculating accuracy RandomForest
[2025-03-09T18:04:58.165+0000] {subprocess.py:93} INFO - 2025/03/09 18:04:58 WARNING mlflow.models.model: Model logged without a signature and input example. Please set `input_example` parameter when logging the model to auto infer the model signature.
[2025-03-09T18:04:58.335+0000] {subprocess.py:93} INFO - 2025-03-09 18:04:58,335 : INFO : Logged model RandomForest
[2025-03-09T18:04:58.375+0000] {subprocess.py:93} INFO - 2025/03/09 18:04:58 INFO mlflow.tracking._tracking_service.client: 🏃 View run RandomForest at: http://localhost:5000/#/experiments/0/runs/eb17f26c60734f74a1a615921a373bec.
[2025-03-09T18:04:58.375+0000] {subprocess.py:93} INFO - 2025/03/09 18:04:58 INFO mlflow.tracking._tracking_service.client: 🧪 View experiment at: http://localhost:5000/#/experiments/0.
[2025-03-09T18:04:58.385+0000] {subprocess.py:93} INFO - 2025-03-09 18:04:58,385 : INFO : Training model LogisticRegression
[2025-03-09T18:04:58.644+0000] {subprocess.py:93} INFO - /home/***/.local/lib/python3.8/site-packages/sklearn/linear_model/_logistic.py:460: ConvergenceWarning: lbfgs failed to converge (status=1):
[2025-03-09T18:04:58.645+0000] {subprocess.py:93} INFO - STOP: TOTAL NO. of ITERATIONS REACHED LIMIT.
[2025-03-09T18:04:58.645+0000] {subprocess.py:93} INFO - 
[2025-03-09T18:04:58.645+0000] {subprocess.py:93} INFO - Increase the number of iterations (max_iter) or scale the data as shown in:
[2025-03-09T18:04:58.646+0000] {subprocess.py:93} INFO -     https://scikit-learn.org/stable/modules/preprocessing.html
[2025-03-09T18:04:58.646+0000] {subprocess.py:93} INFO - Please also refer to the documentation for alternative solver options:
[2025-03-09T18:04:58.646+0000] {subprocess.py:93} INFO -     https://scikit-learn.org/stable/modules/linear_model.html#logistic-regression
[2025-03-09T18:04:58.647+0000] {subprocess.py:93} INFO -   n_iter_i = _check_optimize_result(
[2025-03-09T18:04:58.647+0000] {subprocess.py:93} INFO - 2025-03-09 18:04:58,644 : INFO : Predicting model LogisticRegression
[2025-03-09T18:04:58.654+0000] {subprocess.py:93} INFO - 2025-03-09 18:04:58,654 : INFO : Calculating accuracy LogisticRegression
[2025-03-09T18:05:05.379+0000] {subprocess.py:93} INFO - 2025/03/09 18:05:05 WARNING mlflow.models.model: Model logged without a signature and input example. Please set `input_example` parameter when logging the model to auto infer the model signature.
[2025-03-09T18:05:05.474+0000] {subprocess.py:93} INFO - 2025-03-09 18:05:05,474 : INFO : Logged model LogisticRegression
[2025-03-09T18:05:05.502+0000] {subprocess.py:93} INFO - 2025/03/09 18:05:05 INFO mlflow.tracking._tracking_service.client: 🏃 View run LogisticRegression at: http://localhost:5000/#/experiments/0/runs/2140ff6e082d43279bfff01b3a3ed77e.
[2025-03-09T18:05:05.503+0000] {subprocess.py:93} INFO - 2025/03/09 18:05:05 INFO mlflow.tracking._tracking_service.client: 🧪 View experiment at: http://localhost:5000/#/experiments/0.
[2025-03-09T18:05:05.522+0000] {subprocess.py:93} INFO - 2025-03-09 18:05:05,521 : INFO : Training model DecisionTree
[2025-03-09T18:05:05.568+0000] {subprocess.py:93} INFO - 2025-03-09 18:05:05,568 : INFO : Predicting model DecisionTree
[2025-03-09T18:05:05.574+0000] {subprocess.py:93} INFO - 2025-03-09 18:05:05,573 : INFO : Calculating accuracy DecisionTree
[2025-03-09T18:05:13.459+0000] {subprocess.py:93} INFO - 2025/03/09 18:05:13 WARNING mlflow.models.model: Model logged without a signature and input example. Please set `input_example` parameter when logging the model to auto infer the model signature.
[2025-03-09T18:05:13.532+0000] {subprocess.py:93} INFO - 2025-03-09 18:05:13,532 : INFO : Logged model DecisionTree
[2025-03-09T18:05:13.550+0000] {subprocess.py:93} INFO - 2025/03/09 18:05:13 INFO mlflow.tracking._tracking_service.client: 🏃 View run DecisionTree at: http://localhost:5000/#/experiments/0/runs/639b20b5535e48489802f0f0c160db4b.
[2025-03-09T18:05:13.551+0000] {subprocess.py:93} INFO - 2025/03/09 18:05:13 INFO mlflow.tracking._tracking_service.client: 🧪 View experiment at: http://localhost:5000/#/experiments/0.
[2025-03-09T18:05:13.563+0000] {subprocess.py:93} INFO - 2025-03-09 18:05:13,563 : INFO : Starting best model registration
[2025-03-09T18:05:13.564+0000] {subprocess.py:93} INFO - 2025-03-09 18:05:13,563 : INFO : Finding Best model
[2025-03-09T18:05:13.902+0000] {subprocess.py:93} INFO - 2025-03-09 18:05:13,902 : INFO : Selected best model : run_id                                            d372010ed55142098d35f880b4b7339f
[2025-03-09T18:05:13.903+0000] {subprocess.py:93} INFO - experiment_id                                                                    0
[2025-03-09T18:05:13.903+0000] {subprocess.py:93} INFO - status                                                                    FINISHED
[2025-03-09T18:05:13.904+0000] {subprocess.py:93} INFO - artifact_uri                     mlflow-artifacts:/0/d372010ed55142098d35f880b4...
[2025-03-09T18:05:13.904+0000] {subprocess.py:93} INFO - start_time                                        2025-03-09 11:35:45.395000+00:00
[2025-03-09T18:05:13.905+0000] {subprocess.py:93} INFO - end_time                                          2025-03-09 11:35:50.125000+00:00
[2025-03-09T18:05:13.905+0000] {subprocess.py:93} INFO - metrics.precision                                                         0.791908
[2025-03-09T18:05:13.905+0000] {subprocess.py:93} INFO - metrics.recall                                                            0.554656
[2025-03-09T18:05:13.906+0000] {subprocess.py:93} INFO - metrics.accuracy                                                          0.878232
[2025-03-09T18:05:13.906+0000] {subprocess.py:93} INFO - metrics.f1_score                                                          0.652381
[2025-03-09T18:05:13.906+0000] {subprocess.py:93} INFO - params.model_type                                                     RandomForest
[2025-03-09T18:05:13.907+0000] {subprocess.py:93} INFO - tags.mlflow.user                                                           ***
[2025-03-09T18:05:13.907+0000] {subprocess.py:93} INFO - tags.mlflow.source.name                              executables/model_training.py
[2025-03-09T18:05:13.908+0000] {subprocess.py:93} INFO - tags.mlflow.log-model.history    [{"run_id": "d372010ed55142098d35f880b4b7339f"...
[2025-03-09T18:05:13.908+0000] {subprocess.py:93} INFO - tags.mlflow.source.type                                                      LOCAL
[2025-03-09T18:05:13.909+0000] {subprocess.py:93} INFO - tags.mlflow.runName                                                   RandomForest
[2025-03-09T18:05:13.909+0000] {subprocess.py:93} INFO - tags.mlflow.source.git.commit             c7be44594672bffe451ff8b64c27676ce66f5d44
[2025-03-09T18:05:13.910+0000] {subprocess.py:93} INFO - Name: 44, dtype: object
[2025-03-09T18:05:13.910+0000] {subprocess.py:93} INFO - 2025-03-09 18:05:13,903 : INFO : Registering best model runs:/d372010ed55142098d35f880b4b7339f/RandomForest_model
[2025-03-09T18:05:14.141+0000] {subprocess.py:93} INFO - Registered model 'Best_ML_Model' already exists. Creating a new version of this model...
[2025-03-09T18:05:14.142+0000] {subprocess.py:93} INFO - 2025/03/09 18:05:14 INFO mlflow.store.model_registry.abstract_store: Waiting up to 300 seconds for model version to finish creation. Model name: Best_ML_Model, version 15
[2025-03-09T18:05:14.143+0000] {subprocess.py:93} INFO - Created version '15' of model 'Best_ML_Model'.
[2025-03-09T18:05:14.143+0000] {subprocess.py:93} INFO - 2025-03-09 18:05:14,141 : INFO : Completed model training & registration !!
[2025-03-09T18:05:15.841+0000] {subprocess.py:93} INFO - On branch main
[2025-03-09T18:05:15.842+0000] {subprocess.py:93} INFO - Your branch is up to date with 'origin/main'.
[2025-03-09T18:05:15.842+0000] {subprocess.py:93} INFO - 
[2025-03-09T18:05:15.842+0000] {subprocess.py:93} INFO - Changes to be committed:
[2025-03-09T18:05:15.842+0000] {subprocess.py:93} INFO -   (use "git restore --staged <file>..." to unstage)
[2025-03-09T18:05:15.843+0000] {subprocess.py:93} INFO - 	new file:   logs/dag_id=customer_churn_ml_pipeline/run_id=manual__2025-03-09T18:01:35.810553+00:00/task_id=feature_store_task/attempt=1.log
[2025-03-09T18:05:15.843+0000] {subprocess.py:93} INFO - 	new file:   logs/dag_id=customer_churn_ml_pipeline/run_id=manual__2025-03-09T18:01:35.810553+00:00/task_id=model_training_task/attempt=1.log
[2025-03-09T18:05:15.843+0000] {subprocess.py:93} INFO - 	modified:   logs/dag_processor_manager/dag_processor_manager.log
[2025-03-09T18:05:15.843+0000] {subprocess.py:93} INFO - 	modified:   logs/model_training.log
[2025-03-09T18:05:15.843+0000] {subprocess.py:93} INFO - 	modified:   logs/scheduler/2025-03-09/customer_churn.py.log
[2025-03-09T18:05:15.844+0000] {subprocess.py:93} INFO - 	new file:   mlruns/0/2140ff6e082d43279bfff01b3a3ed77e/meta.yaml
[2025-03-09T18:05:15.844+0000] {subprocess.py:93} INFO - 	new file:   mlruns/0/2140ff6e082d43279bfff01b3a3ed77e/metrics/accuracy
[2025-03-09T18:05:15.844+0000] {subprocess.py:93} INFO - 	new file:   mlruns/0/2140ff6e082d43279bfff01b3a3ed77e/metrics/f1_score
[2025-03-09T18:05:15.844+0000] {subprocess.py:93} INFO - 	new file:   mlruns/0/2140ff6e082d43279bfff01b3a3ed77e/metrics/precision
[2025-03-09T18:05:15.845+0000] {subprocess.py:93} INFO - 	new file:   mlruns/0/2140ff6e082d43279bfff01b3a3ed77e/metrics/recall
[2025-03-09T18:05:15.845+0000] {subprocess.py:93} INFO - 	new file:   mlruns/0/2140ff6e082d43279bfff01b3a3ed77e/params/model_type
[2025-03-09T18:05:15.845+0000] {subprocess.py:93} INFO - 	new file:   mlruns/0/2140ff6e082d43279bfff01b3a3ed77e/tags/mlflow.log-model.history
[2025-03-09T18:05:15.845+0000] {subprocess.py:93} INFO - 	new file:   mlruns/0/2140ff6e082d43279bfff01b3a3ed77e/tags/mlflow.runName
[2025-03-09T18:05:15.845+0000] {subprocess.py:93} INFO - 	new file:   mlruns/0/2140ff6e082d43279bfff01b3a3ed77e/tags/mlflow.source.git.commit
[2025-03-09T18:05:15.846+0000] {subprocess.py:93} INFO - 	new file:   mlruns/0/2140ff6e082d43279bfff01b3a3ed77e/tags/mlflow.source.name
[2025-03-09T18:05:15.846+0000] {subprocess.py:93} INFO - 	new file:   mlruns/0/2140ff6e082d43279bfff01b3a3ed77e/tags/mlflow.source.type
[2025-03-09T18:05:15.846+0000] {subprocess.py:93} INFO - 	new file:   mlruns/0/2140ff6e082d43279bfff01b3a3ed77e/tags/mlflow.user
[2025-03-09T18:05:15.846+0000] {subprocess.py:93} INFO - 	new file:   mlruns/0/639b20b5535e48489802f0f0c160db4b/meta.yaml
[2025-03-09T18:05:15.846+0000] {subprocess.py:93} INFO - 	new file:   mlruns/0/639b20b5535e48489802f0f0c160db4b/metrics/accuracy
[2025-03-09T18:05:15.847+0000] {subprocess.py:93} INFO - 	new file:   mlruns/0/639b20b5535e48489802f0f0c160db4b/metrics/f1_score
[2025-03-09T18:05:15.847+0000] {subprocess.py:93} INFO - 	new file:   mlruns/0/639b20b5535e48489802f0f0c160db4b/metrics/precision
[2025-03-09T18:05:15.847+0000] {subprocess.py:93} INFO - 	new file:   mlruns/0/639b20b5535e48489802f0f0c160db4b/metrics/recall
[2025-03-09T18:05:15.847+0000] {subprocess.py:93} INFO - 	new file:   mlruns/0/639b20b5535e48489802f0f0c160db4b/params/model_type
[2025-03-09T18:05:15.848+0000] {subprocess.py:93} INFO - 	new file:   mlruns/0/639b20b5535e48489802f0f0c160db4b/tags/mlflow.log-model.history
[2025-03-09T18:05:15.848+0000] {subprocess.py:93} INFO - 	new file:   mlruns/0/639b20b5535e48489802f0f0c160db4b/tags/mlflow.runName
[2025-03-09T18:05:15.848+0000] {subprocess.py:93} INFO - 	new file:   mlruns/0/639b20b5535e48489802f0f0c160db4b/tags/mlflow.source.git.commit
[2025-03-09T18:05:15.848+0000] {subprocess.py:93} INFO - 	new file:   mlruns/0/639b20b5535e48489802f0f0c160db4b/tags/mlflow.source.name
[2025-03-09T18:05:15.849+0000] {subprocess.py:93} INFO - 	new file:   mlruns/0/639b20b5535e48489802f0f0c160db4b/tags/mlflow.source.type
[2025-03-09T18:05:15.849+0000] {subprocess.py:93} INFO - 	new file:   mlruns/0/639b20b5535e48489802f0f0c160db4b/tags/mlflow.user
[2025-03-09T18:05:15.849+0000] {subprocess.py:93} INFO - 	new file:   mlruns/0/eb17f26c60734f74a1a615921a373bec/meta.yaml
[2025-03-09T18:05:15.849+0000] {subprocess.py:93} INFO - 	new file:   mlruns/0/eb17f26c60734f74a1a615921a373bec/metrics/accuracy
[2025-03-09T18:05:15.850+0000] {subprocess.py:93} INFO - 	new file:   mlruns/0/eb17f26c60734f74a1a615921a373bec/metrics/f1_score
[2025-03-09T18:05:15.850+0000] {subprocess.py:93} INFO - 	new file:   mlruns/0/eb17f26c60734f74a1a615921a373bec/metrics/precision
[2025-03-09T18:05:15.850+0000] {subprocess.py:93} INFO - 	new file:   mlruns/0/eb17f26c60734f74a1a615921a373bec/metrics/recall
[2025-03-09T18:05:15.850+0000] {subprocess.py:93} INFO - 	new file:   mlruns/0/eb17f26c60734f74a1a615921a373bec/params/model_type
[2025-03-09T18:05:15.851+0000] {subprocess.py:93} INFO - 	new file:   mlruns/0/eb17f26c60734f74a1a615921a373bec/tags/mlflow.log-model.history
[2025-03-09T18:05:15.851+0000] {subprocess.py:93} INFO - 	new file:   mlruns/0/eb17f26c60734f74a1a615921a373bec/tags/mlflow.runName
[2025-03-09T18:05:15.851+0000] {subprocess.py:93} INFO - 	new file:   mlruns/0/eb17f26c60734f74a1a615921a373bec/tags/mlflow.source.git.commit
