[2025-03-02T10:28:03.596+0000] {taskinstance.py:1159} INFO - Dependencies all met for dep_context=non-requeueable deps ti=<TaskInstance: customer_churn_ml_pipeline.data_transformation_task manual__2025-03-02T10:27:04.760543+00:00 [queued]>
[2025-03-02T10:28:03.624+0000] {taskinstance.py:1159} INFO - Dependencies all met for dep_context=requeueable deps ti=<TaskInstance: customer_churn_ml_pipeline.data_transformation_task manual__2025-03-02T10:27:04.760543+00:00 [queued]>
[2025-03-02T10:28:03.625+0000] {taskinstance.py:1361} INFO - Starting attempt 1 of 1
[2025-03-02T10:28:03.656+0000] {taskinstance.py:1382} INFO - Executing <Task(BashOperator): data_transformation_task> on 2025-03-02 10:27:04.760543+00:00
[2025-03-02T10:28:03.663+0000] {standard_task_runner.py:57} INFO - Started process 11454 to run task
[2025-03-02T10:28:03.671+0000] {standard_task_runner.py:84} INFO - Running: ['***', 'tasks', 'run', 'customer_churn_ml_pipeline', 'data_transformation_task', 'manual__2025-03-02T10:27:04.760543+00:00', '--job-id', '160', '--raw', '--subdir', 'DAGS_FOLDER/customer_churn.py', '--cfg-path', '/tmp/tmp6a3gak5o']
[2025-03-02T10:28:03.677+0000] {standard_task_runner.py:85} INFO - Job 160: Subtask data_transformation_task
[2025-03-02T10:28:03.716+0000] {logging_mixin.py:154} WARNING - /home/***/.local/lib/python3.8/site-packages/***/settings.py:195 DeprecationWarning: The sql_alchemy_conn option in [core] has been moved to the sql_alchemy_conn option in [database] - the old setting has been used, but please update your config.
[2025-03-02T10:28:03.797+0000] {task_command.py:416} INFO - Running <TaskInstance: customer_churn_ml_pipeline.data_transformation_task manual__2025-03-02T10:27:04.760543+00:00 [running]> on host 9113a5746a05
[2025-03-02T10:28:03.973+0000] {taskinstance.py:1662} INFO - Exporting env vars: AIRFLOW_CTX_DAG_OWNER='***' AIRFLOW_CTX_DAG_ID='customer_churn_ml_pipeline' AIRFLOW_CTX_TASK_ID='data_transformation_task' AIRFLOW_CTX_EXECUTION_DATE='2025-03-02T10:27:04.760543+00:00' AIRFLOW_CTX_TRY_NUMBER='1' AIRFLOW_CTX_DAG_RUN_ID='manual__2025-03-02T10:27:04.760543+00:00'
[2025-03-02T10:28:03.974+0000] {subprocess.py:63} INFO - Tmp dir root location: /tmp
[2025-03-02T10:28:03.975+0000] {subprocess.py:75} INFO - Running command: ['/bin/bash', '-c', '\n\t\t\tcd /opt/*** &&                        dvc pull /opt/***/data/cleaned\n                        python /opt/***/executables/data_transformation.py &&                         dvc add /opt/***/data/transformed &&                         git add /opt/***/data/transformed.dvc && \t\t\tgit add logs &&    \t\t\tgit status &&                         git commit -m "Updated transformed data version" -a &&                         dvc push && git push\n                    ']
[2025-03-02T10:28:03.988+0000] {subprocess.py:86} INFO - Output:
[2025-03-02T10:28:09.041+0000] {subprocess.py:93} INFO - Everything is up to date.
[2025-03-02T10:28:11.842+0000] {subprocess.py:93} INFO - 2025-03-02 10:28:11,842 : INFO : Starting data transformation for csv.
[2025-03-02T10:28:11.883+0000] {subprocess.py:93} INFO - 2025-03-02 10:28:11,882 : INFO : Scaling 'Tenure', 'Balance', 'EstimatedSalary'.
[2025-03-02T10:28:11.894+0000] {subprocess.py:93} INFO - 2025-03-02 10:28:11,894 : INFO : Saving data to S3.
[2025-03-02T10:28:11.895+0000] {subprocess.py:93} INFO - 2025-03-02 10:28:11,894 : ERROR : Failed data transformation: name 'cleaned_file_path' is not defined
[2025-03-02T10:28:14.187+0000] {subprocess.py:93} INFO - 
[2025-03-02T10:28:14.187+0000] {subprocess.py:93} INFO - To track the changes with git, run:
[2025-03-02T10:28:14.188+0000] {subprocess.py:93} INFO - 
[2025-03-02T10:28:14.188+0000] {subprocess.py:93} INFO - 	git add data/transformed.dvc
[2025-03-02T10:28:14.188+0000] {subprocess.py:93} INFO - 
[2025-03-02T10:28:14.189+0000] {subprocess.py:93} INFO - To enable auto staging, run:
[2025-03-02T10:28:14.190+0000] {subprocess.py:93} INFO - 
[2025-03-02T10:28:14.190+0000] {subprocess.py:93} INFO - 	dvc config core.autostage true
[2025-03-02T10:28:14.508+0000] {subprocess.py:93} INFO - On branch main
[2025-03-02T10:28:14.508+0000] {subprocess.py:93} INFO - Your branch is up to date with 'origin/main'.
[2025-03-02T10:28:14.508+0000] {subprocess.py:93} INFO - 
[2025-03-02T10:28:14.509+0000] {subprocess.py:93} INFO - Changes to be committed:
[2025-03-02T10:28:14.509+0000] {subprocess.py:93} INFO -   (use "git restore --staged <file>..." to unstage)
[2025-03-02T10:28:14.509+0000] {subprocess.py:93} INFO - 	new file:   logs/dag_id=customer_churn_ml_pipeline/run_id=manual__2025-03-02T10:27:04.760543+00:00/task_id=data_preparation_task/attempt=1.log
[2025-03-02T10:28:14.510+0000] {subprocess.py:93} INFO - 	new file:   logs/dag_id=customer_churn_ml_pipeline/run_id=manual__2025-03-02T10:27:04.760543+00:00/task_id=data_transformation_task/attempt=1.log
[2025-03-02T10:28:14.510+0000] {subprocess.py:93} INFO - 	new file:   logs/dag_id=customer_churn_ml_pipeline/run_id=manual__2025-03-02T10:27:04.760543+00:00/task_id=data_validation_task/attempt=1.log
[2025-03-02T10:28:14.510+0000] {subprocess.py:93} INFO - 	modified:   logs/data_transformation.log
[2025-03-02T10:28:14.511+0000] {subprocess.py:93} INFO - 	modified:   logs/scheduler/2025-03-02/customer_churn.py.log
[2025-03-02T10:28:14.511+0000] {subprocess.py:93} INFO - 
[2025-03-02T10:28:14.511+0000] {subprocess.py:93} INFO - Untracked files:
[2025-03-02T10:28:14.511+0000] {subprocess.py:93} INFO -   (use "git add <file>..." to include in what will be committed)
[2025-03-02T10:28:14.512+0000] {subprocess.py:93} INFO - 	customer_churn_stats/feature_repo/data/
[2025-03-02T10:28:14.512+0000] {subprocess.py:93} INFO - 
[2025-03-02T10:28:14.537+0000] {subprocess.py:93} INFO - [main e429426] Updated transformed data version
[2025-03-02T10:28:14.538+0000] {subprocess.py:93} INFO -  5 files changed, 135 insertions(+)
[2025-03-02T10:28:14.538+0000] {subprocess.py:93} INFO -  create mode 100644 logs/dag_id=customer_churn_ml_pipeline/run_id=manual__2025-03-02T10:27:04.760543+00:00/task_id=data_preparation_task/attempt=1.log
[2025-03-02T10:28:14.538+0000] {subprocess.py:93} INFO -  create mode 100644 logs/dag_id=customer_churn_ml_pipeline/run_id=manual__2025-03-02T10:27:04.760543+00:00/task_id=data_transformation_task/attempt=1.log
[2025-03-02T10:28:14.539+0000] {subprocess.py:93} INFO -  create mode 100644 logs/dag_id=customer_churn_ml_pipeline/run_id=manual__2025-03-02T10:27:04.760543+00:00/task_id=data_validation_task/attempt=1.log
[2025-03-02T10:28:20.616+0000] {subprocess.py:93} INFO - Everything is up to date.
[2025-03-02T10:28:22.775+0000] {subprocess.py:93} INFO - To https://github.com/anniemathew-trial/customer_churn_pipeline.git
[2025-03-02T10:28:22.776+0000] {subprocess.py:93} INFO -    d3f8dcf..e429426  main -> main
[2025-03-02T10:28:22.784+0000] {subprocess.py:97} INFO - Command exited with return code 0
[2025-03-02T10:28:22.835+0000] {taskinstance.py:1400} INFO - Marking task as SUCCESS. dag_id=customer_churn_ml_pipeline, task_id=data_transformation_task, execution_date=20250302T102704, start_date=20250302T102803, end_date=20250302T102822
[2025-03-02T10:28:22.876+0000] {local_task_job_runner.py:228} INFO - Task exited with return code 0
[2025-03-02T10:28:22.923+0000] {taskinstance.py:2778} INFO - 1 downstream tasks scheduled from follow-on schedule check
