[2025-03-02T08:00:47.963+0000] {taskinstance.py:1159} INFO - Dependencies all met for dep_context=non-requeueable deps ti=<TaskInstance: customer_churn_ml_pipeline.pull_latest_codes scheduled__2025-03-01T08:00:00+00:00 [queued]>
[2025-03-02T08:00:48.137+0000] {taskinstance.py:1159} INFO - Dependencies all met for dep_context=requeueable deps ti=<TaskInstance: customer_churn_ml_pipeline.pull_latest_codes scheduled__2025-03-01T08:00:00+00:00 [queued]>
[2025-03-02T08:00:48.139+0000] {taskinstance.py:1361} INFO - Starting attempt 1 of 1
[2025-03-02T08:00:48.477+0000] {taskinstance.py:1382} INFO - Executing <Task(BashOperator): pull_latest_codes> on 2025-03-01 08:00:00+00:00
[2025-03-02T08:00:48.504+0000] {standard_task_runner.py:57} INFO - Started process 7828 to run task
[2025-03-02T08:00:48.608+0000] {standard_task_runner.py:84} INFO - Running: ['***', 'tasks', 'run', 'customer_churn_ml_pipeline', 'pull_latest_codes', 'scheduled__2025-03-01T08:00:00+00:00', '--job-id', '296', '--raw', '--subdir', 'DAGS_FOLDER/customer_churn.py', '--cfg-path', '/tmp/tmp8a935vwr']
[2025-03-02T08:00:48.669+0000] {standard_task_runner.py:85} INFO - Job 296: Subtask pull_latest_codes
[2025-03-02T08:00:48.881+0000] {logging_mixin.py:154} WARNING - /home/***/.local/lib/python3.8/site-packages/***/settings.py:195 DeprecationWarning: The sql_alchemy_conn option in [core] has been moved to the sql_alchemy_conn option in [database] - the old setting has been used, but please update your config.
[2025-03-02T08:00:49.221+0000] {task_command.py:416} INFO - Running <TaskInstance: customer_churn_ml_pipeline.pull_latest_codes scheduled__2025-03-01T08:00:00+00:00 [running]> on host 7e994a0ed489
[2025-03-02T08:00:50.023+0000] {taskinstance.py:1662} INFO - Exporting env vars: AIRFLOW_CTX_DAG_OWNER='***' AIRFLOW_CTX_DAG_ID='customer_churn_ml_pipeline' AIRFLOW_CTX_TASK_ID='pull_latest_codes' AIRFLOW_CTX_EXECUTION_DATE='2025-03-01T08:00:00+00:00' AIRFLOW_CTX_TRY_NUMBER='1' AIRFLOW_CTX_DAG_RUN_ID='scheduled__2025-03-01T08:00:00+00:00'
[2025-03-02T08:00:50.027+0000] {subprocess.py:63} INFO - Tmp dir root location: /tmp
[2025-03-02T08:00:50.042+0000] {subprocess.py:75} INFO - Running command: ['/bin/bash', '-c', 'cd /opt/*** && dvc pull && git pull']
[2025-03-02T08:00:50.141+0000] {subprocess.py:86} INFO - Output:
[2025-03-02T08:00:58.505+0000] {subprocess.py:93} INFO - ERROR: failed to pull data from the cloud - Unable to acquire lock. Most likely another DVC process is running or was terminated abruptly. Check the page <https://dvc.org/doc/user-guide/troubleshooting#lock-issue> for other possible reasons and to learn how to resolve this.
[2025-03-02T08:00:59.116+0000] {subprocess.py:97} INFO - Command exited with return code 1
[2025-03-02T08:00:59.259+0000] {taskinstance.py:1937} ERROR - Task failed with exception
Traceback (most recent call last):
  File "/home/airflow/.local/lib/python3.8/site-packages/airflow/operators/bash.py", line 210, in execute
    raise AirflowException(
airflow.exceptions.AirflowException: Bash command failed. The command returned a non-zero exit code 1.
[2025-03-02T08:00:59.296+0000] {taskinstance.py:1400} INFO - Marking task as FAILED. dag_id=customer_churn_ml_pipeline, task_id=pull_latest_codes, execution_date=20250301T080000, start_date=20250302T080047, end_date=20250302T080059
[2025-03-02T08:00:59.444+0000] {standard_task_runner.py:104} ERROR - Failed to execute job 296 for task pull_latest_codes (Bash command failed. The command returned a non-zero exit code 1.; 7828)
[2025-03-02T08:00:59.548+0000] {local_task_job_runner.py:228} INFO - Task exited with return code 1
[2025-03-02T08:00:59.898+0000] {taskinstance.py:2778} INFO - 0 downstream tasks scheduled from follow-on schedule check
[2025-03-02T08:36:32.360+0000] {taskinstance.py:1159} INFO - Dependencies all met for dep_context=non-requeueable deps ti=<TaskInstance: customer_churn_ml_pipeline.pull_latest_codes scheduled__2025-03-01T08:00:00+00:00 [queued]>
[2025-03-02T08:36:32.375+0000] {taskinstance.py:1159} INFO - Dependencies all met for dep_context=requeueable deps ti=<TaskInstance: customer_churn_ml_pipeline.pull_latest_codes scheduled__2025-03-01T08:00:00+00:00 [queued]>
[2025-03-02T08:36:32.376+0000] {taskinstance.py:1361} INFO - Starting attempt 1 of 1
[2025-03-02T08:36:32.400+0000] {taskinstance.py:1382} INFO - Executing <Task(BashOperator): pull_latest_codes> on 2025-03-01 08:00:00+00:00
[2025-03-02T08:36:32.406+0000] {standard_task_runner.py:57} INFO - Started process 3596 to run task
[2025-03-02T08:36:32.412+0000] {standard_task_runner.py:84} INFO - Running: ['***', 'tasks', 'run', 'customer_churn_ml_pipeline', 'pull_latest_codes', 'scheduled__2025-03-01T08:00:00+00:00', '--job-id', '5', '--raw', '--subdir', 'DAGS_FOLDER/customer_churn.py', '--cfg-path', '/tmp/tmp01sr4576']
[2025-03-02T08:36:32.417+0000] {standard_task_runner.py:85} INFO - Job 5: Subtask pull_latest_codes
[2025-03-02T08:36:32.453+0000] {logging_mixin.py:154} WARNING - /home/***/.local/lib/python3.8/site-packages/***/settings.py:195 DeprecationWarning: The sql_alchemy_conn option in [core] has been moved to the sql_alchemy_conn option in [database] - the old setting has been used, but please update your config.
[2025-03-02T08:36:32.526+0000] {task_command.py:416} INFO - Running <TaskInstance: customer_churn_ml_pipeline.pull_latest_codes scheduled__2025-03-01T08:00:00+00:00 [running]> on host 9113a5746a05
[2025-03-02T08:36:32.693+0000] {taskinstance.py:1662} INFO - Exporting env vars: AIRFLOW_CTX_DAG_OWNER='***' AIRFLOW_CTX_DAG_ID='customer_churn_ml_pipeline' AIRFLOW_CTX_TASK_ID='pull_latest_codes' AIRFLOW_CTX_EXECUTION_DATE='2025-03-01T08:00:00+00:00' AIRFLOW_CTX_TRY_NUMBER='1' AIRFLOW_CTX_DAG_RUN_ID='scheduled__2025-03-01T08:00:00+00:00'
[2025-03-02T08:36:32.695+0000] {subprocess.py:63} INFO - Tmp dir root location: /tmp
[2025-03-02T08:36:32.696+0000] {subprocess.py:75} INFO - Running command: ['/bin/bash', '-c', 'cd /opt/*** && dvc pull && git pull']
[2025-03-02T08:36:32.709+0000] {subprocess.py:86} INFO - Output:
[2025-03-02T08:36:36.544+0000] {subprocess.py:93} INFO - ERROR: failed to pull data from the cloud - Unable to acquire lock. Most likely another DVC process is running or was terminated abruptly. Check the page <https://dvc.org/doc/user-guide/troubleshooting#lock-issue> for other possible reasons and to learn how to resolve this.
[2025-03-02T08:36:36.792+0000] {subprocess.py:97} INFO - Command exited with return code 1
[2025-03-02T08:36:36.820+0000] {taskinstance.py:1937} ERROR - Task failed with exception
Traceback (most recent call last):
  File "/home/airflow/.local/lib/python3.8/site-packages/airflow/operators/bash.py", line 210, in execute
    raise AirflowException(
airflow.exceptions.AirflowException: Bash command failed. The command returned a non-zero exit code 1.
[2025-03-02T08:36:36.826+0000] {taskinstance.py:1400} INFO - Marking task as FAILED. dag_id=customer_churn_ml_pipeline, task_id=pull_latest_codes, execution_date=20250301T080000, start_date=20250302T083632, end_date=20250302T083636
[2025-03-02T08:36:36.853+0000] {standard_task_runner.py:104} ERROR - Failed to execute job 5 for task pull_latest_codes (Bash command failed. The command returned a non-zero exit code 1.; 3596)
[2025-03-02T08:36:36.896+0000] {local_task_job_runner.py:228} INFO - Task exited with return code 1
[2025-03-02T08:36:36.944+0000] {taskinstance.py:2778} INFO - 0 downstream tasks scheduled from follow-on schedule check
[2025-03-02T14:07:45.352+0000] {taskinstance.py:1159} INFO - Dependencies all met for dep_context=non-requeueable deps ti=<TaskInstance: customer_churn_ml_pipeline.pull_latest_codes scheduled__2025-03-01T08:00:00+00:00 [queued]>
[2025-03-02T14:07:45.363+0000] {taskinstance.py:1159} INFO - Dependencies all met for dep_context=requeueable deps ti=<TaskInstance: customer_churn_ml_pipeline.pull_latest_codes scheduled__2025-03-01T08:00:00+00:00 [queued]>
[2025-03-02T14:07:45.363+0000] {taskinstance.py:1361} INFO - Starting attempt 1 of 1
[2025-03-02T14:07:45.378+0000] {taskinstance.py:1382} INFO - Executing <Task(BashOperator): pull_latest_codes> on 2025-03-01 08:00:00+00:00
[2025-03-02T14:07:45.382+0000] {standard_task_runner.py:57} INFO - Started process 4277 to run task
[2025-03-02T14:07:45.385+0000] {standard_task_runner.py:84} INFO - Running: ['***', 'tasks', 'run', 'customer_churn_ml_pipeline', 'pull_latest_codes', 'scheduled__2025-03-01T08:00:00+00:00', '--job-id', '5', '--raw', '--subdir', 'DAGS_FOLDER/customer_churn.py', '--cfg-path', '/tmp/tmpqf3nn21z']
[2025-03-02T14:07:45.387+0000] {standard_task_runner.py:85} INFO - Job 5: Subtask pull_latest_codes
[2025-03-02T14:07:45.407+0000] {logging_mixin.py:154} WARNING - /home/***/.local/lib/python3.8/site-packages/***/settings.py:195 DeprecationWarning: The sql_alchemy_conn option in [core] has been moved to the sql_alchemy_conn option in [database] - the old setting has been used, but please update your config.
[2025-03-02T14:07:45.447+0000] {task_command.py:416} INFO - Running <TaskInstance: customer_churn_ml_pipeline.pull_latest_codes scheduled__2025-03-01T08:00:00+00:00 [running]> on host 157237bff8f7
[2025-03-02T14:07:45.544+0000] {taskinstance.py:1662} INFO - Exporting env vars: AIRFLOW_CTX_DAG_OWNER='***' AIRFLOW_CTX_DAG_ID='customer_churn_ml_pipeline' AIRFLOW_CTX_TASK_ID='pull_latest_codes' AIRFLOW_CTX_EXECUTION_DATE='2025-03-01T08:00:00+00:00' AIRFLOW_CTX_TRY_NUMBER='1' AIRFLOW_CTX_DAG_RUN_ID='scheduled__2025-03-01T08:00:00+00:00'
[2025-03-02T14:07:45.545+0000] {subprocess.py:63} INFO - Tmp dir root location: /tmp
[2025-03-02T14:07:45.546+0000] {subprocess.py:75} INFO - Running command: ['/bin/bash', '-c', 'cd /opt/*** && dvc pull && git pull']
[2025-03-02T14:07:45.553+0000] {subprocess.py:86} INFO - Output:
[2025-03-02T14:07:49.153+0000] {subprocess.py:93} INFO - ERROR: failed to pull data from the cloud - Unable to acquire lock. Most likely another DVC process is running or was terminated abruptly. Check the page <https://dvc.org/doc/user-guide/troubleshooting#lock-issue> for other possible reasons and to learn how to resolve this.
[2025-03-02T14:07:49.297+0000] {subprocess.py:97} INFO - Command exited with return code 1
[2025-03-02T14:07:49.315+0000] {taskinstance.py:1937} ERROR - Task failed with exception
Traceback (most recent call last):
  File "/home/airflow/.local/lib/python3.8/site-packages/airflow/operators/bash.py", line 210, in execute
    raise AirflowException(
airflow.exceptions.AirflowException: Bash command failed. The command returned a non-zero exit code 1.
[2025-03-02T14:07:49.319+0000] {taskinstance.py:1400} INFO - Marking task as FAILED. dag_id=customer_churn_ml_pipeline, task_id=pull_latest_codes, execution_date=20250301T080000, start_date=20250302T140745, end_date=20250302T140749
[2025-03-02T14:07:49.338+0000] {standard_task_runner.py:104} ERROR - Failed to execute job 5 for task pull_latest_codes (Bash command failed. The command returned a non-zero exit code 1.; 4277)
[2025-03-02T14:07:49.377+0000] {local_task_job_runner.py:228} INFO - Task exited with return code 1
[2025-03-02T14:07:49.416+0000] {taskinstance.py:2778} INFO - 0 downstream tasks scheduled from follow-on schedule check
