[2025-02-28T04:49:46.056+0000] {taskinstance.py:1159} INFO - Dependencies all met for dep_context=non-requeueable deps ti=<TaskInstance: customer_churn_ml_pipeline.data_ingestion_task manual__2025-02-28T04:49:39.209814+00:00 [queued]>
[2025-02-28T04:49:46.120+0000] {taskinstance.py:1159} INFO - Dependencies all met for dep_context=requeueable deps ti=<TaskInstance: customer_churn_ml_pipeline.data_ingestion_task manual__2025-02-28T04:49:39.209814+00:00 [queued]>
[2025-02-28T04:49:46.121+0000] {taskinstance.py:1361} INFO - Starting attempt 1 of 1
[2025-02-28T04:49:46.240+0000] {taskinstance.py:1382} INFO - Executing <Task(BashOperator): data_ingestion_task> on 2025-02-28 04:49:39.209814+00:00
[2025-02-28T04:49:46.273+0000] {standard_task_runner.py:57} INFO - Started process 8716 to run task
[2025-02-28T04:49:46.291+0000] {standard_task_runner.py:84} INFO - Running: ['***', 'tasks', 'run', 'customer_churn_ml_pipeline', 'data_ingestion_task', 'manual__2025-02-28T04:49:39.209814+00:00', '--job-id', '40', '--raw', '--subdir', 'DAGS_FOLDER/customer_churn.py', '--cfg-path', '/tmp/tmp8930h53u']
[2025-02-28T04:49:46.299+0000] {standard_task_runner.py:85} INFO - Job 40: Subtask data_ingestion_task
[2025-02-28T04:49:46.417+0000] {logging_mixin.py:154} WARNING - /home/***/.local/lib/python3.8/site-packages/***/settings.py:195 DeprecationWarning: The sql_alchemy_conn option in [core] has been moved to the sql_alchemy_conn option in [database] - the old setting has been used, but please update your config.
[2025-02-28T04:49:46.647+0000] {task_command.py:416} INFO - Running <TaskInstance: customer_churn_ml_pipeline.data_ingestion_task manual__2025-02-28T04:49:39.209814+00:00 [running]> on host 4470298645d8
[2025-02-28T04:49:47.018+0000] {taskinstance.py:1662} INFO - Exporting env vars: AIRFLOW_CTX_DAG_OWNER='***' AIRFLOW_CTX_DAG_ID='customer_churn_ml_pipeline' AIRFLOW_CTX_TASK_ID='data_ingestion_task' AIRFLOW_CTX_EXECUTION_DATE='2025-02-28T04:49:39.209814+00:00' AIRFLOW_CTX_TRY_NUMBER='1' AIRFLOW_CTX_DAG_RUN_ID='manual__2025-02-28T04:49:39.209814+00:00'
[2025-02-28T04:49:47.021+0000] {subprocess.py:63} INFO - Tmp dir root location: /tmp
[2025-02-28T04:49:47.024+0000] {subprocess.py:75} INFO - Running command: ['/bin/bash', '-c', 'python /opt/***/executables/data_ingestion.py && \t\t\tcd /opt/*** && \t\t\tgit rm -r --cached \'data/raw\'\n\t\t\tgit commit -m "stop tracking data/raw"\n                        dvc add /opt/***/data/raw &&                         git add /opt/***/data/raw.dvc &&                         git commit -m "Updated raw data version" -a &&                         dvc push\n                    ']
[2025-02-28T04:49:47.046+0000] {subprocess.py:86} INFO - Output:
[2025-02-28T04:49:49.884+0000] {subprocess.py:93} INFO - /opt/***/executables/data_ingestion.py:46: UserWarning: pandas only supports SQLAlchemy connectable (engine/connection) or database string URI or sqlite3 DBAPI2 connection. Other DBAPI2 objects are not tested. Please consider using SQLAlchemy.
[2025-02-28T04:49:49.885+0000] {subprocess.py:93} INFO -   data = pd.read_sql(query, connection)
[2025-02-28T04:49:50.077+0000] {subprocess.py:93} INFO - fatal: pathspec 'data/raw' did not match any files
[2025-02-28T04:49:50.084+0000] {subprocess.py:93} INFO - On branch main
[2025-02-28T04:49:50.085+0000] {subprocess.py:93} INFO - Your branch is ahead of 'origin/main' by 8 commits.
[2025-02-28T04:49:50.085+0000] {subprocess.py:93} INFO -   (use "git push" to publish your local commits)
[2025-02-28T04:49:50.086+0000] {subprocess.py:93} INFO - 
[2025-02-28T04:49:50.086+0000] {subprocess.py:93} INFO - Changes not staged for commit:
[2025-02-28T04:49:50.086+0000] {subprocess.py:93} INFO -   (use "git add <file>..." to update what will be committed)
[2025-02-28T04:49:50.087+0000] {subprocess.py:93} INFO -   (use "git restore <file>..." to discard changes in working directory)
[2025-02-28T04:49:50.087+0000] {subprocess.py:93} INFO - 	modified:   logs/dag_processor_manager/dag_processor_manager.log
[2025-02-28T04:49:50.087+0000] {subprocess.py:93} INFO - 	modified:   logs/data_ingestion.log
[2025-02-28T04:49:50.087+0000] {subprocess.py:93} INFO - 	modified:   logs/scheduler/2025-02-28/customer_churn.py.log
[2025-02-28T04:49:50.088+0000] {subprocess.py:93} INFO - 
[2025-02-28T04:49:50.088+0000] {subprocess.py:93} INFO - Untracked files:
[2025-02-28T04:49:50.088+0000] {subprocess.py:93} INFO -   (use "git add <file>..." to include in what will be committed)
[2025-02-28T04:49:50.088+0000] {subprocess.py:93} INFO - 	data/.gitignore
[2025-02-28T04:49:50.089+0000] {subprocess.py:93} INFO - 	logs/dag_id=customer_churn_ml_pipeline/run_id=manual__2025-02-28T03:47:06.239601+00:00/
[2025-02-28T04:49:50.089+0000] {subprocess.py:93} INFO - 	logs/dag_id=customer_churn_ml_pipeline/run_id=manual__2025-02-28T03:56:07.184589+00:00/
[2025-02-28T04:49:50.090+0000] {subprocess.py:93} INFO - 	logs/dag_id=customer_churn_ml_pipeline/run_id=manual__2025-02-28T04:01:35.537178+00:00/
[2025-02-28T04:49:50.090+0000] {subprocess.py:93} INFO - 	logs/dag_id=customer_churn_ml_pipeline/run_id=manual__2025-02-28T04:03:50.126562+00:00/
[2025-02-28T04:49:50.090+0000] {subprocess.py:93} INFO - 	logs/dag_id=customer_churn_ml_pipeline/run_id=manual__2025-02-28T04:07:47.368418+00:00/
[2025-02-28T04:49:50.090+0000] {subprocess.py:93} INFO - 	logs/dag_id=customer_churn_ml_pipeline/run_id=manual__2025-02-28T04:09:55.332256+00:00/
[2025-02-28T04:49:50.091+0000] {subprocess.py:93} INFO - 	logs/dag_id=customer_churn_ml_pipeline/run_id=manual__2025-02-28T04:35:17.945041+00:00/
[2025-02-28T04:49:50.091+0000] {subprocess.py:93} INFO - 	logs/dag_id=customer_churn_ml_pipeline/run_id=manual__2025-02-28T04:42:35.414349+00:00/
[2025-02-28T04:49:50.091+0000] {subprocess.py:93} INFO - 	logs/dag_id=customer_churn_ml_pipeline/run_id=manual__2025-02-28T04:45:15.524968+00:00/
[2025-02-28T04:49:50.091+0000] {subprocess.py:93} INFO - 	logs/dag_id=customer_churn_ml_pipeline/run_id=manual__2025-02-28T04:48:28.220767+00:00/
[2025-02-28T04:49:50.092+0000] {subprocess.py:93} INFO - 	logs/dag_id=customer_churn_ml_pipeline/run_id=manual__2025-02-28T04:49:39.209814+00:00/
[2025-02-28T04:49:50.092+0000] {subprocess.py:93} INFO - 
[2025-02-28T04:49:50.092+0000] {subprocess.py:93} INFO - no changes added to commit (use "git add" and/or "git commit -a")
[2025-02-28T04:49:52.342+0000] {subprocess.py:93} INFO - 
[2025-02-28T04:49:52.343+0000] {subprocess.py:93} INFO - To track the changes with git, run:
[2025-02-28T04:49:52.343+0000] {subprocess.py:93} INFO - 
[2025-02-28T04:49:52.344+0000] {subprocess.py:93} INFO - 	git add data/raw.dvc
[2025-02-28T04:49:52.345+0000] {subprocess.py:93} INFO - 
[2025-02-28T04:49:52.346+0000] {subprocess.py:93} INFO - To enable auto staging, run:
[2025-02-28T04:49:52.346+0000] {subprocess.py:93} INFO - 
[2025-02-28T04:49:52.347+0000] {subprocess.py:93} INFO - 	dvc config core.autostage true
[2025-02-28T04:49:52.781+0000] {subprocess.py:93} INFO - [main 4f86501] Updated raw data version
[2025-02-28T04:49:52.782+0000] {subprocess.py:93} INFO -  3 files changed, 26 insertions(+)
[2025-02-28T04:49:58.470+0000] {subprocess.py:93} INFO - Everything is up to date.
[2025-02-28T04:49:58.928+0000] {subprocess.py:97} INFO - Command exited with return code 0
[2025-02-28T04:49:58.991+0000] {taskinstance.py:1400} INFO - Marking task as SUCCESS. dag_id=customer_churn_ml_pipeline, task_id=data_ingestion_task, execution_date=20250228T044939, start_date=20250228T044946, end_date=20250228T044958
[2025-02-28T04:49:59.042+0000] {local_task_job_runner.py:228} INFO - Task exited with return code 0
[2025-02-28T04:49:59.123+0000] {taskinstance.py:2778} INFO - 1 downstream tasks scheduled from follow-on schedule check
