[2025-03-01T16:28:10.128+0000] {taskinstance.py:1159} INFO - Dependencies all met for dep_context=non-requeueable deps ti=<TaskInstance: customer_churn_ml_pipeline.data_preparation_task manual__2025-03-01T16:27:21.347826+00:00 [queued]>
[2025-03-01T16:28:10.155+0000] {taskinstance.py:1159} INFO - Dependencies all met for dep_context=requeueable deps ti=<TaskInstance: customer_churn_ml_pipeline.data_preparation_task manual__2025-03-01T16:27:21.347826+00:00 [queued]>
[2025-03-01T16:28:10.156+0000] {taskinstance.py:1361} INFO - Starting attempt 1 of 1
[2025-03-01T16:28:10.182+0000] {taskinstance.py:1382} INFO - Executing <Task(BashOperator): data_preparation_task> on 2025-03-01 16:27:21.347826+00:00
[2025-03-01T16:28:10.190+0000] {standard_task_runner.py:57} INFO - Started process 15512 to run task
[2025-03-01T16:28:10.194+0000] {standard_task_runner.py:84} INFO - Running: ['***', 'tasks', 'run', 'customer_churn_ml_pipeline', 'data_preparation_task', 'manual__2025-03-01T16:27:21.347826+00:00', '--job-id', '148', '--raw', '--subdir', 'DAGS_FOLDER/customer_churn.py', '--cfg-path', '/tmp/tmpj56t6f1b']
[2025-03-01T16:28:10.199+0000] {standard_task_runner.py:85} INFO - Job 148: Subtask data_preparation_task
[2025-03-01T16:28:10.229+0000] {logging_mixin.py:154} WARNING - /home/***/.local/lib/python3.8/site-packages/***/settings.py:195 DeprecationWarning: The sql_alchemy_conn option in [core] has been moved to the sql_alchemy_conn option in [database] - the old setting has been used, but please update your config.
[2025-03-01T16:28:10.299+0000] {task_command.py:416} INFO - Running <TaskInstance: customer_churn_ml_pipeline.data_preparation_task manual__2025-03-01T16:27:21.347826+00:00 [running]> on host 7e994a0ed489
[2025-03-01T16:28:10.504+0000] {taskinstance.py:1662} INFO - Exporting env vars: AIRFLOW_CTX_DAG_OWNER='***' AIRFLOW_CTX_DAG_ID='customer_churn_ml_pipeline' AIRFLOW_CTX_TASK_ID='data_preparation_task' AIRFLOW_CTX_EXECUTION_DATE='2025-03-01T16:27:21.347826+00:00' AIRFLOW_CTX_TRY_NUMBER='1' AIRFLOW_CTX_DAG_RUN_ID='manual__2025-03-01T16:27:21.347826+00:00'
[2025-03-01T16:28:10.507+0000] {subprocess.py:63} INFO - Tmp dir root location: /tmp
[2025-03-01T16:28:10.508+0000] {subprocess.py:75} INFO - Running command: ['/bin/bash', '-c', '\n\t\t\tcd /opt/***\n\t\t\tpython /opt/***/executables/data_preparation.py &&                         dvc add /opt/***/data/cleaned &&                         git add /opt/***/data/cleaned.dvc && \t\t\tgit add logs &&\\   \n\t\t\tgit add visualization &&                        git commit -m "Updated cleaned data version" -a &&                         dvc push && git push\n                    ']
[2025-03-01T16:28:10.530+0000] {subprocess.py:86} INFO - Output:
[2025-03-01T16:28:14.633+0000] {subprocess.py:93} INFO - 2025-03-01 16:28:14,632 : INFO : Starting data preparation for csv.
[2025-03-01T16:28:14.666+0000] {subprocess.py:93} INFO - 2025-03-01 16:28:14,666 : INFO : Handling 'Tenure', 'Balance', 'EstimatedSalary' empty data
[2025-03-01T16:28:14.667+0000] {subprocess.py:93} INFO - 2025-03-01 16:28:14,666 : INFO : Handling 'Age' empty data
[2025-03-01T16:28:14.669+0000] {subprocess.py:93} INFO - 2025-03-01 16:28:14,668 : INFO : Droping 'Surname' as it may lead to profiling, 'RowNumber', 'CustomerId' as it is not required
[2025-03-01T16:28:14.671+0000] {subprocess.py:93} INFO - 2025-03-01 16:28:14,671 : INFO : Making 'Geography', 'Gender', 'HasCrCard', 'IsActiveMember' as categorical
[2025-03-01T16:28:14.688+0000] {subprocess.py:93} INFO - 2025-03-01 16:28:14,688 : INFO : Saving data to S3.
[2025-03-01T16:28:14.793+0000] {subprocess.py:93} INFO - 2025-03-01 16:28:14,793 : INFO : Saving report to S3.
[2025-03-01T16:28:14.794+0000] {subprocess.py:93} INFO - 2025-03-01 16:28:14,794 : INFO : Creating Pie chart
[2025-03-01T16:28:14.905+0000] {subprocess.py:93} INFO - 2025-03-01 16:28:14,904 : INFO : Generating histogram for column CreditScore.
[2025-03-01T16:28:15.236+0000] {subprocess.py:93} INFO - 2025-03-01 16:28:15,236 : INFO : Generating histogram for column Geography.
[2025-03-01T16:28:15.487+0000] {subprocess.py:93} INFO - 2025-03-01 16:28:15,487 : INFO : Generating histogram for column Gender.
[2025-03-01T16:28:15.727+0000] {subprocess.py:93} INFO - 2025-03-01 16:28:15,727 : INFO : Generating histogram for column Age.
[2025-03-01T16:28:15.987+0000] {subprocess.py:93} INFO - 2025-03-01 16:28:15,986 : INFO : Generating histogram for column Tenure.
[2025-03-01T16:28:16.227+0000] {subprocess.py:93} INFO - 2025-03-01 16:28:16,226 : INFO : Generating histogram for column Balance.
[2025-03-01T16:28:16.632+0000] {subprocess.py:93} INFO - 2025-03-01 16:28:16,632 : INFO : Generating histogram for column NumOfProducts.
[2025-03-01T16:28:16.968+0000] {subprocess.py:93} INFO - 2025-03-01 16:28:16,968 : INFO : Generating histogram for column HasCrCard.
[2025-03-01T16:28:17.326+0000] {subprocess.py:93} INFO - 2025-03-01 16:28:17,325 : INFO : Generating histogram for column IsActiveMember.
[2025-03-01T16:28:17.903+0000] {subprocess.py:93} INFO - 2025-03-01 16:28:17,903 : INFO : Generating histogram for column EstimatedSalary.
[2025-03-01T16:28:18.626+0000] {subprocess.py:93} INFO - 2025-03-01 16:28:18,626 : INFO : Generating histogram for column Exited.
[2025-03-01T16:28:19.047+0000] {subprocess.py:93} INFO - 2025-03-01 16:28:19,046 : INFO : Generating histogram for relation of Exited with Categorical data.
[2025-03-01T16:28:19.850+0000] {subprocess.py:93} INFO - 2025-03-01 16:28:19,850 : INFO : Using categorical units to plot a list of strings that are all parsable as floats or dates. If these strings should be plotted as numbers, cast to the appropriate data type before plotting.
[2025-03-01T16:28:19.890+0000] {subprocess.py:93} INFO - 2025-03-01 16:28:19,889 : INFO : Using categorical units to plot a list of strings that are all parsable as floats or dates. If these strings should be plotted as numbers, cast to the appropriate data type before plotting.
[2025-03-01T16:28:20.053+0000] {subprocess.py:93} INFO - 2025-03-01 16:28:20,053 : INFO : Using categorical units to plot a list of strings that are all parsable as floats or dates. If these strings should be plotted as numbers, cast to the appropriate data type before plotting.
[2025-03-01T16:28:20.090+0000] {subprocess.py:93} INFO - 2025-03-01 16:28:20,090 : INFO : Using categorical units to plot a list of strings that are all parsable as floats or dates. If these strings should be plotted as numbers, cast to the appropriate data type before plotting.
[2025-03-01T16:28:20.194+0000] {subprocess.py:93} INFO - 2025-03-01 16:28:20,193 : INFO : Generating box plots for relation of Exited with non Categorical data.
[2025-03-01T16:28:20.733+0000] {subprocess.py:93} INFO - 2025-03-01 16:28:20,732 : INFO : Using categorical units to plot a list of strings that are all parsable as floats or dates. If these strings should be plotted as numbers, cast to the appropriate data type before plotting.
[2025-03-01T16:28:20.819+0000] {subprocess.py:93} INFO - 2025-03-01 16:28:20,818 : INFO : Using categorical units to plot a list of strings that are all parsable as floats or dates. If these strings should be plotted as numbers, cast to the appropriate data type before plotting.
[2025-03-01T16:28:21.275+0000] {subprocess.py:93} INFO - 2025-03-01 16:28:21,274 : INFO : Using categorical units to plot a list of strings that are all parsable as floats or dates. If these strings should be plotted as numbers, cast to the appropriate data type before plotting.
[2025-03-01T16:28:21.369+0000] {subprocess.py:93} INFO - 2025-03-01 16:28:21,368 : INFO : Using categorical units to plot a list of strings that are all parsable as floats or dates. If these strings should be plotted as numbers, cast to the appropriate data type before plotting.
[2025-03-01T16:28:21.652+0000] {subprocess.py:93} INFO - 2025-03-01 16:28:21,652 : INFO : Using categorical units to plot a list of strings that are all parsable as floats or dates. If these strings should be plotted as numbers, cast to the appropriate data type before plotting.
[2025-03-01T16:28:21.688+0000] {subprocess.py:93} INFO - 2025-03-01 16:28:21,687 : INFO : Using categorical units to plot a list of strings that are all parsable as floats or dates. If these strings should be plotted as numbers, cast to the appropriate data type before plotting.
[2025-03-01T16:28:21.913+0000] {subprocess.py:93} INFO - 2025-03-01 16:28:21,913 : INFO : Using categorical units to plot a list of strings that are all parsable as floats or dates. If these strings should be plotted as numbers, cast to the appropriate data type before plotting.
[2025-03-01T16:28:21.970+0000] {subprocess.py:93} INFO - 2025-03-01 16:28:21,969 : INFO : Using categorical units to plot a list of strings that are all parsable as floats or dates. If these strings should be plotted as numbers, cast to the appropriate data type before plotting.
[2025-03-01T16:28:22.179+0000] {subprocess.py:93} INFO - 2025-03-01 16:28:22,179 : INFO : Using categorical units to plot a list of strings that are all parsable as floats or dates. If these strings should be plotted as numbers, cast to the appropriate data type before plotting.
[2025-03-01T16:28:22.243+0000] {subprocess.py:93} INFO - 2025-03-01 16:28:22,243 : INFO : Using categorical units to plot a list of strings that are all parsable as floats or dates. If these strings should be plotted as numbers, cast to the appropriate data type before plotting.
[2025-03-01T16:28:22.558+0000] {subprocess.py:93} INFO - 2025-03-01 16:28:22,558 : INFO : Using categorical units to plot a list of strings that are all parsable as floats or dates. If these strings should be plotted as numbers, cast to the appropriate data type before plotting.
[2025-03-01T16:28:22.597+0000] {subprocess.py:93} INFO - 2025-03-01 16:28:22,596 : INFO : Using categorical units to plot a list of strings that are all parsable as floats or dates. If these strings should be plotted as numbers, cast to the appropriate data type before plotting.
[2025-03-01T16:28:23.800+0000] {subprocess.py:93} INFO - 2025-03-01 16:28:23,798 : INFO : Saved pdf in visualization/plots.pdf
[2025-03-01T16:28:27.966+0000] {subprocess.py:93} INFO - 
[2025-03-01T16:28:27.967+0000] {subprocess.py:93} INFO - To track the changes with git, run:
[2025-03-01T16:28:27.969+0000] {subprocess.py:93} INFO - 
[2025-03-01T16:28:27.970+0000] {subprocess.py:93} INFO - 	git add data/cleaned.dvc
[2025-03-01T16:28:27.970+0000] {subprocess.py:93} INFO - 
[2025-03-01T16:28:27.970+0000] {subprocess.py:93} INFO - To enable auto staging, run:
[2025-03-01T16:28:27.971+0000] {subprocess.py:93} INFO - 
[2025-03-01T16:28:27.971+0000] {subprocess.py:93} INFO - 	dvc config core.autostage true
[2025-03-01T16:28:28.448+0000] {subprocess.py:93} INFO - /bin/bash: line 3:  : command not found
[2025-03-01T16:28:28.530+0000] {subprocess.py:93} INFO - [main 516c7e7] Updated cleaned data version
[2025-03-01T16:28:28.531+0000] {subprocess.py:93} INFO -  6 files changed, 123 insertions(+)
[2025-03-01T16:28:28.532+0000] {subprocess.py:93} INFO -  create mode 100644 logs/dag_id=customer_churn_ml_pipeline/run_id=manual__2025-03-01T16:27:21.347826+00:00/task_id=data_preparation_task/attempt=1.log
[2025-03-01T16:28:35.317+0000] {subprocess.py:93} INFO - Everything is up to date.
[2025-03-01T16:28:38.540+0000] {subprocess.py:93} INFO - To https://github.com/anniemathew-trial/customer_churn_pipeline.git
[2025-03-01T16:28:38.541+0000] {subprocess.py:93} INFO -    eb57011..516c7e7  main -> main
[2025-03-01T16:28:38.548+0000] {subprocess.py:97} INFO - Command exited with return code 0
[2025-03-01T16:28:38.619+0000] {taskinstance.py:1400} INFO - Marking task as SUCCESS. dag_id=customer_churn_ml_pipeline, task_id=data_preparation_task, execution_date=20250301T162721, start_date=20250301T162810, end_date=20250301T162838
[2025-03-01T16:28:38.654+0000] {local_task_job_runner.py:228} INFO - Task exited with return code 0
[2025-03-01T16:28:38.726+0000] {taskinstance.py:2778} INFO - 1 downstream tasks scheduled from follow-on schedule check
