[2025-03-03T17:07:05.507+0000] {taskinstance.py:1159} INFO - Dependencies all met for dep_context=non-requeueable deps ti=<TaskInstance: customer_churn_ml_pipeline.data_preparation_task manual__2025-03-03T17:06:22.394275+00:00 [queued]>
[2025-03-03T17:07:05.517+0000] {taskinstance.py:1159} INFO - Dependencies all met for dep_context=requeueable deps ti=<TaskInstance: customer_churn_ml_pipeline.data_preparation_task manual__2025-03-03T17:06:22.394275+00:00 [queued]>
[2025-03-03T17:07:05.517+0000] {taskinstance.py:1361} INFO - Starting attempt 1 of 1
[2025-03-03T17:07:05.536+0000] {taskinstance.py:1382} INFO - Executing <Task(BashOperator): data_preparation_task> on 2025-03-03 17:06:22.394275+00:00
[2025-03-03T17:07:05.541+0000] {standard_task_runner.py:57} INFO - Started process 7131 to run task
[2025-03-03T17:07:05.544+0000] {standard_task_runner.py:84} INFO - Running: ['***', 'tasks', 'run', 'customer_churn_ml_pipeline', 'data_preparation_task', 'manual__2025-03-03T17:06:22.394275+00:00', '--job-id', '139', '--raw', '--subdir', 'DAGS_FOLDER/customer_churn.py', '--cfg-path', '/tmp/tmpd8kg31c0']
[2025-03-03T17:07:05.547+0000] {standard_task_runner.py:85} INFO - Job 139: Subtask data_preparation_task
[2025-03-03T17:07:05.569+0000] {logging_mixin.py:154} WARNING - /home/***/.local/lib/python3.8/site-packages/***/settings.py:195 DeprecationWarning: The sql_alchemy_conn option in [core] has been moved to the sql_alchemy_conn option in [database] - the old setting has been used, but please update your config.
[2025-03-03T17:07:05.613+0000] {task_command.py:416} INFO - Running <TaskInstance: customer_churn_ml_pipeline.data_preparation_task manual__2025-03-03T17:06:22.394275+00:00 [running]> on host 157237bff8f7
[2025-03-03T17:07:05.732+0000] {taskinstance.py:1662} INFO - Exporting env vars: AIRFLOW_CTX_DAG_OWNER='***' AIRFLOW_CTX_DAG_ID='customer_churn_ml_pipeline' AIRFLOW_CTX_TASK_ID='data_preparation_task' AIRFLOW_CTX_EXECUTION_DATE='2025-03-03T17:06:22.394275+00:00' AIRFLOW_CTX_TRY_NUMBER='1' AIRFLOW_CTX_DAG_RUN_ID='manual__2025-03-03T17:06:22.394275+00:00'
[2025-03-03T17:07:05.733+0000] {subprocess.py:63} INFO - Tmp dir root location: /tmp
[2025-03-03T17:07:05.734+0000] {subprocess.py:75} INFO - Running command: ['/bin/bash', '-c', '\n\t\t\tcd /opt/*** &&\t\t\tpython /opt/***/executables/data_preparation.py &&                         dvc add /opt/***/data/cleaned &&                         git add /opt/***/data/cleaned.dvc && \t\t\tgit add logs && \\   \n\t\t\tgit add visualization &&    \t\t\tgit status &&                         git commit -m "Updated cleaned data version" -a &&                         dvc push && git push\n                    ']
[2025-03-03T17:07:05.745+0000] {subprocess.py:86} INFO - Output:
[2025-03-03T17:07:08.565+0000] {subprocess.py:93} INFO - 2025-03-03 17:07:08,565 : INFO : Starting data preparation for customer_data.csv.
[2025-03-03T17:07:08.584+0000] {subprocess.py:93} INFO - 2025-03-03 17:07:08,584 : INFO : Dropping 'Tenure' less than 0 and greater than 110 * 12
[2025-03-03T17:07:08.588+0000] {subprocess.py:93} INFO - 2025-03-03 17:07:08,587 : INFO : Handling 'Age' empty data
[2025-03-03T17:07:08.589+0000] {subprocess.py:93} INFO - 2025-03-03 17:07:08,589 : INFO : Dropping 'Age' less than 18 and greater than 110
[2025-03-03T17:07:08.592+0000] {subprocess.py:93} INFO - 2025-03-03 17:07:08,592 : INFO : Dropping 'Estimated Salary' & 'Credit Score' with 0 & negative values
[2025-03-03T17:07:08.595+0000] {subprocess.py:93} INFO - 2025-03-03 17:07:08,594 : INFO : Handling 'Balance', 'EstimatedSalary' empty data with mean
[2025-03-03T17:07:08.595+0000] {subprocess.py:93} INFO - 2025-03-03 17:07:08,595 : INFO : Droping 'Surname' as it may lead to profiling, 'RowNumber', 'CustomerId' as it is not required
[2025-03-03T17:07:08.596+0000] {subprocess.py:93} INFO - 2025-03-03 17:07:08,596 : INFO : Making 'Geography', 'Gender', 'HasCrCard', 'IsActiveMember' as categorical
[2025-03-03T17:07:08.604+0000] {subprocess.py:93} INFO - 2025-03-03 17:07:08,603 : INFO : Saving data to S3.
[2025-03-03T17:07:08.605+0000] {subprocess.py:93} INFO - 2025-03-03 17:07:08,605 : INFO : Directory created at /opt/***/data/cleaned/fintech1/03-03-2025/csv
[2025-03-03T17:07:08.790+0000] {subprocess.py:93} INFO - 2025-03-03 17:07:08,790 : INFO : Connected to s3
[2025-03-03T17:07:11.173+0000] {subprocess.py:93} INFO - 2025-03-03 17:07:11,173 : INFO : File uploaded to S3
[2025-03-03T17:07:11.175+0000] {subprocess.py:93} INFO - 2025-03-03 17:07:11,175 : INFO : Creating Pie chart
[2025-03-03T17:07:11.256+0000] {subprocess.py:93} INFO - 2025-03-03 17:07:11,256 : INFO : Generating histogram for column CreditScore.
[2025-03-03T17:07:11.374+0000] {subprocess.py:93} INFO - 2025-03-03 17:07:11,374 : INFO : Generating histogram for column Geography.
[2025-03-03T17:07:11.537+0000] {subprocess.py:93} INFO - 2025-03-03 17:07:11,536 : INFO : Generating histogram for column Gender.
[2025-03-03T17:07:11.628+0000] {subprocess.py:93} INFO - 2025-03-03 17:07:11,627 : INFO : Generating histogram for column Age.
[2025-03-03T17:07:11.768+0000] {subprocess.py:93} INFO - 2025-03-03 17:07:11,768 : INFO : Generating histogram for column Tenure.
[2025-03-03T17:07:11.915+0000] {subprocess.py:93} INFO - 2025-03-03 17:07:11,915 : INFO : Generating histogram for column Balance.
[2025-03-03T17:07:12.062+0000] {subprocess.py:93} INFO - 2025-03-03 17:07:12,062 : INFO : Generating histogram for column NumOfProducts.
[2025-03-03T17:07:12.211+0000] {subprocess.py:93} INFO - 2025-03-03 17:07:12,210 : INFO : Generating histogram for column HasCrCard.
[2025-03-03T17:07:12.369+0000] {subprocess.py:93} INFO - 2025-03-03 17:07:12,368 : INFO : Generating histogram for column IsActiveMember.
[2025-03-03T17:07:12.544+0000] {subprocess.py:93} INFO - 2025-03-03 17:07:12,544 : INFO : Generating histogram for column EstimatedSalary.
[2025-03-03T17:07:12.739+0000] {subprocess.py:93} INFO - 2025-03-03 17:07:12,739 : INFO : Generating histogram for column Exited.
[2025-03-03T17:07:12.939+0000] {subprocess.py:93} INFO - 2025-03-03 17:07:12,939 : INFO : Generating histogram for relation of Exited with Categorical data.
[2025-03-03T17:07:13.248+0000] {subprocess.py:93} INFO - 2025-03-03 17:07:13,248 : INFO : Using categorical units to plot a list of strings that are all parsable as floats or dates. If these strings should be plotted as numbers, cast to the appropriate data type before plotting.
[2025-03-03T17:07:13.267+0000] {subprocess.py:93} INFO - 2025-03-03 17:07:13,267 : INFO : Using categorical units to plot a list of strings that are all parsable as floats or dates. If these strings should be plotted as numbers, cast to the appropriate data type before plotting.
[2025-03-03T17:07:13.334+0000] {subprocess.py:93} INFO - 2025-03-03 17:07:13,334 : INFO : Using categorical units to plot a list of strings that are all parsable as floats or dates. If these strings should be plotted as numbers, cast to the appropriate data type before plotting.
[2025-03-03T17:07:13.351+0000] {subprocess.py:93} INFO - 2025-03-03 17:07:13,351 : INFO : Using categorical units to plot a list of strings that are all parsable as floats or dates. If these strings should be plotted as numbers, cast to the appropriate data type before plotting.
[2025-03-03T17:07:13.400+0000] {subprocess.py:93} INFO - 2025-03-03 17:07:13,399 : INFO : Generating box plots for relation of Exited with non Categorical data.
[2025-03-03T17:07:13.564+0000] {subprocess.py:93} INFO - 2025-03-03 17:07:13,564 : INFO : Using categorical units to plot a list of strings that are all parsable as floats or dates. If these strings should be plotted as numbers, cast to the appropriate data type before plotting.
[2025-03-03T17:07:13.582+0000] {subprocess.py:93} INFO - 2025-03-03 17:07:13,582 : INFO : Using categorical units to plot a list of strings that are all parsable as floats or dates. If these strings should be plotted as numbers, cast to the appropriate data type before plotting.
[2025-03-03T17:07:13.667+0000] {subprocess.py:93} INFO - 2025-03-03 17:07:13,667 : INFO : Using categorical units to plot a list of strings that are all parsable as floats or dates. If these strings should be plotted as numbers, cast to the appropriate data type before plotting.
[2025-03-03T17:07:13.684+0000] {subprocess.py:93} INFO - 2025-03-03 17:07:13,684 : INFO : Using categorical units to plot a list of strings that are all parsable as floats or dates. If these strings should be plotted as numbers, cast to the appropriate data type before plotting.
[2025-03-03T17:07:13.781+0000] {subprocess.py:93} INFO - 2025-03-03 17:07:13,780 : INFO : Using categorical units to plot a list of strings that are all parsable as floats or dates. If these strings should be plotted as numbers, cast to the appropriate data type before plotting.
[2025-03-03T17:07:13.801+0000] {subprocess.py:93} INFO - 2025-03-03 17:07:13,800 : INFO : Using categorical units to plot a list of strings that are all parsable as floats or dates. If these strings should be plotted as numbers, cast to the appropriate data type before plotting.
[2025-03-03T17:07:13.890+0000] {subprocess.py:93} INFO - 2025-03-03 17:07:13,889 : INFO : Using categorical units to plot a list of strings that are all parsable as floats or dates. If these strings should be plotted as numbers, cast to the appropriate data type before plotting.
[2025-03-03T17:07:13.909+0000] {subprocess.py:93} INFO - 2025-03-03 17:07:13,909 : INFO : Using categorical units to plot a list of strings that are all parsable as floats or dates. If these strings should be plotted as numbers, cast to the appropriate data type before plotting.
[2025-03-03T17:07:13.990+0000] {subprocess.py:93} INFO - 2025-03-03 17:07:13,989 : INFO : Using categorical units to plot a list of strings that are all parsable as floats or dates. If these strings should be plotted as numbers, cast to the appropriate data type before plotting.
[2025-03-03T17:07:14.008+0000] {subprocess.py:93} INFO - 2025-03-03 17:07:14,008 : INFO : Using categorical units to plot a list of strings that are all parsable as floats or dates. If these strings should be plotted as numbers, cast to the appropriate data type before plotting.
[2025-03-03T17:07:14.190+0000] {subprocess.py:93} INFO - 2025-03-03 17:07:14,189 : INFO : Using categorical units to plot a list of strings that are all parsable as floats or dates. If these strings should be plotted as numbers, cast to the appropriate data type before plotting.
[2025-03-03T17:07:14.206+0000] {subprocess.py:93} INFO - 2025-03-03 17:07:14,206 : INFO : Using categorical units to plot a list of strings that are all parsable as floats or dates. If these strings should be plotted as numbers, cast to the appropriate data type before plotting.
[2025-03-03T17:07:14.617+0000] {subprocess.py:93} INFO - 2025-03-03 17:07:14,616 : INFO : Saved pdf in /opt/***/visualization/fintech1/03-03-2025/csv/plots.pdf
[2025-03-03T17:07:14.666+0000] {subprocess.py:93} INFO - 2025-03-03 17:07:14,665 : INFO : Starting data preparation for database_data.csv.
[2025-03-03T17:07:14.666+0000] {subprocess.py:93} INFO - 2025-03-03 17:07:14,666 : ERROR : Error in preparing data[Errno 2] No such file or directory: '/opt/***/data/raw/fintech2/03-03-2025/database/database_data.csv'
[2025-03-03T17:07:14.669+0000] {subprocess.py:93} INFO - Traceback (most recent call last):
[2025-03-03T17:07:14.669+0000] {subprocess.py:93} INFO -   File "/opt/***/executables/data_preparation.py", line 149, in <module>
[2025-03-03T17:07:14.669+0000] {subprocess.py:93} INFO -     prepare_data("database_data.csv", "database", "fintech2", "database_data.csv")
[2025-03-03T17:07:14.669+0000] {subprocess.py:93} INFO -   File "/opt/***/executables/data_preparation.py", line 92, in prepare_data
[2025-03-03T17:07:14.670+0000] {subprocess.py:93} INFO -     raise e
[2025-03-03T17:07:14.670+0000] {subprocess.py:93} INFO -   File "/opt/***/executables/data_preparation.py", line 45, in prepare_data
[2025-03-03T17:07:14.670+0000] {subprocess.py:93} INFO -     df = pd.read_csv(data_path)
[2025-03-03T17:07:14.670+0000] {subprocess.py:93} INFO -   File "/home/***/.local/lib/python3.8/site-packages/pandas/util/_decorators.py", line 211, in wrapper
[2025-03-03T17:07:14.670+0000] {subprocess.py:93} INFO -     return func(*args, **kwargs)
[2025-03-03T17:07:14.670+0000] {subprocess.py:93} INFO -   File "/home/***/.local/lib/python3.8/site-packages/pandas/util/_decorators.py", line 331, in wrapper
[2025-03-03T17:07:14.671+0000] {subprocess.py:93} INFO -     return func(*args, **kwargs)
[2025-03-03T17:07:14.671+0000] {subprocess.py:93} INFO -   File "/home/***/.local/lib/python3.8/site-packages/pandas/io/parsers/readers.py", line 950, in read_csv
[2025-03-03T17:07:14.671+0000] {subprocess.py:93} INFO -     return _read(filepath_or_buffer, kwds)
[2025-03-03T17:07:14.671+0000] {subprocess.py:93} INFO -   File "/home/***/.local/lib/python3.8/site-packages/pandas/io/parsers/readers.py", line 605, in _read
[2025-03-03T17:07:14.671+0000] {subprocess.py:93} INFO -     parser = TextFileReader(filepath_or_buffer, **kwds)
[2025-03-03T17:07:14.671+0000] {subprocess.py:93} INFO -   File "/home/***/.local/lib/python3.8/site-packages/pandas/io/parsers/readers.py", line 1442, in __init__
[2025-03-03T17:07:14.672+0000] {subprocess.py:93} INFO -     self._engine = self._make_engine(f, self.engine)
[2025-03-03T17:07:14.672+0000] {subprocess.py:93} INFO -   File "/home/***/.local/lib/python3.8/site-packages/pandas/io/parsers/readers.py", line 1735, in _make_engine
[2025-03-03T17:07:14.672+0000] {subprocess.py:93} INFO -     self.handles = get_handle(
[2025-03-03T17:07:14.672+0000] {subprocess.py:93} INFO -   File "/home/***/.local/lib/python3.8/site-packages/pandas/io/common.py", line 856, in get_handle
[2025-03-03T17:07:14.672+0000] {subprocess.py:93} INFO -     handle = open(
[2025-03-03T17:07:14.672+0000] {subprocess.py:93} INFO - FileNotFoundError: [Errno 2] No such file or directory: '/opt/***/data/raw/fintech2/03-03-2025/database/database_data.csv'
[2025-03-03T17:07:15.088+0000] {subprocess.py:93} INFO - On branch main
[2025-03-03T17:07:15.088+0000] {subprocess.py:93} INFO - Your branch is up to date with 'origin/main'.
[2025-03-03T17:07:15.088+0000] {subprocess.py:93} INFO - 
[2025-03-03T17:07:15.089+0000] {subprocess.py:93} INFO - Changes to be committed:
[2025-03-03T17:07:15.089+0000] {subprocess.py:93} INFO -   (use "git restore --staged <file>..." to unstage)
[2025-03-03T17:07:15.089+0000] {subprocess.py:93} INFO - 	modified:   visualization/fintech1/03-03-2025/csv/plots.pdf
[2025-03-03T17:07:15.089+0000] {subprocess.py:93} INFO - 
[2025-03-03T17:07:15.089+0000] {subprocess.py:93} INFO - Changes not staged for commit:
[2025-03-03T17:07:15.089+0000] {subprocess.py:93} INFO -   (use "git add <file>..." to update what will be committed)
[2025-03-03T17:07:15.090+0000] {subprocess.py:93} INFO -   (use "git restore <file>..." to discard changes in working directory)
[2025-03-03T17:07:15.090+0000] {subprocess.py:93} INFO - 	modified:   logs/dag_id=customer_churn_ml_pipeline/run_id=manual__2025-03-03T17:06:22.394275+00:00/task_id=data_validation_task/attempt=1.log
[2025-03-03T17:07:15.090+0000] {subprocess.py:93} INFO - 	modified:   logs/data_preparation.log
[2025-03-03T17:07:15.090+0000] {subprocess.py:93} INFO - 
[2025-03-03T17:07:15.090+0000] {subprocess.py:93} INFO - Untracked files:
[2025-03-03T17:07:15.090+0000] {subprocess.py:93} INFO -   (use "git add <file>..." to include in what will be committed)
[2025-03-03T17:07:15.090+0000] {subprocess.py:93} INFO - 	customer_churn_stats/feature_repo/data/online_store.db
[2025-03-03T17:07:15.091+0000] {subprocess.py:93} INFO - 	customer_churn_stats/feature_repo/data/registry.db
[2025-03-03T17:07:15.091+0000] {subprocess.py:93} INFO - 	logs/dag_id=customer_churn_ml_pipeline/run_id=manual__2025-03-03T17:06:22.394275+00:00/task_id=data_preparation_task/
[2025-03-03T17:07:15.091+0000] {subprocess.py:93} INFO - 	models/
[2025-03-03T17:07:15.091+0000] {subprocess.py:93} INFO - 	online.db
[2025-03-03T17:07:15.091+0000] {subprocess.py:93} INFO - 
[2025-03-03T17:07:15.116+0000] {subprocess.py:93} INFO - [main 57cd223] Updated cleaned data version
[2025-03-03T17:07:15.117+0000] {subprocess.py:93} INFO -  3 files changed, 55 insertions(+)
[2025-03-03T17:07:20.043+0000] {subprocess.py:93} INFO - Everything is up to date.
[2025-03-03T17:07:23.846+0000] {subprocess.py:93} INFO - To https://github.com/anniemathew-trial/customer_churn_pipeline.git
[2025-03-03T17:07:23.846+0000] {subprocess.py:93} INFO -    04fe8c9..57cd223  main -> main
[2025-03-03T17:07:23.850+0000] {subprocess.py:97} INFO - Command exited with return code 0
[2025-03-03T17:07:23.882+0000] {taskinstance.py:1400} INFO - Marking task as SUCCESS. dag_id=customer_churn_ml_pipeline, task_id=data_preparation_task, execution_date=20250303T170622, start_date=20250303T170705, end_date=20250303T170723
[2025-03-03T17:07:23.925+0000] {local_task_job_runner.py:228} INFO - Task exited with return code 0
[2025-03-03T17:07:23.960+0000] {taskinstance.py:2778} INFO - 1 downstream tasks scheduled from follow-on schedule check
