[2025-03-02T10:59:12.811+0000] {taskinstance.py:1159} INFO - Dependencies all met for dep_context=non-requeueable deps ti=<TaskInstance: customer_churn_ml_pipeline.data_preparation_task manual__2025-03-02T10:58:14.792734+00:00 [queued]>
[2025-03-02T10:59:12.825+0000] {taskinstance.py:1159} INFO - Dependencies all met for dep_context=requeueable deps ti=<TaskInstance: customer_churn_ml_pipeline.data_preparation_task manual__2025-03-02T10:58:14.792734+00:00 [queued]>
[2025-03-02T10:59:12.825+0000] {taskinstance.py:1361} INFO - Starting attempt 1 of 1
[2025-03-02T10:59:12.847+0000] {taskinstance.py:1382} INFO - Executing <Task(BashOperator): data_preparation_task> on 2025-03-02 10:58:14.792734+00:00
[2025-03-02T10:59:12.853+0000] {standard_task_runner.py:57} INFO - Started process 14308 to run task
[2025-03-02T10:59:12.857+0000] {standard_task_runner.py:84} INFO - Running: ['***', 'tasks', 'run', 'customer_churn_ml_pipeline', 'data_preparation_task', 'manual__2025-03-02T10:58:14.792734+00:00', '--job-id', '207', '--raw', '--subdir', 'DAGS_FOLDER/customer_churn.py', '--cfg-path', '/tmp/tmph01dzfg2']
[2025-03-02T10:59:12.861+0000] {standard_task_runner.py:85} INFO - Job 207: Subtask data_preparation_task
[2025-03-02T10:59:12.889+0000] {logging_mixin.py:154} WARNING - /home/***/.local/lib/python3.8/site-packages/***/settings.py:195 DeprecationWarning: The sql_alchemy_conn option in [core] has been moved to the sql_alchemy_conn option in [database] - the old setting has been used, but please update your config.
[2025-03-02T10:59:12.952+0000] {task_command.py:416} INFO - Running <TaskInstance: customer_churn_ml_pipeline.data_preparation_task manual__2025-03-02T10:58:14.792734+00:00 [running]> on host 9113a5746a05
[2025-03-02T10:59:13.101+0000] {taskinstance.py:1662} INFO - Exporting env vars: AIRFLOW_CTX_DAG_OWNER='***' AIRFLOW_CTX_DAG_ID='customer_churn_ml_pipeline' AIRFLOW_CTX_TASK_ID='data_preparation_task' AIRFLOW_CTX_EXECUTION_DATE='2025-03-02T10:58:14.792734+00:00' AIRFLOW_CTX_TRY_NUMBER='1' AIRFLOW_CTX_DAG_RUN_ID='manual__2025-03-02T10:58:14.792734+00:00'
[2025-03-02T10:59:13.102+0000] {subprocess.py:63} INFO - Tmp dir root location: /tmp
[2025-03-02T10:59:13.103+0000] {subprocess.py:75} INFO - Running command: ['/bin/bash', '-c', '\n\t\t\tcd /opt/*** &&\t\t\tpython /opt/***/executables/data_preparation.py &&                         dvc add /opt/***/data/cleaned &&                         git add /opt/***/data/cleaned.dvc && \t\t\tgit add logs && \\   \n\t\t\tgit add visualization &&    \t\t\tgit status &&                         git commit -m "Updated cleaned data version" -a &&                         dvc push && git push\n                    ']
[2025-03-02T10:59:13.115+0000] {subprocess.py:86} INFO - Output:
[2025-03-02T10:59:16.686+0000] {subprocess.py:93} INFO - 2025-03-02 10:59:16,686 : INFO : Starting data preparation for csv.
[2025-03-02T10:59:16.712+0000] {subprocess.py:93} INFO - 2025-03-02 10:59:16,712 : INFO : Handling 'Tenure', 'Balance', 'EstimatedSalary' empty data
[2025-03-02T10:59:16.713+0000] {subprocess.py:93} INFO - 2025-03-02 10:59:16,713 : INFO : Handling 'Age' empty data
[2025-03-02T10:59:16.715+0000] {subprocess.py:93} INFO - 2025-03-02 10:59:16,715 : INFO : Droping 'Surname' as it may lead to profiling, 'RowNumber', 'CustomerId' as it is not required
[2025-03-02T10:59:16.717+0000] {subprocess.py:93} INFO - 2025-03-02 10:59:16,717 : INFO : Making 'Geography', 'Gender', 'HasCrCard', 'IsActiveMember' as categorical
[2025-03-02T10:59:16.728+0000] {subprocess.py:93} INFO - 2025-03-02 10:59:16,727 : INFO : Saving data to S3.
[2025-03-02T10:59:16.728+0000] {subprocess.py:93} INFO - 2025-03-02 10:59:16,728 : INFO : Directory created at /opt/***/data/cleaned/02-03-2025/csv
[2025-03-02T10:59:16.997+0000] {subprocess.py:93} INFO - 2025-03-02 10:59:16,996 : INFO : Connected to s3
[2025-03-02T10:59:19.432+0000] {subprocess.py:93} INFO - 2025-03-02 10:59:19,432 : INFO : File uploaded to S3
[2025-03-02T10:59:19.434+0000] {subprocess.py:93} INFO - 2025-03-02 10:59:19,434 : INFO : Creating Pie chart
[2025-03-02T10:59:19.495+0000] {subprocess.py:93} INFO - 2025-03-02 10:59:19,495 : INFO : Generating histogram for column CreditScore.
[2025-03-02T10:59:19.649+0000] {subprocess.py:93} INFO - 2025-03-02 10:59:19,649 : INFO : Generating histogram for column Geography.
[2025-03-02T10:59:19.867+0000] {subprocess.py:93} INFO - 2025-03-02 10:59:19,866 : INFO : Generating histogram for column Gender.
[2025-03-02T10:59:20.044+0000] {subprocess.py:93} INFO - 2025-03-02 10:59:20,044 : INFO : Generating histogram for column Age.
[2025-03-02T10:59:20.251+0000] {subprocess.py:93} INFO - 2025-03-02 10:59:20,251 : INFO : Generating histogram for column Tenure.
[2025-03-02T10:59:20.431+0000] {subprocess.py:93} INFO - 2025-03-02 10:59:20,431 : INFO : Generating histogram for column Balance.
[2025-03-02T10:59:20.620+0000] {subprocess.py:93} INFO - 2025-03-02 10:59:20,620 : INFO : Generating histogram for column NumOfProducts.
[2025-03-02T10:59:20.806+0000] {subprocess.py:93} INFO - 2025-03-02 10:59:20,805 : INFO : Generating histogram for column HasCrCard.
[2025-03-02T10:59:21.077+0000] {subprocess.py:93} INFO - 2025-03-02 10:59:21,077 : INFO : Generating histogram for column IsActiveMember.
[2025-03-02T10:59:21.290+0000] {subprocess.py:93} INFO - 2025-03-02 10:59:21,290 : INFO : Generating histogram for column EstimatedSalary.
[2025-03-02T10:59:21.507+0000] {subprocess.py:93} INFO - 2025-03-02 10:59:21,507 : INFO : Generating histogram for column Exited.
[2025-03-02T10:59:21.725+0000] {subprocess.py:93} INFO - 2025-03-02 10:59:21,724 : INFO : Generating histogram for relation of Exited with Categorical data.
[2025-03-02T10:59:22.079+0000] {subprocess.py:93} INFO - 2025-03-02 10:59:22,078 : INFO : Using categorical units to plot a list of strings that are all parsable as floats or dates. If these strings should be plotted as numbers, cast to the appropriate data type before plotting.
[2025-03-02T10:59:22.099+0000] {subprocess.py:93} INFO - 2025-03-02 10:59:22,098 : INFO : Using categorical units to plot a list of strings that are all parsable as floats or dates. If these strings should be plotted as numbers, cast to the appropriate data type before plotting.
[2025-03-02T10:59:22.173+0000] {subprocess.py:93} INFO - 2025-03-02 10:59:22,173 : INFO : Using categorical units to plot a list of strings that are all parsable as floats or dates. If these strings should be plotted as numbers, cast to the appropriate data type before plotting.
[2025-03-02T10:59:22.193+0000] {subprocess.py:93} INFO - 2025-03-02 10:59:22,193 : INFO : Using categorical units to plot a list of strings that are all parsable as floats or dates. If these strings should be plotted as numbers, cast to the appropriate data type before plotting.
[2025-03-02T10:59:22.248+0000] {subprocess.py:93} INFO - 2025-03-02 10:59:22,247 : INFO : Generating box plots for relation of Exited with non Categorical data.
[2025-03-02T10:59:22.446+0000] {subprocess.py:93} INFO - 2025-03-02 10:59:22,446 : INFO : Using categorical units to plot a list of strings that are all parsable as floats or dates. If these strings should be plotted as numbers, cast to the appropriate data type before plotting.
[2025-03-02T10:59:22.471+0000] {subprocess.py:93} INFO - 2025-03-02 10:59:22,471 : INFO : Using categorical units to plot a list of strings that are all parsable as floats or dates. If these strings should be plotted as numbers, cast to the appropriate data type before plotting.
[2025-03-02T10:59:22.589+0000] {subprocess.py:93} INFO - 2025-03-02 10:59:22,589 : INFO : Using categorical units to plot a list of strings that are all parsable as floats or dates. If these strings should be plotted as numbers, cast to the appropriate data type before plotting.
[2025-03-02T10:59:22.625+0000] {subprocess.py:93} INFO - 2025-03-02 10:59:22,624 : INFO : Using categorical units to plot a list of strings that are all parsable as floats or dates. If these strings should be plotted as numbers, cast to the appropriate data type before plotting.
[2025-03-02T10:59:22.748+0000] {subprocess.py:93} INFO - 2025-03-02 10:59:22,747 : INFO : Using categorical units to plot a list of strings that are all parsable as floats or dates. If these strings should be plotted as numbers, cast to the appropriate data type before plotting.
[2025-03-02T10:59:22.772+0000] {subprocess.py:93} INFO - 2025-03-02 10:59:22,772 : INFO : Using categorical units to plot a list of strings that are all parsable as floats or dates. If these strings should be plotted as numbers, cast to the appropriate data type before plotting.
[2025-03-02T10:59:22.881+0000] {subprocess.py:93} INFO - 2025-03-02 10:59:22,880 : INFO : Using categorical units to plot a list of strings that are all parsable as floats or dates. If these strings should be plotted as numbers, cast to the appropriate data type before plotting.
[2025-03-02T10:59:22.906+0000] {subprocess.py:93} INFO - 2025-03-02 10:59:22,905 : INFO : Using categorical units to plot a list of strings that are all parsable as floats or dates. If these strings should be plotted as numbers, cast to the appropriate data type before plotting.
[2025-03-02T10:59:23.027+0000] {subprocess.py:93} INFO - 2025-03-02 10:59:23,027 : INFO : Using categorical units to plot a list of strings that are all parsable as floats or dates. If these strings should be plotted as numbers, cast to the appropriate data type before plotting.
[2025-03-02T10:59:23.053+0000] {subprocess.py:93} INFO - 2025-03-02 10:59:23,053 : INFO : Using categorical units to plot a list of strings that are all parsable as floats or dates. If these strings should be plotted as numbers, cast to the appropriate data type before plotting.
[2025-03-02T10:59:23.388+0000] {subprocess.py:93} INFO - 2025-03-02 10:59:23,388 : INFO : Using categorical units to plot a list of strings that are all parsable as floats or dates. If these strings should be plotted as numbers, cast to the appropriate data type before plotting.
[2025-03-02T10:59:23.425+0000] {subprocess.py:93} INFO - 2025-03-02 10:59:23,424 : INFO : Using categorical units to plot a list of strings that are all parsable as floats or dates. If these strings should be plotted as numbers, cast to the appropriate data type before plotting.
[2025-03-02T10:59:24.032+0000] {subprocess.py:93} INFO - 2025-03-02 10:59:24,032 : INFO : Saved pdf in visualization/plots.pdf
[2025-03-02T10:59:26.797+0000] {subprocess.py:93} INFO - 
[2025-03-02T10:59:26.797+0000] {subprocess.py:93} INFO - To track the changes with git, run:
[2025-03-02T10:59:26.798+0000] {subprocess.py:93} INFO - 
[2025-03-02T10:59:26.798+0000] {subprocess.py:93} INFO - 	git add data/cleaned.dvc
[2025-03-02T10:59:26.798+0000] {subprocess.py:93} INFO - 
[2025-03-02T10:59:26.798+0000] {subprocess.py:93} INFO - To enable auto staging, run:
[2025-03-02T10:59:26.798+0000] {subprocess.py:93} INFO - 
[2025-03-02T10:59:26.798+0000] {subprocess.py:93} INFO - 	dvc config core.autostage true
[2025-03-02T10:59:27.287+0000] {subprocess.py:93} INFO - /bin/bash: line 2:  : command not found
[2025-03-02T10:59:27.343+0000] {subprocess.py:93} INFO - On branch main
[2025-03-02T10:59:27.344+0000] {subprocess.py:93} INFO - Your branch is up to date with 'origin/main'.
[2025-03-02T10:59:27.344+0000] {subprocess.py:93} INFO - 
[2025-03-02T10:59:27.344+0000] {subprocess.py:93} INFO - Changes to be committed:
[2025-03-02T10:59:27.345+0000] {subprocess.py:93} INFO -   (use "git restore --staged <file>..." to unstage)
[2025-03-02T10:59:27.345+0000] {subprocess.py:93} INFO - 	new file:   logs/dag_id=customer_churn_ml_pipeline/run_id=manual__2025-03-02T10:58:14.792734+00:00/task_id=data_preparation_task/attempt=1.log
[2025-03-02T10:59:27.345+0000] {subprocess.py:93} INFO - 	modified:   logs/dag_id=customer_churn_ml_pipeline/run_id=manual__2025-03-02T10:58:14.792734+00:00/task_id=data_validation_task/attempt=1.log
[2025-03-02T10:59:27.346+0000] {subprocess.py:93} INFO - 	modified:   logs/dag_processor_manager/dag_processor_manager.log
[2025-03-02T10:59:27.346+0000] {subprocess.py:93} INFO - 	modified:   logs/data_preparation.log
[2025-03-02T10:59:27.347+0000] {subprocess.py:93} INFO - 	modified:   logs/scheduler/2025-03-02/customer_churn.py.log
[2025-03-02T10:59:27.347+0000] {subprocess.py:93} INFO - 	modified:   visualization/plots.pdf
[2025-03-02T10:59:27.347+0000] {subprocess.py:93} INFO - 
[2025-03-02T10:59:27.348+0000] {subprocess.py:93} INFO - Changes not staged for commit:
[2025-03-02T10:59:27.348+0000] {subprocess.py:93} INFO -   (use "git add <file>..." to update what will be committed)
[2025-03-02T10:59:27.348+0000] {subprocess.py:93} INFO -   (use "git restore <file>..." to discard changes in working directory)
[2025-03-02T10:59:27.349+0000] {subprocess.py:93} INFO - 	modified:   logs/dag_id=customer_churn_ml_pipeline/run_id=manual__2025-03-02T10:58:14.792734+00:00/task_id=data_preparation_task/attempt=1.log
[2025-03-02T10:59:27.349+0000] {subprocess.py:93} INFO - 
[2025-03-02T10:59:27.349+0000] {subprocess.py:93} INFO - Untracked files:
[2025-03-02T10:59:27.350+0000] {subprocess.py:93} INFO -   (use "git add <file>..." to include in what will be committed)
[2025-03-02T10:59:27.350+0000] {subprocess.py:93} INFO - 	customer_churn_stats/feature_repo/data/
[2025-03-02T10:59:27.350+0000] {subprocess.py:93} INFO - 
[2025-03-02T10:59:27.474+0000] {subprocess.py:93} INFO - [main 789e55b] Updated cleaned data version
[2025-03-02T10:59:27.475+0000] {subprocess.py:93} INFO -  6 files changed, 148 insertions(+)
[2025-03-02T10:59:27.475+0000] {subprocess.py:93} INFO -  create mode 100644 logs/dag_id=customer_churn_ml_pipeline/run_id=manual__2025-03-02T10:58:14.792734+00:00/task_id=data_preparation_task/attempt=1.log
[2025-03-02T10:59:33.837+0000] {subprocess.py:93} INFO - Everything is up to date.
[2025-03-02T10:59:35.857+0000] {subprocess.py:93} INFO - To https://github.com/anniemathew-trial/customer_churn_pipeline.git
[2025-03-02T10:59:35.858+0000] {subprocess.py:93} INFO -    f984d12..789e55b  main -> main
[2025-03-02T10:59:35.862+0000] {subprocess.py:97} INFO - Command exited with return code 0
[2025-03-02T10:59:35.904+0000] {taskinstance.py:1400} INFO - Marking task as SUCCESS. dag_id=customer_churn_ml_pipeline, task_id=data_preparation_task, execution_date=20250302T105814, start_date=20250302T105912, end_date=20250302T105935
[2025-03-02T10:59:35.959+0000] {local_task_job_runner.py:228} INFO - Task exited with return code 0
[2025-03-02T10:59:35.997+0000] {taskinstance.py:2778} INFO - 1 downstream tasks scheduled from follow-on schedule check
