[2025-03-02T10:01:13.530+0000] {taskinstance.py:1159} INFO - Dependencies all met for dep_context=non-requeueable deps ti=<TaskInstance: customer_churn_ml_pipeline.raw_data_storage_task manual__2025-03-02T10:01:02.599640+00:00 [queued]>
[2025-03-02T10:01:13.541+0000] {taskinstance.py:1159} INFO - Dependencies all met for dep_context=requeueable deps ti=<TaskInstance: customer_churn_ml_pipeline.raw_data_storage_task manual__2025-03-02T10:01:02.599640+00:00 [queued]>
[2025-03-02T10:01:13.541+0000] {taskinstance.py:1361} INFO - Starting attempt 1 of 1
[2025-03-02T10:01:13.558+0000] {taskinstance.py:1382} INFO - Executing <Task(BashOperator): raw_data_storage_task> on 2025-03-02 10:01:02.599640+00:00
[2025-03-02T10:01:13.563+0000] {standard_task_runner.py:57} INFO - Started process 9112 to run task
[2025-03-02T10:01:13.567+0000] {standard_task_runner.py:84} INFO - Running: ['***', 'tasks', 'run', 'customer_churn_ml_pipeline', 'raw_data_storage_task', 'manual__2025-03-02T10:01:02.599640+00:00', '--job-id', '120', '--raw', '--subdir', 'DAGS_FOLDER/customer_churn.py', '--cfg-path', '/tmp/tmpxkgx1h_m']
[2025-03-02T10:01:13.570+0000] {standard_task_runner.py:85} INFO - Job 120: Subtask raw_data_storage_task
[2025-03-02T10:01:13.593+0000] {logging_mixin.py:154} WARNING - /home/***/.local/lib/python3.8/site-packages/***/settings.py:195 DeprecationWarning: The sql_alchemy_conn option in [core] has been moved to the sql_alchemy_conn option in [database] - the old setting has been used, but please update your config.
[2025-03-02T10:01:13.644+0000] {task_command.py:416} INFO - Running <TaskInstance: customer_churn_ml_pipeline.raw_data_storage_task manual__2025-03-02T10:01:02.599640+00:00 [running]> on host 9113a5746a05
[2025-03-02T10:01:13.785+0000] {taskinstance.py:1662} INFO - Exporting env vars: AIRFLOW_CTX_DAG_OWNER='***' AIRFLOW_CTX_DAG_ID='customer_churn_ml_pipeline' AIRFLOW_CTX_TASK_ID='raw_data_storage_task' AIRFLOW_CTX_EXECUTION_DATE='2025-03-02T10:01:02.599640+00:00' AIRFLOW_CTX_TRY_NUMBER='1' AIRFLOW_CTX_DAG_RUN_ID='manual__2025-03-02T10:01:02.599640+00:00'
[2025-03-02T10:01:13.787+0000] {subprocess.py:63} INFO - Tmp dir root location: /tmp
[2025-03-02T10:01:13.787+0000] {subprocess.py:75} INFO - Running command: ['/bin/bash', '-c', '\n\t\t\tcd /opt/*** &&                        python /opt/***/executables/raw_data_storage.py && \t\t\tgit rm -r --cached \'opt/***/data/raw\' && \t\t\tgit commit -m "stop tracking data/raw"\n                        dvc add /opt/***/data/raw &&                         git add /opt/***/data/raw.dvc && \t\t\tgit add logs &&\\   \n   \t\t\tgit status &&                         git commit -m "Updated raw data storage" -a &&                         dvc push && git push\n                    ']
[2025-03-02T10:01:13.796+0000] {subprocess.py:86} INFO - Output:
[2025-03-02T10:01:14.373+0000] {subprocess.py:93} INFO - 2025-03-02 10:01:14,373 : INFO : Starting Raw Data upload for CSV
[2025-03-02T10:01:18.186+0000] {subprocess.py:93} INFO - 2025-03-02 10:01:18,186 : INFO : Upload completed for CSV.
[2025-03-02T10:01:18.187+0000] {subprocess.py:93} INFO - 2025-03-02 10:01:18,186 : INFO : Starting Raw Data upload for Database
[2025-03-02T10:01:20.959+0000] {subprocess.py:93} INFO - 2025-03-02 10:01:20,959 : INFO : Upload completed for database.
[2025-03-02T10:01:21.050+0000] {subprocess.py:93} INFO - fatal: pathspec 'opt/***/data/raw' did not match any files
[2025-03-02T10:01:22.504+0000] {subprocess.py:93} INFO - 
[2025-03-02T10:01:22.504+0000] {subprocess.py:93} INFO - To track the changes with git, run:
[2025-03-02T10:01:22.505+0000] {subprocess.py:93} INFO - 
[2025-03-02T10:01:22.505+0000] {subprocess.py:93} INFO - 	git add data/raw.dvc
[2025-03-02T10:01:22.506+0000] {subprocess.py:93} INFO - 
[2025-03-02T10:01:22.506+0000] {subprocess.py:93} INFO - To enable auto staging, run:
[2025-03-02T10:01:22.506+0000] {subprocess.py:93} INFO - 
[2025-03-02T10:01:22.506+0000] {subprocess.py:93} INFO - 	dvc config core.autostage true
[2025-03-02T10:01:22.726+0000] {subprocess.py:93} INFO - /bin/bash: line 3:  : command not found
[2025-03-02T10:01:22.740+0000] {subprocess.py:93} INFO - On branch main
[2025-03-02T10:01:22.741+0000] {subprocess.py:93} INFO - Your branch is up to date with 'origin/main'.
[2025-03-02T10:01:22.741+0000] {subprocess.py:93} INFO - 
[2025-03-02T10:01:22.741+0000] {subprocess.py:93} INFO - Changes to be committed:
[2025-03-02T10:01:22.741+0000] {subprocess.py:93} INFO -   (use "git restore --staged <file>..." to unstage)
[2025-03-02T10:01:22.741+0000] {subprocess.py:93} INFO - 	modified:   logs/dag_id=customer_churn_ml_pipeline/run_id=manual__2025-03-02T10:01:02.599640+00:00/task_id=data_ingestion_task/attempt=1.log
[2025-03-02T10:01:22.742+0000] {subprocess.py:93} INFO - 	new file:   logs/dag_id=customer_churn_ml_pipeline/run_id=manual__2025-03-02T10:01:02.599640+00:00/task_id=raw_data_storage_task/attempt=1.log
[2025-03-02T10:01:22.742+0000] {subprocess.py:93} INFO - 	modified:   logs/raw_data_storage.log
[2025-03-02T10:01:22.742+0000] {subprocess.py:93} INFO - 	modified:   logs/scheduler/2025-03-02/customer_churn.py.log
[2025-03-02T10:01:22.742+0000] {subprocess.py:93} INFO - 
[2025-03-02T10:01:22.742+0000] {subprocess.py:93} INFO - Changes not staged for commit:
[2025-03-02T10:01:22.742+0000] {subprocess.py:93} INFO -   (use "git add <file>..." to update what will be committed)
[2025-03-02T10:01:22.742+0000] {subprocess.py:93} INFO -   (use "git restore <file>..." to discard changes in working directory)
[2025-03-02T10:01:22.742+0000] {subprocess.py:93} INFO - 	modified:   logs/dag_id=customer_churn_ml_pipeline/run_id=manual__2025-03-02T10:01:02.599640+00:00/task_id=raw_data_storage_task/attempt=1.log
[2025-03-02T10:01:22.742+0000] {subprocess.py:93} INFO - 
[2025-03-02T10:01:22.760+0000] {subprocess.py:93} INFO - [main 170ac18] Updated raw data storage
[2025-03-02T10:01:22.760+0000] {subprocess.py:93} INFO -  4 files changed, 64 insertions(+)
[2025-03-02T10:01:22.760+0000] {subprocess.py:93} INFO -  create mode 100644 logs/dag_id=customer_churn_ml_pipeline/run_id=manual__2025-03-02T10:01:02.599640+00:00/task_id=raw_data_storage_task/attempt=1.log
[2025-03-02T10:01:26.937+0000] {subprocess.py:93} INFO - Everything is up to date.
[2025-03-02T10:01:31.336+0000] {subprocess.py:93} INFO - fatal: unable to access 'https://github.com/anniemathew-trial/customer_churn_pipeline.git/': gnutls_handshake() failed: The TLS connection was non-properly terminated.
[2025-03-02T10:01:31.339+0000] {subprocess.py:97} INFO - Command exited with return code 128
[2025-03-02T10:01:31.371+0000] {taskinstance.py:1937} ERROR - Task failed with exception
Traceback (most recent call last):
  File "/home/airflow/.local/lib/python3.8/site-packages/airflow/operators/bash.py", line 210, in execute
    raise AirflowException(
airflow.exceptions.AirflowException: Bash command failed. The command returned a non-zero exit code 128.
[2025-03-02T10:01:31.379+0000] {taskinstance.py:1400} INFO - Marking task as FAILED. dag_id=customer_churn_ml_pipeline, task_id=raw_data_storage_task, execution_date=20250302T100102, start_date=20250302T100113, end_date=20250302T100131
[2025-03-02T10:01:31.400+0000] {standard_task_runner.py:104} ERROR - Failed to execute job 120 for task raw_data_storage_task (Bash command failed. The command returned a non-zero exit code 128.; 9112)
[2025-03-02T10:01:31.429+0000] {local_task_job_runner.py:228} INFO - Task exited with return code 1
[2025-03-02T10:01:31.481+0000] {taskinstance.py:2778} INFO - 0 downstream tasks scheduled from follow-on schedule check
