[2025-03-02T12:51:29.232+0000] {taskinstance.py:1159} INFO - Dependencies all met for dep_context=non-requeueable deps ti=<TaskInstance: customer_churn_ml_pipeline.data_transformation_task manual__2025-03-02T12:50:14.407067+00:00 [queued]>
[2025-03-02T12:51:29.244+0000] {taskinstance.py:1159} INFO - Dependencies all met for dep_context=requeueable deps ti=<TaskInstance: customer_churn_ml_pipeline.data_transformation_task manual__2025-03-02T12:50:14.407067+00:00 [queued]>
[2025-03-02T12:51:29.245+0000] {taskinstance.py:1361} INFO - Starting attempt 1 of 1
[2025-03-02T12:51:29.263+0000] {taskinstance.py:1382} INFO - Executing <Task(BashOperator): data_transformation_task> on 2025-03-02 12:50:14.407067+00:00
[2025-03-02T12:51:29.269+0000] {standard_task_runner.py:57} INFO - Started process 19623 to run task
[2025-03-02T12:51:29.272+0000] {standard_task_runner.py:84} INFO - Running: ['***', 'tasks', 'run', 'customer_churn_ml_pipeline', 'data_transformation_task', 'manual__2025-03-02T12:50:14.407067+00:00', '--job-id', '264', '--raw', '--subdir', 'DAGS_FOLDER/customer_churn.py', '--cfg-path', '/tmp/tmp_t3jg450']
[2025-03-02T12:51:29.275+0000] {standard_task_runner.py:85} INFO - Job 264: Subtask data_transformation_task
[2025-03-02T12:51:29.296+0000] {logging_mixin.py:154} WARNING - /home/***/.local/lib/python3.8/site-packages/***/settings.py:195 DeprecationWarning: The sql_alchemy_conn option in [core] has been moved to the sql_alchemy_conn option in [database] - the old setting has been used, but please update your config.
[2025-03-02T12:51:29.340+0000] {task_command.py:416} INFO - Running <TaskInstance: customer_churn_ml_pipeline.data_transformation_task manual__2025-03-02T12:50:14.407067+00:00 [running]> on host 9113a5746a05
[2025-03-02T12:51:29.467+0000] {taskinstance.py:1662} INFO - Exporting env vars: AIRFLOW_CTX_DAG_OWNER='***' AIRFLOW_CTX_DAG_ID='customer_churn_ml_pipeline' AIRFLOW_CTX_TASK_ID='data_transformation_task' AIRFLOW_CTX_EXECUTION_DATE='2025-03-02T12:50:14.407067+00:00' AIRFLOW_CTX_TRY_NUMBER='1' AIRFLOW_CTX_DAG_RUN_ID='manual__2025-03-02T12:50:14.407067+00:00'
[2025-03-02T12:51:29.468+0000] {subprocess.py:63} INFO - Tmp dir root location: /tmp
[2025-03-02T12:51:29.469+0000] {subprocess.py:75} INFO - Running command: ['/bin/bash', '-c', '\n\t\t\tcd /opt/*** &&                        dvc pull /opt/***/data/cleaned\n                        python /opt/***/executables/data_transformation.py &&                         dvc add /opt/***/data/transformed &&                         git add /opt/***/data/transformed.dvc && \t\t\tgit add logs &&    \t\t\tgit status &&                         git commit -m "Updated transformed data version" -a &&                         dvc push && git push\n                    ']
[2025-03-02T12:51:29.478+0000] {subprocess.py:86} INFO - Output:
[2025-03-02T12:51:33.016+0000] {subprocess.py:93} INFO - Everything is up to date.
[2025-03-02T12:51:35.216+0000] {subprocess.py:93} INFO - 2025-03-02 12:51:35,215 : INFO : Starting data transformation for csv.
[2025-03-02T12:51:35.244+0000] {subprocess.py:93} INFO - 2025-03-02 12:51:35,244 : INFO : Scaling 'Tenure', 'Balance', 'EstimatedSalary'.
[2025-03-02T12:51:35.251+0000] {subprocess.py:93} INFO - 2025-03-02 12:51:35,251 : INFO : Saving data to S3.
[2025-03-02T12:51:40.727+0000] {subprocess.py:93} INFO - 
[2025-03-02T12:51:40.727+0000] {subprocess.py:93} INFO - To track the changes with git, run:
[2025-03-02T12:51:40.728+0000] {subprocess.py:93} INFO - 
[2025-03-02T12:51:40.728+0000] {subprocess.py:93} INFO - 	git add data/transformed.dvc
[2025-03-02T12:51:40.728+0000] {subprocess.py:93} INFO - 
[2025-03-02T12:51:40.728+0000] {subprocess.py:93} INFO - To enable auto staging, run:
[2025-03-02T12:51:40.729+0000] {subprocess.py:93} INFO - 
[2025-03-02T12:51:40.729+0000] {subprocess.py:93} INFO - 	dvc config core.autostage true
[2025-03-02T12:51:41.046+0000] {subprocess.py:93} INFO - On branch main
[2025-03-02T12:51:41.047+0000] {subprocess.py:93} INFO - Your branch is up to date with 'origin/main'.
[2025-03-02T12:51:41.047+0000] {subprocess.py:93} INFO - 
[2025-03-02T12:51:41.047+0000] {subprocess.py:93} INFO - Changes to be committed:
[2025-03-02T12:51:41.048+0000] {subprocess.py:93} INFO -   (use "git restore --staged <file>..." to unstage)
[2025-03-02T12:51:41.048+0000] {subprocess.py:93} INFO - 	modified:   logs/dag_id=customer_churn_ml_pipeline/run_id=manual__2025-03-02T12:50:14.407067+00:00/task_id=data_preparation_task/attempt=1.log
[2025-03-02T12:51:41.048+0000] {subprocess.py:93} INFO - 	new file:   logs/dag_id=customer_churn_ml_pipeline/run_id=manual__2025-03-02T12:50:14.407067+00:00/task_id=data_transformation_task/attempt=1.log
[2025-03-02T12:51:41.048+0000] {subprocess.py:93} INFO - 	modified:   logs/data_transformation.log
[2025-03-02T12:51:41.049+0000] {subprocess.py:93} INFO - 	modified:   logs/scheduler/2025-03-02/customer_churn.py.log
[2025-03-02T12:51:41.049+0000] {subprocess.py:93} INFO - 
[2025-03-02T12:51:41.049+0000] {subprocess.py:93} INFO - Untracked files:
[2025-03-02T12:51:41.050+0000] {subprocess.py:93} INFO -   (use "git add <file>..." to include in what will be committed)
[2025-03-02T12:51:41.050+0000] {subprocess.py:93} INFO - 	customer_churn_stats/feature_repo/data/
[2025-03-02T12:51:41.050+0000] {subprocess.py:93} INFO - 	mlruns/mlruns/mlruns/
[2025-03-02T12:51:41.050+0000] {subprocess.py:93} INFO - 
[2025-03-02T12:51:41.080+0000] {subprocess.py:93} INFO - [main d037cb9] Updated transformed data version
[2025-03-02T12:51:41.081+0000] {subprocess.py:93} INFO -  4 files changed, 60 insertions(+)
[2025-03-02T12:51:41.081+0000] {subprocess.py:93} INFO -  create mode 100644 logs/dag_id=customer_churn_ml_pipeline/run_id=manual__2025-03-02T12:50:14.407067+00:00/task_id=data_transformation_task/attempt=1.log
[2025-03-02T12:51:47.235+0000] {subprocess.py:93} INFO - Everything is up to date.
[2025-03-02T12:51:49.340+0000] {subprocess.py:93} INFO - To https://github.com/anniemathew-trial/customer_churn_pipeline.git
[2025-03-02T12:51:49.341+0000] {subprocess.py:93} INFO -    b30560d..d037cb9  main -> main
[2025-03-02T12:51:49.355+0000] {subprocess.py:97} INFO - Command exited with return code 0
[2025-03-02T12:51:49.417+0000] {taskinstance.py:1400} INFO - Marking task as SUCCESS. dag_id=customer_churn_ml_pipeline, task_id=data_transformation_task, execution_date=20250302T125014, start_date=20250302T125129, end_date=20250302T125149
[2025-03-02T12:51:49.475+0000] {local_task_job_runner.py:228} INFO - Task exited with return code 0
[2025-03-02T12:51:49.552+0000] {taskinstance.py:2778} INFO - 1 downstream tasks scheduled from follow-on schedule check
