[2025-03-02T10:21:59.462+0000] {taskinstance.py:1159} INFO - Dependencies all met for dep_context=non-requeueable deps ti=<TaskInstance: customer_churn_ml_pipeline.data_storage_task manual__2025-03-02T10:20:28.442634+00:00 [queued]>
[2025-03-02T10:21:59.476+0000] {taskinstance.py:1159} INFO - Dependencies all met for dep_context=requeueable deps ti=<TaskInstance: customer_churn_ml_pipeline.data_storage_task manual__2025-03-02T10:20:28.442634+00:00 [queued]>
[2025-03-02T10:21:59.477+0000] {taskinstance.py:1361} INFO - Starting attempt 1 of 1
[2025-03-02T10:21:59.500+0000] {taskinstance.py:1382} INFO - Executing <Task(BashOperator): data_storage_task> on 2025-03-02 10:20:28.442634+00:00
[2025-03-02T10:21:59.505+0000] {standard_task_runner.py:57} INFO - Started process 11095 to run task
[2025-03-02T10:21:59.510+0000] {standard_task_runner.py:84} INFO - Running: ['***', 'tasks', 'run', 'customer_churn_ml_pipeline', 'data_storage_task', 'manual__2025-03-02T10:20:28.442634+00:00', '--job-id', '153', '--raw', '--subdir', 'DAGS_FOLDER/customer_churn.py', '--cfg-path', '/tmp/tmpf4x888lv']
[2025-03-02T10:21:59.514+0000] {standard_task_runner.py:85} INFO - Job 153: Subtask data_storage_task
[2025-03-02T10:21:59.546+0000] {logging_mixin.py:154} WARNING - /home/***/.local/lib/python3.8/site-packages/***/settings.py:195 DeprecationWarning: The sql_alchemy_conn option in [core] has been moved to the sql_alchemy_conn option in [database] - the old setting has been used, but please update your config.
[2025-03-02T10:21:59.661+0000] {task_command.py:416} INFO - Running <TaskInstance: customer_churn_ml_pipeline.data_storage_task manual__2025-03-02T10:20:28.442634+00:00 [running]> on host 9113a5746a05
[2025-03-02T10:21:59.827+0000] {taskinstance.py:1662} INFO - Exporting env vars: AIRFLOW_CTX_DAG_OWNER='***' AIRFLOW_CTX_DAG_ID='customer_churn_ml_pipeline' AIRFLOW_CTX_TASK_ID='data_storage_task' AIRFLOW_CTX_EXECUTION_DATE='2025-03-02T10:20:28.442634+00:00' AIRFLOW_CTX_TRY_NUMBER='1' AIRFLOW_CTX_DAG_RUN_ID='manual__2025-03-02T10:20:28.442634+00:00'
[2025-03-02T10:21:59.829+0000] {subprocess.py:63} INFO - Tmp dir root location: /tmp
[2025-03-02T10:21:59.830+0000] {subprocess.py:75} INFO - Running command: ['/bin/bash', '-c', '\n\t\t\tcd /opt/***\n                        dvc pull /opt/***/data/transformed\n                        python /opt/***/executables/data_storage.py && \t\t\tgit add logs &&    \t\t\tgit status &&                         git commit -m "Updated stored data version" -a &&                         dvc push && git push\n                    ']
[2025-03-02T10:21:59.844+0000] {subprocess.py:86} INFO - Output:
[2025-03-02T10:22:04.008+0000] {subprocess.py:93} INFO - Everything is up to date.
[2025-03-02T10:22:06.613+0000] {subprocess.py:93} INFO - 2025-03-02 10:22:06,613 : INFO : Connecting to Database
[2025-03-02T10:22:06.616+0000] {subprocess.py:93} INFO - 2025-03-02 10:22:06,616 : ERROR : Error storing data: ('01000', "[01000] [unixODBC][Driver Manager]Can't open lib '{ODBC Driver 17 for SQL Server};SERVER=dmml_customer_churn_setup-sqlserver-1,1433;DATABASE=customer_churn_db;UID=sa;PWD=NewPASS1234' : file not found (0) (SQLDriverConnect)")
[2025-03-02T10:22:06.825+0000] {subprocess.py:93} INFO - On branch main
[2025-03-02T10:22:06.826+0000] {subprocess.py:93} INFO - Your branch is up to date with 'origin/main'.
[2025-03-02T10:22:06.827+0000] {subprocess.py:93} INFO - 
[2025-03-02T10:22:06.827+0000] {subprocess.py:93} INFO - Changes to be committed:
[2025-03-02T10:22:06.828+0000] {subprocess.py:93} INFO -   (use "git restore --staged <file>..." to unstage)
[2025-03-02T10:22:06.829+0000] {subprocess.py:93} INFO - 	new file:   logs/dag_id=customer_churn_ml_pipeline/run_id=manual__2025-03-02T10:20:28.442634+00:00/task_id=data_storage_task/attempt=1.log
[2025-03-02T10:22:06.829+0000] {subprocess.py:93} INFO - 	modified:   logs/dag_id=customer_churn_ml_pipeline/run_id=manual__2025-03-02T10:20:28.442634+00:00/task_id=data_transformation_task/attempt=1.log
[2025-03-02T10:22:06.830+0000] {subprocess.py:93} INFO - 	modified:   logs/data_storage.log
[2025-03-02T10:22:06.831+0000] {subprocess.py:93} INFO - 	modified:   logs/scheduler/2025-03-02/customer_churn.py.log
[2025-03-02T10:22:06.831+0000] {subprocess.py:93} INFO - 
[2025-03-02T10:22:06.831+0000] {subprocess.py:93} INFO - Untracked files:
[2025-03-02T10:22:06.832+0000] {subprocess.py:93} INFO -   (use "git add <file>..." to include in what will be committed)
[2025-03-02T10:22:06.832+0000] {subprocess.py:93} INFO - 	customer_churn_stats/feature_repo/data/
[2025-03-02T10:22:06.832+0000] {subprocess.py:93} INFO - 
[2025-03-02T10:22:06.866+0000] {subprocess.py:93} INFO - [main b4c46b4] Updated stored data version
[2025-03-02T10:22:06.866+0000] {subprocess.py:93} INFO -  4 files changed, 49 insertions(+)
[2025-03-02T10:22:06.867+0000] {subprocess.py:93} INFO -  create mode 100644 logs/dag_id=customer_churn_ml_pipeline/run_id=manual__2025-03-02T10:20:28.442634+00:00/task_id=data_storage_task/attempt=1.log
[2025-03-02T10:22:12.610+0000] {subprocess.py:93} INFO - Everything is up to date.
[2025-03-02T10:22:14.316+0000] {subprocess.py:93} INFO - To https://github.com/anniemathew-trial/customer_churn_pipeline.git
[2025-03-02T10:22:14.317+0000] {subprocess.py:93} INFO -    5e44695..b4c46b4  main -> main
[2025-03-02T10:22:14.322+0000] {subprocess.py:97} INFO - Command exited with return code 0
[2025-03-02T10:22:14.375+0000] {taskinstance.py:1400} INFO - Marking task as SUCCESS. dag_id=customer_churn_ml_pipeline, task_id=data_storage_task, execution_date=20250302T102028, start_date=20250302T102159, end_date=20250302T102214
[2025-03-02T10:22:14.405+0000] {local_task_job_runner.py:228} INFO - Task exited with return code 0
[2025-03-02T10:22:14.456+0000] {taskinstance.py:2778} INFO - 1 downstream tasks scheduled from follow-on schedule check
