[2025-03-03T23:30:37.649+0000] {taskinstance.py:1159} INFO - Dependencies all met for dep_context=non-requeueable deps ti=<TaskInstance: customer_churn_ml_pipeline.data_preparation_task manual__2025-03-03T23:29:56.597639+00:00 [queued]>
[2025-03-03T23:30:37.659+0000] {taskinstance.py:1159} INFO - Dependencies all met for dep_context=requeueable deps ti=<TaskInstance: customer_churn_ml_pipeline.data_preparation_task manual__2025-03-03T23:29:56.597639+00:00 [queued]>
[2025-03-03T23:30:37.659+0000] {taskinstance.py:1361} INFO - Starting attempt 1 of 1
[2025-03-03T23:30:37.676+0000] {taskinstance.py:1382} INFO - Executing <Task(BashOperator): data_preparation_task> on 2025-03-03 23:29:56.597639+00:00
[2025-03-03T23:30:37.680+0000] {standard_task_runner.py:57} INFO - Started process 6940 to run task
[2025-03-03T23:30:37.684+0000] {standard_task_runner.py:84} INFO - Running: ['***', 'tasks', 'run', 'customer_churn_ml_pipeline', 'data_preparation_task', 'manual__2025-03-03T23:29:56.597639+00:00', '--job-id', '241', '--raw', '--subdir', 'DAGS_FOLDER/customer_churn.py', '--cfg-path', '/tmp/tmpfigecju3']
[2025-03-03T23:30:37.687+0000] {standard_task_runner.py:85} INFO - Job 241: Subtask data_preparation_task
[2025-03-03T23:30:37.710+0000] {logging_mixin.py:154} WARNING - /home/***/.local/lib/python3.8/site-packages/***/settings.py:195 DeprecationWarning: The sql_alchemy_conn option in [core] has been moved to the sql_alchemy_conn option in [database] - the old setting has been used, but please update your config.
[2025-03-03T23:30:37.759+0000] {task_command.py:416} INFO - Running <TaskInstance: customer_churn_ml_pipeline.data_preparation_task manual__2025-03-03T23:29:56.597639+00:00 [running]> on host 157237bff8f7
[2025-03-03T23:30:37.891+0000] {taskinstance.py:1662} INFO - Exporting env vars: AIRFLOW_CTX_DAG_OWNER='***' AIRFLOW_CTX_DAG_ID='customer_churn_ml_pipeline' AIRFLOW_CTX_TASK_ID='data_preparation_task' AIRFLOW_CTX_EXECUTION_DATE='2025-03-03T23:29:56.597639+00:00' AIRFLOW_CTX_TRY_NUMBER='1' AIRFLOW_CTX_DAG_RUN_ID='manual__2025-03-03T23:29:56.597639+00:00'
[2025-03-03T23:30:37.892+0000] {subprocess.py:63} INFO - Tmp dir root location: /tmp
[2025-03-03T23:30:37.894+0000] {subprocess.py:75} INFO - Running command: ['/bin/bash', '-c', '\n\t\t\tcd /opt/*** &&\t\t\tpython /opt/***/executables/data_preparation.py &&                         dvc add /opt/***/data/cleaned &&                         git add /opt/***/data/cleaned.dvc && \t\t\tgit add logs && \\   \n\t\t\tgit add visualization &&    \t\t\tgit status &&                         git commit -m "Updated cleaned data version" -a &&                         dvc push && git push\n                    ']
[2025-03-03T23:30:37.907+0000] {subprocess.py:86} INFO - Output:
[2025-03-03T23:30:41.441+0000] {subprocess.py:93} INFO - 2025-03-03 23:30:41,441 : INFO : Starting data preparation for customer_data.csv.
[2025-03-03T23:30:41.466+0000] {subprocess.py:93} INFO - 2025-03-03 23:30:41,466 : INFO : Dropping 'Estimated Salary' & 'Credit Score' with 0 & negative values
[2025-03-03T23:30:41.470+0000] {subprocess.py:93} INFO - 2025-03-03 23:30:41,469 : INFO : Handling 'Balance', 'EstimatedSalary' empty data with mean
[2025-03-03T23:30:41.470+0000] {subprocess.py:93} INFO - 2025-03-03 23:30:41,470 : INFO : Handling 'Tenure', 'Age' empty data with tenure + 18 in age and droping tenure with 0 values & negative values
[2025-03-03T23:30:41.485+0000] {subprocess.py:93} INFO - 2025-03-03 23:30:41,485 : INFO : Dropping 'Tenure' less than 0 and greater than 80
[2025-03-03T23:30:41.489+0000] {subprocess.py:93} INFO - 2025-03-03 23:30:41,489 : INFO : Handling 'Age' empty data
[2025-03-03T23:30:41.491+0000] {subprocess.py:93} INFO - 2025-03-03 23:30:41,490 : INFO : Dropping 'Age' less than 18 and greater than 110
[2025-03-03T23:30:41.493+0000] {subprocess.py:93} INFO - 2025-03-03 23:30:41,493 : INFO : Droping 'Surname' as it may lead to profiling, 'RowNumber', 'CustomerId' as it is not required
[2025-03-03T23:30:41.496+0000] {subprocess.py:93} INFO - 2025-03-03 23:30:41,496 : INFO : Making 'Geography', 'Gender' as categorical
[2025-03-03T23:30:41.502+0000] {subprocess.py:93} INFO - 2025-03-03 23:30:41,502 : INFO : Making 'HasCrCard', 'IsActiveMember', 'Exited' as integers
[2025-03-03T23:30:41.504+0000] {subprocess.py:93} INFO - 2025-03-03 23:30:41,503 : INFO : Saving data to S3.
[2025-03-03T23:30:41.504+0000] {subprocess.py:93} INFO - 2025-03-03 23:30:41,504 : INFO : Directory created at /opt/***/data/cleaned/fintech1/03-03-2025/csv
[2025-03-03T23:30:41.847+0000] {subprocess.py:93} INFO - 2025-03-03 23:30:41,846 : INFO : Connected to s3
[2025-03-03T23:30:44.763+0000] {subprocess.py:93} INFO - 2025-03-03 23:30:44,763 : INFO : File uploaded to S3
[2025-03-03T23:30:44.764+0000] {subprocess.py:93} INFO - 2025-03-03 23:30:44,764 : INFO : Creating Pie chart
[2025-03-03T23:30:44.825+0000] {subprocess.py:93} INFO - 2025-03-03 23:30:44,824 : INFO : Generating histogram for column CreditScore.
[2025-03-03T23:30:44.983+0000] {subprocess.py:93} INFO - 2025-03-03 23:30:44,983 : INFO : Generating histogram for column Geography.
[2025-03-03T23:30:45.166+0000] {subprocess.py:93} INFO - 2025-03-03 23:30:45,166 : INFO : Generating histogram for column Gender.
[2025-03-03T23:30:45.276+0000] {subprocess.py:93} INFO - 2025-03-03 23:30:45,276 : INFO : Generating histogram for column Age.
[2025-03-03T23:30:45.438+0000] {subprocess.py:93} INFO - 2025-03-03 23:30:45,438 : INFO : Generating histogram for column Tenure.
[2025-03-03T23:30:45.600+0000] {subprocess.py:93} INFO - 2025-03-03 23:30:45,599 : INFO : Generating histogram for column Balance.
[2025-03-03T23:30:45.779+0000] {subprocess.py:93} INFO - 2025-03-03 23:30:45,779 : INFO : Generating histogram for column NumOfProducts.
[2025-03-03T23:30:45.947+0000] {subprocess.py:93} INFO - 2025-03-03 23:30:45,946 : INFO : Generating histogram for column HasCrCard.
[2025-03-03T23:30:46.131+0000] {subprocess.py:93} INFO - 2025-03-03 23:30:46,130 : INFO : Generating histogram for column IsActiveMember.
[2025-03-03T23:30:46.301+0000] {subprocess.py:93} INFO - 2025-03-03 23:30:46,301 : INFO : Generating histogram for column EstimatedSalary.
[2025-03-03T23:30:46.484+0000] {subprocess.py:93} INFO - 2025-03-03 23:30:46,484 : INFO : Generating histogram for column Exited.
[2025-03-03T23:30:46.670+0000] {subprocess.py:93} INFO - 2025-03-03 23:30:46,669 : INFO : Generating histogram for relation of Exited with Categorical data.
[2025-03-03T23:30:47.035+0000] {subprocess.py:93} INFO - 2025-03-03 23:30:47,035 : INFO : Using categorical units to plot a list of strings that are all parsable as floats or dates. If these strings should be plotted as numbers, cast to the appropriate data type before plotting.
[2025-03-03T23:30:47.053+0000] {subprocess.py:93} INFO - 2025-03-03 23:30:47,052 : INFO : Using categorical units to plot a list of strings that are all parsable as floats or dates. If these strings should be plotted as numbers, cast to the appropriate data type before plotting.
[2025-03-03T23:30:47.135+0000] {subprocess.py:93} INFO - 2025-03-03 23:30:47,135 : INFO : Using categorical units to plot a list of strings that are all parsable as floats or dates. If these strings should be plotted as numbers, cast to the appropriate data type before plotting.
[2025-03-03T23:30:47.152+0000] {subprocess.py:93} INFO - 2025-03-03 23:30:47,151 : INFO : Using categorical units to plot a list of strings that are all parsable as floats or dates. If these strings should be plotted as numbers, cast to the appropriate data type before plotting.
[2025-03-03T23:30:47.201+0000] {subprocess.py:93} INFO - 2025-03-03 23:30:47,201 : INFO : Generating box plots for relation of Exited with non Categorical data.
[2025-03-03T23:30:47.369+0000] {subprocess.py:93} INFO - 2025-03-03 23:30:47,368 : INFO : Using categorical units to plot a list of strings that are all parsable as floats or dates. If these strings should be plotted as numbers, cast to the appropriate data type before plotting.
[2025-03-03T23:30:47.384+0000] {subprocess.py:93} INFO - 2025-03-03 23:30:47,383 : INFO : Using categorical units to plot a list of strings that are all parsable as floats or dates. If these strings should be plotted as numbers, cast to the appropriate data type before plotting.
[2025-03-03T23:30:47.475+0000] {subprocess.py:93} INFO - 2025-03-03 23:30:47,474 : INFO : Using categorical units to plot a list of strings that are all parsable as floats or dates. If these strings should be plotted as numbers, cast to the appropriate data type before plotting.
[2025-03-03T23:30:47.490+0000] {subprocess.py:93} INFO - 2025-03-03 23:30:47,490 : INFO : Using categorical units to plot a list of strings that are all parsable as floats or dates. If these strings should be plotted as numbers, cast to the appropriate data type before plotting.
[2025-03-03T23:30:47.590+0000] {subprocess.py:93} INFO - 2025-03-03 23:30:47,590 : INFO : Using categorical units to plot a list of strings that are all parsable as floats or dates. If these strings should be plotted as numbers, cast to the appropriate data type before plotting.
[2025-03-03T23:30:47.608+0000] {subprocess.py:93} INFO - 2025-03-03 23:30:47,607 : INFO : Using categorical units to plot a list of strings that are all parsable as floats or dates. If these strings should be plotted as numbers, cast to the appropriate data type before plotting.
[2025-03-03T23:30:47.698+0000] {subprocess.py:93} INFO - 2025-03-03 23:30:47,698 : INFO : Using categorical units to plot a list of strings that are all parsable as floats or dates. If these strings should be plotted as numbers, cast to the appropriate data type before plotting.
[2025-03-03T23:30:47.715+0000] {subprocess.py:93} INFO - 2025-03-03 23:30:47,714 : INFO : Using categorical units to plot a list of strings that are all parsable as floats or dates. If these strings should be plotted as numbers, cast to the appropriate data type before plotting.
[2025-03-03T23:30:47.819+0000] {subprocess.py:93} INFO - 2025-03-03 23:30:47,819 : INFO : Using categorical units to plot a list of strings that are all parsable as floats or dates. If these strings should be plotted as numbers, cast to the appropriate data type before plotting.
[2025-03-03T23:30:47.836+0000] {subprocess.py:93} INFO - 2025-03-03 23:30:47,836 : INFO : Using categorical units to plot a list of strings that are all parsable as floats or dates. If these strings should be plotted as numbers, cast to the appropriate data type before plotting.
[2025-03-03T23:30:48.064+0000] {subprocess.py:93} INFO - 2025-03-03 23:30:48,063 : INFO : Using categorical units to plot a list of strings that are all parsable as floats or dates. If these strings should be plotted as numbers, cast to the appropriate data type before plotting.
[2025-03-03T23:30:48.087+0000] {subprocess.py:93} INFO - 2025-03-03 23:30:48,087 : INFO : Using categorical units to plot a list of strings that are all parsable as floats or dates. If these strings should be plotted as numbers, cast to the appropriate data type before plotting.
[2025-03-03T23:30:48.643+0000] {subprocess.py:93} INFO - 2025-03-03 23:30:48,642 : INFO : Saved pdf in /opt/***/visualization/fintech1/03-03-2025/csv/plots.pdf
[2025-03-03T23:30:48.692+0000] {subprocess.py:93} INFO - 2025-03-03 23:30:48,692 : INFO : Starting data preparation for database_data.csv.
[2025-03-03T23:30:48.717+0000] {subprocess.py:93} INFO - 2025-03-03 23:30:48,717 : INFO : Dropping 'Estimated Salary' & 'Credit Score' with 0 & negative values
[2025-03-03T23:30:48.721+0000] {subprocess.py:93} INFO - 2025-03-03 23:30:48,720 : INFO : Handling 'Balance', 'EstimatedSalary' empty data with mean
[2025-03-03T23:30:48.721+0000] {subprocess.py:93} INFO - 2025-03-03 23:30:48,721 : INFO : Handling 'Tenure', 'Age' empty data with tenure + 18 in age and droping tenure with 0 values & negative values
[2025-03-03T23:30:48.721+0000] {subprocess.py:93} INFO - 2025-03-03 23:30:48,721 : INFO : Dropping 'Tenure' less than 0 and greater than 80
[2025-03-03T23:30:48.724+0000] {subprocess.py:93} INFO - 2025-03-03 23:30:48,724 : INFO : Handling 'Age' empty data
[2025-03-03T23:30:48.726+0000] {subprocess.py:93} INFO - 2025-03-03 23:30:48,726 : INFO : Dropping 'Age' less than 18 and greater than 110
[2025-03-03T23:30:48.730+0000] {subprocess.py:93} INFO - 2025-03-03 23:30:48,729 : INFO : Droping 'Surname' as it may lead to profiling, 'RowNumber', 'CustomerId' as it is not required
[2025-03-03T23:30:48.732+0000] {subprocess.py:93} INFO - 2025-03-03 23:30:48,731 : INFO : Making 'Geography', 'Gender' as categorical
[2025-03-03T23:30:48.738+0000] {subprocess.py:93} INFO - 2025-03-03 23:30:48,737 : INFO : Making 'HasCrCard', 'IsActiveMember', 'Exited' as integers
[2025-03-03T23:30:48.739+0000] {subprocess.py:93} INFO - 2025-03-03 23:30:48,739 : INFO : Saving data to S3.
[2025-03-03T23:30:48.740+0000] {subprocess.py:93} INFO - 2025-03-03 23:30:48,739 : INFO : Directory created at /opt/***/data/cleaned/fintech2/03-03-2025/database
[2025-03-03T23:30:48.839+0000] {subprocess.py:93} INFO - 2025-03-03 23:30:48,838 : INFO : Connected to s3
[2025-03-03T23:30:51.436+0000] {subprocess.py:93} INFO - 2025-03-03 23:30:51,436 : INFO : File uploaded to S3
[2025-03-03T23:30:51.437+0000] {subprocess.py:93} INFO - 2025-03-03 23:30:51,437 : INFO : Creating Pie chart
[2025-03-03T23:30:51.500+0000] {subprocess.py:93} INFO - 2025-03-03 23:30:51,500 : INFO : Generating histogram for column CreditScore.
[2025-03-03T23:30:51.600+0000] {subprocess.py:93} INFO - 2025-03-03 23:30:51,599 : INFO : Generating histogram for column Geography.
[2025-03-03T23:30:51.691+0000] {subprocess.py:93} INFO - 2025-03-03 23:30:51,691 : INFO : Generating histogram for column Gender.
[2025-03-03T23:30:51.775+0000] {subprocess.py:93} INFO - 2025-03-03 23:30:51,774 : INFO : Generating histogram for column Age.
[2025-03-03T23:30:51.894+0000] {subprocess.py:93} INFO - 2025-03-03 23:30:51,894 : INFO : Generating histogram for column Tenure.
[2025-03-03T23:30:52.017+0000] {subprocess.py:93} INFO - 2025-03-03 23:30:52,016 : INFO : Generating histogram for column Balance.
[2025-03-03T23:30:52.158+0000] {subprocess.py:93} INFO - 2025-03-03 23:30:52,158 : INFO : Generating histogram for column NumOfProducts.
[2025-03-03T23:30:52.301+0000] {subprocess.py:93} INFO - 2025-03-03 23:30:52,301 : INFO : Generating histogram for column HasCrCard.
[2025-03-03T23:30:52.455+0000] {subprocess.py:93} INFO - 2025-03-03 23:30:52,455 : INFO : Generating histogram for column IsActiveMember.
[2025-03-03T23:30:52.606+0000] {subprocess.py:93} INFO - 2025-03-03 23:30:52,605 : INFO : Generating histogram for column EstimatedSalary.
[2025-03-03T23:30:52.783+0000] {subprocess.py:93} INFO - 2025-03-03 23:30:52,783 : INFO : Generating histogram for column Exited.
[2025-03-03T23:30:52.963+0000] {subprocess.py:93} INFO - 2025-03-03 23:30:52,962 : INFO : Generating histogram for relation of Exited with Categorical data.
[2025-03-03T23:30:53.373+0000] {subprocess.py:93} INFO - 2025-03-03 23:30:53,372 : INFO : Using categorical units to plot a list of strings that are all parsable as floats or dates. If these strings should be plotted as numbers, cast to the appropriate data type before plotting.
[2025-03-03T23:30:53.390+0000] {subprocess.py:93} INFO - 2025-03-03 23:30:53,389 : INFO : Using categorical units to plot a list of strings that are all parsable as floats or dates. If these strings should be plotted as numbers, cast to the appropriate data type before plotting.
[2025-03-03T23:30:53.473+0000] {subprocess.py:93} INFO - 2025-03-03 23:30:53,473 : INFO : Using categorical units to plot a list of strings that are all parsable as floats or dates. If these strings should be plotted as numbers, cast to the appropriate data type before plotting.
[2025-03-03T23:30:53.490+0000] {subprocess.py:93} INFO - 2025-03-03 23:30:53,489 : INFO : Using categorical units to plot a list of strings that are all parsable as floats or dates. If these strings should be plotted as numbers, cast to the appropriate data type before plotting.
[2025-03-03T23:30:53.537+0000] {subprocess.py:93} INFO - 2025-03-03 23:30:53,537 : INFO : Generating box plots for relation of Exited with non Categorical data.
[2025-03-03T23:30:53.825+0000] {subprocess.py:93} INFO - 2025-03-03 23:30:53,825 : INFO : Using categorical units to plot a list of strings that are all parsable as floats or dates. If these strings should be plotted as numbers, cast to the appropriate data type before plotting.
[2025-03-03T23:30:53.840+0000] {subprocess.py:93} INFO - 2025-03-03 23:30:53,840 : INFO : Using categorical units to plot a list of strings that are all parsable as floats or dates. If these strings should be plotted as numbers, cast to the appropriate data type before plotting.
[2025-03-03T23:30:53.919+0000] {subprocess.py:93} INFO - 2025-03-03 23:30:53,919 : INFO : Using categorical units to plot a list of strings that are all parsable as floats or dates. If these strings should be plotted as numbers, cast to the appropriate data type before plotting.
[2025-03-03T23:30:53.934+0000] {subprocess.py:93} INFO - 2025-03-03 23:30:53,934 : INFO : Using categorical units to plot a list of strings that are all parsable as floats or dates. If these strings should be plotted as numbers, cast to the appropriate data type before plotting.
[2025-03-03T23:30:54.031+0000] {subprocess.py:93} INFO - 2025-03-03 23:30:54,031 : INFO : Using categorical units to plot a list of strings that are all parsable as floats or dates. If these strings should be plotted as numbers, cast to the appropriate data type before plotting.
[2025-03-03T23:30:54.048+0000] {subprocess.py:93} INFO - 2025-03-03 23:30:54,047 : INFO : Using categorical units to plot a list of strings that are all parsable as floats or dates. If these strings should be plotted as numbers, cast to the appropriate data type before plotting.
[2025-03-03T23:30:54.140+0000] {subprocess.py:93} INFO - 2025-03-03 23:30:54,139 : INFO : Using categorical units to plot a list of strings that are all parsable as floats or dates. If these strings should be plotted as numbers, cast to the appropriate data type before plotting.
[2025-03-03T23:30:54.156+0000] {subprocess.py:93} INFO - 2025-03-03 23:30:54,156 : INFO : Using categorical units to plot a list of strings that are all parsable as floats or dates. If these strings should be plotted as numbers, cast to the appropriate data type before plotting.
[2025-03-03T23:30:54.244+0000] {subprocess.py:93} INFO - 2025-03-03 23:30:54,244 : INFO : Using categorical units to plot a list of strings that are all parsable as floats or dates. If these strings should be plotted as numbers, cast to the appropriate data type before plotting.
[2025-03-03T23:30:54.258+0000] {subprocess.py:93} INFO - 2025-03-03 23:30:54,258 : INFO : Using categorical units to plot a list of strings that are all parsable as floats or dates. If these strings should be plotted as numbers, cast to the appropriate data type before plotting.
[2025-03-03T23:30:54.342+0000] {subprocess.py:93} INFO - 2025-03-03 23:30:54,341 : INFO : Using categorical units to plot a list of strings that are all parsable as floats or dates. If these strings should be plotted as numbers, cast to the appropriate data type before plotting.
[2025-03-03T23:30:54.357+0000] {subprocess.py:93} INFO - 2025-03-03 23:30:54,357 : INFO : Using categorical units to plot a list of strings that are all parsable as floats or dates. If these strings should be plotted as numbers, cast to the appropriate data type before plotting.
[2025-03-03T23:30:54.761+0000] {subprocess.py:93} INFO - 2025-03-03 23:30:54,761 : INFO : Saved pdf in /opt/***/visualization/fintech2/03-03-2025/database/plots.pdf
[2025-03-03T23:30:57.294+0000] {subprocess.py:93} INFO - 
[2025-03-03T23:30:57.294+0000] {subprocess.py:93} INFO - To track the changes with git, run:
[2025-03-03T23:30:57.294+0000] {subprocess.py:93} INFO - 
[2025-03-03T23:30:57.295+0000] {subprocess.py:93} INFO - 	git add data/cleaned.dvc
[2025-03-03T23:30:57.295+0000] {subprocess.py:93} INFO - 
[2025-03-03T23:30:57.295+0000] {subprocess.py:93} INFO - To enable auto staging, run:
[2025-03-03T23:30:57.295+0000] {subprocess.py:93} INFO - 
[2025-03-03T23:30:57.295+0000] {subprocess.py:93} INFO - 	dvc config core.autostage true
[2025-03-03T23:30:57.624+0000] {subprocess.py:93} INFO - /bin/bash: line 2:  : command not found
[2025-03-03T23:30:57.670+0000] {subprocess.py:93} INFO - On branch main
[2025-03-03T23:30:57.671+0000] {subprocess.py:93} INFO - Your branch is up to date with 'origin/main'.
[2025-03-03T23:30:57.671+0000] {subprocess.py:93} INFO - 
[2025-03-03T23:30:57.671+0000] {subprocess.py:93} INFO - Changes to be committed:
[2025-03-03T23:30:57.671+0000] {subprocess.py:93} INFO -   (use "git restore --staged <file>..." to unstage)
[2025-03-03T23:30:57.672+0000] {subprocess.py:93} INFO - 	new file:   logs/dag_id=customer_churn_ml_pipeline/run_id=manual__2025-03-03T23:29:56.597639+00:00/task_id=data_preparation_task/attempt=1.log
[2025-03-03T23:30:57.672+0000] {subprocess.py:93} INFO - 	modified:   logs/dag_id=customer_churn_ml_pipeline/run_id=manual__2025-03-03T23:29:56.597639+00:00/task_id=data_validation_task/attempt=1.log
[2025-03-03T23:30:57.672+0000] {subprocess.py:93} INFO - 	modified:   logs/dag_processor_manager/dag_processor_manager.log
[2025-03-03T23:30:57.672+0000] {subprocess.py:93} INFO - 	modified:   logs/data_preparation.log
[2025-03-03T23:30:57.673+0000] {subprocess.py:93} INFO - 	modified:   logs/scheduler/2025-03-03/customer_churn.py.log
[2025-03-03T23:30:57.673+0000] {subprocess.py:93} INFO - 	modified:   visualization/fintech1/03-03-2025/csv/plots.pdf
[2025-03-03T23:30:57.673+0000] {subprocess.py:93} INFO - 	modified:   visualization/fintech2/03-03-2025/database/plots.pdf
[2025-03-03T23:30:57.674+0000] {subprocess.py:93} INFO - 
[2025-03-03T23:30:57.674+0000] {subprocess.py:93} INFO - Changes not staged for commit:
[2025-03-03T23:30:57.674+0000] {subprocess.py:93} INFO -   (use "git add <file>..." to update what will be committed)
[2025-03-03T23:30:57.674+0000] {subprocess.py:93} INFO -   (use "git restore <file>..." to discard changes in working directory)
[2025-03-03T23:30:57.675+0000] {subprocess.py:93} INFO - 	modified:   logs/dag_id=customer_churn_ml_pipeline/run_id=manual__2025-03-03T23:29:56.597639+00:00/task_id=data_preparation_task/attempt=1.log
[2025-03-03T23:30:57.675+0000] {subprocess.py:93} INFO - 
[2025-03-03T23:30:57.675+0000] {subprocess.py:93} INFO - Untracked files:
[2025-03-03T23:30:57.675+0000] {subprocess.py:93} INFO -   (use "git add <file>..." to include in what will be committed)
[2025-03-03T23:30:57.676+0000] {subprocess.py:93} INFO - 	customer_churn_stats/feature_repo/data/online_store.db
[2025-03-03T23:30:57.676+0000] {subprocess.py:93} INFO - 	customer_churn_stats/feature_repo/data/registry.db
[2025-03-03T23:30:57.676+0000] {subprocess.py:93} INFO - 	models/
[2025-03-03T23:30:57.676+0000] {subprocess.py:93} INFO - 	online.db
[2025-03-03T23:30:57.676+0000] {subprocess.py:93} INFO - 
