[2025-03-02T10:27:54.359+0000] {taskinstance.py:1159} INFO - Dependencies all met for dep_context=non-requeueable deps ti=<TaskInstance: customer_churn_ml_pipeline.data_preparation_task manual__2025-03-02T10:27:04.760543+00:00 [queued]>
[2025-03-02T10:27:54.377+0000] {taskinstance.py:1159} INFO - Dependencies all met for dep_context=requeueable deps ti=<TaskInstance: customer_churn_ml_pipeline.data_preparation_task manual__2025-03-02T10:27:04.760543+00:00 [queued]>
[2025-03-02T10:27:54.377+0000] {taskinstance.py:1361} INFO - Starting attempt 1 of 1
[2025-03-02T10:27:54.404+0000] {taskinstance.py:1382} INFO - Executing <Task(BashOperator): data_preparation_task> on 2025-03-02 10:27:04.760543+00:00
[2025-03-02T10:27:54.410+0000] {standard_task_runner.py:57} INFO - Started process 11411 to run task
[2025-03-02T10:27:54.415+0000] {standard_task_runner.py:84} INFO - Running: ['***', 'tasks', 'run', 'customer_churn_ml_pipeline', 'data_preparation_task', 'manual__2025-03-02T10:27:04.760543+00:00', '--job-id', '159', '--raw', '--subdir', 'DAGS_FOLDER/customer_churn.py', '--cfg-path', '/tmp/tmpjgh119vo']
[2025-03-02T10:27:54.420+0000] {standard_task_runner.py:85} INFO - Job 159: Subtask data_preparation_task
[2025-03-02T10:27:54.450+0000] {logging_mixin.py:154} WARNING - /home/***/.local/lib/python3.8/site-packages/***/settings.py:195 DeprecationWarning: The sql_alchemy_conn option in [core] has been moved to the sql_alchemy_conn option in [database] - the old setting has been used, but please update your config.
[2025-03-02T10:27:54.518+0000] {task_command.py:416} INFO - Running <TaskInstance: customer_churn_ml_pipeline.data_preparation_task manual__2025-03-02T10:27:04.760543+00:00 [running]> on host 9113a5746a05
[2025-03-02T10:27:54.676+0000] {taskinstance.py:1662} INFO - Exporting env vars: AIRFLOW_CTX_DAG_OWNER='***' AIRFLOW_CTX_DAG_ID='customer_churn_ml_pipeline' AIRFLOW_CTX_TASK_ID='data_preparation_task' AIRFLOW_CTX_EXECUTION_DATE='2025-03-02T10:27:04.760543+00:00' AIRFLOW_CTX_TRY_NUMBER='1' AIRFLOW_CTX_DAG_RUN_ID='manual__2025-03-02T10:27:04.760543+00:00'
[2025-03-02T10:27:54.678+0000] {subprocess.py:63} INFO - Tmp dir root location: /tmp
[2025-03-02T10:27:54.679+0000] {subprocess.py:75} INFO - Running command: ['/bin/bash', '-c', '\n\t\t\tcd /opt/*** &&\t\t\tpython /opt/***/executables/data_preparation.py &&                         dvc add /opt/***/data/cleaned &&                         git add /opt/***/data/cleaned.dvc && \t\t\tgit add logs && \\   \n\t\t\tgit add visualization &&    \t\t\tgit status &&                         git commit -m "Updated cleaned data version" -a &&                         dvc push && git push\n                    ']
[2025-03-02T10:27:54.692+0000] {subprocess.py:86} INFO - Output:
[2025-03-02T10:27:54.924+0000] {subprocess.py:93} INFO -   File "/opt/***/executables/data_preparation.py", line 69
[2025-03-02T10:27:54.925+0000] {subprocess.py:93} INFO -     p = Path(f"{settings['raw_data_path']}/{cleaned_file_path})
[2025-03-02T10:27:54.925+0000] {subprocess.py:93} INFO -                                                               ^
[2025-03-02T10:27:54.925+0000] {subprocess.py:93} INFO - SyntaxError: EOL while scanning string literal
[2025-03-02T10:27:54.957+0000] {subprocess.py:93} INFO - On branch main
[2025-03-02T10:27:54.958+0000] {subprocess.py:93} INFO - Your branch is up to date with 'origin/main'.
[2025-03-02T10:27:54.958+0000] {subprocess.py:93} INFO - 
[2025-03-02T10:27:54.958+0000] {subprocess.py:93} INFO - Changes not staged for commit:
[2025-03-02T10:27:54.959+0000] {subprocess.py:93} INFO -   (use "git add <file>..." to update what will be committed)
[2025-03-02T10:27:54.959+0000] {subprocess.py:93} INFO -   (use "git restore <file>..." to discard changes in working directory)
[2025-03-02T10:27:54.959+0000] {subprocess.py:93} INFO - 	modified:   logs/dag_processor_manager/dag_processor_manager.log
[2025-03-02T10:27:54.959+0000] {subprocess.py:93} INFO - 
[2025-03-02T10:27:54.959+0000] {subprocess.py:93} INFO - Untracked files:
[2025-03-02T10:27:54.960+0000] {subprocess.py:93} INFO -   (use "git add <file>..." to include in what will be committed)
[2025-03-02T10:27:54.960+0000] {subprocess.py:93} INFO - 	customer_churn_stats/feature_repo/data/
[2025-03-02T10:27:54.960+0000] {subprocess.py:93} INFO - 	logs/dag_id=customer_churn_ml_pipeline/run_id=manual__2025-03-02T10:27:04.760543+00:00/task_id=data_preparation_task/
[2025-03-02T10:27:54.960+0000] {subprocess.py:93} INFO - 	logs/dag_id=customer_churn_ml_pipeline/run_id=manual__2025-03-02T10:27:04.760543+00:00/task_id=data_validation_task/
[2025-03-02T10:27:54.960+0000] {subprocess.py:93} INFO - 
[2025-03-02T10:27:54.961+0000] {subprocess.py:93} INFO - no changes added to commit (use "git add" and/or "git commit -a")
[2025-03-02T10:27:55.049+0000] {subprocess.py:93} INFO - [main d3f8dcf] Updated cleaned data version
[2025-03-02T10:27:55.050+0000] {subprocess.py:93} INFO -  1 file changed, 8 insertions(+)
[2025-03-02T10:28:00.690+0000] {subprocess.py:93} INFO - Everything is up to date.
[2025-03-02T10:28:02.498+0000] {subprocess.py:93} INFO - To https://github.com/anniemathew-trial/customer_churn_pipeline.git
[2025-03-02T10:28:02.499+0000] {subprocess.py:93} INFO -    b6aedbe..d3f8dcf  main -> main
[2025-03-02T10:28:02.506+0000] {subprocess.py:97} INFO - Command exited with return code 0
[2025-03-02T10:28:02.566+0000] {taskinstance.py:1400} INFO - Marking task as SUCCESS. dag_id=customer_churn_ml_pipeline, task_id=data_preparation_task, execution_date=20250302T102704, start_date=20250302T102754, end_date=20250302T102802
[2025-03-02T10:28:02.599+0000] {local_task_job_runner.py:228} INFO - Task exited with return code 0
[2025-03-02T10:28:02.655+0000] {taskinstance.py:2778} INFO - 1 downstream tasks scheduled from follow-on schedule check
