[2025-03-02T14:10:37.886+0000] {taskinstance.py:1159} INFO - Dependencies all met for dep_context=non-requeueable deps ti=<TaskInstance: customer_churn_ml_pipeline.data_ingestion_task manual__2025-03-02T14:10:13.174986+00:00 [queued]>
[2025-03-02T14:10:37.901+0000] {taskinstance.py:1159} INFO - Dependencies all met for dep_context=requeueable deps ti=<TaskInstance: customer_churn_ml_pipeline.data_ingestion_task manual__2025-03-02T14:10:13.174986+00:00 [queued]>
[2025-03-02T14:10:37.902+0000] {taskinstance.py:1361} INFO - Starting attempt 1 of 1
[2025-03-02T14:10:37.924+0000] {taskinstance.py:1382} INFO - Executing <Task(BashOperator): data_ingestion_task> on 2025-03-02 14:10:13.174986+00:00
[2025-03-02T14:10:37.929+0000] {standard_task_runner.py:57} INFO - Started process 4580 to run task
[2025-03-02T14:10:37.934+0000] {standard_task_runner.py:84} INFO - Running: ['***', 'tasks', 'run', 'customer_churn_ml_pipeline', 'data_ingestion_task', 'manual__2025-03-02T14:10:13.174986+00:00', '--job-id', '8', '--raw', '--subdir', 'DAGS_FOLDER/customer_churn.py', '--cfg-path', '/tmp/tmpel85dk2s']
[2025-03-02T14:10:37.937+0000] {standard_task_runner.py:85} INFO - Job 8: Subtask data_ingestion_task
[2025-03-02T14:10:37.963+0000] {logging_mixin.py:154} WARNING - /home/***/.local/lib/python3.8/site-packages/***/settings.py:195 DeprecationWarning: The sql_alchemy_conn option in [core] has been moved to the sql_alchemy_conn option in [database] - the old setting has been used, but please update your config.
[2025-03-02T14:10:38.020+0000] {task_command.py:416} INFO - Running <TaskInstance: customer_churn_ml_pipeline.data_ingestion_task manual__2025-03-02T14:10:13.174986+00:00 [running]> on host 157237bff8f7
[2025-03-02T14:10:38.155+0000] {taskinstance.py:1662} INFO - Exporting env vars: AIRFLOW_CTX_DAG_OWNER='***' AIRFLOW_CTX_DAG_ID='customer_churn_ml_pipeline' AIRFLOW_CTX_TASK_ID='data_ingestion_task' AIRFLOW_CTX_EXECUTION_DATE='2025-03-02T14:10:13.174986+00:00' AIRFLOW_CTX_TRY_NUMBER='1' AIRFLOW_CTX_DAG_RUN_ID='manual__2025-03-02T14:10:13.174986+00:00'
[2025-03-02T14:10:38.157+0000] {subprocess.py:63} INFO - Tmp dir root location: /tmp
[2025-03-02T14:10:38.159+0000] {subprocess.py:75} INFO - Running command: ['/bin/bash', '-c', 'python /opt/***/executables/data_ingestion.py && \t\t\tNOW=$(date \'+%d-%m-%Y\') &&\t\t\tcd /opt/*** && \t\t\tgit add logs &&    \t\t\tgit status &&                         git commit -m "Updated data ingestion" -a &&                         git push\n                    ']
[2025-03-02T14:10:38.173+0000] {subprocess.py:86} INFO - Output:
[2025-03-02T14:10:39.749+0000] {subprocess.py:93} INFO - 2025-03-02 14:10:39,749 : INFO : Reading data from CSV file customer_data.csv
[2025-03-02T14:10:39.988+0000] {subprocess.py:93} INFO - 2025-03-02 14:10:39,988 : INFO : Data from CSV customer_data.csv ingested successfully!
[2025-03-02T14:10:39.989+0000] {subprocess.py:93} INFO - 2025-03-02 14:10:39,988 : INFO : Connecting to Database
[2025-03-02T14:10:40.087+0000] {subprocess.py:93} INFO - 2025-03-02 14:10:40,087 : INFO : Connecting to Database Successfull
[2025-03-02T14:10:40.088+0000] {subprocess.py:93} INFO - 2025-03-02 14:10:40,087 : INFO : Reading data from database.
[2025-03-02T14:10:40.951+0000] {subprocess.py:93} INFO - /opt/***/executables/data_ingestion.py:49: UserWarning: pandas only supports SQLAlchemy connectable (engine/connection) or database string URI or sqlite3 DBAPI2 connection. Other DBAPI2 objects are not tested. Please consider using SQLAlchemy.
[2025-03-02T14:10:40.952+0000] {subprocess.py:93} INFO -   data = pd.read_sql(query, connection)
[2025-03-02T14:10:40.952+0000] {subprocess.py:93} INFO - 2025-03-02 14:10:40,951 : INFO : Data from Database ingested successfully!
[2025-03-02T14:10:42.029+0000] {subprocess.py:93} INFO - On branch main
[2025-03-02T14:10:42.029+0000] {subprocess.py:93} INFO - Your branch is up to date with 'origin/main'.
[2025-03-02T14:10:42.030+0000] {subprocess.py:93} INFO - 
[2025-03-02T14:10:42.030+0000] {subprocess.py:93} INFO - Changes to be committed:
[2025-03-02T14:10:42.030+0000] {subprocess.py:93} INFO -   (use "git restore --staged <file>..." to unstage)
[2025-03-02T14:10:42.031+0000] {subprocess.py:93} INFO - 	new file:   logs/dag_id=customer_churn_ml_pipeline/run_id=manual__2025-03-02T14:07:44.159614+00:00/task_id=pull_latest_codes/attempt=1.log
[2025-03-02T14:10:42.031+0000] {subprocess.py:93} INFO - 	new file:   logs/dag_id=customer_churn_ml_pipeline/run_id=manual__2025-03-02T14:10:13.174986+00:00/task_id=data_ingestion_task/attempt=1.log
[2025-03-02T14:10:42.031+0000] {subprocess.py:93} INFO - 	new file:   logs/dag_id=customer_churn_ml_pipeline/run_id=manual__2025-03-02T14:10:13.174986+00:00/task_id=pull_latest_codes/attempt=1.log
[2025-03-02T14:10:42.031+0000] {subprocess.py:93} INFO - 	modified:   logs/dag_id=customer_churn_ml_pipeline/run_id=scheduled__2025-03-01T08:00:00+00:00/task_id=pull_latest_codes/attempt=1.log
[2025-03-02T14:10:42.032+0000] {subprocess.py:93} INFO - 	modified:   logs/dag_processor_manager/dag_processor_manager.log
[2025-03-02T14:10:42.032+0000] {subprocess.py:93} INFO - 	modified:   logs/data_ingestion.log
[2025-03-02T14:10:42.032+0000] {subprocess.py:93} INFO - 	modified:   logs/scheduler/2025-03-02/customer_churn.py.log
[2025-03-02T14:10:42.032+0000] {subprocess.py:93} INFO - 
[2025-03-02T14:10:42.033+0000] {subprocess.py:93} INFO - Changes not staged for commit:
[2025-03-02T14:10:42.033+0000] {subprocess.py:93} INFO -   (use "git add <file>..." to update what will be committed)
[2025-03-02T14:10:42.033+0000] {subprocess.py:93} INFO -   (use "git restore <file>..." to discard changes in working directory)
[2025-03-02T14:10:42.033+0000] {subprocess.py:93} INFO - 	modified:   dags/__pycache__/customer_churn.cpython-38.pyc
[2025-03-02T14:10:42.034+0000] {subprocess.py:93} INFO - 
[2025-03-02T14:10:42.034+0000] {subprocess.py:93} INFO - Untracked files:
[2025-03-02T14:10:42.034+0000] {subprocess.py:93} INFO -   (use "git add <file>..." to include in what will be committed)
[2025-03-02T14:10:42.034+0000] {subprocess.py:93} INFO - 	customer_churn_pipeline/
[2025-03-02T14:10:42.035+0000] {subprocess.py:93} INFO - 
