[2025-03-02T06:38:45.251+0000] {taskinstance.py:1159} INFO - Dependencies all met for dep_context=non-requeueable deps ti=<TaskInstance: customer_churn_ml_pipeline.data_transformation_task manual__2025-03-02T06:37:55.944013+00:00 [queued]>
[2025-03-02T06:38:45.268+0000] {taskinstance.py:1159} INFO - Dependencies all met for dep_context=requeueable deps ti=<TaskInstance: customer_churn_ml_pipeline.data_transformation_task manual__2025-03-02T06:37:55.944013+00:00 [queued]>
[2025-03-02T06:38:45.269+0000] {taskinstance.py:1361} INFO - Starting attempt 1 of 1
[2025-03-02T06:38:45.293+0000] {taskinstance.py:1382} INFO - Executing <Task(BashOperator): data_transformation_task> on 2025-03-02 06:37:55.944013+00:00
[2025-03-02T06:38:45.299+0000] {standard_task_runner.py:57} INFO - Started process 4664 to run task
[2025-03-02T06:38:45.304+0000] {standard_task_runner.py:84} INFO - Running: ['***', 'tasks', 'run', 'customer_churn_ml_pipeline', 'data_transformation_task', 'manual__2025-03-02T06:37:55.944013+00:00', '--job-id', '261', '--raw', '--subdir', 'DAGS_FOLDER/customer_churn.py', '--cfg-path', '/tmp/tmphsl23ddl']
[2025-03-02T06:38:45.307+0000] {standard_task_runner.py:85} INFO - Job 261: Subtask data_transformation_task
[2025-03-02T06:38:45.337+0000] {logging_mixin.py:154} WARNING - /home/***/.local/lib/python3.8/site-packages/***/settings.py:195 DeprecationWarning: The sql_alchemy_conn option in [core] has been moved to the sql_alchemy_conn option in [database] - the old setting has been used, but please update your config.
[2025-03-02T06:38:45.399+0000] {task_command.py:416} INFO - Running <TaskInstance: customer_churn_ml_pipeline.data_transformation_task manual__2025-03-02T06:37:55.944013+00:00 [running]> on host 7e994a0ed489
[2025-03-02T06:38:45.560+0000] {taskinstance.py:1662} INFO - Exporting env vars: AIRFLOW_CTX_DAG_OWNER='***' AIRFLOW_CTX_DAG_ID='customer_churn_ml_pipeline' AIRFLOW_CTX_TASK_ID='data_transformation_task' AIRFLOW_CTX_EXECUTION_DATE='2025-03-02T06:37:55.944013+00:00' AIRFLOW_CTX_TRY_NUMBER='1' AIRFLOW_CTX_DAG_RUN_ID='manual__2025-03-02T06:37:55.944013+00:00'
[2025-03-02T06:38:45.562+0000] {subprocess.py:63} INFO - Tmp dir root location: /tmp
[2025-03-02T06:38:45.564+0000] {subprocess.py:75} INFO - Running command: ['/bin/bash', '-c', '\n\t\t\tNOW=$(date \'+%d-%m-%Y\') &&\t\t\tcd /opt/*** &&                        dvc pull /opt/***/data/cleaned\n                        python /opt/***/executables/data_transformation.py &&                         dvc add /opt/***/data/transformed &&                         git add /opt/***/data/transformed.dvc && \t\t\tgit add logs &&                        git commit -m "Updated transformed data version" -a &&                         dvc push && git push\n                    ']
[2025-03-02T06:38:45.576+0000] {subprocess.py:86} INFO - Output:
[2025-03-02T06:38:49.248+0000] {subprocess.py:93} INFO - Everything is up to date.
[2025-03-02T06:38:52.200+0000] {subprocess.py:93} INFO - 2025-03-02 06:38:52,200 : INFO : Starting data preparation for csv.
[2025-03-02T06:38:52.237+0000] {subprocess.py:93} INFO - 2025-03-02 06:38:52,236 : INFO : Scaling 'Tenure', 'Balance', 'EstimatedSalary'.
[2025-03-02T06:38:52.247+0000] {subprocess.py:93} INFO - 2025-03-02 06:38:52,247 : INFO : Saving data to S3.
[2025-03-02T06:38:54.981+0000] {subprocess.py:93} INFO - 
[2025-03-02T06:38:54.982+0000] {subprocess.py:93} INFO - To track the changes with git, run:
[2025-03-02T06:38:54.982+0000] {subprocess.py:93} INFO - 
[2025-03-02T06:38:54.982+0000] {subprocess.py:93} INFO - 	git add data/transformed.dvc
[2025-03-02T06:38:54.982+0000] {subprocess.py:93} INFO - 
[2025-03-02T06:38:54.982+0000] {subprocess.py:93} INFO - To enable auto staging, run:
[2025-03-02T06:38:54.983+0000] {subprocess.py:93} INFO - 
[2025-03-02T06:38:54.984+0000] {subprocess.py:93} INFO - 	dvc config core.autostage true
