[2025-02-28T08:18:19.810+0000] {taskinstance.py:1159} INFO - Dependencies all met for dep_context=non-requeueable deps ti=<TaskInstance: customer_churn_ml_pipeline.data_storage_task manual__2025-02-28T08:16:44.276454+00:00 [queued]>
[2025-02-28T08:18:19.822+0000] {taskinstance.py:1159} INFO - Dependencies all met for dep_context=requeueable deps ti=<TaskInstance: customer_churn_ml_pipeline.data_storage_task manual__2025-02-28T08:16:44.276454+00:00 [queued]>
[2025-02-28T08:18:19.822+0000] {taskinstance.py:1361} INFO - Starting attempt 1 of 1
[2025-02-28T08:18:19.841+0000] {taskinstance.py:1382} INFO - Executing <Task(BashOperator): data_storage_task> on 2025-02-28 08:16:44.276454+00:00
[2025-02-28T08:18:19.846+0000] {standard_task_runner.py:57} INFO - Started process 6969 to run task
[2025-02-28T08:18:19.849+0000] {standard_task_runner.py:84} INFO - Running: ['***', 'tasks', 'run', 'customer_churn_ml_pipeline', 'data_storage_task', 'manual__2025-02-28T08:16:44.276454+00:00', '--job-id', '106', '--raw', '--subdir', 'DAGS_FOLDER/customer_churn.py', '--cfg-path', '/tmp/tmpvibjn7oo']
[2025-02-28T08:18:19.852+0000] {standard_task_runner.py:85} INFO - Job 106: Subtask data_storage_task
[2025-02-28T08:18:19.878+0000] {logging_mixin.py:154} WARNING - /home/***/.local/lib/python3.8/site-packages/***/settings.py:195 DeprecationWarning: The sql_alchemy_conn option in [core] has been moved to the sql_alchemy_conn option in [database] - the old setting has been used, but please update your config.
[2025-02-28T08:18:19.930+0000] {task_command.py:416} INFO - Running <TaskInstance: customer_churn_ml_pipeline.data_storage_task manual__2025-02-28T08:16:44.276454+00:00 [running]> on host 4470298645d8
[2025-02-28T08:18:20.054+0000] {taskinstance.py:1662} INFO - Exporting env vars: AIRFLOW_CTX_DAG_OWNER='***' AIRFLOW_CTX_DAG_ID='customer_churn_ml_pipeline' AIRFLOW_CTX_TASK_ID='data_storage_task' AIRFLOW_CTX_EXECUTION_DATE='2025-02-28T08:16:44.276454+00:00' AIRFLOW_CTX_TRY_NUMBER='1' AIRFLOW_CTX_DAG_RUN_ID='manual__2025-02-28T08:16:44.276454+00:00'
[2025-02-28T08:18:20.055+0000] {subprocess.py:63} INFO - Tmp dir root location: /tmp
[2025-02-28T08:18:20.057+0000] {subprocess.py:75} INFO - Running command: ['/bin/bash', '-c', '\n\t\t\tcd /opt/***\n                        dvc pull /opt/***/data/transformed\n                        python /opt/***/executables/data_storage.py &&                         dvc add /opt/***/data/storage &&                         git add /opt/***/data/storage.dvc &&                         git commit -m "Updated stored data version" &&                         dvc push && git push\n                    ']
[2025-02-28T08:18:20.066+0000] {subprocess.py:86} INFO - Output:
[2025-02-28T08:18:23.174+0000] {subprocess.py:93} INFO - Everything is up to date.
[2025-02-28T08:18:25.652+0000] {subprocess.py:93} INFO - 2025-02-28 08:18:25,651 : ERROR : Error storing data: ('01000', "[01000] [unixODBC][Driver Manager]Can't open lib 'SQL SERVER' : file not found (0) (SQLDriverConnect)")
[2025-02-28T08:18:28.095+0000] {subprocess.py:93} INFO - ERROR: output 'data/storage' does not exist: [Errno 2] No such file or directory: '/opt/***/data/storage'
[2025-02-28T08:18:28.413+0000] {subprocess.py:97} INFO - Command exited with return code 1
[2025-02-28T08:18:28.440+0000] {taskinstance.py:1937} ERROR - Task failed with exception
Traceback (most recent call last):
  File "/home/airflow/.local/lib/python3.8/site-packages/airflow/operators/bash.py", line 210, in execute
    raise AirflowException(
airflow.exceptions.AirflowException: Bash command failed. The command returned a non-zero exit code 1.
[2025-02-28T08:18:28.447+0000] {taskinstance.py:1400} INFO - Marking task as FAILED. dag_id=customer_churn_ml_pipeline, task_id=data_storage_task, execution_date=20250228T081644, start_date=20250228T081819, end_date=20250228T081828
[2025-02-28T08:18:28.480+0000] {standard_task_runner.py:104} ERROR - Failed to execute job 106 for task data_storage_task (Bash command failed. The command returned a non-zero exit code 1.; 6969)
[2025-02-28T08:18:28.516+0000] {local_task_job_runner.py:228} INFO - Task exited with return code 1
[2025-02-28T08:18:28.569+0000] {taskinstance.py:2778} INFO - 0 downstream tasks scheduled from follow-on schedule check
