[2025-03-02T10:41:52.784+0000] {taskinstance.py:1159} INFO - Dependencies all met for dep_context=non-requeueable deps ti=<TaskInstance: customer_churn_ml_pipeline.data_preparation_task manual__2025-03-02T10:41:04.147502+00:00 [queued]>
[2025-03-02T10:41:52.799+0000] {taskinstance.py:1159} INFO - Dependencies all met for dep_context=requeueable deps ti=<TaskInstance: customer_churn_ml_pipeline.data_preparation_task manual__2025-03-02T10:41:04.147502+00:00 [queued]>
[2025-03-02T10:41:52.800+0000] {taskinstance.py:1361} INFO - Starting attempt 1 of 1
[2025-03-02T10:41:52.822+0000] {taskinstance.py:1382} INFO - Executing <Task(BashOperator): data_preparation_task> on 2025-03-02 10:41:04.147502+00:00
[2025-03-02T10:41:52.828+0000] {standard_task_runner.py:57} INFO - Started process 12748 to run task
[2025-03-02T10:41:52.832+0000] {standard_task_runner.py:84} INFO - Running: ['***', 'tasks', 'run', 'customer_churn_ml_pipeline', 'data_preparation_task', 'manual__2025-03-02T10:41:04.147502+00:00', '--job-id', '183', '--raw', '--subdir', 'DAGS_FOLDER/customer_churn.py', '--cfg-path', '/tmp/tmpsaxcpw0h']
[2025-03-02T10:41:52.836+0000] {standard_task_runner.py:85} INFO - Job 183: Subtask data_preparation_task
[2025-03-02T10:41:52.863+0000] {logging_mixin.py:154} WARNING - /home/***/.local/lib/python3.8/site-packages/***/settings.py:195 DeprecationWarning: The sql_alchemy_conn option in [core] has been moved to the sql_alchemy_conn option in [database] - the old setting has been used, but please update your config.
[2025-03-02T10:41:52.922+0000] {task_command.py:416} INFO - Running <TaskInstance: customer_churn_ml_pipeline.data_preparation_task manual__2025-03-02T10:41:04.147502+00:00 [running]> on host 9113a5746a05
[2025-03-02T10:41:53.060+0000] {taskinstance.py:1662} INFO - Exporting env vars: AIRFLOW_CTX_DAG_OWNER='***' AIRFLOW_CTX_DAG_ID='customer_churn_ml_pipeline' AIRFLOW_CTX_TASK_ID='data_preparation_task' AIRFLOW_CTX_EXECUTION_DATE='2025-03-02T10:41:04.147502+00:00' AIRFLOW_CTX_TRY_NUMBER='1' AIRFLOW_CTX_DAG_RUN_ID='manual__2025-03-02T10:41:04.147502+00:00'
[2025-03-02T10:41:53.062+0000] {subprocess.py:63} INFO - Tmp dir root location: /tmp
[2025-03-02T10:41:53.063+0000] {subprocess.py:75} INFO - Running command: ['/bin/bash', '-c', '\n\t\t\tcd /opt/*** &&\t\t\tpython /opt/***/executables/data_preparation.py &&                         dvc add /opt/***/data/cleaned &&                         git add /opt/***/data/cleaned.dvc && \t\t\tgit add logs && \\   \n\t\t\tgit add visualization &&    \t\t\tgit status &&                         git commit -m "Updated cleaned data version" -a &&                         dvc push && git push\n                    ']
[2025-03-02T10:41:53.074+0000] {subprocess.py:86} INFO - Output:
[2025-03-02T10:41:56.267+0000] {subprocess.py:93} INFO - 2025-03-02 10:41:56,267 : INFO : Starting data preparation for csv.
[2025-03-02T10:41:56.305+0000] {subprocess.py:93} INFO - 2025-03-02 10:41:56,305 : INFO : Handling 'Tenure', 'Balance', 'EstimatedSalary' empty data
[2025-03-02T10:41:56.306+0000] {subprocess.py:93} INFO - 2025-03-02 10:41:56,306 : INFO : Handling 'Age' empty data
[2025-03-02T10:41:56.307+0000] {subprocess.py:93} INFO - 2025-03-02 10:41:56,307 : INFO : Droping 'Surname' as it may lead to profiling, 'RowNumber', 'CustomerId' as it is not required
[2025-03-02T10:41:56.310+0000] {subprocess.py:93} INFO - 2025-03-02 10:41:56,309 : INFO : Making 'Geography', 'Gender', 'HasCrCard', 'IsActiveMember' as categorical
[2025-03-02T10:41:56.321+0000] {subprocess.py:93} INFO - 2025-03-02 10:41:56,320 : INFO : Saving data to S3.
[2025-03-02T10:41:56.321+0000] {subprocess.py:93} INFO - 2025-03-02 10:41:56,321 : INFO : Directory created at /opt/***/data/cleaned/02-03-2025/csv
[2025-03-02T10:41:56.579+0000] {subprocess.py:93} INFO - 2025-03-02 10:41:56,579 : INFO : Connected to s3
[2025-03-02T10:41:59.298+0000] {subprocess.py:93} INFO - 2025-03-02 10:41:59,297 : INFO : File uploaded to S3
[2025-03-02T10:41:59.300+0000] {subprocess.py:93} INFO - 2025-03-02 10:41:59,299 : INFO : Creating Pie chart
[2025-03-02T10:41:59.397+0000] {subprocess.py:93} INFO - 2025-03-02 10:41:59,396 : INFO : Generating histogram for column CreditScore.
[2025-03-02T10:41:59.707+0000] {subprocess.py:93} INFO - 2025-03-02 10:41:59,706 : INFO : Generating histogram for column Geography.
[2025-03-02T10:41:59.996+0000] {subprocess.py:93} INFO - 2025-03-02 10:41:59,996 : INFO : Generating histogram for column Gender.
[2025-03-02T10:42:00.210+0000] {subprocess.py:93} INFO - 2025-03-02 10:42:00,210 : INFO : Generating histogram for column Age.
[2025-03-02T10:42:00.453+0000] {subprocess.py:93} INFO - 2025-03-02 10:42:00,452 : INFO : Generating histogram for column Tenure.
[2025-03-02T10:42:00.666+0000] {subprocess.py:93} INFO - 2025-03-02 10:42:00,665 : INFO : Generating histogram for column Balance.
[2025-03-02T10:42:00.885+0000] {subprocess.py:93} INFO - 2025-03-02 10:42:00,885 : INFO : Generating histogram for column NumOfProducts.
[2025-03-02T10:42:01.093+0000] {subprocess.py:93} INFO - 2025-03-02 10:42:01,093 : INFO : Generating histogram for column HasCrCard.
[2025-03-02T10:42:01.304+0000] {subprocess.py:93} INFO - 2025-03-02 10:42:01,303 : INFO : Generating histogram for column IsActiveMember.
[2025-03-02T10:42:01.498+0000] {subprocess.py:93} INFO - 2025-03-02 10:42:01,498 : INFO : Generating histogram for column EstimatedSalary.
[2025-03-02T10:42:01.733+0000] {subprocess.py:93} INFO - 2025-03-02 10:42:01,732 : INFO : Generating histogram for column Exited.
[2025-03-02T10:42:01.976+0000] {subprocess.py:93} INFO - 2025-03-02 10:42:01,975 : INFO : Generating histogram for relation of Exited with Categorical data.
[2025-03-02T10:42:02.349+0000] {subprocess.py:93} INFO - 2025-03-02 10:42:02,348 : INFO : Using categorical units to plot a list of strings that are all parsable as floats or dates. If these strings should be plotted as numbers, cast to the appropriate data type before plotting.
[2025-03-02T10:42:02.367+0000] {subprocess.py:93} INFO - 2025-03-02 10:42:02,366 : INFO : Using categorical units to plot a list of strings that are all parsable as floats or dates. If these strings should be plotted as numbers, cast to the appropriate data type before plotting.
[2025-03-02T10:42:02.442+0000] {subprocess.py:93} INFO - 2025-03-02 10:42:02,442 : INFO : Using categorical units to plot a list of strings that are all parsable as floats or dates. If these strings should be plotted as numbers, cast to the appropriate data type before plotting.
[2025-03-02T10:42:02.459+0000] {subprocess.py:93} INFO - 2025-03-02 10:42:02,458 : INFO : Using categorical units to plot a list of strings that are all parsable as floats or dates. If these strings should be plotted as numbers, cast to the appropriate data type before plotting.
[2025-03-02T10:42:02.516+0000] {subprocess.py:93} INFO - 2025-03-02 10:42:02,516 : INFO : Generating box plots for relation of Exited with non Categorical data.
[2025-03-02T10:42:02.719+0000] {subprocess.py:93} INFO - 2025-03-02 10:42:02,719 : INFO : Using categorical units to plot a list of strings that are all parsable as floats or dates. If these strings should be plotted as numbers, cast to the appropriate data type before plotting.
[2025-03-02T10:42:02.736+0000] {subprocess.py:93} INFO - 2025-03-02 10:42:02,736 : INFO : Using categorical units to plot a list of strings that are all parsable as floats or dates. If these strings should be plotted as numbers, cast to the appropriate data type before plotting.
[2025-03-02T10:42:02.869+0000] {subprocess.py:93} INFO - 2025-03-02 10:42:02,868 : INFO : Using categorical units to plot a list of strings that are all parsable as floats or dates. If these strings should be plotted as numbers, cast to the appropriate data type before plotting.
[2025-03-02T10:42:02.897+0000] {subprocess.py:93} INFO - 2025-03-02 10:42:02,897 : INFO : Using categorical units to plot a list of strings that are all parsable as floats or dates. If these strings should be plotted as numbers, cast to the appropriate data type before plotting.
[2025-03-02T10:42:03.012+0000] {subprocess.py:93} INFO - 2025-03-02 10:42:03,011 : INFO : Using categorical units to plot a list of strings that are all parsable as floats or dates. If these strings should be plotted as numbers, cast to the appropriate data type before plotting.
[2025-03-02T10:42:03.030+0000] {subprocess.py:93} INFO - 2025-03-02 10:42:03,029 : INFO : Using categorical units to plot a list of strings that are all parsable as floats or dates. If these strings should be plotted as numbers, cast to the appropriate data type before plotting.
[2025-03-02T10:42:03.133+0000] {subprocess.py:93} INFO - 2025-03-02 10:42:03,132 : INFO : Using categorical units to plot a list of strings that are all parsable as floats or dates. If these strings should be plotted as numbers, cast to the appropriate data type before plotting.
[2025-03-02T10:42:03.153+0000] {subprocess.py:93} INFO - 2025-03-02 10:42:03,152 : INFO : Using categorical units to plot a list of strings that are all parsable as floats or dates. If these strings should be plotted as numbers, cast to the appropriate data type before plotting.
[2025-03-02T10:42:03.258+0000] {subprocess.py:93} INFO - 2025-03-02 10:42:03,258 : INFO : Using categorical units to plot a list of strings that are all parsable as floats or dates. If these strings should be plotted as numbers, cast to the appropriate data type before plotting.
[2025-03-02T10:42:03.276+0000] {subprocess.py:93} INFO - 2025-03-02 10:42:03,276 : INFO : Using categorical units to plot a list of strings that are all parsable as floats or dates. If these strings should be plotted as numbers, cast to the appropriate data type before plotting.
[2025-03-02T10:42:03.487+0000] {subprocess.py:93} INFO - 2025-03-02 10:42:03,487 : INFO : Using categorical units to plot a list of strings that are all parsable as floats or dates. If these strings should be plotted as numbers, cast to the appropriate data type before plotting.
[2025-03-02T10:42:03.505+0000] {subprocess.py:93} INFO - 2025-03-02 10:42:03,505 : INFO : Using categorical units to plot a list of strings that are all parsable as floats or dates. If these strings should be plotted as numbers, cast to the appropriate data type before plotting.
[2025-03-02T10:42:03.973+0000] {subprocess.py:93} INFO - 2025-03-02 10:42:03,973 : INFO : Saved pdf in visualization/plots.pdf
[2025-03-02T10:42:06.846+0000] {subprocess.py:93} INFO - 
[2025-03-02T10:42:06.847+0000] {subprocess.py:93} INFO - To track the changes with git, run:
[2025-03-02T10:42:06.847+0000] {subprocess.py:93} INFO - 
[2025-03-02T10:42:06.849+0000] {subprocess.py:93} INFO - 	git add data/cleaned.dvc
[2025-03-02T10:42:06.849+0000] {subprocess.py:93} INFO - 
[2025-03-02T10:42:06.849+0000] {subprocess.py:93} INFO - To enable auto staging, run:
[2025-03-02T10:42:06.850+0000] {subprocess.py:93} INFO - 
[2025-03-02T10:42:06.850+0000] {subprocess.py:93} INFO - 	dvc config core.autostage true
[2025-03-02T10:42:07.295+0000] {subprocess.py:93} INFO - /bin/bash: line 2:  : command not found
[2025-03-02T10:42:07.337+0000] {subprocess.py:93} INFO - On branch main
[2025-03-02T10:42:07.337+0000] {subprocess.py:93} INFO - Your branch is up to date with 'origin/main'.
[2025-03-02T10:42:07.338+0000] {subprocess.py:93} INFO - 
[2025-03-02T10:42:07.338+0000] {subprocess.py:93} INFO - Changes to be committed:
[2025-03-02T10:42:07.338+0000] {subprocess.py:93} INFO -   (use "git restore --staged <file>..." to unstage)
[2025-03-02T10:42:07.339+0000] {subprocess.py:93} INFO - 	new file:   logs/dag_id=customer_churn_ml_pipeline/run_id=manual__2025-03-02T10:41:04.147502+00:00/task_id=data_preparation_task/attempt=1.log
[2025-03-02T10:42:07.339+0000] {subprocess.py:93} INFO - 	modified:   logs/dag_id=customer_churn_ml_pipeline/run_id=manual__2025-03-02T10:41:04.147502+00:00/task_id=data_validation_task/attempt=1.log
[2025-03-02T10:42:07.339+0000] {subprocess.py:93} INFO - 	modified:   logs/dag_processor_manager/dag_processor_manager.log
[2025-03-02T10:42:07.340+0000] {subprocess.py:93} INFO - 	modified:   logs/data_preparation.log
[2025-03-02T10:42:07.340+0000] {subprocess.py:93} INFO - 	modified:   visualization/plots.pdf
[2025-03-02T10:42:07.340+0000] {subprocess.py:93} INFO - 
[2025-03-02T10:42:07.341+0000] {subprocess.py:93} INFO - Changes not staged for commit:
[2025-03-02T10:42:07.341+0000] {subprocess.py:93} INFO -   (use "git add <file>..." to update what will be committed)
[2025-03-02T10:42:07.341+0000] {subprocess.py:93} INFO -   (use "git restore <file>..." to discard changes in working directory)
[2025-03-02T10:42:07.342+0000] {subprocess.py:93} INFO - 	modified:   logs/dag_id=customer_churn_ml_pipeline/run_id=manual__2025-03-02T10:41:04.147502+00:00/task_id=data_preparation_task/attempt=1.log
[2025-03-02T10:42:07.342+0000] {subprocess.py:93} INFO - 
[2025-03-02T10:42:07.343+0000] {subprocess.py:93} INFO - Untracked files:
[2025-03-02T10:42:07.343+0000] {subprocess.py:93} INFO -   (use "git add <file>..." to include in what will be committed)
[2025-03-02T10:42:07.343+0000] {subprocess.py:93} INFO - 	customer_churn_stats/feature_repo/data/
[2025-03-02T10:42:07.344+0000] {subprocess.py:93} INFO - 
