[2025-03-01T11:10:42.933+0000] {taskinstance.py:1159} INFO - Dependencies all met for dep_context=non-requeueable deps ti=<TaskInstance: customer_churn_ml_pipeline.model_training_task manual__2025-03-01T11:08:35.287819+00:00 [queued]>
[2025-03-01T11:10:42.950+0000] {taskinstance.py:1159} INFO - Dependencies all met for dep_context=requeueable deps ti=<TaskInstance: customer_churn_ml_pipeline.model_training_task manual__2025-03-01T11:08:35.287819+00:00 [queued]>
[2025-03-01T11:10:42.951+0000] {taskinstance.py:1361} INFO - Starting attempt 1 of 1
[2025-03-01T11:10:42.974+0000] {taskinstance.py:1382} INFO - Executing <Task(BashOperator): model_training_task> on 2025-03-01 11:08:35.287819+00:00
[2025-03-01T11:10:42.980+0000] {standard_task_runner.py:57} INFO - Started process 13140 to run task
[2025-03-01T11:10:42.984+0000] {standard_task_runner.py:84} INFO - Running: ['***', 'tasks', 'run', 'customer_churn_ml_pipeline', 'model_training_task', 'manual__2025-03-01T11:08:35.287819+00:00', '--job-id', '119', '--raw', '--subdir', 'DAGS_FOLDER/customer_churn.py', '--cfg-path', '/tmp/tmp3odn7g85']
[2025-03-01T11:10:42.987+0000] {standard_task_runner.py:85} INFO - Job 119: Subtask model_training_task
[2025-03-01T11:10:43.019+0000] {logging_mixin.py:154} WARNING - /home/***/.local/lib/python3.8/site-packages/***/settings.py:195 DeprecationWarning: The sql_alchemy_conn option in [core] has been moved to the sql_alchemy_conn option in [database] - the old setting has been used, but please update your config.
[2025-03-01T11:10:43.081+0000] {task_command.py:416} INFO - Running <TaskInstance: customer_churn_ml_pipeline.model_training_task manual__2025-03-01T11:08:35.287819+00:00 [running]> on host 7e994a0ed489
[2025-03-01T11:10:43.246+0000] {taskinstance.py:1662} INFO - Exporting env vars: AIRFLOW_CTX_DAG_OWNER='***' AIRFLOW_CTX_DAG_ID='customer_churn_ml_pipeline' AIRFLOW_CTX_TASK_ID='model_training_task' AIRFLOW_CTX_EXECUTION_DATE='2025-03-01T11:08:35.287819+00:00' AIRFLOW_CTX_TRY_NUMBER='1' AIRFLOW_CTX_DAG_RUN_ID='manual__2025-03-01T11:08:35.287819+00:00'
[2025-03-01T11:10:43.247+0000] {subprocess.py:63} INFO - Tmp dir root location: /tmp
[2025-03-01T11:10:43.248+0000] {subprocess.py:75} INFO - Running command: ['/bin/bash', '-c', '\n\t    \t\tcd /opt/***\n       \t\t\t    python /opt/***/executables/model_training.py && \t      \t\t    git add logs &&\t      \t\t    git add mlruns &&                            git commit -m "Trained model version" -a && \\                            \n                        ']
[2025-03-01T11:10:43.264+0000] {subprocess.py:86} INFO - Output:
[2025-03-01T11:10:50.317+0000] {subprocess.py:93} INFO - /home/***/.local/lib/python3.8/site-packages/mlflow/gateway/config.py:64: PydanticDeprecatedSince20: Pydantic V1 style `@validator` validators are deprecated. You should migrate to Pydantic V2 style `@field_validator` validators, see the migration guide for more details. Deprecated in Pydantic V2.0 to be removed in V3.0. See Pydantic V2 Migration Guide at https://errors.pydantic.dev/2.4/migration/
[2025-03-01T11:10:50.318+0000] {subprocess.py:93} INFO -   @validator("togetherai_api_key", pre=True)
[2025-03-01T11:10:50.319+0000] {subprocess.py:93} INFO - /home/***/.local/lib/python3.8/site-packages/mlflow/gateway/config.py:372: PydanticDeprecatedSince20: Pydantic V1 style `@root_validator` validators are deprecated. You should migrate to Pydantic V2 style `@model_validator` validators, see the migration guide for more details. Deprecated in Pydantic V2.0 to be removed in V3.0. See Pydantic V2 Migration Guide at https://errors.pydantic.dev/2.4/migration/
[2025-03-01T11:10:50.319+0000] {subprocess.py:93} INFO -   @root_validator(skip_on_failure=True)
[2025-03-01T11:10:50.319+0000] {subprocess.py:93} INFO - /home/***/.local/lib/python3.8/site-packages/pydantic/_internal/_config.py:267: PydanticDeprecatedSince20: Support for class-based `config` is deprecated, use ConfigDict instead. Deprecated in Pydantic V2.0 to be removed in V3.0. See Pydantic V2 Migration Guide at https://errors.pydantic.dev/2.4/migration/
[2025-03-01T11:10:50.319+0000] {subprocess.py:93} INFO -   warnings.warn(DEPRECATION_MESSAGE, DeprecationWarning)
[2025-03-01T11:10:50.319+0000] {subprocess.py:93} INFO - 2025-03-01 11:10:50,317 : INFO : Starting model training
[2025-03-01T11:10:50.335+0000] {subprocess.py:93} INFO - 2025-03-01 11:10:50,335 : INFO : Registry cache expired, so refreshing
[2025-03-01T11:10:50.344+0000] {subprocess.py:93} INFO - 2025-03-01 11:10:50,344 : INFO : Getting data
[2025-03-01T11:10:50.345+0000] {subprocess.py:93} INFO - 2025-03-01 11:10:50,344 : INFO : Start and End Range: 1 to 1000
[2025-03-01T11:10:50.708+0000] {subprocess.py:93} INFO - 2025-03-01 11:10:50,708 : INFO : New Start and End Range: 1001 to 2000
[2025-03-01T11:10:50.709+0000] {subprocess.py:93} INFO - 2025-03-01 11:10:50,709 : INFO : Start and End Range: 1001 to 2000
[2025-03-01T11:10:50.960+0000] {subprocess.py:93} INFO - 2025-03-01 11:10:50,959 : INFO : New Start and End Range: 3001 to 4000
[2025-03-01T11:10:50.960+0000] {subprocess.py:93} INFO - 2025-03-01 11:10:50,960 : INFO : Start and End Range: 3001 to 4000
[2025-03-01T11:10:51.373+0000] {subprocess.py:93} INFO - 2025-03-01 11:10:51,372 : INFO : New Start and End Range: 7001 to 8000
[2025-03-01T11:10:51.373+0000] {subprocess.py:93} INFO - 2025-03-01 11:10:51,373 : INFO : Start and End Range: 7001 to 8000
[2025-03-01T11:10:51.754+0000] {subprocess.py:93} INFO - 2025-03-01 11:10:51,754 : INFO : New Start and End Range: 15001 to 16000
[2025-03-01T11:10:51.755+0000] {subprocess.py:93} INFO - 2025-03-01 11:10:51,755 : INFO : Start and End Range: 15001 to 16000
[2025-03-01T11:10:52.171+0000] {subprocess.py:93} INFO - 2025-03-01 11:10:52,171 : INFO : New Start and End Range: 31001 to 32000
[2025-03-01T11:10:52.172+0000] {subprocess.py:93} INFO - 2025-03-01 11:10:52,171 : INFO : Start and End Range: 31001 to 32000
[2025-03-01T11:10:52.471+0000] {subprocess.py:93} INFO - 2025-03-01 11:10:52,470 : INFO : New Start and End Range: 63001 to 64000
[2025-03-01T11:10:52.471+0000] {subprocess.py:93} INFO - 2025-03-01 11:10:52,471 : INFO : Start and End Range: 63001 to 64000
[2025-03-01T11:10:52.851+0000] {subprocess.py:93} INFO - 2025-03-01 11:10:52,850 : INFO : New Start and End Range: 127001 to 128000
[2025-03-01T11:10:52.851+0000] {subprocess.py:93} INFO - 2025-03-01 11:10:52,851 : INFO : Start and End Range: 127001 to 128000
[2025-03-01T11:10:53.116+0000] {subprocess.py:93} INFO - 2025-03-01 11:10:53,115 : INFO : New Start and End Range: 255001 to 256000
[2025-03-01T11:10:53.116+0000] {subprocess.py:93} INFO - 2025-03-01 11:10:53,116 : INFO : Start and End Range: 255001 to 256000
[2025-03-01T11:10:53.201+0000] {subprocess.py:93} INFO - 2025-03-01 11:10:53,201 : INFO : Stoping at Start and End Range: 255001 to 256000
[2025-03-01T11:10:53.201+0000] {subprocess.py:93} INFO - 2025-03-01 11:10:53,201 : INFO : Created feature data
[2025-03-01T11:10:53.254+0000] {subprocess.py:93} INFO - 2025-03-01 11:10:53,205 : INFO :    Id  HasCrCard  ...  BalanceAgeRatio   Balance
[2025-03-01T11:10:53.254+0000] {subprocess.py:93} INFO - 0   1          1  ...              0.0 -1.225848
[2025-03-01T11:10:53.255+0000] {subprocess.py:93} INFO - 1   2          1  ...           2044.0  0.117350
[2025-03-01T11:10:53.255+0000] {subprocess.py:93} INFO - 2   3          1  ...           3801.0  1.333053
[2025-03-01T11:10:53.255+0000] {subprocess.py:93} INFO - 3   4          1  ...              0.0 -1.225848
[2025-03-01T11:10:53.255+0000] {subprocess.py:93} INFO - 4   5          1  ...           2919.0  0.785728
[2025-03-01T11:10:53.255+0000] {subprocess.py:93} INFO - 
[2025-03-01T11:10:53.255+0000] {subprocess.py:93} INFO - [5 rows x 17 columns]
[2025-03-01T11:10:53.255+0000] {subprocess.py:93} INFO - 2025-03-01 11:10:53,254 : INFO : received feature data
[2025-03-01T11:10:53.261+0000] {subprocess.py:93} INFO - 2025-03-01 11:10:53,261 : INFO : Models defined
[2025-03-01T11:10:53.262+0000] {subprocess.py:93} INFO - 2025-03-01 11:10:53,261 : INFO : Training model RandomForest
[2025-03-01T11:10:55.024+0000] {subprocess.py:93} INFO - 2025-03-01 11:10:55,024 : INFO : Predicting model RandomForest
[2025-03-01T11:10:55.068+0000] {subprocess.py:93} INFO - 2025-03-01 11:10:55,068 : INFO : Calculating accuracy RandomForest
[2025-03-01T11:11:01.791+0000] {subprocess.py:93} INFO - 2025/03/01 11:11:01 WARNING mlflow.models.model: Model logged without a signature and input example. Please set `input_example` parameter when logging the model to auto infer the model signature.
[2025-03-01T11:11:02.023+0000] {subprocess.py:93} INFO - 2025-03-01 11:11:02,022 : INFO : Logged model RandomForest
[2025-03-01T11:11:02.061+0000] {subprocess.py:93} INFO - 2025/03/01 11:11:02 INFO mlflow.tracking._tracking_service.client: 🏃 View run unleashed-moose-640 at: http://localhost:5000/#/experiments/0/runs/9dae6e3c1d9d400a82fb27f9d3f4c0e8.
[2025-03-01T11:11:02.062+0000] {subprocess.py:93} INFO - 2025/03/01 11:11:02 INFO mlflow.tracking._tracking_service.client: 🧪 View experiment at: http://localhost:5000/#/experiments/0.
[2025-03-01T11:11:02.071+0000] {subprocess.py:93} INFO - 2025-03-01 11:11:02,071 : INFO : Training model LogisticRegression
[2025-03-01T11:11:02.316+0000] {subprocess.py:93} INFO - 2025-03-01 11:11:02,316 : INFO : Predicting model LogisticRegression
[2025-03-01T11:11:02.321+0000] {subprocess.py:93} INFO - 2025-03-01 11:11:02,321 : INFO : Calculating accuracy LogisticRegression
[2025-03-01T11:11:06.277+0000] {subprocess.py:93} INFO - 2025/03/01 11:11:06 WARNING mlflow.models.model: Model logged without a signature and input example. Please set `input_example` parameter when logging the model to auto infer the model signature.
[2025-03-01T11:11:06.340+0000] {subprocess.py:93} INFO - 2025-03-01 11:11:06,339 : INFO : Logged model LogisticRegression
[2025-03-01T11:11:06.350+0000] {subprocess.py:93} INFO - 2025/03/01 11:11:06 INFO mlflow.tracking._tracking_service.client: 🏃 View run judicious-stork-887 at: http://localhost:5000/#/experiments/0/runs/b2726f7c00db49e58f4a175215d9ce63.
[2025-03-01T11:11:06.351+0000] {subprocess.py:93} INFO - 2025/03/01 11:11:06 INFO mlflow.tracking._tracking_service.client: 🧪 View experiment at: http://localhost:5000/#/experiments/0.
[2025-03-01T11:11:06.358+0000] {subprocess.py:93} INFO - 2025-03-01 11:11:06,358 : INFO : Training model SVM
[2025-03-01T11:11:14.405+0000] {subprocess.py:93} INFO - 2025-03-01 11:11:14,405 : INFO : Predicting model SVM
[2025-03-01T11:11:14.808+0000] {subprocess.py:93} INFO - 2025-03-01 11:11:14,807 : INFO : Calculating accuracy SVM
[2025-03-01T11:11:19.110+0000] {subprocess.py:93} INFO - /home/***/.local/lib/python3.8/site-packages/sklearn/metrics/_classification.py:1471: UndefinedMetricWarning: Precision is ill-defined and being set to 0.0 due to no predicted samples. Use `zero_division` parameter to control this behavior.
[2025-03-01T11:11:19.111+0000] {subprocess.py:93} INFO -   _warn_prf(average, modifier, msg_start, len(result))
[2025-03-01T11:11:19.111+0000] {subprocess.py:93} INFO - 2025/03/01 11:11:19 WARNING mlflow.models.model: Model logged without a signature and input example. Please set `input_example` parameter when logging the model to auto infer the model signature.
[2025-03-01T11:11:19.167+0000] {subprocess.py:93} INFO - 2025-03-01 11:11:19,166 : INFO : Logged model SVM
[2025-03-01T11:11:19.178+0000] {subprocess.py:93} INFO - 2025/03/01 11:11:19 INFO mlflow.tracking._tracking_service.client: 🏃 View run glamorous-wren-518 at: http://localhost:5000/#/experiments/0/runs/8cec931d29444fff8bed27757f6c1fe5.
[2025-03-01T11:11:19.178+0000] {subprocess.py:93} INFO - 2025/03/01 11:11:19 INFO mlflow.tracking._tracking_service.client: 🧪 View experiment at: http://localhost:5000/#/experiments/0.
[2025-03-01T11:11:19.186+0000] {subprocess.py:93} INFO - cannot unpack non-iterable NoneType object
