[2025-03-02T14:14:39.926+0000] {taskinstance.py:1159} INFO - Dependencies all met for dep_context=non-requeueable deps ti=<TaskInstance: customer_churn_ml_pipeline.data_preparation_task manual__2025-03-02T14:13:34.519458+00:00 [queued]>
[2025-03-02T14:14:39.946+0000] {taskinstance.py:1159} INFO - Dependencies all met for dep_context=requeueable deps ti=<TaskInstance: customer_churn_ml_pipeline.data_preparation_task manual__2025-03-02T14:13:34.519458+00:00 [queued]>
[2025-03-02T14:14:39.947+0000] {taskinstance.py:1361} INFO - Starting attempt 1 of 1
[2025-03-02T14:14:39.987+0000] {taskinstance.py:1382} INFO - Executing <Task(BashOperator): data_preparation_task> on 2025-03-02 14:13:34.519458+00:00
[2025-03-02T14:14:39.994+0000] {standard_task_runner.py:57} INFO - Started process 5688 to run task
[2025-03-02T14:14:39.999+0000] {standard_task_runner.py:84} INFO - Running: ['***', 'tasks', 'run', 'customer_churn_ml_pipeline', 'data_preparation_task', 'manual__2025-03-02T14:13:34.519458+00:00', '--job-id', '25', '--raw', '--subdir', 'DAGS_FOLDER/customer_churn.py', '--cfg-path', '/tmp/tmpzy_66ds7']
[2025-03-02T14:14:40.004+0000] {standard_task_runner.py:85} INFO - Job 25: Subtask data_preparation_task
[2025-03-02T14:14:40.041+0000] {logging_mixin.py:154} WARNING - /home/***/.local/lib/python3.8/site-packages/***/settings.py:195 DeprecationWarning: The sql_alchemy_conn option in [core] has been moved to the sql_alchemy_conn option in [database] - the old setting has been used, but please update your config.
[2025-03-02T14:14:40.130+0000] {task_command.py:416} INFO - Running <TaskInstance: customer_churn_ml_pipeline.data_preparation_task manual__2025-03-02T14:13:34.519458+00:00 [running]> on host 157237bff8f7
[2025-03-02T14:14:40.348+0000] {taskinstance.py:1662} INFO - Exporting env vars: AIRFLOW_CTX_DAG_OWNER='***' AIRFLOW_CTX_DAG_ID='customer_churn_ml_pipeline' AIRFLOW_CTX_TASK_ID='data_preparation_task' AIRFLOW_CTX_EXECUTION_DATE='2025-03-02T14:13:34.519458+00:00' AIRFLOW_CTX_TRY_NUMBER='1' AIRFLOW_CTX_DAG_RUN_ID='manual__2025-03-02T14:13:34.519458+00:00'
[2025-03-02T14:14:40.350+0000] {subprocess.py:63} INFO - Tmp dir root location: /tmp
[2025-03-02T14:14:40.351+0000] {subprocess.py:75} INFO - Running command: ['/bin/bash', '-c', '\n\t\t\tcd /opt/*** &&\t\t\tpython /opt/***/executables/data_preparation.py &&                         dvc add /opt/***/data/cleaned &&                         git add /opt/***/data/cleaned.dvc && \t\t\tgit add logs && \\   \n\t\t\tgit add visualization &&    \t\t\tgit status &&                         git commit -m "Updated cleaned data version" -a &&                         dvc push && git push\n                    ']
[2025-03-02T14:14:40.365+0000] {subprocess.py:86} INFO - Output:
[2025-03-02T14:14:44.351+0000] {subprocess.py:93} INFO - 2025-03-02 14:14:44,350 : INFO : Starting data preparation for csv.
[2025-03-02T14:14:44.387+0000] {subprocess.py:93} INFO - 2025-03-02 14:14:44,386 : INFO : Handling 'Tenure', 'Balance', 'EstimatedSalary' empty data
[2025-03-02T14:14:44.387+0000] {subprocess.py:93} INFO - 2025-03-02 14:14:44,387 : INFO : Handling 'Age' empty data
[2025-03-02T14:14:44.389+0000] {subprocess.py:93} INFO - 2025-03-02 14:14:44,389 : INFO : Droping 'Surname' as it may lead to profiling, 'RowNumber', 'CustomerId' as it is not required
[2025-03-02T14:14:44.393+0000] {subprocess.py:93} INFO - 2025-03-02 14:14:44,393 : INFO : Making 'Geography', 'Gender', 'HasCrCard', 'IsActiveMember' as categorical
[2025-03-02T14:14:44.408+0000] {subprocess.py:93} INFO - 2025-03-02 14:14:44,407 : INFO : Saving data to S3.
[2025-03-02T14:14:44.408+0000] {subprocess.py:93} INFO - 2025-03-02 14:14:44,408 : INFO : Directory created at /opt/***/data/cleaned/02-03-2025/csv
[2025-03-02T14:14:44.714+0000] {subprocess.py:93} INFO - 2025-03-02 14:14:44,713 : INFO : Connected to s3
[2025-03-02T14:14:48.109+0000] {subprocess.py:93} INFO - 2025-03-02 14:14:48,108 : INFO : File uploaded to S3
[2025-03-02T14:14:48.110+0000] {subprocess.py:93} INFO - 2025-03-02 14:14:48,110 : INFO : Creating Pie chart
[2025-03-02T14:14:48.188+0000] {subprocess.py:93} INFO - 2025-03-02 14:14:48,187 : INFO : Generating histogram for column CreditScore.
[2025-03-02T14:14:48.386+0000] {subprocess.py:93} INFO - 2025-03-02 14:14:48,385 : INFO : Generating histogram for column Geography.
[2025-03-02T14:14:48.608+0000] {subprocess.py:93} INFO - 2025-03-02 14:14:48,606 : INFO : Generating histogram for column Gender.
[2025-03-02T14:14:48.750+0000] {subprocess.py:93} INFO - 2025-03-02 14:14:48,750 : INFO : Generating histogram for column Age.
[2025-03-02T14:14:48.942+0000] {subprocess.py:93} INFO - 2025-03-02 14:14:48,942 : INFO : Generating histogram for column Tenure.
[2025-03-02T14:14:49.109+0000] {subprocess.py:93} INFO - 2025-03-02 14:14:49,108 : INFO : Generating histogram for column Balance.
[2025-03-02T14:14:49.302+0000] {subprocess.py:93} INFO - 2025-03-02 14:14:49,302 : INFO : Generating histogram for column NumOfProducts.
[2025-03-02T14:14:49.486+0000] {subprocess.py:93} INFO - 2025-03-02 14:14:49,486 : INFO : Generating histogram for column HasCrCard.
[2025-03-02T14:14:49.661+0000] {subprocess.py:93} INFO - 2025-03-02 14:14:49,661 : INFO : Generating histogram for column IsActiveMember.
[2025-03-02T14:14:49.855+0000] {subprocess.py:93} INFO - 2025-03-02 14:14:49,854 : INFO : Generating histogram for column EstimatedSalary.
[2025-03-02T14:14:50.197+0000] {subprocess.py:93} INFO - 2025-03-02 14:14:50,197 : INFO : Generating histogram for column Exited.
[2025-03-02T14:14:50.448+0000] {subprocess.py:93} INFO - 2025-03-02 14:14:50,448 : INFO : Generating histogram for relation of Exited with Categorical data.
[2025-03-02T14:14:50.869+0000] {subprocess.py:93} INFO - 2025-03-02 14:14:50,869 : INFO : Using categorical units to plot a list of strings that are all parsable as floats or dates. If these strings should be plotted as numbers, cast to the appropriate data type before plotting.
[2025-03-02T14:14:50.909+0000] {subprocess.py:93} INFO - 2025-03-02 14:14:50,909 : INFO : Using categorical units to plot a list of strings that are all parsable as floats or dates. If these strings should be plotted as numbers, cast to the appropriate data type before plotting.
[2025-03-02T14:14:51.015+0000] {subprocess.py:93} INFO - 2025-03-02 14:14:51,014 : INFO : Using categorical units to plot a list of strings that are all parsable as floats or dates. If these strings should be plotted as numbers, cast to the appropriate data type before plotting.
[2025-03-02T14:14:51.040+0000] {subprocess.py:93} INFO - 2025-03-02 14:14:51,039 : INFO : Using categorical units to plot a list of strings that are all parsable as floats or dates. If these strings should be plotted as numbers, cast to the appropriate data type before plotting.
[2025-03-02T14:14:51.109+0000] {subprocess.py:93} INFO - 2025-03-02 14:14:51,108 : INFO : Generating box plots for relation of Exited with non Categorical data.
[2025-03-02T14:14:51.363+0000] {subprocess.py:93} INFO - 2025-03-02 14:14:51,362 : INFO : Using categorical units to plot a list of strings that are all parsable as floats or dates. If these strings should be plotted as numbers, cast to the appropriate data type before plotting.
[2025-03-02T14:14:51.393+0000] {subprocess.py:93} INFO - 2025-03-02 14:14:51,393 : INFO : Using categorical units to plot a list of strings that are all parsable as floats or dates. If these strings should be plotted as numbers, cast to the appropriate data type before plotting.
[2025-03-02T14:14:51.561+0000] {subprocess.py:93} INFO - 2025-03-02 14:14:51,561 : INFO : Using categorical units to plot a list of strings that are all parsable as floats or dates. If these strings should be plotted as numbers, cast to the appropriate data type before plotting.
[2025-03-02T14:14:51.588+0000] {subprocess.py:93} INFO - 2025-03-02 14:14:51,587 : INFO : Using categorical units to plot a list of strings that are all parsable as floats or dates. If these strings should be plotted as numbers, cast to the appropriate data type before plotting.
[2025-03-02T14:14:51.740+0000] {subprocess.py:93} INFO - 2025-03-02 14:14:51,739 : INFO : Using categorical units to plot a list of strings that are all parsable as floats or dates. If these strings should be plotted as numbers, cast to the appropriate data type before plotting.
[2025-03-02T14:14:51.763+0000] {subprocess.py:93} INFO - 2025-03-02 14:14:51,763 : INFO : Using categorical units to plot a list of strings that are all parsable as floats or dates. If these strings should be plotted as numbers, cast to the appropriate data type before plotting.
[2025-03-02T14:14:51.897+0000] {subprocess.py:93} INFO - 2025-03-02 14:14:51,897 : INFO : Using categorical units to plot a list of strings that are all parsable as floats or dates. If these strings should be plotted as numbers, cast to the appropriate data type before plotting.
[2025-03-02T14:14:51.942+0000] {subprocess.py:93} INFO - 2025-03-02 14:14:51,942 : INFO : Using categorical units to plot a list of strings that are all parsable as floats or dates. If these strings should be plotted as numbers, cast to the appropriate data type before plotting.
[2025-03-02T14:14:52.086+0000] {subprocess.py:93} INFO - 2025-03-02 14:14:52,085 : INFO : Using categorical units to plot a list of strings that are all parsable as floats or dates. If these strings should be plotted as numbers, cast to the appropriate data type before plotting.
[2025-03-02T14:14:52.107+0000] {subprocess.py:93} INFO - 2025-03-02 14:14:52,107 : INFO : Using categorical units to plot a list of strings that are all parsable as floats or dates. If these strings should be plotted as numbers, cast to the appropriate data type before plotting.
[2025-03-02T14:14:52.369+0000] {subprocess.py:93} INFO - 2025-03-02 14:14:52,368 : INFO : Using categorical units to plot a list of strings that are all parsable as floats or dates. If these strings should be plotted as numbers, cast to the appropriate data type before plotting.
[2025-03-02T14:14:52.396+0000] {subprocess.py:93} INFO - 2025-03-02 14:14:52,395 : INFO : Using categorical units to plot a list of strings that are all parsable as floats or dates. If these strings should be plotted as numbers, cast to the appropriate data type before plotting.
[2025-03-02T14:14:53.171+0000] {subprocess.py:93} INFO - 2025-03-02 14:14:53,170 : INFO : Saved pdf in visualization/plots.pdf
[2025-03-02T14:14:56.748+0000] {subprocess.py:93} INFO - 
[2025-03-02T14:14:56.749+0000] {subprocess.py:93} INFO - To track the changes with git, run:
[2025-03-02T14:14:56.749+0000] {subprocess.py:93} INFO - 
[2025-03-02T14:14:56.749+0000] {subprocess.py:93} INFO - 	git add data/cleaned.dvc
[2025-03-02T14:14:56.751+0000] {subprocess.py:93} INFO - 
[2025-03-02T14:14:56.752+0000] {subprocess.py:93} INFO - To enable auto staging, run:
[2025-03-02T14:14:56.752+0000] {subprocess.py:93} INFO - 
[2025-03-02T14:14:56.752+0000] {subprocess.py:93} INFO - 	dvc config core.autostage true
[2025-03-02T14:14:57.231+0000] {subprocess.py:93} INFO - /bin/bash: line 2:  : command not found
[2025-03-02T14:14:57.274+0000] {subprocess.py:93} INFO - On branch main
[2025-03-02T14:14:57.274+0000] {subprocess.py:93} INFO - Your branch is up to date with 'origin/main'.
[2025-03-02T14:14:57.275+0000] {subprocess.py:93} INFO - 
[2025-03-02T14:14:57.275+0000] {subprocess.py:93} INFO - Changes to be committed:
[2025-03-02T14:14:57.275+0000] {subprocess.py:93} INFO -   (use "git restore --staged <file>..." to unstage)
[2025-03-02T14:14:57.276+0000] {subprocess.py:93} INFO - 	new file:   logs/dag_id=customer_churn_ml_pipeline/run_id=manual__2025-03-02T14:13:34.519458+00:00/task_id=data_preparation_task/attempt=1.log
[2025-03-02T14:14:57.276+0000] {subprocess.py:93} INFO - 	modified:   logs/dag_id=customer_churn_ml_pipeline/run_id=manual__2025-03-02T14:13:34.519458+00:00/task_id=data_validation_task/attempt=1.log
[2025-03-02T14:14:57.276+0000] {subprocess.py:93} INFO - 	new file:   logs/dag_id=customer_churn_ml_pipeline/run_id=manual__2025-03-02T14:13:45.132348+00:00/task_id=data_preparation_task/attempt=1.log
[2025-03-02T14:14:57.276+0000] {subprocess.py:93} INFO - 	modified:   logs/dag_id=customer_churn_ml_pipeline/run_id=manual__2025-03-02T14:13:45.132348+00:00/task_id=data_validation_task/attempt=1.log
[2025-03-02T14:14:57.277+0000] {subprocess.py:93} INFO - 	modified:   logs/dag_processor_manager/dag_processor_manager.log
[2025-03-02T14:14:57.277+0000] {subprocess.py:93} INFO - 	modified:   logs/data_preparation.log
[2025-03-02T14:14:57.277+0000] {subprocess.py:93} INFO - 	modified:   logs/scheduler/2025-03-02/customer_churn.py.log
[2025-03-02T14:14:57.277+0000] {subprocess.py:93} INFO - 	modified:   visualization/plots.pdf
[2025-03-02T14:14:57.277+0000] {subprocess.py:93} INFO - 
[2025-03-02T14:14:57.278+0000] {subprocess.py:93} INFO - Changes not staged for commit:
[2025-03-02T14:14:57.278+0000] {subprocess.py:93} INFO -   (use "git add <file>..." to update what will be committed)
[2025-03-02T14:14:57.278+0000] {subprocess.py:93} INFO -   (use "git restore <file>..." to discard changes in working directory)
[2025-03-02T14:14:57.278+0000] {subprocess.py:93} INFO - 	modified:   logs/dag_id=customer_churn_ml_pipeline/run_id=manual__2025-03-02T14:13:34.519458+00:00/task_id=data_preparation_task/attempt=1.log
[2025-03-02T14:14:57.279+0000] {subprocess.py:93} INFO - 
[2025-03-02T14:14:57.279+0000] {subprocess.py:93} INFO - Untracked files:
[2025-03-02T14:14:57.279+0000] {subprocess.py:93} INFO -   (use "git add <file>..." to include in what will be committed)
[2025-03-02T14:14:57.279+0000] {subprocess.py:93} INFO - 	customer_churn_pipeline/
[2025-03-02T14:14:57.280+0000] {subprocess.py:93} INFO - 	customer_churn_stats/feature_repo/data/registry.db
[2025-03-02T14:14:57.280+0000] {subprocess.py:93} INFO - 
