[2025-03-03T16:40:51.094+0000] {taskinstance.py:1159} INFO - Dependencies all met for dep_context=non-requeueable deps ti=<TaskInstance: customer_churn_ml_pipeline.data_transformation_task manual__2025-03-03T16:39:59.268411+00:00 [queued]>
[2025-03-03T16:40:51.104+0000] {taskinstance.py:1159} INFO - Dependencies all met for dep_context=requeueable deps ti=<TaskInstance: customer_churn_ml_pipeline.data_transformation_task manual__2025-03-03T16:39:59.268411+00:00 [queued]>
[2025-03-03T16:40:51.104+0000] {taskinstance.py:1361} INFO - Starting attempt 1 of 1
[2025-03-03T16:40:51.120+0000] {taskinstance.py:1382} INFO - Executing <Task(BashOperator): data_transformation_task> on 2025-03-03 16:39:59.268411+00:00
[2025-03-03T16:40:51.125+0000] {standard_task_runner.py:57} INFO - Started process 4610 to run task
[2025-03-03T16:40:51.128+0000] {standard_task_runner.py:84} INFO - Running: ['***', 'tasks', 'run', 'customer_churn_ml_pipeline', 'data_transformation_task', 'manual__2025-03-03T16:39:59.268411+00:00', '--job-id', '104', '--raw', '--subdir', 'DAGS_FOLDER/customer_churn.py', '--cfg-path', '/tmp/tmpyzl6vv_w']
[2025-03-03T16:40:51.130+0000] {standard_task_runner.py:85} INFO - Job 104: Subtask data_transformation_task
[2025-03-03T16:40:51.152+0000] {logging_mixin.py:154} WARNING - /home/***/.local/lib/python3.8/site-packages/***/settings.py:195 DeprecationWarning: The sql_alchemy_conn option in [core] has been moved to the sql_alchemy_conn option in [database] - the old setting has been used, but please update your config.
[2025-03-03T16:40:51.197+0000] {task_command.py:416} INFO - Running <TaskInstance: customer_churn_ml_pipeline.data_transformation_task manual__2025-03-03T16:39:59.268411+00:00 [running]> on host 157237bff8f7
[2025-03-03T16:40:51.310+0000] {taskinstance.py:1662} INFO - Exporting env vars: AIRFLOW_CTX_DAG_OWNER='***' AIRFLOW_CTX_DAG_ID='customer_churn_ml_pipeline' AIRFLOW_CTX_TASK_ID='data_transformation_task' AIRFLOW_CTX_EXECUTION_DATE='2025-03-03T16:39:59.268411+00:00' AIRFLOW_CTX_TRY_NUMBER='1' AIRFLOW_CTX_DAG_RUN_ID='manual__2025-03-03T16:39:59.268411+00:00'
[2025-03-03T16:40:51.311+0000] {subprocess.py:63} INFO - Tmp dir root location: /tmp
[2025-03-03T16:40:51.312+0000] {subprocess.py:75} INFO - Running command: ['/bin/bash', '-c', '\n\t\t\tcd /opt/*** &&                        dvc pull /opt/***/data/cleaned\n                        python /opt/***/executables/data_transformation.py &&                         dvc add /opt/***/data/transformed &&                         git add /opt/***/data/transformed.dvc && \t\t\tgit add logs &&    \t\t\tgit status &&                         git commit -m "Updated transformed data version" -a &&                         dvc push && git push\n                    ']
[2025-03-03T16:40:51.322+0000] {subprocess.py:86} INFO - Output:
[2025-03-03T16:40:54.740+0000] {subprocess.py:93} INFO - Everything is up to date.
[2025-03-03T16:40:57.472+0000] {subprocess.py:93} INFO - 2025-03-03 16:40:57,471 : INFO : Starting data transformation for csv.
[2025-03-03T16:40:57.473+0000] {subprocess.py:93} INFO - 2025-03-03 16:40:57,473 : ERROR : Failed data transformation: [Errno 2] No such file or directory: '/opt/***/data/cleaned/fintech1/03-03-2025/csv/customer_data.csv'
[2025-03-03T16:40:57.473+0000] {subprocess.py:93} INFO - 2025-03-03 16:40:57,473 : INFO : Starting data transformation for csv.
[2025-03-03T16:40:57.473+0000] {subprocess.py:93} INFO - 2025-03-03 16:40:57,473 : ERROR : Failed data transformation: [Errno 2] No such file or directory: '/opt/***/data/cleaned/fintech2/03-03-2025/database/database_data.csv'
[2025-03-03T16:40:59.586+0000] {subprocess.py:93} INFO - 
[2025-03-03T16:40:59.586+0000] {subprocess.py:93} INFO - To track the changes with git, run:
[2025-03-03T16:40:59.586+0000] {subprocess.py:93} INFO - 
[2025-03-03T16:40:59.587+0000] {subprocess.py:93} INFO - 	git add data/transformed.dvc
[2025-03-03T16:40:59.587+0000] {subprocess.py:93} INFO - 
[2025-03-03T16:40:59.587+0000] {subprocess.py:93} INFO - To enable auto staging, run:
[2025-03-03T16:40:59.587+0000] {subprocess.py:93} INFO - 
[2025-03-03T16:40:59.587+0000] {subprocess.py:93} INFO - 	dvc config core.autostage true
[2025-03-03T16:40:59.909+0000] {subprocess.py:93} INFO - On branch main
[2025-03-03T16:40:59.910+0000] {subprocess.py:93} INFO - Your branch is up to date with 'origin/main'.
[2025-03-03T16:40:59.910+0000] {subprocess.py:93} INFO - 
[2025-03-03T16:40:59.910+0000] {subprocess.py:93} INFO - Changes to be committed:
[2025-03-03T16:40:59.910+0000] {subprocess.py:93} INFO -   (use "git restore --staged <file>..." to unstage)
[2025-03-03T16:40:59.911+0000] {subprocess.py:93} INFO - 	new file:   logs/dag_id=customer_churn_ml_pipeline/run_id=manual__2025-03-03T16:39:59.268411+00:00/task_id=data_preparation_task/attempt=1.log
[2025-03-03T16:40:59.911+0000] {subprocess.py:93} INFO - 	new file:   logs/dag_id=customer_churn_ml_pipeline/run_id=manual__2025-03-03T16:39:59.268411+00:00/task_id=data_transformation_task/attempt=1.log
[2025-03-03T16:40:59.911+0000] {subprocess.py:93} INFO - 	new file:   logs/dag_id=customer_churn_ml_pipeline/run_id=manual__2025-03-03T16:39:59.268411+00:00/task_id=data_validation_task/attempt=1.log
[2025-03-03T16:40:59.911+0000] {subprocess.py:93} INFO - 	modified:   logs/dag_processor_manager/dag_processor_manager.log
[2025-03-03T16:40:59.912+0000] {subprocess.py:93} INFO - 	modified:   logs/data_transformation.log
[2025-03-03T16:40:59.912+0000] {subprocess.py:93} INFO - 	modified:   logs/scheduler/2025-03-03/customer_churn.py.log
[2025-03-03T16:40:59.912+0000] {subprocess.py:93} INFO - 
[2025-03-03T16:40:59.913+0000] {subprocess.py:93} INFO - Untracked files:
[2025-03-03T16:40:59.913+0000] {subprocess.py:93} INFO -   (use "git add <file>..." to include in what will be committed)
[2025-03-03T16:40:59.913+0000] {subprocess.py:93} INFO - 	customer_churn_stats/feature_repo/data/online_store.db
[2025-03-03T16:40:59.913+0000] {subprocess.py:93} INFO - 	customer_churn_stats/feature_repo/data/registry.db
[2025-03-03T16:40:59.913+0000] {subprocess.py:93} INFO - 	models/
[2025-03-03T16:40:59.914+0000] {subprocess.py:93} INFO - 	online.db
[2025-03-03T16:40:59.914+0000] {subprocess.py:93} INFO - 
[2025-03-03T16:40:59.971+0000] {subprocess.py:93} INFO - [main 0b1cd10] Updated transformed data version
[2025-03-03T16:40:59.971+0000] {subprocess.py:93} INFO -  6 files changed, 175 insertions(+)
[2025-03-03T16:40:59.972+0000] {subprocess.py:93} INFO -  create mode 100644 logs/dag_id=customer_churn_ml_pipeline/run_id=manual__2025-03-03T16:39:59.268411+00:00/task_id=data_preparation_task/attempt=1.log
[2025-03-03T16:40:59.972+0000] {subprocess.py:93} INFO -  create mode 100644 logs/dag_id=customer_churn_ml_pipeline/run_id=manual__2025-03-03T16:39:59.268411+00:00/task_id=data_transformation_task/attempt=1.log
[2025-03-03T16:40:59.972+0000] {subprocess.py:93} INFO -  create mode 100644 logs/dag_id=customer_churn_ml_pipeline/run_id=manual__2025-03-03T16:39:59.268411+00:00/task_id=data_validation_task/attempt=1.log
[2025-03-03T16:41:05.613+0000] {subprocess.py:93} INFO - Everything is up to date.
[2025-03-03T16:41:07.629+0000] {subprocess.py:93} INFO - To https://github.com/anniemathew-trial/customer_churn_pipeline.git
[2025-03-03T16:41:07.639+0000] {subprocess.py:93} INFO -    58965e9..0b1cd10  main -> main
[2025-03-03T16:41:07.644+0000] {subprocess.py:97} INFO - Command exited with return code 0
[2025-03-03T16:41:07.680+0000] {taskinstance.py:1400} INFO - Marking task as SUCCESS. dag_id=customer_churn_ml_pipeline, task_id=data_transformation_task, execution_date=20250303T163959, start_date=20250303T164051, end_date=20250303T164107
[2025-03-03T16:41:07.730+0000] {local_task_job_runner.py:228} INFO - Task exited with return code 0
[2025-03-03T16:41:07.772+0000] {taskinstance.py:2778} INFO - 1 downstream tasks scheduled from follow-on schedule check
