[2025-03-02T09:05:34.154+0000] {taskinstance.py:1159} INFO - Dependencies all met for dep_context=non-requeueable deps ti=<TaskInstance: customer_churn_ml_pipeline.data_ingestion_task manual__2025-03-02T09:05:27.413872+00:00 [queued]>
[2025-03-02T09:05:34.168+0000] {taskinstance.py:1159} INFO - Dependencies all met for dep_context=requeueable deps ti=<TaskInstance: customer_churn_ml_pipeline.data_ingestion_task manual__2025-03-02T09:05:27.413872+00:00 [queued]>
[2025-03-02T09:05:34.168+0000] {taskinstance.py:1361} INFO - Starting attempt 1 of 1
[2025-03-02T09:05:34.185+0000] {taskinstance.py:1382} INFO - Executing <Task(BashOperator): data_ingestion_task> on 2025-03-02 09:05:27.413872+00:00
[2025-03-02T09:05:34.189+0000] {standard_task_runner.py:57} INFO - Started process 5298 to run task
[2025-03-02T09:05:34.192+0000] {standard_task_runner.py:84} INFO - Running: ['***', 'tasks', 'run', 'customer_churn_ml_pipeline', 'data_ingestion_task', 'manual__2025-03-02T09:05:27.413872+00:00', '--job-id', '49', '--raw', '--subdir', 'DAGS_FOLDER/customer_churn.py', '--cfg-path', '/tmp/tmp29oiikro']
[2025-03-02T09:05:34.194+0000] {standard_task_runner.py:85} INFO - Job 49: Subtask data_ingestion_task
[2025-03-02T09:05:34.215+0000] {logging_mixin.py:154} WARNING - /home/***/.local/lib/python3.8/site-packages/***/settings.py:195 DeprecationWarning: The sql_alchemy_conn option in [core] has been moved to the sql_alchemy_conn option in [database] - the old setting has been used, but please update your config.
[2025-03-02T09:05:34.260+0000] {task_command.py:416} INFO - Running <TaskInstance: customer_churn_ml_pipeline.data_ingestion_task manual__2025-03-02T09:05:27.413872+00:00 [running]> on host 9113a5746a05
[2025-03-02T09:05:34.365+0000] {taskinstance.py:1662} INFO - Exporting env vars: AIRFLOW_CTX_DAG_OWNER='***' AIRFLOW_CTX_DAG_ID='customer_churn_ml_pipeline' AIRFLOW_CTX_TASK_ID='data_ingestion_task' AIRFLOW_CTX_EXECUTION_DATE='2025-03-02T09:05:27.413872+00:00' AIRFLOW_CTX_TRY_NUMBER='1' AIRFLOW_CTX_DAG_RUN_ID='manual__2025-03-02T09:05:27.413872+00:00'
[2025-03-02T09:05:34.366+0000] {subprocess.py:63} INFO - Tmp dir root location: /tmp
[2025-03-02T09:05:34.366+0000] {subprocess.py:75} INFO - Running command: ['/bin/bash', '-c', 'python /opt/***/executables/data_ingestion.py && \t\t\tNOW=$(date \'+%d-%m-%Y\') &&\t\t\tcd /opt/*** && \t\t\tgit add logs &&                        git commit -m "Updated data ingestion" -a &&                         git push\n                    ']
[2025-03-02T09:05:34.375+0000] {subprocess.py:86} INFO - Output:
[2025-03-02T09:05:35.200+0000] {subprocess.py:93} INFO - 2025-03-02 09:05:35,200 : INFO : Reading data from CSV file customer_data.csv
[2025-03-02T09:05:35.283+0000] {subprocess.py:93} INFO - 2025-03-02 09:05:35,282 : INFO : Data from CSV customer_data.csv ingested successfully!
[2025-03-02T09:05:35.283+0000] {subprocess.py:93} INFO - 2025-03-02 09:05:35,282 : INFO : Connecting to Database
[2025-03-02T09:05:35.301+0000] {subprocess.py:93} INFO - 2025-03-02 09:05:35,301 : INFO : Connecting to Database Successfull
[2025-03-02T09:05:35.302+0000] {subprocess.py:93} INFO - 2025-03-02 09:05:35,301 : INFO : Reading data from database.
[2025-03-02T09:05:35.644+0000] {subprocess.py:93} INFO - /opt/***/executables/data_ingestion.py:49: UserWarning: pandas only supports SQLAlchemy connectable (engine/connection) or database string URI or sqlite3 DBAPI2 connection. Other DBAPI2 objects are not tested. Please consider using SQLAlchemy.
[2025-03-02T09:05:35.644+0000] {subprocess.py:93} INFO -   data = pd.read_sql(query, connection)
[2025-03-02T09:05:35.644+0000] {subprocess.py:93} INFO - 2025-03-02 09:05:35,644 : INFO : Data from Database ingested successfully!
[2025-03-02T09:05:35.826+0000] {subprocess.py:93} INFO - [main 12c4be7] Updated data ingestion
[2025-03-02T09:05:35.827+0000] {subprocess.py:93} INFO -  5 files changed, 73 insertions(+)
[2025-03-02T09:05:35.827+0000] {subprocess.py:93} INFO -  create mode 100644 logs/dag_id=customer_churn_ml_pipeline/run_id=manual__2025-03-02T09:05:27.413872+00:00/task_id=data_ingestion_task/attempt=1.log
[2025-03-02T09:05:35.827+0000] {subprocess.py:93} INFO -  create mode 100644 logs/dag_id=customer_churn_ml_pipeline/run_id=manual__2025-03-02T09:05:27.413872+00:00/task_id=pull_latest_codes/attempt=1.log
[2025-03-02T09:05:37.734+0000] {subprocess.py:93} INFO - To https://github.com/anniemathew-trial/customer_churn_pipeline.git
[2025-03-02T09:05:37.736+0000] {subprocess.py:93} INFO -    2c6bbd9..12c4be7  main -> main
[2025-03-02T09:05:37.753+0000] {subprocess.py:97} INFO - Command exited with return code 0
[2025-03-02T09:05:37.844+0000] {taskinstance.py:1400} INFO - Marking task as SUCCESS. dag_id=customer_churn_ml_pipeline, task_id=data_ingestion_task, execution_date=20250302T090527, start_date=20250302T090534, end_date=20250302T090537
[2025-03-02T09:05:37.874+0000] {local_task_job_runner.py:228} INFO - Task exited with return code 0
[2025-03-02T09:05:37.910+0000] {taskinstance.py:2778} INFO - 0 downstream tasks scheduled from follow-on schedule check
