[2025-03-02T12:10:53.140+0000] {taskinstance.py:1159} INFO - Dependencies all met for dep_context=non-requeueable deps ti=<TaskInstance: customer_churn_ml_pipeline.data_storage_task manual__2025-03-02T12:09:01.135703+00:00 [queued]>
[2025-03-02T12:10:53.160+0000] {taskinstance.py:1159} INFO - Dependencies all met for dep_context=requeueable deps ti=<TaskInstance: customer_churn_ml_pipeline.data_storage_task manual__2025-03-02T12:09:01.135703+00:00 [queued]>
[2025-03-02T12:10:53.160+0000] {taskinstance.py:1361} INFO - Starting attempt 1 of 1
[2025-03-02T12:10:53.182+0000] {taskinstance.py:1382} INFO - Executing <Task(BashOperator): data_storage_task> on 2025-03-02 12:09:01.135703+00:00
[2025-03-02T12:10:53.188+0000] {standard_task_runner.py:57} INFO - Started process 17913 to run task
[2025-03-02T12:10:53.192+0000] {standard_task_runner.py:84} INFO - Running: ['***', 'tasks', 'run', 'customer_churn_ml_pipeline', 'data_storage_task', 'manual__2025-03-02T12:09:01.135703+00:00', '--job-id', '247', '--raw', '--subdir', 'DAGS_FOLDER/customer_churn.py', '--cfg-path', '/tmp/tmpg8k8q63r']
[2025-03-02T12:10:53.196+0000] {standard_task_runner.py:85} INFO - Job 247: Subtask data_storage_task
[2025-03-02T12:10:53.224+0000] {logging_mixin.py:154} WARNING - /home/***/.local/lib/python3.8/site-packages/***/settings.py:195 DeprecationWarning: The sql_alchemy_conn option in [core] has been moved to the sql_alchemy_conn option in [database] - the old setting has been used, but please update your config.
[2025-03-02T12:10:53.297+0000] {task_command.py:416} INFO - Running <TaskInstance: customer_churn_ml_pipeline.data_storage_task manual__2025-03-02T12:09:01.135703+00:00 [running]> on host 9113a5746a05
[2025-03-02T12:10:53.468+0000] {taskinstance.py:1662} INFO - Exporting env vars: AIRFLOW_CTX_DAG_OWNER='***' AIRFLOW_CTX_DAG_ID='customer_churn_ml_pipeline' AIRFLOW_CTX_TASK_ID='data_storage_task' AIRFLOW_CTX_EXECUTION_DATE='2025-03-02T12:09:01.135703+00:00' AIRFLOW_CTX_TRY_NUMBER='1' AIRFLOW_CTX_DAG_RUN_ID='manual__2025-03-02T12:09:01.135703+00:00'
[2025-03-02T12:10:53.470+0000] {subprocess.py:63} INFO - Tmp dir root location: /tmp
[2025-03-02T12:10:53.471+0000] {subprocess.py:75} INFO - Running command: ['/bin/bash', '-c', '\n\t\t\tcd /opt/***\n                        dvc pull /opt/***/data/transformed\n                        python /opt/***/executables/data_storage.py && \t\t\tgit add logs &&    \t\t\tgit status &&                         git commit -m "Updated stored data version" -a &&                         dvc push && git push\n                    ']
[2025-03-02T12:10:53.482+0000] {subprocess.py:86} INFO - Output:
[2025-03-02T12:10:58.231+0000] {subprocess.py:93} INFO - Everything is up to date.
[2025-03-02T12:11:00.515+0000] {subprocess.py:93} INFO - 2025-03-02 12:11:00,514 : INFO : Connecting to Database
[2025-03-02T12:11:00.561+0000] {subprocess.py:93} INFO - 2025-03-02 12:11:00,560 : INFO : Connecting to Database Successfull
[2025-03-02T12:11:00.562+0000] {subprocess.py:93} INFO - 2025-03-02 12:11:00,561 : INFO : Reading Initial DB Setup Script
[2025-03-02T12:11:00.562+0000] {subprocess.py:93} INFO - 2025-03-02 12:11:00,561 : INFO : Executing script to Database
[2025-03-02T12:11:00.565+0000] {subprocess.py:93} INFO - 2025-03-02 12:11:00,564 : INFO : Executed script successfully !!
[2025-03-02T12:11:00.566+0000] {subprocess.py:93} INFO - 2025-03-02 12:11:00,565 : INFO : Reading insert script template
[2025-03-02T12:11:00.566+0000] {subprocess.py:93} INFO - 2025-03-02 12:11:00,565 : INFO : Inserting data to database
[2025-03-02T12:11:08.997+0000] {subprocess.py:93} INFO - 2025-03-02 12:11:08,997 : INFO : Executed script successfully !!
[2025-03-02T12:11:08.999+0000] {subprocess.py:93} INFO - 2025-03-02 12:11:08,998 : INFO : Connection closed !!
[2025-03-02T12:11:09.198+0000] {subprocess.py:93} INFO - On branch main
[2025-03-02T12:11:09.199+0000] {subprocess.py:93} INFO - Your branch is up to date with 'origin/main'.
[2025-03-02T12:11:09.199+0000] {subprocess.py:93} INFO - 
[2025-03-02T12:11:09.199+0000] {subprocess.py:93} INFO - Changes to be committed:
[2025-03-02T12:11:09.200+0000] {subprocess.py:93} INFO -   (use "git restore --staged <file>..." to unstage)
[2025-03-02T12:11:09.200+0000] {subprocess.py:93} INFO - 	new file:   logs/dag_id=customer_churn_ml_pipeline/run_id=manual__2025-03-02T12:09:01.135703+00:00/task_id=data_storage_task/attempt=1.log
[2025-03-02T12:11:09.200+0000] {subprocess.py:93} INFO - 	modified:   logs/dag_id=customer_churn_ml_pipeline/run_id=manual__2025-03-02T12:09:01.135703+00:00/task_id=data_transformation_task/attempt=1.log
[2025-03-02T12:11:09.200+0000] {subprocess.py:93} INFO - 	modified:   logs/data_storage.log
[2025-03-02T12:11:09.201+0000] {subprocess.py:93} INFO - 	modified:   logs/scheduler/2025-03-02/customer_churn.py.log
[2025-03-02T12:11:09.201+0000] {subprocess.py:93} INFO - 
[2025-03-02T12:11:09.201+0000] {subprocess.py:93} INFO - Changes not staged for commit:
[2025-03-02T12:11:09.201+0000] {subprocess.py:93} INFO -   (use "git add <file>..." to update what will be committed)
[2025-03-02T12:11:09.202+0000] {subprocess.py:93} INFO -   (use "git restore <file>..." to discard changes in working directory)
[2025-03-02T12:11:09.202+0000] {subprocess.py:93} INFO - 	modified:   mlruns/mlruns/0/05c7e75ec4f140cdaef383256eb1648a/meta.yaml
[2025-03-02T12:11:09.202+0000] {subprocess.py:93} INFO - 	modified:   mlruns/mlruns/0/07e354af9d70438c98c8e6cce318cd66/meta.yaml
[2025-03-02T12:11:09.202+0000] {subprocess.py:93} INFO - 	modified:   mlruns/mlruns/0/10feeefa32c843f299ccd204dcc65798/meta.yaml
[2025-03-02T12:11:09.202+0000] {subprocess.py:93} INFO - 	modified:   mlruns/mlruns/0/1bfe6def3be94223babc37f8c0573af7/meta.yaml
[2025-03-02T12:11:09.203+0000] {subprocess.py:93} INFO - 	modified:   mlruns/mlruns/0/2f5b027bec4040e597d8c73d02fb8f9f/meta.yaml
[2025-03-02T12:11:09.203+0000] {subprocess.py:93} INFO - 	modified:   mlruns/mlruns/0/31b6ff75408a4a4088dbfbb08554a7fb/meta.yaml
[2025-03-02T12:11:09.203+0000] {subprocess.py:93} INFO - 	modified:   mlruns/mlruns/0/3b010ce3895a4cb68e7802db36e0a89d/meta.yaml
[2025-03-02T12:11:09.203+0000] {subprocess.py:93} INFO - 	modified:   mlruns/mlruns/0/4c1bcb3d6c004b11a2ffd2b7c1ea8633/meta.yaml
[2025-03-02T12:11:09.204+0000] {subprocess.py:93} INFO - 	modified:   mlruns/mlruns/0/4fbc29bfdc7d446aa8c56a70f21638e4/meta.yaml
[2025-03-02T12:11:09.204+0000] {subprocess.py:93} INFO - 	modified:   mlruns/mlruns/0/520a00d6a9bb4c7a865d8c1aaebaea3d/meta.yaml
[2025-03-02T12:11:09.204+0000] {subprocess.py:93} INFO - 	modified:   mlruns/mlruns/0/56c5effa37dc434da487ce23a16fb0aa/meta.yaml
[2025-03-02T12:11:09.204+0000] {subprocess.py:93} INFO - 	modified:   mlruns/mlruns/0/81a499bb5b9548fc96bfa8364a69fe47/meta.yaml
[2025-03-02T12:11:09.204+0000] {subprocess.py:93} INFO - 	modified:   mlruns/mlruns/0/860d504205154bb69c3aed025ce3be35/meta.yaml
[2025-03-02T12:11:09.205+0000] {subprocess.py:93} INFO - 	modified:   mlruns/mlruns/0/8bd540df51614b6a9fb9ecaabd136a62/meta.yaml
[2025-03-02T12:11:09.205+0000] {subprocess.py:93} INFO - 	modified:   mlruns/mlruns/0/8cec931d29444fff8bed27757f6c1fe5/meta.yaml
[2025-03-02T12:11:09.205+0000] {subprocess.py:93} INFO - 	modified:   mlruns/mlruns/0/9b59da5e995e4853bd2819c7cc49ed54/meta.yaml
[2025-03-02T12:11:09.206+0000] {subprocess.py:93} INFO - 	modified:   mlruns/mlruns/0/9b7496c619de4395b4709b790219b0e0/meta.yaml
[2025-03-02T12:11:09.206+0000] {subprocess.py:93} INFO - 	modified:   mlruns/mlruns/0/9dae6e3c1d9d400a82fb27f9d3f4c0e8/meta.yaml
[2025-03-02T12:11:09.206+0000] {subprocess.py:93} INFO - 	modified:   mlruns/mlruns/0/a9effb053ac343b8a6e623608fe551ef/meta.yaml
[2025-03-02T12:11:09.207+0000] {subprocess.py:93} INFO - 	modified:   mlruns/mlruns/0/ac877050a38c4310a76039b1ddf0ff02/meta.yaml
[2025-03-02T12:11:09.207+0000] {subprocess.py:93} INFO - 	modified:   mlruns/mlruns/0/ada543cd1cc84415b752fb9d97757948/meta.yaml
[2025-03-02T12:11:09.207+0000] {subprocess.py:93} INFO - 	modified:   mlruns/mlruns/0/af1f265511ba46f7b841572f081dd67b/meta.yaml
[2025-03-02T12:11:09.208+0000] {subprocess.py:93} INFO - 	modified:   mlruns/mlruns/0/b2726f7c00db49e58f4a175215d9ce63/meta.yaml
[2025-03-02T12:11:09.208+0000] {subprocess.py:93} INFO - 	modified:   mlruns/mlruns/0/c6e10d0100ef4f2cbcca867e03dcee1f/meta.yaml
[2025-03-02T12:11:09.208+0000] {subprocess.py:93} INFO - 	modified:   mlruns/mlruns/0/d375ea16ea1143cdbb8900c62209bcc5/meta.yaml
[2025-03-02T12:11:09.209+0000] {subprocess.py:93} INFO - 	modified:   mlruns/mlruns/0/eef34841b5b448179cc0db3023976603/meta.yaml
[2025-03-02T12:11:09.209+0000] {subprocess.py:93} INFO - 	modified:   mlruns/mlruns/0/f0edea5fadd741b0b950b35cf48db90d/meta.yaml
[2025-03-02T12:11:09.209+0000] {subprocess.py:93} INFO - 	modified:   mlruns/mlruns/0/f23d8bcd016b4000999b5283af03225a/meta.yaml
[2025-03-02T12:11:09.209+0000] {subprocess.py:93} INFO - 	modified:   mlruns/mlruns/0/f5353f8b292143e2819ba81e2782ee61/meta.yaml
[2025-03-02T12:11:09.209+0000] {subprocess.py:93} INFO - 	modified:   mlruns/mlruns/0/fb1087c91f394303b5afba9934e3e75e/meta.yaml
[2025-03-02T12:11:09.210+0000] {subprocess.py:93} INFO - 
[2025-03-02T12:11:09.210+0000] {subprocess.py:93} INFO - Untracked files:
[2025-03-02T12:11:09.210+0000] {subprocess.py:93} INFO -   (use "git add <file>..." to include in what will be committed)
[2025-03-02T12:11:09.211+0000] {subprocess.py:93} INFO - 	customer_churn_stats/feature_repo/data/
[2025-03-02T12:11:09.211+0000] {subprocess.py:93} INFO - 
[2025-03-02T12:11:09.268+0000] {subprocess.py:93} INFO - [main af66fea] Updated stored data version
[2025-03-02T12:11:09.268+0000] {subprocess.py:93} INFO -  34 files changed, 157 insertions(+), 30 deletions(-)
[2025-03-02T12:11:09.269+0000] {subprocess.py:93} INFO -  create mode 100644 logs/dag_id=customer_churn_ml_pipeline/run_id=manual__2025-03-02T12:09:01.135703+00:00/task_id=data_storage_task/attempt=1.log
[2025-03-02T12:11:15.267+0000] {subprocess.py:93} INFO - Everything is up to date.
[2025-03-02T12:11:17.398+0000] {subprocess.py:93} INFO - To https://github.com/anniemathew-trial/customer_churn_pipeline.git
[2025-03-02T12:11:17.399+0000] {subprocess.py:93} INFO -    a653f16..af66fea  main -> main
[2025-03-02T12:11:17.407+0000] {subprocess.py:97} INFO - Command exited with return code 0
[2025-03-02T12:11:17.475+0000] {taskinstance.py:1400} INFO - Marking task as SUCCESS. dag_id=customer_churn_ml_pipeline, task_id=data_storage_task, execution_date=20250302T120901, start_date=20250302T121053, end_date=20250302T121117
[2025-03-02T12:11:17.510+0000] {local_task_job_runner.py:228} INFO - Task exited with return code 0
[2025-03-02T12:11:17.567+0000] {taskinstance.py:2778} INFO - 1 downstream tasks scheduled from follow-on schedule check
