[2025-03-02T06:21:16.052+0000] {taskinstance.py:1159} INFO - Dependencies all met for dep_context=non-requeueable deps ti=<TaskInstance: customer_churn_ml_pipeline.data_ingestion_task manual__2025-03-02T06:21:09.399789+00:00 [queued]>
[2025-03-02T06:21:16.073+0000] {taskinstance.py:1159} INFO - Dependencies all met for dep_context=requeueable deps ti=<TaskInstance: customer_churn_ml_pipeline.data_ingestion_task manual__2025-03-02T06:21:09.399789+00:00 [queued]>
[2025-03-02T06:21:16.074+0000] {taskinstance.py:1361} INFO - Starting attempt 1 of 1
[2025-03-02T06:21:16.104+0000] {taskinstance.py:1382} INFO - Executing <Task(BashOperator): data_ingestion_task> on 2025-03-02 06:21:09.399789+00:00
[2025-03-02T06:21:16.111+0000] {standard_task_runner.py:57} INFO - Started process 3336 to run task
[2025-03-02T06:21:16.117+0000] {standard_task_runner.py:84} INFO - Running: ['***', 'tasks', 'run', 'customer_churn_ml_pipeline', 'data_ingestion_task', 'manual__2025-03-02T06:21:09.399789+00:00', '--job-id', '235', '--raw', '--subdir', 'DAGS_FOLDER/customer_churn.py', '--cfg-path', '/tmp/tmpc7j84uzv']
[2025-03-02T06:21:16.122+0000] {standard_task_runner.py:85} INFO - Job 235: Subtask data_ingestion_task
[2025-03-02T06:21:16.160+0000] {logging_mixin.py:154} WARNING - /home/***/.local/lib/python3.8/site-packages/***/settings.py:195 DeprecationWarning: The sql_alchemy_conn option in [core] has been moved to the sql_alchemy_conn option in [database] - the old setting has been used, but please update your config.
[2025-03-02T06:21:16.249+0000] {task_command.py:416} INFO - Running <TaskInstance: customer_churn_ml_pipeline.data_ingestion_task manual__2025-03-02T06:21:09.399789+00:00 [running]> on host 7e994a0ed489
[2025-03-02T06:21:16.546+0000] {taskinstance.py:1662} INFO - Exporting env vars: AIRFLOW_CTX_DAG_OWNER='***' AIRFLOW_CTX_DAG_ID='customer_churn_ml_pipeline' AIRFLOW_CTX_TASK_ID='data_ingestion_task' AIRFLOW_CTX_EXECUTION_DATE='2025-03-02T06:21:09.399789+00:00' AIRFLOW_CTX_TRY_NUMBER='1' AIRFLOW_CTX_DAG_RUN_ID='manual__2025-03-02T06:21:09.399789+00:00'
[2025-03-02T06:21:16.549+0000] {subprocess.py:63} INFO - Tmp dir root location: /tmp
[2025-03-02T06:21:16.551+0000] {subprocess.py:75} INFO - Running command: ['/bin/bash', '-c', 'python /opt/***/executables/data_ingestion.py && \t\t\tNOW=$(date \'+%d-%m-%Y\') &&\t\t\tcd /opt/*** && \t\t\tgit add logs &&                        git commit -m "Updated data ingestion" -a &&                         git push\n                    ']
[2025-03-02T06:21:16.569+0000] {subprocess.py:86} INFO - Output:
[2025-03-02T06:21:18.017+0000] {subprocess.py:93} INFO - 2025-03-02 06:21:18,016 : INFO : Reading data from CSV file customer_data.csv
[2025-03-02T06:21:18.126+0000] {subprocess.py:93} INFO - 2025-03-02 06:21:18,126 : INFO : Data from CSV customer_data.csv ingested successfully!
[2025-03-02T06:21:18.127+0000] {subprocess.py:93} INFO - 2025-03-02 06:21:18,126 : ERROR : Error ingesting database: [Errno 2] No such file or directory: 'settings.json'
[2025-03-02T06:21:18.331+0000] {subprocess.py:93} INFO - [main 7bf29fb] Updated data ingestion
[2025-03-02T06:21:18.331+0000] {subprocess.py:93} INFO -  11 files changed, 315 insertions(+)
[2025-03-02T06:21:18.335+0000] {subprocess.py:93} INFO -  create mode 100644 logs/dag_id=customer_churn_ml_pipeline/run_id=manual__2025-03-02T06:15:20.066703+00:00/task_id=data_preparation_task/attempt=1.log
[2025-03-02T06:21:18.336+0000] {subprocess.py:93} INFO -  create mode 100644 logs/dag_id=customer_churn_ml_pipeline/run_id=manual__2025-03-02T06:15:20.066703+00:00/task_id=data_transformation_task/attempt=1.log
[2025-03-02T06:21:18.336+0000] {subprocess.py:93} INFO -  create mode 100644 logs/dag_id=customer_churn_ml_pipeline/run_id=manual__2025-03-02T06:15:20.066703+00:00/task_id=data_validation_task/attempt=1.log
[2025-03-02T06:21:18.336+0000] {subprocess.py:93} INFO -  create mode 100644 logs/dag_id=customer_churn_ml_pipeline/run_id=manual__2025-03-02T06:15:20.066703+00:00/task_id=raw_data_storage_task/attempt=1.log
[2025-03-02T06:21:18.336+0000] {subprocess.py:93} INFO -  create mode 100644 logs/dag_id=customer_churn_ml_pipeline/run_id=manual__2025-03-02T06:21:09.399789+00:00/task_id=data_ingestion_task/attempt=1.log
[2025-03-02T06:21:18.337+0000] {subprocess.py:93} INFO -  create mode 100644 logs/dag_id=customer_churn_ml_pipeline/run_id=manual__2025-03-02T06:21:09.399789+00:00/task_id=pull_latest_codes/attempt=1.log
[2025-03-02T06:21:19.839+0000] {subprocess.py:93} INFO - To https://github.com/anniemathew-trial/customer_churn_pipeline.git
[2025-03-02T06:21:19.839+0000] {subprocess.py:93} INFO -    275149d..7bf29fb  main -> main
[2025-03-02T06:21:19.845+0000] {subprocess.py:97} INFO - Command exited with return code 0
[2025-03-02T06:21:19.890+0000] {taskinstance.py:1400} INFO - Marking task as SUCCESS. dag_id=customer_churn_ml_pipeline, task_id=data_ingestion_task, execution_date=20250302T062109, start_date=20250302T062116, end_date=20250302T062119
[2025-03-02T06:21:19.950+0000] {local_task_job_runner.py:228} INFO - Task exited with return code 0
[2025-03-02T06:21:20.006+0000] {taskinstance.py:2778} INFO - 1 downstream tasks scheduled from follow-on schedule check
