[2025-02-27T17:24:49.190+0000] {manager.py:487} INFO - Processing files using up to 2 processes at a time 
[2025-02-27T17:24:49.190+0000] {manager.py:488} INFO - Process each file at most once every 30 seconds
[2025-02-27T17:24:49.190+0000] {manager.py:489} INFO - Checking for new files in /opt/airflow/dags every 300 seconds
[2025-02-27T17:24:49.190+0000] {manager.py:755} INFO - Searching for files in /opt/airflow/dags
[2025-02-27T17:24:49.192+0000] {manager.py:758} INFO - There are 1 files in /opt/airflow/dags
[2025-02-27T17:24:49.257+0000] {manager.py:887} INFO - 
================================================================================
DAG File Processing Stats

File Path                              PID  Runtime      # DAGs    # Errors  Last Runtime    Last Run
-----------------------------------  -----  ---------  --------  ----------  --------------  ----------
/opt/airflow/dags/customer_churn.py   3051  0.03s             0           0
================================================================================
[2025-02-27T17:25:10.857+0000] {manager.py:469} INFO - Exiting gracefully upon receiving signal 15
[2025-02-27T17:25:30.459+0000] {manager.py:487} INFO - Processing files using up to 2 processes at a time 
[2025-02-27T17:25:30.468+0000] {manager.py:488} INFO - Process each file at most once every 30 seconds
[2025-02-27T17:25:30.468+0000] {manager.py:489} INFO - Checking for new files in /opt/airflow/dags every 300 seconds
[2025-02-27T17:25:30.469+0000] {manager.py:755} INFO - Searching for files in /opt/airflow/dags
[2025-02-27T17:25:30.472+0000] {manager.py:758} INFO - There are 1 files in /opt/airflow/dags
[2025-02-27T17:25:30.613+0000] {manager.py:887} INFO - 
================================================================================
DAG File Processing Stats

File Path                              PID  Runtime      # DAGs    # Errors  Last Runtime    Last Run
-----------------------------------  -----  ---------  --------  ----------  --------------  ----------
/opt/airflow/dags/customer_churn.py   3287  0.07s             0           0
================================================================================
[2025-02-27T17:26:00.805+0000] {manager.py:887} INFO - 
================================================================================
DAG File Processing Stats

File Path                              PID  Runtime      # DAGs    # Errors  Last Runtime    Last Run
-----------------------------------  -----  ---------  --------  ----------  --------------  -------------------
/opt/airflow/dags/customer_churn.py   3293  0.00s             1           0  0.24s           2025-02-27T17:25:30
================================================================================
[2025-02-27T17:26:31.161+0000] {manager.py:887} INFO - 
================================================================================
DAG File Processing Stats

File Path                              PID  Runtime      # DAGs    # Errors  Last Runtime    Last Run
-----------------------------------  -----  ---------  --------  ----------  --------------  -------------------
/opt/airflow/dags/customer_churn.py   3327  0.00s             1           0  0.17s           2025-02-27T17:26:00
================================================================================
[2025-02-27T17:27:01.379+0000] {manager.py:887} INFO - 
================================================================================
DAG File Processing Stats

File Path                              PID  Runtime      # DAGs    # Errors  Last Runtime    Last Run
-----------------------------------  -----  ---------  --------  ----------  --------------  -------------------
/opt/airflow/dags/customer_churn.py   3332  0.01s             1           0  0.12s           2025-02-27T17:26:31
================================================================================
[2025-02-27T17:27:31.684+0000] {manager.py:887} INFO - 
================================================================================
DAG File Processing Stats

File Path                              PID  Runtime      # DAGs    # Errors  Last Runtime    Last Run
-----------------------------------  -----  ---------  --------  ----------  --------------  -------------------
/opt/airflow/dags/customer_churn.py   3337  0.01s             1           0  0.21s           2025-02-27T17:27:01
================================================================================
[2025-02-27T17:27:43.209+0000] {manager.py:469} INFO - Exiting gracefully upon receiving signal 15
[2025-02-28T02:55:50.709+0000] {manager.py:487} INFO - Processing files using up to 2 processes at a time 
[2025-02-28T02:55:50.711+0000] {manager.py:488} INFO - Process each file at most once every 30 seconds
[2025-02-28T02:55:50.711+0000] {manager.py:489} INFO - Checking for new files in /opt/airflow/dags every 300 seconds
[2025-02-28T02:55:50.712+0000] {manager.py:755} INFO - Searching for files in /opt/airflow/dags
[2025-02-28T02:55:50.714+0000] {manager.py:758} INFO - There are 0 files in /opt/airflow/dags
[2025-02-28T02:56:34.753+0000] {manager.py:469} INFO - Exiting gracefully upon receiving signal 15
[2025-02-28T02:57:12.527+0000] {manager.py:487} INFO - Processing files using up to 2 processes at a time 
[2025-02-28T02:57:12.528+0000] {manager.py:488} INFO - Process each file at most once every 30 seconds
[2025-02-28T02:57:12.528+0000] {manager.py:489} INFO - Checking for new files in /opt/airflow/dags every 300 seconds
[2025-02-28T02:57:12.528+0000] {manager.py:755} INFO - Searching for files in /opt/airflow/dags
[2025-02-28T02:57:12.529+0000] {manager.py:758} INFO - There are 0 files in /opt/airflow/dags
[2025-02-28T02:58:05.810+0000] {manager.py:469} INFO - Exiting gracefully upon receiving signal 15
[2025-02-28T02:59:40.488+0000] {manager.py:487} INFO - Processing files using up to 2 processes at a time 
[2025-02-28T02:59:40.489+0000] {manager.py:488} INFO - Process each file at most once every 30 seconds
[2025-02-28T02:59:40.490+0000] {manager.py:489} INFO - Checking for new files in /opt/airflow/dags every 300 seconds
[2025-02-28T02:59:40.490+0000] {manager.py:755} INFO - Searching for files in /opt/airflow/dags
[2025-02-28T02:59:40.491+0000] {manager.py:758} INFO - There are 1 files in /opt/airflow/dags
[2025-02-28T02:59:40.557+0000] {manager.py:887} INFO - 
================================================================================
DAG File Processing Stats

File Path                              PID  Runtime      # DAGs    # Errors  Last Runtime    Last Run
-----------------------------------  -----  ---------  --------  ----------  --------------  ----------
/opt/airflow/dags/customer_churn.py   4051  0.03s             0           0
================================================================================
[2025-02-28T03:00:10.783+0000] {manager.py:887} INFO - 
================================================================================
DAG File Processing Stats

File Path                              PID  Runtime      # DAGs    # Errors  Last Runtime    Last Run
-----------------------------------  -----  ---------  --------  ----------  --------------  -------------------
/opt/airflow/dags/customer_churn.py   4071  0.00s             1           0  0.19s           2025-02-28T02:59:40
================================================================================
[2025-02-28T03:00:40.996+0000] {manager.py:887} INFO - 
================================================================================
DAG File Processing Stats

File Path                              PID  Runtime      # DAGs    # Errors  Last Runtime    Last Run
-----------------------------------  -----  ---------  --------  ----------  --------------  -------------------
/opt/airflow/dags/customer_churn.py   4076  0.01s             1           0  0.13s           2025-02-28T03:00:10
================================================================================
[2025-02-28T03:01:00.037+0000] {manager.py:469} INFO - Exiting gracefully upon receiving signal 15
