[2025-03-09T11:46:55.947+0000] {taskinstance.py:1159} INFO - Dependencies all met for dep_context=non-requeueable deps ti=<TaskInstance: customer_churn_ml_pipeline.model_training_task manual__2025-03-09T11:44:36.115678+00:00 [queued]>
[2025-03-09T11:46:55.965+0000] {taskinstance.py:1159} INFO - Dependencies all met for dep_context=requeueable deps ti=<TaskInstance: customer_churn_ml_pipeline.model_training_task manual__2025-03-09T11:44:36.115678+00:00 [queued]>
[2025-03-09T11:46:55.965+0000] {taskinstance.py:1361} INFO - Starting attempt 1 of 1
[2025-03-09T11:46:55.987+0000] {taskinstance.py:1382} INFO - Executing <Task(BashOperator): model_training_task> on 2025-03-09 11:44:36.115678+00:00
[2025-03-09T11:46:55.992+0000] {standard_task_runner.py:57} INFO - Started process 4485 to run task
[2025-03-09T11:46:55.997+0000] {standard_task_runner.py:84} INFO - Running: ['***', 'tasks', 'run', 'customer_churn_ml_pipeline', 'model_training_task', 'manual__2025-03-09T11:44:36.115678+00:00', '--job-id', '338', '--raw', '--subdir', 'DAGS_FOLDER/customer_churn.py', '--cfg-path', '/tmp/tmpjbiuldel']
[2025-03-09T11:46:56.000+0000] {standard_task_runner.py:85} INFO - Job 338: Subtask model_training_task
[2025-03-09T11:46:56.030+0000] {logging_mixin.py:154} WARNING - /home/***/.local/lib/python3.8/site-packages/***/settings.py:195 DeprecationWarning: The sql_alchemy_conn option in [core] has been moved to the sql_alchemy_conn option in [database] - the old setting has been used, but please update your config.
[2025-03-09T11:46:56.091+0000] {task_command.py:416} INFO - Running <TaskInstance: customer_churn_ml_pipeline.model_training_task manual__2025-03-09T11:44:36.115678+00:00 [running]> on host 157237bff8f7
[2025-03-09T11:46:56.261+0000] {taskinstance.py:1662} INFO - Exporting env vars: AIRFLOW_CTX_DAG_OWNER='***' AIRFLOW_CTX_DAG_ID='customer_churn_ml_pipeline' AIRFLOW_CTX_TASK_ID='model_training_task' AIRFLOW_CTX_EXECUTION_DATE='2025-03-09T11:44:36.115678+00:00' AIRFLOW_CTX_TRY_NUMBER='1' AIRFLOW_CTX_DAG_RUN_ID='manual__2025-03-09T11:44:36.115678+00:00'
[2025-03-09T11:46:56.263+0000] {subprocess.py:63} INFO - Tmp dir root location: /tmp
[2025-03-09T11:46:56.264+0000] {subprocess.py:75} INFO - Running command: ['/bin/bash', '-c', '\n\t    \t\tcd /opt/***\n       \t\t\t    python /opt/***/executables/model_training.py && \t      \t\t    git add logs && \t      \t\t    git add mlruns && \t        \t    git status &&                             git commit -m "Trained model version" -a && \\    \n\t\t\t    git push\n                        ']
[2025-03-09T11:46:56.277+0000] {subprocess.py:86} INFO - Output:
[2025-03-09T11:47:03.078+0000] {subprocess.py:93} INFO - /home/***/.local/lib/python3.8/site-packages/mlflow/gateway/config.py:64: PydanticDeprecatedSince20: Pydantic V1 style `@validator` validators are deprecated. You should migrate to Pydantic V2 style `@field_validator` validators, see the migration guide for more details. Deprecated in Pydantic V2.0 to be removed in V3.0. See Pydantic V2 Migration Guide at https://errors.pydantic.dev/2.4/migration/
[2025-03-09T11:47:03.078+0000] {subprocess.py:93} INFO -   @validator("togetherai_api_key", pre=True)
[2025-03-09T11:47:03.079+0000] {subprocess.py:93} INFO - /home/***/.local/lib/python3.8/site-packages/mlflow/gateway/config.py:372: PydanticDeprecatedSince20: Pydantic V1 style `@root_validator` validators are deprecated. You should migrate to Pydantic V2 style `@model_validator` validators, see the migration guide for more details. Deprecated in Pydantic V2.0 to be removed in V3.0. See Pydantic V2 Migration Guide at https://errors.pydantic.dev/2.4/migration/
[2025-03-09T11:47:03.079+0000] {subprocess.py:93} INFO -   @root_validator(skip_on_failure=True)
[2025-03-09T11:47:03.079+0000] {subprocess.py:93} INFO - /home/***/.local/lib/python3.8/site-packages/pydantic/_internal/_config.py:267: PydanticDeprecatedSince20: Support for class-based `config` is deprecated, use ConfigDict instead. Deprecated in Pydantic V2.0 to be removed in V3.0. See Pydantic V2 Migration Guide at https://errors.pydantic.dev/2.4/migration/
[2025-03-09T11:47:03.079+0000] {subprocess.py:93} INFO -   warnings.warn(DEPRECATION_MESSAGE, DeprecationWarning)
[2025-03-09T11:47:03.079+0000] {subprocess.py:93} INFO - 2025-03-09 11:47:03,078 : INFO : Starting model training
[2025-03-09T11:47:03.096+0000] {subprocess.py:93} INFO - 2025-03-09 11:47:03,096 : INFO : Registry cache expired, so refreshing
[2025-03-09T11:47:03.106+0000] {subprocess.py:93} INFO - 2025-03-09 11:47:03,106 : INFO : Getting data
[2025-03-09T11:47:03.107+0000] {subprocess.py:93} INFO - 2025-03-09 11:47:03,107 : INFO : Start and End Range: 1 to 1000
[2025-03-09T11:47:03.528+0000] {subprocess.py:93} INFO - 2025-03-09 11:47:03,527 : INFO : Data fetched: 999
[2025-03-09T11:47:03.528+0000] {subprocess.py:93} INFO - 2025-03-09 11:47:03,528 : INFO : New Start and End Range: 1001 to 2000
[2025-03-09T11:47:03.529+0000] {subprocess.py:93} INFO - 2025-03-09 11:47:03,528 : INFO : Start and End Range: 1001 to 2000
[2025-03-09T11:47:04.034+0000] {subprocess.py:93} INFO - 2025-03-09 11:47:04,034 : INFO : Data fetched: 999
[2025-03-09T11:47:04.035+0000] {subprocess.py:93} INFO - 2025-03-09 11:47:04,034 : INFO : New Start and End Range: 3001 to 4000
[2025-03-09T11:47:04.035+0000] {subprocess.py:93} INFO - 2025-03-09 11:47:04,035 : INFO : Start and End Range: 3001 to 4000
[2025-03-09T11:47:04.528+0000] {subprocess.py:93} INFO - 2025-03-09 11:47:04,527 : INFO : Data fetched: 999
[2025-03-09T11:47:04.528+0000] {subprocess.py:93} INFO - 2025-03-09 11:47:04,528 : INFO : New Start and End Range: 7001 to 8000
[2025-03-09T11:47:04.529+0000] {subprocess.py:93} INFO - 2025-03-09 11:47:04,528 : INFO : Start and End Range: 7001 to 8000
[2025-03-09T11:47:04.841+0000] {subprocess.py:93} INFO - 2025-03-09 11:47:04,840 : INFO : Data fetched: 999
[2025-03-09T11:47:04.841+0000] {subprocess.py:93} INFO - 2025-03-09 11:47:04,840 : INFO : New Start and End Range: 15001 to 16000
[2025-03-09T11:47:04.841+0000] {subprocess.py:93} INFO - 2025-03-09 11:47:04,841 : INFO : Start and End Range: 15001 to 16000
[2025-03-09T11:47:05.238+0000] {subprocess.py:93} INFO - 2025-03-09 11:47:05,237 : INFO : Data fetched: 999
[2025-03-09T11:47:05.238+0000] {subprocess.py:93} INFO - 2025-03-09 11:47:05,238 : INFO : New Start and End Range: 31001 to 32000
[2025-03-09T11:47:05.239+0000] {subprocess.py:93} INFO - 2025-03-09 11:47:05,238 : INFO : Start and End Range: 31001 to 32000
[2025-03-09T11:47:05.510+0000] {subprocess.py:93} INFO - 2025-03-09 11:47:05,510 : INFO : Data fetched: 999
[2025-03-09T11:47:05.510+0000] {subprocess.py:93} INFO - 2025-03-09 11:47:05,510 : INFO : New Start and End Range: 63001 to 64000
[2025-03-09T11:47:05.511+0000] {subprocess.py:93} INFO - 2025-03-09 11:47:05,510 : INFO : Start and End Range: 63001 to 64000
[2025-03-09T11:47:05.593+0000] {subprocess.py:93} INFO - 2025-03-09 11:47:05,593 : INFO : Reached End of Data
[2025-03-09T11:47:05.596+0000] {subprocess.py:93} INFO - 2025-03-09 11:47:05,596 : INFO : Stoping at Start and End Range: 63001 to 64000
[2025-03-09T11:47:05.596+0000] {subprocess.py:93} INFO - 2025-03-09 11:47:05,596 : INFO : Created feature data
[2025-03-09T11:47:05.596+0000] {subprocess.py:93} INFO - 2025-03-09 11:47:05,596 : INFO : Total Data fetched: 6
[2025-03-09T11:47:05.600+0000] {subprocess.py:93} INFO - 2025-03-09 11:47:05,600 : INFO : received feature data
[2025-03-09T11:47:05.604+0000] {subprocess.py:93} INFO - 2025-03-09 11:47:05,604 : INFO : Models defined
[2025-03-09T11:47:05.605+0000] {subprocess.py:93} INFO - 2025-03-09 11:47:05,605 : INFO : Training model RandomForest
[2025-03-09T11:47:06.962+0000] {subprocess.py:93} INFO - 2025-03-09 11:47:06,962 : INFO : Predicting model RandomForest
[2025-03-09T11:47:06.994+0000] {subprocess.py:93} INFO - 2025-03-09 11:47:06,993 : INFO : Calculating accuracy RandomForest
[2025-03-09T11:47:12.011+0000] {subprocess.py:93} INFO - 2025/03/09 11:47:12 WARNING mlflow.models.model: Model logged without a signature and input example. Please set `input_example` parameter when logging the model to auto infer the model signature.
[2025-03-09T11:47:12.185+0000] {subprocess.py:93} INFO - 2025-03-09 11:47:12,184 : INFO : Logged model RandomForest
[2025-03-09T11:47:12.225+0000] {subprocess.py:93} INFO - 2025/03/09 11:47:12 INFO mlflow.tracking._tracking_service.client: 🏃 View run RandomForest at: http://localhost:5000/#/experiments/0/runs/1e2f838d0fa649f48b1c41e9ee1e2098.
[2025-03-09T11:47:12.226+0000] {subprocess.py:93} INFO - 2025/03/09 11:47:12 INFO mlflow.tracking._tracking_service.client: 🧪 View experiment at: http://localhost:5000/#/experiments/0.
[2025-03-09T11:47:12.234+0000] {subprocess.py:93} INFO - 2025-03-09 11:47:12,234 : INFO : Training model LinearRegression
[2025-03-09T11:47:12.892+0000] {subprocess.py:93} INFO - /home/***/.local/lib/python3.8/site-packages/sklearn/linear_model/_logistic.py:460: ConvergenceWarning: lbfgs failed to converge (status=1):
[2025-03-09T11:47:12.893+0000] {subprocess.py:93} INFO - STOP: TOTAL NO. of ITERATIONS REACHED LIMIT.
[2025-03-09T11:47:12.893+0000] {subprocess.py:93} INFO - 
[2025-03-09T11:47:12.893+0000] {subprocess.py:93} INFO - Increase the number of iterations (max_iter) or scale the data as shown in:
[2025-03-09T11:47:12.896+0000] {subprocess.py:93} INFO -     https://scikit-learn.org/stable/modules/preprocessing.html
[2025-03-09T11:47:12.896+0000] {subprocess.py:93} INFO - Please also refer to the documentation for alternative solver options:
[2025-03-09T11:47:12.897+0000] {subprocess.py:93} INFO -     https://scikit-learn.org/stable/modules/linear_model.html#logistic-regression
[2025-03-09T11:47:12.897+0000] {subprocess.py:93} INFO -   n_iter_i = _check_optimize_result(
[2025-03-09T11:47:12.898+0000] {subprocess.py:93} INFO - 2025-03-09 11:47:12,892 : INFO : Predicting model LinearRegression
[2025-03-09T11:47:12.923+0000] {subprocess.py:93} INFO - 2025-03-09 11:47:12,921 : INFO : Calculating accuracy LinearRegression
[2025-03-09T11:47:17.734+0000] {subprocess.py:93} INFO - 2025/03/09 11:47:17 WARNING mlflow.models.model: Model logged without a signature and input example. Please set `input_example` parameter when logging the model to auto infer the model signature.
[2025-03-09T11:47:17.797+0000] {subprocess.py:93} INFO - 2025-03-09 11:47:17,797 : INFO : Logged model LinearRegression
[2025-03-09T11:47:17.808+0000] {subprocess.py:93} INFO - 2025/03/09 11:47:17 INFO mlflow.tracking._tracking_service.client: 🏃 View run LinearRegression at: http://localhost:5000/#/experiments/0/runs/e747839013c5447280bca905cec5694d.
[2025-03-09T11:47:17.808+0000] {subprocess.py:93} INFO - 2025/03/09 11:47:17 INFO mlflow.tracking._tracking_service.client: 🧪 View experiment at: http://localhost:5000/#/experiments/0.
[2025-03-09T11:47:17.816+0000] {subprocess.py:93} INFO - 2025-03-09 11:47:17,815 : INFO : Training model DecisionTree
[2025-03-09T11:47:17.840+0000] {subprocess.py:93} INFO - 2025-03-09 11:47:17,840 : INFO : Predicting model DecisionTree
[2025-03-09T11:47:17.842+0000] {subprocess.py:93} INFO - 2025-03-09 11:47:17,842 : INFO : Calculating accuracy DecisionTree
[2025-03-09T11:47:21.375+0000] {subprocess.py:93} INFO - 2025/03/09 11:47:21 WARNING mlflow.models.model: Model logged without a signature and input example. Please set `input_example` parameter when logging the model to auto infer the model signature.
[2025-03-09T11:47:21.423+0000] {subprocess.py:93} INFO - 2025-03-09 11:47:21,423 : INFO : Logged model DecisionTree
[2025-03-09T11:47:21.432+0000] {subprocess.py:93} INFO - 2025/03/09 11:47:21 INFO mlflow.tracking._tracking_service.client: 🏃 View run DecisionTree at: http://localhost:5000/#/experiments/0/runs/d4acc07e7cbc41d88a6a2a471275451a.
[2025-03-09T11:47:21.433+0000] {subprocess.py:93} INFO - 2025/03/09 11:47:21 INFO mlflow.tracking._tracking_service.client: 🧪 View experiment at: http://localhost:5000/#/experiments/0.
[2025-03-09T11:47:21.440+0000] {subprocess.py:93} INFO - 2025-03-09 11:47:21,440 : INFO : Starting best model registration
[2025-03-09T11:47:21.441+0000] {subprocess.py:93} INFO - 2025-03-09 11:47:21,440 : INFO : Finding Best model
[2025-03-09T11:47:21.500+0000] {subprocess.py:93} INFO - 2025-03-09 11:47:21,499 : INFO : Selected best model : run_id                                            d372010ed55142098d35f880b4b7339f
[2025-03-09T11:47:21.500+0000] {subprocess.py:93} INFO - experiment_id                                                                    0
[2025-03-09T11:47:21.500+0000] {subprocess.py:93} INFO - status                                                                    FINISHED
[2025-03-09T11:47:21.501+0000] {subprocess.py:93} INFO - artifact_uri                     mlflow-artifacts:/0/d372010ed55142098d35f880b4...
[2025-03-09T11:47:21.501+0000] {subprocess.py:93} INFO - start_time                                        2025-03-09 11:35:45.395000+00:00
[2025-03-09T11:47:21.501+0000] {subprocess.py:93} INFO - end_time                                          2025-03-09 11:35:50.125000+00:00
[2025-03-09T11:47:21.501+0000] {subprocess.py:93} INFO - metrics.accuracy                                                          0.878232
[2025-03-09T11:47:21.501+0000] {subprocess.py:93} INFO - metrics.recall                                                            0.554656
[2025-03-09T11:47:21.501+0000] {subprocess.py:93} INFO - metrics.precision                                                         0.791908
[2025-03-09T11:47:21.501+0000] {subprocess.py:93} INFO - metrics.f1_score                                                          0.652381
[2025-03-09T11:47:21.502+0000] {subprocess.py:93} INFO - params.model_type                                                     RandomForest
[2025-03-09T11:47:21.502+0000] {subprocess.py:93} INFO - tags.mlflow.user                                                           ***
[2025-03-09T11:47:21.502+0000] {subprocess.py:93} INFO - tags.mlflow.runName                                                   RandomForest
[2025-03-09T11:47:21.502+0000] {subprocess.py:93} INFO - tags.mlflow.log-model.history    [{"run_id": "d372010ed55142098d35f880b4b7339f"...
[2025-03-09T11:47:21.502+0000] {subprocess.py:93} INFO - tags.mlflow.source.name                              executables/model_training.py
[2025-03-09T11:47:21.502+0000] {subprocess.py:93} INFO - tags.mlflow.source.type                                                      LOCAL
[2025-03-09T11:47:21.503+0000] {subprocess.py:93} INFO - tags.mlflow.source.git.commit             c7be44594672bffe451ff8b64c27676ce66f5d44
[2025-03-09T11:47:21.503+0000] {subprocess.py:93} INFO - Name: 8, dtype: object
[2025-03-09T11:47:21.503+0000] {subprocess.py:93} INFO - 2025-03-09 11:47:21,500 : INFO : Registering best model runs:/d372010ed55142098d35f880b4b7339f/RandomForest_model
[2025-03-09T11:47:21.558+0000] {subprocess.py:93} INFO - Registered model 'Best_ML_Model' already exists. Creating a new version of this model...
[2025-03-09T11:47:21.558+0000] {subprocess.py:93} INFO - 2025/03/09 11:47:21 INFO mlflow.store.model_registry.abstract_store: Waiting up to 300 seconds for model version to finish creation. Model name: Best_ML_Model, version 3
[2025-03-09T11:47:21.559+0000] {subprocess.py:93} INFO - Created version '3' of model 'Best_ML_Model'.
[2025-03-09T11:47:21.559+0000] {subprocess.py:93} INFO - 2025-03-09 11:47:21,558 : INFO : Completed model training & registration !!
[2025-03-09T11:47:22.219+0000] {subprocess.py:93} INFO - On branch main
[2025-03-09T11:47:22.220+0000] {subprocess.py:93} INFO - Your branch is up to date with 'origin/main'.
[2025-03-09T11:47:22.220+0000] {subprocess.py:93} INFO - 
[2025-03-09T11:47:22.220+0000] {subprocess.py:93} INFO - Changes to be committed:
[2025-03-09T11:47:22.221+0000] {subprocess.py:93} INFO -   (use "git restore --staged <file>..." to unstage)
[2025-03-09T11:47:22.221+0000] {subprocess.py:93} INFO - 	new file:   logs/dag_id=customer_churn_ml_pipeline/run_id=manual__2025-03-09T11:44:36.115678+00:00/task_id=feature_store_task/attempt=1.log
[2025-03-09T11:47:22.221+0000] {subprocess.py:93} INFO - 	new file:   logs/dag_id=customer_churn_ml_pipeline/run_id=manual__2025-03-09T11:44:36.115678+00:00/task_id=model_training_task/attempt=1.log
[2025-03-09T11:47:22.221+0000] {subprocess.py:93} INFO - 	modified:   logs/dag_processor_manager/dag_processor_manager.log
[2025-03-09T11:47:22.221+0000] {subprocess.py:93} INFO - 	modified:   logs/model_training.log
[2025-03-09T11:47:22.221+0000] {subprocess.py:93} INFO - 	modified:   logs/scheduler/2025-03-09/customer_churn.py.log
[2025-03-09T11:47:22.221+0000] {subprocess.py:93} INFO - 	new file:   mlruns/0/1e2f838d0fa649f48b1c41e9ee1e2098/meta.yaml
[2025-03-09T11:47:22.222+0000] {subprocess.py:93} INFO - 	new file:   mlruns/0/1e2f838d0fa649f48b1c41e9ee1e2098/metrics/accuracy
[2025-03-09T11:47:22.222+0000] {subprocess.py:93} INFO - 	new file:   mlruns/0/1e2f838d0fa649f48b1c41e9ee1e2098/metrics/f1_score
[2025-03-09T11:47:22.222+0000] {subprocess.py:93} INFO - 	new file:   mlruns/0/1e2f838d0fa649f48b1c41e9ee1e2098/metrics/precision
[2025-03-09T11:47:22.222+0000] {subprocess.py:93} INFO - 	new file:   mlruns/0/1e2f838d0fa649f48b1c41e9ee1e2098/metrics/recall
[2025-03-09T11:47:22.222+0000] {subprocess.py:93} INFO - 	new file:   mlruns/0/1e2f838d0fa649f48b1c41e9ee1e2098/params/model_type
[2025-03-09T11:47:22.222+0000] {subprocess.py:93} INFO - 	new file:   mlruns/0/1e2f838d0fa649f48b1c41e9ee1e2098/tags/mlflow.log-model.history
[2025-03-09T11:47:22.222+0000] {subprocess.py:93} INFO - 	new file:   mlruns/0/1e2f838d0fa649f48b1c41e9ee1e2098/tags/mlflow.runName
[2025-03-09T11:47:22.222+0000] {subprocess.py:93} INFO - 	new file:   mlruns/0/1e2f838d0fa649f48b1c41e9ee1e2098/tags/mlflow.source.git.commit
[2025-03-09T11:47:22.223+0000] {subprocess.py:93} INFO - 	new file:   mlruns/0/1e2f838d0fa649f48b1c41e9ee1e2098/tags/mlflow.source.name
[2025-03-09T11:47:22.223+0000] {subprocess.py:93} INFO - 	new file:   mlruns/0/1e2f838d0fa649f48b1c41e9ee1e2098/tags/mlflow.source.type
[2025-03-09T11:47:22.223+0000] {subprocess.py:93} INFO - 	new file:   mlruns/0/1e2f838d0fa649f48b1c41e9ee1e2098/tags/mlflow.user
[2025-03-09T11:47:22.223+0000] {subprocess.py:93} INFO - 	new file:   mlruns/0/d4acc07e7cbc41d88a6a2a471275451a/meta.yaml
[2025-03-09T11:47:22.223+0000] {subprocess.py:93} INFO - 	new file:   mlruns/0/d4acc07e7cbc41d88a6a2a471275451a/metrics/accuracy
[2025-03-09T11:47:22.223+0000] {subprocess.py:93} INFO - 	new file:   mlruns/0/d4acc07e7cbc41d88a6a2a471275451a/metrics/f1_score
[2025-03-09T11:47:22.223+0000] {subprocess.py:93} INFO - 	new file:   mlruns/0/d4acc07e7cbc41d88a6a2a471275451a/metrics/precision
[2025-03-09T11:47:22.223+0000] {subprocess.py:93} INFO - 	new file:   mlruns/0/d4acc07e7cbc41d88a6a2a471275451a/metrics/recall
[2025-03-09T11:47:22.224+0000] {subprocess.py:93} INFO - 	new file:   mlruns/0/d4acc07e7cbc41d88a6a2a471275451a/params/model_type
[2025-03-09T11:47:22.224+0000] {subprocess.py:93} INFO - 	new file:   mlruns/0/d4acc07e7cbc41d88a6a2a471275451a/tags/mlflow.log-model.history
[2025-03-09T11:47:22.224+0000] {subprocess.py:93} INFO - 	new file:   mlruns/0/d4acc07e7cbc41d88a6a2a471275451a/tags/mlflow.runName
[2025-03-09T11:47:22.224+0000] {subprocess.py:93} INFO - 	new file:   mlruns/0/d4acc07e7cbc41d88a6a2a471275451a/tags/mlflow.source.git.commit
[2025-03-09T11:47:22.224+0000] {subprocess.py:93} INFO - 	new file:   mlruns/0/d4acc07e7cbc41d88a6a2a471275451a/tags/mlflow.source.name
[2025-03-09T11:47:22.224+0000] {subprocess.py:93} INFO - 	new file:   mlruns/0/d4acc07e7cbc41d88a6a2a471275451a/tags/mlflow.source.type
[2025-03-09T11:47:22.224+0000] {subprocess.py:93} INFO - 	new file:   mlruns/0/d4acc07e7cbc41d88a6a2a471275451a/tags/mlflow.user
[2025-03-09T11:47:22.224+0000] {subprocess.py:93} INFO - 	new file:   mlruns/0/e747839013c5447280bca905cec5694d/meta.yaml
[2025-03-09T11:47:22.225+0000] {subprocess.py:93} INFO - 	new file:   mlruns/0/e747839013c5447280bca905cec5694d/metrics/accuracy
[2025-03-09T11:47:22.225+0000] {subprocess.py:93} INFO - 	new file:   mlruns/0/e747839013c5447280bca905cec5694d/metrics/f1_score
[2025-03-09T11:47:22.225+0000] {subprocess.py:93} INFO - 	new file:   mlruns/0/e747839013c5447280bca905cec5694d/metrics/precision
[2025-03-09T11:47:22.225+0000] {subprocess.py:93} INFO - 	new file:   mlruns/0/e747839013c5447280bca905cec5694d/metrics/recall
