[2025-03-02T08:47:15.445+0000] {taskinstance.py:1159} INFO - Dependencies all met for dep_context=non-requeueable deps ti=<TaskInstance: customer_churn_ml_pipeline.model_training_task manual__2025-03-02T08:47:14.333934+00:00 [queued]>
[2025-03-02T08:47:15.464+0000] {taskinstance.py:1159} INFO - Dependencies all met for dep_context=requeueable deps ti=<TaskInstance: customer_churn_ml_pipeline.model_training_task manual__2025-03-02T08:47:14.333934+00:00 [queued]>
[2025-03-02T08:47:15.464+0000] {taskinstance.py:1361} INFO - Starting attempt 1 of 1
[2025-03-02T08:47:15.494+0000] {taskinstance.py:1382} INFO - Executing <Task(BashOperator): model_training_task> on 2025-03-02 08:47:14.333934+00:00
[2025-03-02T08:47:15.502+0000] {standard_task_runner.py:57} INFO - Started process 4126 to run task
[2025-03-02T08:47:15.506+0000] {standard_task_runner.py:84} INFO - Running: ['***', 'tasks', 'run', 'customer_churn_ml_pipeline', 'model_training_task', 'manual__2025-03-02T08:47:14.333934+00:00', '--job-id', '21', '--raw', '--subdir', 'DAGS_FOLDER/customer_churn.py', '--cfg-path', '/tmp/tmp1upwko8c']
[2025-03-02T08:47:15.510+0000] {standard_task_runner.py:85} INFO - Job 21: Subtask model_training_task
[2025-03-02T08:47:15.545+0000] {logging_mixin.py:154} WARNING - /home/***/.local/lib/python3.8/site-packages/***/settings.py:195 DeprecationWarning: The sql_alchemy_conn option in [core] has been moved to the sql_alchemy_conn option in [database] - the old setting has been used, but please update your config.
[2025-03-02T08:47:15.609+0000] {task_command.py:416} INFO - Running <TaskInstance: customer_churn_ml_pipeline.model_training_task manual__2025-03-02T08:47:14.333934+00:00 [running]> on host 9113a5746a05
[2025-03-02T08:47:15.753+0000] {taskinstance.py:1662} INFO - Exporting env vars: AIRFLOW_CTX_DAG_OWNER='***' AIRFLOW_CTX_DAG_ID='customer_churn_ml_pipeline' AIRFLOW_CTX_TASK_ID='model_training_task' AIRFLOW_CTX_EXECUTION_DATE='2025-03-02T08:47:14.333934+00:00' AIRFLOW_CTX_TRY_NUMBER='1' AIRFLOW_CTX_DAG_RUN_ID='manual__2025-03-02T08:47:14.333934+00:00'
[2025-03-02T08:47:15.755+0000] {subprocess.py:63} INFO - Tmp dir root location: /tmp
[2025-03-02T08:47:15.756+0000] {subprocess.py:75} INFO - Running command: ['/bin/bash', '-c', '\n\t    \t\tcd /opt/***\n       \t\t\t    python /opt/***/executables/model_training.py && \t      \t\t    git add logs &&\t      \t\t    git add mlruns &&                            git commit -m "Trained model version" -a && \\    \n\t\t\t    git push\n                        ']
[2025-03-02T08:47:15.767+0000] {subprocess.py:86} INFO - Output:
[2025-03-02T08:47:15.929+0000] {subprocess.py:93} INFO - Traceback (most recent call last):
[2025-03-02T08:47:15.929+0000] {subprocess.py:93} INFO -   File "/opt/***/executables/model_training.py", line 1, in <module>
[2025-03-02T08:47:15.930+0000] {subprocess.py:93} INFO -     from feast import FeatureStore
[2025-03-02T08:47:15.931+0000] {subprocess.py:93} INFO - ModuleNotFoundError: No module named 'feast'
[2025-03-02T08:47:17.232+0000] {subprocess.py:93} INFO - To https://github.com/anniemathew-trial/customer_churn_pipeline.git
[2025-03-02T08:47:17.233+0000] {subprocess.py:93} INFO -  ! [rejected]        main -> main (fetch first)
[2025-03-02T08:47:17.233+0000] {subprocess.py:93} INFO - error: failed to push some refs to 'https://github.com/anniemathew-trial/customer_churn_pipeline.git'
[2025-03-02T08:47:17.233+0000] {subprocess.py:93} INFO - hint: Updates were rejected because the remote contains work that you do
[2025-03-02T08:47:17.233+0000] {subprocess.py:93} INFO - hint: not have locally. This is usually caused by another repository pushing
[2025-03-02T08:47:17.234+0000] {subprocess.py:93} INFO - hint: to the same ref. You may want to first integrate the remote changes
[2025-03-02T08:47:17.234+0000] {subprocess.py:93} INFO - hint: (e.g., 'git pull ...') before pushing again.
[2025-03-02T08:47:17.234+0000] {subprocess.py:93} INFO - hint: See the 'Note about fast-forwards' in 'git push --help' for details.
[2025-03-02T08:47:17.234+0000] {subprocess.py:97} INFO - Command exited with return code 1
[2025-03-02T08:47:17.250+0000] {taskinstance.py:1937} ERROR - Task failed with exception
Traceback (most recent call last):
  File "/home/airflow/.local/lib/python3.8/site-packages/airflow/operators/bash.py", line 210, in execute
    raise AirflowException(
airflow.exceptions.AirflowException: Bash command failed. The command returned a non-zero exit code 1.
[2025-03-02T08:47:17.253+0000] {taskinstance.py:1400} INFO - Marking task as FAILED. dag_id=customer_churn_ml_pipeline, task_id=model_training_task, execution_date=20250302T084714, start_date=20250302T084715, end_date=20250302T084717
[2025-03-02T08:47:17.269+0000] {standard_task_runner.py:104} ERROR - Failed to execute job 21 for task model_training_task (Bash command failed. The command returned a non-zero exit code 1.; 4126)
[2025-03-02T08:47:17.292+0000] {local_task_job_runner.py:228} INFO - Task exited with return code 1
[2025-03-02T08:47:17.313+0000] {taskinstance.py:2778} INFO - 0 downstream tasks scheduled from follow-on schedule check
