[2025-03-01T10:30:45.304+0000] {taskinstance.py:1159} INFO - Dependencies all met for dep_context=non-requeueable deps ti=<TaskInstance: customer_churn_ml_pipeline.data_transformation_task manual__2025-03-01T10:29:52.776247+00:00 [queued]>
[2025-03-01T10:30:45.329+0000] {taskinstance.py:1159} INFO - Dependencies all met for dep_context=requeueable deps ti=<TaskInstance: customer_churn_ml_pipeline.data_transformation_task manual__2025-03-01T10:29:52.776247+00:00 [queued]>
[2025-03-01T10:30:45.330+0000] {taskinstance.py:1361} INFO - Starting attempt 1 of 1
[2025-03-01T10:30:45.362+0000] {taskinstance.py:1382} INFO - Executing <Task(BashOperator): data_transformation_task> on 2025-03-01 10:29:52.776247+00:00
[2025-03-01T10:30:45.369+0000] {standard_task_runner.py:57} INFO - Started process 10737 to run task
[2025-03-01T10:30:45.377+0000] {standard_task_runner.py:84} INFO - Running: ['***', 'tasks', 'run', 'customer_churn_ml_pipeline', 'data_transformation_task', 'manual__2025-03-01T10:29:52.776247+00:00', '--job-id', '86', '--raw', '--subdir', 'DAGS_FOLDER/customer_churn.py', '--cfg-path', '/tmp/tmpjq7ogrby']
[2025-03-01T10:30:45.382+0000] {standard_task_runner.py:85} INFO - Job 86: Subtask data_transformation_task
[2025-03-01T10:30:45.425+0000] {logging_mixin.py:154} WARNING - /home/***/.local/lib/python3.8/site-packages/***/settings.py:195 DeprecationWarning: The sql_alchemy_conn option in [core] has been moved to the sql_alchemy_conn option in [database] - the old setting has been used, but please update your config.
[2025-03-01T10:30:45.525+0000] {task_command.py:416} INFO - Running <TaskInstance: customer_churn_ml_pipeline.data_transformation_task manual__2025-03-01T10:29:52.776247+00:00 [running]> on host 7e994a0ed489
[2025-03-01T10:30:45.710+0000] {taskinstance.py:1662} INFO - Exporting env vars: AIRFLOW_CTX_DAG_OWNER='***' AIRFLOW_CTX_DAG_ID='customer_churn_ml_pipeline' AIRFLOW_CTX_TASK_ID='data_transformation_task' AIRFLOW_CTX_EXECUTION_DATE='2025-03-01T10:29:52.776247+00:00' AIRFLOW_CTX_TRY_NUMBER='1' AIRFLOW_CTX_DAG_RUN_ID='manual__2025-03-01T10:29:52.776247+00:00'
[2025-03-01T10:30:45.712+0000] {subprocess.py:63} INFO - Tmp dir root location: /tmp
[2025-03-01T10:30:45.713+0000] {subprocess.py:75} INFO - Running command: ['/bin/bash', '-c', '\n\t\t\tcd /opt/***\n                        dvc pull /opt/***/data/cleaned\n                        python /opt/***/executables/data_transformation.py &&                         dvc add /opt/***/data/transformed &&                         git add /opt/***/data/transformed.dvc && \t\t\tgit add logs &&                        git commit -m "Updated transformed data version" -a &&                         dvc push && git push\n                    ']
[2025-03-01T10:30:45.724+0000] {subprocess.py:86} INFO - Output:
[2025-03-01T10:30:49.496+0000] {subprocess.py:93} INFO - Everything is up to date.
[2025-03-01T10:30:52.365+0000] {subprocess.py:93} INFO - 2025-03-01 10:30:52,365 : INFO : Starting data preparation for csv.
[2025-03-01T10:30:52.418+0000] {subprocess.py:93} INFO - 2025-03-01 10:30:52,418 : INFO : Scaling 'Tenure', 'Balance', 'EstimatedSalary'.
[2025-03-01T10:30:52.434+0000] {subprocess.py:93} INFO - 2025-03-01 10:30:52,433 : INFO : Saving data to S3.
[2025-03-01T10:30:54.617+0000] {subprocess.py:93} INFO - 
[2025-03-01T10:30:54.617+0000] {subprocess.py:93} INFO - To track the changes with git, run:
[2025-03-01T10:30:54.617+0000] {subprocess.py:93} INFO - 
[2025-03-01T10:30:54.618+0000] {subprocess.py:93} INFO - 	git add data/transformed.dvc
[2025-03-01T10:30:54.618+0000] {subprocess.py:93} INFO - 
[2025-03-01T10:30:54.619+0000] {subprocess.py:93} INFO - To enable auto staging, run:
[2025-03-01T10:30:54.620+0000] {subprocess.py:93} INFO - 
[2025-03-01T10:30:54.620+0000] {subprocess.py:93} INFO - 	dvc config core.autostage true
