[2025-03-01T10:21:21.208+0000] {taskinstance.py:1159} INFO - Dependencies all met for dep_context=non-requeueable deps ti=<TaskInstance: customer_churn_ml_pipeline.model_training_task manual__2025-03-01T10:18:57.468681+00:00 [queued]>
[2025-03-01T10:21:21.228+0000] {taskinstance.py:1159} INFO - Dependencies all met for dep_context=requeueable deps ti=<TaskInstance: customer_churn_ml_pipeline.model_training_task manual__2025-03-01T10:18:57.468681+00:00 [queued]>
[2025-03-01T10:21:21.228+0000] {taskinstance.py:1361} INFO - Starting attempt 1 of 1
[2025-03-01T10:21:21.260+0000] {taskinstance.py:1382} INFO - Executing <Task(BashOperator): model_training_task> on 2025-03-01 10:18:57.468681+00:00
[2025-03-01T10:21:21.265+0000] {standard_task_runner.py:57} INFO - Started process 10215 to run task
[2025-03-01T10:21:21.270+0000] {standard_task_runner.py:84} INFO - Running: ['***', 'tasks', 'run', 'customer_churn_ml_pipeline', 'model_training_task', 'manual__2025-03-01T10:18:57.468681+00:00', '--job-id', '80', '--raw', '--subdir', 'DAGS_FOLDER/customer_churn.py', '--cfg-path', '/tmp/tmp1tvucgp8']
[2025-03-01T10:21:21.273+0000] {standard_task_runner.py:85} INFO - Job 80: Subtask model_training_task
[2025-03-01T10:21:21.307+0000] {logging_mixin.py:154} WARNING - /home/***/.local/lib/python3.8/site-packages/***/settings.py:195 DeprecationWarning: The sql_alchemy_conn option in [core] has been moved to the sql_alchemy_conn option in [database] - the old setting has been used, but please update your config.
[2025-03-01T10:21:21.382+0000] {task_command.py:416} INFO - Running <TaskInstance: customer_churn_ml_pipeline.model_training_task manual__2025-03-01T10:18:57.468681+00:00 [running]> on host 7e994a0ed489
[2025-03-01T10:21:21.600+0000] {taskinstance.py:1662} INFO - Exporting env vars: AIRFLOW_CTX_DAG_OWNER='***' AIRFLOW_CTX_DAG_ID='customer_churn_ml_pipeline' AIRFLOW_CTX_TASK_ID='model_training_task' AIRFLOW_CTX_EXECUTION_DATE='2025-03-01T10:18:57.468681+00:00' AIRFLOW_CTX_TRY_NUMBER='1' AIRFLOW_CTX_DAG_RUN_ID='manual__2025-03-01T10:18:57.468681+00:00'
[2025-03-01T10:21:21.601+0000] {subprocess.py:63} INFO - Tmp dir root location: /tmp
[2025-03-01T10:21:21.603+0000] {subprocess.py:75} INFO - Running command: ['/bin/bash', '-c', '\n\t    \t\tcd /opt/***\n       \t\t\t    python /opt/***/executables/model_training.py &&                             git commit -m "Trained model version" -a && \\                            \n                        ']
[2025-03-01T10:21:21.616+0000] {subprocess.py:86} INFO - Output:
[2025-03-01T10:21:29.857+0000] {subprocess.py:93} INFO - /home/***/.local/lib/python3.8/site-packages/mlflow/gateway/config.py:64: PydanticDeprecatedSince20: Pydantic V1 style `@validator` validators are deprecated. You should migrate to Pydantic V2 style `@field_validator` validators, see the migration guide for more details. Deprecated in Pydantic V2.0 to be removed in V3.0. See Pydantic V2 Migration Guide at https://errors.pydantic.dev/2.4/migration/
[2025-03-01T10:21:29.857+0000] {subprocess.py:93} INFO -   @validator("togetherai_api_key", pre=True)
[2025-03-01T10:21:29.858+0000] {subprocess.py:93} INFO - /home/***/.local/lib/python3.8/site-packages/mlflow/gateway/config.py:372: PydanticDeprecatedSince20: Pydantic V1 style `@root_validator` validators are deprecated. You should migrate to Pydantic V2 style `@model_validator` validators, see the migration guide for more details. Deprecated in Pydantic V2.0 to be removed in V3.0. See Pydantic V2 Migration Guide at https://errors.pydantic.dev/2.4/migration/
[2025-03-01T10:21:29.858+0000] {subprocess.py:93} INFO -   @root_validator(skip_on_failure=True)
[2025-03-01T10:21:29.858+0000] {subprocess.py:93} INFO - /home/***/.local/lib/python3.8/site-packages/pydantic/_internal/_config.py:267: PydanticDeprecatedSince20: Support for class-based `config` is deprecated, use ConfigDict instead. Deprecated in Pydantic V2.0 to be removed in V3.0. See Pydantic V2 Migration Guide at https://errors.pydantic.dev/2.4/migration/
[2025-03-01T10:21:29.858+0000] {subprocess.py:93} INFO -   warnings.warn(DEPRECATION_MESSAGE, DeprecationWarning)
[2025-03-01T10:21:29.858+0000] {subprocess.py:93} INFO - [Errno 2] No such file or directory: '/opt/***/feature_store.yaml'
[2025-03-01T10:21:30.884+0000] {subprocess.py:93} INFO - On branch main
[2025-03-01T10:21:30.884+0000] {subprocess.py:93} INFO - Your branch is up to date with 'origin/main'.
[2025-03-01T10:21:30.884+0000] {subprocess.py:93} INFO - 
[2025-03-01T10:21:30.885+0000] {subprocess.py:93} INFO - Last command done (1 command done):
[2025-03-01T10:21:30.885+0000] {subprocess.py:93} INFO -    pick 3c82e37 Initial Commit
[2025-03-01T10:21:30.885+0000] {subprocess.py:93} INFO - No commands remaining.
[2025-03-01T10:21:30.885+0000] {subprocess.py:93} INFO - You are currently editing a commit while rebasing branch 'master' on 'f6df714'.
[2025-03-01T10:21:30.885+0000] {subprocess.py:93} INFO -   (use "git commit --amend" to amend the current commit)
[2025-03-01T10:21:30.885+0000] {subprocess.py:93} INFO -   (use "git rebase --continue" once you are satisfied with your changes)
[2025-03-01T10:21:30.886+0000] {subprocess.py:93} INFO - 
[2025-03-01T10:21:30.886+0000] {subprocess.py:93} INFO - Untracked files:
[2025-03-01T10:21:30.886+0000] {subprocess.py:93} INFO -   (use "git add <file>..." to include in what will be committed)
[2025-03-01T10:21:30.886+0000] {subprocess.py:93} INFO - 	customer_churn_stats/feature_repo/data/
[2025-03-01T10:21:30.886+0000] {subprocess.py:93} INFO - 	logs/dag_id=customer_churn_ml_pipeline/run_id=manual__2025-03-01T09:24:44.681682+00:00/
[2025-03-01T10:21:30.886+0000] {subprocess.py:93} INFO - 	logs/dag_id=customer_churn_ml_pipeline/run_id=manual__2025-03-01T09:26:34.885424+00:00/
[2025-03-01T10:21:30.887+0000] {subprocess.py:93} INFO - 	logs/dag_id=customer_churn_ml_pipeline/run_id=manual__2025-03-01T09:28:45.794831+00:00/
[2025-03-01T10:21:30.887+0000] {subprocess.py:93} INFO - 	logs/dag_id=customer_churn_ml_pipeline/run_id=manual__2025-03-01T09:33:50.885804+00:00/
[2025-03-01T10:21:30.887+0000] {subprocess.py:93} INFO - 	logs/dag_id=customer_churn_ml_pipeline/run_id=manual__2025-03-01T09:35:58.132908+00:00/
[2025-03-01T10:21:30.887+0000] {subprocess.py:93} INFO - 	logs/dag_id=customer_churn_ml_pipeline/run_id=manual__2025-03-01T09:43:03.542333+00:00/
[2025-03-01T10:21:30.887+0000] {subprocess.py:93} INFO - 	logs/dag_id=customer_churn_ml_pipeline/run_id=manual__2025-03-01T09:46:12.316407+00:00/
[2025-03-01T10:21:30.887+0000] {subprocess.py:93} INFO - 	logs/dag_id=customer_churn_ml_pipeline/run_id=manual__2025-03-01T09:48:01.569331+00:00/
[2025-03-01T10:21:30.887+0000] {subprocess.py:93} INFO - 	logs/dag_id=customer_churn_ml_pipeline/run_id=manual__2025-03-01T09:53:23.171684+00:00/
[2025-03-01T10:21:30.888+0000] {subprocess.py:93} INFO - 	logs/dag_id=customer_churn_ml_pipeline/run_id=manual__2025-03-01T09:56:13.522073+00:00/
[2025-03-01T10:21:30.888+0000] {subprocess.py:93} INFO - 	logs/dag_id=customer_churn_ml_pipeline/run_id=manual__2025-03-01T10:02:10.032743+00:00/
[2025-03-01T10:21:30.888+0000] {subprocess.py:93} INFO - 	logs/dag_id=customer_churn_ml_pipeline/run_id=manual__2025-03-01T10:08:22.088632+00:00/
[2025-03-01T10:21:30.888+0000] {subprocess.py:93} INFO - 	logs/dag_id=customer_churn_ml_pipeline/run_id=manual__2025-03-01T10:18:57.468681+00:00/
[2025-03-01T10:21:30.888+0000] {subprocess.py:93} INFO - 	logs/dag_id=customer_churn_ml_pipeline/run_id=scheduled__2025-02-28T08:00:00+00:00/
[2025-03-01T10:21:30.888+0000] {subprocess.py:93} INFO - 	logs/modelling.log
[2025-03-01T10:21:30.889+0000] {subprocess.py:93} INFO - 	logs/scheduler/2025-03-01/
[2025-03-01T10:21:30.889+0000] {subprocess.py:93} INFO - 	mlruns/
[2025-03-01T10:21:30.889+0000] {subprocess.py:93} INFO - 
[2025-03-01T10:21:30.889+0000] {subprocess.py:93} INFO - nothing added to commit but untracked files present (use "git add" to track)
[2025-03-01T10:21:30.889+0000] {subprocess.py:97} INFO - Command exited with return code 1
[2025-03-01T10:21:30.909+0000] {taskinstance.py:1937} ERROR - Task failed with exception
Traceback (most recent call last):
  File "/home/airflow/.local/lib/python3.8/site-packages/airflow/operators/bash.py", line 210, in execute
    raise AirflowException(
airflow.exceptions.AirflowException: Bash command failed. The command returned a non-zero exit code 1.
[2025-03-01T10:21:30.914+0000] {taskinstance.py:1400} INFO - Marking task as FAILED. dag_id=customer_churn_ml_pipeline, task_id=model_training_task, execution_date=20250301T101857, start_date=20250301T102121, end_date=20250301T102130
[2025-03-01T10:21:30.933+0000] {standard_task_runner.py:104} ERROR - Failed to execute job 80 for task model_training_task (Bash command failed. The command returned a non-zero exit code 1.; 10215)
[2025-03-01T10:21:30.943+0000] {local_task_job_runner.py:228} INFO - Task exited with return code 1
[2025-03-01T10:21:30.988+0000] {taskinstance.py:2778} INFO - 0 downstream tasks scheduled from follow-on schedule check
