[2025-03-03T17:05:00.782+0000] {taskinstance.py:1159} INFO - Dependencies all met for dep_context=non-requeueable deps ti=<TaskInstance: customer_churn_ml_pipeline.data_preparation_task manual__2025-03-03T17:04:05.906551+00:00 [queued]>
[2025-03-03T17:05:00.793+0000] {taskinstance.py:1159} INFO - Dependencies all met for dep_context=requeueable deps ti=<TaskInstance: customer_churn_ml_pipeline.data_preparation_task manual__2025-03-03T17:04:05.906551+00:00 [queued]>
[2025-03-03T17:05:00.793+0000] {taskinstance.py:1361} INFO - Starting attempt 1 of 1
[2025-03-03T17:05:00.808+0000] {taskinstance.py:1382} INFO - Executing <Task(BashOperator): data_preparation_task> on 2025-03-03 17:04:05.906551+00:00
[2025-03-03T17:05:00.814+0000] {standard_task_runner.py:57} INFO - Started process 6606 to run task
[2025-03-03T17:05:00.817+0000] {standard_task_runner.py:84} INFO - Running: ['***', 'tasks', 'run', 'customer_churn_ml_pipeline', 'data_preparation_task', 'manual__2025-03-03T17:04:05.906551+00:00', '--job-id', '131', '--raw', '--subdir', 'DAGS_FOLDER/customer_churn.py', '--cfg-path', '/tmp/tmpxfv4m7hc']
[2025-03-03T17:05:00.819+0000] {standard_task_runner.py:85} INFO - Job 131: Subtask data_preparation_task
[2025-03-03T17:05:00.842+0000] {logging_mixin.py:154} WARNING - /home/***/.local/lib/python3.8/site-packages/***/settings.py:195 DeprecationWarning: The sql_alchemy_conn option in [core] has been moved to the sql_alchemy_conn option in [database] - the old setting has been used, but please update your config.
[2025-03-03T17:05:00.888+0000] {task_command.py:416} INFO - Running <TaskInstance: customer_churn_ml_pipeline.data_preparation_task manual__2025-03-03T17:04:05.906551+00:00 [running]> on host 157237bff8f7
[2025-03-03T17:05:01.009+0000] {taskinstance.py:1662} INFO - Exporting env vars: AIRFLOW_CTX_DAG_OWNER='***' AIRFLOW_CTX_DAG_ID='customer_churn_ml_pipeline' AIRFLOW_CTX_TASK_ID='data_preparation_task' AIRFLOW_CTX_EXECUTION_DATE='2025-03-03T17:04:05.906551+00:00' AIRFLOW_CTX_TRY_NUMBER='1' AIRFLOW_CTX_DAG_RUN_ID='manual__2025-03-03T17:04:05.906551+00:00'
[2025-03-03T17:05:01.010+0000] {subprocess.py:63} INFO - Tmp dir root location: /tmp
[2025-03-03T17:05:01.011+0000] {subprocess.py:75} INFO - Running command: ['/bin/bash', '-c', '\n\t\t\tcd /opt/*** &&\t\t\tpython /opt/***/executables/data_preparation.py &&                         dvc add /opt/***/data/cleaned &&                         git add /opt/***/data/cleaned.dvc && \t\t\tgit add logs && \\   \n\t\t\tgit add visualization &&    \t\t\tgit status &&                         git commit -m "Updated cleaned data version" -a &&                         dvc push && git push\n                    ']
[2025-03-03T17:05:01.021+0000] {subprocess.py:86} INFO - Output:
[2025-03-03T17:05:03.727+0000] {subprocess.py:93} INFO - 2025-03-03 17:05:03,727 : INFO : Starting data preparation for customer_data.csv.
[2025-03-03T17:05:03.748+0000] {subprocess.py:93} INFO - 2025-03-03 17:05:03,747 : INFO : Dropping 'Tenure' less than 0 and greater than 110 * 12
[2025-03-03T17:05:03.751+0000] {subprocess.py:93} INFO - 2025-03-03 17:05:03,751 : INFO : Handling 'Age' empty data
[2025-03-03T17:05:03.752+0000] {subprocess.py:93} INFO - 2025-03-03 17:05:03,752 : INFO : Dropping 'Age' less than 18 and greater than 110
[2025-03-03T17:05:03.755+0000] {subprocess.py:93} INFO - 2025-03-03 17:05:03,755 : INFO : Dropping 'Estimated Salary' & 'Credit Score' with 0 & negative values
[2025-03-03T17:05:03.758+0000] {subprocess.py:93} INFO - 2025-03-03 17:05:03,758 : INFO : Handling 'Balance', 'EstimatedSalary' empty data with mean
[2025-03-03T17:05:03.758+0000] {subprocess.py:93} INFO - 2025-03-03 17:05:03,758 : INFO : Droping 'Surname' as it may lead to profiling, 'RowNumber', 'CustomerId' as it is not required
[2025-03-03T17:05:03.760+0000] {subprocess.py:93} INFO - 2025-03-03 17:05:03,760 : INFO : Making 'Geography', 'Gender', 'HasCrCard', 'IsActiveMember' as categorical
[2025-03-03T17:05:03.768+0000] {subprocess.py:93} INFO - 2025-03-03 17:05:03,767 : INFO : Saving data to S3.
[2025-03-03T17:05:03.768+0000] {subprocess.py:93} INFO - 2025-03-03 17:05:03,768 : INFO : Directory created at /opt/***/data/cleaned/fintech1/03-03-2025/csv
[2025-03-03T17:05:03.957+0000] {subprocess.py:93} INFO - 2025-03-03 17:05:03,956 : INFO : Connected to s3
[2025-03-03T17:05:06.541+0000] {subprocess.py:93} INFO - 2025-03-03 17:05:06,540 : INFO : File uploaded to S3
[2025-03-03T17:05:06.542+0000] {subprocess.py:93} INFO - 2025-03-03 17:05:06,542 : INFO : Creating Pie chart
[2025-03-03T17:05:06.595+0000] {subprocess.py:93} INFO - 2025-03-03 17:05:06,594 : INFO : Generating histogram for column CreditScore.
[2025-03-03T17:05:06.698+0000] {subprocess.py:93} INFO - 2025-03-03 17:05:06,698 : INFO : Generating histogram for column Geography.
[2025-03-03T17:05:06.853+0000] {subprocess.py:93} INFO - 2025-03-03 17:05:06,853 : INFO : Generating histogram for column Gender.
[2025-03-03T17:05:06.940+0000] {subprocess.py:93} INFO - 2025-03-03 17:05:06,940 : INFO : Generating histogram for column Age.
[2025-03-03T17:05:07.064+0000] {subprocess.py:93} INFO - 2025-03-03 17:05:07,064 : INFO : Generating histogram for column Tenure.
[2025-03-03T17:05:07.185+0000] {subprocess.py:93} INFO - 2025-03-03 17:05:07,185 : INFO : Generating histogram for column Balance.
[2025-03-03T17:05:07.335+0000] {subprocess.py:93} INFO - 2025-03-03 17:05:07,334 : INFO : Generating histogram for column NumOfProducts.
[2025-03-03T17:05:07.476+0000] {subprocess.py:93} INFO - 2025-03-03 17:05:07,475 : INFO : Generating histogram for column HasCrCard.
[2025-03-03T17:05:07.636+0000] {subprocess.py:93} INFO - 2025-03-03 17:05:07,635 : INFO : Generating histogram for column IsActiveMember.
[2025-03-03T17:05:07.780+0000] {subprocess.py:93} INFO - 2025-03-03 17:05:07,780 : INFO : Generating histogram for column EstimatedSalary.
[2025-03-03T17:05:07.969+0000] {subprocess.py:93} INFO - 2025-03-03 17:05:07,969 : INFO : Generating histogram for column Exited.
[2025-03-03T17:05:08.140+0000] {subprocess.py:93} INFO - 2025-03-03 17:05:08,139 : INFO : Generating histogram for relation of Exited with Categorical data.
[2025-03-03T17:05:08.456+0000] {subprocess.py:93} INFO - 2025-03-03 17:05:08,456 : INFO : Using categorical units to plot a list of strings that are all parsable as floats or dates. If these strings should be plotted as numbers, cast to the appropriate data type before plotting.
[2025-03-03T17:05:08.474+0000] {subprocess.py:93} INFO - 2025-03-03 17:05:08,473 : INFO : Using categorical units to plot a list of strings that are all parsable as floats or dates. If these strings should be plotted as numbers, cast to the appropriate data type before plotting.
[2025-03-03T17:05:08.542+0000] {subprocess.py:93} INFO - 2025-03-03 17:05:08,541 : INFO : Using categorical units to plot a list of strings that are all parsable as floats or dates. If these strings should be plotted as numbers, cast to the appropriate data type before plotting.
[2025-03-03T17:05:08.562+0000] {subprocess.py:93} INFO - 2025-03-03 17:05:08,562 : INFO : Using categorical units to plot a list of strings that are all parsable as floats or dates. If these strings should be plotted as numbers, cast to the appropriate data type before plotting.
[2025-03-03T17:05:08.611+0000] {subprocess.py:93} INFO - 2025-03-03 17:05:08,611 : INFO : Generating box plots for relation of Exited with non Categorical data.
[2025-03-03T17:05:08.787+0000] {subprocess.py:93} INFO - 2025-03-03 17:05:08,787 : INFO : Using categorical units to plot a list of strings that are all parsable as floats or dates. If these strings should be plotted as numbers, cast to the appropriate data type before plotting.
[2025-03-03T17:05:08.808+0000] {subprocess.py:93} INFO - 2025-03-03 17:05:08,807 : INFO : Using categorical units to plot a list of strings that are all parsable as floats or dates. If these strings should be plotted as numbers, cast to the appropriate data type before plotting.
[2025-03-03T17:05:08.901+0000] {subprocess.py:93} INFO - 2025-03-03 17:05:08,901 : INFO : Using categorical units to plot a list of strings that are all parsable as floats or dates. If these strings should be plotted as numbers, cast to the appropriate data type before plotting.
[2025-03-03T17:05:08.924+0000] {subprocess.py:93} INFO - 2025-03-03 17:05:08,923 : INFO : Using categorical units to plot a list of strings that are all parsable as floats or dates. If these strings should be plotted as numbers, cast to the appropriate data type before plotting.
[2025-03-03T17:05:09.027+0000] {subprocess.py:93} INFO - 2025-03-03 17:05:09,027 : INFO : Using categorical units to plot a list of strings that are all parsable as floats or dates. If these strings should be plotted as numbers, cast to the appropriate data type before plotting.
[2025-03-03T17:05:09.047+0000] {subprocess.py:93} INFO - 2025-03-03 17:05:09,047 : INFO : Using categorical units to plot a list of strings that are all parsable as floats or dates. If these strings should be plotted as numbers, cast to the appropriate data type before plotting.
[2025-03-03T17:05:09.152+0000] {subprocess.py:93} INFO - 2025-03-03 17:05:09,152 : INFO : Using categorical units to plot a list of strings that are all parsable as floats or dates. If these strings should be plotted as numbers, cast to the appropriate data type before plotting.
[2025-03-03T17:05:09.174+0000] {subprocess.py:93} INFO - 2025-03-03 17:05:09,173 : INFO : Using categorical units to plot a list of strings that are all parsable as floats or dates. If these strings should be plotted as numbers, cast to the appropriate data type before plotting.
[2025-03-03T17:05:09.262+0000] {subprocess.py:93} INFO - 2025-03-03 17:05:09,262 : INFO : Using categorical units to plot a list of strings that are all parsable as floats or dates. If these strings should be plotted as numbers, cast to the appropriate data type before plotting.
[2025-03-03T17:05:09.281+0000] {subprocess.py:93} INFO - 2025-03-03 17:05:09,280 : INFO : Using categorical units to plot a list of strings that are all parsable as floats or dates. If these strings should be plotted as numbers, cast to the appropriate data type before plotting.
[2025-03-03T17:05:09.468+0000] {subprocess.py:93} INFO - 2025-03-03 17:05:09,468 : INFO : Using categorical units to plot a list of strings that are all parsable as floats or dates. If these strings should be plotted as numbers, cast to the appropriate data type before plotting.
[2025-03-03T17:05:09.486+0000] {subprocess.py:93} INFO - 2025-03-03 17:05:09,486 : INFO : Using categorical units to plot a list of strings that are all parsable as floats or dates. If these strings should be plotted as numbers, cast to the appropriate data type before plotting.
[2025-03-03T17:05:09.895+0000] {subprocess.py:93} INFO - 2025-03-03 17:05:09,895 : INFO : Saved pdf in /opt/***/visualization/fintech1/03-03-2025/csv/plots.pdf
[2025-03-03T17:05:09.939+0000] {subprocess.py:93} INFO - 2025-03-03 17:05:09,939 : INFO : Starting data preparation for database_data.csv.
[2025-03-03T17:05:09.940+0000] {subprocess.py:93} INFO - 2025-03-03 17:05:09,939 : ERROR : Error in preparing data[Errno 2] No such file or directory: '/opt/***/data/raw/fintech2/03-03-2025/database/database_data.csv'
[2025-03-03T17:05:09.942+0000] {subprocess.py:93} INFO - Traceback (most recent call last):
[2025-03-03T17:05:09.942+0000] {subprocess.py:93} INFO -   File "/opt/***/executables/data_preparation.py", line 149, in <module>
[2025-03-03T17:05:09.943+0000] {subprocess.py:93} INFO -     prepare_data("database_data.csv", "database", "fintech2", "database_data.csv")
[2025-03-03T17:05:09.943+0000] {subprocess.py:93} INFO -   File "/opt/***/executables/data_preparation.py", line 92, in prepare_data
[2025-03-03T17:05:09.943+0000] {subprocess.py:93} INFO -     raise e
[2025-03-03T17:05:09.943+0000] {subprocess.py:93} INFO -   File "/opt/***/executables/data_preparation.py", line 45, in prepare_data
[2025-03-03T17:05:09.943+0000] {subprocess.py:93} INFO -     df = pd.read_csv(data_path)
[2025-03-03T17:05:09.944+0000] {subprocess.py:93} INFO -   File "/home/***/.local/lib/python3.8/site-packages/pandas/util/_decorators.py", line 211, in wrapper
[2025-03-03T17:05:09.944+0000] {subprocess.py:93} INFO -     return func(*args, **kwargs)
[2025-03-03T17:05:09.944+0000] {subprocess.py:93} INFO -   File "/home/***/.local/lib/python3.8/site-packages/pandas/util/_decorators.py", line 331, in wrapper
[2025-03-03T17:05:09.945+0000] {subprocess.py:93} INFO -     return func(*args, **kwargs)
[2025-03-03T17:05:09.945+0000] {subprocess.py:93} INFO -   File "/home/***/.local/lib/python3.8/site-packages/pandas/io/parsers/readers.py", line 950, in read_csv
[2025-03-03T17:05:09.945+0000] {subprocess.py:93} INFO -     return _read(filepath_or_buffer, kwds)
[2025-03-03T17:05:09.945+0000] {subprocess.py:93} INFO -   File "/home/***/.local/lib/python3.8/site-packages/pandas/io/parsers/readers.py", line 605, in _read
[2025-03-03T17:05:09.946+0000] {subprocess.py:93} INFO -     parser = TextFileReader(filepath_or_buffer, **kwds)
[2025-03-03T17:05:09.946+0000] {subprocess.py:93} INFO -   File "/home/***/.local/lib/python3.8/site-packages/pandas/io/parsers/readers.py", line 1442, in __init__
[2025-03-03T17:05:09.946+0000] {subprocess.py:93} INFO -     self._engine = self._make_engine(f, self.engine)
[2025-03-03T17:05:09.946+0000] {subprocess.py:93} INFO -   File "/home/***/.local/lib/python3.8/site-packages/pandas/io/parsers/readers.py", line 1735, in _make_engine
[2025-03-03T17:05:09.946+0000] {subprocess.py:93} INFO -     self.handles = get_handle(
[2025-03-03T17:05:09.947+0000] {subprocess.py:93} INFO -   File "/home/***/.local/lib/python3.8/site-packages/pandas/io/common.py", line 856, in get_handle
[2025-03-03T17:05:09.947+0000] {subprocess.py:93} INFO -     handle = open(
[2025-03-03T17:05:09.947+0000] {subprocess.py:93} INFO - FileNotFoundError: [Errno 2] No such file or directory: '/opt/***/data/raw/fintech2/03-03-2025/database/database_data.csv'
[2025-03-03T17:05:10.361+0000] {subprocess.py:93} INFO - On branch main
[2025-03-03T17:05:10.361+0000] {subprocess.py:93} INFO - Your branch is up to date with 'origin/main'.
[2025-03-03T17:05:10.362+0000] {subprocess.py:93} INFO - 
[2025-03-03T17:05:10.362+0000] {subprocess.py:93} INFO - Changes to be committed:
[2025-03-03T17:05:10.362+0000] {subprocess.py:93} INFO -   (use "git restore --staged <file>..." to unstage)
[2025-03-03T17:05:10.363+0000] {subprocess.py:93} INFO - 	modified:   visualization/fintech1/03-03-2025/csv/plots.pdf
[2025-03-03T17:05:10.363+0000] {subprocess.py:93} INFO - 
[2025-03-03T17:05:10.363+0000] {subprocess.py:93} INFO - Changes not staged for commit:
[2025-03-03T17:05:10.363+0000] {subprocess.py:93} INFO -   (use "git add <file>..." to update what will be committed)
[2025-03-03T17:05:10.364+0000] {subprocess.py:93} INFO -   (use "git restore <file>..." to discard changes in working directory)
[2025-03-03T17:05:10.364+0000] {subprocess.py:93} INFO - 	modified:   logs/data_preparation.log
[2025-03-03T17:05:10.364+0000] {subprocess.py:93} INFO - 
[2025-03-03T17:05:10.365+0000] {subprocess.py:93} INFO - Untracked files:
[2025-03-03T17:05:10.365+0000] {subprocess.py:93} INFO -   (use "git add <file>..." to include in what will be committed)
[2025-03-03T17:05:10.365+0000] {subprocess.py:93} INFO - 	customer_churn_stats/feature_repo/data/online_store.db
[2025-03-03T17:05:10.365+0000] {subprocess.py:93} INFO - 	customer_churn_stats/feature_repo/data/registry.db
[2025-03-03T17:05:10.365+0000] {subprocess.py:93} INFO - 	logs/dag_id=customer_churn_ml_pipeline/run_id=manual__2025-03-03T17:04:05.906551+00:00/task_id=data_preparation_task/
[2025-03-03T17:05:10.366+0000] {subprocess.py:93} INFO - 	logs/dag_id=customer_churn_ml_pipeline/run_id=manual__2025-03-03T17:04:05.906551+00:00/task_id=data_validation_task/
[2025-03-03T17:05:10.366+0000] {subprocess.py:93} INFO - 	models/
[2025-03-03T17:05:10.366+0000] {subprocess.py:93} INFO - 	online.db
[2025-03-03T17:05:10.366+0000] {subprocess.py:93} INFO - 
[2025-03-03T17:05:10.389+0000] {subprocess.py:93} INFO - [main fded0d5] Updated cleaned data version
[2025-03-03T17:05:10.389+0000] {subprocess.py:93} INFO -  2 files changed, 45 insertions(+)
[2025-03-03T17:05:15.196+0000] {subprocess.py:93} INFO - Everything is up to date.
[2025-03-03T17:05:17.025+0000] {subprocess.py:93} INFO - To https://github.com/anniemathew-trial/customer_churn_pipeline.git
[2025-03-03T17:05:17.025+0000] {subprocess.py:93} INFO -    b5f1379..fded0d5  main -> main
[2025-03-03T17:05:17.031+0000] {subprocess.py:97} INFO - Command exited with return code 0
[2025-03-03T17:05:17.073+0000] {taskinstance.py:1400} INFO - Marking task as SUCCESS. dag_id=customer_churn_ml_pipeline, task_id=data_preparation_task, execution_date=20250303T170405, start_date=20250303T170500, end_date=20250303T170517
[2025-03-03T17:05:17.107+0000] {local_task_job_runner.py:228} INFO - Task exited with return code 0
[2025-03-03T17:05:17.142+0000] {taskinstance.py:2778} INFO - 1 downstream tasks scheduled from follow-on schedule check
