[2025-03-03T16:45:05.544+0000] {taskinstance.py:1159} INFO - Dependencies all met for dep_context=non-requeueable deps ti=<TaskInstance: customer_churn_ml_pipeline.feature_store_task manual__2025-03-03T16:43:39.817528+00:00 [queued]>
[2025-03-03T16:45:05.555+0000] {taskinstance.py:1159} INFO - Dependencies all met for dep_context=requeueable deps ti=<TaskInstance: customer_churn_ml_pipeline.feature_store_task manual__2025-03-03T16:43:39.817528+00:00 [queued]>
[2025-03-03T16:45:05.556+0000] {taskinstance.py:1361} INFO - Starting attempt 1 of 1
[2025-03-03T16:45:05.571+0000] {taskinstance.py:1382} INFO - Executing <Task(BashOperator): feature_store_task> on 2025-03-03 16:43:39.817528+00:00
[2025-03-03T16:45:05.577+0000] {standard_task_runner.py:57} INFO - Started process 5348 to run task
[2025-03-03T16:45:05.580+0000] {standard_task_runner.py:84} INFO - Running: ['***', 'tasks', 'run', 'customer_churn_ml_pipeline', 'feature_store_task', 'manual__2025-03-03T16:43:39.817528+00:00', '--job-id', '115', '--raw', '--subdir', 'DAGS_FOLDER/customer_churn.py', '--cfg-path', '/tmp/tmpcg2icqdk']
[2025-03-03T16:45:05.583+0000] {standard_task_runner.py:85} INFO - Job 115: Subtask feature_store_task
[2025-03-03T16:45:05.605+0000] {logging_mixin.py:154} WARNING - /home/***/.local/lib/python3.8/site-packages/***/settings.py:195 DeprecationWarning: The sql_alchemy_conn option in [core] has been moved to the sql_alchemy_conn option in [database] - the old setting has been used, but please update your config.
[2025-03-03T16:45:05.651+0000] {task_command.py:416} INFO - Running <TaskInstance: customer_churn_ml_pipeline.feature_store_task manual__2025-03-03T16:43:39.817528+00:00 [running]> on host 157237bff8f7
[2025-03-03T16:45:05.764+0000] {taskinstance.py:1662} INFO - Exporting env vars: AIRFLOW_CTX_DAG_OWNER='***' AIRFLOW_CTX_DAG_ID='customer_churn_ml_pipeline' AIRFLOW_CTX_TASK_ID='feature_store_task' AIRFLOW_CTX_EXECUTION_DATE='2025-03-03T16:43:39.817528+00:00' AIRFLOW_CTX_TRY_NUMBER='1' AIRFLOW_CTX_DAG_RUN_ID='manual__2025-03-03T16:43:39.817528+00:00'
[2025-03-03T16:45:05.765+0000] {subprocess.py:63} INFO - Tmp dir root location: /tmp
[2025-03-03T16:45:05.766+0000] {subprocess.py:75} INFO - Running command: ['/bin/bash', '-c', '\n\t\t\tcd /opt/***/customer_churn_stats/feature_repo &&                         feast apply &&                         feast materialize-incremental $(date -u +\'%Y-%m-%dT%H:%M:%S\') &&       \t\t\tgit add /opt/***/logs\n   \t\t\tgit status &&                         git commit -m "Updated feature store" -a &&                         git push\n                    ']
[2025-03-03T16:45:05.776+0000] {subprocess.py:86} INFO - Output:
[2025-03-03T16:45:11.541+0000] {subprocess.py:93} INFO - 2025-03-03 16:45:11,541 : INFO : Connecting to Database
[2025-03-03T16:45:11.563+0000] {subprocess.py:93} INFO - 2025-03-03 16:45:11,563 : INFO : Connecting to Database Successfull
[2025-03-03T16:45:11.564+0000] {subprocess.py:93} INFO - 2025-03-03 16:45:11,563 : INFO : Reading data from database.
[2025-03-03T16:45:12.040+0000] {subprocess.py:93} INFO - /opt/***/customer_churn_stats/feature_repo/feature_store.py:36: UserWarning: pandas only supports SQLAlchemy connectable (engine/connection) or database string URI or sqlite3 DBAPI2 connection. Other DBAPI2 objects are not tested. Please consider using SQLAlchemy.
[2025-03-03T16:45:12.040+0000] {subprocess.py:93} INFO -   data = pd.read_sql(query, connection)
[2025-03-03T16:45:12.041+0000] {subprocess.py:93} INFO - 2025-03-03 16:45:12,039 : INFO : Data collection from database successfull!!
[2025-03-03T16:45:12.041+0000] {subprocess.py:93} INFO - 2025-03-03 16:45:12,040 : INFO : Declaring an entity for the dataset
[2025-03-03T16:45:12.041+0000] {subprocess.py:93} INFO - 2025-03-03 16:45:12,040 : INFO : Declaring the source for raw feature data
[2025-03-03T16:45:12.041+0000] {subprocess.py:93} INFO - 2025-03-03 16:45:12,041 : INFO : Defining the features in a feature view
[2025-03-03T16:45:12.045+0000] {subprocess.py:93} INFO - 2025-03-03 16:45:12,044 : INFO : Feature view creation successfull!!
[2025-03-03T16:45:12.064+0000] {subprocess.py:93} INFO - No changes to registry
[2025-03-03T16:45:12.064+0000] {subprocess.py:93} INFO - No changes to infrastructure
[2025-03-03T16:45:19.016+0000] {subprocess.py:93} INFO - Materializing [1m[32m1[0m feature views to [1m[32m2025-03-03 16:45:13+00:00[0m into the [1m[32msqlite[0m online store.
[2025-03-03T16:45:19.016+0000] {subprocess.py:93} INFO - 
[2025-03-03T16:45:19.016+0000] {subprocess.py:93} INFO - [1m[32mcustomer_stats_fv[0m from [1m[32m2025-03-03 16:41:28+00:00[0m to [1m[32m2025-03-03 16:45:13+00:00[0m:
[2025-03-03T16:45:19.020+0000] {subprocess.py:93} INFO - 0it [00:00, ?it/s]0it [00:00, ?it/s]
[2025-03-03T16:45:19.780+0000] {subprocess.py:93} INFO - On branch main
[2025-03-03T16:45:19.780+0000] {subprocess.py:93} INFO - Your branch is up to date with 'origin/main'.
[2025-03-03T16:45:19.780+0000] {subprocess.py:93} INFO - 
[2025-03-03T16:45:19.781+0000] {subprocess.py:93} INFO - Changes to be committed:
[2025-03-03T16:45:19.781+0000] {subprocess.py:93} INFO -   (use "git restore --staged <file>..." to unstage)
[2025-03-03T16:45:19.781+0000] {subprocess.py:93} INFO - 	modified:   ../../logs/dag_id=customer_churn_ml_pipeline/run_id=manual__2025-03-03T16:43:39.817528+00:00/task_id=data_storage_task/attempt=1.log
[2025-03-03T16:45:19.781+0000] {subprocess.py:93} INFO - 	new file:   ../../logs/dag_id=customer_churn_ml_pipeline/run_id=manual__2025-03-03T16:43:39.817528+00:00/task_id=feature_store_task/attempt=1.log
[2025-03-03T16:45:19.781+0000] {subprocess.py:93} INFO - 	modified:   ../../logs/dag_processor_manager/dag_processor_manager.log
[2025-03-03T16:45:19.781+0000] {subprocess.py:93} INFO - 	modified:   ../../logs/feature_store.log
[2025-03-03T16:45:19.781+0000] {subprocess.py:93} INFO - 	modified:   ../../logs/scheduler/2025-03-03/customer_churn.py.log
[2025-03-03T16:45:19.782+0000] {subprocess.py:93} INFO - 
[2025-03-03T16:45:19.782+0000] {subprocess.py:93} INFO - Untracked files:
[2025-03-03T16:45:19.782+0000] {subprocess.py:93} INFO -   (use "git add <file>..." to include in what will be committed)
[2025-03-03T16:45:19.782+0000] {subprocess.py:93} INFO - 	data/online_store.db
[2025-03-03T16:45:19.782+0000] {subprocess.py:93} INFO - 	data/registry.db
[2025-03-03T16:45:19.782+0000] {subprocess.py:93} INFO - 	../../models/
[2025-03-03T16:45:19.782+0000] {subprocess.py:93} INFO - 	../../online.db
[2025-03-03T16:45:19.783+0000] {subprocess.py:93} INFO - 
[2025-03-03T16:45:19.830+0000] {subprocess.py:93} INFO - [main 4ea34e8] Updated feature store
[2025-03-03T16:45:19.830+0000] {subprocess.py:93} INFO -  5 files changed, 74 insertions(+)
[2025-03-03T16:45:19.831+0000] {subprocess.py:93} INFO -  create mode 100644 logs/dag_id=customer_churn_ml_pipeline/run_id=manual__2025-03-03T16:43:39.817528+00:00/task_id=feature_store_task/attempt=1.log
[2025-03-03T16:45:21.480+0000] {subprocess.py:93} INFO - To https://github.com/anniemathew-trial/customer_churn_pipeline.git
[2025-03-03T16:45:21.481+0000] {subprocess.py:93} INFO -    7637c75..4ea34e8  main -> main
[2025-03-03T16:45:21.491+0000] {subprocess.py:97} INFO - Command exited with return code 0
[2025-03-03T16:45:21.533+0000] {taskinstance.py:1400} INFO - Marking task as SUCCESS. dag_id=customer_churn_ml_pipeline, task_id=feature_store_task, execution_date=20250303T164339, start_date=20250303T164505, end_date=20250303T164521
[2025-03-03T16:45:21.592+0000] {local_task_job_runner.py:228} INFO - Task exited with return code 0
[2025-03-03T16:45:21.639+0000] {taskinstance.py:2778} INFO - 0 downstream tasks scheduled from follow-on schedule check
