[2025-03-09T10:55:58.697+0000] {taskinstance.py:1159} INFO - Dependencies all met for dep_context=non-requeueable deps ti=<TaskInstance: customer_churn_ml_pipeline.data_ingestion_task scheduled__2025-03-08T08:00:00+00:00 [queued]>
[2025-03-09T10:55:58.724+0000] {taskinstance.py:1159} INFO - Dependencies all met for dep_context=requeueable deps ti=<TaskInstance: customer_churn_ml_pipeline.data_ingestion_task scheduled__2025-03-08T08:00:00+00:00 [queued]>
[2025-03-09T10:55:58.725+0000] {taskinstance.py:1361} INFO - Starting attempt 1 of 1
[2025-03-09T10:55:58.760+0000] {taskinstance.py:1382} INFO - Executing <Task(BashOperator): data_ingestion_task> on 2025-03-08 08:00:00+00:00
[2025-03-09T10:55:58.767+0000] {standard_task_runner.py:57} INFO - Started process 361 to run task
[2025-03-09T10:55:58.775+0000] {standard_task_runner.py:84} INFO - Running: ['***', 'tasks', 'run', 'customer_churn_ml_pipeline', 'data_ingestion_task', 'scheduled__2025-03-08T08:00:00+00:00', '--job-id', '295', '--raw', '--subdir', 'DAGS_FOLDER/customer_churn.py', '--cfg-path', '/tmp/tmpi4f0u9_u']
[2025-03-09T10:55:58.781+0000] {standard_task_runner.py:85} INFO - Job 295: Subtask data_ingestion_task
[2025-03-09T10:55:58.832+0000] {logging_mixin.py:154} WARNING - /home/***/.local/lib/python3.8/site-packages/***/settings.py:195 DeprecationWarning: The sql_alchemy_conn option in [core] has been moved to the sql_alchemy_conn option in [database] - the old setting has been used, but please update your config.
[2025-03-09T10:55:58.925+0000] {task_command.py:416} INFO - Running <TaskInstance: customer_churn_ml_pipeline.data_ingestion_task scheduled__2025-03-08T08:00:00+00:00 [running]> on host 157237bff8f7
[2025-03-09T10:55:59.132+0000] {taskinstance.py:1662} INFO - Exporting env vars: AIRFLOW_CTX_DAG_OWNER='***' AIRFLOW_CTX_DAG_ID='customer_churn_ml_pipeline' AIRFLOW_CTX_TASK_ID='data_ingestion_task' AIRFLOW_CTX_EXECUTION_DATE='2025-03-08T08:00:00+00:00' AIRFLOW_CTX_TRY_NUMBER='1' AIRFLOW_CTX_DAG_RUN_ID='scheduled__2025-03-08T08:00:00+00:00'
[2025-03-09T10:55:59.134+0000] {subprocess.py:63} INFO - Tmp dir root location: /tmp
[2025-03-09T10:55:59.136+0000] {subprocess.py:75} INFO - Running command: ['/bin/bash', '-c', 'python /opt/***/executables/data_ingestion.py && \t\t\tNOW=$(date \'+%d-%m-%Y\') &&\t\t\tcd /opt/*** && \t\t\tgit add logs &&    \t\t\tgit status &&                         git commit -m "Updated data ingestion" -a &&                         git push\n                    ']
[2025-03-09T10:55:59.148+0000] {subprocess.py:86} INFO - Output:
[2025-03-09T10:56:00.512+0000] {subprocess.py:93} INFO - 2025-03-09 10:56:00,510 : INFO : Reading data from CSV file customer_data.csv
[2025-03-09T10:56:00.649+0000] {subprocess.py:93} INFO - 2025-03-09 10:56:00,649 : INFO : Data from CSV customer_data.csv ingested successfully!
[2025-03-09T10:56:00.650+0000] {subprocess.py:93} INFO - 2025-03-09 10:56:00,649 : INFO : Connecting to Database
[2025-03-09T10:56:00.722+0000] {subprocess.py:93} INFO - 2025-03-09 10:56:00,721 : INFO : Connecting to Database Successfull
[2025-03-09T10:56:00.722+0000] {subprocess.py:93} INFO - 2025-03-09 10:56:00,722 : INFO : Reading data from database.
[2025-03-09T10:56:01.429+0000] {subprocess.py:93} INFO - /opt/***/executables/data_ingestion.py:50: UserWarning: pandas only supports SQLAlchemy connectable (engine/connection) or database string URI or sqlite3 DBAPI2 connection. Other DBAPI2 objects are not tested. Please consider using SQLAlchemy.
[2025-03-09T10:56:01.430+0000] {subprocess.py:93} INFO -   data = pd.read_sql(query, connection)
[2025-03-09T10:56:01.430+0000] {subprocess.py:93} INFO - 2025-03-09 10:56:01,428 : INFO : Data from Database ingested successfully!
[2025-03-09T10:56:01.865+0000] {subprocess.py:93} INFO - On branch main
[2025-03-09T10:56:01.866+0000] {subprocess.py:93} INFO - Your branch is up to date with 'origin/main'.
[2025-03-09T10:56:01.866+0000] {subprocess.py:93} INFO - 
[2025-03-09T10:56:01.867+0000] {subprocess.py:93} INFO - Changes to be committed:
[2025-03-09T10:56:01.867+0000] {subprocess.py:93} INFO -   (use "git restore --staged <file>..." to unstage)
[2025-03-09T10:56:01.867+0000] {subprocess.py:93} INFO - 	new file:   logs/dag_id=customer_churn_ml_pipeline/run_id=manual__2025-03-09T10:53:53.441035+00:00/task_id=pull_latest_codes/attempt=1.log
[2025-03-09T10:56:01.868+0000] {subprocess.py:93} INFO - 	modified:   logs/dag_id=customer_churn_ml_pipeline/run_id=scheduled__2025-03-03T08:00:00+00:00/task_id=model_training_task/attempt=1.log
[2025-03-09T10:56:01.868+0000] {subprocess.py:93} INFO - 	new file:   logs/dag_id=customer_churn_ml_pipeline/run_id=scheduled__2025-03-08T08:00:00+00:00/task_id=data_ingestion_task/attempt=1.log
[2025-03-09T10:56:01.868+0000] {subprocess.py:93} INFO - 	new file:   logs/dag_id=customer_churn_ml_pipeline/run_id=scheduled__2025-03-08T08:00:00+00:00/task_id=pull_latest_codes/attempt=1.log
[2025-03-09T10:56:01.868+0000] {subprocess.py:93} INFO - 	modified:   logs/dag_processor_manager/dag_processor_manager.log
[2025-03-09T10:56:01.869+0000] {subprocess.py:93} INFO - 	modified:   logs/data_ingestion.log
[2025-03-09T10:56:01.869+0000] {subprocess.py:93} INFO - 	modified:   logs/scheduler/2025-03-04/customer_churn.py.log
[2025-03-09T10:56:01.869+0000] {subprocess.py:93} INFO - 	new file:   logs/scheduler/2025-03-09/customer_churn.py.log
[2025-03-09T10:56:01.869+0000] {subprocess.py:93} INFO - 	modified:   logs/scheduler/latest
[2025-03-09T10:56:01.870+0000] {subprocess.py:93} INFO - 
[2025-03-09T10:56:01.870+0000] {subprocess.py:93} INFO - Untracked files:
[2025-03-09T10:56:01.870+0000] {subprocess.py:93} INFO -   (use "git add <file>..." to include in what will be committed)
[2025-03-09T10:56:01.870+0000] {subprocess.py:93} INFO - 	customer_churn_stats/feature_repo/data/online_store.db
[2025-03-09T10:56:01.871+0000] {subprocess.py:93} INFO - 	customer_churn_stats/feature_repo/data/registry.db
[2025-03-09T10:56:01.871+0000] {subprocess.py:93} INFO - 	models/
[2025-03-09T10:56:01.872+0000] {subprocess.py:93} INFO - 	online.db
[2025-03-09T10:56:01.872+0000] {subprocess.py:93} INFO - 
[2025-03-09T10:56:02.021+0000] {subprocess.py:93} INFO - [main 6daa416] Updated data ingestion
[2025-03-09T10:56:02.022+0000] {subprocess.py:93} INFO -  9 files changed, 8754 insertions(+), 1 deletion(-)
[2025-03-09T10:56:02.022+0000] {subprocess.py:93} INFO -  create mode 100644 logs/dag_id=customer_churn_ml_pipeline/run_id=manual__2025-03-09T10:53:53.441035+00:00/task_id=pull_latest_codes/attempt=1.log
[2025-03-09T10:56:02.022+0000] {subprocess.py:93} INFO -  create mode 100644 logs/dag_id=customer_churn_ml_pipeline/run_id=scheduled__2025-03-08T08:00:00+00:00/task_id=data_ingestion_task/attempt=1.log
[2025-03-09T10:56:02.023+0000] {subprocess.py:93} INFO -  create mode 100644 logs/dag_id=customer_churn_ml_pipeline/run_id=scheduled__2025-03-08T08:00:00+00:00/task_id=pull_latest_codes/attempt=1.log
[2025-03-09T10:56:02.023+0000] {subprocess.py:93} INFO -  create mode 100644 logs/scheduler/2025-03-09/customer_churn.py.log
[2025-03-09T10:56:04.142+0000] {subprocess.py:93} INFO - To https://github.com/anniemathew-trial/customer_churn_pipeline.git
[2025-03-09T10:56:04.142+0000] {subprocess.py:93} INFO -    b0f4be8..6daa416  main -> main
[2025-03-09T10:56:04.148+0000] {subprocess.py:97} INFO - Command exited with return code 0
[2025-03-09T10:56:04.183+0000] {taskinstance.py:1400} INFO - Marking task as SUCCESS. dag_id=customer_churn_ml_pipeline, task_id=data_ingestion_task, execution_date=20250308T080000, start_date=20250309T105558, end_date=20250309T105604
[2025-03-09T10:56:04.223+0000] {local_task_job_runner.py:228} INFO - Task exited with return code 0
[2025-03-09T10:56:04.253+0000] {taskinstance.py:2778} INFO - 1 downstream tasks scheduled from follow-on schedule check
