[2025-03-02T08:01:05.415+0000] {taskinstance.py:1159} INFO - Dependencies all met for dep_context=non-requeueable deps ti=<TaskInstance: customer_churn_ml_pipeline.model_training_task manual__2025-03-02T08:01:01.558629+00:00 [queued]>
[2025-03-02T08:01:05.527+0000] {taskinstance.py:1159} INFO - Dependencies all met for dep_context=requeueable deps ti=<TaskInstance: customer_churn_ml_pipeline.model_training_task manual__2025-03-02T08:01:01.558629+00:00 [queued]>
[2025-03-02T08:01:05.543+0000] {taskinstance.py:1361} INFO - Starting attempt 1 of 1
[2025-03-02T08:01:05.716+0000] {taskinstance.py:1382} INFO - Executing <Task(BashOperator): model_training_task> on 2025-03-02 08:01:01.558629+00:00
[2025-03-02T08:01:05.728+0000] {standard_task_runner.py:57} INFO - Started process 7977 to run task
[2025-03-02T08:01:05.785+0000] {standard_task_runner.py:84} INFO - Running: ['***', 'tasks', 'run', 'customer_churn_ml_pipeline', 'model_training_task', 'manual__2025-03-02T08:01:01.558629+00:00', '--job-id', '306', '--raw', '--subdir', 'DAGS_FOLDER/customer_churn.py', '--cfg-path', '/tmp/tmpr5wvt_fs']
[2025-03-02T08:01:05.815+0000] {standard_task_runner.py:85} INFO - Job 306: Subtask model_training_task
[2025-03-02T08:01:05.965+0000] {logging_mixin.py:154} WARNING - /home/***/.local/lib/python3.8/site-packages/***/settings.py:195 DeprecationWarning: The sql_alchemy_conn option in [core] has been moved to the sql_alchemy_conn option in [database] - the old setting has been used, but please update your config.
[2025-03-02T08:01:06.491+0000] {task_command.py:416} INFO - Running <TaskInstance: customer_churn_ml_pipeline.model_training_task manual__2025-03-02T08:01:01.558629+00:00 [running]> on host 7e994a0ed489
[2025-03-02T08:01:07.859+0000] {taskinstance.py:1662} INFO - Exporting env vars: AIRFLOW_CTX_DAG_OWNER='***' AIRFLOW_CTX_DAG_ID='customer_churn_ml_pipeline' AIRFLOW_CTX_TASK_ID='model_training_task' AIRFLOW_CTX_EXECUTION_DATE='2025-03-02T08:01:01.558629+00:00' AIRFLOW_CTX_TRY_NUMBER='1' AIRFLOW_CTX_DAG_RUN_ID='manual__2025-03-02T08:01:01.558629+00:00'
[2025-03-02T08:01:07.862+0000] {subprocess.py:63} INFO - Tmp dir root location: /tmp
[2025-03-02T08:01:07.874+0000] {subprocess.py:75} INFO - Running command: ['/bin/bash', '-c', '\n\t    \t\tcd /opt/***\n       \t\t\t    python /opt/***/executables/model_training.py && \t      \t\t    git add logs &&\t      \t\t    git add mlruns &&                            git commit -m "Trained model version" -a && \\    \n\t\t\t    git push\n                        ']
[2025-03-02T08:01:08.046+0000] {subprocess.py:86} INFO - Output:
[2025-03-02T08:01:45.245+0000] {subprocess.py:93} INFO - /home/***/.local/lib/python3.8/site-packages/mlflow/gateway/config.py:64: PydanticDeprecatedSince20: Pydantic V1 style `@validator` validators are deprecated. You should migrate to Pydantic V2 style `@field_validator` validators, see the migration guide for more details. Deprecated in Pydantic V2.0 to be removed in V3.0. See Pydantic V2 Migration Guide at https://errors.pydantic.dev/2.4/migration/
[2025-03-02T08:01:45.246+0000] {subprocess.py:93} INFO -   @validator("togetherai_api_key", pre=True)
[2025-03-02T08:01:45.247+0000] {subprocess.py:93} INFO - /home/***/.local/lib/python3.8/site-packages/mlflow/gateway/config.py:372: PydanticDeprecatedSince20: Pydantic V1 style `@root_validator` validators are deprecated. You should migrate to Pydantic V2 style `@model_validator` validators, see the migration guide for more details. Deprecated in Pydantic V2.0 to be removed in V3.0. See Pydantic V2 Migration Guide at https://errors.pydantic.dev/2.4/migration/
[2025-03-02T08:01:45.248+0000] {subprocess.py:93} INFO -   @root_validator(skip_on_failure=True)
[2025-03-02T08:01:45.248+0000] {subprocess.py:93} INFO - /home/***/.local/lib/python3.8/site-packages/pydantic/_internal/_config.py:267: PydanticDeprecatedSince20: Support for class-based `config` is deprecated, use ConfigDict instead. Deprecated in Pydantic V2.0 to be removed in V3.0. See Pydantic V2 Migration Guide at https://errors.pydantic.dev/2.4/migration/
[2025-03-02T08:01:45.249+0000] {subprocess.py:93} INFO -   warnings.warn(DEPRECATION_MESSAGE, DeprecationWarning)
[2025-03-02T08:01:45.250+0000] {subprocess.py:93} INFO - 2025-03-02 08:01:45,245 : INFO : Starting model training
[2025-03-02T08:01:45.309+0000] {subprocess.py:93} INFO - 2025-03-02 08:01:45,308 : INFO : Registry cache expired, so refreshing
[2025-03-02T08:01:45.328+0000] {subprocess.py:93} INFO - 2025-03-02 08:01:45,324 : INFO : Getting data
[2025-03-02T08:01:45.328+0000] {subprocess.py:93} INFO - 2025-03-02 08:01:45,325 : INFO : Start and End Range: 1 to 1000
[2025-03-02T08:01:46.996+0000] {subprocess.py:93} INFO - 2025-03-02 08:01:46,995 : INFO : New Start and End Range: 1001 to 2000
[2025-03-02T08:01:46.998+0000] {subprocess.py:93} INFO - 2025-03-02 08:01:46,998 : INFO : Start and End Range: 1001 to 2000
[2025-03-02T08:01:47.987+0000] {subprocess.py:93} INFO - 2025-03-02 08:01:47,987 : INFO : New Start and End Range: 3001 to 4000
[2025-03-02T08:01:47.989+0000] {subprocess.py:93} INFO - 2025-03-02 08:01:47,989 : INFO : Start and End Range: 3001 to 4000
[2025-03-02T08:01:48.992+0000] {subprocess.py:93} INFO - 2025-03-02 08:01:48,991 : INFO : New Start and End Range: 7001 to 8000
[2025-03-02T08:01:48.994+0000] {subprocess.py:93} INFO - 2025-03-02 08:01:48,993 : INFO : Start and End Range: 7001 to 8000
[2025-03-02T08:01:49.865+0000] {subprocess.py:93} INFO - 2025-03-02 08:01:49,865 : INFO : New Start and End Range: 15001 to 16000
[2025-03-02T08:01:49.867+0000] {subprocess.py:93} INFO - 2025-03-02 08:01:49,867 : INFO : Start and End Range: 15001 to 16000
[2025-03-02T08:01:50.858+0000] {subprocess.py:93} INFO - 2025-03-02 08:01:50,857 : INFO : New Start and End Range: 31001 to 32000
[2025-03-02T08:01:50.859+0000] {subprocess.py:93} INFO - 2025-03-02 08:01:50,858 : INFO : Start and End Range: 31001 to 32000
[2025-03-02T08:01:51.510+0000] {subprocess.py:93} INFO - 2025-03-02 08:01:51,509 : INFO : New Start and End Range: 63001 to 64000
[2025-03-02T08:01:51.511+0000] {subprocess.py:93} INFO - 2025-03-02 08:01:51,511 : INFO : Start and End Range: 63001 to 64000
[2025-03-02T08:01:52.138+0000] {subprocess.py:93} INFO - 2025-03-02 08:01:52,137 : INFO : New Start and End Range: 127001 to 128000
[2025-03-02T08:01:52.140+0000] {subprocess.py:93} INFO - 2025-03-02 08:01:52,139 : INFO : Start and End Range: 127001 to 128000
[2025-03-02T08:01:52.960+0000] {subprocess.py:93} INFO - 2025-03-02 08:01:52,960 : INFO : New Start and End Range: 255001 to 256000
[2025-03-02T08:01:52.961+0000] {subprocess.py:93} INFO - 2025-03-02 08:01:52,960 : INFO : Start and End Range: 255001 to 256000
[2025-03-02T08:01:53.548+0000] {subprocess.py:93} INFO - 2025-03-02 08:01:53,547 : INFO : New Start and End Range: 511001 to 512000
[2025-03-02T08:01:53.548+0000] {subprocess.py:93} INFO - 2025-03-02 08:01:53,548 : INFO : Start and End Range: 511001 to 512000
[2025-03-02T08:01:53.863+0000] {subprocess.py:93} INFO - 2025-03-02 08:01:53,862 : INFO : Stoping at Start and End Range: 511001 to 512000
[2025-03-02T08:01:53.863+0000] {subprocess.py:93} INFO - 2025-03-02 08:01:53,863 : INFO : Created feature data
[2025-03-02T08:01:53.961+0000] {subprocess.py:93} INFO - 2025-03-02 08:01:53,872 : INFO :    Id  Gender_Male  CreditScoreTenureRatio  ...  HasCrCard  CreditScore  Exited
[2025-03-02T08:01:53.962+0000] {subprocess.py:93} INFO - 0   1          0.0                   310.0  ...          1          619       1
[2025-03-02T08:01:53.963+0000] {subprocess.py:93} INFO - 1   2          0.0                   608.0  ...          1          608       0
[2025-03-02T08:01:53.963+0000] {subprocess.py:93} INFO - 2   3          0.0                    63.0  ...          1          502       1
[2025-03-02T08:01:53.963+0000] {subprocess.py:93} INFO - 3   4          0.0                   699.0  ...          1          699       0
[2025-03-02T08:01:53.964+0000] {subprocess.py:93} INFO - 4   5          0.0                   425.0  ...          1          850       0
[2025-03-02T08:01:53.964+0000] {subprocess.py:93} INFO - 
[2025-03-02T08:01:53.965+0000] {subprocess.py:93} INFO - [5 rows x 17 columns]
[2025-03-02T08:01:53.965+0000] {subprocess.py:93} INFO - 2025-03-02 08:01:53,963 : INFO : received feature data
[2025-03-02T08:01:53.972+0000] {subprocess.py:93} INFO - 2025-03-02 08:01:53,972 : INFO : Models defined
[2025-03-02T08:01:53.972+0000] {subprocess.py:93} INFO - 2025-03-02 08:01:53,972 : INFO : Training model RandomForest
[2025-03-02T08:01:58.271+0000] {subprocess.py:93} INFO - 2025-03-02 08:01:58,271 : INFO : Predicting model RandomForest
[2025-03-02T08:01:58.374+0000] {subprocess.py:93} INFO - 2025-03-02 08:01:58,373 : INFO : Calculating accuracy RandomForest
[2025-03-02T08:02:12.298+0000] {subprocess.py:93} INFO - 2025/03/02 08:02:12 WARNING mlflow.models.model: Model logged without a signature and input example. Please set `input_example` parameter when logging the model to auto infer the model signature.
[2025-03-02T08:02:12.605+0000] {subprocess.py:93} INFO - 2025-03-02 08:02:12,605 : INFO : Logged model RandomForest
[2025-03-02T08:02:12.669+0000] {subprocess.py:93} INFO - 2025/03/02 08:02:12 INFO mlflow.tracking._tracking_service.client: 🏃 View run RandomForest at: http://localhost:5000/#/experiments/0/runs/982d2225d28f41a58e5a68394f5b3418.
[2025-03-02T08:02:12.669+0000] {subprocess.py:93} INFO - 2025/03/02 08:02:12 INFO mlflow.tracking._tracking_service.client: 🧪 View experiment at: http://localhost:5000/#/experiments/0.
[2025-03-02T08:02:12.685+0000] {subprocess.py:93} INFO - 2025-03-02 08:02:12,684 : INFO : Training model LogisticRegression
[2025-03-02T08:02:13.296+0000] {subprocess.py:93} INFO - /home/***/.local/lib/python3.8/site-packages/sklearn/linear_model/_logistic.py:460: ConvergenceWarning: lbfgs failed to converge (status=1):
[2025-03-02T08:02:13.297+0000] {subprocess.py:93} INFO - STOP: TOTAL NO. of ITERATIONS REACHED LIMIT.
[2025-03-02T08:02:13.297+0000] {subprocess.py:93} INFO - 
[2025-03-02T08:02:13.297+0000] {subprocess.py:93} INFO - Increase the number of iterations (max_iter) or scale the data as shown in:
[2025-03-02T08:02:13.298+0000] {subprocess.py:93} INFO -     https://scikit-learn.org/stable/modules/preprocessing.html
[2025-03-02T08:02:13.298+0000] {subprocess.py:93} INFO - Please also refer to the documentation for alternative solver options:
[2025-03-02T08:02:13.299+0000] {subprocess.py:93} INFO -     https://scikit-learn.org/stable/modules/linear_model.html#logistic-regression
[2025-03-02T08:02:13.299+0000] {subprocess.py:93} INFO -   n_iter_i = _check_optimize_result(
[2025-03-02T08:02:13.299+0000] {subprocess.py:93} INFO - 2025-03-02 08:02:13,295 : INFO : Predicting model LogisticRegression
[2025-03-02T08:02:13.332+0000] {subprocess.py:93} INFO - 2025-03-02 08:02:13,332 : INFO : Calculating accuracy LogisticRegression
[2025-03-02T08:02:22.081+0000] {subprocess.py:93} INFO - 2025/03/02 08:02:22 WARNING mlflow.models.model: Model logged without a signature and input example. Please set `input_example` parameter when logging the model to auto infer the model signature.
[2025-03-02T08:02:22.211+0000] {subprocess.py:93} INFO - 2025-03-02 08:02:22,210 : INFO : Logged model LogisticRegression
[2025-03-02T08:02:22.235+0000] {subprocess.py:93} INFO - 2025/03/02 08:02:22 INFO mlflow.tracking._tracking_service.client: 🏃 View run LogisticRegression at: http://localhost:5000/#/experiments/0/runs/ffc3393217e242d3a0b037e7b2df100b.
[2025-03-02T08:02:22.236+0000] {subprocess.py:93} INFO - 2025/03/02 08:02:22 INFO mlflow.tracking._tracking_service.client: 🧪 View experiment at: http://localhost:5000/#/experiments/0.
[2025-03-02T08:02:22.253+0000] {subprocess.py:93} INFO - 2025-03-02 08:02:22,252 : INFO : Training model SVM
[2025-03-02T08:02:33.405+0000] {subprocess.py:93} INFO - 2025-03-02 08:02:33,404 : INFO : Predicting model SVM
[2025-03-02T08:02:33.866+0000] {subprocess.py:93} INFO - 2025-03-02 08:02:33,865 : INFO : Calculating accuracy SVM
[2025-03-02T08:02:39.337+0000] {subprocess.py:93} INFO - /home/***/.local/lib/python3.8/site-packages/sklearn/metrics/_classification.py:1471: UndefinedMetricWarning: Precision is ill-defined and being set to 0.0 due to no predicted samples. Use `zero_division` parameter to control this behavior.
[2025-03-02T08:02:39.338+0000] {subprocess.py:93} INFO -   _warn_prf(average, modifier, msg_start, len(result))
[2025-03-02T08:02:39.338+0000] {subprocess.py:93} INFO - 2025/03/02 08:02:39 WARNING mlflow.models.model: Model logged without a signature and input example. Please set `input_example` parameter when logging the model to auto infer the model signature.
[2025-03-02T08:02:39.432+0000] {subprocess.py:93} INFO - 2025-03-02 08:02:39,432 : INFO : Logged model SVM
[2025-03-02T08:02:39.446+0000] {subprocess.py:93} INFO - 2025/03/02 08:02:39 INFO mlflow.tracking._tracking_service.client: 🏃 View run SVM at: http://localhost:5000/#/experiments/0/runs/99d7a480377c4d37acb5615b9f481ec9.
[2025-03-02T08:02:39.447+0000] {subprocess.py:93} INFO - 2025/03/02 08:02:39 INFO mlflow.tracking._tracking_service.client: 🧪 View experiment at: http://localhost:5000/#/experiments/0.
[2025-03-02T08:02:39.456+0000] {subprocess.py:93} INFO - 2025-03-02 08:02:39,455 : INFO : Starting best model registration
[2025-03-02T08:02:39.456+0000] {subprocess.py:93} INFO - 2025-03-02 08:02:39,456 : INFO : Finding Best model
[2025-03-02T08:02:39.572+0000] {subprocess.py:93} INFO - 2025-03-02 08:02:39,571 : INFO : Selected best model : run_id                                            30a1116e1c3f468db3d1a757ec74b4c5
[2025-03-02T08:02:39.572+0000] {subprocess.py:93} INFO - experiment_id                                                                    0
[2025-03-02T08:02:39.572+0000] {subprocess.py:93} INFO - status                                                                    FINISHED
[2025-03-02T08:02:39.573+0000] {subprocess.py:93} INFO - artifact_uri                     mlflow-artifacts:/0/30a1116e1c3f468db3d1a757ec...
[2025-03-02T08:02:39.573+0000] {subprocess.py:93} INFO - start_time                                        2025-03-02 07:54:10.649000+00:00
[2025-03-02T08:02:39.573+0000] {subprocess.py:93} INFO - end_time                                          2025-03-02 07:54:18.565000+00:00
[2025-03-02T08:02:39.573+0000] {subprocess.py:93} INFO - metrics.accuracy                                                          0.947749
[2025-03-02T08:02:39.573+0000] {subprocess.py:93} INFO - metrics.recall                                                            0.774929
[2025-03-02T08:02:39.574+0000] {subprocess.py:93} INFO - metrics.f1_score                                                          0.852665
[2025-03-02T08:02:39.574+0000] {subprocess.py:93} INFO - metrics.precision                                                         0.947735
[2025-03-02T08:02:39.574+0000] {subprocess.py:93} INFO - params.model_type                                                     RandomForest
[2025-03-02T08:02:39.574+0000] {subprocess.py:93} INFO - tags.mlflow.source.name                 /opt/***/executables/model_training.py
[2025-03-02T08:02:39.574+0000] {subprocess.py:93} INFO - tags.mlflow.source.git.commit             270c05278af3e38b6ddcaa5daf34ed7ef881fcdb
[2025-03-02T08:02:39.575+0000] {subprocess.py:93} INFO - tags.mlflow.runName                                                   RandomForest
[2025-03-02T08:02:39.575+0000] {subprocess.py:93} INFO - tags.mlflow.user                                                           ***
[2025-03-02T08:02:39.575+0000] {subprocess.py:93} INFO - tags.mlflow.source.type                                                      LOCAL
[2025-03-02T08:02:39.575+0000] {subprocess.py:93} INFO - tags.mlflow.log-model.history    [{"run_id": "30a1116e1c3f468db3d1a757ec74b4c5"...
[2025-03-02T08:02:39.575+0000] {subprocess.py:93} INFO - Name: 11, dtype: object
[2025-03-02T08:02:39.576+0000] {subprocess.py:93} INFO - 2025-03-02 08:02:39,572 : INFO : Registering best model runs:/30a1116e1c3f468db3d1a757ec74b4c5/RandomForest_model
[2025-03-02T08:02:39.691+0000] {subprocess.py:93} INFO - Registered model 'Best_ML_Model' already exists. Creating a new version of this model...
[2025-03-02T08:02:39.692+0000] {subprocess.py:93} INFO - 2025/03/02 08:02:39 INFO mlflow.store.model_registry.abstract_store: Waiting up to 300 seconds for model version to finish creation. Model name: Best_ML_Model, version 5
[2025-03-02T08:02:39.692+0000] {subprocess.py:93} INFO - Created version '5' of model 'Best_ML_Model'.
[2025-03-02T08:02:39.692+0000] {subprocess.py:93} INFO - 2025-03-02 08:02:39,691 : INFO : Completed model training & registration !!
