[2025-03-02T06:14:39.528+0000] {taskinstance.py:1159} INFO - Dependencies all met for dep_context=non-requeueable deps ti=<TaskInstance: customer_churn_ml_pipeline.data_ingestion_task manual__2025-03-02T06:14:32.945096+00:00 [queued]>
[2025-03-02T06:14:39.546+0000] {taskinstance.py:1159} INFO - Dependencies all met for dep_context=requeueable deps ti=<TaskInstance: customer_churn_ml_pipeline.data_ingestion_task manual__2025-03-02T06:14:32.945096+00:00 [queued]>
[2025-03-02T06:14:39.546+0000] {taskinstance.py:1361} INFO - Starting attempt 1 of 1
[2025-03-02T06:14:39.572+0000] {taskinstance.py:1382} INFO - Executing <Task(BashOperator): data_ingestion_task> on 2025-03-02 06:14:32.945096+00:00
[2025-03-02T06:14:39.578+0000] {standard_task_runner.py:57} INFO - Started process 2970 to run task
[2025-03-02T06:14:39.583+0000] {standard_task_runner.py:84} INFO - Running: ['***', 'tasks', 'run', 'customer_churn_ml_pipeline', 'data_ingestion_task', 'manual__2025-03-02T06:14:32.945096+00:00', '--job-id', '227', '--raw', '--subdir', 'DAGS_FOLDER/customer_churn.py', '--cfg-path', '/tmp/tmpj0u1ll6w']
[2025-03-02T06:14:39.596+0000] {standard_task_runner.py:85} INFO - Job 227: Subtask data_ingestion_task
[2025-03-02T06:14:39.654+0000] {logging_mixin.py:154} WARNING - /home/***/.local/lib/python3.8/site-packages/***/settings.py:195 DeprecationWarning: The sql_alchemy_conn option in [core] has been moved to the sql_alchemy_conn option in [database] - the old setting has been used, but please update your config.
[2025-03-02T06:14:39.742+0000] {task_command.py:416} INFO - Running <TaskInstance: customer_churn_ml_pipeline.data_ingestion_task manual__2025-03-02T06:14:32.945096+00:00 [running]> on host 7e994a0ed489
[2025-03-02T06:14:39.956+0000] {taskinstance.py:1662} INFO - Exporting env vars: AIRFLOW_CTX_DAG_OWNER='***' AIRFLOW_CTX_DAG_ID='customer_churn_ml_pipeline' AIRFLOW_CTX_TASK_ID='data_ingestion_task' AIRFLOW_CTX_EXECUTION_DATE='2025-03-02T06:14:32.945096+00:00' AIRFLOW_CTX_TRY_NUMBER='1' AIRFLOW_CTX_DAG_RUN_ID='manual__2025-03-02T06:14:32.945096+00:00'
[2025-03-02T06:14:39.958+0000] {subprocess.py:63} INFO - Tmp dir root location: /tmp
[2025-03-02T06:14:39.960+0000] {subprocess.py:75} INFO - Running command: ['/bin/bash', '-c', 'python /opt/***/executables/data_ingestion.py && \t\t\tNOW=$(date \'+%d-%m-%Y\') &&\t\t\tcd /opt/*** && \t\t\tgit add logs &&                        git commit -m "Updated data ingestion" -a &&                         git push\n                    ']
[2025-03-02T06:14:39.978+0000] {subprocess.py:86} INFO - Output:
[2025-03-02T06:14:41.357+0000] {subprocess.py:93} INFO - Traceback (most recent call last):
[2025-03-02T06:14:41.358+0000] {subprocess.py:93} INFO -   File "/opt/***/executables/data_ingestion.py", line 8, in <module>
[2025-03-02T06:14:41.358+0000] {subprocess.py:93} INFO -     settings = json.load(file)
[2025-03-02T06:14:41.358+0000] {subprocess.py:93} INFO - NameError: name 'json' is not defined
[2025-03-02T06:14:41.435+0000] {subprocess.py:97} INFO - Command exited with return code 1
[2025-03-02T06:14:41.455+0000] {taskinstance.py:1937} ERROR - Task failed with exception
Traceback (most recent call last):
  File "/home/airflow/.local/lib/python3.8/site-packages/airflow/operators/bash.py", line 210, in execute
    raise AirflowException(
airflow.exceptions.AirflowException: Bash command failed. The command returned a non-zero exit code 1.
[2025-03-02T06:14:41.460+0000] {taskinstance.py:1400} INFO - Marking task as FAILED. dag_id=customer_churn_ml_pipeline, task_id=data_ingestion_task, execution_date=20250302T061432, start_date=20250302T061439, end_date=20250302T061441
[2025-03-02T06:14:41.488+0000] {standard_task_runner.py:104} ERROR - Failed to execute job 227 for task data_ingestion_task (Bash command failed. The command returned a non-zero exit code 1.; 2970)
[2025-03-02T06:14:41.522+0000] {local_task_job_runner.py:228} INFO - Task exited with return code 1
[2025-03-02T06:14:41.582+0000] {taskinstance.py:2778} INFO - 0 downstream tasks scheduled from follow-on schedule check
