[2025-03-02T09:06:03.326+0000] {taskinstance.py:1159} INFO - Dependencies all met for dep_context=non-requeueable deps ti=<TaskInstance: customer_churn_ml_pipeline.data_preparation_task manual__2025-03-02T09:05:27.413872+00:00 [queued]>
[2025-03-02T09:06:03.338+0000] {taskinstance.py:1159} INFO - Dependencies all met for dep_context=requeueable deps ti=<TaskInstance: customer_churn_ml_pipeline.data_preparation_task manual__2025-03-02T09:05:27.413872+00:00 [queued]>
[2025-03-02T09:06:03.339+0000] {taskinstance.py:1361} INFO - Starting attempt 1 of 1
[2025-03-02T09:06:03.358+0000] {taskinstance.py:1382} INFO - Executing <Task(BashOperator): data_preparation_task> on 2025-03-02 09:05:27.413872+00:00
[2025-03-02T09:06:03.363+0000] {standard_task_runner.py:57} INFO - Started process 5432 to run task
[2025-03-02T09:06:03.367+0000] {standard_task_runner.py:84} INFO - Running: ['***', 'tasks', 'run', 'customer_churn_ml_pipeline', 'data_preparation_task', 'manual__2025-03-02T09:05:27.413872+00:00', '--job-id', '52', '--raw', '--subdir', 'DAGS_FOLDER/customer_churn.py', '--cfg-path', '/tmp/tmp056dsi9g']
[2025-03-02T09:06:03.370+0000] {standard_task_runner.py:85} INFO - Job 52: Subtask data_preparation_task
[2025-03-02T09:06:03.396+0000] {logging_mixin.py:154} WARNING - /home/***/.local/lib/python3.8/site-packages/***/settings.py:195 DeprecationWarning: The sql_alchemy_conn option in [core] has been moved to the sql_alchemy_conn option in [database] - the old setting has been used, but please update your config.
[2025-03-02T09:06:03.456+0000] {task_command.py:416} INFO - Running <TaskInstance: customer_churn_ml_pipeline.data_preparation_task manual__2025-03-02T09:05:27.413872+00:00 [running]> on host 9113a5746a05
[2025-03-02T09:06:03.625+0000] {taskinstance.py:1662} INFO - Exporting env vars: AIRFLOW_CTX_DAG_OWNER='***' AIRFLOW_CTX_DAG_ID='customer_churn_ml_pipeline' AIRFLOW_CTX_TASK_ID='data_preparation_task' AIRFLOW_CTX_EXECUTION_DATE='2025-03-02T09:05:27.413872+00:00' AIRFLOW_CTX_TRY_NUMBER='1' AIRFLOW_CTX_DAG_RUN_ID='manual__2025-03-02T09:05:27.413872+00:00'
[2025-03-02T09:06:03.626+0000] {subprocess.py:63} INFO - Tmp dir root location: /tmp
[2025-03-02T09:06:03.627+0000] {subprocess.py:75} INFO - Running command: ['/bin/bash', '-c', '\n\t\t\tcd /opt/*** &&\t\t\tpython /opt/***/executables/data_preparation.py &&                         dvc add /opt/***/data/cleaned &&                         git add /opt/***/data/cleaned.dvc && \t\t\tgit add logs &&\\   \n\t\t\tgit add visualization &&                        git commit -m "Updated cleaned data version" -a &&                         dvc push && git push\n                    ']
[2025-03-02T09:06:03.635+0000] {subprocess.py:86} INFO - Output:
[2025-03-02T09:06:03.744+0000] {subprocess.py:93} INFO - Traceback (most recent call last):
[2025-03-02T09:06:03.744+0000] {subprocess.py:93} INFO -   File "/opt/***/executables/data_preparation.py", line 1, in <module>
[2025-03-02T09:06:03.745+0000] {subprocess.py:93} INFO -     from sklearn.preprocessing import StandardScaler
[2025-03-02T09:06:03.745+0000] {subprocess.py:93} INFO - ModuleNotFoundError: No module named 'sklearn'
[2025-03-02T09:06:03.763+0000] {subprocess.py:93} INFO - On branch main
[2025-03-02T09:06:03.764+0000] {subprocess.py:93} INFO - Your branch is up to date with 'origin/main'.
[2025-03-02T09:06:03.764+0000] {subprocess.py:93} INFO - 
[2025-03-02T09:06:03.764+0000] {subprocess.py:93} INFO - Untracked files:
[2025-03-02T09:06:03.764+0000] {subprocess.py:93} INFO -   (use "git add <file>..." to include in what will be committed)
[2025-03-02T09:06:03.764+0000] {subprocess.py:93} INFO - 	logs/dag_id=customer_churn_ml_pipeline/run_id=manual__2025-03-02T09:05:27.413872+00:00/task_id=data_preparation_task/
[2025-03-02T09:06:03.764+0000] {subprocess.py:93} INFO - 	logs/dag_id=customer_churn_ml_pipeline/run_id=manual__2025-03-02T09:05:27.413872+00:00/task_id=data_validation_task/
[2025-03-02T09:06:03.764+0000] {subprocess.py:93} INFO - 	logs/dag_id=customer_churn_ml_pipeline/run_id=manual__2025-03-02T09:05:27.413872+00:00/task_id=raw_data_storage_task/
[2025-03-02T09:06:03.765+0000] {subprocess.py:93} INFO - 
[2025-03-02T09:06:03.765+0000] {subprocess.py:93} INFO - nothing added to commit but untracked files present (use "git add" to track)
[2025-03-02T09:06:03.765+0000] {subprocess.py:97} INFO - Command exited with return code 1
[2025-03-02T09:06:03.780+0000] {taskinstance.py:1937} ERROR - Task failed with exception
Traceback (most recent call last):
  File "/home/airflow/.local/lib/python3.8/site-packages/airflow/operators/bash.py", line 210, in execute
    raise AirflowException(
airflow.exceptions.AirflowException: Bash command failed. The command returned a non-zero exit code 1.
[2025-03-02T09:06:03.784+0000] {taskinstance.py:1400} INFO - Marking task as FAILED. dag_id=customer_churn_ml_pipeline, task_id=data_preparation_task, execution_date=20250302T090527, start_date=20250302T090603, end_date=20250302T090603
[2025-03-02T09:06:03.797+0000] {standard_task_runner.py:104} ERROR - Failed to execute job 52 for task data_preparation_task (Bash command failed. The command returned a non-zero exit code 1.; 5432)
[2025-03-02T09:06:03.821+0000] {local_task_job_runner.py:228} INFO - Task exited with return code 1
[2025-03-02T09:06:03.874+0000] {taskinstance.py:2778} INFO - 0 downstream tasks scheduled from follow-on schedule check
