[2025-03-02T08:55:58.544+0000] {taskinstance.py:1159} INFO - Dependencies all met for dep_context=non-requeueable deps ti=<TaskInstance: customer_churn_ml_pipeline.data_preparation_task manual__2025-03-02T08:55:31.990156+00:00 [queued]>
[2025-03-02T08:55:58.557+0000] {taskinstance.py:1159} INFO - Dependencies all met for dep_context=requeueable deps ti=<TaskInstance: customer_churn_ml_pipeline.data_preparation_task manual__2025-03-02T08:55:31.990156+00:00 [queued]>
[2025-03-02T08:55:58.557+0000] {taskinstance.py:1361} INFO - Starting attempt 1 of 1
[2025-03-02T08:55:58.577+0000] {taskinstance.py:1382} INFO - Executing <Task(BashOperator): data_preparation_task> on 2025-03-02 08:55:31.990156+00:00
[2025-03-02T08:55:58.582+0000] {standard_task_runner.py:57} INFO - Started process 4979 to run task
[2025-03-02T08:55:58.585+0000] {standard_task_runner.py:84} INFO - Running: ['***', 'tasks', 'run', 'customer_churn_ml_pipeline', 'data_preparation_task', 'manual__2025-03-02T08:55:31.990156+00:00', '--job-id', '43', '--raw', '--subdir', 'DAGS_FOLDER/customer_churn.py', '--cfg-path', '/tmp/tmpvmwfdvfl']
[2025-03-02T08:55:58.588+0000] {standard_task_runner.py:85} INFO - Job 43: Subtask data_preparation_task
[2025-03-02T08:55:58.613+0000] {logging_mixin.py:154} WARNING - /home/***/.local/lib/python3.8/site-packages/***/settings.py:195 DeprecationWarning: The sql_alchemy_conn option in [core] has been moved to the sql_alchemy_conn option in [database] - the old setting has been used, but please update your config.
[2025-03-02T08:55:58.670+0000] {task_command.py:416} INFO - Running <TaskInstance: customer_churn_ml_pipeline.data_preparation_task manual__2025-03-02T08:55:31.990156+00:00 [running]> on host 9113a5746a05
[2025-03-02T08:55:58.800+0000] {taskinstance.py:1662} INFO - Exporting env vars: AIRFLOW_CTX_DAG_OWNER='***' AIRFLOW_CTX_DAG_ID='customer_churn_ml_pipeline' AIRFLOW_CTX_TASK_ID='data_preparation_task' AIRFLOW_CTX_EXECUTION_DATE='2025-03-02T08:55:31.990156+00:00' AIRFLOW_CTX_TRY_NUMBER='1' AIRFLOW_CTX_DAG_RUN_ID='manual__2025-03-02T08:55:31.990156+00:00'
[2025-03-02T08:55:58.801+0000] {subprocess.py:63} INFO - Tmp dir root location: /tmp
[2025-03-02T08:55:58.802+0000] {subprocess.py:75} INFO - Running command: ['/bin/bash', '-c', '\n\t\t\tcd /opt/*** &&\t\t\tpython /opt/***/executables/data_preparation.py &&                         dvc add /opt/***/data/cleaned &&                         git add /opt/***/data/cleaned.dvc && \t\t\tgit add logs &&\\   \n\t\t\tgit add visualization &&                        git commit -m "Updated cleaned data version" -a &&                         dvc push && git push\n                    ']
[2025-03-02T08:55:58.812+0000] {subprocess.py:86} INFO - Output:
[2025-03-02T08:55:59.083+0000] {subprocess.py:93} INFO - Traceback (most recent call last):
[2025-03-02T08:55:59.084+0000] {subprocess.py:93} INFO -   File "/opt/***/executables/data_preparation.py", line 1, in <module>
[2025-03-02T08:55:59.085+0000] {subprocess.py:93} INFO -     from sklearn.preprocessing import StandardScaler
[2025-03-02T08:55:59.085+0000] {subprocess.py:93} INFO - ModuleNotFoundError: No module named 'sklearn'
[2025-03-02T08:55:59.151+0000] {subprocess.py:93} INFO - On branch main
[2025-03-02T08:55:59.152+0000] {subprocess.py:93} INFO - Your branch is up to date with 'origin/main'.
[2025-03-02T08:55:59.152+0000] {subprocess.py:93} INFO - 
[2025-03-02T08:55:59.153+0000] {subprocess.py:93} INFO - Untracked files:
[2025-03-02T08:55:59.153+0000] {subprocess.py:93} INFO -   (use "git add <file>..." to include in what will be committed)
[2025-03-02T08:55:59.153+0000] {subprocess.py:93} INFO - 	data/raw/
[2025-03-02T08:55:59.154+0000] {subprocess.py:93} INFO - 	logs/dag_id=customer_churn_ml_pipeline/run_id=manual__2025-03-02T08:55:31.990156+00:00/task_id=data_preparation_task/
[2025-03-02T08:55:59.154+0000] {subprocess.py:93} INFO - 	logs/dag_id=customer_churn_ml_pipeline/run_id=manual__2025-03-02T08:55:31.990156+00:00/task_id=data_validation_task/
[2025-03-02T08:55:59.154+0000] {subprocess.py:93} INFO - 	logs/dag_id=customer_churn_ml_pipeline/run_id=manual__2025-03-02T08:55:31.990156+00:00/task_id=raw_data_storage_task/
[2025-03-02T08:55:59.155+0000] {subprocess.py:93} INFO - 	logs/raw_data_storage.log
[2025-03-02T08:55:59.155+0000] {subprocess.py:93} INFO - 
[2025-03-02T08:55:59.155+0000] {subprocess.py:93} INFO - nothing added to commit but untracked files present (use "git add" to track)
[2025-03-02T08:55:59.156+0000] {subprocess.py:97} INFO - Command exited with return code 1
[2025-03-02T08:55:59.194+0000] {taskinstance.py:1937} ERROR - Task failed with exception
Traceback (most recent call last):
  File "/home/airflow/.local/lib/python3.8/site-packages/airflow/operators/bash.py", line 210, in execute
    raise AirflowException(
airflow.exceptions.AirflowException: Bash command failed. The command returned a non-zero exit code 1.
[2025-03-02T08:55:59.203+0000] {taskinstance.py:1400} INFO - Marking task as FAILED. dag_id=customer_churn_ml_pipeline, task_id=data_preparation_task, execution_date=20250302T085531, start_date=20250302T085558, end_date=20250302T085559
[2025-03-02T08:55:59.244+0000] {standard_task_runner.py:104} ERROR - Failed to execute job 43 for task data_preparation_task (Bash command failed. The command returned a non-zero exit code 1.; 4979)
[2025-03-02T08:55:59.281+0000] {local_task_job_runner.py:228} INFO - Task exited with return code 1
[2025-03-02T08:55:59.341+0000] {taskinstance.py:2778} INFO - 0 downstream tasks scheduled from follow-on schedule check
