[2025-03-01T17:05:48.871+0000] {taskinstance.py:1159} INFO - Dependencies all met for dep_context=non-requeueable deps ti=<TaskInstance: customer_churn_ml_pipeline.data_preparation_task manual__2025-03-01T17:05:10.374103+00:00 [queued]>
[2025-03-01T17:05:48.883+0000] {taskinstance.py:1159} INFO - Dependencies all met for dep_context=requeueable deps ti=<TaskInstance: customer_churn_ml_pipeline.data_preparation_task manual__2025-03-01T17:05:10.374103+00:00 [queued]>
[2025-03-01T17:05:48.883+0000] {taskinstance.py:1361} INFO - Starting attempt 1 of 1
[2025-03-01T17:05:48.901+0000] {taskinstance.py:1382} INFO - Executing <Task(BashOperator): data_preparation_task> on 2025-03-01 17:05:10.374103+00:00
[2025-03-01T17:05:48.907+0000] {standard_task_runner.py:57} INFO - Started process 18651 to run task
[2025-03-01T17:05:48.911+0000] {standard_task_runner.py:84} INFO - Running: ['***', 'tasks', 'run', 'customer_churn_ml_pipeline', 'data_preparation_task', 'manual__2025-03-01T17:05:10.374103+00:00', '--job-id', '195', '--raw', '--subdir', 'DAGS_FOLDER/customer_churn.py', '--cfg-path', '/tmp/tmp97uiemiw']
[2025-03-01T17:05:48.914+0000] {standard_task_runner.py:85} INFO - Job 195: Subtask data_preparation_task
[2025-03-01T17:05:48.937+0000] {logging_mixin.py:154} WARNING - /home/***/.local/lib/python3.8/site-packages/***/settings.py:195 DeprecationWarning: The sql_alchemy_conn option in [core] has been moved to the sql_alchemy_conn option in [database] - the old setting has been used, but please update your config.
[2025-03-01T17:05:48.999+0000] {task_command.py:416} INFO - Running <TaskInstance: customer_churn_ml_pipeline.data_preparation_task manual__2025-03-01T17:05:10.374103+00:00 [running]> on host 7e994a0ed489
[2025-03-01T17:05:49.139+0000] {taskinstance.py:1662} INFO - Exporting env vars: AIRFLOW_CTX_DAG_OWNER='***' AIRFLOW_CTX_DAG_ID='customer_churn_ml_pipeline' AIRFLOW_CTX_TASK_ID='data_preparation_task' AIRFLOW_CTX_EXECUTION_DATE='2025-03-01T17:05:10.374103+00:00' AIRFLOW_CTX_TRY_NUMBER='1' AIRFLOW_CTX_DAG_RUN_ID='manual__2025-03-01T17:05:10.374103+00:00'
[2025-03-01T17:05:49.140+0000] {subprocess.py:63} INFO - Tmp dir root location: /tmp
[2025-03-01T17:05:49.141+0000] {subprocess.py:75} INFO - Running command: ['/bin/bash', '-c', '\n\t\t\tcd /opt/***\n\t\t\tpython /opt/***/executables/data_preparation.py &&                         dvc add /opt/***/data/cleaned &&                         git add /opt/***/data/cleaned.dvc && \t\t\tgit add logs &&\\   \n\t\t\tgit add visualization &&                        git commit -m "Updated cleaned data version" -a &&                         dvc push && git push\n                    ']
[2025-03-01T17:05:49.153+0000] {subprocess.py:86} INFO - Output:
[2025-03-01T17:05:51.940+0000] {subprocess.py:93} INFO - 2025-03-01 17:05:51,939 : INFO : Starting data preparation for csv.
[2025-03-01T17:05:51.958+0000] {subprocess.py:93} INFO - 2025-03-01 17:05:51,958 : INFO : Handling 'Tenure', 'Balance', 'EstimatedSalary' empty data
[2025-03-01T17:05:51.959+0000] {subprocess.py:93} INFO - 2025-03-01 17:05:51,958 : INFO : Handling 'Age' empty data
[2025-03-01T17:05:51.960+0000] {subprocess.py:93} INFO - 2025-03-01 17:05:51,959 : INFO : Droping 'Surname' as it may lead to profiling, 'RowNumber', 'CustomerId' as it is not required
[2025-03-01T17:05:51.961+0000] {subprocess.py:93} INFO - 2025-03-01 17:05:51,961 : INFO : Making 'Geography', 'Gender', 'HasCrCard', 'IsActiveMember' as categorical
[2025-03-01T17:05:51.968+0000] {subprocess.py:93} INFO - 2025-03-01 17:05:51,968 : INFO : Saving data to S3.
[2025-03-01T17:05:52.019+0000] {subprocess.py:93} INFO - 2025-03-01 17:05:52,018 : INFO : Saving report to S3.
[2025-03-01T17:05:52.019+0000] {subprocess.py:93} INFO - 2025-03-01 17:05:52,019 : INFO : Creating Pie chart
[2025-03-01T17:05:52.082+0000] {subprocess.py:93} INFO - 2025-03-01 17:05:52,081 : INFO : Generating histogram for column CreditScore.
[2025-03-01T17:05:52.260+0000] {subprocess.py:93} INFO - 2025-03-01 17:05:52,259 : INFO : Generating histogram for column Geography.
[2025-03-01T17:05:52.384+0000] {subprocess.py:93} INFO - 2025-03-01 17:05:52,384 : INFO : Generating histogram for column Gender.
[2025-03-01T17:05:52.534+0000] {subprocess.py:93} INFO - 2025-03-01 17:05:52,534 : INFO : Generating histogram for column Age.
[2025-03-01T17:05:52.727+0000] {subprocess.py:93} INFO - 2025-03-01 17:05:52,727 : INFO : Generating histogram for column Tenure.
[2025-03-01T17:05:52.882+0000] {subprocess.py:93} INFO - 2025-03-01 17:05:52,882 : INFO : Generating histogram for column Balance.
[2025-03-01T17:05:53.101+0000] {subprocess.py:93} INFO - 2025-03-01 17:05:53,100 : INFO : Generating histogram for column NumOfProducts.
[2025-03-01T17:05:53.280+0000] {subprocess.py:93} INFO - 2025-03-01 17:05:53,280 : INFO : Generating histogram for column HasCrCard.
[2025-03-01T17:05:53.481+0000] {subprocess.py:93} INFO - 2025-03-01 17:05:53,480 : INFO : Generating histogram for column IsActiveMember.
[2025-03-01T17:05:53.669+0000] {subprocess.py:93} INFO - 2025-03-01 17:05:53,669 : INFO : Generating histogram for column EstimatedSalary.
[2025-03-01T17:05:53.867+0000] {subprocess.py:93} INFO - 2025-03-01 17:05:53,867 : INFO : Generating histogram for column Exited.
[2025-03-01T17:05:54.056+0000] {subprocess.py:93} INFO - 2025-03-01 17:05:54,056 : INFO : Generating histogram for relation of Exited with Categorical data.
[2025-03-01T17:05:54.459+0000] {subprocess.py:93} INFO - 2025-03-01 17:05:54,459 : INFO : Using categorical units to plot a list of strings that are all parsable as floats or dates. If these strings should be plotted as numbers, cast to the appropriate data type before plotting.
[2025-03-01T17:05:54.477+0000] {subprocess.py:93} INFO - 2025-03-01 17:05:54,477 : INFO : Using categorical units to plot a list of strings that are all parsable as floats or dates. If these strings should be plotted as numbers, cast to the appropriate data type before plotting.
[2025-03-01T17:05:54.542+0000] {subprocess.py:93} INFO - 2025-03-01 17:05:54,542 : INFO : Using categorical units to plot a list of strings that are all parsable as floats or dates. If these strings should be plotted as numbers, cast to the appropriate data type before plotting.
[2025-03-01T17:05:54.561+0000] {subprocess.py:93} INFO - 2025-03-01 17:05:54,561 : INFO : Using categorical units to plot a list of strings that are all parsable as floats or dates. If these strings should be plotted as numbers, cast to the appropriate data type before plotting.
[2025-03-01T17:05:54.609+0000] {subprocess.py:93} INFO - 2025-03-01 17:05:54,609 : INFO : Generating box plots for relation of Exited with non Categorical data.
[2025-03-01T17:05:54.768+0000] {subprocess.py:93} INFO - 2025-03-01 17:05:54,767 : INFO : Using categorical units to plot a list of strings that are all parsable as floats or dates. If these strings should be plotted as numbers, cast to the appropriate data type before plotting.
[2025-03-01T17:05:54.785+0000] {subprocess.py:93} INFO - 2025-03-01 17:05:54,784 : INFO : Using categorical units to plot a list of strings that are all parsable as floats or dates. If these strings should be plotted as numbers, cast to the appropriate data type before plotting.
[2025-03-01T17:05:54.877+0000] {subprocess.py:93} INFO - 2025-03-01 17:05:54,876 : INFO : Using categorical units to plot a list of strings that are all parsable as floats or dates. If these strings should be plotted as numbers, cast to the appropriate data type before plotting.
[2025-03-01T17:05:54.896+0000] {subprocess.py:93} INFO - 2025-03-01 17:05:54,895 : INFO : Using categorical units to plot a list of strings that are all parsable as floats or dates. If these strings should be plotted as numbers, cast to the appropriate data type before plotting.
[2025-03-01T17:05:54.980+0000] {subprocess.py:93} INFO - 2025-03-01 17:05:54,979 : INFO : Using categorical units to plot a list of strings that are all parsable as floats or dates. If these strings should be plotted as numbers, cast to the appropriate data type before plotting.
[2025-03-01T17:05:54.998+0000] {subprocess.py:93} INFO - 2025-03-01 17:05:54,998 : INFO : Using categorical units to plot a list of strings that are all parsable as floats or dates. If these strings should be plotted as numbers, cast to the appropriate data type before plotting.
[2025-03-01T17:05:55.076+0000] {subprocess.py:93} INFO - 2025-03-01 17:05:55,076 : INFO : Using categorical units to plot a list of strings that are all parsable as floats or dates. If these strings should be plotted as numbers, cast to the appropriate data type before plotting.
[2025-03-01T17:05:55.094+0000] {subprocess.py:93} INFO - 2025-03-01 17:05:55,094 : INFO : Using categorical units to plot a list of strings that are all parsable as floats or dates. If these strings should be plotted as numbers, cast to the appropriate data type before plotting.
[2025-03-01T17:05:55.175+0000] {subprocess.py:93} INFO - 2025-03-01 17:05:55,175 : INFO : Using categorical units to plot a list of strings that are all parsable as floats or dates. If these strings should be plotted as numbers, cast to the appropriate data type before plotting.
[2025-03-01T17:05:55.192+0000] {subprocess.py:93} INFO - 2025-03-01 17:05:55,192 : INFO : Using categorical units to plot a list of strings that are all parsable as floats or dates. If these strings should be plotted as numbers, cast to the appropriate data type before plotting.
[2025-03-01T17:05:55.270+0000] {subprocess.py:93} INFO - 2025-03-01 17:05:55,270 : INFO : Using categorical units to plot a list of strings that are all parsable as floats or dates. If these strings should be plotted as numbers, cast to the appropriate data type before plotting.
[2025-03-01T17:05:55.288+0000] {subprocess.py:93} INFO - 2025-03-01 17:05:55,287 : INFO : Using categorical units to plot a list of strings that are all parsable as floats or dates. If these strings should be plotted as numbers, cast to the appropriate data type before plotting.
[2025-03-01T17:05:55.744+0000] {subprocess.py:93} INFO - 2025-03-01 17:05:55,744 : INFO : Saved pdf in visualization/plots.pdf
[2025-03-01T17:05:58.547+0000] {subprocess.py:93} INFO - 
[2025-03-01T17:05:58.547+0000] {subprocess.py:93} INFO - To track the changes with git, run:
[2025-03-01T17:05:58.548+0000] {subprocess.py:93} INFO - 
[2025-03-01T17:05:58.548+0000] {subprocess.py:93} INFO - 	git add data/cleaned.dvc
[2025-03-01T17:05:58.548+0000] {subprocess.py:93} INFO - 
[2025-03-01T17:05:58.548+0000] {subprocess.py:93} INFO - To enable auto staging, run:
[2025-03-01T17:05:58.549+0000] {subprocess.py:93} INFO - 
[2025-03-01T17:05:58.549+0000] {subprocess.py:93} INFO - 	dvc config core.autostage true
[2025-03-01T17:05:58.960+0000] {subprocess.py:93} INFO - /bin/bash: line 3:  : command not found
[2025-03-01T17:05:59.055+0000] {subprocess.py:93} INFO - [main 1fc59f8] Updated cleaned data version
[2025-03-01T17:05:59.061+0000] {subprocess.py:93} INFO -  5 files changed, 116 insertions(+)
[2025-03-01T17:05:59.062+0000] {subprocess.py:93} INFO -  create mode 100644 logs/dag_id=customer_churn_ml_pipeline/run_id=manual__2025-03-01T17:05:10.374103+00:00/task_id=data_preparation_task/attempt=1.log
[2025-03-01T17:06:05.541+0000] {subprocess.py:93} INFO - Everything is up to date.
[2025-03-01T17:06:07.261+0000] {subprocess.py:93} INFO - To https://github.com/anniemathew-trial/customer_churn_pipeline.git
[2025-03-01T17:06:07.261+0000] {subprocess.py:93} INFO -    3e7d2c1..1fc59f8  main -> main
[2025-03-01T17:06:07.266+0000] {subprocess.py:97} INFO - Command exited with return code 0
[2025-03-01T17:06:07.312+0000] {taskinstance.py:1400} INFO - Marking task as SUCCESS. dag_id=customer_churn_ml_pipeline, task_id=data_preparation_task, execution_date=20250301T170510, start_date=20250301T170548, end_date=20250301T170607
[2025-03-01T17:06:07.374+0000] {local_task_job_runner.py:228} INFO - Task exited with return code 0
[2025-03-01T17:06:07.437+0000] {taskinstance.py:2778} INFO - 1 downstream tasks scheduled from follow-on schedule check
