[2025-03-03T12:40:25.123+0000] {taskinstance.py:1159} INFO - Dependencies all met for dep_context=non-requeueable deps ti=<TaskInstance: customer_churn_ml_pipeline.raw_data_storage_task scheduled__2025-03-02T08:00:00+00:00 [queued]>
[2025-03-03T12:40:25.135+0000] {taskinstance.py:1159} INFO - Dependencies all met for dep_context=requeueable deps ti=<TaskInstance: customer_churn_ml_pipeline.raw_data_storage_task scheduled__2025-03-02T08:00:00+00:00 [queued]>
[2025-03-03T12:40:25.135+0000] {taskinstance.py:1361} INFO - Starting attempt 1 of 1
[2025-03-03T12:40:25.151+0000] {taskinstance.py:1382} INFO - Executing <Task(BashOperator): raw_data_storage_task> on 2025-03-02 08:00:00+00:00
[2025-03-03T12:40:25.155+0000] {standard_task_runner.py:57} INFO - Started process 296 to run task
[2025-03-03T12:40:25.158+0000] {standard_task_runner.py:84} INFO - Running: ['***', 'tasks', 'run', 'customer_churn_ml_pipeline', 'raw_data_storage_task', 'scheduled__2025-03-02T08:00:00+00:00', '--job-id', '70', '--raw', '--subdir', 'DAGS_FOLDER/customer_churn.py', '--cfg-path', '/tmp/tmp54ea3wjc']
[2025-03-03T12:40:25.160+0000] {standard_task_runner.py:85} INFO - Job 70: Subtask raw_data_storage_task
[2025-03-03T12:40:25.179+0000] {logging_mixin.py:154} WARNING - /home/***/.local/lib/python3.8/site-packages/***/settings.py:195 DeprecationWarning: The sql_alchemy_conn option in [core] has been moved to the sql_alchemy_conn option in [database] - the old setting has been used, but please update your config.
[2025-03-03T12:40:25.226+0000] {task_command.py:416} INFO - Running <TaskInstance: customer_churn_ml_pipeline.raw_data_storage_task scheduled__2025-03-02T08:00:00+00:00 [running]> on host 157237bff8f7
[2025-03-03T12:40:25.343+0000] {taskinstance.py:1662} INFO - Exporting env vars: AIRFLOW_CTX_DAG_OWNER='***' AIRFLOW_CTX_DAG_ID='customer_churn_ml_pipeline' AIRFLOW_CTX_TASK_ID='raw_data_storage_task' AIRFLOW_CTX_EXECUTION_DATE='2025-03-02T08:00:00+00:00' AIRFLOW_CTX_TRY_NUMBER='1' AIRFLOW_CTX_DAG_RUN_ID='scheduled__2025-03-02T08:00:00+00:00'
[2025-03-03T12:40:25.344+0000] {subprocess.py:63} INFO - Tmp dir root location: /tmp
[2025-03-03T12:40:25.345+0000] {subprocess.py:75} INFO - Running command: ['/bin/bash', '-c', '\n\t\t\tcd /opt/*** &&                        python /opt/***/executables/raw_data_storage.py && \t\t\tgit rm -r --cached \'opt/***/data/raw\' && \t\t\tgit commit -m "stop tracking data/raw"\n                        dvc add /opt/***/data/raw &&                         git add /opt/***/data/raw.dvc && \t\t\tgit add logs &&\\   \n   \t\t\tgit status &&                         git commit -m "Updated raw data storage" -a &&                         dvc push && git push\n                    ']
[2025-03-03T12:40:25.353+0000] {subprocess.py:86} INFO - Output:
[2025-03-03T12:40:26.013+0000] {subprocess.py:93} INFO - 2025-03-03 12:40:26,012 : INFO : Starting Raw Data upload for CSV
[2025-03-03T12:40:28.897+0000] {subprocess.py:93} INFO - 2025-03-03 12:40:28,897 : INFO : Upload completed for CSV.
[2025-03-03T12:40:28.898+0000] {subprocess.py:93} INFO - 2025-03-03 12:40:28,897 : INFO : Starting Raw Data upload for Database
[2025-03-03T12:40:31.668+0000] {subprocess.py:93} INFO - 2025-03-03 12:40:31,668 : INFO : Upload completed for database.
[2025-03-03T12:40:31.766+0000] {subprocess.py:93} INFO - fatal: pathspec 'opt/***/data/raw' did not match any files
[2025-03-03T12:40:33.209+0000] {subprocess.py:93} INFO - 
[2025-03-03T12:40:33.209+0000] {subprocess.py:93} INFO - To track the changes with git, run:
[2025-03-03T12:40:33.209+0000] {subprocess.py:93} INFO - 
[2025-03-03T12:40:33.209+0000] {subprocess.py:93} INFO - 	git add data/raw.dvc
[2025-03-03T12:40:33.209+0000] {subprocess.py:93} INFO - 
[2025-03-03T12:40:33.209+0000] {subprocess.py:93} INFO - To enable auto staging, run:
[2025-03-03T12:40:33.209+0000] {subprocess.py:93} INFO - 
[2025-03-03T12:40:33.209+0000] {subprocess.py:93} INFO - 	dvc config core.autostage true
[2025-03-03T12:40:33.408+0000] {subprocess.py:93} INFO - /bin/bash: line 3:  : command not found
[2025-03-03T12:40:33.425+0000] {subprocess.py:93} INFO - On branch main
[2025-03-03T12:40:33.425+0000] {subprocess.py:93} INFO - Your branch is up to date with 'origin/main'.
[2025-03-03T12:40:33.425+0000] {subprocess.py:93} INFO - 
[2025-03-03T12:40:33.426+0000] {subprocess.py:93} INFO - Changes to be committed:
[2025-03-03T12:40:33.426+0000] {subprocess.py:93} INFO -   (use "git restore --staged <file>..." to unstage)
[2025-03-03T12:40:33.426+0000] {subprocess.py:93} INFO - 	modified:   data/raw.dvc
[2025-03-03T12:40:33.426+0000] {subprocess.py:93} INFO - 	modified:   logs/dag_id=customer_churn_ml_pipeline/run_id=scheduled__2025-03-02T08:00:00+00:00/task_id=data_ingestion_task/attempt=1.log
[2025-03-03T12:40:33.426+0000] {subprocess.py:93} INFO - 	new file:   logs/dag_id=customer_churn_ml_pipeline/run_id=scheduled__2025-03-02T08:00:00+00:00/task_id=raw_data_storage_task/attempt=1.log
[2025-03-03T12:40:33.426+0000] {subprocess.py:93} INFO - 	modified:   logs/raw_data_storage.log
[2025-03-03T12:40:33.426+0000] {subprocess.py:93} INFO - 
[2025-03-03T12:40:33.427+0000] {subprocess.py:93} INFO - Changes not staged for commit:
[2025-03-03T12:40:33.427+0000] {subprocess.py:93} INFO -   (use "git add <file>..." to update what will be committed)
[2025-03-03T12:40:33.427+0000] {subprocess.py:93} INFO -   (use "git restore <file>..." to discard changes in working directory)
[2025-03-03T12:40:33.427+0000] {subprocess.py:93} INFO - 	modified:   logs/dag_id=customer_churn_ml_pipeline/run_id=scheduled__2025-03-02T08:00:00+00:00/task_id=raw_data_storage_task/attempt=1.log
[2025-03-03T12:40:33.427+0000] {subprocess.py:93} INFO - 
[2025-03-03T12:40:33.427+0000] {subprocess.py:93} INFO - Untracked files:
[2025-03-03T12:40:33.428+0000] {subprocess.py:93} INFO -   (use "git add <file>..." to include in what will be committed)
[2025-03-03T12:40:33.428+0000] {subprocess.py:93} INFO - 	customer_churn_stats/feature_repo/data/online_store.db
[2025-03-03T12:40:33.428+0000] {subprocess.py:93} INFO - 	customer_churn_stats/feature_repo/data/registry.db
[2025-03-03T12:40:33.428+0000] {subprocess.py:93} INFO - 	models/
[2025-03-03T12:40:33.428+0000] {subprocess.py:93} INFO - 	online.db
[2025-03-03T12:40:33.428+0000] {subprocess.py:93} INFO - 
[2025-03-03T12:40:33.440+0000] {subprocess.py:93} INFO - [main 0b04873] Updated raw data storage
[2025-03-03T12:40:33.441+0000] {subprocess.py:93} INFO -  4 files changed, 68 insertions(+), 3 deletions(-)
[2025-03-03T12:40:33.441+0000] {subprocess.py:93} INFO -  create mode 100644 logs/dag_id=customer_churn_ml_pipeline/run_id=scheduled__2025-03-02T08:00:00+00:00/task_id=raw_data_storage_task/attempt=1.log
[2025-03-03T12:40:40.813+0000] {subprocess.py:93} INFO - 1 file pushed
[2025-03-03T12:40:42.621+0000] {subprocess.py:93} INFO - To https://github.com/anniemathew-trial/customer_churn_pipeline.git
[2025-03-03T12:40:42.622+0000] {subprocess.py:93} INFO -    0454627..0b04873  main -> main
[2025-03-03T12:40:42.628+0000] {subprocess.py:97} INFO - Command exited with return code 0
[2025-03-03T12:40:42.682+0000] {taskinstance.py:1400} INFO - Marking task as SUCCESS. dag_id=customer_churn_ml_pipeline, task_id=raw_data_storage_task, execution_date=20250302T080000, start_date=20250303T124025, end_date=20250303T124042
[2025-03-03T12:40:42.747+0000] {local_task_job_runner.py:228} INFO - Task exited with return code 0
[2025-03-03T12:40:42.818+0000] {taskinstance.py:2778} INFO - 1 downstream tasks scheduled from follow-on schedule check
