[2025-03-02T12:51:50.753+0000] {taskinstance.py:1159} INFO - Dependencies all met for dep_context=non-requeueable deps ti=<TaskInstance: customer_churn_ml_pipeline.data_storage_task manual__2025-03-02T12:50:14.407067+00:00 [queued]>
[2025-03-02T12:51:50.764+0000] {taskinstance.py:1159} INFO - Dependencies all met for dep_context=requeueable deps ti=<TaskInstance: customer_churn_ml_pipeline.data_storage_task manual__2025-03-02T12:50:14.407067+00:00 [queued]>
[2025-03-02T12:51:50.764+0000] {taskinstance.py:1361} INFO - Starting attempt 1 of 1
[2025-03-02T12:51:50.782+0000] {taskinstance.py:1382} INFO - Executing <Task(BashOperator): data_storage_task> on 2025-03-02 12:50:14.407067+00:00
[2025-03-02T12:51:50.787+0000] {standard_task_runner.py:57} INFO - Started process 19705 to run task
[2025-03-02T12:51:50.791+0000] {standard_task_runner.py:84} INFO - Running: ['***', 'tasks', 'run', 'customer_churn_ml_pipeline', 'data_storage_task', 'manual__2025-03-02T12:50:14.407067+00:00', '--job-id', '265', '--raw', '--subdir', 'DAGS_FOLDER/customer_churn.py', '--cfg-path', '/tmp/tmpkzq8e7ya']
[2025-03-02T12:51:50.795+0000] {standard_task_runner.py:85} INFO - Job 265: Subtask data_storage_task
[2025-03-02T12:51:50.817+0000] {logging_mixin.py:154} WARNING - /home/***/.local/lib/python3.8/site-packages/***/settings.py:195 DeprecationWarning: The sql_alchemy_conn option in [core] has been moved to the sql_alchemy_conn option in [database] - the old setting has been used, but please update your config.
[2025-03-02T12:51:50.865+0000] {task_command.py:416} INFO - Running <TaskInstance: customer_churn_ml_pipeline.data_storage_task manual__2025-03-02T12:50:14.407067+00:00 [running]> on host 9113a5746a05
[2025-03-02T12:51:50.987+0000] {taskinstance.py:1662} INFO - Exporting env vars: AIRFLOW_CTX_DAG_OWNER='***' AIRFLOW_CTX_DAG_ID='customer_churn_ml_pipeline' AIRFLOW_CTX_TASK_ID='data_storage_task' AIRFLOW_CTX_EXECUTION_DATE='2025-03-02T12:50:14.407067+00:00' AIRFLOW_CTX_TRY_NUMBER='1' AIRFLOW_CTX_DAG_RUN_ID='manual__2025-03-02T12:50:14.407067+00:00'
[2025-03-02T12:51:50.989+0000] {subprocess.py:63} INFO - Tmp dir root location: /tmp
[2025-03-02T12:51:50.990+0000] {subprocess.py:75} INFO - Running command: ['/bin/bash', '-c', '\n\t\t\tcd /opt/***\n                        dvc pull /opt/***/data/transformed\n                        python /opt/***/executables/data_storage.py && \t\t\tgit add logs &&    \t\t\tgit status &&                         git commit -m "Updated stored data version" -a &&                         dvc push && git push\n                    ']
[2025-03-02T12:51:51.001+0000] {subprocess.py:86} INFO - Output:
[2025-03-02T12:51:54.117+0000] {subprocess.py:93} INFO - Everything is up to date.
[2025-03-02T12:51:55.418+0000] {subprocess.py:93} INFO - 2025-03-02 12:51:55,417 : INFO : Connecting to Database
[2025-03-02T12:51:55.439+0000] {subprocess.py:93} INFO - 2025-03-02 12:51:55,439 : INFO : Connecting to Database Successfull
[2025-03-02T12:51:55.440+0000] {subprocess.py:93} INFO - 2025-03-02 12:51:55,439 : INFO : Reading Initial DB Setup Script
[2025-03-02T12:51:55.440+0000] {subprocess.py:93} INFO - 2025-03-02 12:51:55,439 : INFO : Executing script to Database
[2025-03-02T12:51:55.441+0000] {subprocess.py:93} INFO - 2025-03-02 12:51:55,441 : INFO : Executed script successfully !!
[2025-03-02T12:51:55.441+0000] {subprocess.py:93} INFO - 2025-03-02 12:51:55,441 : INFO : Reading insert script template
[2025-03-02T12:51:55.442+0000] {subprocess.py:93} INFO - 2025-03-02 12:51:55,441 : INFO : Inserting data to database
[2025-03-02T12:52:01.090+0000] {subprocess.py:93} INFO - 2025-03-02 12:52:01,089 : INFO : Executed script successfully !!
[2025-03-02T12:52:01.091+0000] {subprocess.py:93} INFO - 2025-03-02 12:52:01,090 : INFO : Connection closed !!
[2025-03-02T12:52:01.295+0000] {subprocess.py:93} INFO - On branch main
[2025-03-02T12:52:01.296+0000] {subprocess.py:93} INFO - Your branch is up to date with 'origin/main'.
[2025-03-02T12:52:01.296+0000] {subprocess.py:93} INFO - 
[2025-03-02T12:52:01.297+0000] {subprocess.py:93} INFO - Changes to be committed:
[2025-03-02T12:52:01.297+0000] {subprocess.py:93} INFO -   (use "git restore --staged <file>..." to unstage)
[2025-03-02T12:52:01.297+0000] {subprocess.py:93} INFO - 	new file:   logs/dag_id=customer_churn_ml_pipeline/run_id=manual__2025-03-02T12:50:14.407067+00:00/task_id=data_storage_task/attempt=1.log
[2025-03-02T12:52:01.297+0000] {subprocess.py:93} INFO - 	modified:   logs/dag_id=customer_churn_ml_pipeline/run_id=manual__2025-03-02T12:50:14.407067+00:00/task_id=data_transformation_task/attempt=1.log
[2025-03-02T12:52:01.298+0000] {subprocess.py:93} INFO - 	modified:   logs/data_storage.log
[2025-03-02T12:52:01.298+0000] {subprocess.py:93} INFO - 	modified:   logs/scheduler/2025-03-02/customer_churn.py.log
[2025-03-02T12:52:01.298+0000] {subprocess.py:93} INFO - 
[2025-03-02T12:52:01.298+0000] {subprocess.py:93} INFO - Untracked files:
[2025-03-02T12:52:01.298+0000] {subprocess.py:93} INFO -   (use "git add <file>..." to include in what will be committed)
[2025-03-02T12:52:01.299+0000] {subprocess.py:93} INFO - 	customer_churn_stats/feature_repo/data/
[2025-03-02T12:52:01.299+0000] {subprocess.py:93} INFO - 	mlruns/mlruns/mlruns/
[2025-03-02T12:52:01.299+0000] {subprocess.py:93} INFO - 
[2025-03-02T12:52:01.336+0000] {subprocess.py:93} INFO - [main 9cba34d] Updated stored data version
[2025-03-02T12:52:01.337+0000] {subprocess.py:93} INFO -  4 files changed, 64 insertions(+)
[2025-03-02T12:52:01.337+0000] {subprocess.py:93} INFO -  create mode 100644 logs/dag_id=customer_churn_ml_pipeline/run_id=manual__2025-03-02T12:50:14.407067+00:00/task_id=data_storage_task/attempt=1.log
[2025-03-02T12:52:08.901+0000] {subprocess.py:93} INFO - Everything is up to date.
[2025-03-02T12:52:10.971+0000] {subprocess.py:93} INFO - To https://github.com/anniemathew-trial/customer_churn_pipeline.git
[2025-03-02T12:52:10.972+0000] {subprocess.py:93} INFO -    d037cb9..9cba34d  main -> main
[2025-03-02T12:52:10.986+0000] {subprocess.py:97} INFO - Command exited with return code 0
[2025-03-02T12:52:11.045+0000] {taskinstance.py:1400} INFO - Marking task as SUCCESS. dag_id=customer_churn_ml_pipeline, task_id=data_storage_task, execution_date=20250302T125014, start_date=20250302T125150, end_date=20250302T125211
[2025-03-02T12:52:11.072+0000] {local_task_job_runner.py:228} INFO - Task exited with return code 0
[2025-03-02T12:52:11.127+0000] {taskinstance.py:2778} INFO - 1 downstream tasks scheduled from follow-on schedule check
