[2025-03-02T10:15:51.172+0000] {taskinstance.py:1159} INFO - Dependencies all met for dep_context=non-requeueable deps ti=<TaskInstance: customer_churn_ml_pipeline.data_transformation_task manual__2025-03-02T10:14:57.596453+00:00 [queued]>
[2025-03-02T10:15:51.184+0000] {taskinstance.py:1159} INFO - Dependencies all met for dep_context=requeueable deps ti=<TaskInstance: customer_churn_ml_pipeline.data_transformation_task manual__2025-03-02T10:14:57.596453+00:00 [queued]>
[2025-03-02T10:15:51.185+0000] {taskinstance.py:1361} INFO - Starting attempt 1 of 1
[2025-03-02T10:15:51.203+0000] {taskinstance.py:1382} INFO - Executing <Task(BashOperator): data_transformation_task> on 2025-03-02 10:14:57.596453+00:00
[2025-03-02T10:15:51.208+0000] {standard_task_runner.py:57} INFO - Started process 10545 to run task
[2025-03-02T10:15:51.212+0000] {standard_task_runner.py:84} INFO - Running: ['***', 'tasks', 'run', 'customer_churn_ml_pipeline', 'data_transformation_task', 'manual__2025-03-02T10:14:57.596453+00:00', '--job-id', '144', '--raw', '--subdir', 'DAGS_FOLDER/customer_churn.py', '--cfg-path', '/tmp/tmppgyjh9cp']
[2025-03-02T10:15:51.214+0000] {standard_task_runner.py:85} INFO - Job 144: Subtask data_transformation_task
[2025-03-02T10:15:51.238+0000] {logging_mixin.py:154} WARNING - /home/***/.local/lib/python3.8/site-packages/***/settings.py:195 DeprecationWarning: The sql_alchemy_conn option in [core] has been moved to the sql_alchemy_conn option in [database] - the old setting has been used, but please update your config.
[2025-03-02T10:15:51.287+0000] {task_command.py:416} INFO - Running <TaskInstance: customer_churn_ml_pipeline.data_transformation_task manual__2025-03-02T10:14:57.596453+00:00 [running]> on host 9113a5746a05
[2025-03-02T10:15:51.407+0000] {taskinstance.py:1662} INFO - Exporting env vars: AIRFLOW_CTX_DAG_OWNER='***' AIRFLOW_CTX_DAG_ID='customer_churn_ml_pipeline' AIRFLOW_CTX_TASK_ID='data_transformation_task' AIRFLOW_CTX_EXECUTION_DATE='2025-03-02T10:14:57.596453+00:00' AIRFLOW_CTX_TRY_NUMBER='1' AIRFLOW_CTX_DAG_RUN_ID='manual__2025-03-02T10:14:57.596453+00:00'
[2025-03-02T10:15:51.409+0000] {subprocess.py:63} INFO - Tmp dir root location: /tmp
[2025-03-02T10:15:51.410+0000] {subprocess.py:75} INFO - Running command: ['/bin/bash', '-c', '\n\t\t\tcd /opt/*** &&                        dvc pull /opt/***/data/cleaned\n                        python /opt/***/executables/data_transformation.py &&                         dvc add /opt/***/data/transformed &&                         git add /opt/***/data/transformed.dvc && \t\t\tgit add logs &&    \t\t\tgit status &&                         git commit -m "Updated transformed data version" -a &&                         dvc push && git push\n                    ']
[2025-03-02T10:15:51.419+0000] {subprocess.py:86} INFO - Output:
[2025-03-02T10:15:55.625+0000] {subprocess.py:93} INFO - Everything is up to date.
[2025-03-02T10:15:58.648+0000] {subprocess.py:93} INFO - 2025-03-02 10:15:58,647 : INFO : Starting data transformation for csv.
[2025-03-02T10:15:58.681+0000] {subprocess.py:93} INFO - 2025-03-02 10:15:58,681 : INFO : Scaling 'Tenure', 'Balance', 'EstimatedSalary'.
[2025-03-02T10:15:58.689+0000] {subprocess.py:93} INFO - 2025-03-02 10:15:58,689 : INFO : Saving data to S3.
[2025-03-02T10:15:58.690+0000] {subprocess.py:93} INFO - 2025-03-02 10:15:58,690 : ERROR : Failed data transformation: Cannot save file into a non-existent directory: '/opt/***/data/transformed/02-03-2025/csv'
[2025-03-02T10:16:01.208+0000] {subprocess.py:93} INFO - 
[2025-03-02T10:16:01.208+0000] {subprocess.py:93} INFO - To track the changes with git, run:
[2025-03-02T10:16:01.209+0000] {subprocess.py:93} INFO - 
[2025-03-02T10:16:01.209+0000] {subprocess.py:93} INFO - 	git add data/transformed.dvc
[2025-03-02T10:16:01.209+0000] {subprocess.py:93} INFO - 
[2025-03-02T10:16:01.209+0000] {subprocess.py:93} INFO - To enable auto staging, run:
[2025-03-02T10:16:01.209+0000] {subprocess.py:93} INFO - 
[2025-03-02T10:16:01.210+0000] {subprocess.py:93} INFO - 	dvc config core.autostage true
[2025-03-02T10:16:01.546+0000] {subprocess.py:93} INFO - On branch main
[2025-03-02T10:16:01.547+0000] {subprocess.py:93} INFO - Your branch is up to date with 'origin/main'.
[2025-03-02T10:16:01.547+0000] {subprocess.py:93} INFO - 
[2025-03-02T10:16:01.548+0000] {subprocess.py:93} INFO - Changes to be committed:
[2025-03-02T10:16:01.548+0000] {subprocess.py:93} INFO -   (use "git restore --staged <file>..." to unstage)
[2025-03-02T10:16:01.548+0000] {subprocess.py:93} INFO - 	new file:   data/transformed.dvc
[2025-03-02T10:16:01.548+0000] {subprocess.py:93} INFO - 	modified:   logs/dag_id=customer_churn_ml_pipeline/run_id=manual__2025-03-02T10:14:57.596453+00:00/task_id=data_preparation_task/attempt=1.log
[2025-03-02T10:16:01.549+0000] {subprocess.py:93} INFO - 	new file:   logs/dag_id=customer_churn_ml_pipeline/run_id=manual__2025-03-02T10:14:57.596453+00:00/task_id=data_transformation_task/attempt=1.log
[2025-03-02T10:16:01.549+0000] {subprocess.py:93} INFO - 	modified:   logs/dag_processor_manager/dag_processor_manager.log
[2025-03-02T10:16:01.549+0000] {subprocess.py:93} INFO - 	modified:   logs/data_transformation.log
[2025-03-02T10:16:01.549+0000] {subprocess.py:93} INFO - 	modified:   logs/scheduler/2025-03-02/customer_churn.py.log
[2025-03-02T10:16:01.550+0000] {subprocess.py:93} INFO - 
[2025-03-02T10:16:01.614+0000] {subprocess.py:93} INFO - [main 14ca428] Updated transformed data version
[2025-03-02T10:16:01.614+0000] {subprocess.py:93} INFO -  6 files changed, 74 insertions(+)
[2025-03-02T10:16:01.615+0000] {subprocess.py:93} INFO -  create mode 100644 data/transformed.dvc
[2025-03-02T10:16:01.615+0000] {subprocess.py:93} INFO -  create mode 100644 logs/dag_id=customer_churn_ml_pipeline/run_id=manual__2025-03-02T10:14:57.596453+00:00/task_id=data_transformation_task/attempt=1.log
[2025-03-02T10:16:07.442+0000] {subprocess.py:93} INFO - Everything is up to date.
[2025-03-02T10:16:09.366+0000] {subprocess.py:93} INFO - To https://github.com/anniemathew-trial/customer_churn_pipeline.git
[2025-03-02T10:16:09.366+0000] {subprocess.py:93} INFO -    2ebde27..14ca428  main -> main
[2025-03-02T10:16:09.371+0000] {subprocess.py:97} INFO - Command exited with return code 0
[2025-03-02T10:16:09.421+0000] {taskinstance.py:1400} INFO - Marking task as SUCCESS. dag_id=customer_churn_ml_pipeline, task_id=data_transformation_task, execution_date=20250302T101457, start_date=20250302T101551, end_date=20250302T101609
[2025-03-02T10:16:09.465+0000] {local_task_job_runner.py:228} INFO - Task exited with return code 0
[2025-03-02T10:16:09.505+0000] {taskinstance.py:2778} INFO - 1 downstream tasks scheduled from follow-on schedule check
