[2025-03-09T16:25:01.655+0000] {taskinstance.py:1159} INFO - Dependencies all met for dep_context=non-requeueable deps ti=<TaskInstance: customer_churn_ml_pipeline.model_training_task manual__2025-03-09T16:21:05.896094+00:00 [queued]>
[2025-03-09T16:25:01.671+0000] {taskinstance.py:1159} INFO - Dependencies all met for dep_context=requeueable deps ti=<TaskInstance: customer_churn_ml_pipeline.model_training_task manual__2025-03-09T16:21:05.896094+00:00 [queued]>
[2025-03-09T16:25:01.672+0000] {taskinstance.py:1361} INFO - Starting attempt 1 of 1
[2025-03-09T16:25:01.699+0000] {taskinstance.py:1382} INFO - Executing <Task(BashOperator): model_training_task> on 2025-03-09 16:21:05.896094+00:00
[2025-03-09T16:25:01.704+0000] {standard_task_runner.py:57} INFO - Started process 9488 to run task
[2025-03-09T16:25:01.709+0000] {standard_task_runner.py:84} INFO - Running: ['***', 'tasks', 'run', 'customer_churn_ml_pipeline', 'model_training_task', 'manual__2025-03-09T16:21:05.896094+00:00', '--job-id', '374', '--raw', '--subdir', 'DAGS_FOLDER/customer_churn.py', '--cfg-path', '/tmp/tmp923bausd']
[2025-03-09T16:25:01.714+0000] {standard_task_runner.py:85} INFO - Job 374: Subtask model_training_task
[2025-03-09T16:25:01.746+0000] {logging_mixin.py:154} WARNING - /home/***/.local/lib/python3.8/site-packages/***/settings.py:195 DeprecationWarning: The sql_alchemy_conn option in [core] has been moved to the sql_alchemy_conn option in [database] - the old setting has been used, but please update your config.
[2025-03-09T16:25:01.811+0000] {task_command.py:416} INFO - Running <TaskInstance: customer_churn_ml_pipeline.model_training_task manual__2025-03-09T16:21:05.896094+00:00 [running]> on host 157237bff8f7
[2025-03-09T16:25:01.982+0000] {taskinstance.py:1662} INFO - Exporting env vars: AIRFLOW_CTX_DAG_OWNER='***' AIRFLOW_CTX_DAG_ID='customer_churn_ml_pipeline' AIRFLOW_CTX_TASK_ID='model_training_task' AIRFLOW_CTX_EXECUTION_DATE='2025-03-09T16:21:05.896094+00:00' AIRFLOW_CTX_TRY_NUMBER='1' AIRFLOW_CTX_DAG_RUN_ID='manual__2025-03-09T16:21:05.896094+00:00'
[2025-03-09T16:25:01.984+0000] {subprocess.py:63} INFO - Tmp dir root location: /tmp
[2025-03-09T16:25:01.985+0000] {subprocess.py:75} INFO - Running command: ['/bin/bash', '-c', '\n\t    \t\tcd /opt/***\n       \t\t\t    python /opt/***/executables/model_training.py && \t      \t\t    git add logs && \t      \t\t    git add mlruns && \t        \t    git status &&                             git commit -m "Trained model version" -a && \\    \n\t\t\t    git push\n                        ']
[2025-03-09T16:25:01.997+0000] {subprocess.py:86} INFO - Output:
[2025-03-09T16:25:11.406+0000] {subprocess.py:93} INFO - /home/***/.local/lib/python3.8/site-packages/mlflow/gateway/config.py:64: PydanticDeprecatedSince20: Pydantic V1 style `@validator` validators are deprecated. You should migrate to Pydantic V2 style `@field_validator` validators, see the migration guide for more details. Deprecated in Pydantic V2.0 to be removed in V3.0. See Pydantic V2 Migration Guide at https://errors.pydantic.dev/2.4/migration/
[2025-03-09T16:25:11.407+0000] {subprocess.py:93} INFO -   @validator("togetherai_api_key", pre=True)
[2025-03-09T16:25:11.407+0000] {subprocess.py:93} INFO - /home/***/.local/lib/python3.8/site-packages/mlflow/gateway/config.py:372: PydanticDeprecatedSince20: Pydantic V1 style `@root_validator` validators are deprecated. You should migrate to Pydantic V2 style `@model_validator` validators, see the migration guide for more details. Deprecated in Pydantic V2.0 to be removed in V3.0. See Pydantic V2 Migration Guide at https://errors.pydantic.dev/2.4/migration/
[2025-03-09T16:25:11.407+0000] {subprocess.py:93} INFO -   @root_validator(skip_on_failure=True)
[2025-03-09T16:25:11.408+0000] {subprocess.py:93} INFO - /home/***/.local/lib/python3.8/site-packages/pydantic/_internal/_config.py:267: PydanticDeprecatedSince20: Support for class-based `config` is deprecated, use ConfigDict instead. Deprecated in Pydantic V2.0 to be removed in V3.0. See Pydantic V2 Migration Guide at https://errors.pydantic.dev/2.4/migration/
[2025-03-09T16:25:11.408+0000] {subprocess.py:93} INFO -   warnings.warn(DEPRECATION_MESSAGE, DeprecationWarning)
[2025-03-09T16:25:11.408+0000] {subprocess.py:93} INFO - 2025-03-09 16:25:11,406 : INFO : Starting model training
[2025-03-09T16:25:11.430+0000] {subprocess.py:93} INFO - 2025-03-09 16:25:11,429 : INFO : Registry cache expired, so refreshing
[2025-03-09T16:25:11.445+0000] {subprocess.py:93} INFO - 2025-03-09 16:25:11,444 : INFO : Getting data
[2025-03-09T16:25:11.446+0000] {subprocess.py:93} INFO - 2025-03-09 16:25:11,446 : INFO : Start and End Range: 1 to 1000
[2025-03-09T16:25:11.968+0000] {subprocess.py:93} INFO - 2025-03-09 16:25:11,967 : INFO : Data fetched: 999
[2025-03-09T16:25:11.968+0000] {subprocess.py:93} INFO - 2025-03-09 16:25:11,968 : INFO : New Start and End Range: 1001 to 2000
[2025-03-09T16:25:11.969+0000] {subprocess.py:93} INFO - 2025-03-09 16:25:11,968 : INFO : Start and End Range: 1001 to 2000
[2025-03-09T16:25:12.388+0000] {subprocess.py:93} INFO - 2025-03-09 16:25:12,387 : INFO : Data fetched: 999
[2025-03-09T16:25:12.388+0000] {subprocess.py:93} INFO - 2025-03-09 16:25:12,387 : INFO : New Start and End Range: 3001 to 4000
[2025-03-09T16:25:12.388+0000] {subprocess.py:93} INFO - 2025-03-09 16:25:12,388 : INFO : Start and End Range: 3001 to 4000
[2025-03-09T16:25:12.852+0000] {subprocess.py:93} INFO - 2025-03-09 16:25:12,852 : INFO : Data fetched: 999
[2025-03-09T16:25:12.852+0000] {subprocess.py:93} INFO - 2025-03-09 16:25:12,852 : INFO : New Start and End Range: 7001 to 8000
[2025-03-09T16:25:12.853+0000] {subprocess.py:93} INFO - 2025-03-09 16:25:12,852 : INFO : Start and End Range: 7001 to 8000
[2025-03-09T16:25:13.191+0000] {subprocess.py:93} INFO - 2025-03-09 16:25:13,190 : INFO : Data fetched: 999
[2025-03-09T16:25:13.191+0000] {subprocess.py:93} INFO - 2025-03-09 16:25:13,191 : INFO : New Start and End Range: 15001 to 16000
[2025-03-09T16:25:13.191+0000] {subprocess.py:93} INFO - 2025-03-09 16:25:13,191 : INFO : Start and End Range: 15001 to 16000
[2025-03-09T16:25:13.645+0000] {subprocess.py:93} INFO - 2025-03-09 16:25:13,644 : INFO : Data fetched: 999
[2025-03-09T16:25:13.645+0000] {subprocess.py:93} INFO - 2025-03-09 16:25:13,645 : INFO : New Start and End Range: 31001 to 32000
[2025-03-09T16:25:13.645+0000] {subprocess.py:93} INFO - 2025-03-09 16:25:13,645 : INFO : Start and End Range: 31001 to 32000
[2025-03-09T16:25:13.959+0000] {subprocess.py:93} INFO - 2025-03-09 16:25:13,959 : INFO : Data fetched: 999
[2025-03-09T16:25:13.960+0000] {subprocess.py:93} INFO - 2025-03-09 16:25:13,959 : INFO : New Start and End Range: 63001 to 64000
[2025-03-09T16:25:13.960+0000] {subprocess.py:93} INFO - 2025-03-09 16:25:13,960 : INFO : Start and End Range: 63001 to 64000
[2025-03-09T16:25:14.054+0000] {subprocess.py:93} INFO - 2025-03-09 16:25:14,053 : INFO : Reached End of Data
[2025-03-09T16:25:14.056+0000] {subprocess.py:93} INFO - 2025-03-09 16:25:14,056 : INFO : Stoping at Start and End Range: 63001 to 64000
[2025-03-09T16:25:14.057+0000] {subprocess.py:93} INFO - 2025-03-09 16:25:14,056 : INFO : Created feature data
[2025-03-09T16:25:14.057+0000] {subprocess.py:93} INFO - 2025-03-09 16:25:14,056 : INFO : Total Data fetched: 6
[2025-03-09T16:25:14.063+0000] {subprocess.py:93} INFO - 2025-03-09 16:25:14,062 : INFO : received feature data
[2025-03-09T16:25:14.067+0000] {subprocess.py:93} INFO - 2025-03-09 16:25:14,067 : INFO : Models defined
[2025-03-09T16:25:14.068+0000] {subprocess.py:93} INFO - 2025-03-09 16:25:14,067 : INFO : Training model RandomForest
[2025-03-09T16:25:15.434+0000] {subprocess.py:93} INFO - 2025-03-09 16:25:15,433 : INFO : Predicting model RandomForest
[2025-03-09T16:25:15.466+0000] {subprocess.py:93} INFO - 2025-03-09 16:25:15,466 : INFO : Calculating accuracy RandomForest
[2025-03-09T16:25:27.267+0000] {subprocess.py:93} INFO - 2025/03/09 16:25:27 WARNING mlflow.models.model: Model logged without a signature and input example. Please set `input_example` parameter when logging the model to auto infer the model signature.
[2025-03-09T16:25:27.557+0000] {subprocess.py:93} INFO - 2025-03-09 16:25:27,556 : INFO : Logged model RandomForest
[2025-03-09T16:25:27.609+0000] {subprocess.py:93} INFO - 2025/03/09 16:25:27 INFO mlflow.tracking._tracking_service.client: 🏃 View run RandomForest at: http://localhost:5000/#/experiments/0/runs/6cbd1eda3cbb4ff49b6a6879f1662961.
[2025-03-09T16:25:27.610+0000] {subprocess.py:93} INFO - 2025/03/09 16:25:27 INFO mlflow.tracking._tracking_service.client: 🧪 View experiment at: http://localhost:5000/#/experiments/0.
[2025-03-09T16:25:27.624+0000] {subprocess.py:93} INFO - 2025-03-09 16:25:27,624 : INFO : Training model LinearRegression
[2025-03-09T16:25:30.017+0000] {subprocess.py:93} INFO - /home/***/.local/lib/python3.8/site-packages/sklearn/linear_model/_logistic.py:460: ConvergenceWarning: lbfgs failed to converge (status=1):
[2025-03-09T16:25:30.018+0000] {subprocess.py:93} INFO - STOP: TOTAL NO. of ITERATIONS REACHED LIMIT.
[2025-03-09T16:25:30.019+0000] {subprocess.py:93} INFO - 
[2025-03-09T16:25:30.020+0000] {subprocess.py:93} INFO - Increase the number of iterations (max_iter) or scale the data as shown in:
[2025-03-09T16:25:30.020+0000] {subprocess.py:93} INFO -     https://scikit-learn.org/stable/modules/preprocessing.html
[2025-03-09T16:25:30.021+0000] {subprocess.py:93} INFO - Please also refer to the documentation for alternative solver options:
[2025-03-09T16:25:30.021+0000] {subprocess.py:93} INFO -     https://scikit-learn.org/stable/modules/linear_model.html#logistic-regression
[2025-03-09T16:25:30.022+0000] {subprocess.py:93} INFO -   n_iter_i = _check_optimize_result(
[2025-03-09T16:25:30.023+0000] {subprocess.py:93} INFO - 2025-03-09 16:25:30,016 : INFO : Predicting model LinearRegression
[2025-03-09T16:25:30.039+0000] {subprocess.py:93} INFO - 2025-03-09 16:25:30,038 : INFO : Calculating accuracy LinearRegression
[2025-03-09T16:25:35.093+0000] {subprocess.py:93} INFO - 2025/03/09 16:25:35 WARNING mlflow.models.model: Model logged without a signature and input example. Please set `input_example` parameter when logging the model to auto infer the model signature.
[2025-03-09T16:25:35.170+0000] {subprocess.py:93} INFO - 2025-03-09 16:25:35,169 : INFO : Logged model LinearRegression
[2025-03-09T16:25:35.187+0000] {subprocess.py:93} INFO - 2025/03/09 16:25:35 INFO mlflow.tracking._tracking_service.client: 🏃 View run LinearRegression at: http://localhost:5000/#/experiments/0/runs/8853e12a30fd42dcbe54c70f3ee5a902.
[2025-03-09T16:25:35.187+0000] {subprocess.py:93} INFO - 2025/03/09 16:25:35 INFO mlflow.tracking._tracking_service.client: 🧪 View experiment at: http://localhost:5000/#/experiments/0.
[2025-03-09T16:25:35.197+0000] {subprocess.py:93} INFO - 2025-03-09 16:25:35,197 : INFO : Training model DecisionTree
[2025-03-09T16:25:35.229+0000] {subprocess.py:93} INFO - 2025-03-09 16:25:35,229 : INFO : Predicting model DecisionTree
[2025-03-09T16:25:35.233+0000] {subprocess.py:93} INFO - 2025-03-09 16:25:35,232 : INFO : Calculating accuracy DecisionTree
[2025-03-09T16:25:40.459+0000] {subprocess.py:93} INFO - 2025/03/09 16:25:40 WARNING mlflow.models.model: Model logged without a signature and input example. Please set `input_example` parameter when logging the model to auto infer the model signature.
[2025-03-09T16:25:40.537+0000] {subprocess.py:93} INFO - 2025-03-09 16:25:40,537 : INFO : Logged model DecisionTree
[2025-03-09T16:25:40.550+0000] {subprocess.py:93} INFO - 2025/03/09 16:25:40 INFO mlflow.tracking._tracking_service.client: 🏃 View run DecisionTree at: http://localhost:5000/#/experiments/0/runs/99335cc5ed91470fb5be770691e53a80.
[2025-03-09T16:25:40.550+0000] {subprocess.py:93} INFO - 2025/03/09 16:25:40 INFO mlflow.tracking._tracking_service.client: 🧪 View experiment at: http://localhost:5000/#/experiments/0.
[2025-03-09T16:25:40.559+0000] {subprocess.py:93} INFO - 2025-03-09 16:25:40,559 : INFO : Starting best model registration
[2025-03-09T16:25:40.560+0000] {subprocess.py:93} INFO - 2025-03-09 16:25:40,559 : INFO : Finding Best model
[2025-03-09T16:25:40.678+0000] {subprocess.py:93} INFO - 2025-03-09 16:25:40,677 : INFO : Selected best model : run_id                                            d372010ed55142098d35f880b4b7339f
[2025-03-09T16:25:40.678+0000] {subprocess.py:93} INFO - experiment_id                                                                    0
[2025-03-09T16:25:40.678+0000] {subprocess.py:93} INFO - status                                                                    FINISHED
[2025-03-09T16:25:40.678+0000] {subprocess.py:93} INFO - artifact_uri                     mlflow-artifacts:/0/d372010ed55142098d35f880b4...
[2025-03-09T16:25:40.679+0000] {subprocess.py:93} INFO - start_time                                        2025-03-09 11:35:45.395000+00:00
[2025-03-09T16:25:40.679+0000] {subprocess.py:93} INFO - end_time                                          2025-03-09 11:35:50.125000+00:00
[2025-03-09T16:25:40.679+0000] {subprocess.py:93} INFO - metrics.accuracy                                                          0.878232
[2025-03-09T16:25:40.679+0000] {subprocess.py:93} INFO - metrics.recall                                                            0.554656
[2025-03-09T16:25:40.679+0000] {subprocess.py:93} INFO - metrics.f1_score                                                          0.652381
[2025-03-09T16:25:40.679+0000] {subprocess.py:93} INFO - metrics.precision                                                         0.791908
[2025-03-09T16:25:40.680+0000] {subprocess.py:93} INFO - params.model_type                                                     RandomForest
[2025-03-09T16:25:40.680+0000] {subprocess.py:93} INFO - tags.mlflow.user                                                           ***
[2025-03-09T16:25:40.680+0000] {subprocess.py:93} INFO - tags.mlflow.runName                                                   RandomForest
[2025-03-09T16:25:40.680+0000] {subprocess.py:93} INFO - tags.mlflow.source.type                                                      LOCAL
[2025-03-09T16:25:40.680+0000] {subprocess.py:93} INFO - tags.mlflow.source.name                              executables/model_training.py
[2025-03-09T16:25:40.680+0000] {subprocess.py:93} INFO - tags.mlflow.source.git.commit             c7be44594672bffe451ff8b64c27676ce66f5d44
[2025-03-09T16:25:40.681+0000] {subprocess.py:93} INFO - tags.mlflow.log-model.history    [{"run_id": "d372010ed55142098d35f880b4b7339f"...
[2025-03-09T16:25:40.681+0000] {subprocess.py:93} INFO - Name: 20, dtype: object
[2025-03-09T16:25:40.681+0000] {subprocess.py:93} INFO - 2025-03-09 16:25:40,678 : INFO : Registering best model runs:/d372010ed55142098d35f880b4b7339f/RandomForest_model
[2025-03-09T16:25:40.756+0000] {subprocess.py:93} INFO - Registered model 'Best_ML_Model' already exists. Creating a new version of this model...
[2025-03-09T16:25:40.757+0000] {subprocess.py:93} INFO - 2025/03/09 16:25:40 INFO mlflow.store.model_registry.abstract_store: Waiting up to 300 seconds for model version to finish creation. Model name: Best_ML_Model, version 7
[2025-03-09T16:25:40.757+0000] {subprocess.py:93} INFO - Created version '7' of model 'Best_ML_Model'.
[2025-03-09T16:25:40.757+0000] {subprocess.py:93} INFO - 2025-03-09 16:25:40,756 : INFO : Completed model training & registration !!
[2025-03-09T16:25:41.543+0000] {subprocess.py:93} INFO - On branch main
[2025-03-09T16:25:41.543+0000] {subprocess.py:93} INFO - Your branch is up to date with 'origin/main'.
[2025-03-09T16:25:41.543+0000] {subprocess.py:93} INFO - 
[2025-03-09T16:25:41.544+0000] {subprocess.py:93} INFO - Changes to be committed:
[2025-03-09T16:25:41.544+0000] {subprocess.py:93} INFO -   (use "git restore --staged <file>..." to unstage)
[2025-03-09T16:25:41.544+0000] {subprocess.py:93} INFO - 	new file:   logs/dag_id=customer_churn_ml_pipeline/run_id=manual__2025-03-09T16:21:05.896094+00:00/task_id=feature_store_task/attempt=1.log
[2025-03-09T16:25:41.544+0000] {subprocess.py:93} INFO - 	new file:   logs/dag_id=customer_churn_ml_pipeline/run_id=manual__2025-03-09T16:21:05.896094+00:00/task_id=model_training_task/attempt=1.log
[2025-03-09T16:25:41.544+0000] {subprocess.py:93} INFO - 	modified:   logs/dag_processor_manager/dag_processor_manager.log
[2025-03-09T16:25:41.545+0000] {subprocess.py:93} INFO - 	modified:   logs/model_training.log
[2025-03-09T16:25:41.545+0000] {subprocess.py:93} INFO - 	modified:   logs/scheduler/2025-03-09/customer_churn.py.log
[2025-03-09T16:25:41.545+0000] {subprocess.py:93} INFO - 	new file:   mlruns/0/6cbd1eda3cbb4ff49b6a6879f1662961/meta.yaml
[2025-03-09T16:25:41.545+0000] {subprocess.py:93} INFO - 	new file:   mlruns/0/6cbd1eda3cbb4ff49b6a6879f1662961/metrics/accuracy
[2025-03-09T16:25:41.545+0000] {subprocess.py:93} INFO - 	new file:   mlruns/0/6cbd1eda3cbb4ff49b6a6879f1662961/metrics/f1_score
[2025-03-09T16:25:41.545+0000] {subprocess.py:93} INFO - 	new file:   mlruns/0/6cbd1eda3cbb4ff49b6a6879f1662961/metrics/precision
[2025-03-09T16:25:41.546+0000] {subprocess.py:93} INFO - 	new file:   mlruns/0/6cbd1eda3cbb4ff49b6a6879f1662961/metrics/recall
[2025-03-09T16:25:41.546+0000] {subprocess.py:93} INFO - 	new file:   mlruns/0/6cbd1eda3cbb4ff49b6a6879f1662961/params/model_type
[2025-03-09T16:25:41.546+0000] {subprocess.py:93} INFO - 	new file:   mlruns/0/6cbd1eda3cbb4ff49b6a6879f1662961/tags/mlflow.log-model.history
[2025-03-09T16:25:41.546+0000] {subprocess.py:93} INFO - 	new file:   mlruns/0/6cbd1eda3cbb4ff49b6a6879f1662961/tags/mlflow.runName
[2025-03-09T16:25:41.546+0000] {subprocess.py:93} INFO - 	new file:   mlruns/0/6cbd1eda3cbb4ff49b6a6879f1662961/tags/mlflow.source.git.commit
[2025-03-09T16:25:41.546+0000] {subprocess.py:93} INFO - 	new file:   mlruns/0/6cbd1eda3cbb4ff49b6a6879f1662961/tags/mlflow.source.name
[2025-03-09T16:25:41.547+0000] {subprocess.py:93} INFO - 	new file:   mlruns/0/6cbd1eda3cbb4ff49b6a6879f1662961/tags/mlflow.source.type
[2025-03-09T16:25:41.547+0000] {subprocess.py:93} INFO - 	new file:   mlruns/0/6cbd1eda3cbb4ff49b6a6879f1662961/tags/mlflow.user
[2025-03-09T16:25:41.547+0000] {subprocess.py:93} INFO - 	new file:   mlruns/0/8853e12a30fd42dcbe54c70f3ee5a902/meta.yaml
[2025-03-09T16:25:41.547+0000] {subprocess.py:93} INFO - 	new file:   mlruns/0/8853e12a30fd42dcbe54c70f3ee5a902/metrics/accuracy
[2025-03-09T16:25:41.547+0000] {subprocess.py:93} INFO - 	new file:   mlruns/0/8853e12a30fd42dcbe54c70f3ee5a902/metrics/f1_score
[2025-03-09T16:25:41.547+0000] {subprocess.py:93} INFO - 	new file:   mlruns/0/8853e12a30fd42dcbe54c70f3ee5a902/metrics/precision
[2025-03-09T16:25:41.548+0000] {subprocess.py:93} INFO - 	new file:   mlruns/0/8853e12a30fd42dcbe54c70f3ee5a902/metrics/recall
[2025-03-09T16:25:41.548+0000] {subprocess.py:93} INFO - 	new file:   mlruns/0/8853e12a30fd42dcbe54c70f3ee5a902/params/model_type
[2025-03-09T16:25:41.548+0000] {subprocess.py:93} INFO - 	new file:   mlruns/0/8853e12a30fd42dcbe54c70f3ee5a902/tags/mlflow.log-model.history
[2025-03-09T16:25:41.548+0000] {subprocess.py:93} INFO - 	new file:   mlruns/0/8853e12a30fd42dcbe54c70f3ee5a902/tags/mlflow.runName
[2025-03-09T16:25:41.548+0000] {subprocess.py:93} INFO - 	new file:   mlruns/0/8853e12a30fd42dcbe54c70f3ee5a902/tags/mlflow.source.git.commit
[2025-03-09T16:25:41.548+0000] {subprocess.py:93} INFO - 	new file:   mlruns/0/8853e12a30fd42dcbe54c70f3ee5a902/tags/mlflow.source.name
[2025-03-09T16:25:41.548+0000] {subprocess.py:93} INFO - 	new file:   mlruns/0/8853e12a30fd42dcbe54c70f3ee5a902/tags/mlflow.source.type
[2025-03-09T16:25:41.549+0000] {subprocess.py:93} INFO - 	new file:   mlruns/0/8853e12a30fd42dcbe54c70f3ee5a902/tags/mlflow.user
[2025-03-09T16:25:41.549+0000] {subprocess.py:93} INFO - 	new file:   mlruns/0/99335cc5ed91470fb5be770691e53a80/meta.yaml
[2025-03-09T16:25:41.549+0000] {subprocess.py:93} INFO - 	new file:   mlruns/0/99335cc5ed91470fb5be770691e53a80/metrics/accuracy
[2025-03-09T16:25:41.549+0000] {subprocess.py:93} INFO - 	new file:   mlruns/0/99335cc5ed91470fb5be770691e53a80/metrics/f1_score
[2025-03-09T16:25:41.549+0000] {subprocess.py:93} INFO - 	new file:   mlruns/0/99335cc5ed91470fb5be770691e53a80/metrics/precision
[2025-03-09T16:25:41.550+0000] {subprocess.py:93} INFO - 	new file:   mlruns/0/99335cc5ed91470fb5be770691e53a80/metrics/recall
[2025-03-09T16:25:41.550+0000] {subprocess.py:93} INFO - 	new file:   mlruns/0/99335cc5ed91470fb5be770691e53a80/params/model_type
[2025-03-09T16:25:41.550+0000] {subprocess.py:93} INFO - 	new file:   mlruns/0/99335cc5ed91470fb5be770691e53a80/tags/mlflow.log-model.history
[2025-03-09T16:25:41.550+0000] {subprocess.py:93} INFO - 	new file:   mlruns/0/99335cc5ed91470fb5be770691e53a80/tags/mlflow.runName
[2025-03-09T16:25:41.550+0000] {subprocess.py:93} INFO - 	new file:   mlruns/0/99335cc5ed91470fb5be770691e53a80/tags/mlflow.source.git.commit
[2025-03-09T16:25:41.550+0000] {subprocess.py:93} INFO - 	new file:   mlruns/0/99335cc5ed91470fb5be770691e53a80/tags/mlflow.source.name
[2025-03-09T16:25:41.551+0000] {subprocess.py:93} INFO - 	new file:   mlruns/0/99335cc5ed91470fb5be770691e53a80/tags/mlflow.source.type
[2025-03-09T16:25:41.551+0000] {subprocess.py:93} INFO - 	new file:   mlruns/0/99335cc5ed91470fb5be770691e53a80/tags/mlflow.user
[2025-03-09T16:25:41.551+0000] {subprocess.py:93} INFO - 	modified:   mlruns/models/Best_ML_Model/meta.yaml
[2025-03-09T16:25:41.551+0000] {subprocess.py:93} INFO - 	new file:   mlruns/models/Best_ML_Model/version-7/meta.yaml
[2025-03-09T16:25:41.551+0000] {subprocess.py:93} INFO - 
[2025-03-09T16:25:41.551+0000] {subprocess.py:93} INFO - Untracked files:
[2025-03-09T16:25:41.552+0000] {subprocess.py:93} INFO -   (use "git add <file>..." to include in what will be committed)
[2025-03-09T16:25:41.552+0000] {subprocess.py:93} INFO - 	customer_churn_stats/feature_repo/data/online_store.db
[2025-03-09T16:25:41.552+0000] {subprocess.py:93} INFO - 	customer_churn_stats/feature_repo/data/registry.db
[2025-03-09T16:25:41.552+0000] {subprocess.py:93} INFO - 	mlartifacts/
[2025-03-09T16:25:41.552+0000] {subprocess.py:93} INFO - 	models/
[2025-03-09T16:25:41.553+0000] {subprocess.py:93} INFO - 	online.db
[2025-03-09T16:25:41.553+0000] {subprocess.py:93} INFO - 
[2025-03-09T16:25:41.655+0000] {subprocess.py:93} INFO - [main 72fd6b8] Trained model version
[2025-03-09T16:25:41.655+0000] {subprocess.py:93} INFO -  43 files changed, 425 insertions(+), 1 deletion(-)
[2025-03-09T16:25:41.655+0000] {subprocess.py:93} INFO -  create mode 100644 logs/dag_id=customer_churn_ml_pipeline/run_id=manual__2025-03-09T16:21:05.896094+00:00/task_id=feature_store_task/attempt=1.log
[2025-03-09T16:25:41.655+0000] {subprocess.py:93} INFO -  create mode 100644 logs/dag_id=customer_churn_ml_pipeline/run_id=manual__2025-03-09T16:21:05.896094+00:00/task_id=model_training_task/attempt=1.log
[2025-03-09T16:25:41.656+0000] {subprocess.py:93} INFO -  create mode 100644 mlruns/0/6cbd1eda3cbb4ff49b6a6879f1662961/meta.yaml
[2025-03-09T16:25:41.656+0000] {subprocess.py:93} INFO -  create mode 100644 mlruns/0/6cbd1eda3cbb4ff49b6a6879f1662961/metrics/accuracy
[2025-03-09T16:25:41.656+0000] {subprocess.py:93} INFO -  create mode 100644 mlruns/0/6cbd1eda3cbb4ff49b6a6879f1662961/metrics/f1_score
[2025-03-09T16:25:41.656+0000] {subprocess.py:93} INFO -  create mode 100644 mlruns/0/6cbd1eda3cbb4ff49b6a6879f1662961/metrics/precision
[2025-03-09T16:25:41.656+0000] {subprocess.py:93} INFO -  create mode 100644 mlruns/0/6cbd1eda3cbb4ff49b6a6879f1662961/metrics/recall
[2025-03-09T16:25:41.657+0000] {subprocess.py:93} INFO -  create mode 100644 mlruns/0/6cbd1eda3cbb4ff49b6a6879f1662961/params/model_type
[2025-03-09T16:25:41.657+0000] {subprocess.py:93} INFO -  create mode 100644 mlruns/0/6cbd1eda3cbb4ff49b6a6879f1662961/tags/mlflow.log-model.history
[2025-03-09T16:25:41.657+0000] {subprocess.py:93} INFO -  create mode 100644 mlruns/0/6cbd1eda3cbb4ff49b6a6879f1662961/tags/mlflow.runName
[2025-03-09T16:25:41.657+0000] {subprocess.py:93} INFO -  create mode 100644 mlruns/0/6cbd1eda3cbb4ff49b6a6879f1662961/tags/mlflow.source.git.commit
[2025-03-09T16:25:41.657+0000] {subprocess.py:93} INFO -  create mode 100644 mlruns/0/6cbd1eda3cbb4ff49b6a6879f1662961/tags/mlflow.source.name
[2025-03-09T16:25:41.657+0000] {subprocess.py:93} INFO -  create mode 100644 mlruns/0/6cbd1eda3cbb4ff49b6a6879f1662961/tags/mlflow.source.type
[2025-03-09T16:25:41.658+0000] {subprocess.py:93} INFO -  create mode 100644 mlruns/0/6cbd1eda3cbb4ff49b6a6879f1662961/tags/mlflow.user
[2025-03-09T16:25:41.658+0000] {subprocess.py:93} INFO -  create mode 100644 mlruns/0/8853e12a30fd42dcbe54c70f3ee5a902/meta.yaml
[2025-03-09T16:25:41.658+0000] {subprocess.py:93} INFO -  create mode 100644 mlruns/0/8853e12a30fd42dcbe54c70f3ee5a902/metrics/accuracy
[2025-03-09T16:25:41.658+0000] {subprocess.py:93} INFO -  create mode 100644 mlruns/0/8853e12a30fd42dcbe54c70f3ee5a902/metrics/f1_score
[2025-03-09T16:25:41.658+0000] {subprocess.py:93} INFO -  create mode 100644 mlruns/0/8853e12a30fd42dcbe54c70f3ee5a902/metrics/precision
[2025-03-09T16:25:41.658+0000] {subprocess.py:93} INFO -  create mode 100644 mlruns/0/8853e12a30fd42dcbe54c70f3ee5a902/metrics/recall
[2025-03-09T16:25:41.659+0000] {subprocess.py:93} INFO -  create mode 100644 mlruns/0/8853e12a30fd42dcbe54c70f3ee5a902/params/model_type
[2025-03-09T16:25:41.659+0000] {subprocess.py:93} INFO -  create mode 100644 mlruns/0/8853e12a30fd42dcbe54c70f3ee5a902/tags/mlflow.log-model.history
[2025-03-09T16:25:41.659+0000] {subprocess.py:93} INFO -  create mode 100644 mlruns/0/8853e12a30fd42dcbe54c70f3ee5a902/tags/mlflow.runName
[2025-03-09T16:25:41.659+0000] {subprocess.py:93} INFO -  create mode 100644 mlruns/0/8853e12a30fd42dcbe54c70f3ee5a902/tags/mlflow.source.git.commit
[2025-03-09T16:25:41.659+0000] {subprocess.py:93} INFO -  create mode 100644 mlruns/0/8853e12a30fd42dcbe54c70f3ee5a902/tags/mlflow.source.name
[2025-03-09T16:25:41.660+0000] {subprocess.py:93} INFO -  create mode 100644 mlruns/0/8853e12a30fd42dcbe54c70f3ee5a902/tags/mlflow.source.type
[2025-03-09T16:25:41.660+0000] {subprocess.py:93} INFO -  create mode 100644 mlruns/0/8853e12a30fd42dcbe54c70f3ee5a902/tags/mlflow.user
[2025-03-09T16:25:41.660+0000] {subprocess.py:93} INFO -  create mode 100644 mlruns/0/99335cc5ed91470fb5be770691e53a80/meta.yaml
[2025-03-09T16:25:41.660+0000] {subprocess.py:93} INFO -  create mode 100644 mlruns/0/99335cc5ed91470fb5be770691e53a80/metrics/accuracy
[2025-03-09T16:25:41.660+0000] {subprocess.py:93} INFO -  create mode 100644 mlruns/0/99335cc5ed91470fb5be770691e53a80/metrics/f1_score
[2025-03-09T16:25:41.660+0000] {subprocess.py:93} INFO -  create mode 100644 mlruns/0/99335cc5ed91470fb5be770691e53a80/metrics/precision
[2025-03-09T16:25:41.661+0000] {subprocess.py:93} INFO -  create mode 100644 mlruns/0/99335cc5ed91470fb5be770691e53a80/metrics/recall
[2025-03-09T16:25:41.661+0000] {subprocess.py:93} INFO -  create mode 100644 mlruns/0/99335cc5ed91470fb5be770691e53a80/params/model_type
[2025-03-09T16:25:41.661+0000] {subprocess.py:93} INFO -  create mode 100644 mlruns/0/99335cc5ed91470fb5be770691e53a80/tags/mlflow.log-model.history
[2025-03-09T16:25:41.661+0000] {subprocess.py:93} INFO -  create mode 100644 mlruns/0/99335cc5ed91470fb5be770691e53a80/tags/mlflow.runName
[2025-03-09T16:25:41.661+0000] {subprocess.py:93} INFO -  create mode 100644 mlruns/0/99335cc5ed91470fb5be770691e53a80/tags/mlflow.source.git.commit
[2025-03-09T16:25:41.662+0000] {subprocess.py:93} INFO -  create mode 100644 mlruns/0/99335cc5ed91470fb5be770691e53a80/tags/mlflow.source.name
[2025-03-09T16:25:41.662+0000] {subprocess.py:93} INFO -  create mode 100644 mlruns/0/99335cc5ed91470fb5be770691e53a80/tags/mlflow.source.type
[2025-03-09T16:25:41.662+0000] {subprocess.py:93} INFO -  create mode 100644 mlruns/0/99335cc5ed91470fb5be770691e53a80/tags/mlflow.user
[2025-03-09T16:25:41.662+0000] {subprocess.py:93} INFO -  create mode 100644 mlruns/models/Best_ML_Model/version-7/meta.yaml
[2025-03-09T16:25:41.662+0000] {subprocess.py:93} INFO - /bin/bash: line 3:  : command not found
[2025-03-09T16:25:43.552+0000] {subprocess.py:93} INFO - To https://github.com/anniemathew-trial/customer_churn_pipeline.git
[2025-03-09T16:25:43.553+0000] {subprocess.py:93} INFO -    fea14d0..72fd6b8  main -> main
[2025-03-09T16:25:43.561+0000] {subprocess.py:97} INFO - Command exited with return code 0
[2025-03-09T16:25:43.595+0000] {taskinstance.py:1400} INFO - Marking task as SUCCESS. dag_id=customer_churn_ml_pipeline, task_id=model_training_task, execution_date=20250309T162105, start_date=20250309T162501, end_date=20250309T162543
[2025-03-09T16:25:43.620+0000] {local_task_job_runner.py:228} INFO - Task exited with return code 0
[2025-03-09T16:25:43.641+0000] {taskinstance.py:2778} INFO - 0 downstream tasks scheduled from follow-on schedule check
