[2025-02-28T06:38:44.246+0000] {taskinstance.py:1159} INFO - Dependencies all met for dep_context=non-requeueable deps ti=<TaskInstance: customer_churn_ml_pipeline.pull manual__2025-02-28T06:38:43.211772+00:00 [queued]>
[2025-02-28T06:38:44.255+0000] {taskinstance.py:1159} INFO - Dependencies all met for dep_context=requeueable deps ti=<TaskInstance: customer_churn_ml_pipeline.pull manual__2025-02-28T06:38:43.211772+00:00 [queued]>
[2025-02-28T06:38:44.255+0000] {taskinstance.py:1361} INFO - Starting attempt 1 of 1
[2025-02-28T06:38:44.275+0000] {taskinstance.py:1382} INFO - Executing <Task(BashOperator): pull> on 2025-02-28 06:38:43.211772+00:00
[2025-02-28T06:38:44.279+0000] {standard_task_runner.py:57} INFO - Started process 10495 to run task
[2025-02-28T06:38:44.282+0000] {standard_task_runner.py:84} INFO - Running: ['***', 'tasks', 'run', 'customer_churn_ml_pipeline', 'pull', 'manual__2025-02-28T06:38:43.211772+00:00', '--job-id', '58', '--raw', '--subdir', 'DAGS_FOLDER/customer_churn.py', '--cfg-path', '/tmp/tmpb7djlzb3']
[2025-02-28T06:38:44.285+0000] {standard_task_runner.py:85} INFO - Job 58: Subtask pull
[2025-02-28T06:38:44.308+0000] {logging_mixin.py:154} WARNING - /home/***/.local/lib/python3.8/site-packages/***/settings.py:195 DeprecationWarning: The sql_alchemy_conn option in [core] has been moved to the sql_alchemy_conn option in [database] - the old setting has been used, but please update your config.
[2025-02-28T06:38:44.360+0000] {task_command.py:416} INFO - Running <TaskInstance: customer_churn_ml_pipeline.pull manual__2025-02-28T06:38:43.211772+00:00 [running]> on host 4470298645d8
[2025-02-28T06:38:44.468+0000] {taskinstance.py:1662} INFO - Exporting env vars: AIRFLOW_CTX_DAG_OWNER='***' AIRFLOW_CTX_DAG_ID='customer_churn_ml_pipeline' AIRFLOW_CTX_TASK_ID='pull' AIRFLOW_CTX_EXECUTION_DATE='2025-02-28T06:38:43.211772+00:00' AIRFLOW_CTX_TRY_NUMBER='1' AIRFLOW_CTX_DAG_RUN_ID='manual__2025-02-28T06:38:43.211772+00:00'
[2025-02-28T06:38:44.469+0000] {subprocess.py:63} INFO - Tmp dir root location: /tmp
[2025-02-28T06:38:44.470+0000] {subprocess.py:75} INFO - Running command: ['/bin/bash', '-c', 'cd /opt/*** && dvc pull && git pull --rebase']
[2025-02-28T06:38:44.480+0000] {subprocess.py:86} INFO - Output:
[2025-02-28T06:38:47.231+0000] {subprocess.py:93} INFO - Everything is up to date.
[2025-02-28T06:38:47.531+0000] {subprocess.py:93} INFO - error: cannot pull with rebase: You have unstaged changes.
[2025-02-28T06:38:47.531+0000] {subprocess.py:93} INFO - error: please commit or stash them.
[2025-02-28T06:38:47.532+0000] {subprocess.py:97} INFO - Command exited with return code 128
[2025-02-28T06:38:47.549+0000] {taskinstance.py:1937} ERROR - Task failed with exception
Traceback (most recent call last):
  File "/home/airflow/.local/lib/python3.8/site-packages/airflow/operators/bash.py", line 210, in execute
    raise AirflowException(
airflow.exceptions.AirflowException: Bash command failed. The command returned a non-zero exit code 128.
[2025-02-28T06:38:47.554+0000] {taskinstance.py:1400} INFO - Marking task as FAILED. dag_id=customer_churn_ml_pipeline, task_id=pull, execution_date=20250228T063843, start_date=20250228T063844, end_date=20250228T063847
[2025-02-28T06:38:47.571+0000] {standard_task_runner.py:104} ERROR - Failed to execute job 58 for task pull (Bash command failed. The command returned a non-zero exit code 128.; 10495)
[2025-02-28T06:38:47.592+0000] {local_task_job_runner.py:228} INFO - Task exited with return code 1
[2025-02-28T06:38:47.631+0000] {taskinstance.py:2778} INFO - 0 downstream tasks scheduled from follow-on schedule check
