[2025-03-03T12:41:13.675+0000] {taskinstance.py:1159} INFO - Dependencies all met for dep_context=non-requeueable deps ti=<TaskInstance: customer_churn_ml_pipeline.data_transformation_task scheduled__2025-03-02T08:00:00+00:00 [queued]>
[2025-03-03T12:41:13.689+0000] {taskinstance.py:1159} INFO - Dependencies all met for dep_context=requeueable deps ti=<TaskInstance: customer_churn_ml_pipeline.data_transformation_task scheduled__2025-03-02T08:00:00+00:00 [queued]>
[2025-03-03T12:41:13.690+0000] {taskinstance.py:1361} INFO - Starting attempt 1 of 1
[2025-03-03T12:41:13.707+0000] {taskinstance.py:1382} INFO - Executing <Task(BashOperator): data_transformation_task> on 2025-03-02 08:00:00+00:00
[2025-03-03T12:41:13.711+0000] {standard_task_runner.py:57} INFO - Started process 512 to run task
[2025-03-03T12:41:13.715+0000] {standard_task_runner.py:84} INFO - Running: ['***', 'tasks', 'run', 'customer_churn_ml_pipeline', 'data_transformation_task', 'scheduled__2025-03-02T08:00:00+00:00', '--job-id', '73', '--raw', '--subdir', 'DAGS_FOLDER/customer_churn.py', '--cfg-path', '/tmp/tmpoqitnur2']
[2025-03-03T12:41:13.718+0000] {standard_task_runner.py:85} INFO - Job 73: Subtask data_transformation_task
[2025-03-03T12:41:13.743+0000] {logging_mixin.py:154} WARNING - /home/***/.local/lib/python3.8/site-packages/***/settings.py:195 DeprecationWarning: The sql_alchemy_conn option in [core] has been moved to the sql_alchemy_conn option in [database] - the old setting has been used, but please update your config.
[2025-03-03T12:41:13.798+0000] {task_command.py:416} INFO - Running <TaskInstance: customer_churn_ml_pipeline.data_transformation_task scheduled__2025-03-02T08:00:00+00:00 [running]> on host 157237bff8f7
[2025-03-03T12:41:13.923+0000] {taskinstance.py:1662} INFO - Exporting env vars: AIRFLOW_CTX_DAG_OWNER='***' AIRFLOW_CTX_DAG_ID='customer_churn_ml_pipeline' AIRFLOW_CTX_TASK_ID='data_transformation_task' AIRFLOW_CTX_EXECUTION_DATE='2025-03-02T08:00:00+00:00' AIRFLOW_CTX_TRY_NUMBER='1' AIRFLOW_CTX_DAG_RUN_ID='scheduled__2025-03-02T08:00:00+00:00'
[2025-03-03T12:41:13.924+0000] {subprocess.py:63} INFO - Tmp dir root location: /tmp
[2025-03-03T12:41:13.925+0000] {subprocess.py:75} INFO - Running command: ['/bin/bash', '-c', '\n\t\t\tcd /opt/*** &&                        dvc pull /opt/***/data/cleaned\n                        python /opt/***/executables/data_transformation.py &&                         dvc add /opt/***/data/transformed &&                         git add /opt/***/data/transformed.dvc && \t\t\tgit add logs &&    \t\t\tgit status &&                         git commit -m "Updated transformed data version" -a &&                         dvc push && git push\n                    ']
[2025-03-03T12:41:13.935+0000] {subprocess.py:86} INFO - Output:
[2025-03-03T12:41:17.845+0000] {subprocess.py:93} INFO - Everything is up to date.
[2025-03-03T12:41:20.868+0000] {subprocess.py:93} INFO - Traceback (most recent call last):
[2025-03-03T12:41:20.869+0000] {subprocess.py:93} INFO -   File "/opt/***/executables/data_transformation.py", line 88, in <module>
[2025-03-03T12:41:20.869+0000] {subprocess.py:93} INFO -     data_transformation("customer_data.csv")
[2025-03-03T12:41:20.869+0000] {subprocess.py:93} INFO - TypeError: data_transformation() missing 1 required positional argument: 'source'
[2025-03-03T12:41:21.100+0000] {subprocess.py:97} INFO - Command exited with return code 1
[2025-03-03T12:41:21.131+0000] {taskinstance.py:1937} ERROR - Task failed with exception
Traceback (most recent call last):
  File "/home/airflow/.local/lib/python3.8/site-packages/airflow/operators/bash.py", line 210, in execute
    raise AirflowException(
airflow.exceptions.AirflowException: Bash command failed. The command returned a non-zero exit code 1.
[2025-03-03T12:41:21.140+0000] {taskinstance.py:1400} INFO - Marking task as FAILED. dag_id=customer_churn_ml_pipeline, task_id=data_transformation_task, execution_date=20250302T080000, start_date=20250303T124113, end_date=20250303T124121
[2025-03-03T12:41:21.185+0000] {standard_task_runner.py:104} ERROR - Failed to execute job 73 for task data_transformation_task (Bash command failed. The command returned a non-zero exit code 1.; 512)
[2025-03-03T12:41:21.206+0000] {local_task_job_runner.py:228} INFO - Task exited with return code 1
[2025-03-03T12:41:21.262+0000] {taskinstance.py:2778} INFO - 0 downstream tasks scheduled from follow-on schedule check
