[2025-03-03T17:14:31.112+0000] {taskinstance.py:1159} INFO - Dependencies all met for dep_context=non-requeueable deps ti=<TaskInstance: customer_churn_ml_pipeline.data_preparation_task manual__2025-03-03T17:13:52.894255+00:00 [queued]>
[2025-03-03T17:14:31.127+0000] {taskinstance.py:1159} INFO - Dependencies all met for dep_context=requeueable deps ti=<TaskInstance: customer_churn_ml_pipeline.data_preparation_task manual__2025-03-03T17:13:52.894255+00:00 [queued]>
[2025-03-03T17:14:31.127+0000] {taskinstance.py:1361} INFO - Starting attempt 1 of 1
[2025-03-03T17:14:31.149+0000] {taskinstance.py:1382} INFO - Executing <Task(BashOperator): data_preparation_task> on 2025-03-03 17:13:52.894255+00:00
[2025-03-03T17:14:31.156+0000] {standard_task_runner.py:57} INFO - Started process 7773 to run task
[2025-03-03T17:14:31.161+0000] {standard_task_runner.py:84} INFO - Running: ['***', 'tasks', 'run', 'customer_churn_ml_pipeline', 'data_preparation_task', 'manual__2025-03-03T17:13:52.894255+00:00', '--job-id', '148', '--raw', '--subdir', 'DAGS_FOLDER/customer_churn.py', '--cfg-path', '/tmp/tmp9499005w']
[2025-03-03T17:14:31.165+0000] {standard_task_runner.py:85} INFO - Job 148: Subtask data_preparation_task
[2025-03-03T17:14:31.199+0000] {logging_mixin.py:154} WARNING - /home/***/.local/lib/python3.8/site-packages/***/settings.py:195 DeprecationWarning: The sql_alchemy_conn option in [core] has been moved to the sql_alchemy_conn option in [database] - the old setting has been used, but please update your config.
[2025-03-03T17:14:31.266+0000] {task_command.py:416} INFO - Running <TaskInstance: customer_churn_ml_pipeline.data_preparation_task manual__2025-03-03T17:13:52.894255+00:00 [running]> on host 157237bff8f7
[2025-03-03T17:14:31.429+0000] {taskinstance.py:1662} INFO - Exporting env vars: AIRFLOW_CTX_DAG_OWNER='***' AIRFLOW_CTX_DAG_ID='customer_churn_ml_pipeline' AIRFLOW_CTX_TASK_ID='data_preparation_task' AIRFLOW_CTX_EXECUTION_DATE='2025-03-03T17:13:52.894255+00:00' AIRFLOW_CTX_TRY_NUMBER='1' AIRFLOW_CTX_DAG_RUN_ID='manual__2025-03-03T17:13:52.894255+00:00'
[2025-03-03T17:14:31.430+0000] {subprocess.py:63} INFO - Tmp dir root location: /tmp
[2025-03-03T17:14:31.431+0000] {subprocess.py:75} INFO - Running command: ['/bin/bash', '-c', '\n\t\t\tcd /opt/*** &&\t\t\tpython /opt/***/executables/data_preparation.py &&                         dvc add /opt/***/data/cleaned &&                         git add /opt/***/data/cleaned.dvc && \t\t\tgit add logs && \\   \n\t\t\tgit add visualization &&    \t\t\tgit status &&                         git commit -m "Updated cleaned data version" -a &&                         dvc push && git push\n                    ']
[2025-03-03T17:14:31.445+0000] {subprocess.py:86} INFO - Output:
[2025-03-03T17:14:34.399+0000] {subprocess.py:93} INFO - 2025-03-03 17:14:34,399 : INFO : Starting data preparation for customer_data.csv.
[2025-03-03T17:14:34.418+0000] {subprocess.py:93} INFO - 2025-03-03 17:14:34,418 : INFO : Dropping 'Tenure' less than 0 and greater than 110 * 12
[2025-03-03T17:14:34.421+0000] {subprocess.py:93} INFO - 2025-03-03 17:14:34,421 : INFO : Handling 'Age' empty data
[2025-03-03T17:14:34.422+0000] {subprocess.py:93} INFO - 2025-03-03 17:14:34,422 : INFO : Dropping 'Age' less than 18 and greater than 110
[2025-03-03T17:14:34.425+0000] {subprocess.py:93} INFO - 2025-03-03 17:14:34,425 : INFO : Dropping 'Estimated Salary' & 'Credit Score' with 0 & negative values
[2025-03-03T17:14:34.428+0000] {subprocess.py:93} INFO - 2025-03-03 17:14:34,427 : INFO : Handling 'Balance', 'EstimatedSalary' empty data with mean
[2025-03-03T17:14:34.428+0000] {subprocess.py:93} INFO - 2025-03-03 17:14:34,428 : INFO : Droping 'Surname' as it may lead to profiling, 'RowNumber', 'CustomerId' as it is not required
[2025-03-03T17:14:34.429+0000] {subprocess.py:93} INFO - 2025-03-03 17:14:34,429 : INFO : Making 'Geography', 'Gender', 'HasCrCard', 'IsActiveMember' as categorical
[2025-03-03T17:14:34.436+0000] {subprocess.py:93} INFO - 2025-03-03 17:14:34,436 : INFO : Saving data to S3.
[2025-03-03T17:14:34.437+0000] {subprocess.py:93} INFO - 2025-03-03 17:14:34,437 : INFO : Directory created at /opt/***/data/cleaned/fintech1/03-03-2025/csv
[2025-03-03T17:14:34.618+0000] {subprocess.py:93} INFO - 2025-03-03 17:14:34,618 : INFO : Connected to s3
[2025-03-03T17:14:37.382+0000] {subprocess.py:93} INFO - 2025-03-03 17:14:37,382 : INFO : File uploaded to S3
[2025-03-03T17:14:37.384+0000] {subprocess.py:93} INFO - 2025-03-03 17:14:37,384 : INFO : Creating Pie chart
[2025-03-03T17:14:37.446+0000] {subprocess.py:93} INFO - 2025-03-03 17:14:37,446 : INFO : Generating histogram for column CreditScore.
[2025-03-03T17:14:37.559+0000] {subprocess.py:93} INFO - 2025-03-03 17:14:37,559 : INFO : Generating histogram for column Geography.
[2025-03-03T17:14:37.741+0000] {subprocess.py:93} INFO - 2025-03-03 17:14:37,741 : INFO : Generating histogram for column Gender.
[2025-03-03T17:14:37.842+0000] {subprocess.py:93} INFO - 2025-03-03 17:14:37,841 : INFO : Generating histogram for column Age.
[2025-03-03T17:14:37.982+0000] {subprocess.py:93} INFO - 2025-03-03 17:14:37,981 : INFO : Generating histogram for column Tenure.
[2025-03-03T17:14:38.126+0000] {subprocess.py:93} INFO - 2025-03-03 17:14:38,126 : INFO : Generating histogram for column Balance.
[2025-03-03T17:14:38.286+0000] {subprocess.py:93} INFO - 2025-03-03 17:14:38,286 : INFO : Generating histogram for column NumOfProducts.
[2025-03-03T17:14:38.436+0000] {subprocess.py:93} INFO - 2025-03-03 17:14:38,436 : INFO : Generating histogram for column HasCrCard.
[2025-03-03T17:14:38.605+0000] {subprocess.py:93} INFO - 2025-03-03 17:14:38,605 : INFO : Generating histogram for column IsActiveMember.
[2025-03-03T17:14:38.770+0000] {subprocess.py:93} INFO - 2025-03-03 17:14:38,769 : INFO : Generating histogram for column EstimatedSalary.
[2025-03-03T17:14:38.941+0000] {subprocess.py:93} INFO - 2025-03-03 17:14:38,940 : INFO : Generating histogram for column Exited.
[2025-03-03T17:14:39.120+0000] {subprocess.py:93} INFO - 2025-03-03 17:14:39,120 : INFO : Generating histogram for relation of Exited with Categorical data.
[2025-03-03T17:14:39.418+0000] {subprocess.py:93} INFO - 2025-03-03 17:14:39,417 : INFO : Using categorical units to plot a list of strings that are all parsable as floats or dates. If these strings should be plotted as numbers, cast to the appropriate data type before plotting.
[2025-03-03T17:14:39.433+0000] {subprocess.py:93} INFO - 2025-03-03 17:14:39,433 : INFO : Using categorical units to plot a list of strings that are all parsable as floats or dates. If these strings should be plotted as numbers, cast to the appropriate data type before plotting.
[2025-03-03T17:14:39.507+0000] {subprocess.py:93} INFO - 2025-03-03 17:14:39,507 : INFO : Using categorical units to plot a list of strings that are all parsable as floats or dates. If these strings should be plotted as numbers, cast to the appropriate data type before plotting.
[2025-03-03T17:14:39.522+0000] {subprocess.py:93} INFO - 2025-03-03 17:14:39,522 : INFO : Using categorical units to plot a list of strings that are all parsable as floats or dates. If these strings should be plotted as numbers, cast to the appropriate data type before plotting.
[2025-03-03T17:14:39.570+0000] {subprocess.py:93} INFO - 2025-03-03 17:14:39,570 : INFO : Generating box plots for relation of Exited with non Categorical data.
[2025-03-03T17:14:39.749+0000] {subprocess.py:93} INFO - 2025-03-03 17:14:39,749 : INFO : Using categorical units to plot a list of strings that are all parsable as floats or dates. If these strings should be plotted as numbers, cast to the appropriate data type before plotting.
[2025-03-03T17:14:39.771+0000] {subprocess.py:93} INFO - 2025-03-03 17:14:39,771 : INFO : Using categorical units to plot a list of strings that are all parsable as floats or dates. If these strings should be plotted as numbers, cast to the appropriate data type before plotting.
[2025-03-03T17:14:39.870+0000] {subprocess.py:93} INFO - 2025-03-03 17:14:39,869 : INFO : Using categorical units to plot a list of strings that are all parsable as floats or dates. If these strings should be plotted as numbers, cast to the appropriate data type before plotting.
[2025-03-03T17:14:39.888+0000] {subprocess.py:93} INFO - 2025-03-03 17:14:39,888 : INFO : Using categorical units to plot a list of strings that are all parsable as floats or dates. If these strings should be plotted as numbers, cast to the appropriate data type before plotting.
[2025-03-03T17:14:39.996+0000] {subprocess.py:93} INFO - 2025-03-03 17:14:39,996 : INFO : Using categorical units to plot a list of strings that are all parsable as floats or dates. If these strings should be plotted as numbers, cast to the appropriate data type before plotting.
[2025-03-03T17:14:40.015+0000] {subprocess.py:93} INFO - 2025-03-03 17:14:40,014 : INFO : Using categorical units to plot a list of strings that are all parsable as floats or dates. If these strings should be plotted as numbers, cast to the appropriate data type before plotting.
[2025-03-03T17:14:40.114+0000] {subprocess.py:93} INFO - 2025-03-03 17:14:40,113 : INFO : Using categorical units to plot a list of strings that are all parsable as floats or dates. If these strings should be plotted as numbers, cast to the appropriate data type before plotting.
[2025-03-03T17:14:40.132+0000] {subprocess.py:93} INFO - 2025-03-03 17:14:40,132 : INFO : Using categorical units to plot a list of strings that are all parsable as floats or dates. If these strings should be plotted as numbers, cast to the appropriate data type before plotting.
[2025-03-03T17:14:40.222+0000] {subprocess.py:93} INFO - 2025-03-03 17:14:40,222 : INFO : Using categorical units to plot a list of strings that are all parsable as floats or dates. If these strings should be plotted as numbers, cast to the appropriate data type before plotting.
[2025-03-03T17:14:40.239+0000] {subprocess.py:93} INFO - 2025-03-03 17:14:40,239 : INFO : Using categorical units to plot a list of strings that are all parsable as floats or dates. If these strings should be plotted as numbers, cast to the appropriate data type before plotting.
[2025-03-03T17:14:40.436+0000] {subprocess.py:93} INFO - 2025-03-03 17:14:40,435 : INFO : Using categorical units to plot a list of strings that are all parsable as floats or dates. If these strings should be plotted as numbers, cast to the appropriate data type before plotting.
[2025-03-03T17:14:40.452+0000] {subprocess.py:93} INFO - 2025-03-03 17:14:40,451 : INFO : Using categorical units to plot a list of strings that are all parsable as floats or dates. If these strings should be plotted as numbers, cast to the appropriate data type before plotting.
[2025-03-03T17:14:40.913+0000] {subprocess.py:93} INFO - 2025-03-03 17:14:40,913 : INFO : Saved pdf in /opt/***/visualization/fintech1/03-03-2025/csv/plots.pdf
[2025-03-03T17:14:40.964+0000] {subprocess.py:93} INFO - 2025-03-03 17:14:40,964 : INFO : Starting data preparation for database_data.csv.
[2025-03-03T17:14:40.965+0000] {subprocess.py:93} INFO - 2025-03-03 17:14:40,965 : ERROR : Error in preparing data[Errno 2] No such file or directory: '/opt/***/data/raw/fintech2/03-03-2025/database/database_data.csv'
[2025-03-03T17:14:40.968+0000] {subprocess.py:93} INFO - Traceback (most recent call last):
[2025-03-03T17:14:40.968+0000] {subprocess.py:93} INFO -   File "/opt/***/executables/data_preparation.py", line 149, in <module>
[2025-03-03T17:14:40.969+0000] {subprocess.py:93} INFO -     prepare_data("database_data.csv", "database", "fintech2", "database_data.csv")
[2025-03-03T17:14:40.969+0000] {subprocess.py:93} INFO -   File "/opt/***/executables/data_preparation.py", line 92, in prepare_data
[2025-03-03T17:14:40.970+0000] {subprocess.py:93} INFO -     raise e
[2025-03-03T17:14:40.970+0000] {subprocess.py:93} INFO -   File "/opt/***/executables/data_preparation.py", line 45, in prepare_data
[2025-03-03T17:14:40.970+0000] {subprocess.py:93} INFO -     df = pd.read_csv(data_path)
[2025-03-03T17:14:40.971+0000] {subprocess.py:93} INFO -   File "/home/***/.local/lib/python3.8/site-packages/pandas/util/_decorators.py", line 211, in wrapper
[2025-03-03T17:14:40.971+0000] {subprocess.py:93} INFO -     return func(*args, **kwargs)
[2025-03-03T17:14:40.971+0000] {subprocess.py:93} INFO -   File "/home/***/.local/lib/python3.8/site-packages/pandas/util/_decorators.py", line 331, in wrapper
[2025-03-03T17:14:40.972+0000] {subprocess.py:93} INFO -     return func(*args, **kwargs)
[2025-03-03T17:14:40.972+0000] {subprocess.py:93} INFO -   File "/home/***/.local/lib/python3.8/site-packages/pandas/io/parsers/readers.py", line 950, in read_csv
[2025-03-03T17:14:40.972+0000] {subprocess.py:93} INFO -     return _read(filepath_or_buffer, kwds)
[2025-03-03T17:14:40.973+0000] {subprocess.py:93} INFO -   File "/home/***/.local/lib/python3.8/site-packages/pandas/io/parsers/readers.py", line 605, in _read
[2025-03-03T17:14:40.973+0000] {subprocess.py:93} INFO -     parser = TextFileReader(filepath_or_buffer, **kwds)
[2025-03-03T17:14:40.973+0000] {subprocess.py:93} INFO -   File "/home/***/.local/lib/python3.8/site-packages/pandas/io/parsers/readers.py", line 1442, in __init__
[2025-03-03T17:14:40.974+0000] {subprocess.py:93} INFO -     self._engine = self._make_engine(f, self.engine)
[2025-03-03T17:14:40.974+0000] {subprocess.py:93} INFO -   File "/home/***/.local/lib/python3.8/site-packages/pandas/io/parsers/readers.py", line 1735, in _make_engine
[2025-03-03T17:14:40.974+0000] {subprocess.py:93} INFO -     self.handles = get_handle(
[2025-03-03T17:14:40.975+0000] {subprocess.py:93} INFO -   File "/home/***/.local/lib/python3.8/site-packages/pandas/io/common.py", line 856, in get_handle
[2025-03-03T17:14:40.975+0000] {subprocess.py:93} INFO -     handle = open(
[2025-03-03T17:14:40.975+0000] {subprocess.py:93} INFO - FileNotFoundError: [Errno 2] No such file or directory: '/opt/***/data/raw/fintech2/03-03-2025/database/database_data.csv'
[2025-03-03T17:14:41.432+0000] {subprocess.py:93} INFO - On branch main
[2025-03-03T17:14:41.432+0000] {subprocess.py:93} INFO - Your branch is up to date with 'origin/main'.
[2025-03-03T17:14:41.432+0000] {subprocess.py:93} INFO - 
[2025-03-03T17:14:41.433+0000] {subprocess.py:93} INFO - Changes to be committed:
[2025-03-03T17:14:41.433+0000] {subprocess.py:93} INFO -   (use "git restore --staged <file>..." to unstage)
[2025-03-03T17:14:41.433+0000] {subprocess.py:93} INFO - 	modified:   visualization/fintech1/03-03-2025/csv/plots.pdf
[2025-03-03T17:14:41.433+0000] {subprocess.py:93} INFO - 
[2025-03-03T17:14:41.433+0000] {subprocess.py:93} INFO - Changes not staged for commit:
[2025-03-03T17:14:41.433+0000] {subprocess.py:93} INFO -   (use "git add <file>..." to update what will be committed)
[2025-03-03T17:14:41.434+0000] {subprocess.py:93} INFO -   (use "git restore <file>..." to discard changes in working directory)
[2025-03-03T17:14:41.434+0000] {subprocess.py:93} INFO - 	modified:   logs/dag_id=customer_churn_ml_pipeline/run_id=manual__2025-03-03T17:13:52.894255+00:00/task_id=data_validation_task/attempt=1.log
[2025-03-03T17:14:41.434+0000] {subprocess.py:93} INFO - 	modified:   logs/data_preparation.log
[2025-03-03T17:14:41.434+0000] {subprocess.py:93} INFO - 
[2025-03-03T17:14:41.434+0000] {subprocess.py:93} INFO - Untracked files:
[2025-03-03T17:14:41.434+0000] {subprocess.py:93} INFO -   (use "git add <file>..." to include in what will be committed)
[2025-03-03T17:14:41.435+0000] {subprocess.py:93} INFO - 	customer_churn_stats/feature_repo/data/online_store.db
[2025-03-03T17:14:41.435+0000] {subprocess.py:93} INFO - 	customer_churn_stats/feature_repo/data/registry.db
[2025-03-03T17:14:41.435+0000] {subprocess.py:93} INFO - 	logs/dag_id=customer_churn_ml_pipeline/run_id=manual__2025-03-03T17:13:52.894255+00:00/task_id=data_preparation_task/
[2025-03-03T17:14:41.435+0000] {subprocess.py:93} INFO - 	models/
[2025-03-03T17:14:41.435+0000] {subprocess.py:93} INFO - 	online.db
[2025-03-03T17:14:41.436+0000] {subprocess.py:93} INFO - 
[2025-03-03T17:14:41.466+0000] {subprocess.py:93} INFO - [main bae3a16] Updated cleaned data version
[2025-03-03T17:14:41.467+0000] {subprocess.py:93} INFO -  3 files changed, 55 insertions(+)
[2025-03-03T17:14:45.366+0000] {subprocess.py:93} INFO - Everything is up to date.
[2025-03-03T17:14:47.133+0000] {subprocess.py:93} INFO - To https://github.com/anniemathew-trial/customer_churn_pipeline.git
[2025-03-03T17:14:47.134+0000] {subprocess.py:93} INFO -    a4f2370..bae3a16  main -> main
[2025-03-03T17:14:47.139+0000] {subprocess.py:97} INFO - Command exited with return code 0
[2025-03-03T17:14:47.188+0000] {taskinstance.py:1400} INFO - Marking task as SUCCESS. dag_id=customer_churn_ml_pipeline, task_id=data_preparation_task, execution_date=20250303T171352, start_date=20250303T171431, end_date=20250303T171447
[2025-03-03T17:14:47.244+0000] {local_task_job_runner.py:228} INFO - Task exited with return code 0
[2025-03-03T17:14:47.283+0000] {taskinstance.py:2778} INFO - 1 downstream tasks scheduled from follow-on schedule check
