[2025-03-09T10:55:47.346+0000] {taskinstance.py:1159} INFO - Dependencies all met for dep_context=non-requeueable deps ti=<TaskInstance: customer_churn_ml_pipeline.pull_latest_codes scheduled__2025-03-08T08:00:00+00:00 [queued]>
[2025-03-09T10:55:47.360+0000] {taskinstance.py:1159} INFO - Dependencies all met for dep_context=requeueable deps ti=<TaskInstance: customer_churn_ml_pipeline.pull_latest_codes scheduled__2025-03-08T08:00:00+00:00 [queued]>
[2025-03-09T10:55:47.360+0000] {taskinstance.py:1361} INFO - Starting attempt 1 of 1
[2025-03-09T10:55:47.384+0000] {taskinstance.py:1382} INFO - Executing <Task(BashOperator): pull_latest_codes> on 2025-03-08 08:00:00+00:00
[2025-03-09T10:55:47.390+0000] {standard_task_runner.py:57} INFO - Started process 321 to run task
[2025-03-09T10:55:47.393+0000] {standard_task_runner.py:84} INFO - Running: ['***', 'tasks', 'run', 'customer_churn_ml_pipeline', 'pull_latest_codes', 'scheduled__2025-03-08T08:00:00+00:00', '--job-id', '294', '--raw', '--subdir', 'DAGS_FOLDER/customer_churn.py', '--cfg-path', '/tmp/tmp7s74n_g0']
[2025-03-09T10:55:47.397+0000] {standard_task_runner.py:85} INFO - Job 294: Subtask pull_latest_codes
[2025-03-09T10:55:47.429+0000] {logging_mixin.py:154} WARNING - /home/***/.local/lib/python3.8/site-packages/***/settings.py:195 DeprecationWarning: The sql_alchemy_conn option in [core] has been moved to the sql_alchemy_conn option in [database] - the old setting has been used, but please update your config.
[2025-03-09T10:55:47.496+0000] {task_command.py:416} INFO - Running <TaskInstance: customer_churn_ml_pipeline.pull_latest_codes scheduled__2025-03-08T08:00:00+00:00 [running]> on host 157237bff8f7
[2025-03-09T10:55:47.671+0000] {taskinstance.py:1662} INFO - Exporting env vars: AIRFLOW_CTX_DAG_OWNER='***' AIRFLOW_CTX_DAG_ID='customer_churn_ml_pipeline' AIRFLOW_CTX_TASK_ID='pull_latest_codes' AIRFLOW_CTX_EXECUTION_DATE='2025-03-08T08:00:00+00:00' AIRFLOW_CTX_TRY_NUMBER='1' AIRFLOW_CTX_DAG_RUN_ID='scheduled__2025-03-08T08:00:00+00:00'
[2025-03-09T10:55:47.673+0000] {subprocess.py:63} INFO - Tmp dir root location: /tmp
[2025-03-09T10:55:47.675+0000] {subprocess.py:75} INFO - Running command: ['/bin/bash', '-c', 'cd /opt/*** && dvc pull && git pull']
[2025-03-09T10:55:47.685+0000] {subprocess.py:86} INFO - Output:
[2025-03-09T10:55:55.241+0000] {subprocess.py:93} INFO - Everything is up to date.
[2025-03-09T10:55:55.813+0000] {subprocess.py:93} INFO - hint: Pulling without specifying how to reconcile divergent branches is
[2025-03-09T10:55:55.813+0000] {subprocess.py:93} INFO - hint: discouraged. You can squelch this message by running one of the following
[2025-03-09T10:55:55.813+0000] {subprocess.py:93} INFO - hint: commands sometime before your next pull:
[2025-03-09T10:55:55.814+0000] {subprocess.py:93} INFO - hint:
[2025-03-09T10:55:55.814+0000] {subprocess.py:93} INFO - hint:   git config pull.rebase false  # merge (the default strategy)
[2025-03-09T10:55:55.814+0000] {subprocess.py:93} INFO - hint:   git config pull.rebase true   # rebase
[2025-03-09T10:55:55.815+0000] {subprocess.py:93} INFO - hint:   git config pull.ff only       # fast-forward only
[2025-03-09T10:55:55.815+0000] {subprocess.py:93} INFO - hint:
[2025-03-09T10:55:55.815+0000] {subprocess.py:93} INFO - hint: You can replace "git config" with "git config --global" to set a default
[2025-03-09T10:55:55.816+0000] {subprocess.py:93} INFO - hint: preference for all repositories. You can also pass --rebase, --no-rebase,
[2025-03-09T10:55:55.816+0000] {subprocess.py:93} INFO - hint: or --ff-only on the command line to override the configured default per
[2025-03-09T10:55:55.816+0000] {subprocess.py:93} INFO - hint: invocation.
[2025-03-09T10:55:57.735+0000] {subprocess.py:93} INFO - From https://github.com/anniemathew-trial/customer_churn_pipeline
[2025-03-09T10:55:57.735+0000] {subprocess.py:93} INFO -    268ff4e..b0f4be8  main       -> origin/main
[2025-03-09T10:55:57.781+0000] {subprocess.py:93} INFO - Updating 268ff4e..b0f4be8
[2025-03-09T10:55:57.782+0000] {subprocess.py:93} INFO - Fast-forward
[2025-03-09T10:55:57.786+0000] {subprocess.py:93} INFO -  executables/data_transformation.py | 4 ++--
[2025-03-09T10:55:57.787+0000] {subprocess.py:93} INFO -  executables/model_training.py      | 4 ++--
[2025-03-09T10:55:57.787+0000] {subprocess.py:93} INFO -  2 files changed, 4 insertions(+), 4 deletions(-)
[2025-03-09T10:55:57.788+0000] {subprocess.py:97} INFO - Command exited with return code 0
[2025-03-09T10:55:57.861+0000] {taskinstance.py:1400} INFO - Marking task as SUCCESS. dag_id=customer_churn_ml_pipeline, task_id=pull_latest_codes, execution_date=20250308T080000, start_date=20250309T105547, end_date=20250309T105557
[2025-03-09T10:55:57.912+0000] {local_task_job_runner.py:228} INFO - Task exited with return code 0
[2025-03-09T10:55:58.048+0000] {taskinstance.py:2778} INFO - 0 downstream tasks scheduled from follow-on schedule check
