[2025-03-01T10:35:28.646+0000] {taskinstance.py:1159} INFO - Dependencies all met for dep_context=non-requeueable deps ti=<TaskInstance: customer_churn_ml_pipeline.data_preparation_task manual__2025-03-01T10:34:53.844242+00:00 [queued]>
[2025-03-01T10:35:28.657+0000] {taskinstance.py:1159} INFO - Dependencies all met for dep_context=requeueable deps ti=<TaskInstance: customer_churn_ml_pipeline.data_preparation_task manual__2025-03-01T10:34:53.844242+00:00 [queued]>
[2025-03-01T10:35:28.658+0000] {taskinstance.py:1361} INFO - Starting attempt 1 of 1
[2025-03-01T10:35:28.675+0000] {taskinstance.py:1382} INFO - Executing <Task(BashOperator): data_preparation_task> on 2025-03-01 10:34:53.844242+00:00
[2025-03-01T10:35:28.679+0000] {standard_task_runner.py:57} INFO - Started process 11188 to run task
[2025-03-01T10:35:28.682+0000] {standard_task_runner.py:84} INFO - Running: ['***', 'tasks', 'run', 'customer_churn_ml_pipeline', 'data_preparation_task', 'manual__2025-03-01T10:34:53.844242+00:00', '--job-id', '92', '--raw', '--subdir', 'DAGS_FOLDER/customer_churn.py', '--cfg-path', '/tmp/tmpy9857us7']
[2025-03-01T10:35:28.685+0000] {standard_task_runner.py:85} INFO - Job 92: Subtask data_preparation_task
[2025-03-01T10:35:28.707+0000] {logging_mixin.py:154} WARNING - /home/***/.local/lib/python3.8/site-packages/***/settings.py:195 DeprecationWarning: The sql_alchemy_conn option in [core] has been moved to the sql_alchemy_conn option in [database] - the old setting has been used, but please update your config.
[2025-03-01T10:35:28.764+0000] {task_command.py:416} INFO - Running <TaskInstance: customer_churn_ml_pipeline.data_preparation_task manual__2025-03-01T10:34:53.844242+00:00 [running]> on host 7e994a0ed489
[2025-03-01T10:35:28.916+0000] {taskinstance.py:1662} INFO - Exporting env vars: AIRFLOW_CTX_DAG_OWNER='***' AIRFLOW_CTX_DAG_ID='customer_churn_ml_pipeline' AIRFLOW_CTX_TASK_ID='data_preparation_task' AIRFLOW_CTX_EXECUTION_DATE='2025-03-01T10:34:53.844242+00:00' AIRFLOW_CTX_TRY_NUMBER='1' AIRFLOW_CTX_DAG_RUN_ID='manual__2025-03-01T10:34:53.844242+00:00'
[2025-03-01T10:35:28.918+0000] {subprocess.py:63} INFO - Tmp dir root location: /tmp
[2025-03-01T10:35:28.919+0000] {subprocess.py:75} INFO - Running command: ['/bin/bash', '-c', '\n\t\t\tcd /opt/***\n\t\t\tpython /opt/***/executables/data_preparation.py &&                         dvc add /opt/***/data/cleaned &&                         git add /opt/***/data/cleaned.dvc && \t\t\tgit add logs &&                        git commit -m "Updated cleaned data version" -a &&                         dvc push && git push\n                    ']
[2025-03-01T10:35:28.928+0000] {subprocess.py:86} INFO - Output:
[2025-03-01T10:35:32.514+0000] {subprocess.py:93} INFO - 2025-03-01 10:35:32,513 : INFO : Starting data preparation for csv.
[2025-03-01T10:35:32.546+0000] {subprocess.py:93} INFO - 2025-03-01 10:35:32,545 : INFO : Handling 'Tenure', 'Balance', 'EstimatedSalary' empty data
[2025-03-01T10:35:32.546+0000] {subprocess.py:93} INFO - 2025-03-01 10:35:32,546 : INFO : Handling 'Age' empty data
[2025-03-01T10:35:32.548+0000] {subprocess.py:93} INFO - 2025-03-01 10:35:32,548 : INFO : Droping 'Surname' as it may lead to profiling, 'RowNumber', 'CustomerId' as it is not required
[2025-03-01T10:35:32.550+0000] {subprocess.py:93} INFO - 2025-03-01 10:35:32,550 : INFO : Making 'Geography', 'Gender', 'HasCrCard', 'IsActiveMember' as categorical
[2025-03-01T10:35:32.563+0000] {subprocess.py:93} INFO - 2025-03-01 10:35:32,562 : INFO : Saving data to S3.
[2025-03-01T10:35:32.686+0000] {subprocess.py:93} INFO - 2025-03-01 10:35:32,686 : INFO : Saving report to S3.
[2025-03-01T10:35:32.688+0000] {subprocess.py:93} INFO - 2025-03-01 10:35:32,688 : INFO : Creating Pie chart
[2025-03-01T10:35:32.808+0000] {subprocess.py:93} INFO - 2025-03-01 10:35:32,807 : INFO : Generating histogram for column CreditScore.
[2025-03-01T10:35:33.067+0000] {subprocess.py:93} INFO - 2025-03-01 10:35:33,066 : INFO : Generating histogram for column Geography.
[2025-03-01T10:35:33.336+0000] {subprocess.py:93} INFO - 2025-03-01 10:35:33,335 : INFO : Generating histogram for column Gender.
[2025-03-01T10:35:33.532+0000] {subprocess.py:93} INFO - 2025-03-01 10:35:33,531 : INFO : Generating histogram for column Age.
[2025-03-01T10:35:33.787+0000] {subprocess.py:93} INFO - 2025-03-01 10:35:33,786 : INFO : Generating histogram for column Tenure.
[2025-03-01T10:35:34.000+0000] {subprocess.py:93} INFO - 2025-03-01 10:35:34,000 : INFO : Generating histogram for column Balance.
[2025-03-01T10:35:34.199+0000] {subprocess.py:93} INFO - 2025-03-01 10:35:34,199 : INFO : Generating histogram for column NumOfProducts.
[2025-03-01T10:35:34.382+0000] {subprocess.py:93} INFO - 2025-03-01 10:35:34,382 : INFO : Generating histogram for column HasCrCard.
[2025-03-01T10:35:34.573+0000] {subprocess.py:93} INFO - 2025-03-01 10:35:34,573 : INFO : Generating histogram for column IsActiveMember.
[2025-03-01T10:35:34.790+0000] {subprocess.py:93} INFO - 2025-03-01 10:35:34,790 : INFO : Generating histogram for column EstimatedSalary.
[2025-03-01T10:35:35.051+0000] {subprocess.py:93} INFO - 2025-03-01 10:35:35,050 : INFO : Generating histogram for column Exited.
[2025-03-01T10:35:35.278+0000] {subprocess.py:93} INFO - 2025-03-01 10:35:35,277 : INFO : Generating histogram for relation of Exited with Categorical data.
[2025-03-01T10:35:35.777+0000] {subprocess.py:93} INFO - 2025-03-01 10:35:35,776 : INFO : Using categorical units to plot a list of strings that are all parsable as floats or dates. If these strings should be plotted as numbers, cast to the appropriate data type before plotting.
[2025-03-01T10:35:35.799+0000] {subprocess.py:93} INFO - 2025-03-01 10:35:35,799 : INFO : Using categorical units to plot a list of strings that are all parsable as floats or dates. If these strings should be plotted as numbers, cast to the appropriate data type before plotting.
[2025-03-01T10:35:35.880+0000] {subprocess.py:93} INFO - 2025-03-01 10:35:35,879 : INFO : Using categorical units to plot a list of strings that are all parsable as floats or dates. If these strings should be plotted as numbers, cast to the appropriate data type before plotting.
[2025-03-01T10:35:35.899+0000] {subprocess.py:93} INFO - 2025-03-01 10:35:35,898 : INFO : Using categorical units to plot a list of strings that are all parsable as floats or dates. If these strings should be plotted as numbers, cast to the appropriate data type before plotting.
[2025-03-01T10:35:35.949+0000] {subprocess.py:93} INFO - 2025-03-01 10:35:35,949 : INFO : Generating box plots for relation of Exited with non Categorical data.
[2025-03-01T10:35:36.137+0000] {subprocess.py:93} INFO - 2025-03-01 10:35:36,137 : INFO : Using categorical units to plot a list of strings that are all parsable as floats or dates. If these strings should be plotted as numbers, cast to the appropriate data type before plotting.
[2025-03-01T10:35:36.157+0000] {subprocess.py:93} INFO - 2025-03-01 10:35:36,157 : INFO : Using categorical units to plot a list of strings that are all parsable as floats or dates. If these strings should be plotted as numbers, cast to the appropriate data type before plotting.
[2025-03-01T10:35:36.258+0000] {subprocess.py:93} INFO - 2025-03-01 10:35:36,258 : INFO : Using categorical units to plot a list of strings that are all parsable as floats or dates. If these strings should be plotted as numbers, cast to the appropriate data type before plotting.
[2025-03-01T10:35:36.280+0000] {subprocess.py:93} INFO - 2025-03-01 10:35:36,279 : INFO : Using categorical units to plot a list of strings that are all parsable as floats or dates. If these strings should be plotted as numbers, cast to the appropriate data type before plotting.
[2025-03-01T10:35:36.399+0000] {subprocess.py:93} INFO - 2025-03-01 10:35:36,399 : INFO : Using categorical units to plot a list of strings that are all parsable as floats or dates. If these strings should be plotted as numbers, cast to the appropriate data type before plotting.
[2025-03-01T10:35:36.426+0000] {subprocess.py:93} INFO - 2025-03-01 10:35:36,425 : INFO : Using categorical units to plot a list of strings that are all parsable as floats or dates. If these strings should be plotted as numbers, cast to the appropriate data type before plotting.
[2025-03-01T10:35:36.524+0000] {subprocess.py:93} INFO - 2025-03-01 10:35:36,523 : INFO : Using categorical units to plot a list of strings that are all parsable as floats or dates. If these strings should be plotted as numbers, cast to the appropriate data type before plotting.
[2025-03-01T10:35:36.546+0000] {subprocess.py:93} INFO - 2025-03-01 10:35:36,546 : INFO : Using categorical units to plot a list of strings that are all parsable as floats or dates. If these strings should be plotted as numbers, cast to the appropriate data type before plotting.
[2025-03-01T10:35:36.661+0000] {subprocess.py:93} INFO - 2025-03-01 10:35:36,660 : INFO : Using categorical units to plot a list of strings that are all parsable as floats or dates. If these strings should be plotted as numbers, cast to the appropriate data type before plotting.
[2025-03-01T10:35:36.682+0000] {subprocess.py:93} INFO - 2025-03-01 10:35:36,682 : INFO : Using categorical units to plot a list of strings that are all parsable as floats or dates. If these strings should be plotted as numbers, cast to the appropriate data type before plotting.
[2025-03-01T10:35:36.777+0000] {subprocess.py:93} INFO - 2025-03-01 10:35:36,777 : INFO : Using categorical units to plot a list of strings that are all parsable as floats or dates. If these strings should be plotted as numbers, cast to the appropriate data type before plotting.
[2025-03-01T10:35:36.801+0000] {subprocess.py:93} INFO - 2025-03-01 10:35:36,801 : INFO : Using categorical units to plot a list of strings that are all parsable as floats or dates. If these strings should be plotted as numbers, cast to the appropriate data type before plotting.
[2025-03-01T10:35:37.363+0000] {subprocess.py:93} INFO - 2025-03-01 10:35:37,362 : INFO : Saved pdf in visualization/plots.pdf
[2025-03-01T10:35:39.597+0000] {subprocess.py:93} INFO - 
[2025-03-01T10:35:39.598+0000] {subprocess.py:93} INFO - To track the changes with git, run:
[2025-03-01T10:35:39.598+0000] {subprocess.py:93} INFO - 
[2025-03-01T10:35:39.598+0000] {subprocess.py:93} INFO - 	git add data/cleaned.dvc
[2025-03-01T10:35:39.600+0000] {subprocess.py:93} INFO - 
[2025-03-01T10:35:39.600+0000] {subprocess.py:93} INFO - To enable auto staging, run:
[2025-03-01T10:35:39.600+0000] {subprocess.py:93} INFO - 
[2025-03-01T10:35:39.601+0000] {subprocess.py:93} INFO - 	dvc config core.autostage true
[2025-03-01T10:35:40.038+0000] {subprocess.py:93} INFO - [main ca9e91e] Updated cleaned data version
[2025-03-01T10:35:40.039+0000] {subprocess.py:93} INFO -  6 files changed, 122 insertions(+)
[2025-03-01T10:35:40.039+0000] {subprocess.py:93} INFO -  create mode 100644 logs/dag_id=customer_churn_ml_pipeline/run_id=manual__2025-03-01T10:34:53.844242+00:00/task_id=data_preparation_task/attempt=1.log
[2025-03-01T10:35:45.892+0000] {subprocess.py:93} INFO - Everything is up to date.
[2025-03-01T10:35:47.969+0000] {subprocess.py:93} INFO - To https://github.com/anniemathew-trial/customer_churn_pipeline.git
[2025-03-01T10:35:47.970+0000] {subprocess.py:93} INFO -    c5ae883..ca9e91e  main -> main
[2025-03-01T10:35:47.979+0000] {subprocess.py:97} INFO - Command exited with return code 0
[2025-03-01T10:35:48.070+0000] {taskinstance.py:1400} INFO - Marking task as SUCCESS. dag_id=customer_churn_ml_pipeline, task_id=data_preparation_task, execution_date=20250301T103453, start_date=20250301T103528, end_date=20250301T103548
[2025-03-01T10:35:48.123+0000] {local_task_job_runner.py:228} INFO - Task exited with return code 0
[2025-03-01T10:35:48.184+0000] {taskinstance.py:2778} INFO - 1 downstream tasks scheduled from follow-on schedule check
