[2025-03-09T16:30:24.384+0000] {taskinstance.py:1159} INFO - Dependencies all met for dep_context=non-requeueable deps ti=<TaskInstance: customer_churn_ml_pipeline.data_preparation_task manual__2025-03-09T16:29:25.068190+00:00 [queued]>
[2025-03-09T16:30:24.412+0000] {taskinstance.py:1159} INFO - Dependencies all met for dep_context=requeueable deps ti=<TaskInstance: customer_churn_ml_pipeline.data_preparation_task manual__2025-03-09T16:29:25.068190+00:00 [queued]>
[2025-03-09T16:30:24.413+0000] {taskinstance.py:1361} INFO - Starting attempt 1 of 1
[2025-03-09T16:30:24.457+0000] {taskinstance.py:1382} INFO - Executing <Task(BashOperator): data_preparation_task> on 2025-03-09 16:29:25.068190+00:00
[2025-03-09T16:30:24.465+0000] {standard_task_runner.py:57} INFO - Started process 9855 to run task
[2025-03-09T16:30:24.472+0000] {standard_task_runner.py:84} INFO - Running: ['***', 'tasks', 'run', 'customer_churn_ml_pipeline', 'data_preparation_task', 'manual__2025-03-09T16:29:25.068190+00:00', '--job-id', '379', '--raw', '--subdir', 'DAGS_FOLDER/customer_churn.py', '--cfg-path', '/tmp/tmpmg8z8ix_']
[2025-03-09T16:30:24.482+0000] {standard_task_runner.py:85} INFO - Job 379: Subtask data_preparation_task
[2025-03-09T16:30:24.532+0000] {logging_mixin.py:154} WARNING - /home/***/.local/lib/python3.8/site-packages/***/settings.py:195 DeprecationWarning: The sql_alchemy_conn option in [core] has been moved to the sql_alchemy_conn option in [database] - the old setting has been used, but please update your config.
[2025-03-09T16:30:24.627+0000] {task_command.py:416} INFO - Running <TaskInstance: customer_churn_ml_pipeline.data_preparation_task manual__2025-03-09T16:29:25.068190+00:00 [running]> on host 157237bff8f7
[2025-03-09T16:30:24.863+0000] {taskinstance.py:1662} INFO - Exporting env vars: AIRFLOW_CTX_DAG_OWNER='***' AIRFLOW_CTX_DAG_ID='customer_churn_ml_pipeline' AIRFLOW_CTX_TASK_ID='data_preparation_task' AIRFLOW_CTX_EXECUTION_DATE='2025-03-09T16:29:25.068190+00:00' AIRFLOW_CTX_TRY_NUMBER='1' AIRFLOW_CTX_DAG_RUN_ID='manual__2025-03-09T16:29:25.068190+00:00'
[2025-03-09T16:30:24.865+0000] {subprocess.py:63} INFO - Tmp dir root location: /tmp
[2025-03-09T16:30:24.867+0000] {subprocess.py:75} INFO - Running command: ['/bin/bash', '-c', '\n\t\t\tcd /opt/*** &&\t\t\tpython /opt/***/executables/data_preparation.py &&                         dvc add /opt/***/data/cleaned &&                         git add /opt/***/data/cleaned.dvc && \t\t\tgit add logs && \\   \n\t\t\tgit add visualization &&    \t\t\tgit status &&                         git commit -m "Updated cleaned data version" -a &&                         dvc push && git push\n                    ']
[2025-03-09T16:30:24.880+0000] {subprocess.py:86} INFO - Output:
[2025-03-09T16:30:29.199+0000] {subprocess.py:93} INFO - 2025-03-09 16:30:29,199 : INFO : Starting data preparation for customer_data.csv.
[2025-03-09T16:30:29.232+0000] {subprocess.py:93} INFO - 2025-03-09 16:30:29,232 : INFO : Dropping 'Estimated Salary' & 'Credit Score' with 0 & negative values
[2025-03-09T16:30:29.236+0000] {subprocess.py:93} INFO - 2025-03-09 16:30:29,236 : INFO : Handling 'Balance', 'EstimatedSalary' empty data with mean
[2025-03-09T16:30:29.237+0000] {subprocess.py:93} INFO - 2025-03-09 16:30:29,236 : INFO : Handling 'Tenure', 'Age' empty data with tenure + 18 in age and droping tenure with 0 values & negative values
[2025-03-09T16:30:29.254+0000] {subprocess.py:93} INFO - 2025-03-09 16:30:29,254 : INFO : Dropping 'Tenure' less than 0 and greater than 80
[2025-03-09T16:30:29.259+0000] {subprocess.py:93} INFO - 2025-03-09 16:30:29,258 : INFO : Handling 'Age' empty data
[2025-03-09T16:30:29.261+0000] {subprocess.py:93} INFO - 2025-03-09 16:30:29,260 : INFO : Dropping 'Age' less than 18 and greater than 110
[2025-03-09T16:30:29.265+0000] {subprocess.py:93} INFO - 2025-03-09 16:30:29,264 : INFO : Droping 'Surname' as it may lead to profiling, 'RowNumber', 'CustomerId' as it is not required
[2025-03-09T16:30:29.267+0000] {subprocess.py:93} INFO - 2025-03-09 16:30:29,267 : INFO : Making 'Geography', 'Gender' as categorical
[2025-03-09T16:30:29.276+0000] {subprocess.py:93} INFO - 2025-03-09 16:30:29,275 : INFO : Making 'HasCrCard', 'IsActiveMember', 'Exited' as integers
[2025-03-09T16:30:29.278+0000] {subprocess.py:93} INFO - 2025-03-09 16:30:29,278 : INFO : Saving data to S3.
[2025-03-09T16:30:29.279+0000] {subprocess.py:93} INFO - 2025-03-09 16:30:29,278 : INFO : Directory created at /opt/***/data/cleaned/fintech1/09-03-2025/csv
[2025-03-09T16:30:29.596+0000] {subprocess.py:93} INFO - 2025-03-09 16:30:29,596 : INFO : Connected to s3
[2025-03-09T16:30:32.130+0000] {subprocess.py:93} INFO - 2025-03-09 16:30:32,129 : INFO : File uploaded to S3
[2025-03-09T16:30:32.130+0000] {subprocess.py:93} INFO - 2025-03-09 16:30:32,130 : INFO : Creating Pie chart
[2025-03-09T16:30:32.191+0000] {subprocess.py:93} INFO - 2025-03-09 16:30:32,190 : INFO : Generating histogram for column CreditScore.
[2025-03-09T16:30:32.380+0000] {subprocess.py:93} INFO - 2025-03-09 16:30:32,380 : INFO : Generating histogram for column Geography.
[2025-03-09T16:30:32.591+0000] {subprocess.py:93} INFO - 2025-03-09 16:30:32,590 : INFO : Generating histogram for column Gender.
[2025-03-09T16:30:32.742+0000] {subprocess.py:93} INFO - 2025-03-09 16:30:32,741 : INFO : Generating histogram for column Age.
[2025-03-09T16:30:32.963+0000] {subprocess.py:93} INFO - 2025-03-09 16:30:32,963 : INFO : Generating histogram for column Tenure.
[2025-03-09T16:30:33.176+0000] {subprocess.py:93} INFO - 2025-03-09 16:30:33,175 : INFO : Generating histogram for column Balance.
[2025-03-09T16:30:33.395+0000] {subprocess.py:93} INFO - 2025-03-09 16:30:33,394 : INFO : Generating histogram for column NumOfProducts.
[2025-03-09T16:30:33.596+0000] {subprocess.py:93} INFO - 2025-03-09 16:30:33,596 : INFO : Generating histogram for column HasCrCard.
[2025-03-09T16:30:33.802+0000] {subprocess.py:93} INFO - 2025-03-09 16:30:33,801 : INFO : Generating histogram for column IsActiveMember.
[2025-03-09T16:30:34.008+0000] {subprocess.py:93} INFO - 2025-03-09 16:30:34,008 : INFO : Generating histogram for column EstimatedSalary.
[2025-03-09T16:30:34.219+0000] {subprocess.py:93} INFO - 2025-03-09 16:30:34,219 : INFO : Generating histogram for column Exited.
[2025-03-09T16:30:34.433+0000] {subprocess.py:93} INFO - 2025-03-09 16:30:34,432 : INFO : Generating histogram for relation of Exited with Categorical data.
[2025-03-09T16:30:34.859+0000] {subprocess.py:93} INFO - 2025-03-09 16:30:34,858 : INFO : Using categorical units to plot a list of strings that are all parsable as floats or dates. If these strings should be plotted as numbers, cast to the appropriate data type before plotting.
[2025-03-09T16:30:34.878+0000] {subprocess.py:93} INFO - 2025-03-09 16:30:34,878 : INFO : Using categorical units to plot a list of strings that are all parsable as floats or dates. If these strings should be plotted as numbers, cast to the appropriate data type before plotting.
[2025-03-09T16:30:34.990+0000] {subprocess.py:93} INFO - 2025-03-09 16:30:34,990 : INFO : Using categorical units to plot a list of strings that are all parsable as floats or dates. If these strings should be plotted as numbers, cast to the appropriate data type before plotting.
[2025-03-09T16:30:35.019+0000] {subprocess.py:93} INFO - 2025-03-09 16:30:35,018 : INFO : Using categorical units to plot a list of strings that are all parsable as floats or dates. If these strings should be plotted as numbers, cast to the appropriate data type before plotting.
[2025-03-09T16:30:35.092+0000] {subprocess.py:93} INFO - 2025-03-09 16:30:35,092 : INFO : Generating box plots for relation of Exited with non Categorical data.
[2025-03-09T16:30:35.415+0000] {subprocess.py:93} INFO - 2025-03-09 16:30:35,415 : INFO : Using categorical units to plot a list of strings that are all parsable as floats or dates. If these strings should be plotted as numbers, cast to the appropriate data type before plotting.
[2025-03-09T16:30:35.436+0000] {subprocess.py:93} INFO - 2025-03-09 16:30:35,435 : INFO : Using categorical units to plot a list of strings that are all parsable as floats or dates. If these strings should be plotted as numbers, cast to the appropriate data type before plotting.
[2025-03-09T16:30:35.557+0000] {subprocess.py:93} INFO - 2025-03-09 16:30:35,556 : INFO : Using categorical units to plot a list of strings that are all parsable as floats or dates. If these strings should be plotted as numbers, cast to the appropriate data type before plotting.
[2025-03-09T16:30:35.577+0000] {subprocess.py:93} INFO - 2025-03-09 16:30:35,577 : INFO : Using categorical units to plot a list of strings that are all parsable as floats or dates. If these strings should be plotted as numbers, cast to the appropriate data type before plotting.
[2025-03-09T16:30:35.700+0000] {subprocess.py:93} INFO - 2025-03-09 16:30:35,700 : INFO : Using categorical units to plot a list of strings that are all parsable as floats or dates. If these strings should be plotted as numbers, cast to the appropriate data type before plotting.
[2025-03-09T16:30:35.721+0000] {subprocess.py:93} INFO - 2025-03-09 16:30:35,721 : INFO : Using categorical units to plot a list of strings that are all parsable as floats or dates. If these strings should be plotted as numbers, cast to the appropriate data type before plotting.
[2025-03-09T16:30:35.843+0000] {subprocess.py:93} INFO - 2025-03-09 16:30:35,842 : INFO : Using categorical units to plot a list of strings that are all parsable as floats or dates. If these strings should be plotted as numbers, cast to the appropriate data type before plotting.
[2025-03-09T16:30:35.862+0000] {subprocess.py:93} INFO - 2025-03-09 16:30:35,862 : INFO : Using categorical units to plot a list of strings that are all parsable as floats or dates. If these strings should be plotted as numbers, cast to the appropriate data type before plotting.
[2025-03-09T16:30:35.965+0000] {subprocess.py:93} INFO - 2025-03-09 16:30:35,965 : INFO : Using categorical units to plot a list of strings that are all parsable as floats or dates. If these strings should be plotted as numbers, cast to the appropriate data type before plotting.
[2025-03-09T16:30:35.985+0000] {subprocess.py:93} INFO - 2025-03-09 16:30:35,984 : INFO : Using categorical units to plot a list of strings that are all parsable as floats or dates. If these strings should be plotted as numbers, cast to the appropriate data type before plotting.
[2025-03-09T16:30:36.199+0000] {subprocess.py:93} INFO - 2025-03-09 16:30:36,199 : INFO : Using categorical units to plot a list of strings that are all parsable as floats or dates. If these strings should be plotted as numbers, cast to the appropriate data type before plotting.
[2025-03-09T16:30:36.217+0000] {subprocess.py:93} INFO - 2025-03-09 16:30:36,217 : INFO : Using categorical units to plot a list of strings that are all parsable as floats or dates. If these strings should be plotted as numbers, cast to the appropriate data type before plotting.
[2025-03-09T16:30:36.771+0000] {subprocess.py:93} INFO - 2025-03-09 16:30:36,771 : INFO : Saved pdf in /opt/***/visualization/fintech1/09-03-2025/csv/plots.pdf
[2025-03-09T16:30:36.817+0000] {subprocess.py:93} INFO - 2025-03-09 16:30:36,816 : INFO : Starting data preparation for database_data.csv.
[2025-03-09T16:30:36.841+0000] {subprocess.py:93} INFO - 2025-03-09 16:30:36,841 : INFO : Dropping 'Estimated Salary' & 'Credit Score' with 0 & negative values
[2025-03-09T16:30:36.847+0000] {subprocess.py:93} INFO - 2025-03-09 16:30:36,846 : INFO : Handling 'Balance', 'EstimatedSalary' empty data with mean
[2025-03-09T16:30:36.847+0000] {subprocess.py:93} INFO - 2025-03-09 16:30:36,847 : INFO : Handling 'Tenure', 'Age' empty data with tenure + 18 in age and droping tenure with 0 values & negative values
[2025-03-09T16:30:36.848+0000] {subprocess.py:93} INFO - 2025-03-09 16:30:36,847 : INFO : Dropping 'Tenure' less than 0 and greater than 80
[2025-03-09T16:30:36.851+0000] {subprocess.py:93} INFO - 2025-03-09 16:30:36,851 : INFO : Handling 'Age' empty data
[2025-03-09T16:30:36.853+0000] {subprocess.py:93} INFO - 2025-03-09 16:30:36,853 : INFO : Dropping 'Age' less than 18 and greater than 110
[2025-03-09T16:30:36.858+0000] {subprocess.py:93} INFO - 2025-03-09 16:30:36,857 : INFO : Droping 'Surname' as it may lead to profiling, 'RowNumber', 'CustomerId' as it is not required
[2025-03-09T16:30:36.860+0000] {subprocess.py:93} INFO - 2025-03-09 16:30:36,860 : INFO : Making 'Geography', 'Gender' as categorical
[2025-03-09T16:30:36.867+0000] {subprocess.py:93} INFO - 2025-03-09 16:30:36,867 : INFO : Making 'HasCrCard', 'IsActiveMember', 'Exited' as integers
[2025-03-09T16:30:36.869+0000] {subprocess.py:93} INFO - 2025-03-09 16:30:36,869 : INFO : Saving data to S3.
[2025-03-09T16:30:36.869+0000] {subprocess.py:93} INFO - 2025-03-09 16:30:36,869 : INFO : Directory created at /opt/***/data/cleaned/fintech2/09-03-2025/database
[2025-03-09T16:30:36.965+0000] {subprocess.py:93} INFO - 2025-03-09 16:30:36,965 : INFO : Connected to s3
[2025-03-09T16:30:39.401+0000] {subprocess.py:93} INFO - 2025-03-09 16:30:39,401 : INFO : File uploaded to S3
[2025-03-09T16:30:39.402+0000] {subprocess.py:93} INFO - 2025-03-09 16:30:39,402 : INFO : Creating Pie chart
[2025-03-09T16:30:39.524+0000] {subprocess.py:93} INFO - 2025-03-09 16:30:39,523 : INFO : Generating histogram for column CreditScore.
[2025-03-09T16:30:39.814+0000] {subprocess.py:93} INFO - 2025-03-09 16:30:39,814 : INFO : Generating histogram for column Geography.
[2025-03-09T16:30:40.029+0000] {subprocess.py:93} INFO - 2025-03-09 16:30:40,029 : INFO : Generating histogram for column Gender.
[2025-03-09T16:30:40.307+0000] {subprocess.py:93} INFO - 2025-03-09 16:30:40,307 : INFO : Generating histogram for column Age.
[2025-03-09T16:30:40.747+0000] {subprocess.py:93} INFO - 2025-03-09 16:30:40,746 : INFO : Generating histogram for column Tenure.
[2025-03-09T16:30:41.116+0000] {subprocess.py:93} INFO - 2025-03-09 16:30:41,115 : INFO : Generating histogram for column Balance.
[2025-03-09T16:30:41.650+0000] {subprocess.py:93} INFO - 2025-03-09 16:30:41,650 : INFO : Generating histogram for column NumOfProducts.
[2025-03-09T16:30:42.214+0000] {subprocess.py:93} INFO - 2025-03-09 16:30:42,213 : INFO : Generating histogram for column HasCrCard.
[2025-03-09T16:30:42.532+0000] {subprocess.py:93} INFO - 2025-03-09 16:30:42,532 : INFO : Generating histogram for column IsActiveMember.
[2025-03-09T16:30:42.815+0000] {subprocess.py:93} INFO - 2025-03-09 16:30:42,815 : INFO : Generating histogram for column EstimatedSalary.
[2025-03-09T16:30:43.153+0000] {subprocess.py:93} INFO - 2025-03-09 16:30:43,152 : INFO : Generating histogram for column Exited.
[2025-03-09T16:30:43.465+0000] {subprocess.py:93} INFO - 2025-03-09 16:30:43,465 : INFO : Generating histogram for relation of Exited with Categorical data.
[2025-03-09T16:30:43.929+0000] {subprocess.py:93} INFO - 2025-03-09 16:30:43,929 : INFO : Using categorical units to plot a list of strings that are all parsable as floats or dates. If these strings should be plotted as numbers, cast to the appropriate data type before plotting.
[2025-03-09T16:30:43.949+0000] {subprocess.py:93} INFO - 2025-03-09 16:30:43,948 : INFO : Using categorical units to plot a list of strings that are all parsable as floats or dates. If these strings should be plotted as numbers, cast to the appropriate data type before plotting.
[2025-03-09T16:30:44.059+0000] {subprocess.py:93} INFO - 2025-03-09 16:30:44,059 : INFO : Using categorical units to plot a list of strings that are all parsable as floats or dates. If these strings should be plotted as numbers, cast to the appropriate data type before plotting.
[2025-03-09T16:30:44.084+0000] {subprocess.py:93} INFO - 2025-03-09 16:30:44,084 : INFO : Using categorical units to plot a list of strings that are all parsable as floats or dates. If these strings should be plotted as numbers, cast to the appropriate data type before plotting.
[2025-03-09T16:30:44.152+0000] {subprocess.py:93} INFO - 2025-03-09 16:30:44,152 : INFO : Generating box plots for relation of Exited with non Categorical data.
[2025-03-09T16:30:44.520+0000] {subprocess.py:93} INFO - 2025-03-09 16:30:44,520 : INFO : Using categorical units to plot a list of strings that are all parsable as floats or dates. If these strings should be plotted as numbers, cast to the appropriate data type before plotting.
[2025-03-09T16:30:44.546+0000] {subprocess.py:93} INFO - 2025-03-09 16:30:44,545 : INFO : Using categorical units to plot a list of strings that are all parsable as floats or dates. If these strings should be plotted as numbers, cast to the appropriate data type before plotting.
[2025-03-09T16:30:44.656+0000] {subprocess.py:93} INFO - 2025-03-09 16:30:44,656 : INFO : Using categorical units to plot a list of strings that are all parsable as floats or dates. If these strings should be plotted as numbers, cast to the appropriate data type before plotting.
[2025-03-09T16:30:44.680+0000] {subprocess.py:93} INFO - 2025-03-09 16:30:44,680 : INFO : Using categorical units to plot a list of strings that are all parsable as floats or dates. If these strings should be plotted as numbers, cast to the appropriate data type before plotting.
[2025-03-09T16:30:44.867+0000] {subprocess.py:93} INFO - 2025-03-09 16:30:44,866 : INFO : Using categorical units to plot a list of strings that are all parsable as floats or dates. If these strings should be plotted as numbers, cast to the appropriate data type before plotting.
[2025-03-09T16:30:44.895+0000] {subprocess.py:93} INFO - 2025-03-09 16:30:44,894 : INFO : Using categorical units to plot a list of strings that are all parsable as floats or dates. If these strings should be plotted as numbers, cast to the appropriate data type before plotting.
[2025-03-09T16:30:45.085+0000] {subprocess.py:93} INFO - 2025-03-09 16:30:45,085 : INFO : Using categorical units to plot a list of strings that are all parsable as floats or dates. If these strings should be plotted as numbers, cast to the appropriate data type before plotting.
[2025-03-09T16:30:45.110+0000] {subprocess.py:93} INFO - 2025-03-09 16:30:45,110 : INFO : Using categorical units to plot a list of strings that are all parsable as floats or dates. If these strings should be plotted as numbers, cast to the appropriate data type before plotting.
[2025-03-09T16:30:45.238+0000] {subprocess.py:93} INFO - 2025-03-09 16:30:45,237 : INFO : Using categorical units to plot a list of strings that are all parsable as floats or dates. If these strings should be plotted as numbers, cast to the appropriate data type before plotting.
[2025-03-09T16:30:45.260+0000] {subprocess.py:93} INFO - 2025-03-09 16:30:45,260 : INFO : Using categorical units to plot a list of strings that are all parsable as floats or dates. If these strings should be plotted as numbers, cast to the appropriate data type before plotting.
[2025-03-09T16:30:45.383+0000] {subprocess.py:93} INFO - 2025-03-09 16:30:45,383 : INFO : Using categorical units to plot a list of strings that are all parsable as floats or dates. If these strings should be plotted as numbers, cast to the appropriate data type before plotting.
[2025-03-09T16:30:45.409+0000] {subprocess.py:93} INFO - 2025-03-09 16:30:45,409 : INFO : Using categorical units to plot a list of strings that are all parsable as floats or dates. If these strings should be plotted as numbers, cast to the appropriate data type before plotting.
[2025-03-09T16:30:46.048+0000] {subprocess.py:93} INFO - 2025-03-09 16:30:46,048 : INFO : Saved pdf in /opt/***/visualization/fintech2/09-03-2025/database/plots.pdf
[2025-03-09T16:30:49.817+0000] {subprocess.py:93} INFO - 
[2025-03-09T16:30:49.817+0000] {subprocess.py:93} INFO - To track the changes with git, run:
[2025-03-09T16:30:49.817+0000] {subprocess.py:93} INFO - 
[2025-03-09T16:30:49.818+0000] {subprocess.py:93} INFO - 	git add data/cleaned.dvc
[2025-03-09T16:30:49.818+0000] {subprocess.py:93} INFO - 
[2025-03-09T16:30:49.818+0000] {subprocess.py:93} INFO - To enable auto staging, run:
[2025-03-09T16:30:49.818+0000] {subprocess.py:93} INFO - 
[2025-03-09T16:30:49.819+0000] {subprocess.py:93} INFO - 	dvc config core.autostage true
[2025-03-09T16:30:50.346+0000] {subprocess.py:93} INFO - /bin/bash: line 2:  : command not found
[2025-03-09T16:30:50.399+0000] {subprocess.py:93} INFO - On branch main
[2025-03-09T16:30:50.399+0000] {subprocess.py:93} INFO - Your branch is up to date with 'origin/main'.
[2025-03-09T16:30:50.399+0000] {subprocess.py:93} INFO - 
[2025-03-09T16:30:50.400+0000] {subprocess.py:93} INFO - Changes to be committed:
[2025-03-09T16:30:50.400+0000] {subprocess.py:93} INFO -   (use "git restore --staged <file>..." to unstage)
[2025-03-09T16:30:50.400+0000] {subprocess.py:93} INFO - 	new file:   logs/dag_id=customer_churn_ml_pipeline/run_id=manual__2025-03-09T16:29:25.068190+00:00/task_id=data_preparation_task/attempt=1.log
[2025-03-09T16:30:50.401+0000] {subprocess.py:93} INFO - 	modified:   logs/dag_id=customer_churn_ml_pipeline/run_id=manual__2025-03-09T16:29:25.068190+00:00/task_id=data_validation_task/attempt=1.log
[2025-03-09T16:30:50.401+0000] {subprocess.py:93} INFO - 	modified:   logs/dag_processor_manager/dag_processor_manager.log
[2025-03-09T16:30:50.401+0000] {subprocess.py:93} INFO - 	modified:   logs/data_preparation.log
[2025-03-09T16:30:50.401+0000] {subprocess.py:93} INFO - 	modified:   logs/scheduler/2025-03-09/customer_churn.py.log
[2025-03-09T16:30:50.402+0000] {subprocess.py:93} INFO - 	modified:   visualization/fintech1/09-03-2025/csv/plots.pdf
[2025-03-09T16:30:50.402+0000] {subprocess.py:93} INFO - 	modified:   visualization/fintech2/09-03-2025/database/plots.pdf
[2025-03-09T16:30:50.402+0000] {subprocess.py:93} INFO - 
[2025-03-09T16:30:50.402+0000] {subprocess.py:93} INFO - Changes not staged for commit:
[2025-03-09T16:30:50.402+0000] {subprocess.py:93} INFO -   (use "git add <file>..." to update what will be committed)
[2025-03-09T16:30:50.403+0000] {subprocess.py:93} INFO -   (use "git restore <file>..." to discard changes in working directory)
[2025-03-09T16:30:50.403+0000] {subprocess.py:93} INFO - 	modified:   logs/dag_id=customer_churn_ml_pipeline/run_id=manual__2025-03-09T16:29:25.068190+00:00/task_id=data_preparation_task/attempt=1.log
[2025-03-09T16:30:50.403+0000] {subprocess.py:93} INFO - 
[2025-03-09T16:30:50.404+0000] {subprocess.py:93} INFO - Untracked files:
[2025-03-09T16:30:50.404+0000] {subprocess.py:93} INFO -   (use "git add <file>..." to include in what will be committed)
[2025-03-09T16:30:50.404+0000] {subprocess.py:93} INFO - 	customer_churn_stats/feature_repo/data/online_store.db
[2025-03-09T16:30:50.405+0000] {subprocess.py:93} INFO - 	customer_churn_stats/feature_repo/data/registry.db
[2025-03-09T16:30:50.405+0000] {subprocess.py:93} INFO - 	mlartifacts/
[2025-03-09T16:30:50.406+0000] {subprocess.py:93} INFO - 	models/
[2025-03-09T16:30:50.407+0000] {subprocess.py:93} INFO - 	online.db
[2025-03-09T16:30:50.408+0000] {subprocess.py:93} INFO - 
