[2025-03-09T18:01:37.060+0000] {taskinstance.py:1159} INFO - Dependencies all met for dep_context=non-requeueable deps ti=<TaskInstance: customer_churn_ml_pipeline.pull_latest_codes manual__2025-03-09T18:01:35.810553+00:00 [queued]>
[2025-03-09T18:01:37.131+0000] {taskinstance.py:1159} INFO - Dependencies all met for dep_context=requeueable deps ti=<TaskInstance: customer_churn_ml_pipeline.pull_latest_codes manual__2025-03-09T18:01:35.810553+00:00 [queued]>
[2025-03-09T18:01:37.132+0000] {taskinstance.py:1361} INFO - Starting attempt 1 of 1
[2025-03-09T18:01:37.201+0000] {taskinstance.py:1382} INFO - Executing <Task(BashOperator): pull_latest_codes> on 2025-03-09 18:01:35.810553+00:00
[2025-03-09T18:01:37.213+0000] {standard_task_runner.py:57} INFO - Started process 15118 to run task
[2025-03-09T18:01:37.230+0000] {standard_task_runner.py:84} INFO - Running: ['***', 'tasks', 'run', 'customer_churn_ml_pipeline', 'pull_latest_codes', 'manual__2025-03-09T18:01:35.810553+00:00', '--job-id', '439', '--raw', '--subdir', 'DAGS_FOLDER/customer_churn.py', '--cfg-path', '/tmp/tmp6jyauj8i']
[2025-03-09T18:01:37.248+0000] {standard_task_runner.py:85} INFO - Job 439: Subtask pull_latest_codes
[2025-03-09T18:01:37.329+0000] {logging_mixin.py:154} WARNING - /home/***/.local/lib/python3.8/site-packages/***/settings.py:195 DeprecationWarning: The sql_alchemy_conn option in [core] has been moved to the sql_alchemy_conn option in [database] - the old setting has been used, but please update your config.
[2025-03-09T18:01:37.515+0000] {task_command.py:416} INFO - Running <TaskInstance: customer_churn_ml_pipeline.pull_latest_codes manual__2025-03-09T18:01:35.810553+00:00 [running]> on host 157237bff8f7
[2025-03-09T18:01:38.020+0000] {taskinstance.py:1662} INFO - Exporting env vars: AIRFLOW_CTX_DAG_OWNER='***' AIRFLOW_CTX_DAG_ID='customer_churn_ml_pipeline' AIRFLOW_CTX_TASK_ID='pull_latest_codes' AIRFLOW_CTX_EXECUTION_DATE='2025-03-09T18:01:35.810553+00:00' AIRFLOW_CTX_TRY_NUMBER='1' AIRFLOW_CTX_DAG_RUN_ID='manual__2025-03-09T18:01:35.810553+00:00'
[2025-03-09T18:01:38.022+0000] {subprocess.py:63} INFO - Tmp dir root location: /tmp
[2025-03-09T18:01:38.024+0000] {subprocess.py:75} INFO - Running command: ['/bin/bash', '-c', 'cd /opt/*** && dvc pull && git pull']
[2025-03-09T18:01:38.044+0000] {subprocess.py:86} INFO - Output:
[2025-03-09T18:01:44.952+0000] {subprocess.py:93} INFO - Everything is up to date.
[2025-03-09T18:01:45.354+0000] {subprocess.py:93} INFO - hint: Pulling without specifying how to reconcile divergent branches is
[2025-03-09T18:01:45.355+0000] {subprocess.py:93} INFO - hint: discouraged. You can squelch this message by running one of the following
[2025-03-09T18:01:45.355+0000] {subprocess.py:93} INFO - hint: commands sometime before your next pull:
[2025-03-09T18:01:45.355+0000] {subprocess.py:93} INFO - hint:
[2025-03-09T18:01:45.355+0000] {subprocess.py:93} INFO - hint:   git config pull.rebase false  # merge (the default strategy)
[2025-03-09T18:01:45.356+0000] {subprocess.py:93} INFO - hint:   git config pull.rebase true   # rebase
[2025-03-09T18:01:45.356+0000] {subprocess.py:93} INFO - hint:   git config pull.ff only       # fast-forward only
[2025-03-09T18:01:45.356+0000] {subprocess.py:93} INFO - hint:
[2025-03-09T18:01:45.356+0000] {subprocess.py:93} INFO - hint: You can replace "git config" with "git config --global" to set a default
[2025-03-09T18:01:45.356+0000] {subprocess.py:93} INFO - hint: preference for all repositories. You can also pass --rebase, --no-rebase,
[2025-03-09T18:01:45.356+0000] {subprocess.py:93} INFO - hint: or --ff-only on the command line to override the configured default per
[2025-03-09T18:01:45.357+0000] {subprocess.py:93} INFO - hint: invocation.
[2025-03-09T18:01:46.393+0000] {subprocess.py:93} INFO - From https://github.com/anniemathew-trial/customer_churn_pipeline
[2025-03-09T18:01:46.394+0000] {subprocess.py:93} INFO -    33cd2df..c5b31a8  main       -> origin/main
[2025-03-09T18:01:46.414+0000] {subprocess.py:93} INFO - Updating 33cd2df..c5b31a8
[2025-03-09T18:01:46.415+0000] {subprocess.py:93} INFO - Fast-forward
[2025-03-09T18:01:46.418+0000] {subprocess.py:93} INFO -  executables/model_training.py | 2 +-
[2025-03-09T18:01:46.418+0000] {subprocess.py:93} INFO -  1 file changed, 1 insertion(+), 1 deletion(-)
[2025-03-09T18:01:46.419+0000] {subprocess.py:97} INFO - Command exited with return code 0
[2025-03-09T18:01:46.480+0000] {taskinstance.py:1400} INFO - Marking task as SUCCESS. dag_id=customer_churn_ml_pipeline, task_id=pull_latest_codes, execution_date=20250309T180135, start_date=20250309T180137, end_date=20250309T180146
[2025-03-09T18:01:46.530+0000] {local_task_job_runner.py:228} INFO - Task exited with return code 0
[2025-03-09T18:01:46.604+0000] {taskinstance.py:2778} INFO - 1 downstream tasks scheduled from follow-on schedule check
