[2025-03-01T16:55:48.547+0000] {taskinstance.py:1159} INFO - Dependencies all met for dep_context=non-requeueable deps ti=<TaskInstance: customer_churn_ml_pipeline.data_ingestion_task manual__2025-03-01T16:55:41.208875+00:00 [queued]>
[2025-03-01T16:55:48.570+0000] {taskinstance.py:1159} INFO - Dependencies all met for dep_context=requeueable deps ti=<TaskInstance: customer_churn_ml_pipeline.data_ingestion_task manual__2025-03-01T16:55:41.208875+00:00 [queued]>
[2025-03-01T16:55:48.571+0000] {taskinstance.py:1361} INFO - Starting attempt 1 of 1
[2025-03-01T16:55:48.601+0000] {taskinstance.py:1382} INFO - Executing <Task(BashOperator): data_ingestion_task> on 2025-03-01 16:55:41.208875+00:00
[2025-03-01T16:55:48.608+0000] {standard_task_runner.py:57} INFO - Started process 17949 to run task
[2025-03-01T16:55:48.613+0000] {standard_task_runner.py:84} INFO - Running: ['***', 'tasks', 'run', 'customer_churn_ml_pipeline', 'data_ingestion_task', 'manual__2025-03-01T16:55:41.208875+00:00', '--job-id', '185', '--raw', '--subdir', 'DAGS_FOLDER/customer_churn.py', '--cfg-path', '/tmp/tmpbkotj6l5']
[2025-03-01T16:55:48.618+0000] {standard_task_runner.py:85} INFO - Job 185: Subtask data_ingestion_task
[2025-03-01T16:55:48.650+0000] {logging_mixin.py:154} WARNING - /home/***/.local/lib/python3.8/site-packages/***/settings.py:195 DeprecationWarning: The sql_alchemy_conn option in [core] has been moved to the sql_alchemy_conn option in [database] - the old setting has been used, but please update your config.
[2025-03-01T16:55:48.723+0000] {task_command.py:416} INFO - Running <TaskInstance: customer_churn_ml_pipeline.data_ingestion_task manual__2025-03-01T16:55:41.208875+00:00 [running]> on host 7e994a0ed489
[2025-03-01T16:55:48.910+0000] {taskinstance.py:1662} INFO - Exporting env vars: AIRFLOW_CTX_DAG_OWNER='***' AIRFLOW_CTX_DAG_ID='customer_churn_ml_pipeline' AIRFLOW_CTX_TASK_ID='data_ingestion_task' AIRFLOW_CTX_EXECUTION_DATE='2025-03-01T16:55:41.208875+00:00' AIRFLOW_CTX_TRY_NUMBER='1' AIRFLOW_CTX_DAG_RUN_ID='manual__2025-03-01T16:55:41.208875+00:00'
[2025-03-01T16:55:48.913+0000] {subprocess.py:63} INFO - Tmp dir root location: /tmp
[2025-03-01T16:55:48.914+0000] {subprocess.py:75} INFO - Running command: ['/bin/bash', '-c', 'python /opt/***/executables/data_ingestion.py && \t\t\tcd /opt/*** && \t\t\tgit rm -r --cached \'data/raw\'\n\t\t\tgit commit -m "stop tracking data/raw"\n                        dvc add /opt/***/data/raw &&                         git add /opt/***/data/raw.dvc && \t\t\tgit add logs &&                        git commit -m "Updated raw data version" -a &&                         dvc push && git push\n                    ']
[2025-03-01T16:55:48.931+0000] {subprocess.py:86} INFO - Output:
[2025-03-01T16:55:50.458+0000] {subprocess.py:93} INFO - 2025-03-01 16:55:50,458 : INFO : Reading data from CSV file customer_data.csv
[2025-03-01T16:55:50.599+0000] {subprocess.py:93} INFO - 2025-03-01 16:55:50,598 : INFO : Data from CSV customer_data.csv ingested successfully!
[2025-03-01T16:55:50.599+0000] {subprocess.py:93} INFO - 2025-03-01 16:55:50,599 : INFO : Connecting to Database
[2025-03-01T16:55:50.626+0000] {subprocess.py:93} INFO - 2025-03-01 16:55:50,626 : INFO : Connecting to Database Successfull
[2025-03-01T16:55:50.626+0000] {subprocess.py:93} INFO - 2025-03-01 16:55:50,626 : INFO : Reading data from database.
[2025-03-01T16:55:51.269+0000] {subprocess.py:93} INFO - /opt/***/executables/data_ingestion.py:46: UserWarning: pandas only supports SQLAlchemy connectable (engine/connection) or database string URI or sqlite3 DBAPI2 connection. Other DBAPI2 objects are not tested. Please consider using SQLAlchemy.
[2025-03-01T16:55:51.270+0000] {subprocess.py:93} INFO -   data = pd.read_sql(query, connection)
[2025-03-01T16:55:51.270+0000] {subprocess.py:93} INFO - 2025-03-01 16:55:51,269 : INFO : Data from Database ingested successfully!
[2025-03-01T16:55:51.391+0000] {subprocess.py:93} INFO - fatal: pathspec 'data/raw' did not match any files
[2025-03-01T16:55:51.405+0000] {subprocess.py:93} INFO - On branch main
[2025-03-01T16:55:51.405+0000] {subprocess.py:93} INFO - Your branch is up to date with 'origin/main'.
[2025-03-01T16:55:51.406+0000] {subprocess.py:93} INFO - 
[2025-03-01T16:55:51.406+0000] {subprocess.py:93} INFO - Last command done (1 command done):
[2025-03-01T16:55:51.406+0000] {subprocess.py:93} INFO -    pick 3c82e37 Initial Commit
[2025-03-01T16:55:51.407+0000] {subprocess.py:93} INFO - No commands remaining.
[2025-03-01T16:55:51.407+0000] {subprocess.py:93} INFO - You are currently editing a commit while rebasing branch 'master' on 'f6df714'.
[2025-03-01T16:55:51.407+0000] {subprocess.py:93} INFO -   (use "git commit --amend" to amend the current commit)
[2025-03-01T16:55:51.408+0000] {subprocess.py:93} INFO -   (use "git rebase --continue" once you are satisfied with your changes)
[2025-03-01T16:55:51.408+0000] {subprocess.py:93} INFO - 
[2025-03-01T16:55:51.408+0000] {subprocess.py:93} INFO - Changes not staged for commit:
[2025-03-01T16:55:51.408+0000] {subprocess.py:93} INFO -   (use "git add <file>..." to update what will be committed)
[2025-03-01T16:55:51.409+0000] {subprocess.py:93} INFO -   (use "git restore <file>..." to discard changes in working directory)
[2025-03-01T16:55:51.409+0000] {subprocess.py:93} INFO - 	modified:   logs/dag_id=customer_churn_ml_pipeline/run_id=manual__2025-03-01T16:51:12.784572+00:00/task_id=model_training_task/attempt=1.log
[2025-03-01T16:55:51.409+0000] {subprocess.py:93} INFO - 	modified:   logs/dag_processor_manager/dag_processor_manager.log
[2025-03-01T16:55:51.410+0000] {subprocess.py:93} INFO - 	modified:   logs/data_ingestion.log
[2025-03-01T16:55:51.410+0000] {subprocess.py:93} INFO - 	modified:   logs/scheduler/2025-03-01/customer_churn.py.log
[2025-03-01T16:55:51.410+0000] {subprocess.py:93} INFO - 
[2025-03-01T16:55:51.410+0000] {subprocess.py:93} INFO - Untracked files:
[2025-03-01T16:55:51.411+0000] {subprocess.py:93} INFO -   (use "git add <file>..." to include in what will be committed)
[2025-03-01T16:55:51.411+0000] {subprocess.py:93} INFO - 	customer_churn_stats/feature_repo/data/
[2025-03-01T16:55:51.411+0000] {subprocess.py:93} INFO - 	logs/dag_id=customer_churn_ml_pipeline/run_id=manual__2025-03-01T16:55:41.208875+00:00/
[2025-03-01T16:55:51.412+0000] {subprocess.py:93} INFO - 	models/
[2025-03-01T16:55:51.412+0000] {subprocess.py:93} INFO - 
[2025-03-01T16:55:51.412+0000] {subprocess.py:93} INFO - no changes added to commit (use "git add" and/or "git commit -a")
[2025-03-01T16:55:53.507+0000] {subprocess.py:93} INFO - 
[2025-03-01T16:55:53.508+0000] {subprocess.py:93} INFO - To track the changes with git, run:
[2025-03-01T16:55:53.508+0000] {subprocess.py:93} INFO - 
[2025-03-01T16:55:53.508+0000] {subprocess.py:93} INFO - 	git add data/raw.dvc
[2025-03-01T16:55:53.508+0000] {subprocess.py:93} INFO - 
[2025-03-01T16:55:53.509+0000] {subprocess.py:93} INFO - To enable auto staging, run:
[2025-03-01T16:55:53.509+0000] {subprocess.py:93} INFO - 
[2025-03-01T16:55:53.509+0000] {subprocess.py:93} INFO - 	dvc config core.autostage true
[2025-03-01T16:55:53.858+0000] {subprocess.py:93} INFO - [main f9dd130] Updated raw data version
[2025-03-01T16:55:53.858+0000] {subprocess.py:93} INFO -  6 files changed, 209 insertions(+)
[2025-03-01T16:55:53.858+0000] {subprocess.py:93} INFO -  create mode 100644 logs/dag_id=customer_churn_ml_pipeline/run_id=manual__2025-03-01T16:55:41.208875+00:00/task_id=data_ingestion_task/attempt=1.log
[2025-03-01T16:55:53.859+0000] {subprocess.py:93} INFO -  create mode 100644 logs/dag_id=customer_churn_ml_pipeline/run_id=manual__2025-03-01T16:55:41.208875+00:00/task_id=pull_latest_codes/attempt=1.log
[2025-03-01T16:55:59.422+0000] {subprocess.py:93} INFO - Everything is up to date.
[2025-03-01T16:56:02.066+0000] {subprocess.py:93} INFO - To https://github.com/anniemathew-trial/customer_churn_pipeline.git
[2025-03-01T16:56:02.067+0000] {subprocess.py:93} INFO -    a6dc67f..f9dd130  main -> main
[2025-03-01T16:56:02.074+0000] {subprocess.py:97} INFO - Command exited with return code 0
[2025-03-01T16:56:02.125+0000] {taskinstance.py:1400} INFO - Marking task as SUCCESS. dag_id=customer_churn_ml_pipeline, task_id=data_ingestion_task, execution_date=20250301T165541, start_date=20250301T165548, end_date=20250301T165602
[2025-03-01T16:56:02.183+0000] {local_task_job_runner.py:228} INFO - Task exited with return code 0
[2025-03-01T16:56:02.228+0000] {taskinstance.py:2778} INFO - 1 downstream tasks scheduled from follow-on schedule check
