[2025-03-01T10:30:25.962+0000] {taskinstance.py:1159} INFO - Dependencies all met for dep_context=non-requeueable deps ti=<TaskInstance: customer_churn_ml_pipeline.data_preparation_task manual__2025-03-01T10:29:52.776247+00:00 [queued]>
[2025-03-01T10:30:25.978+0000] {taskinstance.py:1159} INFO - Dependencies all met for dep_context=requeueable deps ti=<TaskInstance: customer_churn_ml_pipeline.data_preparation_task manual__2025-03-01T10:29:52.776247+00:00 [queued]>
[2025-03-01T10:30:25.978+0000] {taskinstance.py:1361} INFO - Starting attempt 1 of 1
[2025-03-01T10:30:26.000+0000] {taskinstance.py:1382} INFO - Executing <Task(BashOperator): data_preparation_task> on 2025-03-01 10:29:52.776247+00:00
[2025-03-01T10:30:26.006+0000] {standard_task_runner.py:57} INFO - Started process 10673 to run task
[2025-03-01T10:30:26.009+0000] {standard_task_runner.py:84} INFO - Running: ['***', 'tasks', 'run', 'customer_churn_ml_pipeline', 'data_preparation_task', 'manual__2025-03-01T10:29:52.776247+00:00', '--job-id', '85', '--raw', '--subdir', 'DAGS_FOLDER/customer_churn.py', '--cfg-path', '/tmp/tmplk_noisf']
[2025-03-01T10:30:26.013+0000] {standard_task_runner.py:85} INFO - Job 85: Subtask data_preparation_task
[2025-03-01T10:30:26.040+0000] {logging_mixin.py:154} WARNING - /home/***/.local/lib/python3.8/site-packages/***/settings.py:195 DeprecationWarning: The sql_alchemy_conn option in [core] has been moved to the sql_alchemy_conn option in [database] - the old setting has been used, but please update your config.
[2025-03-01T10:30:26.099+0000] {task_command.py:416} INFO - Running <TaskInstance: customer_churn_ml_pipeline.data_preparation_task manual__2025-03-01T10:29:52.776247+00:00 [running]> on host 7e994a0ed489
[2025-03-01T10:30:26.257+0000] {taskinstance.py:1662} INFO - Exporting env vars: AIRFLOW_CTX_DAG_OWNER='***' AIRFLOW_CTX_DAG_ID='customer_churn_ml_pipeline' AIRFLOW_CTX_TASK_ID='data_preparation_task' AIRFLOW_CTX_EXECUTION_DATE='2025-03-01T10:29:52.776247+00:00' AIRFLOW_CTX_TRY_NUMBER='1' AIRFLOW_CTX_DAG_RUN_ID='manual__2025-03-01T10:29:52.776247+00:00'
[2025-03-01T10:30:26.259+0000] {subprocess.py:63} INFO - Tmp dir root location: /tmp
[2025-03-01T10:30:26.260+0000] {subprocess.py:75} INFO - Running command: ['/bin/bash', '-c', '\n\t\t\tcd /opt/***\n\t\t\tpython /opt/***/executables/data_preparation.py &&                         dvc add /opt/***/data/cleaned &&                         git add /opt/***/data/cleaned.dvc && \t\t\tgit add logs &&                        git commit -m "Updated cleaned data version" -a &&                         dvc push && git push\n                    ']
[2025-03-01T10:30:26.271+0000] {subprocess.py:86} INFO - Output:
[2025-03-01T10:30:29.762+0000] {subprocess.py:93} INFO - 2025-03-01 10:30:29,762 : INFO : Starting data preparation for csv.
[2025-03-01T10:30:29.788+0000] {subprocess.py:93} INFO - 2025-03-01 10:30:29,788 : INFO : Handling 'Tenure', 'Balance', 'EstimatedSalary' empty data
[2025-03-01T10:30:29.788+0000] {subprocess.py:93} INFO - 2025-03-01 10:30:29,788 : INFO : Handling 'Age' empty data
[2025-03-01T10:30:29.790+0000] {subprocess.py:93} INFO - 2025-03-01 10:30:29,790 : INFO : Droping 'Surname' as it may lead to profiling, 'RowNumber', 'CustomerId' as it is not required
[2025-03-01T10:30:29.792+0000] {subprocess.py:93} INFO - 2025-03-01 10:30:29,792 : INFO : Making 'Geography', 'Gender', 'HasCrCard', 'IsActiveMember' as categorical
[2025-03-01T10:30:29.801+0000] {subprocess.py:93} INFO - 2025-03-01 10:30:29,801 : INFO : Saving data to S3.
[2025-03-01T10:30:29.872+0000] {subprocess.py:93} INFO - 2025-03-01 10:30:29,872 : INFO : Saving report to S3.
[2025-03-01T10:30:29.873+0000] {subprocess.py:93} INFO - 2025-03-01 10:30:29,873 : INFO : Creating Pie chart
[2025-03-01T10:30:29.958+0000] {subprocess.py:93} INFO - 2025-03-01 10:30:29,958 : INFO : Generating histogram for column CreditScore.
[2025-03-01T10:30:30.132+0000] {subprocess.py:93} INFO - 2025-03-01 10:30:30,131 : INFO : Generating histogram for column Geography.
[2025-03-01T10:30:30.292+0000] {subprocess.py:93} INFO - 2025-03-01 10:30:30,292 : INFO : Generating histogram for column Gender.
[2025-03-01T10:30:30.442+0000] {subprocess.py:93} INFO - 2025-03-01 10:30:30,442 : INFO : Generating histogram for column Age.
[2025-03-01T10:30:30.663+0000] {subprocess.py:93} INFO - 2025-03-01 10:30:30,663 : INFO : Generating histogram for column Tenure.
[2025-03-01T10:30:30.866+0000] {subprocess.py:93} INFO - 2025-03-01 10:30:30,865 : INFO : Generating histogram for column Balance.
[2025-03-01T10:30:31.051+0000] {subprocess.py:93} INFO - 2025-03-01 10:30:31,051 : INFO : Generating histogram for column NumOfProducts.
[2025-03-01T10:30:31.238+0000] {subprocess.py:93} INFO - 2025-03-01 10:30:31,237 : INFO : Generating histogram for column HasCrCard.
[2025-03-01T10:30:31.434+0000] {subprocess.py:93} INFO - 2025-03-01 10:30:31,434 : INFO : Generating histogram for column IsActiveMember.
[2025-03-01T10:30:31.605+0000] {subprocess.py:93} INFO - 2025-03-01 10:30:31,605 : INFO : Generating histogram for column EstimatedSalary.
[2025-03-01T10:30:31.793+0000] {subprocess.py:93} INFO - 2025-03-01 10:30:31,793 : INFO : Generating histogram for column Exited.
[2025-03-01T10:30:31.989+0000] {subprocess.py:93} INFO - 2025-03-01 10:30:31,989 : INFO : Generating histogram for relation of Exited with Categorical data.
[2025-03-01T10:30:32.469+0000] {subprocess.py:93} INFO - 2025-03-01 10:30:32,469 : INFO : Using categorical units to plot a list of strings that are all parsable as floats or dates. If these strings should be plotted as numbers, cast to the appropriate data type before plotting.
[2025-03-01T10:30:32.489+0000] {subprocess.py:93} INFO - 2025-03-01 10:30:32,488 : INFO : Using categorical units to plot a list of strings that are all parsable as floats or dates. If these strings should be plotted as numbers, cast to the appropriate data type before plotting.
[2025-03-01T10:30:32.555+0000] {subprocess.py:93} INFO - 2025-03-01 10:30:32,555 : INFO : Using categorical units to plot a list of strings that are all parsable as floats or dates. If these strings should be plotted as numbers, cast to the appropriate data type before plotting.
[2025-03-01T10:30:32.576+0000] {subprocess.py:93} INFO - 2025-03-01 10:30:32,576 : INFO : Using categorical units to plot a list of strings that are all parsable as floats or dates. If these strings should be plotted as numbers, cast to the appropriate data type before plotting.
[2025-03-01T10:30:32.625+0000] {subprocess.py:93} INFO - 2025-03-01 10:30:32,624 : INFO : Generating box plots for relation of Exited with non Categorical data.
[2025-03-01T10:30:32.809+0000] {subprocess.py:93} INFO - 2025-03-01 10:30:32,808 : INFO : Using categorical units to plot a list of strings that are all parsable as floats or dates. If these strings should be plotted as numbers, cast to the appropriate data type before plotting.
[2025-03-01T10:30:32.827+0000] {subprocess.py:93} INFO - 2025-03-01 10:30:32,826 : INFO : Using categorical units to plot a list of strings that are all parsable as floats or dates. If these strings should be plotted as numbers, cast to the appropriate data type before plotting.
[2025-03-01T10:30:32.920+0000] {subprocess.py:93} INFO - 2025-03-01 10:30:32,919 : INFO : Using categorical units to plot a list of strings that are all parsable as floats or dates. If these strings should be plotted as numbers, cast to the appropriate data type before plotting.
[2025-03-01T10:30:32.937+0000] {subprocess.py:93} INFO - 2025-03-01 10:30:32,936 : INFO : Using categorical units to plot a list of strings that are all parsable as floats or dates. If these strings should be plotted as numbers, cast to the appropriate data type before plotting.
[2025-03-01T10:30:33.018+0000] {subprocess.py:93} INFO - 2025-03-01 10:30:33,017 : INFO : Using categorical units to plot a list of strings that are all parsable as floats or dates. If these strings should be plotted as numbers, cast to the appropriate data type before plotting.
[2025-03-01T10:30:33.035+0000] {subprocess.py:93} INFO - 2025-03-01 10:30:33,035 : INFO : Using categorical units to plot a list of strings that are all parsable as floats or dates. If these strings should be plotted as numbers, cast to the appropriate data type before plotting.
[2025-03-01T10:30:33.115+0000] {subprocess.py:93} INFO - 2025-03-01 10:30:33,115 : INFO : Using categorical units to plot a list of strings that are all parsable as floats or dates. If these strings should be plotted as numbers, cast to the appropriate data type before plotting.
[2025-03-01T10:30:33.135+0000] {subprocess.py:93} INFO - 2025-03-01 10:30:33,135 : INFO : Using categorical units to plot a list of strings that are all parsable as floats or dates. If these strings should be plotted as numbers, cast to the appropriate data type before plotting.
[2025-03-01T10:30:33.220+0000] {subprocess.py:93} INFO - 2025-03-01 10:30:33,219 : INFO : Using categorical units to plot a list of strings that are all parsable as floats or dates. If these strings should be plotted as numbers, cast to the appropriate data type before plotting.
[2025-03-01T10:30:33.237+0000] {subprocess.py:93} INFO - 2025-03-01 10:30:33,237 : INFO : Using categorical units to plot a list of strings that are all parsable as floats or dates. If these strings should be plotted as numbers, cast to the appropriate data type before plotting.
[2025-03-01T10:30:33.323+0000] {subprocess.py:93} INFO - 2025-03-01 10:30:33,323 : INFO : Using categorical units to plot a list of strings that are all parsable as floats or dates. If these strings should be plotted as numbers, cast to the appropriate data type before plotting.
[2025-03-01T10:30:33.345+0000] {subprocess.py:93} INFO - 2025-03-01 10:30:33,345 : INFO : Using categorical units to plot a list of strings that are all parsable as floats or dates. If these strings should be plotted as numbers, cast to the appropriate data type before plotting.
[2025-03-01T10:30:33.782+0000] {subprocess.py:93} INFO - 2025-03-01 10:30:33,782 : INFO : Saved pdf in visualization/plots.pdf
[2025-03-01T10:30:35.911+0000] {subprocess.py:93} INFO - 
[2025-03-01T10:30:35.911+0000] {subprocess.py:93} INFO - To track the changes with git, run:
[2025-03-01T10:30:35.912+0000] {subprocess.py:93} INFO - 
[2025-03-01T10:30:35.912+0000] {subprocess.py:93} INFO - 	git add data/cleaned.dvc
[2025-03-01T10:30:35.912+0000] {subprocess.py:93} INFO - 
[2025-03-01T10:30:35.913+0000] {subprocess.py:93} INFO - To enable auto staging, run:
[2025-03-01T10:30:35.913+0000] {subprocess.py:93} INFO - 
[2025-03-01T10:30:35.913+0000] {subprocess.py:93} INFO - 	dvc config core.autostage true
