[2025-03-04T01:34:56.924+0000] {taskinstance.py:1159} INFO - Dependencies all met for dep_context=non-requeueable deps ti=<TaskInstance: customer_churn_ml_pipeline.data_preparation_task manual__2025-03-04T01:33:59.890778+00:00 [queued]>
[2025-03-04T01:34:56.958+0000] {taskinstance.py:1159} INFO - Dependencies all met for dep_context=requeueable deps ti=<TaskInstance: customer_churn_ml_pipeline.data_preparation_task manual__2025-03-04T01:33:59.890778+00:00 [queued]>
[2025-03-04T01:34:56.959+0000] {taskinstance.py:1361} INFO - Starting attempt 1 of 1
[2025-03-04T01:34:57.002+0000] {taskinstance.py:1382} INFO - Executing <Task(BashOperator): data_preparation_task> on 2025-03-04 01:33:59.890778+00:00
[2025-03-04T01:34:57.015+0000] {standard_task_runner.py:57} INFO - Started process 10318 to run task
[2025-03-04T01:34:57.026+0000] {standard_task_runner.py:84} INFO - Running: ['***', 'tasks', 'run', 'customer_churn_ml_pipeline', 'data_preparation_task', 'manual__2025-03-04T01:33:59.890778+00:00', '--job-id', '278', '--raw', '--subdir', 'DAGS_FOLDER/customer_churn.py', '--cfg-path', '/tmp/tmpde9w8tfr']
[2025-03-04T01:34:57.032+0000] {standard_task_runner.py:85} INFO - Job 278: Subtask data_preparation_task
[2025-03-04T01:34:57.090+0000] {logging_mixin.py:154} WARNING - /home/***/.local/lib/python3.8/site-packages/***/settings.py:195 DeprecationWarning: The sql_alchemy_conn option in [core] has been moved to the sql_alchemy_conn option in [database] - the old setting has been used, but please update your config.
[2025-03-04T01:34:57.351+0000] {task_command.py:416} INFO - Running <TaskInstance: customer_churn_ml_pipeline.data_preparation_task manual__2025-03-04T01:33:59.890778+00:00 [running]> on host 157237bff8f7
[2025-03-04T01:34:57.717+0000] {taskinstance.py:1662} INFO - Exporting env vars: AIRFLOW_CTX_DAG_OWNER='***' AIRFLOW_CTX_DAG_ID='customer_churn_ml_pipeline' AIRFLOW_CTX_TASK_ID='data_preparation_task' AIRFLOW_CTX_EXECUTION_DATE='2025-03-04T01:33:59.890778+00:00' AIRFLOW_CTX_TRY_NUMBER='1' AIRFLOW_CTX_DAG_RUN_ID='manual__2025-03-04T01:33:59.890778+00:00'
[2025-03-04T01:34:57.721+0000] {subprocess.py:63} INFO - Tmp dir root location: /tmp
[2025-03-04T01:34:57.723+0000] {subprocess.py:75} INFO - Running command: ['/bin/bash', '-c', '\n\t\t\tcd /opt/*** &&\t\t\tpython /opt/***/executables/data_preparation.py &&                         dvc add /opt/***/data/cleaned &&                         git add /opt/***/data/cleaned.dvc && \t\t\tgit add logs && \\   \n\t\t\tgit add visualization &&    \t\t\tgit status &&                         git commit -m "Updated cleaned data version" -a &&                         dvc push && git push\n                    ']
[2025-03-04T01:34:57.748+0000] {subprocess.py:86} INFO - Output:
[2025-03-04T01:35:01.942+0000] {subprocess.py:93} INFO - 2025-03-04 01:35:01,942 : INFO : Starting data preparation for customer_data.csv.
[2025-03-04T01:35:01.972+0000] {subprocess.py:93} INFO - 2025-03-04 01:35:01,971 : INFO : Dropping 'Estimated Salary' & 'Credit Score' with 0 & negative values
[2025-03-04T01:35:01.976+0000] {subprocess.py:93} INFO - 2025-03-04 01:35:01,976 : INFO : Handling 'Balance', 'EstimatedSalary' empty data with mean
[2025-03-04T01:35:01.977+0000] {subprocess.py:93} INFO - 2025-03-04 01:35:01,976 : INFO : Handling 'Tenure', 'Age' empty data with tenure + 18 in age and droping tenure with 0 values & negative values
[2025-03-04T01:35:01.994+0000] {subprocess.py:93} INFO - 2025-03-04 01:35:01,994 : INFO : Dropping 'Tenure' less than 0 and greater than 80
[2025-03-04T01:35:01.998+0000] {subprocess.py:93} INFO - 2025-03-04 01:35:01,997 : INFO : Handling 'Age' empty data
[2025-03-04T01:35:01.999+0000] {subprocess.py:93} INFO - 2025-03-04 01:35:01,999 : INFO : Dropping 'Age' less than 18 and greater than 110
[2025-03-04T01:35:02.011+0000] {subprocess.py:93} INFO - 2025-03-04 01:35:02,011 : INFO : Droping 'Surname' as it may lead to profiling, 'RowNumber', 'CustomerId' as it is not required
[2025-03-04T01:35:02.015+0000] {subprocess.py:93} INFO - 2025-03-04 01:35:02,014 : INFO : Making 'Geography', 'Gender' as categorical
[2025-03-04T01:35:02.028+0000] {subprocess.py:93} INFO - 2025-03-04 01:35:02,027 : INFO : Making 'HasCrCard', 'IsActiveMember', 'Exited' as integers
[2025-03-04T01:35:02.030+0000] {subprocess.py:93} INFO - 2025-03-04 01:35:02,030 : INFO : Saving data to S3.
[2025-03-04T01:35:02.031+0000] {subprocess.py:93} INFO - 2025-03-04 01:35:02,030 : INFO : Directory created at /opt/***/data/cleaned/fintech1/04-03-2025/csv
[2025-03-04T01:35:02.355+0000] {subprocess.py:93} INFO - 2025-03-04 01:35:02,354 : INFO : Connected to s3
[2025-03-04T01:35:05.142+0000] {subprocess.py:93} INFO - 2025-03-04 01:35:05,141 : INFO : File uploaded to S3
[2025-03-04T01:35:05.143+0000] {subprocess.py:93} INFO - 2025-03-04 01:35:05,142 : INFO : Creating Pie chart
[2025-03-04T01:35:05.214+0000] {subprocess.py:93} INFO - 2025-03-04 01:35:05,214 : INFO : Generating histogram for column CreditScore.
[2025-03-04T01:35:05.424+0000] {subprocess.py:93} INFO - 2025-03-04 01:35:05,424 : INFO : Generating histogram for column Geography.
[2025-03-04T01:35:05.660+0000] {subprocess.py:93} INFO - 2025-03-04 01:35:05,660 : INFO : Generating histogram for column Gender.
[2025-03-04T01:35:05.824+0000] {subprocess.py:93} INFO - 2025-03-04 01:35:05,824 : INFO : Generating histogram for column Age.
[2025-03-04T01:35:06.036+0000] {subprocess.py:93} INFO - 2025-03-04 01:35:06,035 : INFO : Generating histogram for column Tenure.
[2025-03-04T01:35:06.244+0000] {subprocess.py:93} INFO - 2025-03-04 01:35:06,243 : INFO : Generating histogram for column Balance.
[2025-03-04T01:35:06.519+0000] {subprocess.py:93} INFO - 2025-03-04 01:35:06,518 : INFO : Generating histogram for column NumOfProducts.
[2025-03-04T01:35:06.746+0000] {subprocess.py:93} INFO - 2025-03-04 01:35:06,745 : INFO : Generating histogram for column HasCrCard.
[2025-03-04T01:35:06.944+0000] {subprocess.py:93} INFO - 2025-03-04 01:35:06,943 : INFO : Generating histogram for column IsActiveMember.
[2025-03-04T01:35:07.248+0000] {subprocess.py:93} INFO - 2025-03-04 01:35:07,247 : INFO : Generating histogram for column EstimatedSalary.
[2025-03-04T01:35:07.530+0000] {subprocess.py:93} INFO - 2025-03-04 01:35:07,529 : INFO : Generating histogram for column Exited.
[2025-03-04T01:35:07.781+0000] {subprocess.py:93} INFO - 2025-03-04 01:35:07,780 : INFO : Generating histogram for relation of Exited with Categorical data.
[2025-03-04T01:35:08.194+0000] {subprocess.py:93} INFO - 2025-03-04 01:35:08,194 : INFO : Using categorical units to plot a list of strings that are all parsable as floats or dates. If these strings should be plotted as numbers, cast to the appropriate data type before plotting.
[2025-03-04T01:35:08.218+0000] {subprocess.py:93} INFO - 2025-03-04 01:35:08,218 : INFO : Using categorical units to plot a list of strings that are all parsable as floats or dates. If these strings should be plotted as numbers, cast to the appropriate data type before plotting.
[2025-03-04T01:35:08.314+0000] {subprocess.py:93} INFO - 2025-03-04 01:35:08,314 : INFO : Using categorical units to plot a list of strings that are all parsable as floats or dates. If these strings should be plotted as numbers, cast to the appropriate data type before plotting.
[2025-03-04T01:35:08.337+0000] {subprocess.py:93} INFO - 2025-03-04 01:35:08,336 : INFO : Using categorical units to plot a list of strings that are all parsable as floats or dates. If these strings should be plotted as numbers, cast to the appropriate data type before plotting.
[2025-03-04T01:35:08.396+0000] {subprocess.py:93} INFO - 2025-03-04 01:35:08,396 : INFO : Generating box plots for relation of Exited with non Categorical data.
[2025-03-04T01:35:08.600+0000] {subprocess.py:93} INFO - 2025-03-04 01:35:08,599 : INFO : Using categorical units to plot a list of strings that are all parsable as floats or dates. If these strings should be plotted as numbers, cast to the appropriate data type before plotting.
[2025-03-04T01:35:08.622+0000] {subprocess.py:93} INFO - 2025-03-04 01:35:08,621 : INFO : Using categorical units to plot a list of strings that are all parsable as floats or dates. If these strings should be plotted as numbers, cast to the appropriate data type before plotting.
[2025-03-04T01:35:08.712+0000] {subprocess.py:93} INFO - 2025-03-04 01:35:08,712 : INFO : Using categorical units to plot a list of strings that are all parsable as floats or dates. If these strings should be plotted as numbers, cast to the appropriate data type before plotting.
[2025-03-04T01:35:08.732+0000] {subprocess.py:93} INFO - 2025-03-04 01:35:08,731 : INFO : Using categorical units to plot a list of strings that are all parsable as floats or dates. If these strings should be plotted as numbers, cast to the appropriate data type before plotting.
[2025-03-04T01:35:08.835+0000] {subprocess.py:93} INFO - 2025-03-04 01:35:08,835 : INFO : Using categorical units to plot a list of strings that are all parsable as floats or dates. If these strings should be plotted as numbers, cast to the appropriate data type before plotting.
[2025-03-04T01:35:08.857+0000] {subprocess.py:93} INFO - 2025-03-04 01:35:08,857 : INFO : Using categorical units to plot a list of strings that are all parsable as floats or dates. If these strings should be plotted as numbers, cast to the appropriate data type before plotting.
[2025-03-04T01:35:08.955+0000] {subprocess.py:93} INFO - 2025-03-04 01:35:08,954 : INFO : Using categorical units to plot a list of strings that are all parsable as floats or dates. If these strings should be plotted as numbers, cast to the appropriate data type before plotting.
[2025-03-04T01:35:08.977+0000] {subprocess.py:93} INFO - 2025-03-04 01:35:08,977 : INFO : Using categorical units to plot a list of strings that are all parsable as floats or dates. If these strings should be plotted as numbers, cast to the appropriate data type before plotting.
[2025-03-04T01:35:09.069+0000] {subprocess.py:93} INFO - 2025-03-04 01:35:09,069 : INFO : Using categorical units to plot a list of strings that are all parsable as floats or dates. If these strings should be plotted as numbers, cast to the appropriate data type before plotting.
[2025-03-04T01:35:09.090+0000] {subprocess.py:93} INFO - 2025-03-04 01:35:09,090 : INFO : Using categorical units to plot a list of strings that are all parsable as floats or dates. If these strings should be plotted as numbers, cast to the appropriate data type before plotting.
[2025-03-04T01:35:09.309+0000] {subprocess.py:93} INFO - 2025-03-04 01:35:09,309 : INFO : Using categorical units to plot a list of strings that are all parsable as floats or dates. If these strings should be plotted as numbers, cast to the appropriate data type before plotting.
[2025-03-04T01:35:09.346+0000] {subprocess.py:93} INFO - 2025-03-04 01:35:09,345 : INFO : Using categorical units to plot a list of strings that are all parsable as floats or dates. If these strings should be plotted as numbers, cast to the appropriate data type before plotting.
[2025-03-04T01:35:09.914+0000] {subprocess.py:93} INFO - 2025-03-04 01:35:09,913 : INFO : Saved pdf in /opt/***/visualization/fintech1/04-03-2025/csv/plots.pdf
[2025-03-04T01:35:09.955+0000] {subprocess.py:93} INFO - 2025-03-04 01:35:09,954 : INFO : Starting data preparation for database_data.csv.
[2025-03-04T01:35:09.977+0000] {subprocess.py:93} INFO - 2025-03-04 01:35:09,977 : INFO : Dropping 'Estimated Salary' & 'Credit Score' with 0 & negative values
[2025-03-04T01:35:09.981+0000] {subprocess.py:93} INFO - 2025-03-04 01:35:09,980 : INFO : Handling 'Balance', 'EstimatedSalary' empty data with mean
[2025-03-04T01:35:09.981+0000] {subprocess.py:93} INFO - 2025-03-04 01:35:09,981 : INFO : Handling 'Tenure', 'Age' empty data with tenure + 18 in age and droping tenure with 0 values & negative values
[2025-03-04T01:35:09.981+0000] {subprocess.py:93} INFO - 2025-03-04 01:35:09,981 : INFO : Dropping 'Tenure' less than 0 and greater than 80
[2025-03-04T01:35:09.984+0000] {subprocess.py:93} INFO - 2025-03-04 01:35:09,983 : INFO : Handling 'Age' empty data
[2025-03-04T01:35:09.985+0000] {subprocess.py:93} INFO - 2025-03-04 01:35:09,984 : INFO : Dropping 'Age' less than 18 and greater than 110
[2025-03-04T01:35:09.988+0000] {subprocess.py:93} INFO - 2025-03-04 01:35:09,987 : INFO : Droping 'Surname' as it may lead to profiling, 'RowNumber', 'CustomerId' as it is not required
[2025-03-04T01:35:09.989+0000] {subprocess.py:93} INFO - 2025-03-04 01:35:09,989 : INFO : Making 'Geography', 'Gender' as categorical
[2025-03-04T01:35:09.995+0000] {subprocess.py:93} INFO - 2025-03-04 01:35:09,995 : INFO : Making 'HasCrCard', 'IsActiveMember', 'Exited' as integers
[2025-03-04T01:35:09.997+0000] {subprocess.py:93} INFO - 2025-03-04 01:35:09,996 : INFO : Saving data to S3.
[2025-03-04T01:35:09.997+0000] {subprocess.py:93} INFO - 2025-03-04 01:35:09,997 : INFO : Directory created at /opt/***/data/cleaned/fintech2/04-03-2025/database
[2025-03-04T01:35:10.083+0000] {subprocess.py:93} INFO - 2025-03-04 01:35:10,083 : INFO : Connected to s3
[2025-03-04T01:35:13.147+0000] {subprocess.py:93} INFO - 2025-03-04 01:35:13,147 : INFO : File uploaded to S3
[2025-03-04T01:35:13.148+0000] {subprocess.py:93} INFO - 2025-03-04 01:35:13,147 : INFO : Creating Pie chart
[2025-03-04T01:35:13.208+0000] {subprocess.py:93} INFO - 2025-03-04 01:35:13,207 : INFO : Generating histogram for column CreditScore.
[2025-03-04T01:35:13.396+0000] {subprocess.py:93} INFO - 2025-03-04 01:35:13,396 : INFO : Generating histogram for column Geography.
[2025-03-04T01:35:13.537+0000] {subprocess.py:93} INFO - 2025-03-04 01:35:13,537 : INFO : Generating histogram for column Gender.
[2025-03-04T01:35:13.673+0000] {subprocess.py:93} INFO - 2025-03-04 01:35:13,673 : INFO : Generating histogram for column Age.
[2025-03-04T01:35:13.856+0000] {subprocess.py:93} INFO - 2025-03-04 01:35:13,855 : INFO : Generating histogram for column Tenure.
[2025-03-04T01:35:14.031+0000] {subprocess.py:93} INFO - 2025-03-04 01:35:14,030 : INFO : Generating histogram for column Balance.
[2025-03-04T01:35:14.212+0000] {subprocess.py:93} INFO - 2025-03-04 01:35:14,212 : INFO : Generating histogram for column NumOfProducts.
[2025-03-04T01:35:14.441+0000] {subprocess.py:93} INFO - 2025-03-04 01:35:14,440 : INFO : Generating histogram for column HasCrCard.
[2025-03-04T01:35:14.682+0000] {subprocess.py:93} INFO - 2025-03-04 01:35:14,681 : INFO : Generating histogram for column IsActiveMember.
[2025-03-04T01:35:14.895+0000] {subprocess.py:93} INFO - 2025-03-04 01:35:14,895 : INFO : Generating histogram for column EstimatedSalary.
[2025-03-04T01:35:15.229+0000] {subprocess.py:93} INFO - 2025-03-04 01:35:15,229 : INFO : Generating histogram for column Exited.
[2025-03-04T01:35:15.511+0000] {subprocess.py:93} INFO - 2025-03-04 01:35:15,510 : INFO : Generating histogram for relation of Exited with Categorical data.
[2025-03-04T01:35:16.007+0000] {subprocess.py:93} INFO - 2025-03-04 01:35:16,006 : INFO : Using categorical units to plot a list of strings that are all parsable as floats or dates. If these strings should be plotted as numbers, cast to the appropriate data type before plotting.
[2025-03-04T01:35:16.029+0000] {subprocess.py:93} INFO - 2025-03-04 01:35:16,028 : INFO : Using categorical units to plot a list of strings that are all parsable as floats or dates. If these strings should be plotted as numbers, cast to the appropriate data type before plotting.
[2025-03-04T01:35:16.131+0000] {subprocess.py:93} INFO - 2025-03-04 01:35:16,131 : INFO : Using categorical units to plot a list of strings that are all parsable as floats or dates. If these strings should be plotted as numbers, cast to the appropriate data type before plotting.
[2025-03-04T01:35:16.155+0000] {subprocess.py:93} INFO - 2025-03-04 01:35:16,155 : INFO : Using categorical units to plot a list of strings that are all parsable as floats or dates. If these strings should be plotted as numbers, cast to the appropriate data type before plotting.
[2025-03-04T01:35:16.213+0000] {subprocess.py:93} INFO - 2025-03-04 01:35:16,212 : INFO : Generating box plots for relation of Exited with non Categorical data.
[2025-03-04T01:35:16.557+0000] {subprocess.py:93} INFO - 2025-03-04 01:35:16,557 : INFO : Using categorical units to plot a list of strings that are all parsable as floats or dates. If these strings should be plotted as numbers, cast to the appropriate data type before plotting.
[2025-03-04T01:35:16.587+0000] {subprocess.py:93} INFO - 2025-03-04 01:35:16,579 : INFO : Using categorical units to plot a list of strings that are all parsable as floats or dates. If these strings should be plotted as numbers, cast to the appropriate data type before plotting.
[2025-03-04T01:35:16.702+0000] {subprocess.py:93} INFO - 2025-03-04 01:35:16,701 : INFO : Using categorical units to plot a list of strings that are all parsable as floats or dates. If these strings should be plotted as numbers, cast to the appropriate data type before plotting.
[2025-03-04T01:35:16.732+0000] {subprocess.py:93} INFO - 2025-03-04 01:35:16,731 : INFO : Using categorical units to plot a list of strings that are all parsable as floats or dates. If these strings should be plotted as numbers, cast to the appropriate data type before plotting.
[2025-03-04T01:35:16.836+0000] {subprocess.py:93} INFO - 2025-03-04 01:35:16,836 : INFO : Using categorical units to plot a list of strings that are all parsable as floats or dates. If these strings should be plotted as numbers, cast to the appropriate data type before plotting.
[2025-03-04T01:35:16.857+0000] {subprocess.py:93} INFO - 2025-03-04 01:35:16,856 : INFO : Using categorical units to plot a list of strings that are all parsable as floats or dates. If these strings should be plotted as numbers, cast to the appropriate data type before plotting.
[2025-03-04T01:35:16.957+0000] {subprocess.py:93} INFO - 2025-03-04 01:35:16,957 : INFO : Using categorical units to plot a list of strings that are all parsable as floats or dates. If these strings should be plotted as numbers, cast to the appropriate data type before plotting.
[2025-03-04T01:35:16.979+0000] {subprocess.py:93} INFO - 2025-03-04 01:35:16,979 : INFO : Using categorical units to plot a list of strings that are all parsable as floats or dates. If these strings should be plotted as numbers, cast to the appropriate data type before plotting.
[2025-03-04T01:35:17.086+0000] {subprocess.py:93} INFO - 2025-03-04 01:35:17,086 : INFO : Using categorical units to plot a list of strings that are all parsable as floats or dates. If these strings should be plotted as numbers, cast to the appropriate data type before plotting.
[2025-03-04T01:35:17.116+0000] {subprocess.py:93} INFO - 2025-03-04 01:35:17,116 : INFO : Using categorical units to plot a list of strings that are all parsable as floats or dates. If these strings should be plotted as numbers, cast to the appropriate data type before plotting.
[2025-03-04T01:35:17.236+0000] {subprocess.py:93} INFO - 2025-03-04 01:35:17,235 : INFO : Using categorical units to plot a list of strings that are all parsable as floats or dates. If these strings should be plotted as numbers, cast to the appropriate data type before plotting.
[2025-03-04T01:35:17.262+0000] {subprocess.py:93} INFO - 2025-03-04 01:35:17,262 : INFO : Using categorical units to plot a list of strings that are all parsable as floats or dates. If these strings should be plotted as numbers, cast to the appropriate data type before plotting.
[2025-03-04T01:35:17.822+0000] {subprocess.py:93} INFO - 2025-03-04 01:35:17,815 : INFO : Saved pdf in /opt/***/visualization/fintech2/04-03-2025/database/plots.pdf
[2025-03-04T01:35:20.747+0000] {subprocess.py:93} INFO - 
[2025-03-04T01:35:20.747+0000] {subprocess.py:93} INFO - To track the changes with git, run:
[2025-03-04T01:35:20.749+0000] {subprocess.py:93} INFO - 
[2025-03-04T01:35:20.750+0000] {subprocess.py:93} INFO - 	git add data/cleaned.dvc
[2025-03-04T01:35:20.750+0000] {subprocess.py:93} INFO - 
[2025-03-04T01:35:20.750+0000] {subprocess.py:93} INFO - To enable auto staging, run:
[2025-03-04T01:35:20.750+0000] {subprocess.py:93} INFO - 
[2025-03-04T01:35:20.750+0000] {subprocess.py:93} INFO - 	dvc config core.autostage true
[2025-03-04T01:35:21.193+0000] {subprocess.py:93} INFO - /bin/bash: line 2:  : command not found
[2025-03-04T01:35:21.244+0000] {subprocess.py:93} INFO - On branch main
[2025-03-04T01:35:21.244+0000] {subprocess.py:93} INFO - Your branch is up to date with 'origin/main'.
[2025-03-04T01:35:21.245+0000] {subprocess.py:93} INFO - 
[2025-03-04T01:35:21.245+0000] {subprocess.py:93} INFO - Changes to be committed:
[2025-03-04T01:35:21.246+0000] {subprocess.py:93} INFO -   (use "git restore --staged <file>..." to unstage)
[2025-03-04T01:35:21.246+0000] {subprocess.py:93} INFO - 	new file:   logs/dag_id=customer_churn_ml_pipeline/run_id=manual__2025-03-04T01:33:59.890778+00:00/task_id=data_preparation_task/attempt=1.log
[2025-03-04T01:35:21.246+0000] {subprocess.py:93} INFO - 	modified:   logs/dag_id=customer_churn_ml_pipeline/run_id=manual__2025-03-04T01:33:59.890778+00:00/task_id=data_validation_task/attempt=1.log
[2025-03-04T01:35:21.246+0000] {subprocess.py:93} INFO - 	modified:   logs/dag_processor_manager/dag_processor_manager.log
[2025-03-04T01:35:21.247+0000] {subprocess.py:93} INFO - 	modified:   logs/data_preparation.log
[2025-03-04T01:35:21.247+0000] {subprocess.py:93} INFO - 	modified:   logs/scheduler/2025-03-04/customer_churn.py.log
[2025-03-04T01:35:21.247+0000] {subprocess.py:93} INFO - 	modified:   visualization/fintech1/04-03-2025/csv/plots.pdf
[2025-03-04T01:35:21.248+0000] {subprocess.py:93} INFO - 	modified:   visualization/fintech2/04-03-2025/database/plots.pdf
[2025-03-04T01:35:21.248+0000] {subprocess.py:93} INFO - 
[2025-03-04T01:35:21.248+0000] {subprocess.py:93} INFO - Changes not staged for commit:
[2025-03-04T01:35:21.249+0000] {subprocess.py:93} INFO -   (use "git add <file>..." to update what will be committed)
[2025-03-04T01:35:21.249+0000] {subprocess.py:93} INFO -   (use "git restore <file>..." to discard changes in working directory)
[2025-03-04T01:35:21.249+0000] {subprocess.py:93} INFO - 	modified:   logs/dag_id=customer_churn_ml_pipeline/run_id=manual__2025-03-04T01:33:59.890778+00:00/task_id=data_preparation_task/attempt=1.log
[2025-03-04T01:35:21.250+0000] {subprocess.py:93} INFO - 
[2025-03-04T01:35:21.250+0000] {subprocess.py:93} INFO - Untracked files:
[2025-03-04T01:35:21.250+0000] {subprocess.py:93} INFO -   (use "git add <file>..." to include in what will be committed)
[2025-03-04T01:35:21.251+0000] {subprocess.py:93} INFO - 	customer_churn_stats/feature_repo/data/online_store.db
[2025-03-04T01:35:21.251+0000] {subprocess.py:93} INFO - 	customer_churn_stats/feature_repo/data/registry.db
[2025-03-04T01:35:21.251+0000] {subprocess.py:93} INFO - 	models/
[2025-03-04T01:35:21.251+0000] {subprocess.py:93} INFO - 	online.db
[2025-03-04T01:35:21.252+0000] {subprocess.py:93} INFO - 
[2025-03-04T01:35:21.358+0000] {subprocess.py:93} INFO - [main 44906fa] Updated cleaned data version
[2025-03-04T01:35:21.359+0000] {subprocess.py:93} INFO -  7 files changed, 252 insertions(+)
[2025-03-04T01:35:21.359+0000] {subprocess.py:93} INFO -  create mode 100644 logs/dag_id=customer_churn_ml_pipeline/run_id=manual__2025-03-04T01:33:59.890778+00:00/task_id=data_preparation_task/attempt=1.log
[2025-03-04T01:35:30.325+0000] {subprocess.py:93} INFO - Everything is up to date.
[2025-03-04T01:35:32.365+0000] {subprocess.py:93} INFO - To https://github.com/anniemathew-trial/customer_churn_pipeline.git
[2025-03-04T01:35:32.366+0000] {subprocess.py:93} INFO -    ea5e832..44906fa  main -> main
[2025-03-04T01:35:32.372+0000] {subprocess.py:97} INFO - Command exited with return code 0
[2025-03-04T01:35:32.427+0000] {taskinstance.py:1400} INFO - Marking task as SUCCESS. dag_id=customer_churn_ml_pipeline, task_id=data_preparation_task, execution_date=20250304T013359, start_date=20250304T013456, end_date=20250304T013532
[2025-03-04T01:35:32.495+0000] {local_task_job_runner.py:228} INFO - Task exited with return code 0
[2025-03-04T01:35:32.560+0000] {taskinstance.py:2778} INFO - 1 downstream tasks scheduled from follow-on schedule check
