[2025-03-02T12:09:55.633+0000] {taskinstance.py:1159} INFO - Dependencies all met for dep_context=non-requeueable deps ti=<TaskInstance: customer_churn_ml_pipeline.data_preparation_task manual__2025-03-02T12:09:01.135703+00:00 [queued]>
[2025-03-02T12:09:55.659+0000] {taskinstance.py:1159} INFO - Dependencies all met for dep_context=requeueable deps ti=<TaskInstance: customer_churn_ml_pipeline.data_preparation_task manual__2025-03-02T12:09:01.135703+00:00 [queued]>
[2025-03-02T12:09:55.660+0000] {taskinstance.py:1361} INFO - Starting attempt 1 of 1
[2025-03-02T12:09:55.696+0000] {taskinstance.py:1382} INFO - Executing <Task(BashOperator): data_preparation_task> on 2025-03-02 12:09:01.135703+00:00
[2025-03-02T12:09:55.703+0000] {standard_task_runner.py:57} INFO - Started process 17667 to run task
[2025-03-02T12:09:55.710+0000] {standard_task_runner.py:84} INFO - Running: ['***', 'tasks', 'run', 'customer_churn_ml_pipeline', 'data_preparation_task', 'manual__2025-03-02T12:09:01.135703+00:00', '--job-id', '245', '--raw', '--subdir', 'DAGS_FOLDER/customer_churn.py', '--cfg-path', '/tmp/tmpk3skuszr']
[2025-03-02T12:09:55.714+0000] {standard_task_runner.py:85} INFO - Job 245: Subtask data_preparation_task
[2025-03-02T12:09:55.758+0000] {logging_mixin.py:154} WARNING - /home/***/.local/lib/python3.8/site-packages/***/settings.py:195 DeprecationWarning: The sql_alchemy_conn option in [core] has been moved to the sql_alchemy_conn option in [database] - the old setting has been used, but please update your config.
[2025-03-02T12:09:55.846+0000] {task_command.py:416} INFO - Running <TaskInstance: customer_churn_ml_pipeline.data_preparation_task manual__2025-03-02T12:09:01.135703+00:00 [running]> on host 9113a5746a05
[2025-03-02T12:09:56.072+0000] {taskinstance.py:1662} INFO - Exporting env vars: AIRFLOW_CTX_DAG_OWNER='***' AIRFLOW_CTX_DAG_ID='customer_churn_ml_pipeline' AIRFLOW_CTX_TASK_ID='data_preparation_task' AIRFLOW_CTX_EXECUTION_DATE='2025-03-02T12:09:01.135703+00:00' AIRFLOW_CTX_TRY_NUMBER='1' AIRFLOW_CTX_DAG_RUN_ID='manual__2025-03-02T12:09:01.135703+00:00'
[2025-03-02T12:09:56.073+0000] {subprocess.py:63} INFO - Tmp dir root location: /tmp
[2025-03-02T12:09:56.075+0000] {subprocess.py:75} INFO - Running command: ['/bin/bash', '-c', '\n\t\t\tcd /opt/*** &&\t\t\tpython /opt/***/executables/data_preparation.py &&                         dvc add /opt/***/data/cleaned &&                         git add /opt/***/data/cleaned.dvc && \t\t\tgit add logs && \\   \n\t\t\tgit add visualization &&    \t\t\tgit status &&                         git commit -m "Updated cleaned data version" -a &&                         dvc push && git push\n                    ']
[2025-03-02T12:09:56.090+0000] {subprocess.py:86} INFO - Output:
[2025-03-02T12:10:04.290+0000] {subprocess.py:93} INFO - 2025-03-02 12:10:04,289 : INFO : Starting data preparation for csv.
[2025-03-02T12:10:04.365+0000] {subprocess.py:93} INFO - 2025-03-02 12:10:04,364 : INFO : Handling 'Tenure', 'Balance', 'EstimatedSalary' empty data
[2025-03-02T12:10:04.368+0000] {subprocess.py:93} INFO - 2025-03-02 12:10:04,368 : INFO : Handling 'Age' empty data
[2025-03-02T12:10:04.372+0000] {subprocess.py:93} INFO - 2025-03-02 12:10:04,372 : INFO : Droping 'Surname' as it may lead to profiling, 'RowNumber', 'CustomerId' as it is not required
[2025-03-02T12:10:04.377+0000] {subprocess.py:93} INFO - 2025-03-02 12:10:04,376 : INFO : Making 'Geography', 'Gender', 'HasCrCard', 'IsActiveMember' as categorical
[2025-03-02T12:10:04.413+0000] {subprocess.py:93} INFO - 2025-03-02 12:10:04,412 : INFO : Saving data to S3.
[2025-03-02T12:10:04.414+0000] {subprocess.py:93} INFO - 2025-03-02 12:10:04,413 : INFO : Directory created at /opt/***/data/cleaned/02-03-2025/csv
[2025-03-02T12:10:05.441+0000] {subprocess.py:93} INFO - 2025-03-02 12:10:05,439 : INFO : Connected to s3
[2025-03-02T12:10:08.199+0000] {subprocess.py:93} INFO - 2025-03-02 12:10:08,198 : INFO : File uploaded to S3
[2025-03-02T12:10:08.201+0000] {subprocess.py:93} INFO - 2025-03-02 12:10:08,200 : INFO : Creating Pie chart
[2025-03-02T12:10:08.398+0000] {subprocess.py:93} INFO - 2025-03-02 12:10:08,397 : INFO : Generating histogram for column CreditScore.
[2025-03-02T12:10:08.890+0000] {subprocess.py:93} INFO - 2025-03-02 12:10:08,889 : INFO : Generating histogram for column Geography.
[2025-03-02T12:10:09.312+0000] {subprocess.py:93} INFO - 2025-03-02 12:10:09,311 : INFO : Generating histogram for column Gender.
[2025-03-02T12:10:09.649+0000] {subprocess.py:93} INFO - 2025-03-02 12:10:09,648 : INFO : Generating histogram for column Age.
[2025-03-02T12:10:10.086+0000] {subprocess.py:93} INFO - 2025-03-02 12:10:10,085 : INFO : Generating histogram for column Tenure.
[2025-03-02T12:10:10.479+0000] {subprocess.py:93} INFO - 2025-03-02 12:10:10,479 : INFO : Generating histogram for column Balance.
[2025-03-02T12:10:10.907+0000] {subprocess.py:93} INFO - 2025-03-02 12:10:10,906 : INFO : Generating histogram for column NumOfProducts.
[2025-03-02T12:10:11.209+0000] {subprocess.py:93} INFO - 2025-03-02 12:10:11,208 : INFO : Generating histogram for column HasCrCard.
[2025-03-02T12:10:11.695+0000] {subprocess.py:93} INFO - 2025-03-02 12:10:11,695 : INFO : Generating histogram for column IsActiveMember.
[2025-03-02T12:10:12.134+0000] {subprocess.py:93} INFO - 2025-03-02 12:10:12,134 : INFO : Generating histogram for column EstimatedSalary.
[2025-03-02T12:10:12.470+0000] {subprocess.py:93} INFO - 2025-03-02 12:10:12,470 : INFO : Generating histogram for column Exited.
[2025-03-02T12:10:12.740+0000] {subprocess.py:93} INFO - 2025-03-02 12:10:12,740 : INFO : Generating histogram for relation of Exited with Categorical data.
[2025-03-02T12:10:13.158+0000] {subprocess.py:93} INFO - 2025-03-02 12:10:13,158 : INFO : Using categorical units to plot a list of strings that are all parsable as floats or dates. If these strings should be plotted as numbers, cast to the appropriate data type before plotting.
[2025-03-02T12:10:13.180+0000] {subprocess.py:93} INFO - 2025-03-02 12:10:13,180 : INFO : Using categorical units to plot a list of strings that are all parsable as floats or dates. If these strings should be plotted as numbers, cast to the appropriate data type before plotting.
[2025-03-02T12:10:13.264+0000] {subprocess.py:93} INFO - 2025-03-02 12:10:13,263 : INFO : Using categorical units to plot a list of strings that are all parsable as floats or dates. If these strings should be plotted as numbers, cast to the appropriate data type before plotting.
[2025-03-02T12:10:13.288+0000] {subprocess.py:93} INFO - 2025-03-02 12:10:13,288 : INFO : Using categorical units to plot a list of strings that are all parsable as floats or dates. If these strings should be plotted as numbers, cast to the appropriate data type before plotting.
[2025-03-02T12:10:13.340+0000] {subprocess.py:93} INFO - 2025-03-02 12:10:13,340 : INFO : Generating box plots for relation of Exited with non Categorical data.
[2025-03-02T12:10:13.559+0000] {subprocess.py:93} INFO - 2025-03-02 12:10:13,558 : INFO : Using categorical units to plot a list of strings that are all parsable as floats or dates. If these strings should be plotted as numbers, cast to the appropriate data type before plotting.
[2025-03-02T12:10:13.595+0000] {subprocess.py:93} INFO - 2025-03-02 12:10:13,595 : INFO : Using categorical units to plot a list of strings that are all parsable as floats or dates. If these strings should be plotted as numbers, cast to the appropriate data type before plotting.
[2025-03-02T12:10:13.729+0000] {subprocess.py:93} INFO - 2025-03-02 12:10:13,728 : INFO : Using categorical units to plot a list of strings that are all parsable as floats or dates. If these strings should be plotted as numbers, cast to the appropriate data type before plotting.
[2025-03-02T12:10:13.752+0000] {subprocess.py:93} INFO - 2025-03-02 12:10:13,751 : INFO : Using categorical units to plot a list of strings that are all parsable as floats or dates. If these strings should be plotted as numbers, cast to the appropriate data type before plotting.
[2025-03-02T12:10:13.876+0000] {subprocess.py:93} INFO - 2025-03-02 12:10:13,876 : INFO : Using categorical units to plot a list of strings that are all parsable as floats or dates. If these strings should be plotted as numbers, cast to the appropriate data type before plotting.
[2025-03-02T12:10:13.901+0000] {subprocess.py:93} INFO - 2025-03-02 12:10:13,900 : INFO : Using categorical units to plot a list of strings that are all parsable as floats or dates. If these strings should be plotted as numbers, cast to the appropriate data type before plotting.
[2025-03-02T12:10:14.010+0000] {subprocess.py:93} INFO - 2025-03-02 12:10:14,009 : INFO : Using categorical units to plot a list of strings that are all parsable as floats or dates. If these strings should be plotted as numbers, cast to the appropriate data type before plotting.
[2025-03-02T12:10:14.033+0000] {subprocess.py:93} INFO - 2025-03-02 12:10:14,032 : INFO : Using categorical units to plot a list of strings that are all parsable as floats or dates. If these strings should be plotted as numbers, cast to the appropriate data type before plotting.
[2025-03-02T12:10:14.132+0000] {subprocess.py:93} INFO - 2025-03-02 12:10:14,132 : INFO : Using categorical units to plot a list of strings that are all parsable as floats or dates. If these strings should be plotted as numbers, cast to the appropriate data type before plotting.
[2025-03-02T12:10:14.153+0000] {subprocess.py:93} INFO - 2025-03-02 12:10:14,153 : INFO : Using categorical units to plot a list of strings that are all parsable as floats or dates. If these strings should be plotted as numbers, cast to the appropriate data type before plotting.
[2025-03-02T12:10:14.389+0000] {subprocess.py:93} INFO - 2025-03-02 12:10:14,388 : INFO : Using categorical units to plot a list of strings that are all parsable as floats or dates. If these strings should be plotted as numbers, cast to the appropriate data type before plotting.
[2025-03-02T12:10:14.416+0000] {subprocess.py:93} INFO - 2025-03-02 12:10:14,415 : INFO : Using categorical units to plot a list of strings that are all parsable as floats or dates. If these strings should be plotted as numbers, cast to the appropriate data type before plotting.
[2025-03-02T12:10:15.063+0000] {subprocess.py:93} INFO - 2025-03-02 12:10:15,063 : INFO : Saved pdf in visualization/plots.pdf
[2025-03-02T12:10:17.847+0000] {subprocess.py:93} INFO - 
[2025-03-02T12:10:17.847+0000] {subprocess.py:93} INFO - To track the changes with git, run:
[2025-03-02T12:10:17.849+0000] {subprocess.py:93} INFO - 
[2025-03-02T12:10:17.850+0000] {subprocess.py:93} INFO - 	git add data/cleaned.dvc
[2025-03-02T12:10:17.851+0000] {subprocess.py:93} INFO - 
[2025-03-02T12:10:17.851+0000] {subprocess.py:93} INFO - To enable auto staging, run:
[2025-03-02T12:10:17.852+0000] {subprocess.py:93} INFO - 
[2025-03-02T12:10:17.852+0000] {subprocess.py:93} INFO - 	dvc config core.autostage true
[2025-03-02T12:10:18.165+0000] {subprocess.py:93} INFO - /bin/bash: line 2:  : command not found
[2025-03-02T12:10:18.195+0000] {subprocess.py:93} INFO - On branch main
[2025-03-02T12:10:18.196+0000] {subprocess.py:93} INFO - Your branch is up to date with 'origin/main'.
[2025-03-02T12:10:18.196+0000] {subprocess.py:93} INFO - 
[2025-03-02T12:10:18.196+0000] {subprocess.py:93} INFO - Changes to be committed:
[2025-03-02T12:10:18.196+0000] {subprocess.py:93} INFO -   (use "git restore --staged <file>..." to unstage)
[2025-03-02T12:10:18.196+0000] {subprocess.py:93} INFO - 	new file:   logs/dag_id=customer_churn_ml_pipeline/run_id=manual__2025-03-02T12:09:01.135703+00:00/task_id=data_preparation_task/attempt=1.log
[2025-03-02T12:10:18.197+0000] {subprocess.py:93} INFO - 	modified:   logs/dag_id=customer_churn_ml_pipeline/run_id=manual__2025-03-02T12:09:01.135703+00:00/task_id=data_validation_task/attempt=1.log
[2025-03-02T12:10:18.197+0000] {subprocess.py:93} INFO - 	modified:   logs/data_preparation.log
[2025-03-02T12:10:18.197+0000] {subprocess.py:93} INFO - 	modified:   logs/scheduler/2025-03-02/customer_churn.py.log
[2025-03-02T12:10:18.197+0000] {subprocess.py:93} INFO - 	modified:   visualization/plots.pdf
[2025-03-02T12:10:18.197+0000] {subprocess.py:93} INFO - 
[2025-03-02T12:10:18.197+0000] {subprocess.py:93} INFO - Changes not staged for commit:
[2025-03-02T12:10:18.198+0000] {subprocess.py:93} INFO -   (use "git add <file>..." to update what will be committed)
[2025-03-02T12:10:18.198+0000] {subprocess.py:93} INFO -   (use "git restore <file>..." to discard changes in working directory)
[2025-03-02T12:10:18.198+0000] {subprocess.py:93} INFO - 	modified:   logs/dag_id=customer_churn_ml_pipeline/run_id=manual__2025-03-02T12:09:01.135703+00:00/task_id=data_preparation_task/attempt=1.log
[2025-03-02T12:10:18.198+0000] {subprocess.py:93} INFO - 
[2025-03-02T12:10:18.198+0000] {subprocess.py:93} INFO - Untracked files:
[2025-03-02T12:10:18.199+0000] {subprocess.py:93} INFO -   (use "git add <file>..." to include in what will be committed)
[2025-03-02T12:10:18.199+0000] {subprocess.py:93} INFO - 	customer_churn_stats/feature_repo/data/
[2025-03-02T12:10:18.199+0000] {subprocess.py:93} INFO - 
[2025-03-02T12:10:18.236+0000] {subprocess.py:93} INFO - [main 9d633e3] Updated cleaned data version
[2025-03-02T12:10:18.237+0000] {subprocess.py:93} INFO -  5 files changed, 139 insertions(+)
[2025-03-02T12:10:18.237+0000] {subprocess.py:93} INFO -  create mode 100644 logs/dag_id=customer_churn_ml_pipeline/run_id=manual__2025-03-02T12:09:01.135703+00:00/task_id=data_preparation_task/attempt=1.log
[2025-03-02T12:10:24.202+0000] {subprocess.py:93} INFO - Everything is up to date.
[2025-03-02T12:10:28.169+0000] {subprocess.py:93} INFO - To https://github.com/anniemathew-trial/customer_churn_pipeline.git
[2025-03-02T12:10:28.169+0000] {subprocess.py:93} INFO -    6405865..9d633e3  main -> main
[2025-03-02T12:10:28.176+0000] {subprocess.py:97} INFO - Command exited with return code 0
[2025-03-02T12:10:28.237+0000] {taskinstance.py:1400} INFO - Marking task as SUCCESS. dag_id=customer_churn_ml_pipeline, task_id=data_preparation_task, execution_date=20250302T120901, start_date=20250302T120955, end_date=20250302T121028
[2025-03-02T12:10:28.283+0000] {local_task_job_runner.py:228} INFO - Task exited with return code 0
[2025-03-02T12:10:28.351+0000] {taskinstance.py:2778} INFO - 1 downstream tasks scheduled from follow-on schedule check
