[2025-03-02T08:00:47.843+0000] {taskinstance.py:1159} INFO - Dependencies all met for dep_context=non-requeueable deps ti=<TaskInstance: customer_churn_ml_pipeline.data_transformation_task scheduled__2025-03-01T08:00:00+00:00 [queued]>
[2025-03-02T08:00:47.888+0000] {taskinstance.py:1159} INFO - Dependencies all met for dep_context=requeueable deps ti=<TaskInstance: customer_churn_ml_pipeline.data_transformation_task scheduled__2025-03-01T08:00:00+00:00 [queued]>
[2025-03-02T08:00:47.889+0000] {taskinstance.py:1361} INFO - Starting attempt 1 of 1
[2025-03-02T08:00:47.990+0000] {taskinstance.py:1382} INFO - Executing <Task(BashOperator): data_transformation_task> on 2025-03-01 08:00:00+00:00
[2025-03-02T08:00:48.023+0000] {standard_task_runner.py:57} INFO - Started process 7824 to run task
[2025-03-02T08:00:48.061+0000] {standard_task_runner.py:84} INFO - Running: ['***', 'tasks', 'run', 'customer_churn_ml_pipeline', 'data_transformation_task', 'scheduled__2025-03-01T08:00:00+00:00', '--job-id', '298', '--raw', '--subdir', 'DAGS_FOLDER/customer_churn.py', '--cfg-path', '/tmp/tmpmzwy99x4']
[2025-03-02T08:00:48.087+0000] {standard_task_runner.py:85} INFO - Job 298: Subtask data_transformation_task
[2025-03-02T08:00:48.394+0000] {logging_mixin.py:154} WARNING - /home/***/.local/lib/python3.8/site-packages/***/settings.py:195 DeprecationWarning: The sql_alchemy_conn option in [core] has been moved to the sql_alchemy_conn option in [database] - the old setting has been used, but please update your config.
[2025-03-02T08:00:48.969+0000] {task_command.py:416} INFO - Running <TaskInstance: customer_churn_ml_pipeline.data_transformation_task scheduled__2025-03-01T08:00:00+00:00 [running]> on host 7e994a0ed489
[2025-03-02T08:00:49.838+0000] {taskinstance.py:1662} INFO - Exporting env vars: AIRFLOW_CTX_DAG_OWNER='***' AIRFLOW_CTX_DAG_ID='customer_churn_ml_pipeline' AIRFLOW_CTX_TASK_ID='data_transformation_task' AIRFLOW_CTX_EXECUTION_DATE='2025-03-01T08:00:00+00:00' AIRFLOW_CTX_TRY_NUMBER='1' AIRFLOW_CTX_DAG_RUN_ID='scheduled__2025-03-01T08:00:00+00:00'
[2025-03-02T08:00:49.857+0000] {subprocess.py:63} INFO - Tmp dir root location: /tmp
[2025-03-02T08:00:49.900+0000] {subprocess.py:75} INFO - Running command: ['/bin/bash', '-c', '\n\t\t\tNOW=$(date \'+%d-%m-%Y\') &&\t\t\tcd /opt/*** &&                        dvc pull /opt/***/data/cleaned\n                        python /opt/***/executables/data_transformation.py &&                         dvc add /opt/***/data/transformed &&                         git add /opt/***/data/transformed.dvc && \t\t\tgit add logs &&                        git commit -m "Updated transformed data version" -a &&                         dvc push && git push\n                    ']
[2025-03-02T08:00:50.074+0000] {subprocess.py:86} INFO - Output:
[2025-03-02T08:00:58.292+0000] {subprocess.py:93} INFO - ERROR: failed to pull data from the cloud - Unable to acquire lock. Most likely another DVC process is running or was terminated abruptly. Check the page <https://dvc.org/doc/user-guide/troubleshooting#lock-issue> for other possible reasons and to learn how to resolve this.
[2025-03-02T08:01:13.958+0000] {subprocess.py:93} INFO - 2025-03-02 08:01:13,958 : INFO : Starting data preparation for csv.
[2025-03-02T08:01:14.128+0000] {subprocess.py:93} INFO - 2025-03-02 08:01:14,128 : INFO : Scaling 'Tenure', 'Balance', 'EstimatedSalary'.
[2025-03-02T08:01:14.176+0000] {subprocess.py:93} INFO - 2025-03-02 08:01:14,175 : INFO : Saving data to S3.
[2025-03-02T08:01:28.240+0000] {subprocess.py:93} INFO - 
[2025-03-02T08:01:28.241+0000] {subprocess.py:93} INFO - To track the changes with git, run:
[2025-03-02T08:01:28.242+0000] {subprocess.py:93} INFO - 
[2025-03-02T08:01:28.243+0000] {subprocess.py:93} INFO - 	git add data/transformed.dvc
[2025-03-02T08:01:28.248+0000] {subprocess.py:93} INFO - 
[2025-03-02T08:01:28.249+0000] {subprocess.py:93} INFO - To enable auto staging, run:
[2025-03-02T08:01:28.250+0000] {subprocess.py:93} INFO - 
[2025-03-02T08:01:28.266+0000] {subprocess.py:93} INFO - 	dvc config core.autostage true
[2025-03-02T08:01:29.961+0000] {subprocess.py:93} INFO - [main 7fa0652] Updated transformed data version
[2025-03-02T08:01:29.962+0000] {subprocess.py:93} INFO -  4 files changed, 25 insertions(+)
[2025-03-02T08:01:39.311+0000] {subprocess.py:93} INFO - ERROR: failed to push data to the cloud - Unable to acquire lock. Most likely another DVC process is running or was terminated abruptly. Check the page <https://dvc.org/doc/user-guide/troubleshooting#lock-issue> for other possible reasons and to learn how to resolve this.
[2025-03-02T08:01:40.076+0000] {subprocess.py:97} INFO - Command exited with return code 1
[2025-03-02T08:01:40.130+0000] {taskinstance.py:1937} ERROR - Task failed with exception
Traceback (most recent call last):
  File "/home/airflow/.local/lib/python3.8/site-packages/airflow/operators/bash.py", line 210, in execute
    raise AirflowException(
airflow.exceptions.AirflowException: Bash command failed. The command returned a non-zero exit code 1.
[2025-03-02T08:01:40.150+0000] {taskinstance.py:1400} INFO - Marking task as FAILED. dag_id=customer_churn_ml_pipeline, task_id=data_transformation_task, execution_date=20250301T080000, start_date=20250302T080047, end_date=20250302T080140
[2025-03-02T08:01:40.209+0000] {standard_task_runner.py:104} ERROR - Failed to execute job 298 for task data_transformation_task (Bash command failed. The command returned a non-zero exit code 1.; 7824)
[2025-03-02T08:01:40.254+0000] {local_task_job_runner.py:228} INFO - Task exited with return code 1
[2025-03-02T08:01:40.390+0000] {taskinstance.py:2778} INFO - 0 downstream tasks scheduled from follow-on schedule check
