[2025-03-09T11:09:43.028+0000] {taskinstance.py:1159} INFO - Dependencies all met for dep_context=non-requeueable deps ti=<TaskInstance: customer_churn_ml_pipeline.data_ingestion_task manual__2025-03-09T11:09:34.940904+00:00 [queued]>
[2025-03-09T11:09:43.042+0000] {taskinstance.py:1159} INFO - Dependencies all met for dep_context=requeueable deps ti=<TaskInstance: customer_churn_ml_pipeline.data_ingestion_task manual__2025-03-09T11:09:34.940904+00:00 [queued]>
[2025-03-09T11:09:43.043+0000] {taskinstance.py:1361} INFO - Starting attempt 1 of 1
[2025-03-09T11:09:43.066+0000] {taskinstance.py:1382} INFO - Executing <Task(BashOperator): data_ingestion_task> on 2025-03-09 11:09:34.940904+00:00
[2025-03-09T11:09:43.070+0000] {standard_task_runner.py:57} INFO - Started process 1492 to run task
[2025-03-09T11:09:43.075+0000] {standard_task_runner.py:84} INFO - Running: ['***', 'tasks', 'run', 'customer_churn_ml_pipeline', 'data_ingestion_task', 'manual__2025-03-09T11:09:34.940904+00:00', '--job-id', '304', '--raw', '--subdir', 'DAGS_FOLDER/customer_churn.py', '--cfg-path', '/tmp/tmpd0hv8die']
[2025-03-09T11:09:43.078+0000] {standard_task_runner.py:85} INFO - Job 304: Subtask data_ingestion_task
[2025-03-09T11:09:43.108+0000] {logging_mixin.py:154} WARNING - /home/***/.local/lib/python3.8/site-packages/***/settings.py:195 DeprecationWarning: The sql_alchemy_conn option in [core] has been moved to the sql_alchemy_conn option in [database] - the old setting has been used, but please update your config.
[2025-03-09T11:09:43.169+0000] {task_command.py:416} INFO - Running <TaskInstance: customer_churn_ml_pipeline.data_ingestion_task manual__2025-03-09T11:09:34.940904+00:00 [running]> on host 157237bff8f7
[2025-03-09T11:09:43.319+0000] {taskinstance.py:1662} INFO - Exporting env vars: AIRFLOW_CTX_DAG_OWNER='***' AIRFLOW_CTX_DAG_ID='customer_churn_ml_pipeline' AIRFLOW_CTX_TASK_ID='data_ingestion_task' AIRFLOW_CTX_EXECUTION_DATE='2025-03-09T11:09:34.940904+00:00' AIRFLOW_CTX_TRY_NUMBER='1' AIRFLOW_CTX_DAG_RUN_ID='manual__2025-03-09T11:09:34.940904+00:00'
[2025-03-09T11:09:43.321+0000] {subprocess.py:63} INFO - Tmp dir root location: /tmp
[2025-03-09T11:09:43.322+0000] {subprocess.py:75} INFO - Running command: ['/bin/bash', '-c', 'python /opt/***/executables/data_ingestion.py && \t\t\tNOW=$(date \'+%d-%m-%Y\') &&\t\t\tcd /opt/*** && \t\t\tgit add logs &&    \t\t\tgit status &&                         git commit -m "Updated data ingestion" -a &&                         git push\n                    ']
[2025-03-09T11:09:43.331+0000] {subprocess.py:86} INFO - Output:
[2025-03-09T11:09:44.402+0000] {subprocess.py:93} INFO - 2025-03-09 11:09:44,402 : INFO : Reading data from CSV file customer_data.csv
[2025-03-09T11:09:44.515+0000] {subprocess.py:93} INFO - 2025-03-09 11:09:44,515 : INFO : Data from CSV customer_data.csv ingested successfully!
[2025-03-09T11:09:44.516+0000] {subprocess.py:93} INFO - 2025-03-09 11:09:44,515 : INFO : Connecting to Database
[2025-03-09T11:09:44.537+0000] {subprocess.py:93} INFO - 2025-03-09 11:09:44,537 : INFO : Connecting to Database Successfull
[2025-03-09T11:09:44.537+0000] {subprocess.py:93} INFO - 2025-03-09 11:09:44,537 : INFO : Reading data from database.
[2025-03-09T11:09:45.037+0000] {subprocess.py:93} INFO - /opt/***/executables/data_ingestion.py:50: UserWarning: pandas only supports SQLAlchemy connectable (engine/connection) or database string URI or sqlite3 DBAPI2 connection. Other DBAPI2 objects are not tested. Please consider using SQLAlchemy.
[2025-03-09T11:09:45.037+0000] {subprocess.py:93} INFO -   data = pd.read_sql(query, connection)
[2025-03-09T11:09:45.038+0000] {subprocess.py:93} INFO - 2025-03-09 11:09:45,037 : INFO : Data from Database ingested successfully!
[2025-03-09T11:09:45.240+0000] {subprocess.py:93} INFO - On branch main
[2025-03-09T11:09:45.241+0000] {subprocess.py:93} INFO - Your branch is up to date with 'origin/main'.
[2025-03-09T11:09:45.241+0000] {subprocess.py:93} INFO - 
[2025-03-09T11:09:45.241+0000] {subprocess.py:93} INFO - Changes to be committed:
[2025-03-09T11:09:45.241+0000] {subprocess.py:93} INFO -   (use "git restore --staged <file>..." to unstage)
[2025-03-09T11:09:45.242+0000] {subprocess.py:93} INFO - 	new file:   logs/dag_id=customer_churn_ml_pipeline/run_id=manual__2025-03-09T11:09:34.940904+00:00/task_id=data_ingestion_task/attempt=1.log
[2025-03-09T11:09:45.242+0000] {subprocess.py:93} INFO - 	new file:   logs/dag_id=customer_churn_ml_pipeline/run_id=manual__2025-03-09T11:09:34.940904+00:00/task_id=pull_latest_codes/attempt=1.log
[2025-03-09T11:09:45.242+0000] {subprocess.py:93} INFO - 	modified:   logs/dag_id=customer_churn_ml_pipeline/run_id=scheduled__2025-03-08T08:00:00+00:00/task_id=model_training_task/attempt=1.log
[2025-03-09T11:09:45.242+0000] {subprocess.py:93} INFO - 	modified:   logs/dag_processor_manager/dag_processor_manager.log
[2025-03-09T11:09:45.242+0000] {subprocess.py:93} INFO - 	modified:   logs/data_ingestion.log
[2025-03-09T11:09:45.242+0000] {subprocess.py:93} INFO - 	modified:   logs/scheduler/2025-03-09/customer_churn.py.log
[2025-03-09T11:09:45.243+0000] {subprocess.py:93} INFO - 
[2025-03-09T11:09:45.243+0000] {subprocess.py:93} INFO - Changes not staged for commit:
[2025-03-09T11:09:45.243+0000] {subprocess.py:93} INFO -   (use "git add/rm <file>..." to update what will be committed)
[2025-03-09T11:09:45.243+0000] {subprocess.py:93} INFO -   (use "git restore <file>..." to discard changes in working directory)
[2025-03-09T11:09:45.243+0000] {subprocess.py:93} INFO - 	deleted:    mlruns/0/202c30480fa045aaab10c7cbcbb6e727/meta.yaml
[2025-03-09T11:09:45.243+0000] {subprocess.py:93} INFO - 	deleted:    mlruns/0/202c30480fa045aaab10c7cbcbb6e727/metrics/accuracy
[2025-03-09T11:09:45.243+0000] {subprocess.py:93} INFO - 	deleted:    mlruns/0/202c30480fa045aaab10c7cbcbb6e727/metrics/f1_score
[2025-03-09T11:09:45.244+0000] {subprocess.py:93} INFO - 	deleted:    mlruns/0/202c30480fa045aaab10c7cbcbb6e727/metrics/precision
[2025-03-09T11:09:45.244+0000] {subprocess.py:93} INFO - 	deleted:    mlruns/0/202c30480fa045aaab10c7cbcbb6e727/metrics/recall
[2025-03-09T11:09:45.244+0000] {subprocess.py:93} INFO - 	deleted:    mlruns/0/202c30480fa045aaab10c7cbcbb6e727/params/model_type
[2025-03-09T11:09:45.244+0000] {subprocess.py:93} INFO - 	deleted:    mlruns/0/202c30480fa045aaab10c7cbcbb6e727/tags/mlflow.log-model.history
[2025-03-09T11:09:45.244+0000] {subprocess.py:93} INFO - 	deleted:    mlruns/0/202c30480fa045aaab10c7cbcbb6e727/tags/mlflow.runName
[2025-03-09T11:09:45.244+0000] {subprocess.py:93} INFO - 	deleted:    mlruns/0/202c30480fa045aaab10c7cbcbb6e727/tags/mlflow.source.git.commit
[2025-03-09T11:09:45.245+0000] {subprocess.py:93} INFO - 	deleted:    mlruns/0/202c30480fa045aaab10c7cbcbb6e727/tags/mlflow.source.name
[2025-03-09T11:09:45.245+0000] {subprocess.py:93} INFO - 	deleted:    mlruns/0/202c30480fa045aaab10c7cbcbb6e727/tags/mlflow.source.type
[2025-03-09T11:09:45.245+0000] {subprocess.py:93} INFO - 	deleted:    mlruns/0/202c30480fa045aaab10c7cbcbb6e727/tags/mlflow.user
[2025-03-09T11:09:45.245+0000] {subprocess.py:93} INFO - 	deleted:    mlruns/0/2a152ba9f91e4c7aae1782c0992e0d9c/meta.yaml
[2025-03-09T11:09:45.245+0000] {subprocess.py:93} INFO - 	deleted:    mlruns/0/2a152ba9f91e4c7aae1782c0992e0d9c/metrics/accuracy
[2025-03-09T11:09:45.245+0000] {subprocess.py:93} INFO - 	deleted:    mlruns/0/2a152ba9f91e4c7aae1782c0992e0d9c/metrics/f1_score
[2025-03-09T11:09:45.246+0000] {subprocess.py:93} INFO - 	deleted:    mlruns/0/2a152ba9f91e4c7aae1782c0992e0d9c/metrics/precision
[2025-03-09T11:09:45.246+0000] {subprocess.py:93} INFO - 	deleted:    mlruns/0/2a152ba9f91e4c7aae1782c0992e0d9c/metrics/recall
[2025-03-09T11:09:45.246+0000] {subprocess.py:93} INFO - 	deleted:    mlruns/0/2a152ba9f91e4c7aae1782c0992e0d9c/params/model_type
[2025-03-09T11:09:45.246+0000] {subprocess.py:93} INFO - 	deleted:    mlruns/0/2a152ba9f91e4c7aae1782c0992e0d9c/tags/mlflow.log-model.history
[2025-03-09T11:09:45.246+0000] {subprocess.py:93} INFO - 	deleted:    mlruns/0/2a152ba9f91e4c7aae1782c0992e0d9c/tags/mlflow.runName
[2025-03-09T11:09:45.246+0000] {subprocess.py:93} INFO - 	deleted:    mlruns/0/2a152ba9f91e4c7aae1782c0992e0d9c/tags/mlflow.source.git.commit
[2025-03-09T11:09:45.247+0000] {subprocess.py:93} INFO - 	deleted:    mlruns/0/2a152ba9f91e4c7aae1782c0992e0d9c/tags/mlflow.source.name
[2025-03-09T11:09:45.247+0000] {subprocess.py:93} INFO - 	deleted:    mlruns/0/2a152ba9f91e4c7aae1782c0992e0d9c/tags/mlflow.source.type
[2025-03-09T11:09:45.247+0000] {subprocess.py:93} INFO - 	deleted:    mlruns/0/2a152ba9f91e4c7aae1782c0992e0d9c/tags/mlflow.user
[2025-03-09T11:09:45.247+0000] {subprocess.py:93} INFO - 	deleted:    mlruns/0/30a1116e1c3f468db3d1a757ec74b4c5/meta.yaml
[2025-03-09T11:09:45.247+0000] {subprocess.py:93} INFO - 	deleted:    mlruns/0/30a1116e1c3f468db3d1a757ec74b4c5/metrics/accuracy
[2025-03-09T11:09:45.248+0000] {subprocess.py:93} INFO - 	deleted:    mlruns/0/30a1116e1c3f468db3d1a757ec74b4c5/metrics/f1_score
[2025-03-09T11:09:45.248+0000] {subprocess.py:93} INFO - 	deleted:    mlruns/0/30a1116e1c3f468db3d1a757ec74b4c5/metrics/precision
[2025-03-09T11:09:45.248+0000] {subprocess.py:93} INFO - 	deleted:    mlruns/0/30a1116e1c3f468db3d1a757ec74b4c5/metrics/recall
[2025-03-09T11:09:45.249+0000] {subprocess.py:93} INFO - 	deleted:    mlruns/0/30a1116e1c3f468db3d1a757ec74b4c5/params/model_type
[2025-03-09T11:09:45.249+0000] {subprocess.py:93} INFO - 	deleted:    mlruns/0/30a1116e1c3f468db3d1a757ec74b4c5/tags/mlflow.log-model.history
[2025-03-09T11:09:45.249+0000] {subprocess.py:93} INFO - 	deleted:    mlruns/0/30a1116e1c3f468db3d1a757ec74b4c5/tags/mlflow.runName
[2025-03-09T11:09:45.249+0000] {subprocess.py:93} INFO - 	deleted:    mlruns/0/30a1116e1c3f468db3d1a757ec74b4c5/tags/mlflow.source.git.commit
[2025-03-09T11:09:45.249+0000] {subprocess.py:93} INFO - 	deleted:    mlruns/0/30a1116e1c3f468db3d1a757ec74b4c5/tags/mlflow.source.name
[2025-03-09T11:09:45.250+0000] {subprocess.py:93} INFO - 	deleted:    mlruns/0/30a1116e1c3f468db3d1a757ec74b4c5/tags/mlflow.source.type
[2025-03-09T11:09:45.250+0000] {subprocess.py:93} INFO - 	deleted:    mlruns/0/30a1116e1c3f468db3d1a757ec74b4c5/tags/mlflow.user
[2025-03-09T11:09:45.250+0000] {subprocess.py:93} INFO - 	deleted:    mlruns/0/3a33c58c539742469218a6a44c8be123/meta.yaml
[2025-03-09T11:09:45.250+0000] {subprocess.py:93} INFO - 	deleted:    mlruns/0/3a33c58c539742469218a6a44c8be123/metrics/accuracy
[2025-03-09T11:09:45.250+0000] {subprocess.py:93} INFO - 	deleted:    mlruns/0/3a33c58c539742469218a6a44c8be123/metrics/f1_score
[2025-03-09T11:09:45.250+0000] {subprocess.py:93} INFO - 	deleted:    mlruns/0/3a33c58c539742469218a6a44c8be123/metrics/precision
[2025-03-09T11:09:45.250+0000] {subprocess.py:93} INFO - 	deleted:    mlruns/0/3a33c58c539742469218a6a44c8be123/metrics/recall
[2025-03-09T11:09:45.251+0000] {subprocess.py:93} INFO - 	deleted:    mlruns/0/3a33c58c539742469218a6a44c8be123/params/model_type
[2025-03-09T11:09:45.251+0000] {subprocess.py:93} INFO - 	deleted:    mlruns/0/3a33c58c539742469218a6a44c8be123/tags/mlflow.log-model.history
[2025-03-09T11:09:45.251+0000] {subprocess.py:93} INFO - 	deleted:    mlruns/0/3a33c58c539742469218a6a44c8be123/tags/mlflow.runName
[2025-03-09T11:09:45.251+0000] {subprocess.py:93} INFO - 	deleted:    mlruns/0/3a33c58c539742469218a6a44c8be123/tags/mlflow.source.git.commit
[2025-03-09T11:09:45.251+0000] {subprocess.py:93} INFO - 	deleted:    mlruns/0/3a33c58c539742469218a6a44c8be123/tags/mlflow.source.name
[2025-03-09T11:09:45.251+0000] {subprocess.py:93} INFO - 	deleted:    mlruns/0/3a33c58c539742469218a6a44c8be123/tags/mlflow.source.type
[2025-03-09T11:09:45.252+0000] {subprocess.py:93} INFO - 	deleted:    mlruns/0/3a33c58c539742469218a6a44c8be123/tags/mlflow.user
[2025-03-09T11:09:45.252+0000] {subprocess.py:93} INFO - 	deleted:    mlruns/0/46483f5710594f3bb2afdaa3577c381c/meta.yaml
[2025-03-09T11:09:45.252+0000] {subprocess.py:93} INFO - 	deleted:    mlruns/0/46483f5710594f3bb2afdaa3577c381c/metrics/accuracy
[2025-03-09T11:09:45.252+0000] {subprocess.py:93} INFO - 	deleted:    mlruns/0/46483f5710594f3bb2afdaa3577c381c/metrics/f1_score
[2025-03-09T11:09:45.252+0000] {subprocess.py:93} INFO - 	deleted:    mlruns/0/46483f5710594f3bb2afdaa3577c381c/metrics/precision
[2025-03-09T11:09:45.252+0000] {subprocess.py:93} INFO - 	deleted:    mlruns/0/46483f5710594f3bb2afdaa3577c381c/metrics/recall
[2025-03-09T11:09:45.253+0000] {subprocess.py:93} INFO - 	deleted:    mlruns/0/46483f5710594f3bb2afdaa3577c381c/params/model_type
[2025-03-09T11:09:45.253+0000] {subprocess.py:93} INFO - 	deleted:    mlruns/0/46483f5710594f3bb2afdaa3577c381c/tags/mlflow.log-model.history
[2025-03-09T11:09:45.253+0000] {subprocess.py:93} INFO - 	deleted:    mlruns/0/46483f5710594f3bb2afdaa3577c381c/tags/mlflow.runName
[2025-03-09T11:09:45.253+0000] {subprocess.py:93} INFO - 	deleted:    mlruns/0/46483f5710594f3bb2afdaa3577c381c/tags/mlflow.source.git.commit
[2025-03-09T11:09:45.253+0000] {subprocess.py:93} INFO - 	deleted:    mlruns/0/46483f5710594f3bb2afdaa3577c381c/tags/mlflow.source.name
[2025-03-09T11:09:45.254+0000] {subprocess.py:93} INFO - 	deleted:    mlruns/0/46483f5710594f3bb2afdaa3577c381c/tags/mlflow.source.type
[2025-03-09T11:09:45.254+0000] {subprocess.py:93} INFO - 	deleted:    mlruns/0/46483f5710594f3bb2afdaa3577c381c/tags/mlflow.user
[2025-03-09T11:09:45.254+0000] {subprocess.py:93} INFO - 	deleted:    mlruns/0/513480195d30480a9f49215563303901/meta.yaml
[2025-03-09T11:09:45.254+0000] {subprocess.py:93} INFO - 	deleted:    mlruns/0/513480195d30480a9f49215563303901/metrics/accuracy
[2025-03-09T11:09:45.254+0000] {subprocess.py:93} INFO - 	deleted:    mlruns/0/513480195d30480a9f49215563303901/metrics/f1_score
[2025-03-09T11:09:45.254+0000] {subprocess.py:93} INFO - 	deleted:    mlruns/0/513480195d30480a9f49215563303901/metrics/precision
[2025-03-09T11:09:45.254+0000] {subprocess.py:93} INFO - 	deleted:    mlruns/0/513480195d30480a9f49215563303901/metrics/recall
[2025-03-09T11:09:45.255+0000] {subprocess.py:93} INFO - 	deleted:    mlruns/0/513480195d30480a9f49215563303901/params/model_type
[2025-03-09T11:09:45.255+0000] {subprocess.py:93} INFO - 	deleted:    mlruns/0/513480195d30480a9f49215563303901/tags/mlflow.log-model.history
[2025-03-09T11:09:45.255+0000] {subprocess.py:93} INFO - 	deleted:    mlruns/0/513480195d30480a9f49215563303901/tags/mlflow.runName
[2025-03-09T11:09:45.255+0000] {subprocess.py:93} INFO - 	deleted:    mlruns/0/513480195d30480a9f49215563303901/tags/mlflow.source.git.commit
[2025-03-09T11:09:45.255+0000] {subprocess.py:93} INFO - 	deleted:    mlruns/0/513480195d30480a9f49215563303901/tags/mlflow.source.name
[2025-03-09T11:09:45.255+0000] {subprocess.py:93} INFO - 	deleted:    mlruns/0/513480195d30480a9f49215563303901/tags/mlflow.source.type
[2025-03-09T11:09:45.256+0000] {subprocess.py:93} INFO - 	deleted:    mlruns/0/513480195d30480a9f49215563303901/tags/mlflow.user
[2025-03-09T11:09:45.256+0000] {subprocess.py:93} INFO - 	deleted:    mlruns/0/9562b7148f754f608d0627291825c6e4/meta.yaml
[2025-03-09T11:09:45.256+0000] {subprocess.py:93} INFO - 	deleted:    mlruns/0/9562b7148f754f608d0627291825c6e4/metrics/accuracy
[2025-03-09T11:09:45.256+0000] {subprocess.py:93} INFO - 	deleted:    mlruns/0/9562b7148f754f608d0627291825c6e4/metrics/f1_score
[2025-03-09T11:09:45.256+0000] {subprocess.py:93} INFO - 	deleted:    mlruns/0/9562b7148f754f608d0627291825c6e4/metrics/precision
[2025-03-09T11:09:45.256+0000] {subprocess.py:93} INFO - 	deleted:    mlruns/0/9562b7148f754f608d0627291825c6e4/metrics/recall
[2025-03-09T11:09:45.256+0000] {subprocess.py:93} INFO - 	deleted:    mlruns/0/9562b7148f754f608d0627291825c6e4/params/model_type
[2025-03-09T11:09:45.257+0000] {subprocess.py:93} INFO - 	deleted:    mlruns/0/9562b7148f754f608d0627291825c6e4/tags/mlflow.log-model.history
[2025-03-09T11:09:45.257+0000] {subprocess.py:93} INFO - 	deleted:    mlruns/0/9562b7148f754f608d0627291825c6e4/tags/mlflow.runName
[2025-03-09T11:09:45.257+0000] {subprocess.py:93} INFO - 	deleted:    mlruns/0/9562b7148f754f608d0627291825c6e4/tags/mlflow.source.git.commit
[2025-03-09T11:09:45.257+0000] {subprocess.py:93} INFO - 	deleted:    mlruns/0/9562b7148f754f608d0627291825c6e4/tags/mlflow.source.name
[2025-03-09T11:09:45.257+0000] {subprocess.py:93} INFO - 	deleted:    mlruns/0/9562b7148f754f608d0627291825c6e4/tags/mlflow.source.type
[2025-03-09T11:09:45.257+0000] {subprocess.py:93} INFO - 	deleted:    mlruns/0/9562b7148f754f608d0627291825c6e4/tags/mlflow.user
[2025-03-09T11:09:45.258+0000] {subprocess.py:93} INFO - 	deleted:    mlruns/0/982d2225d28f41a58e5a68394f5b3418/meta.yaml
[2025-03-09T11:09:45.258+0000] {subprocess.py:93} INFO - 	deleted:    mlruns/0/982d2225d28f41a58e5a68394f5b3418/metrics/accuracy
[2025-03-09T11:09:45.258+0000] {subprocess.py:93} INFO - 	deleted:    mlruns/0/982d2225d28f41a58e5a68394f5b3418/metrics/f1_score
[2025-03-09T11:09:45.258+0000] {subprocess.py:93} INFO - 	deleted:    mlruns/0/982d2225d28f41a58e5a68394f5b3418/metrics/precision
[2025-03-09T11:09:45.258+0000] {subprocess.py:93} INFO - 	deleted:    mlruns/0/982d2225d28f41a58e5a68394f5b3418/metrics/recall
[2025-03-09T11:09:45.258+0000] {subprocess.py:93} INFO - 	deleted:    mlruns/0/982d2225d28f41a58e5a68394f5b3418/params/model_type
[2025-03-09T11:09:45.259+0000] {subprocess.py:93} INFO - 	deleted:    mlruns/0/982d2225d28f41a58e5a68394f5b3418/tags/mlflow.log-model.history
[2025-03-09T11:09:45.259+0000] {subprocess.py:93} INFO - 	deleted:    mlruns/0/982d2225d28f41a58e5a68394f5b3418/tags/mlflow.runName
[2025-03-09T11:09:45.259+0000] {subprocess.py:93} INFO - 	deleted:    mlruns/0/982d2225d28f41a58e5a68394f5b3418/tags/mlflow.source.git.commit
[2025-03-09T11:09:45.259+0000] {subprocess.py:93} INFO - 	deleted:    mlruns/0/982d2225d28f41a58e5a68394f5b3418/tags/mlflow.source.name
[2025-03-09T11:09:45.259+0000] {subprocess.py:93} INFO - 	deleted:    mlruns/0/982d2225d28f41a58e5a68394f5b3418/tags/mlflow.source.type
[2025-03-09T11:09:45.259+0000] {subprocess.py:93} INFO - 	deleted:    mlruns/0/982d2225d28f41a58e5a68394f5b3418/tags/mlflow.user
[2025-03-09T11:09:45.260+0000] {subprocess.py:93} INFO - 	deleted:    mlruns/0/99d7a480377c4d37acb5615b9f481ec9/meta.yaml
[2025-03-09T11:09:45.260+0000] {subprocess.py:93} INFO - 	deleted:    mlruns/0/99d7a480377c4d37acb5615b9f481ec9/metrics/accuracy
[2025-03-09T11:09:45.260+0000] {subprocess.py:93} INFO - 	deleted:    mlruns/0/99d7a480377c4d37acb5615b9f481ec9/metrics/f1_score
[2025-03-09T11:09:45.260+0000] {subprocess.py:93} INFO - 	deleted:    mlruns/0/99d7a480377c4d37acb5615b9f481ec9/metrics/precision
[2025-03-09T11:09:45.260+0000] {subprocess.py:93} INFO - 	deleted:    mlruns/0/99d7a480377c4d37acb5615b9f481ec9/metrics/recall
[2025-03-09T11:09:45.260+0000] {subprocess.py:93} INFO - 	deleted:    mlruns/0/99d7a480377c4d37acb5615b9f481ec9/params/model_type
[2025-03-09T11:09:45.261+0000] {subprocess.py:93} INFO - 	deleted:    mlruns/0/99d7a480377c4d37acb5615b9f481ec9/tags/mlflow.log-model.history
[2025-03-09T11:09:45.261+0000] {subprocess.py:93} INFO - 	deleted:    mlruns/0/99d7a480377c4d37acb5615b9f481ec9/tags/mlflow.runName
[2025-03-09T11:09:45.261+0000] {subprocess.py:93} INFO - 	deleted:    mlruns/0/99d7a480377c4d37acb5615b9f481ec9/tags/mlflow.source.git.commit
[2025-03-09T11:09:45.261+0000] {subprocess.py:93} INFO - 	deleted:    mlruns/0/99d7a480377c4d37acb5615b9f481ec9/tags/mlflow.source.name
[2025-03-09T11:09:45.261+0000] {subprocess.py:93} INFO - 	deleted:    mlruns/0/99d7a480377c4d37acb5615b9f481ec9/tags/mlflow.source.type
[2025-03-09T11:09:45.261+0000] {subprocess.py:93} INFO - 	deleted:    mlruns/0/99d7a480377c4d37acb5615b9f481ec9/tags/mlflow.user
[2025-03-09T11:09:45.261+0000] {subprocess.py:93} INFO - 	deleted:    mlruns/0/a4e93c132d5a47e4acc941a678ba64b6/meta.yaml
[2025-03-09T11:09:45.262+0000] {subprocess.py:93} INFO - 	deleted:    mlruns/0/a4e93c132d5a47e4acc941a678ba64b6/metrics/accuracy
[2025-03-09T11:09:45.262+0000] {subprocess.py:93} INFO - 	deleted:    mlruns/0/a4e93c132d5a47e4acc941a678ba64b6/metrics/f1_score
[2025-03-09T11:09:45.262+0000] {subprocess.py:93} INFO - 	deleted:    mlruns/0/a4e93c132d5a47e4acc941a678ba64b6/metrics/precision
[2025-03-09T11:09:45.262+0000] {subprocess.py:93} INFO - 	deleted:    mlruns/0/a4e93c132d5a47e4acc941a678ba64b6/metrics/recall
[2025-03-09T11:09:45.262+0000] {subprocess.py:93} INFO - 	deleted:    mlruns/0/a4e93c132d5a47e4acc941a678ba64b6/params/model_type
[2025-03-09T11:09:45.262+0000] {subprocess.py:93} INFO - 	deleted:    mlruns/0/a4e93c132d5a47e4acc941a678ba64b6/tags/mlflow.log-model.history
[2025-03-09T11:09:45.263+0000] {subprocess.py:93} INFO - 	deleted:    mlruns/0/a4e93c132d5a47e4acc941a678ba64b6/tags/mlflow.runName
[2025-03-09T11:09:45.263+0000] {subprocess.py:93} INFO - 	deleted:    mlruns/0/a4e93c132d5a47e4acc941a678ba64b6/tags/mlflow.source.git.commit
[2025-03-09T11:09:45.263+0000] {subprocess.py:93} INFO - 	deleted:    mlruns/0/a4e93c132d5a47e4acc941a678ba64b6/tags/mlflow.source.name
[2025-03-09T11:09:45.263+0000] {subprocess.py:93} INFO - 	deleted:    mlruns/0/a4e93c132d5a47e4acc941a678ba64b6/tags/mlflow.source.type
[2025-03-09T11:09:45.263+0000] {subprocess.py:93} INFO - 	deleted:    mlruns/0/a4e93c132d5a47e4acc941a678ba64b6/tags/mlflow.user
[2025-03-09T11:09:45.263+0000] {subprocess.py:93} INFO - 	deleted:    mlruns/0/a519bd02a5a84d9fbd6aee12918c2d2c/meta.yaml
[2025-03-09T11:09:45.264+0000] {subprocess.py:93} INFO - 	deleted:    mlruns/0/a519bd02a5a84d9fbd6aee12918c2d2c/metrics/accuracy
[2025-03-09T11:09:45.264+0000] {subprocess.py:93} INFO - 	deleted:    mlruns/0/a519bd02a5a84d9fbd6aee12918c2d2c/metrics/f1_score
[2025-03-09T11:09:45.264+0000] {subprocess.py:93} INFO - 	deleted:    mlruns/0/a519bd02a5a84d9fbd6aee12918c2d2c/metrics/precision
[2025-03-09T11:09:45.264+0000] {subprocess.py:93} INFO - 	deleted:    mlruns/0/a519bd02a5a84d9fbd6aee12918c2d2c/metrics/recall
[2025-03-09T11:09:45.264+0000] {subprocess.py:93} INFO - 	deleted:    mlruns/0/a519bd02a5a84d9fbd6aee12918c2d2c/params/model_type
[2025-03-09T11:09:45.265+0000] {subprocess.py:93} INFO - 	deleted:    mlruns/0/a519bd02a5a84d9fbd6aee12918c2d2c/tags/mlflow.log-model.history
[2025-03-09T11:09:45.265+0000] {subprocess.py:93} INFO - 	deleted:    mlruns/0/a519bd02a5a84d9fbd6aee12918c2d2c/tags/mlflow.runName
[2025-03-09T11:09:45.265+0000] {subprocess.py:93} INFO - 	deleted:    mlruns/0/a519bd02a5a84d9fbd6aee12918c2d2c/tags/mlflow.source.git.commit
[2025-03-09T11:09:45.265+0000] {subprocess.py:93} INFO - 	deleted:    mlruns/0/a519bd02a5a84d9fbd6aee12918c2d2c/tags/mlflow.source.name
[2025-03-09T11:09:45.265+0000] {subprocess.py:93} INFO - 	deleted:    mlruns/0/a519bd02a5a84d9fbd6aee12918c2d2c/tags/mlflow.source.type
[2025-03-09T11:09:45.266+0000] {subprocess.py:93} INFO - 	deleted:    mlruns/0/a519bd02a5a84d9fbd6aee12918c2d2c/tags/mlflow.user
[2025-03-09T11:09:45.266+0000] {subprocess.py:93} INFO - 	deleted:    mlruns/0/a6e21687fc1a4c35917a4df2f799387b/meta.yaml
[2025-03-09T11:09:45.266+0000] {subprocess.py:93} INFO - 	deleted:    mlruns/0/a6e21687fc1a4c35917a4df2f799387b/metrics/accuracy
[2025-03-09T11:09:45.266+0000] {subprocess.py:93} INFO - 	deleted:    mlruns/0/a6e21687fc1a4c35917a4df2f799387b/metrics/f1_score
[2025-03-09T11:09:45.266+0000] {subprocess.py:93} INFO - 	deleted:    mlruns/0/a6e21687fc1a4c35917a4df2f799387b/metrics/precision
[2025-03-09T11:09:45.266+0000] {subprocess.py:93} INFO - 	deleted:    mlruns/0/a6e21687fc1a4c35917a4df2f799387b/metrics/recall
[2025-03-09T11:09:45.266+0000] {subprocess.py:93} INFO - 	deleted:    mlruns/0/a6e21687fc1a4c35917a4df2f799387b/params/model_type
[2025-03-09T11:09:45.267+0000] {subprocess.py:93} INFO - 	deleted:    mlruns/0/a6e21687fc1a4c35917a4df2f799387b/tags/mlflow.log-model.history
[2025-03-09T11:09:45.267+0000] {subprocess.py:93} INFO - 	deleted:    mlruns/0/a6e21687fc1a4c35917a4df2f799387b/tags/mlflow.runName
[2025-03-09T11:09:45.267+0000] {subprocess.py:93} INFO - 	deleted:    mlruns/0/a6e21687fc1a4c35917a4df2f799387b/tags/mlflow.source.git.commit
[2025-03-09T11:09:45.267+0000] {subprocess.py:93} INFO - 	deleted:    mlruns/0/a6e21687fc1a4c35917a4df2f799387b/tags/mlflow.source.name
[2025-03-09T11:09:45.267+0000] {subprocess.py:93} INFO - 	deleted:    mlruns/0/a6e21687fc1a4c35917a4df2f799387b/tags/mlflow.source.type
[2025-03-09T11:09:45.267+0000] {subprocess.py:93} INFO - 	deleted:    mlruns/0/a6e21687fc1a4c35917a4df2f799387b/tags/mlflow.user
[2025-03-09T11:09:45.268+0000] {subprocess.py:93} INFO - 	deleted:    mlruns/0/c306ea7150b04f83966a59eed2b470d3/meta.yaml
[2025-03-09T11:09:45.268+0000] {subprocess.py:93} INFO - 	deleted:    mlruns/0/c306ea7150b04f83966a59eed2b470d3/metrics/accuracy
[2025-03-09T11:09:45.268+0000] {subprocess.py:93} INFO - 	deleted:    mlruns/0/c306ea7150b04f83966a59eed2b470d3/metrics/f1_score
[2025-03-09T11:09:45.268+0000] {subprocess.py:93} INFO - 	deleted:    mlruns/0/c306ea7150b04f83966a59eed2b470d3/metrics/precision
[2025-03-09T11:09:45.268+0000] {subprocess.py:93} INFO - 	deleted:    mlruns/0/c306ea7150b04f83966a59eed2b470d3/metrics/recall
[2025-03-09T11:09:45.268+0000] {subprocess.py:93} INFO - 	deleted:    mlruns/0/c306ea7150b04f83966a59eed2b470d3/params/model_type
[2025-03-09T11:09:45.269+0000] {subprocess.py:93} INFO - 	deleted:    mlruns/0/c306ea7150b04f83966a59eed2b470d3/tags/mlflow.log-model.history
[2025-03-09T11:09:45.269+0000] {subprocess.py:93} INFO - 	deleted:    mlruns/0/c306ea7150b04f83966a59eed2b470d3/tags/mlflow.runName
[2025-03-09T11:09:45.269+0000] {subprocess.py:93} INFO - 	deleted:    mlruns/0/c306ea7150b04f83966a59eed2b470d3/tags/mlflow.source.git.commit
[2025-03-09T11:09:45.269+0000] {subprocess.py:93} INFO - 	deleted:    mlruns/0/c306ea7150b04f83966a59eed2b470d3/tags/mlflow.source.name
[2025-03-09T11:09:45.269+0000] {subprocess.py:93} INFO - 	deleted:    mlruns/0/c306ea7150b04f83966a59eed2b470d3/tags/mlflow.source.type
[2025-03-09T11:09:45.270+0000] {subprocess.py:93} INFO - 	deleted:    mlruns/0/c306ea7150b04f83966a59eed2b470d3/tags/mlflow.user
[2025-03-09T11:09:45.270+0000] {subprocess.py:93} INFO - 	deleted:    mlruns/0/ccba2aac02db406daf2353dbc054de0b/meta.yaml
[2025-03-09T11:09:45.270+0000] {subprocess.py:93} INFO - 	deleted:    mlruns/0/ccba2aac02db406daf2353dbc054de0b/metrics/accuracy
[2025-03-09T11:09:45.270+0000] {subprocess.py:93} INFO - 	deleted:    mlruns/0/ccba2aac02db406daf2353dbc054de0b/metrics/f1_score
[2025-03-09T11:09:45.270+0000] {subprocess.py:93} INFO - 	deleted:    mlruns/0/ccba2aac02db406daf2353dbc054de0b/metrics/precision
[2025-03-09T11:09:45.270+0000] {subprocess.py:93} INFO - 	deleted:    mlruns/0/ccba2aac02db406daf2353dbc054de0b/metrics/recall
[2025-03-09T11:09:45.270+0000] {subprocess.py:93} INFO - 	deleted:    mlruns/0/ccba2aac02db406daf2353dbc054de0b/params/model_type
[2025-03-09T11:09:45.271+0000] {subprocess.py:93} INFO - 	deleted:    mlruns/0/ccba2aac02db406daf2353dbc054de0b/tags/mlflow.log-model.history
[2025-03-09T11:09:45.271+0000] {subprocess.py:93} INFO - 	deleted:    mlruns/0/ccba2aac02db406daf2353dbc054de0b/tags/mlflow.runName
[2025-03-09T11:09:45.271+0000] {subprocess.py:93} INFO - 	deleted:    mlruns/0/ccba2aac02db406daf2353dbc054de0b/tags/mlflow.source.git.commit
[2025-03-09T11:09:45.271+0000] {subprocess.py:93} INFO - 	deleted:    mlruns/0/ccba2aac02db406daf2353dbc054de0b/tags/mlflow.source.name
[2025-03-09T11:09:45.271+0000] {subprocess.py:93} INFO - 	deleted:    mlruns/0/ccba2aac02db406daf2353dbc054de0b/tags/mlflow.source.type
[2025-03-09T11:09:45.271+0000] {subprocess.py:93} INFO - 	deleted:    mlruns/0/ccba2aac02db406daf2353dbc054de0b/tags/mlflow.user
[2025-03-09T11:09:45.272+0000] {subprocess.py:93} INFO - 	deleted:    mlruns/0/ffc3393217e242d3a0b037e7b2df100b/meta.yaml
[2025-03-09T11:09:45.272+0000] {subprocess.py:93} INFO - 	deleted:    mlruns/0/ffc3393217e242d3a0b037e7b2df100b/metrics/accuracy
[2025-03-09T11:09:45.272+0000] {subprocess.py:93} INFO - 	deleted:    mlruns/0/ffc3393217e242d3a0b037e7b2df100b/metrics/f1_score
[2025-03-09T11:09:45.272+0000] {subprocess.py:93} INFO - 	deleted:    mlruns/0/ffc3393217e242d3a0b037e7b2df100b/metrics/precision
[2025-03-09T11:09:45.272+0000] {subprocess.py:93} INFO - 	deleted:    mlruns/0/ffc3393217e242d3a0b037e7b2df100b/metrics/recall
[2025-03-09T11:09:45.272+0000] {subprocess.py:93} INFO - 	deleted:    mlruns/0/ffc3393217e242d3a0b037e7b2df100b/params/model_type
[2025-03-09T11:09:45.273+0000] {subprocess.py:93} INFO - 	deleted:    mlruns/0/ffc3393217e242d3a0b037e7b2df100b/tags/mlflow.log-model.history
[2025-03-09T11:09:45.273+0000] {subprocess.py:93} INFO - 	deleted:    mlruns/0/ffc3393217e242d3a0b037e7b2df100b/tags/mlflow.runName
[2025-03-09T11:09:45.273+0000] {subprocess.py:93} INFO - 	deleted:    mlruns/0/ffc3393217e242d3a0b037e7b2df100b/tags/mlflow.source.git.commit
[2025-03-09T11:09:45.273+0000] {subprocess.py:93} INFO - 	deleted:    mlruns/0/ffc3393217e242d3a0b037e7b2df100b/tags/mlflow.source.name
[2025-03-09T11:09:45.273+0000] {subprocess.py:93} INFO - 	deleted:    mlruns/0/ffc3393217e242d3a0b037e7b2df100b/tags/mlflow.source.type
[2025-03-09T11:09:45.274+0000] {subprocess.py:93} INFO - 	deleted:    mlruns/0/ffc3393217e242d3a0b037e7b2df100b/tags/mlflow.user
[2025-03-09T11:09:45.274+0000] {subprocess.py:93} INFO - 	modified:   mlruns/0/meta.yaml
[2025-03-09T11:09:45.274+0000] {subprocess.py:93} INFO - 	deleted:    mlruns/mlartifacts/0/05c7e75ec4f140cdaef383256eb1648a/artifacts/LogisticRegression_model/MLmodel
[2025-03-09T11:09:45.274+0000] {subprocess.py:93} INFO - 	deleted:    mlruns/mlartifacts/0/05c7e75ec4f140cdaef383256eb1648a/artifacts/LogisticRegression_model/conda.yaml
[2025-03-09T11:09:45.274+0000] {subprocess.py:93} INFO - 	deleted:    mlruns/mlartifacts/0/05c7e75ec4f140cdaef383256eb1648a/artifacts/LogisticRegression_model/model.pkl
[2025-03-09T11:09:45.274+0000] {subprocess.py:93} INFO - 	deleted:    mlruns/mlartifacts/0/05c7e75ec4f140cdaef383256eb1648a/artifacts/LogisticRegression_model/python_env.yaml
[2025-03-09T11:09:45.275+0000] {subprocess.py:93} INFO - 	deleted:    mlruns/mlartifacts/0/05c7e75ec4f140cdaef383256eb1648a/artifacts/LogisticRegression_model/requirements.txt
[2025-03-09T11:09:45.275+0000] {subprocess.py:93} INFO - 	deleted:    mlruns/mlartifacts/0/07e354af9d70438c98c8e6cce318cd66/artifacts/SVM_model/MLmodel
[2025-03-09T11:09:45.275+0000] {subprocess.py:93} INFO - 	deleted:    mlruns/mlartifacts/0/07e354af9d70438c98c8e6cce318cd66/artifacts/SVM_model/conda.yaml
[2025-03-09T11:09:45.275+0000] {subprocess.py:93} INFO - 	deleted:    mlruns/mlartifacts/0/07e354af9d70438c98c8e6cce318cd66/artifacts/SVM_model/model.pkl
[2025-03-09T11:09:45.275+0000] {subprocess.py:93} INFO - 	deleted:    mlruns/mlartifacts/0/07e354af9d70438c98c8e6cce318cd66/artifacts/SVM_model/python_env.yaml
[2025-03-09T11:09:45.275+0000] {subprocess.py:93} INFO - 	deleted:    mlruns/mlartifacts/0/07e354af9d70438c98c8e6cce318cd66/artifacts/SVM_model/requirements.txt
[2025-03-09T11:09:45.275+0000] {subprocess.py:93} INFO - 	deleted:    mlruns/mlartifacts/0/10feeefa32c843f299ccd204dcc65798/artifacts/LogisticRegression_model/MLmodel
[2025-03-09T11:09:45.276+0000] {subprocess.py:93} INFO - 	deleted:    mlruns/mlartifacts/0/10feeefa32c843f299ccd204dcc65798/artifacts/LogisticRegression_model/conda.yaml
[2025-03-09T11:09:45.276+0000] {subprocess.py:93} INFO - 	deleted:    mlruns/mlartifacts/0/10feeefa32c843f299ccd204dcc65798/artifacts/LogisticRegression_model/model.pkl
[2025-03-09T11:09:45.276+0000] {subprocess.py:93} INFO - 	deleted:    mlruns/mlartifacts/0/10feeefa32c843f299ccd204dcc65798/artifacts/LogisticRegression_model/python_env.yaml
[2025-03-09T11:09:45.276+0000] {subprocess.py:93} INFO - 	deleted:    mlruns/mlartifacts/0/10feeefa32c843f299ccd204dcc65798/artifacts/LogisticRegression_model/requirements.txt
[2025-03-09T11:09:45.276+0000] {subprocess.py:93} INFO - 	deleted:    mlruns/mlartifacts/0/1bfe6def3be94223babc37f8c0573af7/artifacts/SVM_model/MLmodel
[2025-03-09T11:09:45.276+0000] {subprocess.py:93} INFO - 	deleted:    mlruns/mlartifacts/0/1bfe6def3be94223babc37f8c0573af7/artifacts/SVM_model/conda.yaml
[2025-03-09T11:09:45.277+0000] {subprocess.py:93} INFO - 	deleted:    mlruns/mlartifacts/0/1bfe6def3be94223babc37f8c0573af7/artifacts/SVM_model/model.pkl
[2025-03-09T11:09:45.277+0000] {subprocess.py:93} INFO - 	deleted:    mlruns/mlartifacts/0/1bfe6def3be94223babc37f8c0573af7/artifacts/SVM_model/python_env.yaml
[2025-03-09T11:09:45.277+0000] {subprocess.py:93} INFO - 	deleted:    mlruns/mlartifacts/0/1bfe6def3be94223babc37f8c0573af7/artifacts/SVM_model/requirements.txt
[2025-03-09T11:09:45.277+0000] {subprocess.py:93} INFO - 	deleted:    mlruns/mlartifacts/0/2f5b027bec4040e597d8c73d02fb8f9f/artifacts/SVM_model/MLmodel
[2025-03-09T11:09:45.277+0000] {subprocess.py:93} INFO - 	deleted:    mlruns/mlartifacts/0/2f5b027bec4040e597d8c73d02fb8f9f/artifacts/SVM_model/conda.yaml
[2025-03-09T11:09:45.277+0000] {subprocess.py:93} INFO - 	deleted:    mlruns/mlartifacts/0/2f5b027bec4040e597d8c73d02fb8f9f/artifacts/SVM_model/model.pkl
[2025-03-09T11:09:45.278+0000] {subprocess.py:93} INFO - 	deleted:    mlruns/mlartifacts/0/2f5b027bec4040e597d8c73d02fb8f9f/artifacts/SVM_model/python_env.yaml
[2025-03-09T11:09:45.278+0000] {subprocess.py:93} INFO - 	deleted:    mlruns/mlartifacts/0/2f5b027bec4040e597d8c73d02fb8f9f/artifacts/SVM_model/requirements.txt
[2025-03-09T11:09:45.278+0000] {subprocess.py:93} INFO - 	deleted:    mlruns/mlartifacts/0/31b6ff75408a4a4088dbfbb08554a7fb/artifacts/SVM_model/MLmodel
[2025-03-09T11:09:45.278+0000] {subprocess.py:93} INFO - 	deleted:    mlruns/mlartifacts/0/31b6ff75408a4a4088dbfbb08554a7fb/artifacts/SVM_model/conda.yaml
[2025-03-09T11:09:45.278+0000] {subprocess.py:93} INFO - 	deleted:    mlruns/mlartifacts/0/31b6ff75408a4a4088dbfbb08554a7fb/artifacts/SVM_model/model.pkl
[2025-03-09T11:09:45.279+0000] {subprocess.py:93} INFO - 	deleted:    mlruns/mlartifacts/0/31b6ff75408a4a4088dbfbb08554a7fb/artifacts/SVM_model/python_env.yaml
[2025-03-09T11:09:45.279+0000] {subprocess.py:93} INFO - 	deleted:    mlruns/mlartifacts/0/31b6ff75408a4a4088dbfbb08554a7fb/artifacts/SVM_model/requirements.txt
[2025-03-09T11:09:45.279+0000] {subprocess.py:93} INFO - 	deleted:    mlruns/mlartifacts/0/3b010ce3895a4cb68e7802db36e0a89d/artifacts/LogisticRegression_model/MLmodel
[2025-03-09T11:09:45.279+0000] {subprocess.py:93} INFO - 	deleted:    mlruns/mlartifacts/0/3b010ce3895a4cb68e7802db36e0a89d/artifacts/LogisticRegression_model/conda.yaml
[2025-03-09T11:09:45.279+0000] {subprocess.py:93} INFO - 	deleted:    mlruns/mlartifacts/0/3b010ce3895a4cb68e7802db36e0a89d/artifacts/LogisticRegression_model/model.pkl
[2025-03-09T11:09:45.279+0000] {subprocess.py:93} INFO - 	deleted:    mlruns/mlartifacts/0/3b010ce3895a4cb68e7802db36e0a89d/artifacts/LogisticRegression_model/python_env.yaml
[2025-03-09T11:09:45.280+0000] {subprocess.py:93} INFO - 	deleted:    mlruns/mlartifacts/0/3b010ce3895a4cb68e7802db36e0a89d/artifacts/LogisticRegression_model/requirements.txt
[2025-03-09T11:09:45.280+0000] {subprocess.py:93} INFO - 	deleted:    mlruns/mlartifacts/0/4c1bcb3d6c004b11a2ffd2b7c1ea8633/artifacts/RandomForest_model/MLmodel
[2025-03-09T11:09:45.280+0000] {subprocess.py:93} INFO - 	deleted:    mlruns/mlartifacts/0/4c1bcb3d6c004b11a2ffd2b7c1ea8633/artifacts/RandomForest_model/conda.yaml
[2025-03-09T11:09:45.280+0000] {subprocess.py:93} INFO - 	deleted:    mlruns/mlartifacts/0/4c1bcb3d6c004b11a2ffd2b7c1ea8633/artifacts/RandomForest_model/model.pkl
[2025-03-09T11:09:45.280+0000] {subprocess.py:93} INFO - 	deleted:    mlruns/mlartifacts/0/4c1bcb3d6c004b11a2ffd2b7c1ea8633/artifacts/RandomForest_model/python_env.yaml
[2025-03-09T11:09:45.280+0000] {subprocess.py:93} INFO - 	deleted:    mlruns/mlartifacts/0/4c1bcb3d6c004b11a2ffd2b7c1ea8633/artifacts/RandomForest_model/requirements.txt
[2025-03-09T11:09:45.280+0000] {subprocess.py:93} INFO - 	deleted:    mlruns/mlartifacts/0/4fbc29bfdc7d446aa8c56a70f21638e4/artifacts/SVM_model/MLmodel
[2025-03-09T11:09:45.281+0000] {subprocess.py:93} INFO - 	deleted:    mlruns/mlartifacts/0/4fbc29bfdc7d446aa8c56a70f21638e4/artifacts/SVM_model/conda.yaml
[2025-03-09T11:09:45.281+0000] {subprocess.py:93} INFO - 	deleted:    mlruns/mlartifacts/0/4fbc29bfdc7d446aa8c56a70f21638e4/artifacts/SVM_model/model.pkl
[2025-03-09T11:09:45.281+0000] {subprocess.py:93} INFO - 	deleted:    mlruns/mlartifacts/0/4fbc29bfdc7d446aa8c56a70f21638e4/artifacts/SVM_model/python_env.yaml
[2025-03-09T11:09:45.281+0000] {subprocess.py:93} INFO - 	deleted:    mlruns/mlartifacts/0/4fbc29bfdc7d446aa8c56a70f21638e4/artifacts/SVM_model/requirements.txt
[2025-03-09T11:09:45.281+0000] {subprocess.py:93} INFO - 	deleted:    mlruns/mlartifacts/0/520a00d6a9bb4c7a865d8c1aaebaea3d/artifacts/RandomForest_model/MLmodel
[2025-03-09T11:09:45.281+0000] {subprocess.py:93} INFO - 	deleted:    mlruns/mlartifacts/0/520a00d6a9bb4c7a865d8c1aaebaea3d/artifacts/RandomForest_model/conda.yaml
[2025-03-09T11:09:45.282+0000] {subprocess.py:93} INFO - 	deleted:    mlruns/mlartifacts/0/520a00d6a9bb4c7a865d8c1aaebaea3d/artifacts/RandomForest_model/model.pkl
[2025-03-09T11:09:45.282+0000] {subprocess.py:93} INFO - 	deleted:    mlruns/mlartifacts/0/520a00d6a9bb4c7a865d8c1aaebaea3d/artifacts/RandomForest_model/python_env.yaml
[2025-03-09T11:09:45.282+0000] {subprocess.py:93} INFO - 	deleted:    mlruns/mlartifacts/0/520a00d6a9bb4c7a865d8c1aaebaea3d/artifacts/RandomForest_model/requirements.txt
[2025-03-09T11:09:45.282+0000] {subprocess.py:93} INFO - 	deleted:    mlruns/mlartifacts/0/56c5effa37dc434da487ce23a16fb0aa/artifacts/RandomForest_model/MLmodel
[2025-03-09T11:09:45.282+0000] {subprocess.py:93} INFO - 	deleted:    mlruns/mlartifacts/0/56c5effa37dc434da487ce23a16fb0aa/artifacts/RandomForest_model/conda.yaml
[2025-03-09T11:09:45.282+0000] {subprocess.py:93} INFO - 	deleted:    mlruns/mlartifacts/0/56c5effa37dc434da487ce23a16fb0aa/artifacts/RandomForest_model/model.pkl
[2025-03-09T11:09:45.283+0000] {subprocess.py:93} INFO - 	deleted:    mlruns/mlartifacts/0/56c5effa37dc434da487ce23a16fb0aa/artifacts/RandomForest_model/python_env.yaml
[2025-03-09T11:09:45.283+0000] {subprocess.py:93} INFO - 	deleted:    mlruns/mlartifacts/0/56c5effa37dc434da487ce23a16fb0aa/artifacts/RandomForest_model/requirements.txt
[2025-03-09T11:09:45.283+0000] {subprocess.py:93} INFO - 	deleted:    mlruns/mlartifacts/0/81a499bb5b9548fc96bfa8364a69fe47/artifacts/RandomForest_model/MLmodel
[2025-03-09T11:09:45.283+0000] {subprocess.py:93} INFO - 	deleted:    mlruns/mlartifacts/0/81a499bb5b9548fc96bfa8364a69fe47/artifacts/RandomForest_model/conda.yaml
[2025-03-09T11:09:45.283+0000] {subprocess.py:93} INFO - 	deleted:    mlruns/mlartifacts/0/81a499bb5b9548fc96bfa8364a69fe47/artifacts/RandomForest_model/model.pkl
[2025-03-09T11:09:45.283+0000] {subprocess.py:93} INFO - 	deleted:    mlruns/mlartifacts/0/81a499bb5b9548fc96bfa8364a69fe47/artifacts/RandomForest_model/python_env.yaml
[2025-03-09T11:09:45.284+0000] {subprocess.py:93} INFO - 	deleted:    mlruns/mlartifacts/0/81a499bb5b9548fc96bfa8364a69fe47/artifacts/RandomForest_model/requirements.txt
[2025-03-09T11:09:45.284+0000] {subprocess.py:93} INFO - 	deleted:    mlruns/mlartifacts/0/860d504205154bb69c3aed025ce3be35/artifacts/LogisticRegression_model/MLmodel
[2025-03-09T11:09:45.284+0000] {subprocess.py:93} INFO - 	deleted:    mlruns/mlartifacts/0/860d504205154bb69c3aed025ce3be35/artifacts/LogisticRegression_model/conda.yaml
[2025-03-09T11:09:45.284+0000] {subprocess.py:93} INFO - 	deleted:    mlruns/mlartifacts/0/860d504205154bb69c3aed025ce3be35/artifacts/LogisticRegression_model/model.pkl
[2025-03-09T11:09:45.284+0000] {subprocess.py:93} INFO - 	deleted:    mlruns/mlartifacts/0/860d504205154bb69c3aed025ce3be35/artifacts/LogisticRegression_model/python_env.yaml
[2025-03-09T11:09:45.284+0000] {subprocess.py:93} INFO - 	deleted:    mlruns/mlartifacts/0/860d504205154bb69c3aed025ce3be35/artifacts/LogisticRegression_model/requirements.txt
[2025-03-09T11:09:45.284+0000] {subprocess.py:93} INFO - 	deleted:    mlruns/mlartifacts/0/8bd540df51614b6a9fb9ecaabd136a62/artifacts/SVM_model/MLmodel
[2025-03-09T11:09:45.285+0000] {subprocess.py:93} INFO - 	deleted:    mlruns/mlartifacts/0/8bd540df51614b6a9fb9ecaabd136a62/artifacts/SVM_model/conda.yaml
[2025-03-09T11:09:45.285+0000] {subprocess.py:93} INFO - 	deleted:    mlruns/mlartifacts/0/8bd540df51614b6a9fb9ecaabd136a62/artifacts/SVM_model/model.pkl
[2025-03-09T11:09:45.285+0000] {subprocess.py:93} INFO - 	deleted:    mlruns/mlartifacts/0/8bd540df51614b6a9fb9ecaabd136a62/artifacts/SVM_model/python_env.yaml
[2025-03-09T11:09:45.285+0000] {subprocess.py:93} INFO - 	deleted:    mlruns/mlartifacts/0/8bd540df51614b6a9fb9ecaabd136a62/artifacts/SVM_model/requirements.txt
[2025-03-09T11:09:45.285+0000] {subprocess.py:93} INFO - 	deleted:    mlruns/mlartifacts/0/8cec931d29444fff8bed27757f6c1fe5/artifacts/SVM_model/MLmodel
[2025-03-09T11:09:45.285+0000] {subprocess.py:93} INFO - 	deleted:    mlruns/mlartifacts/0/8cec931d29444fff8bed27757f6c1fe5/artifacts/SVM_model/conda.yaml
[2025-03-09T11:09:45.286+0000] {subprocess.py:93} INFO - 	deleted:    mlruns/mlartifacts/0/8cec931d29444fff8bed27757f6c1fe5/artifacts/SVM_model/model.pkl
[2025-03-09T11:09:45.286+0000] {subprocess.py:93} INFO - 	deleted:    mlruns/mlartifacts/0/8cec931d29444fff8bed27757f6c1fe5/artifacts/SVM_model/python_env.yaml
[2025-03-09T11:09:45.286+0000] {subprocess.py:93} INFO - 	deleted:    mlruns/mlartifacts/0/8cec931d29444fff8bed27757f6c1fe5/artifacts/SVM_model/requirements.txt
[2025-03-09T11:09:45.286+0000] {subprocess.py:93} INFO - 	deleted:    mlruns/mlartifacts/0/9b59da5e995e4853bd2819c7cc49ed54/artifacts/LogisticRegression_model/MLmodel
[2025-03-09T11:09:45.286+0000] {subprocess.py:93} INFO - 	deleted:    mlruns/mlartifacts/0/9b59da5e995e4853bd2819c7cc49ed54/artifacts/LogisticRegression_model/conda.yaml
[2025-03-09T11:09:45.286+0000] {subprocess.py:93} INFO - 	deleted:    mlruns/mlartifacts/0/9b59da5e995e4853bd2819c7cc49ed54/artifacts/LogisticRegression_model/model.pkl
[2025-03-09T11:09:45.286+0000] {subprocess.py:93} INFO - 	deleted:    mlruns/mlartifacts/0/9b59da5e995e4853bd2819c7cc49ed54/artifacts/LogisticRegression_model/python_env.yaml
[2025-03-09T11:09:45.287+0000] {subprocess.py:93} INFO - 	deleted:    mlruns/mlartifacts/0/9b59da5e995e4853bd2819c7cc49ed54/artifacts/LogisticRegression_model/requirements.txt
[2025-03-09T11:09:45.287+0000] {subprocess.py:93} INFO - 	deleted:    mlruns/mlartifacts/0/9b7496c619de4395b4709b790219b0e0/artifacts/LogisticRegression_model/MLmodel
[2025-03-09T11:09:45.287+0000] {subprocess.py:93} INFO - 	deleted:    mlruns/mlartifacts/0/9b7496c619de4395b4709b790219b0e0/artifacts/LogisticRegression_model/conda.yaml
[2025-03-09T11:09:45.287+0000] {subprocess.py:93} INFO - 	deleted:    mlruns/mlartifacts/0/9b7496c619de4395b4709b790219b0e0/artifacts/LogisticRegression_model/model.pkl
[2025-03-09T11:09:45.287+0000] {subprocess.py:93} INFO - 	deleted:    mlruns/mlartifacts/0/9b7496c619de4395b4709b790219b0e0/artifacts/LogisticRegression_model/python_env.yaml
[2025-03-09T11:09:45.287+0000] {subprocess.py:93} INFO - 	deleted:    mlruns/mlartifacts/0/9b7496c619de4395b4709b790219b0e0/artifacts/LogisticRegression_model/requirements.txt
[2025-03-09T11:09:45.287+0000] {subprocess.py:93} INFO - 	deleted:    mlruns/mlartifacts/0/9dae6e3c1d9d400a82fb27f9d3f4c0e8/artifacts/RandomForest_model/MLmodel
[2025-03-09T11:09:45.288+0000] {subprocess.py:93} INFO - 	deleted:    mlruns/mlartifacts/0/9dae6e3c1d9d400a82fb27f9d3f4c0e8/artifacts/RandomForest_model/conda.yaml
[2025-03-09T11:09:45.288+0000] {subprocess.py:93} INFO - 	deleted:    mlruns/mlartifacts/0/9dae6e3c1d9d400a82fb27f9d3f4c0e8/artifacts/RandomForest_model/model.pkl
[2025-03-09T11:09:45.288+0000] {subprocess.py:93} INFO - 	deleted:    mlruns/mlartifacts/0/9dae6e3c1d9d400a82fb27f9d3f4c0e8/artifacts/RandomForest_model/python_env.yaml
[2025-03-09T11:09:45.288+0000] {subprocess.py:93} INFO - 	deleted:    mlruns/mlartifacts/0/9dae6e3c1d9d400a82fb27f9d3f4c0e8/artifacts/RandomForest_model/requirements.txt
[2025-03-09T11:09:45.288+0000] {subprocess.py:93} INFO - 	deleted:    mlruns/mlartifacts/0/a9effb053ac343b8a6e623608fe551ef/artifacts/RandomForest_model/MLmodel
[2025-03-09T11:09:45.288+0000] {subprocess.py:93} INFO - 	deleted:    mlruns/mlartifacts/0/a9effb053ac343b8a6e623608fe551ef/artifacts/RandomForest_model/conda.yaml
[2025-03-09T11:09:45.289+0000] {subprocess.py:93} INFO - 	deleted:    mlruns/mlartifacts/0/a9effb053ac343b8a6e623608fe551ef/artifacts/RandomForest_model/model.pkl
[2025-03-09T11:09:45.289+0000] {subprocess.py:93} INFO - 	deleted:    mlruns/mlartifacts/0/a9effb053ac343b8a6e623608fe551ef/artifacts/RandomForest_model/python_env.yaml
[2025-03-09T11:09:45.289+0000] {subprocess.py:93} INFO - 	deleted:    mlruns/mlartifacts/0/a9effb053ac343b8a6e623608fe551ef/artifacts/RandomForest_model/requirements.txt
[2025-03-09T11:09:45.289+0000] {subprocess.py:93} INFO - 	deleted:    mlruns/mlartifacts/0/ac877050a38c4310a76039b1ddf0ff02/artifacts/LogisticRegression_model/MLmodel
[2025-03-09T11:09:45.289+0000] {subprocess.py:93} INFO - 	deleted:    mlruns/mlartifacts/0/ac877050a38c4310a76039b1ddf0ff02/artifacts/LogisticRegression_model/conda.yaml
[2025-03-09T11:09:45.289+0000] {subprocess.py:93} INFO - 	deleted:    mlruns/mlartifacts/0/ac877050a38c4310a76039b1ddf0ff02/artifacts/LogisticRegression_model/model.pkl
[2025-03-09T11:09:45.290+0000] {subprocess.py:93} INFO - 	deleted:    mlruns/mlartifacts/0/ac877050a38c4310a76039b1ddf0ff02/artifacts/LogisticRegression_model/python_env.yaml
[2025-03-09T11:09:45.290+0000] {subprocess.py:93} INFO - 	deleted:    mlruns/mlartifacts/0/ac877050a38c4310a76039b1ddf0ff02/artifacts/LogisticRegression_model/requirements.txt
[2025-03-09T11:09:45.290+0000] {subprocess.py:93} INFO - 	deleted:    mlruns/mlartifacts/0/ada543cd1cc84415b752fb9d97757948/artifacts/LogisticRegression_model/MLmodel
[2025-03-09T11:09:45.290+0000] {subprocess.py:93} INFO - 	deleted:    mlruns/mlartifacts/0/ada543cd1cc84415b752fb9d97757948/artifacts/LogisticRegression_model/conda.yaml
[2025-03-09T11:09:45.290+0000] {subprocess.py:93} INFO - 	deleted:    mlruns/mlartifacts/0/ada543cd1cc84415b752fb9d97757948/artifacts/LogisticRegression_model/model.pkl
[2025-03-09T11:09:45.290+0000] {subprocess.py:93} INFO - 	deleted:    mlruns/mlartifacts/0/ada543cd1cc84415b752fb9d97757948/artifacts/LogisticRegression_model/python_env.yaml
[2025-03-09T11:09:45.291+0000] {subprocess.py:93} INFO - 	deleted:    mlruns/mlartifacts/0/ada543cd1cc84415b752fb9d97757948/artifacts/LogisticRegression_model/requirements.txt
[2025-03-09T11:09:45.291+0000] {subprocess.py:93} INFO - 	deleted:    mlruns/mlartifacts/0/af1f265511ba46f7b841572f081dd67b/artifacts/SVM_model/MLmodel
[2025-03-09T11:09:45.291+0000] {subprocess.py:93} INFO - 	deleted:    mlruns/mlartifacts/0/af1f265511ba46f7b841572f081dd67b/artifacts/SVM_model/conda.yaml
[2025-03-09T11:09:45.291+0000] {subprocess.py:93} INFO - 	deleted:    mlruns/mlartifacts/0/af1f265511ba46f7b841572f081dd67b/artifacts/SVM_model/model.pkl
[2025-03-09T11:09:45.291+0000] {subprocess.py:93} INFO - 	deleted:    mlruns/mlartifacts/0/af1f265511ba46f7b841572f081dd67b/artifacts/SVM_model/python_env.yaml
[2025-03-09T11:09:45.291+0000] {subprocess.py:93} INFO - 	deleted:    mlruns/mlartifacts/0/af1f265511ba46f7b841572f081dd67b/artifacts/SVM_model/requirements.txt
[2025-03-09T11:09:45.291+0000] {subprocess.py:93} INFO - 	deleted:    mlruns/mlartifacts/0/b2726f7c00db49e58f4a175215d9ce63/artifacts/LogisticRegression_model/MLmodel
[2025-03-09T11:09:45.292+0000] {subprocess.py:93} INFO - 	deleted:    mlruns/mlartifacts/0/b2726f7c00db49e58f4a175215d9ce63/artifacts/LogisticRegression_model/conda.yaml
[2025-03-09T11:09:45.292+0000] {subprocess.py:93} INFO - 	deleted:    mlruns/mlartifacts/0/b2726f7c00db49e58f4a175215d9ce63/artifacts/LogisticRegression_model/model.pkl
[2025-03-09T11:09:45.292+0000] {subprocess.py:93} INFO - 	deleted:    mlruns/mlartifacts/0/b2726f7c00db49e58f4a175215d9ce63/artifacts/LogisticRegression_model/python_env.yaml
[2025-03-09T11:09:45.292+0000] {subprocess.py:93} INFO - 	deleted:    mlruns/mlartifacts/0/b2726f7c00db49e58f4a175215d9ce63/artifacts/LogisticRegression_model/requirements.txt
[2025-03-09T11:09:45.292+0000] {subprocess.py:93} INFO - 	deleted:    mlruns/mlartifacts/0/c6e10d0100ef4f2cbcca867e03dcee1f/artifacts/RandomForest_model/MLmodel
[2025-03-09T11:09:45.292+0000] {subprocess.py:93} INFO - 	deleted:    mlruns/mlartifacts/0/c6e10d0100ef4f2cbcca867e03dcee1f/artifacts/RandomForest_model/conda.yaml
[2025-03-09T11:09:45.293+0000] {subprocess.py:93} INFO - 	deleted:    mlruns/mlartifacts/0/c6e10d0100ef4f2cbcca867e03dcee1f/artifacts/RandomForest_model/model.pkl
[2025-03-09T11:09:45.293+0000] {subprocess.py:93} INFO - 	deleted:    mlruns/mlartifacts/0/c6e10d0100ef4f2cbcca867e03dcee1f/artifacts/RandomForest_model/python_env.yaml
[2025-03-09T11:09:45.293+0000] {subprocess.py:93} INFO - 	deleted:    mlruns/mlartifacts/0/c6e10d0100ef4f2cbcca867e03dcee1f/artifacts/RandomForest_model/requirements.txt
[2025-03-09T11:09:45.293+0000] {subprocess.py:93} INFO - 	deleted:    mlruns/mlartifacts/0/d375ea16ea1143cdbb8900c62209bcc5/artifacts/SVM_model/MLmodel
[2025-03-09T11:09:45.293+0000] {subprocess.py:93} INFO - 	deleted:    mlruns/mlartifacts/0/d375ea16ea1143cdbb8900c62209bcc5/artifacts/SVM_model/conda.yaml
[2025-03-09T11:09:45.293+0000] {subprocess.py:93} INFO - 	deleted:    mlruns/mlartifacts/0/d375ea16ea1143cdbb8900c62209bcc5/artifacts/SVM_model/model.pkl
[2025-03-09T11:09:45.293+0000] {subprocess.py:93} INFO - 	deleted:    mlruns/mlartifacts/0/d375ea16ea1143cdbb8900c62209bcc5/artifacts/SVM_model/python_env.yaml
[2025-03-09T11:09:45.294+0000] {subprocess.py:93} INFO - 	deleted:    mlruns/mlartifacts/0/d375ea16ea1143cdbb8900c62209bcc5/artifacts/SVM_model/requirements.txt
[2025-03-09T11:09:45.294+0000] {subprocess.py:93} INFO - 	deleted:    mlruns/mlartifacts/0/eef34841b5b448179cc0db3023976603/artifacts/LogisticRegression_model/MLmodel
[2025-03-09T11:09:45.294+0000] {subprocess.py:93} INFO - 	deleted:    mlruns/mlartifacts/0/eef34841b5b448179cc0db3023976603/artifacts/LogisticRegression_model/conda.yaml
[2025-03-09T11:09:45.294+0000] {subprocess.py:93} INFO - 	deleted:    mlruns/mlartifacts/0/eef34841b5b448179cc0db3023976603/artifacts/LogisticRegression_model/model.pkl
[2025-03-09T11:09:45.294+0000] {subprocess.py:93} INFO - 	deleted:    mlruns/mlartifacts/0/eef34841b5b448179cc0db3023976603/artifacts/LogisticRegression_model/python_env.yaml
[2025-03-09T11:09:45.294+0000] {subprocess.py:93} INFO - 	deleted:    mlruns/mlartifacts/0/eef34841b5b448179cc0db3023976603/artifacts/LogisticRegression_model/requirements.txt
[2025-03-09T11:09:45.295+0000] {subprocess.py:93} INFO - 	deleted:    mlruns/mlartifacts/0/f0edea5fadd741b0b950b35cf48db90d/artifacts/RandomForest_model/MLmodel
[2025-03-09T11:09:45.295+0000] {subprocess.py:93} INFO - 	deleted:    mlruns/mlartifacts/0/f0edea5fadd741b0b950b35cf48db90d/artifacts/RandomForest_model/conda.yaml
[2025-03-09T11:09:45.295+0000] {subprocess.py:93} INFO - 	deleted:    mlruns/mlartifacts/0/f0edea5fadd741b0b950b35cf48db90d/artifacts/RandomForest_model/model.pkl
[2025-03-09T11:09:45.295+0000] {subprocess.py:93} INFO - 	deleted:    mlruns/mlartifacts/0/f0edea5fadd741b0b950b35cf48db90d/artifacts/RandomForest_model/python_env.yaml
[2025-03-09T11:09:45.295+0000] {subprocess.py:93} INFO - 	deleted:    mlruns/mlartifacts/0/f0edea5fadd741b0b950b35cf48db90d/artifacts/RandomForest_model/requirements.txt
[2025-03-09T11:09:45.295+0000] {subprocess.py:93} INFO - 	deleted:    mlruns/mlartifacts/0/f23d8bcd016b4000999b5283af03225a/artifacts/RandomForest_model/MLmodel
[2025-03-09T11:09:45.296+0000] {subprocess.py:93} INFO - 	deleted:    mlruns/mlartifacts/0/f23d8bcd016b4000999b5283af03225a/artifacts/RandomForest_model/conda.yaml
[2025-03-09T11:09:45.296+0000] {subprocess.py:93} INFO - 	deleted:    mlruns/mlartifacts/0/f23d8bcd016b4000999b5283af03225a/artifacts/RandomForest_model/model.pkl
[2025-03-09T11:09:45.296+0000] {subprocess.py:93} INFO - 	deleted:    mlruns/mlartifacts/0/f23d8bcd016b4000999b5283af03225a/artifacts/RandomForest_model/python_env.yaml
[2025-03-09T11:09:45.296+0000] {subprocess.py:93} INFO - 	deleted:    mlruns/mlartifacts/0/f23d8bcd016b4000999b5283af03225a/artifacts/RandomForest_model/requirements.txt
[2025-03-09T11:09:45.296+0000] {subprocess.py:93} INFO - 	deleted:    mlruns/mlartifacts/0/f5353f8b292143e2819ba81e2782ee61/artifacts/RandomForest_model/MLmodel
[2025-03-09T11:09:45.296+0000] {subprocess.py:93} INFO - 	deleted:    mlruns/mlartifacts/0/f5353f8b292143e2819ba81e2782ee61/artifacts/RandomForest_model/conda.yaml
[2025-03-09T11:09:45.296+0000] {subprocess.py:93} INFO - 	deleted:    mlruns/mlartifacts/0/f5353f8b292143e2819ba81e2782ee61/artifacts/RandomForest_model/model.pkl
[2025-03-09T11:09:45.297+0000] {subprocess.py:93} INFO - 	deleted:    mlruns/mlartifacts/0/f5353f8b292143e2819ba81e2782ee61/artifacts/RandomForest_model/python_env.yaml
[2025-03-09T11:09:45.297+0000] {subprocess.py:93} INFO - 	deleted:    mlruns/mlartifacts/0/f5353f8b292143e2819ba81e2782ee61/artifacts/RandomForest_model/requirements.txt
[2025-03-09T11:09:45.297+0000] {subprocess.py:93} INFO - 	deleted:    mlruns/mlartifacts/0/fb1087c91f394303b5afba9934e3e75e/artifacts/SVM_model/MLmodel
[2025-03-09T11:09:45.297+0000] {subprocess.py:93} INFO - 	deleted:    mlruns/mlartifacts/0/fb1087c91f394303b5afba9934e3e75e/artifacts/SVM_model/conda.yaml
[2025-03-09T11:09:45.297+0000] {subprocess.py:93} INFO - 	deleted:    mlruns/mlartifacts/0/fb1087c91f394303b5afba9934e3e75e/artifacts/SVM_model/model.pkl
[2025-03-09T11:09:45.297+0000] {subprocess.py:93} INFO - 	deleted:    mlruns/mlartifacts/0/fb1087c91f394303b5afba9934e3e75e/artifacts/SVM_model/python_env.yaml
[2025-03-09T11:09:45.298+0000] {subprocess.py:93} INFO - 	deleted:    mlruns/mlartifacts/0/fb1087c91f394303b5afba9934e3e75e/artifacts/SVM_model/requirements.txt
[2025-03-09T11:09:45.298+0000] {subprocess.py:93} INFO - 	deleted:    mlruns/mlruns/0/05c7e75ec4f140cdaef383256eb1648a/meta.yaml
[2025-03-09T11:09:45.298+0000] {subprocess.py:93} INFO - 	deleted:    mlruns/mlruns/0/05c7e75ec4f140cdaef383256eb1648a/metrics/accuracy
[2025-03-09T11:09:45.298+0000] {subprocess.py:93} INFO - 	deleted:    mlruns/mlruns/0/05c7e75ec4f140cdaef383256eb1648a/metrics/f1_score
[2025-03-09T11:09:45.298+0000] {subprocess.py:93} INFO - 	deleted:    mlruns/mlruns/0/05c7e75ec4f140cdaef383256eb1648a/metrics/precision
[2025-03-09T11:09:45.299+0000] {subprocess.py:93} INFO - 	deleted:    mlruns/mlruns/0/05c7e75ec4f140cdaef383256eb1648a/metrics/recall
[2025-03-09T11:09:45.299+0000] {subprocess.py:93} INFO - 	deleted:    mlruns/mlruns/0/05c7e75ec4f140cdaef383256eb1648a/params/model_type
[2025-03-09T11:09:45.299+0000] {subprocess.py:93} INFO - 	deleted:    mlruns/mlruns/0/05c7e75ec4f140cdaef383256eb1648a/tags/mlflow.log-model.history
[2025-03-09T11:09:45.299+0000] {subprocess.py:93} INFO - 	deleted:    mlruns/mlruns/0/05c7e75ec4f140cdaef383256eb1648a/tags/mlflow.runName
[2025-03-09T11:09:45.299+0000] {subprocess.py:93} INFO - 	deleted:    mlruns/mlruns/0/05c7e75ec4f140cdaef383256eb1648a/tags/mlflow.source.git.commit
[2025-03-09T11:09:45.299+0000] {subprocess.py:93} INFO - 	deleted:    mlruns/mlruns/0/05c7e75ec4f140cdaef383256eb1648a/tags/mlflow.source.name
[2025-03-09T11:09:45.299+0000] {subprocess.py:93} INFO - 	deleted:    mlruns/mlruns/0/05c7e75ec4f140cdaef383256eb1648a/tags/mlflow.source.type
[2025-03-09T11:09:45.300+0000] {subprocess.py:93} INFO - 	deleted:    mlruns/mlruns/0/05c7e75ec4f140cdaef383256eb1648a/tags/mlflow.user
[2025-03-09T11:09:45.300+0000] {subprocess.py:93} INFO - 	deleted:    mlruns/mlruns/0/07e354af9d70438c98c8e6cce318cd66/meta.yaml
[2025-03-09T11:09:45.300+0000] {subprocess.py:93} INFO - 	deleted:    mlruns/mlruns/0/07e354af9d70438c98c8e6cce318cd66/metrics/accuracy
[2025-03-09T11:09:45.300+0000] {subprocess.py:93} INFO - 	deleted:    mlruns/mlruns/0/07e354af9d70438c98c8e6cce318cd66/metrics/f1_score
[2025-03-09T11:09:45.300+0000] {subprocess.py:93} INFO - 	deleted:    mlruns/mlruns/0/07e354af9d70438c98c8e6cce318cd66/metrics/precision
[2025-03-09T11:09:45.300+0000] {subprocess.py:93} INFO - 	deleted:    mlruns/mlruns/0/07e354af9d70438c98c8e6cce318cd66/metrics/recall
[2025-03-09T11:09:45.301+0000] {subprocess.py:93} INFO - 	deleted:    mlruns/mlruns/0/07e354af9d70438c98c8e6cce318cd66/params/model_type
[2025-03-09T11:09:45.301+0000] {subprocess.py:93} INFO - 	deleted:    mlruns/mlruns/0/07e354af9d70438c98c8e6cce318cd66/tags/mlflow.log-model.history
[2025-03-09T11:09:45.301+0000] {subprocess.py:93} INFO - 	deleted:    mlruns/mlruns/0/07e354af9d70438c98c8e6cce318cd66/tags/mlflow.runName
[2025-03-09T11:09:45.301+0000] {subprocess.py:93} INFO - 	deleted:    mlruns/mlruns/0/07e354af9d70438c98c8e6cce318cd66/tags/mlflow.source.git.commit
[2025-03-09T11:09:45.301+0000] {subprocess.py:93} INFO - 	deleted:    mlruns/mlruns/0/07e354af9d70438c98c8e6cce318cd66/tags/mlflow.source.name
[2025-03-09T11:09:45.301+0000] {subprocess.py:93} INFO - 	deleted:    mlruns/mlruns/0/07e354af9d70438c98c8e6cce318cd66/tags/mlflow.source.type
[2025-03-09T11:09:45.301+0000] {subprocess.py:93} INFO - 	deleted:    mlruns/mlruns/0/07e354af9d70438c98c8e6cce318cd66/tags/mlflow.user
[2025-03-09T11:09:45.302+0000] {subprocess.py:93} INFO - 	deleted:    mlruns/mlruns/0/10feeefa32c843f299ccd204dcc65798/meta.yaml
[2025-03-09T11:09:45.302+0000] {subprocess.py:93} INFO - 	deleted:    mlruns/mlruns/0/10feeefa32c843f299ccd204dcc65798/metrics/accuracy
[2025-03-09T11:09:45.302+0000] {subprocess.py:93} INFO - 	deleted:    mlruns/mlruns/0/10feeefa32c843f299ccd204dcc65798/metrics/f1_score
[2025-03-09T11:09:45.302+0000] {subprocess.py:93} INFO - 	deleted:    mlruns/mlruns/0/10feeefa32c843f299ccd204dcc65798/metrics/precision
[2025-03-09T11:09:45.302+0000] {subprocess.py:93} INFO - 	deleted:    mlruns/mlruns/0/10feeefa32c843f299ccd204dcc65798/metrics/recall
[2025-03-09T11:09:45.302+0000] {subprocess.py:93} INFO - 	deleted:    mlruns/mlruns/0/10feeefa32c843f299ccd204dcc65798/params/model_type
[2025-03-09T11:09:45.303+0000] {subprocess.py:93} INFO - 	deleted:    mlruns/mlruns/0/10feeefa32c843f299ccd204dcc65798/params/tags.mlflow.runName
[2025-03-09T11:09:45.303+0000] {subprocess.py:93} INFO - 	deleted:    mlruns/mlruns/0/10feeefa32c843f299ccd204dcc65798/tags/mlflow.log-model.history
[2025-03-09T11:09:45.303+0000] {subprocess.py:93} INFO - 	deleted:    mlruns/mlruns/0/10feeefa32c843f299ccd204dcc65798/tags/mlflow.runName
[2025-03-09T11:09:45.303+0000] {subprocess.py:93} INFO - 	deleted:    mlruns/mlruns/0/10feeefa32c843f299ccd204dcc65798/tags/mlflow.source.git.commit
[2025-03-09T11:09:45.303+0000] {subprocess.py:93} INFO - 	deleted:    mlruns/mlruns/0/10feeefa32c843f299ccd204dcc65798/tags/mlflow.source.name
[2025-03-09T11:09:45.303+0000] {subprocess.py:93} INFO - 	deleted:    mlruns/mlruns/0/10feeefa32c843f299ccd204dcc65798/tags/mlflow.source.type
[2025-03-09T11:09:45.303+0000] {subprocess.py:93} INFO - 	deleted:    mlruns/mlruns/0/10feeefa32c843f299ccd204dcc65798/tags/mlflow.user
[2025-03-09T11:09:45.304+0000] {subprocess.py:93} INFO - 	deleted:    mlruns/mlruns/0/1bfe6def3be94223babc37f8c0573af7/meta.yaml
[2025-03-09T11:09:45.304+0000] {subprocess.py:93} INFO - 	deleted:    mlruns/mlruns/0/1bfe6def3be94223babc37f8c0573af7/metrics/accuracy
[2025-03-09T11:09:45.304+0000] {subprocess.py:93} INFO - 	deleted:    mlruns/mlruns/0/1bfe6def3be94223babc37f8c0573af7/metrics/f1_score
[2025-03-09T11:09:45.304+0000] {subprocess.py:93} INFO - 	deleted:    mlruns/mlruns/0/1bfe6def3be94223babc37f8c0573af7/metrics/precision
[2025-03-09T11:09:45.304+0000] {subprocess.py:93} INFO - 	deleted:    mlruns/mlruns/0/1bfe6def3be94223babc37f8c0573af7/metrics/recall
[2025-03-09T11:09:45.304+0000] {subprocess.py:93} INFO - 	deleted:    mlruns/mlruns/0/1bfe6def3be94223babc37f8c0573af7/params/model_type
[2025-03-09T11:09:45.305+0000] {subprocess.py:93} INFO - 	deleted:    mlruns/mlruns/0/1bfe6def3be94223babc37f8c0573af7/tags/mlflow.log-model.history
[2025-03-09T11:09:45.305+0000] {subprocess.py:93} INFO - 	deleted:    mlruns/mlruns/0/1bfe6def3be94223babc37f8c0573af7/tags/mlflow.runName
[2025-03-09T11:09:45.305+0000] {subprocess.py:93} INFO - 	deleted:    mlruns/mlruns/0/1bfe6def3be94223babc37f8c0573af7/tags/mlflow.source.git.commit
[2025-03-09T11:09:45.305+0000] {subprocess.py:93} INFO - 	deleted:    mlruns/mlruns/0/1bfe6def3be94223babc37f8c0573af7/tags/mlflow.source.name
[2025-03-09T11:09:45.305+0000] {subprocess.py:93} INFO - 	deleted:    mlruns/mlruns/0/1bfe6def3be94223babc37f8c0573af7/tags/mlflow.source.type
[2025-03-09T11:09:45.305+0000] {subprocess.py:93} INFO - 	deleted:    mlruns/mlruns/0/1bfe6def3be94223babc37f8c0573af7/tags/mlflow.user
[2025-03-09T11:09:45.306+0000] {subprocess.py:93} INFO - 	deleted:    mlruns/mlruns/0/2f5b027bec4040e597d8c73d02fb8f9f/meta.yaml
[2025-03-09T11:09:45.306+0000] {subprocess.py:93} INFO - 	deleted:    mlruns/mlruns/0/2f5b027bec4040e597d8c73d02fb8f9f/metrics/accuracy
[2025-03-09T11:09:45.306+0000] {subprocess.py:93} INFO - 	deleted:    mlruns/mlruns/0/2f5b027bec4040e597d8c73d02fb8f9f/metrics/f1_score
[2025-03-09T11:09:45.306+0000] {subprocess.py:93} INFO - 	deleted:    mlruns/mlruns/0/2f5b027bec4040e597d8c73d02fb8f9f/metrics/precision
[2025-03-09T11:09:45.306+0000] {subprocess.py:93} INFO - 	deleted:    mlruns/mlruns/0/2f5b027bec4040e597d8c73d02fb8f9f/metrics/recall
[2025-03-09T11:09:45.306+0000] {subprocess.py:93} INFO - 	deleted:    mlruns/mlruns/0/2f5b027bec4040e597d8c73d02fb8f9f/params/model_type
[2025-03-09T11:09:45.306+0000] {subprocess.py:93} INFO - 	deleted:    mlruns/mlruns/0/2f5b027bec4040e597d8c73d02fb8f9f/params/run_name
[2025-03-09T11:09:45.307+0000] {subprocess.py:93} INFO - 	deleted:    mlruns/mlruns/0/2f5b027bec4040e597d8c73d02fb8f9f/tags/mlflow.log-model.history
[2025-03-09T11:09:45.307+0000] {subprocess.py:93} INFO - 	deleted:    mlruns/mlruns/0/2f5b027bec4040e597d8c73d02fb8f9f/tags/mlflow.runName
[2025-03-09T11:09:45.307+0000] {subprocess.py:93} INFO - 	deleted:    mlruns/mlruns/0/2f5b027bec4040e597d8c73d02fb8f9f/tags/mlflow.source.git.commit
[2025-03-09T11:09:45.307+0000] {subprocess.py:93} INFO - 	deleted:    mlruns/mlruns/0/2f5b027bec4040e597d8c73d02fb8f9f/tags/mlflow.source.name
[2025-03-09T11:09:45.307+0000] {subprocess.py:93} INFO - 	deleted:    mlruns/mlruns/0/2f5b027bec4040e597d8c73d02fb8f9f/tags/mlflow.source.type
[2025-03-09T11:09:45.307+0000] {subprocess.py:93} INFO - 	deleted:    mlruns/mlruns/0/2f5b027bec4040e597d8c73d02fb8f9f/tags/mlflow.user
[2025-03-09T11:09:45.307+0000] {subprocess.py:93} INFO - 	deleted:    mlruns/mlruns/0/31b6ff75408a4a4088dbfbb08554a7fb/meta.yaml
[2025-03-09T11:09:45.308+0000] {subprocess.py:93} INFO - 	deleted:    mlruns/mlruns/0/31b6ff75408a4a4088dbfbb08554a7fb/metrics/accuracy
[2025-03-09T11:09:45.308+0000] {subprocess.py:93} INFO - 	deleted:    mlruns/mlruns/0/31b6ff75408a4a4088dbfbb08554a7fb/metrics/f1_score
[2025-03-09T11:09:45.308+0000] {subprocess.py:93} INFO - 	deleted:    mlruns/mlruns/0/31b6ff75408a4a4088dbfbb08554a7fb/metrics/precision
[2025-03-09T11:09:45.308+0000] {subprocess.py:93} INFO - 	deleted:    mlruns/mlruns/0/31b6ff75408a4a4088dbfbb08554a7fb/metrics/recall
[2025-03-09T11:09:45.308+0000] {subprocess.py:93} INFO - 	deleted:    mlruns/mlruns/0/31b6ff75408a4a4088dbfbb08554a7fb/params/model_type
[2025-03-09T11:09:45.308+0000] {subprocess.py:93} INFO - 	deleted:    mlruns/mlruns/0/31b6ff75408a4a4088dbfbb08554a7fb/tags/mlflow.log-model.history
[2025-03-09T11:09:45.309+0000] {subprocess.py:93} INFO - 	deleted:    mlruns/mlruns/0/31b6ff75408a4a4088dbfbb08554a7fb/tags/mlflow.runName
[2025-03-09T11:09:45.309+0000] {subprocess.py:93} INFO - 	deleted:    mlruns/mlruns/0/31b6ff75408a4a4088dbfbb08554a7fb/tags/mlflow.source.git.commit
[2025-03-09T11:09:45.309+0000] {subprocess.py:93} INFO - 	deleted:    mlruns/mlruns/0/31b6ff75408a4a4088dbfbb08554a7fb/tags/mlflow.source.name
[2025-03-09T11:09:45.309+0000] {subprocess.py:93} INFO - 	deleted:    mlruns/mlruns/0/31b6ff75408a4a4088dbfbb08554a7fb/tags/mlflow.source.type
[2025-03-09T11:09:45.309+0000] {subprocess.py:93} INFO - 	deleted:    mlruns/mlruns/0/31b6ff75408a4a4088dbfbb08554a7fb/tags/mlflow.user
[2025-03-09T11:09:45.309+0000] {subprocess.py:93} INFO - 	deleted:    mlruns/mlruns/0/3b010ce3895a4cb68e7802db36e0a89d/meta.yaml
[2025-03-09T11:09:45.309+0000] {subprocess.py:93} INFO - 	deleted:    mlruns/mlruns/0/3b010ce3895a4cb68e7802db36e0a89d/metrics/accuracy
[2025-03-09T11:09:45.310+0000] {subprocess.py:93} INFO - 	deleted:    mlruns/mlruns/0/3b010ce3895a4cb68e7802db36e0a89d/metrics/f1_score
[2025-03-09T11:09:45.310+0000] {subprocess.py:93} INFO - 	deleted:    mlruns/mlruns/0/3b010ce3895a4cb68e7802db36e0a89d/metrics/precision
[2025-03-09T11:09:45.310+0000] {subprocess.py:93} INFO - 	deleted:    mlruns/mlruns/0/3b010ce3895a4cb68e7802db36e0a89d/metrics/recall
[2025-03-09T11:09:45.310+0000] {subprocess.py:93} INFO - 	deleted:    mlruns/mlruns/0/3b010ce3895a4cb68e7802db36e0a89d/params/model_type
[2025-03-09T11:09:45.310+0000] {subprocess.py:93} INFO - 	deleted:    mlruns/mlruns/0/3b010ce3895a4cb68e7802db36e0a89d/params/runName
[2025-03-09T11:09:45.311+0000] {subprocess.py:93} INFO - 	deleted:    mlruns/mlruns/0/3b010ce3895a4cb68e7802db36e0a89d/tags/mlflow.log-model.history
[2025-03-09T11:09:45.311+0000] {subprocess.py:93} INFO - 	deleted:    mlruns/mlruns/0/3b010ce3895a4cb68e7802db36e0a89d/tags/mlflow.runName
[2025-03-09T11:09:45.311+0000] {subprocess.py:93} INFO - 	deleted:    mlruns/mlruns/0/3b010ce3895a4cb68e7802db36e0a89d/tags/mlflow.source.git.commit
[2025-03-09T11:09:45.311+0000] {subprocess.py:93} INFO - 	deleted:    mlruns/mlruns/0/3b010ce3895a4cb68e7802db36e0a89d/tags/mlflow.source.name
[2025-03-09T11:09:45.311+0000] {subprocess.py:93} INFO - 	deleted:    mlruns/mlruns/0/3b010ce3895a4cb68e7802db36e0a89d/tags/mlflow.source.type
[2025-03-09T11:09:45.311+0000] {subprocess.py:93} INFO - 	deleted:    mlruns/mlruns/0/3b010ce3895a4cb68e7802db36e0a89d/tags/mlflow.user
[2025-03-09T11:09:45.311+0000] {subprocess.py:93} INFO - 	deleted:    mlruns/mlruns/0/4c1bcb3d6c004b11a2ffd2b7c1ea8633/meta.yaml
[2025-03-09T11:09:45.312+0000] {subprocess.py:93} INFO - 	deleted:    mlruns/mlruns/0/4c1bcb3d6c004b11a2ffd2b7c1ea8633/metrics/accuracy
[2025-03-09T11:09:45.312+0000] {subprocess.py:93} INFO - 	deleted:    mlruns/mlruns/0/4c1bcb3d6c004b11a2ffd2b7c1ea8633/metrics/f1_score
[2025-03-09T11:09:45.312+0000] {subprocess.py:93} INFO - 	deleted:    mlruns/mlruns/0/4c1bcb3d6c004b11a2ffd2b7c1ea8633/metrics/precision
[2025-03-09T11:09:45.312+0000] {subprocess.py:93} INFO - 	deleted:    mlruns/mlruns/0/4c1bcb3d6c004b11a2ffd2b7c1ea8633/metrics/recall
[2025-03-09T11:09:45.312+0000] {subprocess.py:93} INFO - 	deleted:    mlruns/mlruns/0/4c1bcb3d6c004b11a2ffd2b7c1ea8633/params/model_type
[2025-03-09T11:09:45.312+0000] {subprocess.py:93} INFO - 	deleted:    mlruns/mlruns/0/4c1bcb3d6c004b11a2ffd2b7c1ea8633/tags/mlflow.log-model.history
[2025-03-09T11:09:45.313+0000] {subprocess.py:93} INFO - 	deleted:    mlruns/mlruns/0/4c1bcb3d6c004b11a2ffd2b7c1ea8633/tags/mlflow.runName
[2025-03-09T11:09:45.313+0000] {subprocess.py:93} INFO - 	deleted:    mlruns/mlruns/0/4c1bcb3d6c004b11a2ffd2b7c1ea8633/tags/mlflow.source.git.commit
[2025-03-09T11:09:45.313+0000] {subprocess.py:93} INFO - 	deleted:    mlruns/mlruns/0/4c1bcb3d6c004b11a2ffd2b7c1ea8633/tags/mlflow.source.name
[2025-03-09T11:09:45.313+0000] {subprocess.py:93} INFO - 	deleted:    mlruns/mlruns/0/4c1bcb3d6c004b11a2ffd2b7c1ea8633/tags/mlflow.source.type
[2025-03-09T11:09:45.313+0000] {subprocess.py:93} INFO - 	deleted:    mlruns/mlruns/0/4c1bcb3d6c004b11a2ffd2b7c1ea8633/tags/mlflow.user
[2025-03-09T11:09:45.313+0000] {subprocess.py:93} INFO - 	deleted:    mlruns/mlruns/0/4fbc29bfdc7d446aa8c56a70f21638e4/meta.yaml
[2025-03-09T11:09:45.313+0000] {subprocess.py:93} INFO - 	deleted:    mlruns/mlruns/0/4fbc29bfdc7d446aa8c56a70f21638e4/metrics/accuracy
[2025-03-09T11:09:45.314+0000] {subprocess.py:93} INFO - 	deleted:    mlruns/mlruns/0/4fbc29bfdc7d446aa8c56a70f21638e4/metrics/f1_score
[2025-03-09T11:09:45.314+0000] {subprocess.py:93} INFO - 	deleted:    mlruns/mlruns/0/4fbc29bfdc7d446aa8c56a70f21638e4/metrics/precision
[2025-03-09T11:09:45.314+0000] {subprocess.py:93} INFO - 	deleted:    mlruns/mlruns/0/4fbc29bfdc7d446aa8c56a70f21638e4/metrics/recall
[2025-03-09T11:09:45.314+0000] {subprocess.py:93} INFO - 	deleted:    mlruns/mlruns/0/4fbc29bfdc7d446aa8c56a70f21638e4/params/model_type
[2025-03-09T11:09:45.314+0000] {subprocess.py:93} INFO - 	deleted:    mlruns/mlruns/0/4fbc29bfdc7d446aa8c56a70f21638e4/params/runName
[2025-03-09T11:09:45.314+0000] {subprocess.py:93} INFO - 	deleted:    mlruns/mlruns/0/4fbc29bfdc7d446aa8c56a70f21638e4/tags/mlflow.log-model.history
[2025-03-09T11:09:45.315+0000] {subprocess.py:93} INFO - 	deleted:    mlruns/mlruns/0/4fbc29bfdc7d446aa8c56a70f21638e4/tags/mlflow.runName
[2025-03-09T11:09:45.315+0000] {subprocess.py:93} INFO - 	deleted:    mlruns/mlruns/0/4fbc29bfdc7d446aa8c56a70f21638e4/tags/mlflow.source.git.commit
[2025-03-09T11:09:45.315+0000] {subprocess.py:93} INFO - 	deleted:    mlruns/mlruns/0/4fbc29bfdc7d446aa8c56a70f21638e4/tags/mlflow.source.name
[2025-03-09T11:09:45.315+0000] {subprocess.py:93} INFO - 	deleted:    mlruns/mlruns/0/4fbc29bfdc7d446aa8c56a70f21638e4/tags/mlflow.source.type
[2025-03-09T11:09:45.315+0000] {subprocess.py:93} INFO - 	deleted:    mlruns/mlruns/0/4fbc29bfdc7d446aa8c56a70f21638e4/tags/mlflow.user
[2025-03-09T11:09:45.315+0000] {subprocess.py:93} INFO - 	deleted:    mlruns/mlruns/0/520a00d6a9bb4c7a865d8c1aaebaea3d/meta.yaml
[2025-03-09T11:09:45.315+0000] {subprocess.py:93} INFO - 	deleted:    mlruns/mlruns/0/520a00d6a9bb4c7a865d8c1aaebaea3d/metrics/accuracy
[2025-03-09T11:09:45.316+0000] {subprocess.py:93} INFO - 	deleted:    mlruns/mlruns/0/520a00d6a9bb4c7a865d8c1aaebaea3d/metrics/f1_score
[2025-03-09T11:09:45.316+0000] {subprocess.py:93} INFO - 	deleted:    mlruns/mlruns/0/520a00d6a9bb4c7a865d8c1aaebaea3d/metrics/precision
[2025-03-09T11:09:45.316+0000] {subprocess.py:93} INFO - 	deleted:    mlruns/mlruns/0/520a00d6a9bb4c7a865d8c1aaebaea3d/metrics/recall
[2025-03-09T11:09:45.316+0000] {subprocess.py:93} INFO - 	deleted:    mlruns/mlruns/0/520a00d6a9bb4c7a865d8c1aaebaea3d/params/model_type
[2025-03-09T11:09:45.316+0000] {subprocess.py:93} INFO - 	deleted:    mlruns/mlruns/0/520a00d6a9bb4c7a865d8c1aaebaea3d/tags/mlflow.log-model.history
[2025-03-09T11:09:45.316+0000] {subprocess.py:93} INFO - 	deleted:    mlruns/mlruns/0/520a00d6a9bb4c7a865d8c1aaebaea3d/tags/mlflow.runName
[2025-03-09T11:09:45.317+0000] {subprocess.py:93} INFO - 	deleted:    mlruns/mlruns/0/520a00d6a9bb4c7a865d8c1aaebaea3d/tags/mlflow.source.git.commit
[2025-03-09T11:09:45.317+0000] {subprocess.py:93} INFO - 	deleted:    mlruns/mlruns/0/520a00d6a9bb4c7a865d8c1aaebaea3d/tags/mlflow.source.name
[2025-03-09T11:09:45.317+0000] {subprocess.py:93} INFO - 	deleted:    mlruns/mlruns/0/520a00d6a9bb4c7a865d8c1aaebaea3d/tags/mlflow.source.type
[2025-03-09T11:09:45.317+0000] {subprocess.py:93} INFO - 	deleted:    mlruns/mlruns/0/520a00d6a9bb4c7a865d8c1aaebaea3d/tags/mlflow.user
[2025-03-09T11:09:45.317+0000] {subprocess.py:93} INFO - 	deleted:    mlruns/mlruns/0/56c5effa37dc434da487ce23a16fb0aa/meta.yaml
[2025-03-09T11:09:45.317+0000] {subprocess.py:93} INFO - 	deleted:    mlruns/mlruns/0/56c5effa37dc434da487ce23a16fb0aa/metrics/accuracy
[2025-03-09T11:09:45.317+0000] {subprocess.py:93} INFO - 	deleted:    mlruns/mlruns/0/56c5effa37dc434da487ce23a16fb0aa/metrics/f1_score
[2025-03-09T11:09:45.318+0000] {subprocess.py:93} INFO - 	deleted:    mlruns/mlruns/0/56c5effa37dc434da487ce23a16fb0aa/metrics/precision
[2025-03-09T11:09:45.318+0000] {subprocess.py:93} INFO - 	deleted:    mlruns/mlruns/0/56c5effa37dc434da487ce23a16fb0aa/metrics/recall
[2025-03-09T11:09:45.318+0000] {subprocess.py:93} INFO - 	deleted:    mlruns/mlruns/0/56c5effa37dc434da487ce23a16fb0aa/params/model_type
[2025-03-09T11:09:45.318+0000] {subprocess.py:93} INFO - 	deleted:    mlruns/mlruns/0/56c5effa37dc434da487ce23a16fb0aa/params/run_name
[2025-03-09T11:09:45.318+0000] {subprocess.py:93} INFO - 	deleted:    mlruns/mlruns/0/56c5effa37dc434da487ce23a16fb0aa/tags/mlflow.log-model.history
[2025-03-09T11:09:45.319+0000] {subprocess.py:93} INFO - 	deleted:    mlruns/mlruns/0/56c5effa37dc434da487ce23a16fb0aa/tags/mlflow.runName
[2025-03-09T11:09:45.319+0000] {subprocess.py:93} INFO - 	deleted:    mlruns/mlruns/0/56c5effa37dc434da487ce23a16fb0aa/tags/mlflow.source.git.commit
[2025-03-09T11:09:45.319+0000] {subprocess.py:93} INFO - 	deleted:    mlruns/mlruns/0/56c5effa37dc434da487ce23a16fb0aa/tags/mlflow.source.name
[2025-03-09T11:09:45.319+0000] {subprocess.py:93} INFO - 	deleted:    mlruns/mlruns/0/56c5effa37dc434da487ce23a16fb0aa/tags/mlflow.source.type
[2025-03-09T11:09:45.319+0000] {subprocess.py:93} INFO - 	deleted:    mlruns/mlruns/0/56c5effa37dc434da487ce23a16fb0aa/tags/mlflow.user
[2025-03-09T11:09:45.319+0000] {subprocess.py:93} INFO - 	deleted:    mlruns/mlruns/0/81a499bb5b9548fc96bfa8364a69fe47/meta.yaml
[2025-03-09T11:09:45.320+0000] {subprocess.py:93} INFO - 	deleted:    mlruns/mlruns/0/81a499bb5b9548fc96bfa8364a69fe47/metrics/accuracy
[2025-03-09T11:09:45.320+0000] {subprocess.py:93} INFO - 	deleted:    mlruns/mlruns/0/81a499bb5b9548fc96bfa8364a69fe47/metrics/f1_score
[2025-03-09T11:09:45.320+0000] {subprocess.py:93} INFO - 	deleted:    mlruns/mlruns/0/81a499bb5b9548fc96bfa8364a69fe47/metrics/precision
[2025-03-09T11:09:45.320+0000] {subprocess.py:93} INFO - 	deleted:    mlruns/mlruns/0/81a499bb5b9548fc96bfa8364a69fe47/metrics/recall
[2025-03-09T11:09:45.320+0000] {subprocess.py:93} INFO - 	deleted:    mlruns/mlruns/0/81a499bb5b9548fc96bfa8364a69fe47/params/model_type
[2025-03-09T11:09:45.320+0000] {subprocess.py:93} INFO - 	deleted:    mlruns/mlruns/0/81a499bb5b9548fc96bfa8364a69fe47/tags/mlflow.log-model.history
[2025-03-09T11:09:45.320+0000] {subprocess.py:93} INFO - 	deleted:    mlruns/mlruns/0/81a499bb5b9548fc96bfa8364a69fe47/tags/mlflow.runName
[2025-03-09T11:09:45.321+0000] {subprocess.py:93} INFO - 	deleted:    mlruns/mlruns/0/81a499bb5b9548fc96bfa8364a69fe47/tags/mlflow.source.git.commit
[2025-03-09T11:09:45.321+0000] {subprocess.py:93} INFO - 	deleted:    mlruns/mlruns/0/81a499bb5b9548fc96bfa8364a69fe47/tags/mlflow.source.name
[2025-03-09T11:09:45.321+0000] {subprocess.py:93} INFO - 	deleted:    mlruns/mlruns/0/81a499bb5b9548fc96bfa8364a69fe47/tags/mlflow.source.type
[2025-03-09T11:09:45.321+0000] {subprocess.py:93} INFO - 	deleted:    mlruns/mlruns/0/81a499bb5b9548fc96bfa8364a69fe47/tags/mlflow.user
[2025-03-09T11:09:45.321+0000] {subprocess.py:93} INFO - 	deleted:    mlruns/mlruns/0/860d504205154bb69c3aed025ce3be35/meta.yaml
[2025-03-09T11:09:45.321+0000] {subprocess.py:93} INFO - 	deleted:    mlruns/mlruns/0/860d504205154bb69c3aed025ce3be35/metrics/accuracy
[2025-03-09T11:09:45.321+0000] {subprocess.py:93} INFO - 	deleted:    mlruns/mlruns/0/860d504205154bb69c3aed025ce3be35/metrics/f1_score
[2025-03-09T11:09:45.322+0000] {subprocess.py:93} INFO - 	deleted:    mlruns/mlruns/0/860d504205154bb69c3aed025ce3be35/metrics/precision
[2025-03-09T11:09:45.322+0000] {subprocess.py:93} INFO - 	deleted:    mlruns/mlruns/0/860d504205154bb69c3aed025ce3be35/metrics/recall
[2025-03-09T11:09:45.322+0000] {subprocess.py:93} INFO - 	deleted:    mlruns/mlruns/0/860d504205154bb69c3aed025ce3be35/params/model_type
[2025-03-09T11:09:45.322+0000] {subprocess.py:93} INFO - 	deleted:    mlruns/mlruns/0/860d504205154bb69c3aed025ce3be35/tags/mlflow.log-model.history
[2025-03-09T11:09:45.322+0000] {subprocess.py:93} INFO - 	deleted:    mlruns/mlruns/0/860d504205154bb69c3aed025ce3be35/tags/mlflow.runName
[2025-03-09T11:09:45.322+0000] {subprocess.py:93} INFO - 	deleted:    mlruns/mlruns/0/860d504205154bb69c3aed025ce3be35/tags/mlflow.source.git.commit
[2025-03-09T11:09:45.323+0000] {subprocess.py:93} INFO - 	deleted:    mlruns/mlruns/0/860d504205154bb69c3aed025ce3be35/tags/mlflow.source.name
[2025-03-09T11:09:45.323+0000] {subprocess.py:93} INFO - 	deleted:    mlruns/mlruns/0/860d504205154bb69c3aed025ce3be35/tags/mlflow.source.type
[2025-03-09T11:09:45.323+0000] {subprocess.py:93} INFO - 	deleted:    mlruns/mlruns/0/860d504205154bb69c3aed025ce3be35/tags/mlflow.user
[2025-03-09T11:09:45.323+0000] {subprocess.py:93} INFO - 	deleted:    mlruns/mlruns/0/8bd540df51614b6a9fb9ecaabd136a62/meta.yaml
[2025-03-09T11:09:45.323+0000] {subprocess.py:93} INFO - 	deleted:    mlruns/mlruns/0/8bd540df51614b6a9fb9ecaabd136a62/metrics/accuracy
[2025-03-09T11:09:45.323+0000] {subprocess.py:93} INFO - 	deleted:    mlruns/mlruns/0/8bd540df51614b6a9fb9ecaabd136a62/metrics/f1_score
[2025-03-09T11:09:45.323+0000] {subprocess.py:93} INFO - 	deleted:    mlruns/mlruns/0/8bd540df51614b6a9fb9ecaabd136a62/metrics/precision
[2025-03-09T11:09:45.324+0000] {subprocess.py:93} INFO - 	deleted:    mlruns/mlruns/0/8bd540df51614b6a9fb9ecaabd136a62/metrics/recall
[2025-03-09T11:09:45.324+0000] {subprocess.py:93} INFO - 	deleted:    mlruns/mlruns/0/8bd540df51614b6a9fb9ecaabd136a62/params/model_type
[2025-03-09T11:09:45.324+0000] {subprocess.py:93} INFO - 	deleted:    mlruns/mlruns/0/8bd540df51614b6a9fb9ecaabd136a62/tags/mlflow.log-model.history
[2025-03-09T11:09:45.324+0000] {subprocess.py:93} INFO - 	deleted:    mlruns/mlruns/0/8bd540df51614b6a9fb9ecaabd136a62/tags/mlflow.runName
[2025-03-09T11:09:45.324+0000] {subprocess.py:93} INFO - 	deleted:    mlruns/mlruns/0/8bd540df51614b6a9fb9ecaabd136a62/tags/mlflow.source.git.commit
[2025-03-09T11:09:45.324+0000] {subprocess.py:93} INFO - 	deleted:    mlruns/mlruns/0/8bd540df51614b6a9fb9ecaabd136a62/tags/mlflow.source.name
[2025-03-09T11:09:45.325+0000] {subprocess.py:93} INFO - 	deleted:    mlruns/mlruns/0/8bd540df51614b6a9fb9ecaabd136a62/tags/mlflow.source.type
[2025-03-09T11:09:45.325+0000] {subprocess.py:93} INFO - 	deleted:    mlruns/mlruns/0/8bd540df51614b6a9fb9ecaabd136a62/tags/mlflow.user
[2025-03-09T11:09:45.325+0000] {subprocess.py:93} INFO - 	deleted:    mlruns/mlruns/0/8cec931d29444fff8bed27757f6c1fe5/meta.yaml
[2025-03-09T11:09:45.325+0000] {subprocess.py:93} INFO - 	deleted:    mlruns/mlruns/0/8cec931d29444fff8bed27757f6c1fe5/metrics/accuracy
[2025-03-09T11:09:45.325+0000] {subprocess.py:93} INFO - 	deleted:    mlruns/mlruns/0/8cec931d29444fff8bed27757f6c1fe5/metrics/f1_score
[2025-03-09T11:09:45.325+0000] {subprocess.py:93} INFO - 	deleted:    mlruns/mlruns/0/8cec931d29444fff8bed27757f6c1fe5/metrics/precision
[2025-03-09T11:09:45.326+0000] {subprocess.py:93} INFO - 	deleted:    mlruns/mlruns/0/8cec931d29444fff8bed27757f6c1fe5/metrics/recall
[2025-03-09T11:09:45.326+0000] {subprocess.py:93} INFO - 	deleted:    mlruns/mlruns/0/8cec931d29444fff8bed27757f6c1fe5/params/model_type
[2025-03-09T11:09:45.326+0000] {subprocess.py:93} INFO - 	deleted:    mlruns/mlruns/0/8cec931d29444fff8bed27757f6c1fe5/tags/mlflow.log-model.history
[2025-03-09T11:09:45.326+0000] {subprocess.py:93} INFO - 	deleted:    mlruns/mlruns/0/8cec931d29444fff8bed27757f6c1fe5/tags/mlflow.runName
[2025-03-09T11:09:45.326+0000] {subprocess.py:93} INFO - 	deleted:    mlruns/mlruns/0/8cec931d29444fff8bed27757f6c1fe5/tags/mlflow.source.git.commit
[2025-03-09T11:09:45.326+0000] {subprocess.py:93} INFO - 	deleted:    mlruns/mlruns/0/8cec931d29444fff8bed27757f6c1fe5/tags/mlflow.source.name
[2025-03-09T11:09:45.327+0000] {subprocess.py:93} INFO - 	deleted:    mlruns/mlruns/0/8cec931d29444fff8bed27757f6c1fe5/tags/mlflow.source.type
[2025-03-09T11:09:45.327+0000] {subprocess.py:93} INFO - 	deleted:    mlruns/mlruns/0/8cec931d29444fff8bed27757f6c1fe5/tags/mlflow.user
[2025-03-09T11:09:45.327+0000] {subprocess.py:93} INFO - 	deleted:    mlruns/mlruns/0/9b59da5e995e4853bd2819c7cc49ed54/meta.yaml
[2025-03-09T11:09:45.327+0000] {subprocess.py:93} INFO - 	deleted:    mlruns/mlruns/0/9b59da5e995e4853bd2819c7cc49ed54/metrics/accuracy
[2025-03-09T11:09:45.327+0000] {subprocess.py:93} INFO - 	deleted:    mlruns/mlruns/0/9b59da5e995e4853bd2819c7cc49ed54/metrics/f1_score
[2025-03-09T11:09:45.327+0000] {subprocess.py:93} INFO - 	deleted:    mlruns/mlruns/0/9b59da5e995e4853bd2819c7cc49ed54/metrics/precision
[2025-03-09T11:09:45.327+0000] {subprocess.py:93} INFO - 	deleted:    mlruns/mlruns/0/9b59da5e995e4853bd2819c7cc49ed54/metrics/recall
[2025-03-09T11:09:45.328+0000] {subprocess.py:93} INFO - 	deleted:    mlruns/mlruns/0/9b59da5e995e4853bd2819c7cc49ed54/params/model_type
[2025-03-09T11:09:45.328+0000] {subprocess.py:93} INFO - 	deleted:    mlruns/mlruns/0/9b59da5e995e4853bd2819c7cc49ed54/tags/mlflow.log-model.history
[2025-03-09T11:09:45.328+0000] {subprocess.py:93} INFO - 	deleted:    mlruns/mlruns/0/9b59da5e995e4853bd2819c7cc49ed54/tags/mlflow.runName
[2025-03-09T11:09:45.328+0000] {subprocess.py:93} INFO - 	deleted:    mlruns/mlruns/0/9b59da5e995e4853bd2819c7cc49ed54/tags/mlflow.source.git.commit
[2025-03-09T11:09:45.328+0000] {subprocess.py:93} INFO - 	deleted:    mlruns/mlruns/0/9b59da5e995e4853bd2819c7cc49ed54/tags/mlflow.source.name
[2025-03-09T11:09:45.328+0000] {subprocess.py:93} INFO - 	deleted:    mlruns/mlruns/0/9b59da5e995e4853bd2819c7cc49ed54/tags/mlflow.source.type
[2025-03-09T11:09:45.329+0000] {subprocess.py:93} INFO - 	deleted:    mlruns/mlruns/0/9b59da5e995e4853bd2819c7cc49ed54/tags/mlflow.user
[2025-03-09T11:09:45.329+0000] {subprocess.py:93} INFO - 	deleted:    mlruns/mlruns/0/9b7496c619de4395b4709b790219b0e0/meta.yaml
[2025-03-09T11:09:45.329+0000] {subprocess.py:93} INFO - 	deleted:    mlruns/mlruns/0/9b7496c619de4395b4709b790219b0e0/metrics/accuracy
[2025-03-09T11:09:45.329+0000] {subprocess.py:93} INFO - 	deleted:    mlruns/mlruns/0/9b7496c619de4395b4709b790219b0e0/metrics/f1_score
[2025-03-09T11:09:45.329+0000] {subprocess.py:93} INFO - 	deleted:    mlruns/mlruns/0/9b7496c619de4395b4709b790219b0e0/metrics/precision
[2025-03-09T11:09:45.329+0000] {subprocess.py:93} INFO - 	deleted:    mlruns/mlruns/0/9b7496c619de4395b4709b790219b0e0/metrics/recall
[2025-03-09T11:09:45.329+0000] {subprocess.py:93} INFO - 	deleted:    mlruns/mlruns/0/9b7496c619de4395b4709b790219b0e0/params/model_type
[2025-03-09T11:09:45.330+0000] {subprocess.py:93} INFO - 	deleted:    mlruns/mlruns/0/9b7496c619de4395b4709b790219b0e0/tags/mlflow.log-model.history
[2025-03-09T11:09:45.330+0000] {subprocess.py:93} INFO - 	deleted:    mlruns/mlruns/0/9b7496c619de4395b4709b790219b0e0/tags/mlflow.runName
[2025-03-09T11:09:45.330+0000] {subprocess.py:93} INFO - 	deleted:    mlruns/mlruns/0/9b7496c619de4395b4709b790219b0e0/tags/mlflow.source.git.commit
[2025-03-09T11:09:45.330+0000] {subprocess.py:93} INFO - 	deleted:    mlruns/mlruns/0/9b7496c619de4395b4709b790219b0e0/tags/mlflow.source.name
[2025-03-09T11:09:45.330+0000] {subprocess.py:93} INFO - 	deleted:    mlruns/mlruns/0/9b7496c619de4395b4709b790219b0e0/tags/mlflow.source.type
[2025-03-09T11:09:45.330+0000] {subprocess.py:93} INFO - 	deleted:    mlruns/mlruns/0/9b7496c619de4395b4709b790219b0e0/tags/mlflow.user
[2025-03-09T11:09:45.331+0000] {subprocess.py:93} INFO - 	deleted:    mlruns/mlruns/0/9dae6e3c1d9d400a82fb27f9d3f4c0e8/meta.yaml
[2025-03-09T11:09:45.331+0000] {subprocess.py:93} INFO - 	deleted:    mlruns/mlruns/0/9dae6e3c1d9d400a82fb27f9d3f4c0e8/metrics/accuracy
[2025-03-09T11:09:45.331+0000] {subprocess.py:93} INFO - 	deleted:    mlruns/mlruns/0/9dae6e3c1d9d400a82fb27f9d3f4c0e8/metrics/f1_score
[2025-03-09T11:09:45.331+0000] {subprocess.py:93} INFO - 	deleted:    mlruns/mlruns/0/9dae6e3c1d9d400a82fb27f9d3f4c0e8/metrics/precision
[2025-03-09T11:09:45.331+0000] {subprocess.py:93} INFO - 	deleted:    mlruns/mlruns/0/9dae6e3c1d9d400a82fb27f9d3f4c0e8/metrics/recall
[2025-03-09T11:09:45.331+0000] {subprocess.py:93} INFO - 	deleted:    mlruns/mlruns/0/9dae6e3c1d9d400a82fb27f9d3f4c0e8/params/model_type
[2025-03-09T11:09:45.332+0000] {subprocess.py:93} INFO - 	deleted:    mlruns/mlruns/0/9dae6e3c1d9d400a82fb27f9d3f4c0e8/tags/mlflow.log-model.history
[2025-03-09T11:09:45.332+0000] {subprocess.py:93} INFO - 	deleted:    mlruns/mlruns/0/9dae6e3c1d9d400a82fb27f9d3f4c0e8/tags/mlflow.runName
[2025-03-09T11:09:45.332+0000] {subprocess.py:93} INFO - 	deleted:    mlruns/mlruns/0/9dae6e3c1d9d400a82fb27f9d3f4c0e8/tags/mlflow.source.git.commit
[2025-03-09T11:09:45.332+0000] {subprocess.py:93} INFO - 	deleted:    mlruns/mlruns/0/9dae6e3c1d9d400a82fb27f9d3f4c0e8/tags/mlflow.source.name
[2025-03-09T11:09:45.332+0000] {subprocess.py:93} INFO - 	deleted:    mlruns/mlruns/0/9dae6e3c1d9d400a82fb27f9d3f4c0e8/tags/mlflow.source.type
[2025-03-09T11:09:45.332+0000] {subprocess.py:93} INFO - 	deleted:    mlruns/mlruns/0/9dae6e3c1d9d400a82fb27f9d3f4c0e8/tags/mlflow.user
[2025-03-09T11:09:45.333+0000] {subprocess.py:93} INFO - 	deleted:    mlruns/mlruns/0/a9effb053ac343b8a6e623608fe551ef/meta.yaml
[2025-03-09T11:09:45.333+0000] {subprocess.py:93} INFO - 	deleted:    mlruns/mlruns/0/a9effb053ac343b8a6e623608fe551ef/metrics/accuracy
[2025-03-09T11:09:45.333+0000] {subprocess.py:93} INFO - 	deleted:    mlruns/mlruns/0/a9effb053ac343b8a6e623608fe551ef/metrics/f1_score
[2025-03-09T11:09:45.333+0000] {subprocess.py:93} INFO - 	deleted:    mlruns/mlruns/0/a9effb053ac343b8a6e623608fe551ef/metrics/precision
[2025-03-09T11:09:45.333+0000] {subprocess.py:93} INFO - 	deleted:    mlruns/mlruns/0/a9effb053ac343b8a6e623608fe551ef/metrics/recall
[2025-03-09T11:09:45.333+0000] {subprocess.py:93} INFO - 	deleted:    mlruns/mlruns/0/a9effb053ac343b8a6e623608fe551ef/params/model_type
[2025-03-09T11:09:45.334+0000] {subprocess.py:93} INFO - 	deleted:    mlruns/mlruns/0/a9effb053ac343b8a6e623608fe551ef/params/tags.mlflow.runName
[2025-03-09T11:09:45.334+0000] {subprocess.py:93} INFO - 	deleted:    mlruns/mlruns/0/a9effb053ac343b8a6e623608fe551ef/tags/mlflow.log-model.history
[2025-03-09T11:09:45.334+0000] {subprocess.py:93} INFO - 	deleted:    mlruns/mlruns/0/a9effb053ac343b8a6e623608fe551ef/tags/mlflow.runName
[2025-03-09T11:09:45.334+0000] {subprocess.py:93} INFO - 	deleted:    mlruns/mlruns/0/a9effb053ac343b8a6e623608fe551ef/tags/mlflow.source.git.commit
[2025-03-09T11:09:45.334+0000] {subprocess.py:93} INFO - 	deleted:    mlruns/mlruns/0/a9effb053ac343b8a6e623608fe551ef/tags/mlflow.source.name
[2025-03-09T11:09:45.334+0000] {subprocess.py:93} INFO - 	deleted:    mlruns/mlruns/0/a9effb053ac343b8a6e623608fe551ef/tags/mlflow.source.type
[2025-03-09T11:09:45.335+0000] {subprocess.py:93} INFO - 	deleted:    mlruns/mlruns/0/a9effb053ac343b8a6e623608fe551ef/tags/mlflow.user
[2025-03-09T11:09:45.335+0000] {subprocess.py:93} INFO - 	deleted:    mlruns/mlruns/0/ac877050a38c4310a76039b1ddf0ff02/meta.yaml
[2025-03-09T11:09:45.335+0000] {subprocess.py:93} INFO - 	deleted:    mlruns/mlruns/0/ac877050a38c4310a76039b1ddf0ff02/metrics/accuracy
[2025-03-09T11:09:45.335+0000] {subprocess.py:93} INFO - 	deleted:    mlruns/mlruns/0/ac877050a38c4310a76039b1ddf0ff02/metrics/f1_score
[2025-03-09T11:09:45.335+0000] {subprocess.py:93} INFO - 	deleted:    mlruns/mlruns/0/ac877050a38c4310a76039b1ddf0ff02/metrics/precision
[2025-03-09T11:09:45.335+0000] {subprocess.py:93} INFO - 	deleted:    mlruns/mlruns/0/ac877050a38c4310a76039b1ddf0ff02/metrics/recall
[2025-03-09T11:09:45.336+0000] {subprocess.py:93} INFO - 	deleted:    mlruns/mlruns/0/ac877050a38c4310a76039b1ddf0ff02/params/model_type
[2025-03-09T11:09:45.336+0000] {subprocess.py:93} INFO - 	deleted:    mlruns/mlruns/0/ac877050a38c4310a76039b1ddf0ff02/tags/mlflow.log-model.history
[2025-03-09T11:09:45.336+0000] {subprocess.py:93} INFO - 	deleted:    mlruns/mlruns/0/ac877050a38c4310a76039b1ddf0ff02/tags/mlflow.runName
[2025-03-09T11:09:45.336+0000] {subprocess.py:93} INFO - 	deleted:    mlruns/mlruns/0/ac877050a38c4310a76039b1ddf0ff02/tags/mlflow.source.git.commit
[2025-03-09T11:09:45.336+0000] {subprocess.py:93} INFO - 	deleted:    mlruns/mlruns/0/ac877050a38c4310a76039b1ddf0ff02/tags/mlflow.source.name
[2025-03-09T11:09:45.336+0000] {subprocess.py:93} INFO - 	deleted:    mlruns/mlruns/0/ac877050a38c4310a76039b1ddf0ff02/tags/mlflow.source.type
[2025-03-09T11:09:45.336+0000] {subprocess.py:93} INFO - 	deleted:    mlruns/mlruns/0/ac877050a38c4310a76039b1ddf0ff02/tags/mlflow.user
[2025-03-09T11:09:45.337+0000] {subprocess.py:93} INFO - 	deleted:    mlruns/mlruns/0/ada543cd1cc84415b752fb9d97757948/meta.yaml
[2025-03-09T11:09:45.337+0000] {subprocess.py:93} INFO - 	deleted:    mlruns/mlruns/0/ada543cd1cc84415b752fb9d97757948/metrics/accuracy
[2025-03-09T11:09:45.337+0000] {subprocess.py:93} INFO - 	deleted:    mlruns/mlruns/0/ada543cd1cc84415b752fb9d97757948/metrics/f1_score
[2025-03-09T11:09:45.337+0000] {subprocess.py:93} INFO - 	deleted:    mlruns/mlruns/0/ada543cd1cc84415b752fb9d97757948/metrics/precision
[2025-03-09T11:09:45.337+0000] {subprocess.py:93} INFO - 	deleted:    mlruns/mlruns/0/ada543cd1cc84415b752fb9d97757948/metrics/recall
[2025-03-09T11:09:45.337+0000] {subprocess.py:93} INFO - 	deleted:    mlruns/mlruns/0/ada543cd1cc84415b752fb9d97757948/params/model_type
[2025-03-09T11:09:45.338+0000] {subprocess.py:93} INFO - 	deleted:    mlruns/mlruns/0/ada543cd1cc84415b752fb9d97757948/tags/mlflow.log-model.history
[2025-03-09T11:09:45.338+0000] {subprocess.py:93} INFO - 	deleted:    mlruns/mlruns/0/ada543cd1cc84415b752fb9d97757948/tags/mlflow.runName
[2025-03-09T11:09:45.338+0000] {subprocess.py:93} INFO - 	deleted:    mlruns/mlruns/0/ada543cd1cc84415b752fb9d97757948/tags/mlflow.source.git.commit
[2025-03-09T11:09:45.338+0000] {subprocess.py:93} INFO - 	deleted:    mlruns/mlruns/0/ada543cd1cc84415b752fb9d97757948/tags/mlflow.source.name
[2025-03-09T11:09:45.338+0000] {subprocess.py:93} INFO - 	deleted:    mlruns/mlruns/0/ada543cd1cc84415b752fb9d97757948/tags/mlflow.source.type
[2025-03-09T11:09:45.338+0000] {subprocess.py:93} INFO - 	deleted:    mlruns/mlruns/0/ada543cd1cc84415b752fb9d97757948/tags/mlflow.user
[2025-03-09T11:09:45.339+0000] {subprocess.py:93} INFO - 	deleted:    mlruns/mlruns/0/af1f265511ba46f7b841572f081dd67b/meta.yaml
[2025-03-09T11:09:45.339+0000] {subprocess.py:93} INFO - 	deleted:    mlruns/mlruns/0/af1f265511ba46f7b841572f081dd67b/metrics/accuracy
[2025-03-09T11:09:45.339+0000] {subprocess.py:93} INFO - 	deleted:    mlruns/mlruns/0/af1f265511ba46f7b841572f081dd67b/metrics/f1_score
[2025-03-09T11:09:45.339+0000] {subprocess.py:93} INFO - 	deleted:    mlruns/mlruns/0/af1f265511ba46f7b841572f081dd67b/metrics/precision
[2025-03-09T11:09:45.339+0000] {subprocess.py:93} INFO - 	deleted:    mlruns/mlruns/0/af1f265511ba46f7b841572f081dd67b/metrics/recall
[2025-03-09T11:09:45.339+0000] {subprocess.py:93} INFO - 	deleted:    mlruns/mlruns/0/af1f265511ba46f7b841572f081dd67b/params/model_type
[2025-03-09T11:09:45.340+0000] {subprocess.py:93} INFO - 	deleted:    mlruns/mlruns/0/af1f265511ba46f7b841572f081dd67b/tags/mlflow.log-model.history
[2025-03-09T11:09:45.340+0000] {subprocess.py:93} INFO - 	deleted:    mlruns/mlruns/0/af1f265511ba46f7b841572f081dd67b/tags/mlflow.runName
[2025-03-09T11:09:45.340+0000] {subprocess.py:93} INFO - 	deleted:    mlruns/mlruns/0/af1f265511ba46f7b841572f081dd67b/tags/mlflow.source.git.commit
[2025-03-09T11:09:45.340+0000] {subprocess.py:93} INFO - 	deleted:    mlruns/mlruns/0/af1f265511ba46f7b841572f081dd67b/tags/mlflow.source.name
[2025-03-09T11:09:45.340+0000] {subprocess.py:93} INFO - 	deleted:    mlruns/mlruns/0/af1f265511ba46f7b841572f081dd67b/tags/mlflow.source.type
[2025-03-09T11:09:45.340+0000] {subprocess.py:93} INFO - 	deleted:    mlruns/mlruns/0/af1f265511ba46f7b841572f081dd67b/tags/mlflow.user
[2025-03-09T11:09:45.341+0000] {subprocess.py:93} INFO - 	deleted:    mlruns/mlruns/0/b2726f7c00db49e58f4a175215d9ce63/meta.yaml
[2025-03-09T11:09:45.341+0000] {subprocess.py:93} INFO - 	deleted:    mlruns/mlruns/0/b2726f7c00db49e58f4a175215d9ce63/metrics/accuracy
[2025-03-09T11:09:45.341+0000] {subprocess.py:93} INFO - 	deleted:    mlruns/mlruns/0/b2726f7c00db49e58f4a175215d9ce63/metrics/f1_score
[2025-03-09T11:09:45.341+0000] {subprocess.py:93} INFO - 	deleted:    mlruns/mlruns/0/b2726f7c00db49e58f4a175215d9ce63/metrics/precision
[2025-03-09T11:09:45.341+0000] {subprocess.py:93} INFO - 	deleted:    mlruns/mlruns/0/b2726f7c00db49e58f4a175215d9ce63/metrics/recall
[2025-03-09T11:09:45.341+0000] {subprocess.py:93} INFO - 	deleted:    mlruns/mlruns/0/b2726f7c00db49e58f4a175215d9ce63/params/model_type
[2025-03-09T11:09:45.341+0000] {subprocess.py:93} INFO - 	deleted:    mlruns/mlruns/0/b2726f7c00db49e58f4a175215d9ce63/tags/mlflow.log-model.history
[2025-03-09T11:09:45.342+0000] {subprocess.py:93} INFO - 	deleted:    mlruns/mlruns/0/b2726f7c00db49e58f4a175215d9ce63/tags/mlflow.runName
[2025-03-09T11:09:45.342+0000] {subprocess.py:93} INFO - 	deleted:    mlruns/mlruns/0/b2726f7c00db49e58f4a175215d9ce63/tags/mlflow.source.git.commit
[2025-03-09T11:09:45.342+0000] {subprocess.py:93} INFO - 	deleted:    mlruns/mlruns/0/b2726f7c00db49e58f4a175215d9ce63/tags/mlflow.source.name
[2025-03-09T11:09:45.342+0000] {subprocess.py:93} INFO - 	deleted:    mlruns/mlruns/0/b2726f7c00db49e58f4a175215d9ce63/tags/mlflow.source.type
[2025-03-09T11:09:45.342+0000] {subprocess.py:93} INFO - 	deleted:    mlruns/mlruns/0/b2726f7c00db49e58f4a175215d9ce63/tags/mlflow.user
[2025-03-09T11:09:45.342+0000] {subprocess.py:93} INFO - 	deleted:    mlruns/mlruns/0/c6e10d0100ef4f2cbcca867e03dcee1f/meta.yaml
[2025-03-09T11:09:45.343+0000] {subprocess.py:93} INFO - 	deleted:    mlruns/mlruns/0/c6e10d0100ef4f2cbcca867e03dcee1f/metrics/accuracy
[2025-03-09T11:09:45.343+0000] {subprocess.py:93} INFO - 	deleted:    mlruns/mlruns/0/c6e10d0100ef4f2cbcca867e03dcee1f/metrics/f1_score
