[2025-03-03T20:46:47.067+0000] {taskinstance.py:1159} INFO - Dependencies all met for dep_context=non-requeueable deps ti=<TaskInstance: customer_churn_ml_pipeline.data_storage_task manual__2025-03-03T20:45:15.367262+00:00 [queued]>
[2025-03-03T20:46:47.078+0000] {taskinstance.py:1159} INFO - Dependencies all met for dep_context=requeueable deps ti=<TaskInstance: customer_churn_ml_pipeline.data_storage_task manual__2025-03-03T20:45:15.367262+00:00 [queued]>
[2025-03-03T20:46:47.078+0000] {taskinstance.py:1361} INFO - Starting attempt 1 of 1
[2025-03-03T20:46:47.095+0000] {taskinstance.py:1382} INFO - Executing <Task(BashOperator): data_storage_task> on 2025-03-03 20:45:15.367262+00:00
[2025-03-03T20:46:47.100+0000] {standard_task_runner.py:57} INFO - Started process 640 to run task
[2025-03-03T20:46:47.104+0000] {standard_task_runner.py:84} INFO - Running: ['***', 'tasks', 'run', 'customer_churn_ml_pipeline', 'data_storage_task', 'manual__2025-03-03T20:45:15.367262+00:00', '--job-id', '176', '--raw', '--subdir', 'DAGS_FOLDER/customer_churn.py', '--cfg-path', '/tmp/tmpv2aa225m']
[2025-03-03T20:46:47.108+0000] {standard_task_runner.py:85} INFO - Job 176: Subtask data_storage_task
[2025-03-03T20:46:47.140+0000] {logging_mixin.py:154} WARNING - /home/***/.local/lib/python3.8/site-packages/***/settings.py:195 DeprecationWarning: The sql_alchemy_conn option in [core] has been moved to the sql_alchemy_conn option in [database] - the old setting has been used, but please update your config.
[2025-03-03T20:46:47.186+0000] {task_command.py:416} INFO - Running <TaskInstance: customer_churn_ml_pipeline.data_storage_task manual__2025-03-03T20:45:15.367262+00:00 [running]> on host 157237bff8f7
[2025-03-03T20:46:47.339+0000] {taskinstance.py:1662} INFO - Exporting env vars: AIRFLOW_CTX_DAG_OWNER='***' AIRFLOW_CTX_DAG_ID='customer_churn_ml_pipeline' AIRFLOW_CTX_TASK_ID='data_storage_task' AIRFLOW_CTX_EXECUTION_DATE='2025-03-03T20:45:15.367262+00:00' AIRFLOW_CTX_TRY_NUMBER='1' AIRFLOW_CTX_DAG_RUN_ID='manual__2025-03-03T20:45:15.367262+00:00'
[2025-03-03T20:46:47.340+0000] {subprocess.py:63} INFO - Tmp dir root location: /tmp
[2025-03-03T20:46:47.341+0000] {subprocess.py:75} INFO - Running command: ['/bin/bash', '-c', '\n\t\t\tcd /opt/***\n                        dvc pull /opt/***/data/transformed\n                        python /opt/***/executables/data_storage.py && \t\t\tgit add logs &&    \t\t\tgit status &&                         git commit -m "Updated stored data version" -a &&                         dvc push && git push\n                    ']
[2025-03-03T20:46:47.350+0000] {subprocess.py:86} INFO - Output:
[2025-03-03T20:46:50.916+0000] {subprocess.py:93} INFO - Everything is up to date.
[2025-03-03T20:46:52.400+0000] {subprocess.py:93} INFO - 2025-03-03 20:46:52,399 : INFO : Starting data storage for customer_data.csv
[2025-03-03T20:46:52.401+0000] {subprocess.py:93} INFO - 2025-03-03 20:46:52,400 : INFO : Connecting to Database
[2025-03-03T20:46:52.453+0000] {subprocess.py:93} INFO - 2025-03-03 20:46:52,453 : INFO : Connecting to Database Successfull
[2025-03-03T20:46:52.454+0000] {subprocess.py:93} INFO - 2025-03-03 20:46:52,453 : INFO : Reading insert script template
[2025-03-03T20:46:52.454+0000] {subprocess.py:93} INFO - 2025-03-03 20:46:52,453 : INFO : Executing script to Database
[2025-03-03T20:46:52.454+0000] {subprocess.py:93} INFO - 2025-03-03 20:46:52,454 : INFO : Inserting data to database
[2025-03-03T20:46:59.526+0000] {subprocess.py:93} INFO - 2025-03-03 20:46:59,525 : INFO : Executed script successfully !!
[2025-03-03T20:46:59.527+0000] {subprocess.py:93} INFO - 2025-03-03 20:46:59,526 : INFO : Connection closed !!
[2025-03-03T20:46:59.529+0000] {subprocess.py:93} INFO - 2025-03-03 20:46:59,529 : INFO : Starting data storage for database_data.csv
[2025-03-03T20:46:59.530+0000] {subprocess.py:93} INFO - 2025-03-03 20:46:59,529 : INFO : Connecting to Database
[2025-03-03T20:46:59.546+0000] {subprocess.py:93} INFO - 2025-03-03 20:46:59,545 : INFO : Connecting to Database Successfull
[2025-03-03T20:46:59.546+0000] {subprocess.py:93} INFO - 2025-03-03 20:46:59,546 : INFO : Reading insert script template
[2025-03-03T20:46:59.546+0000] {subprocess.py:93} INFO - 2025-03-03 20:46:59,546 : INFO : Executing script to Database
[2025-03-03T20:46:59.547+0000] {subprocess.py:93} INFO - 2025-03-03 20:46:59,546 : INFO : Inserting data to database
[2025-03-03T20:47:05.804+0000] {subprocess.py:93} INFO - 2025-03-03 20:47:05,803 : INFO : Executed script successfully !!
[2025-03-03T20:47:05.805+0000] {subprocess.py:93} INFO - 2025-03-03 20:47:05,805 : INFO : Connection closed !!
[2025-03-03T20:47:06.044+0000] {subprocess.py:93} INFO - On branch main
[2025-03-03T20:47:06.044+0000] {subprocess.py:93} INFO - Your branch is up to date with 'origin/main'.
[2025-03-03T20:47:06.045+0000] {subprocess.py:93} INFO - 
[2025-03-03T20:47:06.045+0000] {subprocess.py:93} INFO - Changes to be committed:
[2025-03-03T20:47:06.045+0000] {subprocess.py:93} INFO -   (use "git restore --staged <file>..." to unstage)
[2025-03-03T20:47:06.046+0000] {subprocess.py:93} INFO - 	new file:   logs/dag_id=customer_churn_ml_pipeline/run_id=manual__2025-03-03T20:45:15.367262+00:00/task_id=data_storage_task/attempt=1.log
[2025-03-03T20:47:06.046+0000] {subprocess.py:93} INFO - 	modified:   logs/dag_id=customer_churn_ml_pipeline/run_id=manual__2025-03-03T20:45:15.367262+00:00/task_id=data_transformation_task/attempt=1.log
[2025-03-03T20:47:06.046+0000] {subprocess.py:93} INFO - 	modified:   logs/dag_processor_manager/dag_processor_manager.log
[2025-03-03T20:47:06.046+0000] {subprocess.py:93} INFO - 	modified:   logs/data_storage.log
[2025-03-03T20:47:06.047+0000] {subprocess.py:93} INFO - 	modified:   logs/scheduler/2025-03-03/customer_churn.py.log
[2025-03-03T20:47:06.047+0000] {subprocess.py:93} INFO - 
[2025-03-03T20:47:06.047+0000] {subprocess.py:93} INFO - Untracked files:
[2025-03-03T20:47:06.047+0000] {subprocess.py:93} INFO -   (use "git add <file>..." to include in what will be committed)
[2025-03-03T20:47:06.047+0000] {subprocess.py:93} INFO - 	customer_churn_stats/feature_repo/data/online_store.db
[2025-03-03T20:47:06.048+0000] {subprocess.py:93} INFO - 	customer_churn_stats/feature_repo/data/registry.db
[2025-03-03T20:47:06.048+0000] {subprocess.py:93} INFO - 	models/
[2025-03-03T20:47:06.048+0000] {subprocess.py:93} INFO - 	online.db
[2025-03-03T20:47:06.048+0000] {subprocess.py:93} INFO - 
