[2025-03-02T06:47:53.782+0000] {taskinstance.py:1159} INFO - Dependencies all met for dep_context=non-requeueable deps ti=<TaskInstance: customer_churn_ml_pipeline.model_training_task manual__2025-03-02T06:45:59.992308+00:00 [queued]>
[2025-03-02T06:47:53.793+0000] {taskinstance.py:1159} INFO - Dependencies all met for dep_context=requeueable deps ti=<TaskInstance: customer_churn_ml_pipeline.model_training_task manual__2025-03-02T06:45:59.992308+00:00 [queued]>
[2025-03-02T06:47:53.793+0000] {taskinstance.py:1361} INFO - Starting attempt 1 of 1
[2025-03-02T06:47:53.809+0000] {taskinstance.py:1382} INFO - Executing <Task(BashOperator): model_training_task> on 2025-03-02 06:45:59.992308+00:00
[2025-03-02T06:47:53.814+0000] {standard_task_runner.py:57} INFO - Started process 5482 to run task
[2025-03-02T06:47:53.817+0000] {standard_task_runner.py:84} INFO - Running: ['***', 'tasks', 'run', 'customer_churn_ml_pipeline', 'model_training_task', 'manual__2025-03-02T06:45:59.992308+00:00', '--job-id', '277', '--raw', '--subdir', 'DAGS_FOLDER/customer_churn.py', '--cfg-path', '/tmp/tmpjmnpfmkp']
[2025-03-02T06:47:53.819+0000] {standard_task_runner.py:85} INFO - Job 277: Subtask model_training_task
[2025-03-02T06:47:53.841+0000] {logging_mixin.py:154} WARNING - /home/***/.local/lib/python3.8/site-packages/***/settings.py:195 DeprecationWarning: The sql_alchemy_conn option in [core] has been moved to the sql_alchemy_conn option in [database] - the old setting has been used, but please update your config.
[2025-03-02T06:47:53.883+0000] {task_command.py:416} INFO - Running <TaskInstance: customer_churn_ml_pipeline.model_training_task manual__2025-03-02T06:45:59.992308+00:00 [running]> on host 7e994a0ed489
[2025-03-02T06:47:53.999+0000] {taskinstance.py:1662} INFO - Exporting env vars: AIRFLOW_CTX_DAG_OWNER='***' AIRFLOW_CTX_DAG_ID='customer_churn_ml_pipeline' AIRFLOW_CTX_TASK_ID='model_training_task' AIRFLOW_CTX_EXECUTION_DATE='2025-03-02T06:45:59.992308+00:00' AIRFLOW_CTX_TRY_NUMBER='1' AIRFLOW_CTX_DAG_RUN_ID='manual__2025-03-02T06:45:59.992308+00:00'
[2025-03-02T06:47:54.000+0000] {subprocess.py:63} INFO - Tmp dir root location: /tmp
[2025-03-02T06:47:54.000+0000] {subprocess.py:75} INFO - Running command: ['/bin/bash', '-c', '\n\t    \t\tcd /opt/***\n       \t\t\t    python /opt/***/executables/model_training.py && \t      \t\t    git add logs &&\t      \t\t    git add mlruns &&                            git commit -m "Trained model version" -a && \\    \n\t\t\t    git push\n                        ']
[2025-03-02T06:47:54.010+0000] {subprocess.py:86} INFO - Output:
[2025-03-02T06:48:00.947+0000] {subprocess.py:93} INFO - /home/***/.local/lib/python3.8/site-packages/mlflow/gateway/config.py:64: PydanticDeprecatedSince20: Pydantic V1 style `@validator` validators are deprecated. You should migrate to Pydantic V2 style `@field_validator` validators, see the migration guide for more details. Deprecated in Pydantic V2.0 to be removed in V3.0. See Pydantic V2 Migration Guide at https://errors.pydantic.dev/2.4/migration/
[2025-03-02T06:48:00.948+0000] {subprocess.py:93} INFO -   @validator("togetherai_api_key", pre=True)
[2025-03-02T06:48:00.948+0000] {subprocess.py:93} INFO - /home/***/.local/lib/python3.8/site-packages/mlflow/gateway/config.py:372: PydanticDeprecatedSince20: Pydantic V1 style `@root_validator` validators are deprecated. You should migrate to Pydantic V2 style `@model_validator` validators, see the migration guide for more details. Deprecated in Pydantic V2.0 to be removed in V3.0. See Pydantic V2 Migration Guide at https://errors.pydantic.dev/2.4/migration/
[2025-03-02T06:48:00.949+0000] {subprocess.py:93} INFO -   @root_validator(skip_on_failure=True)
[2025-03-02T06:48:00.949+0000] {subprocess.py:93} INFO - /home/***/.local/lib/python3.8/site-packages/pydantic/_internal/_config.py:267: PydanticDeprecatedSince20: Support for class-based `config` is deprecated, use ConfigDict instead. Deprecated in Pydantic V2.0 to be removed in V3.0. See Pydantic V2 Migration Guide at https://errors.pydantic.dev/2.4/migration/
[2025-03-02T06:48:00.950+0000] {subprocess.py:93} INFO -   warnings.warn(DEPRECATION_MESSAGE, DeprecationWarning)
[2025-03-02T06:48:00.950+0000] {subprocess.py:93} INFO - 2025-03-02 06:48:00,946 : INFO : Starting model training
[2025-03-02T06:48:00.971+0000] {subprocess.py:93} INFO - 2025-03-02 06:48:00,971 : INFO : Registry cache expired, so refreshing
[2025-03-02T06:48:00.983+0000] {subprocess.py:93} INFO - 2025-03-02 06:48:00,983 : INFO : Getting data
[2025-03-02T06:48:00.984+0000] {subprocess.py:93} INFO - 2025-03-02 06:48:00,984 : INFO : Start and End Range: 1 to 1000
[2025-03-02T06:48:02.226+0000] {subprocess.py:93} INFO - 2025-03-02 06:48:02,225 : INFO : New Start and End Range: 1001 to 2000
[2025-03-02T06:48:02.226+0000] {subprocess.py:93} INFO - 2025-03-02 06:48:02,226 : INFO : Start and End Range: 1001 to 2000
[2025-03-02T06:48:02.959+0000] {subprocess.py:93} INFO - 2025-03-02 06:48:02,959 : INFO : New Start and End Range: 3001 to 4000
[2025-03-02T06:48:02.960+0000] {subprocess.py:93} INFO - 2025-03-02 06:48:02,959 : INFO : Start and End Range: 3001 to 4000
[2025-03-02T06:48:03.970+0000] {subprocess.py:93} INFO - 2025-03-02 06:48:03,969 : INFO : New Start and End Range: 7001 to 8000
[2025-03-02T06:48:03.971+0000] {subprocess.py:93} INFO - 2025-03-02 06:48:03,970 : INFO : Start and End Range: 7001 to 8000
[2025-03-02T06:48:04.880+0000] {subprocess.py:93} INFO - 2025-03-02 06:48:04,879 : INFO : New Start and End Range: 15001 to 16000
[2025-03-02T06:48:04.880+0000] {subprocess.py:93} INFO - 2025-03-02 06:48:04,880 : INFO : Start and End Range: 15001 to 16000
[2025-03-02T06:48:05.784+0000] {subprocess.py:93} INFO - 2025-03-02 06:48:05,783 : INFO : New Start and End Range: 31001 to 32000
[2025-03-02T06:48:05.785+0000] {subprocess.py:93} INFO - 2025-03-02 06:48:05,784 : INFO : Start and End Range: 31001 to 32000
[2025-03-02T06:48:06.489+0000] {subprocess.py:93} INFO - 2025-03-02 06:48:06,488 : INFO : New Start and End Range: 63001 to 64000
[2025-03-02T06:48:06.489+0000] {subprocess.py:93} INFO - 2025-03-02 06:48:06,489 : INFO : Start and End Range: 63001 to 64000
[2025-03-02T06:48:07.157+0000] {subprocess.py:93} INFO - 2025-03-02 06:48:07,156 : INFO : New Start and End Range: 127001 to 128000
[2025-03-02T06:48:07.158+0000] {subprocess.py:93} INFO - 2025-03-02 06:48:07,157 : INFO : Start and End Range: 127001 to 128000
[2025-03-02T06:48:07.886+0000] {subprocess.py:93} INFO - 2025-03-02 06:48:07,886 : INFO : New Start and End Range: 255001 to 256000
[2025-03-02T06:48:07.887+0000] {subprocess.py:93} INFO - 2025-03-02 06:48:07,887 : INFO : Start and End Range: 255001 to 256000
[2025-03-02T06:48:08.491+0000] {subprocess.py:93} INFO - 2025-03-02 06:48:08,491 : INFO : New Start and End Range: 511001 to 512000
[2025-03-02T06:48:08.492+0000] {subprocess.py:93} INFO - 2025-03-02 06:48:08,491 : INFO : Start and End Range: 511001 to 512000
[2025-03-02T06:48:08.866+0000] {subprocess.py:93} INFO - 2025-03-02 06:48:08,866 : INFO : Stoping at Start and End Range: 511001 to 512000
[2025-03-02T06:48:08.866+0000] {subprocess.py:93} INFO - 2025-03-02 06:48:08,866 : INFO : Created feature data
[2025-03-02T06:48:08.923+0000] {subprocess.py:93} INFO - 2025-03-02 06:48:08,870 : INFO :    Id  HasCrCard  ...  BalanceAgeRatio   Balance
[2025-03-02T06:48:08.923+0000] {subprocess.py:93} INFO - 0   1          1  ...              0.0 -1.225848
[2025-03-02T06:48:08.924+0000] {subprocess.py:93} INFO - 1   2          1  ...           2044.0  0.117350
[2025-03-02T06:48:08.924+0000] {subprocess.py:93} INFO - 2   3          1  ...           3801.0  1.333053
[2025-03-02T06:48:08.924+0000] {subprocess.py:93} INFO - 3   4          1  ...              0.0 -1.225848
[2025-03-02T06:48:08.924+0000] {subprocess.py:93} INFO - 4   5          1  ...           2919.0  0.785728
[2025-03-02T06:48:08.924+0000] {subprocess.py:93} INFO - 
[2025-03-02T06:48:08.924+0000] {subprocess.py:93} INFO - [5 rows x 17 columns]
[2025-03-02T06:48:08.925+0000] {subprocess.py:93} INFO - 2025-03-02 06:48:08,924 : INFO : received feature data
[2025-03-02T06:48:08.931+0000] {subprocess.py:93} INFO - 2025-03-02 06:48:08,931 : INFO : Models defined
[2025-03-02T06:48:08.932+0000] {subprocess.py:93} INFO - 2025-03-02 06:48:08,931 : INFO : Training model RandomForest
[2025-03-02T06:48:10.789+0000] {subprocess.py:93} INFO - 2025-03-02 06:48:10,789 : INFO : Predicting model RandomForest
[2025-03-02T06:48:10.835+0000] {subprocess.py:93} INFO - 2025-03-02 06:48:10,835 : INFO : Calculating accuracy RandomForest
[2025-03-02T06:48:16.789+0000] {subprocess.py:93} INFO - 2025/03/02 06:48:16 WARNING mlflow.models.model: Model logged without a signature and input example. Please set `input_example` parameter when logging the model to auto infer the model signature.
[2025-03-02T06:48:16.984+0000] {subprocess.py:93} INFO - 2025-03-02 06:48:16,983 : INFO : Logged model RandomForest
[2025-03-02T06:48:17.038+0000] {subprocess.py:93} INFO - 2025/03/02 06:48:17 INFO mlflow.tracking._tracking_service.client: ðŸƒ View run RandomForest at: http://localhost:5000/#/experiments/0/runs/2a152ba9f91e4c7aae1782c0992e0d9c.
[2025-03-02T06:48:17.038+0000] {subprocess.py:93} INFO - 2025/03/02 06:48:17 INFO mlflow.tracking._tracking_service.client: ðŸ§ª View experiment at: http://localhost:5000/#/experiments/0.
[2025-03-02T06:48:17.048+0000] {subprocess.py:93} INFO - 2025-03-02 06:48:17,047 : INFO : Training model LogisticRegression
[2025-03-02T06:48:17.516+0000] {subprocess.py:93} INFO - /home/***/.local/lib/python3.8/site-packages/sklearn/linear_model/_logistic.py:460: ConvergenceWarning: lbfgs failed to converge (status=1):
[2025-03-02T06:48:17.517+0000] {subprocess.py:93} INFO - STOP: TOTAL NO. of ITERATIONS REACHED LIMIT.
[2025-03-02T06:48:17.517+0000] {subprocess.py:93} INFO - 
[2025-03-02T06:48:17.517+0000] {subprocess.py:93} INFO - Increase the number of iterations (max_iter) or scale the data as shown in:
[2025-03-02T06:48:17.518+0000] {subprocess.py:93} INFO -     https://scikit-learn.org/stable/modules/preprocessing.html
[2025-03-02T06:48:17.519+0000] {subprocess.py:93} INFO - Please also refer to the documentation for alternative solver options:
[2025-03-02T06:48:17.519+0000] {subprocess.py:93} INFO -     https://scikit-learn.org/stable/modules/linear_model.html#logistic-regression
[2025-03-02T06:48:17.519+0000] {subprocess.py:93} INFO -   n_iter_i = _check_optimize_result(
[2025-03-02T06:48:17.520+0000] {subprocess.py:93} INFO - 2025-03-02 06:48:17,516 : INFO : Predicting model LogisticRegression
[2025-03-02T06:48:17.525+0000] {subprocess.py:93} INFO - 2025-03-02 06:48:17,525 : INFO : Calculating accuracy LogisticRegression
[2025-03-02T06:48:21.799+0000] {subprocess.py:93} INFO - 2025/03/02 06:48:21 WARNING mlflow.models.model: Model logged without a signature and input example. Please set `input_example` parameter when logging the model to auto infer the model signature.
[2025-03-02T06:48:21.869+0000] {subprocess.py:93} INFO - 2025-03-02 06:48:21,869 : INFO : Logged model LogisticRegression
[2025-03-02T06:48:21.881+0000] {subprocess.py:93} INFO - 2025/03/02 06:48:21 INFO mlflow.tracking._tracking_service.client: ðŸƒ View run LogisticRegression at: http://localhost:5000/#/experiments/0/runs/9562b7148f754f608d0627291825c6e4.
[2025-03-02T06:48:21.882+0000] {subprocess.py:93} INFO - 2025/03/02 06:48:21 INFO mlflow.tracking._tracking_service.client: ðŸ§ª View experiment at: http://localhost:5000/#/experiments/0.
[2025-03-02T06:48:21.891+0000] {subprocess.py:93} INFO - 2025-03-02 06:48:21,891 : INFO : Training model SVM
[2025-03-02T06:48:28.645+0000] {subprocess.py:93} INFO - 2025-03-02 06:48:28,645 : INFO : Predicting model SVM
[2025-03-02T06:48:28.970+0000] {subprocess.py:93} INFO - 2025-03-02 06:48:28,970 : INFO : Calculating accuracy SVM
[2025-03-02T06:48:32.640+0000] {subprocess.py:93} INFO - /home/***/.local/lib/python3.8/site-packages/sklearn/metrics/_classification.py:1471: UndefinedMetricWarning: Precision is ill-defined and being set to 0.0 due to no predicted samples. Use `zero_division` parameter to control this behavior.
[2025-03-02T06:48:32.641+0000] {subprocess.py:93} INFO -   _warn_prf(average, modifier, msg_start, len(result))
[2025-03-02T06:48:32.641+0000] {subprocess.py:93} INFO - 2025/03/02 06:48:32 WARNING mlflow.models.model: Model logged without a signature and input example. Please set `input_example` parameter when logging the model to auto infer the model signature.
[2025-03-02T06:48:32.711+0000] {subprocess.py:93} INFO - 2025-03-02 06:48:32,711 : INFO : Logged model SVM
[2025-03-02T06:48:32.728+0000] {subprocess.py:93} INFO - 2025/03/02 06:48:32 INFO mlflow.tracking._tracking_service.client: ðŸƒ View run SVM at: http://localhost:5000/#/experiments/0/runs/c306ea7150b04f83966a59eed2b470d3.
[2025-03-02T06:48:32.729+0000] {subprocess.py:93} INFO - 2025/03/02 06:48:32 INFO mlflow.tracking._tracking_service.client: ðŸ§ª View experiment at: http://localhost:5000/#/experiments/0.
[2025-03-02T06:48:32.737+0000] {subprocess.py:93} INFO - 2025-03-02 06:48:32,737 : INFO : Starting best model registration
[2025-03-02T06:48:32.738+0000] {subprocess.py:93} INFO - 2025-03-02 06:48:32,737 : INFO : Finding Best model
[2025-03-02T06:48:32.764+0000] {subprocess.py:93} INFO - 2025-03-02 06:48:32,764 : INFO : Selected best model : run_id                                            2a152ba9f91e4c7aae1782c0992e0d9c
[2025-03-02T06:48:32.765+0000] {subprocess.py:93} INFO - experiment_id                                                                    0
[2025-03-02T06:48:32.765+0000] {subprocess.py:93} INFO - status                                                                    FINISHED
[2025-03-02T06:48:32.765+0000] {subprocess.py:93} INFO - artifact_uri                     mlflow-artifacts:/0/2a152ba9f91e4c7aae1782c099...
[2025-03-02T06:48:32.765+0000] {subprocess.py:93} INFO - start_time                                        2025-03-02 06:48:11.004000+00:00
[2025-03-02T06:48:32.765+0000] {subprocess.py:93} INFO - end_time                                          2025-03-02 06:48:17.022000+00:00
[2025-03-02T06:48:32.765+0000] {subprocess.py:93} INFO - metrics.f1_score                                                           0.84127
[2025-03-02T06:48:32.766+0000] {subprocess.py:93} INFO - metrics.recall                                                            0.754986
[2025-03-02T06:48:32.766+0000] {subprocess.py:93} INFO - metrics.accuracy                                                          0.944414
[2025-03-02T06:48:32.766+0000] {subprocess.py:93} INFO - metrics.precision                                                         0.949821
[2025-03-02T06:48:32.766+0000] {subprocess.py:93} INFO - params.model_type                                                     RandomForest
[2025-03-02T06:48:32.766+0000] {subprocess.py:93} INFO - tags.mlflow.user                                                           ***
[2025-03-02T06:48:32.766+0000] {subprocess.py:93} INFO - tags.mlflow.source.type                                                      LOCAL
[2025-03-02T06:48:32.766+0000] {subprocess.py:93} INFO - tags.mlflow.log-model.history    [{"run_id": "2a152ba9f91e4c7aae1782c0992e0d9c"...
[2025-03-02T06:48:32.767+0000] {subprocess.py:93} INFO - tags.mlflow.source.name                 /opt/***/executables/model_training.py
[2025-03-02T06:48:32.767+0000] {subprocess.py:93} INFO - tags.mlflow.source.git.commit             f2c1acb7464c4244dc2618e1299983e88b4d9081
[2025-03-02T06:48:32.767+0000] {subprocess.py:93} INFO - tags.mlflow.runName                                                   RandomForest
[2025-03-02T06:48:32.767+0000] {subprocess.py:93} INFO - Name: 2, dtype: object
[2025-03-02T06:48:32.767+0000] {subprocess.py:93} INFO - 2025-03-02 06:48:32,764 : INFO : Registering best model runs:/2a152ba9f91e4c7aae1782c0992e0d9c/RandomForest_model
[2025-03-02T06:48:32.841+0000] {subprocess.py:93} INFO - Successfully registered model 'Best_ML_Model'.
[2025-03-02T06:48:32.841+0000] {subprocess.py:93} INFO - 2025/03/02 06:48:32 INFO mlflow.store.model_registry.abstract_store: Waiting up to 300 seconds for model version to finish creation. Model name: Best_ML_Model, version 1
[2025-03-02T06:48:32.841+0000] {subprocess.py:93} INFO - Created version '1' of model 'Best_ML_Model'.
[2025-03-02T06:48:32.841+0000] {subprocess.py:93} INFO - 2025-03-02 06:48:32,840 : INFO : Completed model training & registration !!
[2025-03-02T06:48:33.557+0000] {subprocess.py:93} INFO - [main 8c4a8c1] Trained model version
[2025-03-02T06:48:33.558+0000] {subprocess.py:93} INFO -  43 files changed, 326 insertions(+)
[2025-03-02T06:48:33.558+0000] {subprocess.py:93} INFO -  create mode 100644 logs/dag_id=customer_churn_ml_pipeline/run_id=manual__2025-03-02T06:45:59.992308+00:00/task_id=feature_store_task/attempt=1.log
[2025-03-02T06:48:33.558+0000] {subprocess.py:93} INFO -  create mode 100644 logs/dag_id=customer_churn_ml_pipeline/run_id=manual__2025-03-02T06:45:59.992308+00:00/task_id=model_training_task/attempt=1.log
[2025-03-02T06:48:33.558+0000] {subprocess.py:93} INFO -  create mode 100644 mlruns/0/2a152ba9f91e4c7aae1782c0992e0d9c/meta.yaml
[2025-03-02T06:48:33.558+0000] {subprocess.py:93} INFO -  create mode 100644 mlruns/0/2a152ba9f91e4c7aae1782c0992e0d9c/metrics/accuracy
[2025-03-02T06:48:33.558+0000] {subprocess.py:93} INFO -  create mode 100644 mlruns/0/2a152ba9f91e4c7aae1782c0992e0d9c/metrics/f1_score
[2025-03-02T06:48:33.558+0000] {subprocess.py:93} INFO -  create mode 100644 mlruns/0/2a152ba9f91e4c7aae1782c0992e0d9c/metrics/precision
[2025-03-02T06:48:33.558+0000] {subprocess.py:93} INFO -  create mode 100644 mlruns/0/2a152ba9f91e4c7aae1782c0992e0d9c/metrics/recall
[2025-03-02T06:48:33.559+0000] {subprocess.py:93} INFO -  create mode 100644 mlruns/0/2a152ba9f91e4c7aae1782c0992e0d9c/params/model_type
[2025-03-02T06:48:33.559+0000] {subprocess.py:93} INFO -  create mode 100644 mlruns/0/2a152ba9f91e4c7aae1782c0992e0d9c/tags/mlflow.log-model.history
[2025-03-02T06:48:33.559+0000] {subprocess.py:93} INFO -  create mode 100644 mlruns/0/2a152ba9f91e4c7aae1782c0992e0d9c/tags/mlflow.runName
[2025-03-02T06:48:33.559+0000] {subprocess.py:93} INFO -  create mode 100644 mlruns/0/2a152ba9f91e4c7aae1782c0992e0d9c/tags/mlflow.source.git.commit
[2025-03-02T06:48:33.559+0000] {subprocess.py:93} INFO -  create mode 100644 mlruns/0/2a152ba9f91e4c7aae1782c0992e0d9c/tags/mlflow.source.name
[2025-03-02T06:48:33.559+0000] {subprocess.py:93} INFO -  create mode 100644 mlruns/0/2a152ba9f91e4c7aae1782c0992e0d9c/tags/mlflow.source.type
[2025-03-02T06:48:33.559+0000] {subprocess.py:93} INFO -  create mode 100644 mlruns/0/2a152ba9f91e4c7aae1782c0992e0d9c/tags/mlflow.user
[2025-03-02T06:48:33.559+0000] {subprocess.py:93} INFO -  create mode 100644 mlruns/0/9562b7148f754f608d0627291825c6e4/meta.yaml
[2025-03-02T06:48:33.559+0000] {subprocess.py:93} INFO -  create mode 100644 mlruns/0/9562b7148f754f608d0627291825c6e4/metrics/accuracy
[2025-03-02T06:48:33.560+0000] {subprocess.py:93} INFO -  create mode 100644 mlruns/0/9562b7148f754f608d0627291825c6e4/metrics/f1_score
[2025-03-02T06:48:33.560+0000] {subprocess.py:93} INFO -  create mode 100644 mlruns/0/9562b7148f754f608d0627291825c6e4/metrics/precision
[2025-03-02T06:48:33.560+0000] {subprocess.py:93} INFO -  create mode 100644 mlruns/0/9562b7148f754f608d0627291825c6e4/metrics/recall
[2025-03-02T06:48:33.560+0000] {subprocess.py:93} INFO -  create mode 100644 mlruns/0/9562b7148f754f608d0627291825c6e4/params/model_type
[2025-03-02T06:48:33.560+0000] {subprocess.py:93} INFO -  create mode 100644 mlruns/0/9562b7148f754f608d0627291825c6e4/tags/mlflow.log-model.history
[2025-03-02T06:48:33.560+0000] {subprocess.py:93} INFO -  create mode 100644 mlruns/0/9562b7148f754f608d0627291825c6e4/tags/mlflow.runName
[2025-03-02T06:48:33.560+0000] {subprocess.py:93} INFO -  create mode 100644 mlruns/0/9562b7148f754f608d0627291825c6e4/tags/mlflow.source.git.commit
[2025-03-02T06:48:33.560+0000] {subprocess.py:93} INFO -  create mode 100644 mlruns/0/9562b7148f754f608d0627291825c6e4/tags/mlflow.source.name
[2025-03-02T06:48:33.561+0000] {subprocess.py:93} INFO -  create mode 100644 mlruns/0/9562b7148f754f608d0627291825c6e4/tags/mlflow.source.type
[2025-03-02T06:48:33.561+0000] {subprocess.py:93} INFO -  create mode 100644 mlruns/0/9562b7148f754f608d0627291825c6e4/tags/mlflow.user
[2025-03-02T06:48:33.561+0000] {subprocess.py:93} INFO -  create mode 100644 mlruns/0/c306ea7150b04f83966a59eed2b470d3/meta.yaml
[2025-03-02T06:48:33.561+0000] {subprocess.py:93} INFO -  create mode 100644 mlruns/0/c306ea7150b04f83966a59eed2b470d3/metrics/accuracy
[2025-03-02T06:48:33.561+0000] {subprocess.py:93} INFO -  create mode 100644 mlruns/0/c306ea7150b04f83966a59eed2b470d3/metrics/f1_score
[2025-03-02T06:48:33.561+0000] {subprocess.py:93} INFO -  create mode 100644 mlruns/0/c306ea7150b04f83966a59eed2b470d3/metrics/precision
[2025-03-02T06:48:33.561+0000] {subprocess.py:93} INFO -  create mode 100644 mlruns/0/c306ea7150b04f83966a59eed2b470d3/metrics/recall
[2025-03-02T06:48:33.561+0000] {subprocess.py:93} INFO -  create mode 100644 mlruns/0/c306ea7150b04f83966a59eed2b470d3/params/model_type
[2025-03-02T06:48:33.561+0000] {subprocess.py:93} INFO -  create mode 100644 mlruns/0/c306ea7150b04f83966a59eed2b470d3/tags/mlflow.log-model.history
[2025-03-02T06:48:33.562+0000] {subprocess.py:93} INFO -  create mode 100644 mlruns/0/c306ea7150b04f83966a59eed2b470d3/tags/mlflow.runName
[2025-03-02T06:48:33.562+0000] {subprocess.py:93} INFO -  create mode 100644 mlruns/0/c306ea7150b04f83966a59eed2b470d3/tags/mlflow.source.git.commit
[2025-03-02T06:48:33.562+0000] {subprocess.py:93} INFO -  create mode 100644 mlruns/0/c306ea7150b04f83966a59eed2b470d3/tags/mlflow.source.name
[2025-03-02T06:48:33.562+0000] {subprocess.py:93} INFO -  create mode 100644 mlruns/0/c306ea7150b04f83966a59eed2b470d3/tags/mlflow.source.type
[2025-03-02T06:48:33.562+0000] {subprocess.py:93} INFO -  create mode 100644 mlruns/0/c306ea7150b04f83966a59eed2b470d3/tags/mlflow.user
[2025-03-02T06:48:33.562+0000] {subprocess.py:93} INFO -  create mode 100644 mlruns/models/Best_ML_Model/meta.yaml
[2025-03-02T06:48:33.562+0000] {subprocess.py:93} INFO -  create mode 100644 mlruns/models/Best_ML_Model/version-1/meta.yaml
[2025-03-02T06:48:33.562+0000] {subprocess.py:93} INFO - /bin/bash: line 3:  : command not found
[2025-03-02T06:48:35.263+0000] {subprocess.py:93} INFO - To https://github.com/anniemathew-trial/customer_churn_pipeline.git
[2025-03-02T06:48:35.264+0000] {subprocess.py:93} INFO -    f2c1acb..8c4a8c1  main -> main
[2025-03-02T06:48:35.271+0000] {subprocess.py:97} INFO - Command exited with return code 0
[2025-03-02T06:48:35.315+0000] {taskinstance.py:1400} INFO - Marking task as SUCCESS. dag_id=customer_churn_ml_pipeline, task_id=model_training_task, execution_date=20250302T064559, start_date=20250302T064753, end_date=20250302T064835
[2025-03-02T06:48:35.345+0000] {local_task_job_runner.py:228} INFO - Task exited with return code 0
[2025-03-02T06:48:35.368+0000] {taskinstance.py:2778} INFO - 0 downstream tasks scheduled from follow-on schedule check
