[2025-03-04T08:02:05.897+0000] {taskinstance.py:1159} INFO - Dependencies all met for dep_context=non-requeueable deps ti=<TaskInstance: customer_churn_ml_pipeline.model_training_task scheduled__2025-03-03T08:00:00+00:00 [queued]>
[2025-03-04T08:02:05.919+0000] {taskinstance.py:1159} INFO - Dependencies all met for dep_context=requeueable deps ti=<TaskInstance: customer_churn_ml_pipeline.model_training_task scheduled__2025-03-03T08:00:00+00:00 [queued]>
[2025-03-04T08:02:05.919+0000] {taskinstance.py:1361} INFO - Starting attempt 1 of 1
[2025-03-04T08:02:05.946+0000] {taskinstance.py:1382} INFO - Executing <Task(BashOperator): model_training_task> on 2025-03-03 08:00:00+00:00
[2025-03-04T08:02:05.954+0000] {standard_task_runner.py:57} INFO - Started process 15124 to run task
[2025-03-04T08:02:05.960+0000] {standard_task_runner.py:84} INFO - Running: ['***', 'tasks', 'run', 'customer_churn_ml_pipeline', 'model_training_task', 'scheduled__2025-03-03T08:00:00+00:00', '--job-id', '291', '--raw', '--subdir', 'DAGS_FOLDER/customer_churn.py', '--cfg-path', '/tmp/tmplbngfn7p']
[2025-03-04T08:02:05.964+0000] {standard_task_runner.py:85} INFO - Job 291: Subtask model_training_task
[2025-03-04T08:02:06.002+0000] {logging_mixin.py:154} WARNING - /home/***/.local/lib/python3.8/site-packages/***/settings.py:195 DeprecationWarning: The sql_alchemy_conn option in [core] has been moved to the sql_alchemy_conn option in [database] - the old setting has been used, but please update your config.
[2025-03-04T08:02:06.083+0000] {task_command.py:416} INFO - Running <TaskInstance: customer_churn_ml_pipeline.model_training_task scheduled__2025-03-03T08:00:00+00:00 [running]> on host 157237bff8f7
[2025-03-04T08:02:06.281+0000] {taskinstance.py:1662} INFO - Exporting env vars: AIRFLOW_CTX_DAG_OWNER='***' AIRFLOW_CTX_DAG_ID='customer_churn_ml_pipeline' AIRFLOW_CTX_TASK_ID='model_training_task' AIRFLOW_CTX_EXECUTION_DATE='2025-03-03T08:00:00+00:00' AIRFLOW_CTX_TRY_NUMBER='1' AIRFLOW_CTX_DAG_RUN_ID='scheduled__2025-03-03T08:00:00+00:00'
[2025-03-04T08:02:06.282+0000] {subprocess.py:63} INFO - Tmp dir root location: /tmp
[2025-03-04T08:02:06.284+0000] {subprocess.py:75} INFO - Running command: ['/bin/bash', '-c', '\n\t    \t\tcd /opt/***\n       \t\t\t    python /opt/***/executables/model_training.py && \t      \t\t    git add logs && \t      \t\t    git add mlruns && \t        \t    git status &&                             git commit -m "Trained model version" -a && \\    \n\t\t\t    git push\n                        ']
[2025-03-04T08:02:06.300+0000] {subprocess.py:86} INFO - Output:
[2025-03-04T08:02:14.102+0000] {subprocess.py:93} INFO - /home/***/.local/lib/python3.8/site-packages/mlflow/gateway/config.py:64: PydanticDeprecatedSince20: Pydantic V1 style `@validator` validators are deprecated. You should migrate to Pydantic V2 style `@field_validator` validators, see the migration guide for more details. Deprecated in Pydantic V2.0 to be removed in V3.0. See Pydantic V2 Migration Guide at https://errors.pydantic.dev/2.4/migration/
[2025-03-04T08:02:14.102+0000] {subprocess.py:93} INFO -   @validator("togetherai_api_key", pre=True)
[2025-03-04T08:02:14.103+0000] {subprocess.py:93} INFO - /home/***/.local/lib/python3.8/site-packages/mlflow/gateway/config.py:372: PydanticDeprecatedSince20: Pydantic V1 style `@root_validator` validators are deprecated. You should migrate to Pydantic V2 style `@model_validator` validators, see the migration guide for more details. Deprecated in Pydantic V2.0 to be removed in V3.0. See Pydantic V2 Migration Guide at https://errors.pydantic.dev/2.4/migration/
[2025-03-04T08:02:14.103+0000] {subprocess.py:93} INFO -   @root_validator(skip_on_failure=True)
[2025-03-04T08:02:14.103+0000] {subprocess.py:93} INFO - /home/***/.local/lib/python3.8/site-packages/pydantic/_internal/_config.py:267: PydanticDeprecatedSince20: Support for class-based `config` is deprecated, use ConfigDict instead. Deprecated in Pydantic V2.0 to be removed in V3.0. See Pydantic V2 Migration Guide at https://errors.pydantic.dev/2.4/migration/
[2025-03-04T08:02:14.103+0000] {subprocess.py:93} INFO -   warnings.warn(DEPRECATION_MESSAGE, DeprecationWarning)
[2025-03-04T08:02:14.103+0000] {subprocess.py:93} INFO - 2025-03-04 08:02:14,101 : INFO : Starting model training
[2025-03-04T08:02:14.122+0000] {subprocess.py:93} INFO - 2025-03-04 08:02:14,122 : INFO : Registry cache expired, so refreshing
[2025-03-04T08:02:14.132+0000] {subprocess.py:93} INFO - 2025-03-04 08:02:14,132 : INFO : Getting data
[2025-03-04T08:02:14.133+0000] {subprocess.py:93} INFO - 2025-03-04 08:02:14,133 : INFO : Start and End Range: 1 to 1000
[2025-03-04T08:02:14.547+0000] {subprocess.py:93} INFO - 2025-03-04 08:02:14,547 : INFO : Data fetched: 999
[2025-03-04T08:02:14.548+0000] {subprocess.py:93} INFO - 2025-03-04 08:02:14,547 : INFO : New Start and End Range: 1001 to 2000
[2025-03-04T08:02:14.548+0000] {subprocess.py:93} INFO - 2025-03-04 08:02:14,548 : INFO : Start and End Range: 1001 to 2000
[2025-03-04T08:02:14.880+0000] {subprocess.py:93} INFO - 2025-03-04 08:02:14,880 : INFO : Data fetched: 999
[2025-03-04T08:02:14.881+0000] {subprocess.py:93} INFO - 2025-03-04 08:02:14,880 : INFO : New Start and End Range: 3001 to 4000
[2025-03-04T08:02:14.881+0000] {subprocess.py:93} INFO - 2025-03-04 08:02:14,881 : INFO : Start and End Range: 3001 to 4000
[2025-03-04T08:02:15.394+0000] {subprocess.py:93} INFO - 2025-03-04 08:02:15,394 : INFO : Data fetched: 999
[2025-03-04T08:02:15.394+0000] {subprocess.py:93} INFO - 2025-03-04 08:02:15,394 : INFO : New Start and End Range: 7001 to 8000
[2025-03-04T08:02:15.395+0000] {subprocess.py:93} INFO - 2025-03-04 08:02:15,394 : INFO : Start and End Range: 7001 to 8000
[2025-03-04T08:02:15.733+0000] {subprocess.py:93} INFO - 2025-03-04 08:02:15,732 : INFO : Data fetched: 999
[2025-03-04T08:02:15.733+0000] {subprocess.py:93} INFO - 2025-03-04 08:02:15,733 : INFO : New Start and End Range: 15001 to 16000
[2025-03-04T08:02:15.734+0000] {subprocess.py:93} INFO - 2025-03-04 08:02:15,733 : INFO : Start and End Range: 15001 to 16000
[2025-03-04T08:02:16.125+0000] {subprocess.py:93} INFO - 2025-03-04 08:02:16,125 : INFO : Data fetched: 999
[2025-03-04T08:02:16.126+0000] {subprocess.py:93} INFO - 2025-03-04 08:02:16,125 : INFO : New Start and End Range: 31001 to 32000
[2025-03-04T08:02:16.126+0000] {subprocess.py:93} INFO - 2025-03-04 08:02:16,126 : INFO : Start and End Range: 31001 to 32000
[2025-03-04T08:02:16.398+0000] {subprocess.py:93} INFO - 2025-03-04 08:02:16,397 : INFO : Data fetched: 999
[2025-03-04T08:02:16.398+0000] {subprocess.py:93} INFO - 2025-03-04 08:02:16,398 : INFO : New Start and End Range: 63001 to 64000
[2025-03-04T08:02:16.398+0000] {subprocess.py:93} INFO - 2025-03-04 08:02:16,398 : INFO : Start and End Range: 63001 to 64000
[2025-03-04T08:02:16.478+0000] {subprocess.py:93} INFO - 2025-03-04 08:02:16,478 : INFO : Reached End of Data
[2025-03-04T08:02:16.481+0000] {subprocess.py:93} INFO - 2025-03-04 08:02:16,480 : INFO : Stoping at Start and End Range: 63001 to 64000
[2025-03-04T08:02:16.481+0000] {subprocess.py:93} INFO - 2025-03-04 08:02:16,481 : INFO : Created feature data
[2025-03-04T08:02:16.481+0000] {subprocess.py:93} INFO - 2025-03-04 08:02:16,481 : INFO : Total Data fetched: 6
[2025-03-04T08:02:16.486+0000] {subprocess.py:93} INFO - 2025-03-04 08:02:16,486 : INFO : received feature data
[2025-03-04T08:02:16.490+0000] {subprocess.py:93} INFO - 2025-03-04 08:02:16,490 : INFO : Models defined
[2025-03-04T08:02:16.490+0000] {subprocess.py:93} INFO - 2025-03-04 08:02:16,490 : INFO : Training model RandomForest
[2025-03-04T08:02:17.654+0000] {subprocess.py:93} INFO - 2025-03-04 08:02:17,654 : INFO : Predicting model RandomForest
[2025-03-04T08:02:17.682+0000] {subprocess.py:93} INFO - 2025-03-04 08:02:17,681 : INFO : Calculating accuracy RandomForest
[2025-03-04T08:02:22.426+0000] {subprocess.py:93} INFO - 2025/03/04 08:02:22 WARNING mlflow.models.model: Model logged without a signature and input example. Please set `input_example` parameter when logging the model to auto infer the model signature.
[2025-03-04T08:02:22.595+0000] {subprocess.py:93} INFO - 2025-03-04 08:02:22,595 : INFO : Logged model RandomForest
[2025-03-04T08:02:22.646+0000] {subprocess.py:93} INFO - 2025/03/04 08:02:22 INFO mlflow.tracking._tracking_service.client: 🏃 View run RandomForest at: http://localhost:5000/#/experiments/0/runs/d976023b02d54cd68469ba9c7f819eda.
[2025-03-04T08:02:22.646+0000] {subprocess.py:93} INFO - 2025/03/04 08:02:22 INFO mlflow.tracking._tracking_service.client: 🧪 View experiment at: http://localhost:5000/#/experiments/0.
[2025-03-04T08:02:22.656+0000] {subprocess.py:93} INFO - 2025-03-04 08:02:22,656 : INFO : Training model LogisticRegression
[2025-03-04T08:02:24.307+0000] {subprocess.py:93} INFO - /home/***/.local/lib/python3.8/site-packages/sklearn/linear_model/_logistic.py:460: ConvergenceWarning: lbfgs failed to converge (status=1):
[2025-03-04T08:02:24.307+0000] {subprocess.py:93} INFO - STOP: TOTAL NO. of ITERATIONS REACHED LIMIT.
[2025-03-04T08:02:24.308+0000] {subprocess.py:93} INFO - 
[2025-03-04T08:02:24.308+0000] {subprocess.py:93} INFO - Increase the number of iterations (max_iter) or scale the data as shown in:
[2025-03-04T08:02:24.309+0000] {subprocess.py:93} INFO -     https://scikit-learn.org/stable/modules/preprocessing.html
[2025-03-04T08:02:24.309+0000] {subprocess.py:93} INFO - Please also refer to the documentation for alternative solver options:
[2025-03-04T08:02:24.309+0000] {subprocess.py:93} INFO -     https://scikit-learn.org/stable/modules/linear_model.html#logistic-regression
[2025-03-04T08:02:24.310+0000] {subprocess.py:93} INFO -   n_iter_i = _check_optimize_result(
[2025-03-04T08:02:24.310+0000] {subprocess.py:93} INFO - 2025-03-04 08:02:24,306 : INFO : Predicting model LogisticRegression
[2025-03-04T08:02:24.316+0000] {subprocess.py:93} INFO - 2025-03-04 08:02:24,316 : INFO : Calculating accuracy LogisticRegression
[2025-03-04T08:02:28.324+0000] {subprocess.py:93} INFO - 2025/03/04 08:02:28 WARNING mlflow.models.model: Model logged without a signature and input example. Please set `input_example` parameter when logging the model to auto infer the model signature.
[2025-03-04T08:02:28.375+0000] {subprocess.py:93} INFO - 2025-03-04 08:02:28,375 : INFO : Logged model LogisticRegression
[2025-03-04T08:02:28.384+0000] {subprocess.py:93} INFO - 2025/03/04 08:02:28 INFO mlflow.tracking._tracking_service.client: 🏃 View run LogisticRegression at: http://localhost:5000/#/experiments/0/runs/e267dce22f854f40914a477598c11315.
[2025-03-04T08:02:28.384+0000] {subprocess.py:93} INFO - 2025/03/04 08:02:28 INFO mlflow.tracking._tracking_service.client: 🧪 View experiment at: http://localhost:5000/#/experiments/0.
[2025-03-04T08:02:28.391+0000] {subprocess.py:93} INFO - 2025-03-04 08:02:28,391 : INFO : Training model SVM
[2025-03-04T08:02:31.452+0000] {subprocess.py:93} INFO - 2025-03-04 08:02:31,452 : INFO : Predicting model SVM
[2025-03-04T08:02:31.609+0000] {subprocess.py:93} INFO - 2025-03-04 08:02:31,609 : INFO : Calculating accuracy SVM
[2025-03-04T08:02:35.328+0000] {subprocess.py:93} INFO - /home/***/.local/lib/python3.8/site-packages/sklearn/metrics/_classification.py:1471: UndefinedMetricWarning: Precision is ill-defined and being set to 0.0 due to no predicted samples. Use `zero_division` parameter to control this behavior.
[2025-03-04T08:02:35.328+0000] {subprocess.py:93} INFO -   _warn_prf(average, modifier, msg_start, len(result))
[2025-03-04T08:02:35.328+0000] {subprocess.py:93} INFO - 2025/03/04 08:02:35 WARNING mlflow.models.model: Model logged without a signature and input example. Please set `input_example` parameter when logging the model to auto infer the model signature.
[2025-03-04T08:02:35.400+0000] {subprocess.py:93} INFO - 2025-03-04 08:02:35,400 : INFO : Logged model SVM
[2025-03-04T08:02:35.413+0000] {subprocess.py:93} INFO - 2025/03/04 08:02:35 INFO mlflow.tracking._tracking_service.client: 🏃 View run SVM at: http://localhost:5000/#/experiments/0/runs/e8be465ed5aa44b6904d894e7d39be0c.
[2025-03-04T08:02:35.413+0000] {subprocess.py:93} INFO - 2025/03/04 08:02:35 INFO mlflow.tracking._tracking_service.client: 🧪 View experiment at: http://localhost:5000/#/experiments/0.
[2025-03-04T08:02:35.421+0000] {subprocess.py:93} INFO - 2025-03-04 08:02:35,421 : INFO : Starting best model registration
[2025-03-04T08:02:35.422+0000] {subprocess.py:93} INFO - 2025-03-04 08:02:35,421 : INFO : Finding Best model
[2025-03-04T08:02:35.578+0000] {subprocess.py:93} INFO - 2025-03-04 08:02:35,578 : INFO : Selected best model : run_id                                            a60d3cac7c7146ef8222f4694fe2f085
[2025-03-04T08:02:35.578+0000] {subprocess.py:93} INFO - experiment_id                                                                    0
[2025-03-04T08:02:35.579+0000] {subprocess.py:93} INFO - status                                                                    FINISHED
[2025-03-04T08:02:35.579+0000] {subprocess.py:93} INFO - artifact_uri                     mlflow-artifacts:/0/a60d3cac7c7146ef8222f4694f...
[2025-03-04T08:02:35.579+0000] {subprocess.py:93} INFO - start_time                                        2025-03-03 23:24:05.597000+00:00
[2025-03-04T08:02:35.579+0000] {subprocess.py:93} INFO - end_time                                          2025-03-03 23:24:12.125000+00:00
[2025-03-04T08:02:35.579+0000] {subprocess.py:93} INFO - metrics.f1_score                                                          0.658537
[2025-03-04T08:02:35.579+0000] {subprocess.py:93} INFO - metrics.precision                                                         0.828221
[2025-03-04T08:02:35.580+0000] {subprocess.py:93} INFO - metrics.recall                                                            0.546559
[2025-03-04T08:02:35.580+0000] {subprocess.py:93} INFO - metrics.accuracy                                                          0.883236
[2025-03-04T08:02:35.580+0000] {subprocess.py:93} INFO - params.model_type                                                     RandomForest
[2025-03-04T08:02:35.580+0000] {subprocess.py:93} INFO - tags.mlflow.user                                                           ***
[2025-03-04T08:02:35.580+0000] {subprocess.py:93} INFO - tags.mlflow.source.type                                                      LOCAL
[2025-03-04T08:02:35.580+0000] {subprocess.py:93} INFO - tags.mlflow.log-model.history    [{"run_id": "a60d3cac7c7146ef8222f4694fe2f085"...
[2025-03-04T08:02:35.581+0000] {subprocess.py:93} INFO - tags.mlflow.source.git.commit             5447d8491dd3d24554282114febda59b9b86ad16
[2025-03-04T08:02:35.581+0000] {subprocess.py:93} INFO - tags.mlflow.source.name                 /opt/***/executables/model_training.py
[2025-03-04T08:02:35.581+0000] {subprocess.py:93} INFO - tags.mlflow.runName                                                   RandomForest
[2025-03-04T08:02:35.581+0000] {subprocess.py:93} INFO - Name: 23, dtype: object
[2025-03-04T08:02:35.581+0000] {subprocess.py:93} INFO - 2025-03-04 08:02:35,578 : INFO : Registering best model runs:/a60d3cac7c7146ef8222f4694fe2f085/RandomForest_model
[2025-03-04T08:02:35.658+0000] {subprocess.py:93} INFO - Registered model 'Best_ML_Model' already exists. Creating a new version of this model...
[2025-03-04T08:02:35.658+0000] {subprocess.py:93} INFO - 2025/03/04 08:02:35 INFO mlflow.store.model_registry.abstract_store: Waiting up to 300 seconds for model version to finish creation. Model name: Best_ML_Model, version 10
[2025-03-04T08:02:35.659+0000] {subprocess.py:93} INFO - Created version '10' of model 'Best_ML_Model'.
[2025-03-04T08:02:35.659+0000] {subprocess.py:93} INFO - 2025-03-04 08:02:35,658 : INFO : Completed model training & registration !!
[2025-03-04T08:02:36.773+0000] {subprocess.py:93} INFO - On branch main
[2025-03-04T08:02:36.774+0000] {subprocess.py:93} INFO - Your branch is up to date with 'origin/main'.
[2025-03-04T08:02:36.774+0000] {subprocess.py:93} INFO - 
[2025-03-04T08:02:36.774+0000] {subprocess.py:93} INFO - Changes to be committed:
[2025-03-04T08:02:36.774+0000] {subprocess.py:93} INFO -   (use "git restore --staged <file>..." to unstage)
[2025-03-04T08:02:36.775+0000] {subprocess.py:93} INFO - 	new file:   logs/dag_id=customer_churn_ml_pipeline/run_id=scheduled__2025-03-03T08:00:00+00:00/task_id=feature_store_task/attempt=1.log
[2025-03-04T08:02:36.775+0000] {subprocess.py:93} INFO - 	new file:   logs/dag_id=customer_churn_ml_pipeline/run_id=scheduled__2025-03-03T08:00:00+00:00/task_id=model_training_task/attempt=1.log
[2025-03-04T08:02:36.775+0000] {subprocess.py:93} INFO - 	modified:   logs/dag_processor_manager/dag_processor_manager.log
[2025-03-04T08:02:36.775+0000] {subprocess.py:93} INFO - 	modified:   logs/model_training.log
[2025-03-04T08:02:36.776+0000] {subprocess.py:93} INFO - 	modified:   logs/scheduler/2025-03-04/customer_churn.py.log
[2025-03-04T08:02:36.776+0000] {subprocess.py:93} INFO - 	new file:   mlruns/mlruns/mlartifacts/0/d976023b02d54cd68469ba9c7f819eda/artifacts/RandomForest_model/MLmodel
[2025-03-04T08:02:36.776+0000] {subprocess.py:93} INFO - 	new file:   mlruns/mlruns/mlartifacts/0/d976023b02d54cd68469ba9c7f819eda/artifacts/RandomForest_model/conda.yaml
[2025-03-04T08:02:36.776+0000] {subprocess.py:93} INFO - 	new file:   mlruns/mlruns/mlartifacts/0/d976023b02d54cd68469ba9c7f819eda/artifacts/RandomForest_model/model.pkl
[2025-03-04T08:02:36.776+0000] {subprocess.py:93} INFO - 	new file:   mlruns/mlruns/mlartifacts/0/d976023b02d54cd68469ba9c7f819eda/artifacts/RandomForest_model/python_env.yaml
[2025-03-04T08:02:36.776+0000] {subprocess.py:93} INFO - 	new file:   mlruns/mlruns/mlartifacts/0/d976023b02d54cd68469ba9c7f819eda/artifacts/RandomForest_model/requirements.txt
[2025-03-04T08:02:36.777+0000] {subprocess.py:93} INFO - 	new file:   mlruns/mlruns/mlartifacts/0/e267dce22f854f40914a477598c11315/artifacts/LogisticRegression_model/MLmodel
[2025-03-04T08:02:36.777+0000] {subprocess.py:93} INFO - 	new file:   mlruns/mlruns/mlartifacts/0/e267dce22f854f40914a477598c11315/artifacts/LogisticRegression_model/conda.yaml
[2025-03-04T08:02:36.777+0000] {subprocess.py:93} INFO - 	new file:   mlruns/mlruns/mlartifacts/0/e267dce22f854f40914a477598c11315/artifacts/LogisticRegression_model/model.pkl
[2025-03-04T08:02:36.777+0000] {subprocess.py:93} INFO - 	new file:   mlruns/mlruns/mlartifacts/0/e267dce22f854f40914a477598c11315/artifacts/LogisticRegression_model/python_env.yaml
[2025-03-04T08:02:36.777+0000] {subprocess.py:93} INFO - 	new file:   mlruns/mlruns/mlartifacts/0/e267dce22f854f40914a477598c11315/artifacts/LogisticRegression_model/requirements.txt
[2025-03-04T08:02:36.778+0000] {subprocess.py:93} INFO - 	new file:   mlruns/mlruns/mlartifacts/0/e8be465ed5aa44b6904d894e7d39be0c/artifacts/SVM_model/MLmodel
[2025-03-04T08:02:36.778+0000] {subprocess.py:93} INFO - 	new file:   mlruns/mlruns/mlartifacts/0/e8be465ed5aa44b6904d894e7d39be0c/artifacts/SVM_model/conda.yaml
[2025-03-04T08:02:36.778+0000] {subprocess.py:93} INFO - 	new file:   mlruns/mlruns/mlartifacts/0/e8be465ed5aa44b6904d894e7d39be0c/artifacts/SVM_model/model.pkl
[2025-03-04T08:02:36.778+0000] {subprocess.py:93} INFO - 	new file:   mlruns/mlruns/mlartifacts/0/e8be465ed5aa44b6904d894e7d39be0c/artifacts/SVM_model/python_env.yaml
[2025-03-04T08:02:36.778+0000] {subprocess.py:93} INFO - 	new file:   mlruns/mlruns/mlartifacts/0/e8be465ed5aa44b6904d894e7d39be0c/artifacts/SVM_model/requirements.txt
[2025-03-04T08:02:36.779+0000] {subprocess.py:93} INFO - 	new file:   mlruns/mlruns/mlruns/0/d976023b02d54cd68469ba9c7f819eda/meta.yaml
[2025-03-04T08:02:36.779+0000] {subprocess.py:93} INFO - 	new file:   mlruns/mlruns/mlruns/0/d976023b02d54cd68469ba9c7f819eda/metrics/accuracy
[2025-03-04T08:02:36.779+0000] {subprocess.py:93} INFO - 	new file:   mlruns/mlruns/mlruns/0/d976023b02d54cd68469ba9c7f819eda/metrics/f1_score
[2025-03-04T08:02:36.779+0000] {subprocess.py:93} INFO - 	new file:   mlruns/mlruns/mlruns/0/d976023b02d54cd68469ba9c7f819eda/metrics/precision
[2025-03-04T08:02:36.779+0000] {subprocess.py:93} INFO - 	new file:   mlruns/mlruns/mlruns/0/d976023b02d54cd68469ba9c7f819eda/metrics/recall
[2025-03-04T08:02:36.780+0000] {subprocess.py:93} INFO - 	new file:   mlruns/mlruns/mlruns/0/d976023b02d54cd68469ba9c7f819eda/params/model_type
[2025-03-04T08:02:36.780+0000] {subprocess.py:93} INFO - 	new file:   mlruns/mlruns/mlruns/0/d976023b02d54cd68469ba9c7f819eda/tags/mlflow.log-model.history
[2025-03-04T08:02:36.780+0000] {subprocess.py:93} INFO - 	new file:   mlruns/mlruns/mlruns/0/d976023b02d54cd68469ba9c7f819eda/tags/mlflow.runName
[2025-03-04T08:02:36.780+0000] {subprocess.py:93} INFO - 	new file:   mlruns/mlruns/mlruns/0/d976023b02d54cd68469ba9c7f819eda/tags/mlflow.source.git.commit
[2025-03-04T08:02:36.781+0000] {subprocess.py:93} INFO - 	new file:   mlruns/mlruns/mlruns/0/d976023b02d54cd68469ba9c7f819eda/tags/mlflow.source.name
[2025-03-04T08:02:36.781+0000] {subprocess.py:93} INFO - 	new file:   mlruns/mlruns/mlruns/0/d976023b02d54cd68469ba9c7f819eda/tags/mlflow.source.type
[2025-03-04T08:02:36.781+0000] {subprocess.py:93} INFO - 	new file:   mlruns/mlruns/mlruns/0/d976023b02d54cd68469ba9c7f819eda/tags/mlflow.user
[2025-03-04T08:02:36.781+0000] {subprocess.py:93} INFO - 	new file:   mlruns/mlruns/mlruns/0/e267dce22f854f40914a477598c11315/meta.yaml
[2025-03-04T08:02:36.782+0000] {subprocess.py:93} INFO - 	new file:   mlruns/mlruns/mlruns/0/e267dce22f854f40914a477598c11315/metrics/accuracy
[2025-03-04T08:02:36.782+0000] {subprocess.py:93} INFO - 	new file:   mlruns/mlruns/mlruns/0/e267dce22f854f40914a477598c11315/metrics/f1_score
[2025-03-04T08:02:36.782+0000] {subprocess.py:93} INFO - 	new file:   mlruns/mlruns/mlruns/0/e267dce22f854f40914a477598c11315/metrics/precision
[2025-03-04T08:02:36.783+0000] {subprocess.py:93} INFO - 	new file:   mlruns/mlruns/mlruns/0/e267dce22f854f40914a477598c11315/metrics/recall
[2025-03-04T08:02:36.783+0000] {subprocess.py:93} INFO - 	new file:   mlruns/mlruns/mlruns/0/e267dce22f854f40914a477598c11315/params/model_type
[2025-03-04T08:02:36.783+0000] {subprocess.py:93} INFO - 	new file:   mlruns/mlruns/mlruns/0/e267dce22f854f40914a477598c11315/tags/mlflow.log-model.history
[2025-03-04T08:02:36.784+0000] {subprocess.py:93} INFO - 	new file:   mlruns/mlruns/mlruns/0/e267dce22f854f40914a477598c11315/tags/mlflow.runName
[2025-03-04T08:02:36.784+0000] {subprocess.py:93} INFO - 	new file:   mlruns/mlruns/mlruns/0/e267dce22f854f40914a477598c11315/tags/mlflow.source.git.commit
[2025-03-04T08:02:36.784+0000] {subprocess.py:93} INFO - 	new file:   mlruns/mlruns/mlruns/0/e267dce22f854f40914a477598c11315/tags/mlflow.source.name
[2025-03-04T08:02:36.785+0000] {subprocess.py:93} INFO - 	new file:   mlruns/mlruns/mlruns/0/e267dce22f854f40914a477598c11315/tags/mlflow.source.type
