[2025-03-02T08:53:03.982+0000] {taskinstance.py:1159} INFO - Dependencies all met for dep_context=non-requeueable deps ti=<TaskInstance: customer_churn_ml_pipeline.raw_data_storage_task manual__2025-03-02T08:52:54.721028+00:00 [queued]>
[2025-03-02T08:53:03.992+0000] {taskinstance.py:1159} INFO - Dependencies all met for dep_context=requeueable deps ti=<TaskInstance: customer_churn_ml_pipeline.raw_data_storage_task manual__2025-03-02T08:52:54.721028+00:00 [queued]>
[2025-03-02T08:53:03.993+0000] {taskinstance.py:1361} INFO - Starting attempt 1 of 1
[2025-03-02T08:53:04.009+0000] {taskinstance.py:1382} INFO - Executing <Task(BashOperator): raw_data_storage_task> on 2025-03-02 08:52:54.721028+00:00
[2025-03-02T08:53:04.013+0000] {standard_task_runner.py:57} INFO - Started process 4621 to run task
[2025-03-02T08:53:04.016+0000] {standard_task_runner.py:84} INFO - Running: ['***', 'tasks', 'run', 'customer_churn_ml_pipeline', 'raw_data_storage_task', 'manual__2025-03-02T08:52:54.721028+00:00', '--job-id', '33', '--raw', '--subdir', 'DAGS_FOLDER/customer_churn.py', '--cfg-path', '/tmp/tmp_bie4pku']
[2025-03-02T08:53:04.019+0000] {standard_task_runner.py:85} INFO - Job 33: Subtask raw_data_storage_task
[2025-03-02T08:53:04.041+0000] {logging_mixin.py:154} WARNING - /home/***/.local/lib/python3.8/site-packages/***/settings.py:195 DeprecationWarning: The sql_alchemy_conn option in [core] has been moved to the sql_alchemy_conn option in [database] - the old setting has been used, but please update your config.
[2025-03-02T08:53:04.085+0000] {task_command.py:416} INFO - Running <TaskInstance: customer_churn_ml_pipeline.raw_data_storage_task manual__2025-03-02T08:52:54.721028+00:00 [running]> on host 9113a5746a05
[2025-03-02T08:53:04.194+0000] {taskinstance.py:1662} INFO - Exporting env vars: AIRFLOW_CTX_DAG_OWNER='***' AIRFLOW_CTX_DAG_ID='customer_churn_ml_pipeline' AIRFLOW_CTX_TASK_ID='raw_data_storage_task' AIRFLOW_CTX_EXECUTION_DATE='2025-03-02T08:52:54.721028+00:00' AIRFLOW_CTX_TRY_NUMBER='1' AIRFLOW_CTX_DAG_RUN_ID='manual__2025-03-02T08:52:54.721028+00:00'
[2025-03-02T08:53:04.195+0000] {subprocess.py:63} INFO - Tmp dir root location: /tmp
[2025-03-02T08:53:04.196+0000] {subprocess.py:75} INFO - Running command: ['/bin/bash', '-c', '\n\t\t\tcd /opt/*** &&                        python /opt/***/executables/raw_data_storage.py && \t\t\tgit rm -r --cached /opt/***/data/raw && \t\t\tgit rm -r --cached /opt/***/data/raw && \t\t\tgit commit -m "stop tracking data/raw/$NOW" &&                         dvc add /opt/***/data/raw &&                         git add /opt/***/data/raw.dvc && \t\t\tgit add logs &&\\   \n                        git commit -m "Updated raw data storage" -a &&                         dvc push && git push\n                    ']
[2025-03-02T08:53:04.203+0000] {subprocess.py:86} INFO - Output:
[2025-03-02T08:53:04.811+0000] {subprocess.py:93} INFO - Traceback (most recent call last):
[2025-03-02T08:53:04.812+0000] {subprocess.py:93} INFO -   File "/opt/***/executables/raw_data_storage.py", line 6, in <module>
[2025-03-02T08:53:04.812+0000] {subprocess.py:93} INFO -     with open("settings.json", "r") as file:
[2025-03-02T08:53:04.812+0000] {subprocess.py:93} INFO - FileNotFoundError: [Errno 2] No such file or directory: 'settings.json'
[2025-03-02T08:53:04.882+0000] {subprocess.py:93} INFO - [main d7a1038] Updated raw data storage
[2025-03-02T08:53:04.883+0000] {subprocess.py:93} INFO -  1 file changed, 12 insertions(+)
[2025-03-02T08:53:06.148+0000] {subprocess.py:93} INFO - Everything is up to date.
[2025-03-02T08:53:07.658+0000] {subprocess.py:93} INFO - To https://github.com/anniemathew-trial/customer_churn_pipeline.git
[2025-03-02T08:53:07.659+0000] {subprocess.py:93} INFO -    3049d3f..d7a1038  main -> main
[2025-03-02T08:53:07.666+0000] {subprocess.py:97} INFO - Command exited with return code 0
[2025-03-02T08:53:07.729+0000] {taskinstance.py:1400} INFO - Marking task as SUCCESS. dag_id=customer_churn_ml_pipeline, task_id=raw_data_storage_task, execution_date=20250302T085254, start_date=20250302T085303, end_date=20250302T085307
[2025-03-02T08:53:07.766+0000] {local_task_job_runner.py:228} INFO - Task exited with return code 0
[2025-03-02T08:53:07.826+0000] {taskinstance.py:2778} INFO - 1 downstream tasks scheduled from follow-on schedule check
