[2025-03-01T10:03:06.068+0000] {taskinstance.py:1159} INFO - Dependencies all met for dep_context=non-requeueable deps ti=<TaskInstance: customer_churn_ml_pipeline.data_transformation_task manual__2025-03-01T10:02:10.032743+00:00 [queued]>
[2025-03-01T10:03:06.081+0000] {taskinstance.py:1159} INFO - Dependencies all met for dep_context=requeueable deps ti=<TaskInstance: customer_churn_ml_pipeline.data_transformation_task manual__2025-03-01T10:02:10.032743+00:00 [queued]>
[2025-03-01T10:03:06.081+0000] {taskinstance.py:1361} INFO - Starting attempt 1 of 1
[2025-03-01T10:03:06.098+0000] {taskinstance.py:1382} INFO - Executing <Task(BashOperator): data_transformation_task> on 2025-03-01 10:02:10.032743+00:00
[2025-03-01T10:03:06.103+0000] {standard_task_runner.py:57} INFO - Started process 8393 to run task
[2025-03-01T10:03:06.106+0000] {standard_task_runner.py:84} INFO - Running: ['***', 'tasks', 'run', 'customer_churn_ml_pipeline', 'data_transformation_task', 'manual__2025-03-01T10:02:10.032743+00:00', '--job-id', '59', '--raw', '--subdir', 'DAGS_FOLDER/customer_churn.py', '--cfg-path', '/tmp/tmp4q_pgg7g']
[2025-03-01T10:03:06.108+0000] {standard_task_runner.py:85} INFO - Job 59: Subtask data_transformation_task
[2025-03-01T10:03:06.134+0000] {logging_mixin.py:154} WARNING - /home/***/.local/lib/python3.8/site-packages/***/settings.py:195 DeprecationWarning: The sql_alchemy_conn option in [core] has been moved to the sql_alchemy_conn option in [database] - the old setting has been used, but please update your config.
[2025-03-01T10:03:06.189+0000] {task_command.py:416} INFO - Running <TaskInstance: customer_churn_ml_pipeline.data_transformation_task manual__2025-03-01T10:02:10.032743+00:00 [running]> on host 7e994a0ed489
[2025-03-01T10:03:06.302+0000] {taskinstance.py:1662} INFO - Exporting env vars: AIRFLOW_CTX_DAG_OWNER='***' AIRFLOW_CTX_DAG_ID='customer_churn_ml_pipeline' AIRFLOW_CTX_TASK_ID='data_transformation_task' AIRFLOW_CTX_EXECUTION_DATE='2025-03-01T10:02:10.032743+00:00' AIRFLOW_CTX_TRY_NUMBER='1' AIRFLOW_CTX_DAG_RUN_ID='manual__2025-03-01T10:02:10.032743+00:00'
[2025-03-01T10:03:06.303+0000] {subprocess.py:63} INFO - Tmp dir root location: /tmp
[2025-03-01T10:03:06.304+0000] {subprocess.py:75} INFO - Running command: ['/bin/bash', '-c', '\n\t\t\tcd /opt/***\n                        dvc pull /opt/***/data/cleaned\n                        python /opt/***/executables/data_transformation.py &&                         dvc add /opt/***/data/transformed &&                         git add /opt/***/data/transformed.dvc &&                         git commit -m "Updated transformed data version" -a &&                         dvc push && git push\n                    ']
[2025-03-01T10:03:06.314+0000] {subprocess.py:86} INFO - Output:
[2025-03-01T10:03:09.557+0000] {subprocess.py:93} INFO - Everything is up to date.
[2025-03-01T10:03:15.243+0000] {subprocess.py:93} INFO - 
[2025-03-01T10:03:15.243+0000] {subprocess.py:93} INFO - To track the changes with git, run:
[2025-03-01T10:03:15.244+0000] {subprocess.py:93} INFO - 
[2025-03-01T10:03:15.247+0000] {subprocess.py:93} INFO - 	git add data/transformed.dvc
[2025-03-01T10:03:15.247+0000] {subprocess.py:93} INFO - 
[2025-03-01T10:03:15.248+0000] {subprocess.py:93} INFO - To enable auto staging, run:
[2025-03-01T10:03:15.248+0000] {subprocess.py:93} INFO - 
[2025-03-01T10:03:15.248+0000] {subprocess.py:93} INFO - 	dvc config core.autostage true
[2025-03-01T10:03:15.675+0000] {subprocess.py:93} INFO - [main a0e5712] Updated transformed data version
[2025-03-01T10:03:15.675+0000] {subprocess.py:93} INFO -  2 files changed, 11 insertions(+)
[2025-03-01T10:03:22.237+0000] {subprocess.py:93} INFO - Everything is up to date.
[2025-03-01T10:03:24.524+0000] {subprocess.py:93} INFO - To https://github.com/anniemathew-trial/customer_churn_pipeline.git
[2025-03-01T10:03:24.526+0000] {subprocess.py:93} INFO -    79cbf31..a0e5712  main -> main
[2025-03-01T10:03:24.543+0000] {subprocess.py:97} INFO - Command exited with return code 0
[2025-03-01T10:03:24.675+0000] {taskinstance.py:1400} INFO - Marking task as SUCCESS. dag_id=customer_churn_ml_pipeline, task_id=data_transformation_task, execution_date=20250301T100210, start_date=20250301T100306, end_date=20250301T100324
[2025-03-01T10:03:24.758+0000] {local_task_job_runner.py:228} INFO - Task exited with return code 0
[2025-03-01T10:03:24.858+0000] {taskinstance.py:2778} INFO - 1 downstream tasks scheduled from follow-on schedule check
