[2025-03-02T08:55:41.261+0000] {taskinstance.py:1159} INFO - Dependencies all met for dep_context=non-requeueable deps ti=<TaskInstance: customer_churn_ml_pipeline.raw_data_storage_task manual__2025-03-02T08:55:31.990156+00:00 [queued]>
[2025-03-02T08:55:41.272+0000] {taskinstance.py:1159} INFO - Dependencies all met for dep_context=requeueable deps ti=<TaskInstance: customer_churn_ml_pipeline.raw_data_storage_task manual__2025-03-02T08:55:31.990156+00:00 [queued]>
[2025-03-02T08:55:41.272+0000] {taskinstance.py:1361} INFO - Starting attempt 1 of 1
[2025-03-02T08:55:41.289+0000] {taskinstance.py:1382} INFO - Executing <Task(BashOperator): raw_data_storage_task> on 2025-03-02 08:55:31.990156+00:00
[2025-03-02T08:55:41.292+0000] {standard_task_runner.py:57} INFO - Started process 4884 to run task
[2025-03-02T08:55:41.295+0000] {standard_task_runner.py:84} INFO - Running: ['***', 'tasks', 'run', 'customer_churn_ml_pipeline', 'raw_data_storage_task', 'manual__2025-03-02T08:55:31.990156+00:00', '--job-id', '41', '--raw', '--subdir', 'DAGS_FOLDER/customer_churn.py', '--cfg-path', '/tmp/tmpe_y21am1']
[2025-03-02T08:55:41.297+0000] {standard_task_runner.py:85} INFO - Job 41: Subtask raw_data_storage_task
[2025-03-02T08:55:41.319+0000] {logging_mixin.py:154} WARNING - /home/***/.local/lib/python3.8/site-packages/***/settings.py:195 DeprecationWarning: The sql_alchemy_conn option in [core] has been moved to the sql_alchemy_conn option in [database] - the old setting has been used, but please update your config.
[2025-03-02T08:55:41.366+0000] {task_command.py:416} INFO - Running <TaskInstance: customer_churn_ml_pipeline.raw_data_storage_task manual__2025-03-02T08:55:31.990156+00:00 [running]> on host 9113a5746a05
[2025-03-02T08:55:41.498+0000] {taskinstance.py:1662} INFO - Exporting env vars: AIRFLOW_CTX_DAG_OWNER='***' AIRFLOW_CTX_DAG_ID='customer_churn_ml_pipeline' AIRFLOW_CTX_TASK_ID='raw_data_storage_task' AIRFLOW_CTX_EXECUTION_DATE='2025-03-02T08:55:31.990156+00:00' AIRFLOW_CTX_TRY_NUMBER='1' AIRFLOW_CTX_DAG_RUN_ID='manual__2025-03-02T08:55:31.990156+00:00'
[2025-03-02T08:55:41.499+0000] {subprocess.py:63} INFO - Tmp dir root location: /tmp
[2025-03-02T08:55:41.500+0000] {subprocess.py:75} INFO - Running command: ['/bin/bash', '-c', '\n\t\t\tcd /opt/*** &&                        python /opt/***/executables/raw_data_storage.py && \t\t\tgit rm -r --cached /opt/***/data/raw && \t\t\tgit rm -r --cached /opt/***/data/raw && \t\t\tgit commit -m "stop tracking data/raw/$NOW" &&                         dvc add /opt/***/data/raw &&                         git add /opt/***/data/raw.dvc && \t\t\tgit add logs &&\\   \n                        git commit -m "Updated raw data storage" -a &&                         dvc push && git push\n                    ']
[2025-03-02T08:55:41.508+0000] {subprocess.py:86} INFO - Output:
[2025-03-02T08:55:42.185+0000] {subprocess.py:93} INFO - 2025-03-02 08:55:42,185 : INFO : Starting Raw Data upload for CSV
[2025-03-02T08:55:45.308+0000] {subprocess.py:93} INFO - 2025-03-02 08:55:45,307 : INFO : Upload completed for CSV.
[2025-03-02T08:55:45.309+0000] {subprocess.py:93} INFO - 2025-03-02 08:55:45,307 : INFO : Starting Raw Data upload for Database
[2025-03-02T08:55:48.045+0000] {subprocess.py:93} INFO - 2025-03-02 08:55:48,045 : INFO : Upload completed for database.
[2025-03-02T08:55:48.189+0000] {subprocess.py:93} INFO - rm 'data/raw/02-03-2025/database/database_data.csv'
[2025-03-02T08:55:48.191+0000] {subprocess.py:93} INFO - fatal: pathspec '/opt/***/data/raw' did not match any files
[2025-03-02T08:55:48.271+0000] {subprocess.py:93} INFO - [main 3b703d8] Updated raw data storage
[2025-03-02T08:55:48.272+0000] {subprocess.py:93} INFO -  3 files changed, 20 insertions(+), 10001 deletions(-)
[2025-03-02T08:55:48.272+0000] {subprocess.py:93} INFO -  delete mode 100644 data/raw/02-03-2025/database/database_data.csv
[2025-03-02T08:55:49.608+0000] {subprocess.py:93} INFO - Everything is up to date.
[2025-03-02T08:55:51.178+0000] {subprocess.py:93} INFO - To https://github.com/anniemathew-trial/customer_churn_pipeline.git
[2025-03-02T08:55:51.178+0000] {subprocess.py:93} INFO -    15e4541..3b703d8  main -> main
[2025-03-02T08:55:51.183+0000] {subprocess.py:97} INFO - Command exited with return code 0
[2025-03-02T08:55:51.228+0000] {taskinstance.py:1400} INFO - Marking task as SUCCESS. dag_id=customer_churn_ml_pipeline, task_id=raw_data_storage_task, execution_date=20250302T085531, start_date=20250302T085541, end_date=20250302T085551
[2025-03-02T08:55:51.254+0000] {local_task_job_runner.py:228} INFO - Task exited with return code 0
[2025-03-02T08:55:51.304+0000] {taskinstance.py:2778} INFO - 1 downstream tasks scheduled from follow-on schedule check
