[2025-03-02T12:19:41.700+0000] {taskinstance.py:1159} INFO - Dependencies all met for dep_context=non-requeueable deps ti=<TaskInstance: customer_churn_ml_pipeline.data_preparation_task manual__2025-03-02T12:18:44.812487+00:00 [queued]>
[2025-03-02T12:19:41.714+0000] {taskinstance.py:1159} INFO - Dependencies all met for dep_context=requeueable deps ti=<TaskInstance: customer_churn_ml_pipeline.data_preparation_task manual__2025-03-02T12:18:44.812487+00:00 [queued]>
[2025-03-02T12:19:41.714+0000] {taskinstance.py:1361} INFO - Starting attempt 1 of 1
[2025-03-02T12:19:41.737+0000] {taskinstance.py:1382} INFO - Executing <Task(BashOperator): data_preparation_task> on 2025-03-02 12:18:44.812487+00:00
[2025-03-02T12:19:41.742+0000] {standard_task_runner.py:57} INFO - Started process 18470 to run task
[2025-03-02T12:19:41.746+0000] {standard_task_runner.py:84} INFO - Running: ['***', 'tasks', 'run', 'customer_churn_ml_pipeline', 'data_preparation_task', 'manual__2025-03-02T12:18:44.812487+00:00', '--job-id', '254', '--raw', '--subdir', 'DAGS_FOLDER/customer_churn.py', '--cfg-path', '/tmp/tmpemwqljxi']
[2025-03-02T12:19:41.749+0000] {standard_task_runner.py:85} INFO - Job 254: Subtask data_preparation_task
[2025-03-02T12:19:41.775+0000] {logging_mixin.py:154} WARNING - /home/***/.local/lib/python3.8/site-packages/***/settings.py:195 DeprecationWarning: The sql_alchemy_conn option in [core] has been moved to the sql_alchemy_conn option in [database] - the old setting has been used, but please update your config.
[2025-03-02T12:19:41.839+0000] {task_command.py:416} INFO - Running <TaskInstance: customer_churn_ml_pipeline.data_preparation_task manual__2025-03-02T12:18:44.812487+00:00 [running]> on host 9113a5746a05
[2025-03-02T12:19:42.086+0000] {taskinstance.py:1662} INFO - Exporting env vars: AIRFLOW_CTX_DAG_OWNER='***' AIRFLOW_CTX_DAG_ID='customer_churn_ml_pipeline' AIRFLOW_CTX_TASK_ID='data_preparation_task' AIRFLOW_CTX_EXECUTION_DATE='2025-03-02T12:18:44.812487+00:00' AIRFLOW_CTX_TRY_NUMBER='1' AIRFLOW_CTX_DAG_RUN_ID='manual__2025-03-02T12:18:44.812487+00:00'
[2025-03-02T12:19:42.089+0000] {subprocess.py:63} INFO - Tmp dir root location: /tmp
[2025-03-02T12:19:42.090+0000] {subprocess.py:75} INFO - Running command: ['/bin/bash', '-c', '\n\t\t\tcd /opt/*** &&\t\t\tpython /opt/***/executables/data_preparation.py &&                         dvc add /opt/***/data/cleaned &&                         git add /opt/***/data/cleaned.dvc && \t\t\tgit add logs && \\   \n\t\t\tgit add visualization &&    \t\t\tgit status &&                         git commit -m "Updated cleaned data version" -a &&                         dvc push && git push\n                    ']
[2025-03-02T12:19:42.103+0000] {subprocess.py:86} INFO - Output:
[2025-03-02T12:19:45.832+0000] {subprocess.py:93} INFO - 2025-03-02 12:19:45,831 : INFO : Starting data preparation for csv.
[2025-03-02T12:19:45.854+0000] {subprocess.py:93} INFO - 2025-03-02 12:19:45,854 : INFO : Handling 'Tenure', 'Balance', 'EstimatedSalary' empty data
[2025-03-02T12:19:45.855+0000] {subprocess.py:93} INFO - 2025-03-02 12:19:45,855 : INFO : Handling 'Age' empty data
[2025-03-02T12:19:45.856+0000] {subprocess.py:93} INFO - 2025-03-02 12:19:45,856 : INFO : Droping 'Surname' as it may lead to profiling, 'RowNumber', 'CustomerId' as it is not required
[2025-03-02T12:19:45.858+0000] {subprocess.py:93} INFO - 2025-03-02 12:19:45,858 : INFO : Making 'Geography', 'Gender', 'HasCrCard', 'IsActiveMember' as categorical
[2025-03-02T12:19:45.867+0000] {subprocess.py:93} INFO - 2025-03-02 12:19:45,867 : INFO : Saving data to S3.
[2025-03-02T12:19:45.868+0000] {subprocess.py:93} INFO - 2025-03-02 12:19:45,867 : INFO : Directory created at /opt/***/data/cleaned/02-03-2025/csv
[2025-03-02T12:19:46.075+0000] {subprocess.py:93} INFO - 2025-03-02 12:19:46,075 : INFO : Connected to s3
[2025-03-02T12:19:48.676+0000] {subprocess.py:93} INFO - 2025-03-02 12:19:48,676 : INFO : File uploaded to S3
[2025-03-02T12:19:48.677+0000] {subprocess.py:93} INFO - 2025-03-02 12:19:48,677 : INFO : Creating Pie chart
[2025-03-02T12:19:48.729+0000] {subprocess.py:93} INFO - 2025-03-02 12:19:48,728 : INFO : Generating histogram for column CreditScore.
[2025-03-02T12:19:48.869+0000] {subprocess.py:93} INFO - 2025-03-02 12:19:48,869 : INFO : Generating histogram for column Geography.
[2025-03-02T12:19:49.062+0000] {subprocess.py:93} INFO - 2025-03-02 12:19:49,062 : INFO : Generating histogram for column Gender.
[2025-03-02T12:19:49.167+0000] {subprocess.py:93} INFO - 2025-03-02 12:19:49,167 : INFO : Generating histogram for column Age.
[2025-03-02T12:19:49.335+0000] {subprocess.py:93} INFO - 2025-03-02 12:19:49,335 : INFO : Generating histogram for column Tenure.
[2025-03-02T12:19:49.498+0000] {subprocess.py:93} INFO - 2025-03-02 12:19:49,498 : INFO : Generating histogram for column Balance.
[2025-03-02T12:19:49.702+0000] {subprocess.py:93} INFO - 2025-03-02 12:19:49,702 : INFO : Generating histogram for column NumOfProducts.
[2025-03-02T12:19:49.950+0000] {subprocess.py:93} INFO - 2025-03-02 12:19:49,950 : INFO : Generating histogram for column HasCrCard.
[2025-03-02T12:19:50.179+0000] {subprocess.py:93} INFO - 2025-03-02 12:19:50,179 : INFO : Generating histogram for column IsActiveMember.
[2025-03-02T12:19:50.378+0000] {subprocess.py:93} INFO - 2025-03-02 12:19:50,378 : INFO : Generating histogram for column EstimatedSalary.
[2025-03-02T12:19:50.601+0000] {subprocess.py:93} INFO - 2025-03-02 12:19:50,601 : INFO : Generating histogram for column Exited.
[2025-03-02T12:19:50.819+0000] {subprocess.py:93} INFO - 2025-03-02 12:19:50,819 : INFO : Generating histogram for relation of Exited with Categorical data.
[2025-03-02T12:19:51.184+0000] {subprocess.py:93} INFO - 2025-03-02 12:19:51,183 : INFO : Using categorical units to plot a list of strings that are all parsable as floats or dates. If these strings should be plotted as numbers, cast to the appropriate data type before plotting.
[2025-03-02T12:19:51.202+0000] {subprocess.py:93} INFO - 2025-03-02 12:19:51,201 : INFO : Using categorical units to plot a list of strings that are all parsable as floats or dates. If these strings should be plotted as numbers, cast to the appropriate data type before plotting.
[2025-03-02T12:19:51.281+0000] {subprocess.py:93} INFO - 2025-03-02 12:19:51,281 : INFO : Using categorical units to plot a list of strings that are all parsable as floats or dates. If these strings should be plotted as numbers, cast to the appropriate data type before plotting.
[2025-03-02T12:19:51.298+0000] {subprocess.py:93} INFO - 2025-03-02 12:19:51,298 : INFO : Using categorical units to plot a list of strings that are all parsable as floats or dates. If these strings should be plotted as numbers, cast to the appropriate data type before plotting.
[2025-03-02T12:19:51.358+0000] {subprocess.py:93} INFO - 2025-03-02 12:19:51,357 : INFO : Generating box plots for relation of Exited with non Categorical data.
[2025-03-02T12:19:51.572+0000] {subprocess.py:93} INFO - 2025-03-02 12:19:51,572 : INFO : Using categorical units to plot a list of strings that are all parsable as floats or dates. If these strings should be plotted as numbers, cast to the appropriate data type before plotting.
[2025-03-02T12:19:51.593+0000] {subprocess.py:93} INFO - 2025-03-02 12:19:51,592 : INFO : Using categorical units to plot a list of strings that are all parsable as floats or dates. If these strings should be plotted as numbers, cast to the appropriate data type before plotting.
[2025-03-02T12:19:51.706+0000] {subprocess.py:93} INFO - 2025-03-02 12:19:51,706 : INFO : Using categorical units to plot a list of strings that are all parsable as floats or dates. If these strings should be plotted as numbers, cast to the appropriate data type before plotting.
[2025-03-02T12:19:51.724+0000] {subprocess.py:93} INFO - 2025-03-02 12:19:51,724 : INFO : Using categorical units to plot a list of strings that are all parsable as floats or dates. If these strings should be plotted as numbers, cast to the appropriate data type before plotting.
[2025-03-02T12:19:51.867+0000] {subprocess.py:93} INFO - 2025-03-02 12:19:51,867 : INFO : Using categorical units to plot a list of strings that are all parsable as floats or dates. If these strings should be plotted as numbers, cast to the appropriate data type before plotting.
[2025-03-02T12:19:51.891+0000] {subprocess.py:93} INFO - 2025-03-02 12:19:51,890 : INFO : Using categorical units to plot a list of strings that are all parsable as floats or dates. If these strings should be plotted as numbers, cast to the appropriate data type before plotting.
[2025-03-02T12:19:52.065+0000] {subprocess.py:93} INFO - 2025-03-02 12:19:52,064 : INFO : Using categorical units to plot a list of strings that are all parsable as floats or dates. If these strings should be plotted as numbers, cast to the appropriate data type before plotting.
[2025-03-02T12:19:52.116+0000] {subprocess.py:93} INFO - 2025-03-02 12:19:52,116 : INFO : Using categorical units to plot a list of strings that are all parsable as floats or dates. If these strings should be plotted as numbers, cast to the appropriate data type before plotting.
[2025-03-02T12:19:52.274+0000] {subprocess.py:93} INFO - 2025-03-02 12:19:52,274 : INFO : Using categorical units to plot a list of strings that are all parsable as floats or dates. If these strings should be plotted as numbers, cast to the appropriate data type before plotting.
[2025-03-02T12:19:52.301+0000] {subprocess.py:93} INFO - 2025-03-02 12:19:52,301 : INFO : Using categorical units to plot a list of strings that are all parsable as floats or dates. If these strings should be plotted as numbers, cast to the appropriate data type before plotting.
[2025-03-02T12:19:52.570+0000] {subprocess.py:93} INFO - 2025-03-02 12:19:52,569 : INFO : Using categorical units to plot a list of strings that are all parsable as floats or dates. If these strings should be plotted as numbers, cast to the appropriate data type before plotting.
[2025-03-02T12:19:52.593+0000] {subprocess.py:93} INFO - 2025-03-02 12:19:52,592 : INFO : Using categorical units to plot a list of strings that are all parsable as floats or dates. If these strings should be plotted as numbers, cast to the appropriate data type before plotting.
[2025-03-02T12:19:53.256+0000] {subprocess.py:93} INFO - 2025-03-02 12:19:53,256 : INFO : Saved pdf in visualization/plots.pdf
[2025-03-02T12:19:56.399+0000] {subprocess.py:93} INFO - 
[2025-03-02T12:19:56.400+0000] {subprocess.py:93} INFO - To track the changes with git, run:
[2025-03-02T12:19:56.401+0000] {subprocess.py:93} INFO - 
[2025-03-02T12:19:56.401+0000] {subprocess.py:93} INFO - 	git add data/cleaned.dvc
[2025-03-02T12:19:56.402+0000] {subprocess.py:93} INFO - 
[2025-03-02T12:19:56.402+0000] {subprocess.py:93} INFO - To enable auto staging, run:
[2025-03-02T12:19:56.402+0000] {subprocess.py:93} INFO - 
[2025-03-02T12:19:56.402+0000] {subprocess.py:93} INFO - 	dvc config core.autostage true
[2025-03-02T12:19:56.850+0000] {subprocess.py:93} INFO - /bin/bash: line 2:  : command not found
[2025-03-02T12:19:56.904+0000] {subprocess.py:93} INFO - On branch main
[2025-03-02T12:19:56.905+0000] {subprocess.py:93} INFO - Your branch is up to date with 'origin/main'.
[2025-03-02T12:19:56.906+0000] {subprocess.py:93} INFO - 
[2025-03-02T12:19:56.906+0000] {subprocess.py:93} INFO - Changes to be committed:
[2025-03-02T12:19:56.907+0000] {subprocess.py:93} INFO -   (use "git restore --staged <file>..." to unstage)
[2025-03-02T12:19:56.907+0000] {subprocess.py:93} INFO - 	new file:   logs/dag_id=customer_churn_ml_pipeline/run_id=manual__2025-03-02T12:18:44.812487+00:00/task_id=data_preparation_task/attempt=1.log
[2025-03-02T12:19:56.908+0000] {subprocess.py:93} INFO - 	modified:   logs/dag_id=customer_churn_ml_pipeline/run_id=manual__2025-03-02T12:18:44.812487+00:00/task_id=data_validation_task/attempt=1.log
[2025-03-02T12:19:56.908+0000] {subprocess.py:93} INFO - 	modified:   logs/data_preparation.log
[2025-03-02T12:19:56.908+0000] {subprocess.py:93} INFO - 	modified:   logs/scheduler/2025-03-02/customer_churn.py.log
[2025-03-02T12:19:56.909+0000] {subprocess.py:93} INFO - 	modified:   visualization/plots.pdf
[2025-03-02T12:19:56.909+0000] {subprocess.py:93} INFO - 
[2025-03-02T12:19:56.910+0000] {subprocess.py:93} INFO - Changes not staged for commit:
[2025-03-02T12:19:56.910+0000] {subprocess.py:93} INFO -   (use "git add <file>..." to update what will be committed)
[2025-03-02T12:19:56.910+0000] {subprocess.py:93} INFO -   (use "git restore <file>..." to discard changes in working directory)
[2025-03-02T12:19:56.911+0000] {subprocess.py:93} INFO - 	modified:   logs/dag_id=customer_churn_ml_pipeline/run_id=manual__2025-03-02T12:18:44.812487+00:00/task_id=data_preparation_task/attempt=1.log
[2025-03-02T12:19:56.911+0000] {subprocess.py:93} INFO - 
[2025-03-02T12:19:56.912+0000] {subprocess.py:93} INFO - Untracked files:
[2025-03-02T12:19:56.912+0000] {subprocess.py:93} INFO -   (use "git add <file>..." to include in what will be committed)
[2025-03-02T12:19:56.912+0000] {subprocess.py:93} INFO - 	customer_churn_stats/feature_repo/data/
[2025-03-02T12:19:56.913+0000] {subprocess.py:93} INFO - 
[2025-03-02T12:19:56.963+0000] {subprocess.py:93} INFO - [main 7c0d6f0] Updated cleaned data version
[2025-03-02T12:19:56.964+0000] {subprocess.py:93} INFO -  5 files changed, 139 insertions(+)
[2025-03-02T12:19:56.964+0000] {subprocess.py:93} INFO -  create mode 100644 logs/dag_id=customer_churn_ml_pipeline/run_id=manual__2025-03-02T12:18:44.812487+00:00/task_id=data_preparation_task/attempt=1.log
[2025-03-02T12:20:03.535+0000] {subprocess.py:93} INFO - Everything is up to date.
[2025-03-02T12:20:05.725+0000] {subprocess.py:93} INFO - To https://github.com/anniemathew-trial/customer_churn_pipeline.git
[2025-03-02T12:20:05.726+0000] {subprocess.py:93} INFO -    b2fa961..7c0d6f0  main -> main
[2025-03-02T12:20:05.733+0000] {subprocess.py:97} INFO - Command exited with return code 0
[2025-03-02T12:20:05.799+0000] {taskinstance.py:1400} INFO - Marking task as SUCCESS. dag_id=customer_churn_ml_pipeline, task_id=data_preparation_task, execution_date=20250302T121844, start_date=20250302T121941, end_date=20250302T122005
[2025-03-02T12:20:05.861+0000] {local_task_job_runner.py:228} INFO - Task exited with return code 0
[2025-03-02T12:20:05.913+0000] {taskinstance.py:2778} INFO - 1 downstream tasks scheduled from follow-on schedule check
