[2025-03-02T10:16:10.624+0000] {taskinstance.py:1159} INFO - Dependencies all met for dep_context=non-requeueable deps ti=<TaskInstance: customer_churn_ml_pipeline.data_storage_task manual__2025-03-02T10:14:57.596453+00:00 [queued]>
[2025-03-02T10:16:10.638+0000] {taskinstance.py:1159} INFO - Dependencies all met for dep_context=requeueable deps ti=<TaskInstance: customer_churn_ml_pipeline.data_storage_task manual__2025-03-02T10:14:57.596453+00:00 [queued]>
[2025-03-02T10:16:10.639+0000] {taskinstance.py:1361} INFO - Starting attempt 1 of 1
[2025-03-02T10:16:10.659+0000] {taskinstance.py:1382} INFO - Executing <Task(BashOperator): data_storage_task> on 2025-03-02 10:14:57.596453+00:00
[2025-03-02T10:16:10.664+0000] {standard_task_runner.py:57} INFO - Started process 10630 to run task
[2025-03-02T10:16:10.668+0000] {standard_task_runner.py:84} INFO - Running: ['***', 'tasks', 'run', 'customer_churn_ml_pipeline', 'data_storage_task', 'manual__2025-03-02T10:14:57.596453+00:00', '--job-id', '145', '--raw', '--subdir', 'DAGS_FOLDER/customer_churn.py', '--cfg-path', '/tmp/tmp53pqzix_']
[2025-03-02T10:16:10.671+0000] {standard_task_runner.py:85} INFO - Job 145: Subtask data_storage_task
[2025-03-02T10:16:10.697+0000] {logging_mixin.py:154} WARNING - /home/***/.local/lib/python3.8/site-packages/***/settings.py:195 DeprecationWarning: The sql_alchemy_conn option in [core] has been moved to the sql_alchemy_conn option in [database] - the old setting has been used, but please update your config.
[2025-03-02T10:16:10.753+0000] {task_command.py:416} INFO - Running <TaskInstance: customer_churn_ml_pipeline.data_storage_task manual__2025-03-02T10:14:57.596453+00:00 [running]> on host 9113a5746a05
[2025-03-02T10:16:10.887+0000] {taskinstance.py:1662} INFO - Exporting env vars: AIRFLOW_CTX_DAG_OWNER='***' AIRFLOW_CTX_DAG_ID='customer_churn_ml_pipeline' AIRFLOW_CTX_TASK_ID='data_storage_task' AIRFLOW_CTX_EXECUTION_DATE='2025-03-02T10:14:57.596453+00:00' AIRFLOW_CTX_TRY_NUMBER='1' AIRFLOW_CTX_DAG_RUN_ID='manual__2025-03-02T10:14:57.596453+00:00'
[2025-03-02T10:16:10.888+0000] {subprocess.py:63} INFO - Tmp dir root location: /tmp
[2025-03-02T10:16:10.889+0000] {subprocess.py:75} INFO - Running command: ['/bin/bash', '-c', '\n\t\t\tcd /opt/***\n                        dvc pull /opt/***/data/transformed\n                        python /opt/***/executables/data_storage.py && \t\t\tgit add logs &&    \t\t\tgit status &&                         git commit -m "Updated stored data version" -a &&                         dvc push && git push\n                    ']
[2025-03-02T10:16:10.901+0000] {subprocess.py:86} INFO - Output:
[2025-03-02T10:16:14.760+0000] {subprocess.py:93} INFO - Everything is up to date.
[2025-03-02T10:16:16.676+0000] {subprocess.py:93} INFO - 2025-03-02 10:16:16,676 : INFO : Connecting to Database
[2025-03-02T10:16:16.678+0000] {subprocess.py:93} INFO - 2025-03-02 10:16:16,678 : ERROR : Error storing data: ('01000', "[01000] [unixODBC][Driver Manager]Can't open lib '{ODBC Driver 17 for SQL Server};SERVER=dmml_customer_churn_setup-sqlserver-1,1433;DATABASE=customer_churn_db;UID=sa;PWD=NewPASS1234' : file not found (0) (SQLDriverConnect)")
[2025-03-02T10:16:16.885+0000] {subprocess.py:93} INFO - On branch main
[2025-03-02T10:16:16.885+0000] {subprocess.py:93} INFO - Your branch is up to date with 'origin/main'.
[2025-03-02T10:16:16.886+0000] {subprocess.py:93} INFO - 
[2025-03-02T10:16:16.886+0000] {subprocess.py:93} INFO - Changes to be committed:
[2025-03-02T10:16:16.886+0000] {subprocess.py:93} INFO -   (use "git restore --staged <file>..." to unstage)
[2025-03-02T10:16:16.887+0000] {subprocess.py:93} INFO - 	new file:   logs/dag_id=customer_churn_ml_pipeline/run_id=manual__2025-03-02T10:14:57.596453+00:00/task_id=data_storage_task/attempt=1.log
[2025-03-02T10:16:16.887+0000] {subprocess.py:93} INFO - 	modified:   logs/dag_id=customer_churn_ml_pipeline/run_id=manual__2025-03-02T10:14:57.596453+00:00/task_id=data_transformation_task/attempt=1.log
[2025-03-02T10:16:16.887+0000] {subprocess.py:93} INFO - 	modified:   logs/dag_processor_manager/dag_processor_manager.log
[2025-03-02T10:16:16.888+0000] {subprocess.py:93} INFO - 	modified:   logs/data_storage.log
[2025-03-02T10:16:16.889+0000] {subprocess.py:93} INFO - 
[2025-03-02T10:16:16.950+0000] {subprocess.py:93} INFO - [main a102de0b] Updated stored data version
[2025-03-02T10:16:16.951+0000] {subprocess.py:93} INFO -  4 files changed, 47 insertions(+)
[2025-03-02T10:16:16.951+0000] {subprocess.py:93} INFO -  create mode 100644 logs/dag_id=customer_churn_ml_pipeline/run_id=manual__2025-03-02T10:14:57.596453+00:00/task_id=data_storage_task/attempt=1.log
[2025-03-02T10:16:22.279+0000] {subprocess.py:93} INFO - Everything is up to date.
[2025-03-02T10:16:24.010+0000] {subprocess.py:93} INFO - To https://github.com/anniemathew-trial/customer_churn_pipeline.git
[2025-03-02T10:16:24.010+0000] {subprocess.py:93} INFO -    14ca428..a102de0b   main -> main
[2025-03-02T10:16:24.016+0000] {subprocess.py:97} INFO - Command exited with return code 0
[2025-03-02T10:16:24.052+0000] {taskinstance.py:1400} INFO - Marking task as SUCCESS. dag_id=customer_churn_ml_pipeline, task_id=data_storage_task, execution_date=20250302T101457, start_date=20250302T101610, end_date=20250302T101624
[2025-03-02T10:16:24.084+0000] {local_task_job_runner.py:228} INFO - Task exited with return code 0
[2025-03-02T10:16:24.121+0000] {taskinstance.py:2778} INFO - 1 downstream tasks scheduled from follow-on schedule check
