[2025-03-01T09:54:59.399+0000] {taskinstance.py:1159} INFO - Dependencies all met for dep_context=non-requeueable deps ti=<TaskInstance: customer_churn_ml_pipeline.feature_store_task manual__2025-03-01T09:53:23.171684+00:00 [queued]>
[2025-03-01T09:54:59.416+0000] {taskinstance.py:1159} INFO - Dependencies all met for dep_context=requeueable deps ti=<TaskInstance: customer_churn_ml_pipeline.feature_store_task manual__2025-03-01T09:53:23.171684+00:00 [queued]>
[2025-03-01T09:54:59.416+0000] {taskinstance.py:1361} INFO - Starting attempt 1 of 1
[2025-03-01T09:54:59.442+0000] {taskinstance.py:1382} INFO - Executing <Task(BashOperator): feature_store_task> on 2025-03-01 09:53:23.171684+00:00
[2025-03-01T09:54:59.448+0000] {standard_task_runner.py:57} INFO - Started process 7264 to run task
[2025-03-01T09:54:59.453+0000] {standard_task_runner.py:84} INFO - Running: ['***', 'tasks', 'run', 'customer_churn_ml_pipeline', 'feature_store_task', 'manual__2025-03-01T09:53:23.171684+00:00', '--job-id', '44', '--raw', '--subdir', 'DAGS_FOLDER/customer_churn.py', '--cfg-path', '/tmp/tmpq88nvkjp']
[2025-03-01T09:54:59.456+0000] {standard_task_runner.py:85} INFO - Job 44: Subtask feature_store_task
[2025-03-01T09:54:59.490+0000] {logging_mixin.py:154} WARNING - /home/***/.local/lib/python3.8/site-packages/***/settings.py:195 DeprecationWarning: The sql_alchemy_conn option in [core] has been moved to the sql_alchemy_conn option in [database] - the old setting has been used, but please update your config.
[2025-03-01T09:54:59.561+0000] {task_command.py:416} INFO - Running <TaskInstance: customer_churn_ml_pipeline.feature_store_task manual__2025-03-01T09:53:23.171684+00:00 [running]> on host 7e994a0ed489
[2025-03-01T09:54:59.721+0000] {taskinstance.py:1662} INFO - Exporting env vars: AIRFLOW_CTX_DAG_OWNER='***' AIRFLOW_CTX_DAG_ID='customer_churn_ml_pipeline' AIRFLOW_CTX_TASK_ID='feature_store_task' AIRFLOW_CTX_EXECUTION_DATE='2025-03-01T09:53:23.171684+00:00' AIRFLOW_CTX_TRY_NUMBER='1' AIRFLOW_CTX_DAG_RUN_ID='manual__2025-03-01T09:53:23.171684+00:00'
[2025-03-01T09:54:59.723+0000] {subprocess.py:63} INFO - Tmp dir root location: /tmp
[2025-03-01T09:54:59.724+0000] {subprocess.py:75} INFO - Running command: ['/bin/bash', '-c', '\n\t\t\tcd /opt/***/customer_churn_stats/feature_repo &&                         feast apply &&                         feast materialize-incremental $(date -u +\'%Y-%m-%dT%H:%M:%S\') &&                         git commit -m "Updated feature store" -a &&                         git push\n                    ']
[2025-03-01T09:54:59.737+0000] {subprocess.py:86} INFO - Output:
[2025-03-01T09:55:07.491+0000] {subprocess.py:93} INFO - Feast is an open source project that collects anonymized error reporting and usage statistics. To opt out or learn more see https://docs.feast.dev/reference/usage
[2025-03-01T09:55:08.493+0000] {subprocess.py:93} INFO - Traceback (most recent call last):
[2025-03-01T09:55:08.494+0000] {subprocess.py:93} INFO -   File "/home/***/.local/bin/feast", line 8, in <module>
[2025-03-01T09:55:08.495+0000] {subprocess.py:93} INFO -     sys.exit(cli())
[2025-03-01T09:55:08.495+0000] {subprocess.py:93} INFO -   File "/home/***/.local/lib/python3.8/site-packages/click/core.py", line 1157, in __call__
[2025-03-01T09:55:08.495+0000] {subprocess.py:93} INFO -     return self.main(*args, **kwargs)
[2025-03-01T09:55:08.495+0000] {subprocess.py:93} INFO -   File "/home/***/.local/lib/python3.8/site-packages/click/core.py", line 1078, in main
[2025-03-01T09:55:08.496+0000] {subprocess.py:93} INFO -     rv = self.invoke(ctx)
[2025-03-01T09:55:08.496+0000] {subprocess.py:93} INFO -   File "/home/***/.local/lib/python3.8/site-packages/click/core.py", line 1688, in invoke
[2025-03-01T09:55:08.496+0000] {subprocess.py:93} INFO -     return _process_result(sub_ctx.command.invoke(sub_ctx))
[2025-03-01T09:55:08.496+0000] {subprocess.py:93} INFO -   File "/home/***/.local/lib/python3.8/site-packages/click/core.py", line 1434, in invoke
[2025-03-01T09:55:08.497+0000] {subprocess.py:93} INFO -     return ctx.invoke(self.callback, **ctx.params)
[2025-03-01T09:55:08.497+0000] {subprocess.py:93} INFO -   File "/home/***/.local/lib/python3.8/site-packages/click/core.py", line 783, in invoke
[2025-03-01T09:55:08.497+0000] {subprocess.py:93} INFO -     return __callback(*args, **kwargs)
[2025-03-01T09:55:08.497+0000] {subprocess.py:93} INFO -   File "/home/***/.local/lib/python3.8/site-packages/click/decorators.py", line 33, in new_func
[2025-03-01T09:55:08.498+0000] {subprocess.py:93} INFO -     return f(get_current_context(), *args, **kwargs)
[2025-03-01T09:55:08.498+0000] {subprocess.py:93} INFO -   File "/home/***/.local/lib/python3.8/site-packages/feast/cli.py", line 491, in apply_total_command
[2025-03-01T09:55:08.498+0000] {subprocess.py:93} INFO -     apply_total(repo_config, repo, skip_source_validation)
[2025-03-01T09:55:08.498+0000] {subprocess.py:93} INFO -   File "/home/***/.local/lib/python3.8/site-packages/feast/usage.py", line 288, in wrapper
[2025-03-01T09:55:08.499+0000] {subprocess.py:93} INFO -     return func(*args, **kwargs)
[2025-03-01T09:55:08.499+0000] {subprocess.py:93} INFO -   File "/home/***/.local/lib/python3.8/site-packages/feast/repo_operations.py", line 357, in apply_total
[2025-03-01T09:55:08.499+0000] {subprocess.py:93} INFO -     project, registry, repo, store = _prepare_registry_and_repo(repo_config, repo_path)
[2025-03-01T09:55:08.499+0000] {subprocess.py:93} INFO -   File "/home/***/.local/lib/python3.8/site-packages/feast/repo_operations.py", line 236, in _prepare_registry_and_repo
[2025-03-01T09:55:08.500+0000] {subprocess.py:93} INFO -     repo = parse_repo(repo_path)
[2025-03-01T09:55:08.500+0000] {subprocess.py:93} INFO -   File "/home/***/.local/lib/python3.8/site-packages/feast/repo_operations.py", line 122, in parse_repo
[2025-03-01T09:55:08.500+0000] {subprocess.py:93} INFO -     module = importlib.import_module(module_path)
[2025-03-01T09:55:08.500+0000] {subprocess.py:93} INFO -   File "/usr/local/lib/python3.8/importlib/__init__.py", line 127, in import_module
[2025-03-01T09:55:08.501+0000] {subprocess.py:93} INFO -     return _bootstrap._gcd_import(name[level:], package, level)
[2025-03-01T09:55:08.501+0000] {subprocess.py:93} INFO -   File "<frozen importlib._bootstrap>", line 1014, in _gcd_import
[2025-03-01T09:55:08.501+0000] {subprocess.py:93} INFO -   File "<frozen importlib._bootstrap>", line 991, in _find_and_load
[2025-03-01T09:55:08.501+0000] {subprocess.py:93} INFO -   File "<frozen importlib._bootstrap>", line 975, in _find_and_load_unlocked
[2025-03-01T09:55:08.501+0000] {subprocess.py:93} INFO -   File "<frozen importlib._bootstrap>", line 671, in _load_unlocked
[2025-03-01T09:55:08.502+0000] {subprocess.py:93} INFO -   File "<frozen importlib._bootstrap_external>", line 843, in exec_module
[2025-03-01T09:55:08.502+0000] {subprocess.py:93} INFO -   File "<frozen importlib._bootstrap>", line 219, in _call_with_frames_removed
[2025-03-01T09:55:08.502+0000] {subprocess.py:93} INFO -   File "/opt/***/customer_churn_stats/feature_repo/feature_store.py", line 4, in <module>
[2025-03-01T09:55:08.502+0000] {subprocess.py:93} INFO -     from fastparquet import write
[2025-03-01T09:55:08.503+0000] {subprocess.py:93} INFO - ModuleNotFoundError: No module named 'fastparquet'
[2025-03-01T09:55:08.850+0000] {subprocess.py:97} INFO - Command exited with return code 1
[2025-03-01T09:55:08.874+0000] {taskinstance.py:1937} ERROR - Task failed with exception
Traceback (most recent call last):
  File "/home/airflow/.local/lib/python3.8/site-packages/airflow/operators/bash.py", line 210, in execute
    raise AirflowException(
airflow.exceptions.AirflowException: Bash command failed. The command returned a non-zero exit code 1.
[2025-03-01T09:55:08.880+0000] {taskinstance.py:1400} INFO - Marking task as FAILED. dag_id=customer_churn_ml_pipeline, task_id=feature_store_task, execution_date=20250301T095323, start_date=20250301T095459, end_date=20250301T095508
[2025-03-01T09:55:08.910+0000] {standard_task_runner.py:104} ERROR - Failed to execute job 44 for task feature_store_task (Bash command failed. The command returned a non-zero exit code 1.; 7264)
[2025-03-01T09:55:08.930+0000] {local_task_job_runner.py:228} INFO - Task exited with return code 1
[2025-03-01T09:55:08.987+0000] {taskinstance.py:2778} INFO - 0 downstream tasks scheduled from follow-on schedule check
