[2025-03-01T09:54:16.964+0000] {taskinstance.py:1159} INFO - Dependencies all met for dep_context=non-requeueable deps ti=<TaskInstance: customer_churn_ml_pipeline.data_transformation_task manual__2025-03-01T09:53:23.171684+00:00 [queued]>
[2025-03-01T09:54:16.976+0000] {taskinstance.py:1159} INFO - Dependencies all met for dep_context=requeueable deps ti=<TaskInstance: customer_churn_ml_pipeline.data_transformation_task manual__2025-03-01T09:53:23.171684+00:00 [queued]>
[2025-03-01T09:54:16.976+0000] {taskinstance.py:1361} INFO - Starting attempt 1 of 1
[2025-03-01T09:54:16.997+0000] {taskinstance.py:1382} INFO - Executing <Task(BashOperator): data_transformation_task> on 2025-03-01 09:53:23.171684+00:00
[2025-03-01T09:54:17.002+0000] {standard_task_runner.py:57} INFO - Started process 7142 to run task
[2025-03-01T09:54:17.006+0000] {standard_task_runner.py:84} INFO - Running: ['***', 'tasks', 'run', 'customer_churn_ml_pipeline', 'data_transformation_task', 'manual__2025-03-01T09:53:23.171684+00:00', '--job-id', '42', '--raw', '--subdir', 'DAGS_FOLDER/customer_churn.py', '--cfg-path', '/tmp/tmphq19i0_9']
[2025-03-01T09:54:17.009+0000] {standard_task_runner.py:85} INFO - Job 42: Subtask data_transformation_task
[2025-03-01T09:54:17.032+0000] {logging_mixin.py:154} WARNING - /home/***/.local/lib/python3.8/site-packages/***/settings.py:195 DeprecationWarning: The sql_alchemy_conn option in [core] has been moved to the sql_alchemy_conn option in [database] - the old setting has been used, but please update your config.
[2025-03-01T09:54:17.076+0000] {task_command.py:416} INFO - Running <TaskInstance: customer_churn_ml_pipeline.data_transformation_task manual__2025-03-01T09:53:23.171684+00:00 [running]> on host 7e994a0ed489
[2025-03-01T09:54:17.200+0000] {taskinstance.py:1662} INFO - Exporting env vars: AIRFLOW_CTX_DAG_OWNER='***' AIRFLOW_CTX_DAG_ID='customer_churn_ml_pipeline' AIRFLOW_CTX_TASK_ID='data_transformation_task' AIRFLOW_CTX_EXECUTION_DATE='2025-03-01T09:53:23.171684+00:00' AIRFLOW_CTX_TRY_NUMBER='1' AIRFLOW_CTX_DAG_RUN_ID='manual__2025-03-01T09:53:23.171684+00:00'
[2025-03-01T09:54:17.201+0000] {subprocess.py:63} INFO - Tmp dir root location: /tmp
[2025-03-01T09:54:17.203+0000] {subprocess.py:75} INFO - Running command: ['/bin/bash', '-c', '\n\t\t\tcd /opt/***\n                        dvc pull /opt/***/data/cleaned\n                        python /opt/***/executables/data_transformation.py &&                         dvc add /opt/***/data/transformed &&                         git add /opt/***/data/transformed.dvc &&                         git commit -m "Updated transformed data version" -a &&                         dvc push && git push\n                    ']
[2025-03-01T09:54:17.215+0000] {subprocess.py:86} INFO - Output:
[2025-03-01T09:54:20.588+0000] {subprocess.py:93} INFO - Everything is up to date.
[2025-03-01T09:54:25.747+0000] {subprocess.py:93} INFO - 
[2025-03-01T09:54:25.747+0000] {subprocess.py:93} INFO - To track the changes with git, run:
[2025-03-01T09:54:25.748+0000] {subprocess.py:93} INFO - 
[2025-03-01T09:54:25.748+0000] {subprocess.py:93} INFO - 	git add data/transformed.dvc
[2025-03-01T09:54:25.748+0000] {subprocess.py:93} INFO - 
[2025-03-01T09:54:25.749+0000] {subprocess.py:93} INFO - To enable auto staging, run:
[2025-03-01T09:54:25.750+0000] {subprocess.py:93} INFO - 
[2025-03-01T09:54:25.750+0000] {subprocess.py:93} INFO - 	dvc config core.autostage true
[2025-03-01T09:54:26.179+0000] {subprocess.py:93} INFO - [main a26c12c] Updated transformed data version
[2025-03-01T09:54:26.179+0000] {subprocess.py:93} INFO -  2 files changed, 5 insertions(+), 2 deletions(-)
[2025-03-01T09:54:33.362+0000] {subprocess.py:93} INFO - Everything is up to date.
[2025-03-01T09:54:35.504+0000] {subprocess.py:93} INFO - To https://github.com/anniemathew-trial/customer_churn_pipeline.git
[2025-03-01T09:54:35.505+0000] {subprocess.py:93} INFO -    884a7d8..a26c12c  main -> main
[2025-03-01T09:54:35.522+0000] {subprocess.py:97} INFO - Command exited with return code 0
[2025-03-01T09:54:35.649+0000] {taskinstance.py:1400} INFO - Marking task as SUCCESS. dag_id=customer_churn_ml_pipeline, task_id=data_transformation_task, execution_date=20250301T095323, start_date=20250301T095416, end_date=20250301T095435
[2025-03-01T09:54:35.686+0000] {local_task_job_runner.py:228} INFO - Task exited with return code 0
[2025-03-01T09:54:35.725+0000] {taskinstance.py:2778} INFO - 1 downstream tasks scheduled from follow-on schedule check
