[2025-02-28T06:13:47.617+0000] {taskinstance.py:1159} INFO - Dependencies all met for dep_context=non-requeueable deps ti=<TaskInstance: customer_churn_ml_pipeline.data_ingestion_task manual__2025-02-28T06:13:38.375524+00:00 [queued]>
[2025-02-28T06:13:47.630+0000] {taskinstance.py:1159} INFO - Dependencies all met for dep_context=requeueable deps ti=<TaskInstance: customer_churn_ml_pipeline.data_ingestion_task manual__2025-02-28T06:13:38.375524+00:00 [queued]>
[2025-02-28T06:13:47.631+0000] {taskinstance.py:1361} INFO - Starting attempt 1 of 1
[2025-02-28T06:13:47.650+0000] {taskinstance.py:1382} INFO - Executing <Task(BashOperator): data_ingestion_task> on 2025-02-28 06:13:38.375524+00:00
[2025-02-28T06:13:47.656+0000] {standard_task_runner.py:57} INFO - Started process 9630 to run task
[2025-02-28T06:13:47.659+0000] {standard_task_runner.py:84} INFO - Running: ['***', 'tasks', 'run', 'customer_churn_ml_pipeline', 'data_ingestion_task', 'manual__2025-02-28T06:13:38.375524+00:00', '--job-id', '43', '--raw', '--subdir', 'DAGS_FOLDER/customer_churn.py', '--cfg-path', '/tmp/tmpe3dvev_q']
[2025-02-28T06:13:47.662+0000] {standard_task_runner.py:85} INFO - Job 43: Subtask data_ingestion_task
[2025-02-28T06:13:47.687+0000] {logging_mixin.py:154} WARNING - /home/***/.local/lib/python3.8/site-packages/***/settings.py:195 DeprecationWarning: The sql_alchemy_conn option in [core] has been moved to the sql_alchemy_conn option in [database] - the old setting has been used, but please update your config.
[2025-02-28T06:13:47.740+0000] {task_command.py:416} INFO - Running <TaskInstance: customer_churn_ml_pipeline.data_ingestion_task manual__2025-02-28T06:13:38.375524+00:00 [running]> on host 4470298645d8
[2025-02-28T06:13:47.861+0000] {taskinstance.py:1662} INFO - Exporting env vars: AIRFLOW_CTX_DAG_OWNER='***' AIRFLOW_CTX_DAG_ID='customer_churn_ml_pipeline' AIRFLOW_CTX_TASK_ID='data_ingestion_task' AIRFLOW_CTX_EXECUTION_DATE='2025-02-28T06:13:38.375524+00:00' AIRFLOW_CTX_TRY_NUMBER='1' AIRFLOW_CTX_DAG_RUN_ID='manual__2025-02-28T06:13:38.375524+00:00'
[2025-02-28T06:13:47.862+0000] {subprocess.py:63} INFO - Tmp dir root location: /tmp
[2025-02-28T06:13:47.863+0000] {subprocess.py:75} INFO - Running command: ['/bin/bash', '-c', 'python /opt/***/executables/data_ingestion.py && \t\t\tcd /opt/*** && \t\t\tgit rm -r --cached \'data/raw\'\n\t\t\tgit commit -m "stop tracking data/raw"\n                        dvc add /opt/***/data/raw &&                         git add /opt/***/data/raw.dvc &&                         git commit -m "Updated raw data version" -a &&                         dvc push && git push\n                    ']
[2025-02-28T06:13:47.873+0000] {subprocess.py:86} INFO - Output:
[2025-02-28T06:13:49.672+0000] {subprocess.py:93} INFO - /opt/***/executables/data_ingestion.py:46: UserWarning: pandas only supports SQLAlchemy connectable (engine/connection) or database string URI or sqlite3 DBAPI2 connection. Other DBAPI2 objects are not tested. Please consider using SQLAlchemy.
[2025-02-28T06:13:49.673+0000] {subprocess.py:93} INFO -   data = pd.read_sql(query, connection)
[2025-02-28T06:13:49.795+0000] {subprocess.py:93} INFO - fatal: pathspec 'data/raw' did not match any files
[2025-02-28T06:13:49.799+0000] {subprocess.py:93} INFO - On branch main
[2025-02-28T06:13:49.800+0000] {subprocess.py:93} INFO - Your branch is ahead of 'origin/main' by 10 commits.
[2025-02-28T06:13:49.800+0000] {subprocess.py:93} INFO -   (use "git push" to publish your local commits)
[2025-02-28T06:13:49.800+0000] {subprocess.py:93} INFO - 
[2025-02-28T06:13:49.800+0000] {subprocess.py:93} INFO - Changes not staged for commit:
[2025-02-28T06:13:49.800+0000] {subprocess.py:93} INFO -   (use "git add <file>..." to update what will be committed)
[2025-02-28T06:13:49.801+0000] {subprocess.py:93} INFO -   (use "git restore <file>..." to discard changes in working directory)
[2025-02-28T06:13:49.801+0000] {subprocess.py:93} INFO - 	modified:   dags/__pycache__/customer_churn.cpython-38.pyc
[2025-02-28T06:13:49.801+0000] {subprocess.py:93} INFO - 	modified:   logs/dag_processor_manager/dag_processor_manager.log
[2025-02-28T06:13:49.801+0000] {subprocess.py:93} INFO - 	modified:   logs/data_ingestion.log
[2025-02-28T06:13:49.801+0000] {subprocess.py:93} INFO - 	modified:   logs/scheduler/2025-02-28/customer_churn.py.log
[2025-02-28T06:13:49.801+0000] {subprocess.py:93} INFO - 
[2025-02-28T06:13:49.802+0000] {subprocess.py:93} INFO - Untracked files:
[2025-02-28T06:13:49.802+0000] {subprocess.py:93} INFO -   (use "git add <file>..." to include in what will be committed)
[2025-02-28T06:13:49.802+0000] {subprocess.py:93} INFO - 	data/.gitignore
[2025-02-28T06:13:49.802+0000] {subprocess.py:93} INFO - 	logs/dag_id=customer_churn_ml_pipeline/run_id=manual__2025-02-28T03:47:06.239601+00:00/
[2025-02-28T06:13:49.802+0000] {subprocess.py:93} INFO - 	logs/dag_id=customer_churn_ml_pipeline/run_id=manual__2025-02-28T03:56:07.184589+00:00/
[2025-02-28T06:13:49.802+0000] {subprocess.py:93} INFO - 	logs/dag_id=customer_churn_ml_pipeline/run_id=manual__2025-02-28T04:01:35.537178+00:00/
[2025-02-28T06:13:49.803+0000] {subprocess.py:93} INFO - 	logs/dag_id=customer_churn_ml_pipeline/run_id=manual__2025-02-28T04:03:50.126562+00:00/
[2025-02-28T06:13:49.803+0000] {subprocess.py:93} INFO - 	logs/dag_id=customer_churn_ml_pipeline/run_id=manual__2025-02-28T04:07:47.368418+00:00/
[2025-02-28T06:13:49.803+0000] {subprocess.py:93} INFO - 	logs/dag_id=customer_churn_ml_pipeline/run_id=manual__2025-02-28T04:09:55.332256+00:00/
[2025-02-28T06:13:49.803+0000] {subprocess.py:93} INFO - 	logs/dag_id=customer_churn_ml_pipeline/run_id=manual__2025-02-28T04:35:17.945041+00:00/
[2025-02-28T06:13:49.803+0000] {subprocess.py:93} INFO - 	logs/dag_id=customer_churn_ml_pipeline/run_id=manual__2025-02-28T04:42:35.414349+00:00/
[2025-02-28T06:13:49.804+0000] {subprocess.py:93} INFO - 	logs/dag_id=customer_churn_ml_pipeline/run_id=manual__2025-02-28T04:45:15.524968+00:00/
[2025-02-28T06:13:49.804+0000] {subprocess.py:93} INFO - 	logs/dag_id=customer_churn_ml_pipeline/run_id=manual__2025-02-28T04:48:28.220767+00:00/
[2025-02-28T06:13:49.804+0000] {subprocess.py:93} INFO - 	logs/dag_id=customer_churn_ml_pipeline/run_id=manual__2025-02-28T04:49:39.209814+00:00/
[2025-02-28T06:13:49.804+0000] {subprocess.py:93} INFO - 	logs/dag_id=customer_churn_ml_pipeline/run_id=manual__2025-02-28T06:13:38.375524+00:00/
[2025-02-28T06:13:49.804+0000] {subprocess.py:93} INFO - 
[2025-02-28T06:13:49.804+0000] {subprocess.py:93} INFO - no changes added to commit (use "git add" and/or "git commit -a")
[2025-02-28T06:13:51.617+0000] {subprocess.py:93} INFO - 
[2025-02-28T06:13:51.617+0000] {subprocess.py:93} INFO - To track the changes with git, run:
[2025-02-28T06:13:51.618+0000] {subprocess.py:93} INFO - 
[2025-02-28T06:13:51.618+0000] {subprocess.py:93} INFO - 	git add data/raw.dvc
[2025-02-28T06:13:51.619+0000] {subprocess.py:93} INFO - 
[2025-02-28T06:13:51.620+0000] {subprocess.py:93} INFO - To enable auto staging, run:
[2025-02-28T06:13:51.620+0000] {subprocess.py:93} INFO - 
[2025-02-28T06:13:51.620+0000] {subprocess.py:93} INFO - 	dvc config core.autostage true
[2025-02-28T06:13:51.971+0000] {subprocess.py:93} INFO - [main a4b7aae] Updated raw data version
[2025-02-28T06:13:51.972+0000] {subprocess.py:93} INFO -  4 files changed, 2543 insertions(+)
[2025-02-28T06:13:56.545+0000] {subprocess.py:93} INFO - Everything is up to date.
[2025-02-28T06:13:58.684+0000] {subprocess.py:93} INFO - remote: error: GH013: Repository rule violations found for refs/heads/main.
[2025-02-28T06:13:58.685+0000] {subprocess.py:93} INFO - remote:
[2025-02-28T06:13:58.685+0000] {subprocess.py:93} INFO - remote: - GITHUB PUSH PROTECTION
[2025-02-28T06:13:58.685+0000] {subprocess.py:93} INFO - remote:   —————————————————————————————————————————
[2025-02-28T06:13:58.686+0000] {subprocess.py:93} INFO - remote:     Resolve the following violations before pushing again
[2025-02-28T06:13:58.686+0000] {subprocess.py:93} INFO - remote:
[2025-02-28T06:13:58.686+0000] {subprocess.py:93} INFO - remote:     - Push cannot contain secrets
[2025-02-28T06:13:58.686+0000] {subprocess.py:93} INFO - remote:
[2025-02-28T06:13:58.686+0000] {subprocess.py:93} INFO - remote:
[2025-02-28T06:13:58.687+0000] {subprocess.py:93} INFO - remote:      (?) Learn how to resolve a blocked push
[2025-02-28T06:13:58.687+0000] {subprocess.py:93} INFO - remote:      https://docs.github.com/code-security/secret-scanning/working-with-secret-scanning-and-push-protection/working-with-push-protection-from-the-command-line#resolving-a-blocked-push
[2025-02-28T06:13:58.687+0000] {subprocess.py:93} INFO - remote:
[2025-02-28T06:13:58.688+0000] {subprocess.py:93} INFO - remote:
[2025-02-28T06:13:58.688+0000] {subprocess.py:93} INFO - remote:       —— Amazon AWS Access Key ID ——————————————————————————
[2025-02-28T06:13:58.688+0000] {subprocess.py:93} INFO - remote:        locations:
[2025-02-28T06:13:58.688+0000] {subprocess.py:93} INFO - remote:          - commit: d02b8759fd3257b7440a0c4f5f8161c72544fd42
[2025-02-28T06:13:58.688+0000] {subprocess.py:93} INFO - remote:            path: .dvc/config:5
[2025-02-28T06:13:58.689+0000] {subprocess.py:93} INFO - remote:
[2025-02-28T06:13:58.689+0000] {subprocess.py:93} INFO - remote:        (?) To push, remove secret from commit(s) or follow this URL to allow the secret.
[2025-02-28T06:13:58.689+0000] {subprocess.py:93} INFO - remote:        https://github.com/anniemathew-trial/customer_churn_pipeline/security/secret-scanning/unblock-secret/2terAdWpTab6raR0cNHBn7C6d0H
[2025-02-28T06:13:58.689+0000] {subprocess.py:93} INFO - remote:
[2025-02-28T06:13:58.690+0000] {subprocess.py:93} INFO - remote:
[2025-02-28T06:13:58.690+0000] {subprocess.py:93} INFO - remote:       —— Amazon AWS Secret Access Key ——————————————————————
[2025-02-28T06:13:58.690+0000] {subprocess.py:93} INFO - remote:        locations:
[2025-02-28T06:13:58.690+0000] {subprocess.py:93} INFO - remote:          - commit: d02b8759fd3257b7440a0c4f5f8161c72544fd42
[2025-02-28T06:13:58.690+0000] {subprocess.py:93} INFO - remote:            path: .dvc/config:6
[2025-02-28T06:13:58.691+0000] {subprocess.py:93} INFO - remote:
[2025-02-28T06:13:58.691+0000] {subprocess.py:93} INFO - remote:        (?) To push, remove secret from commit(s) or follow this URL to allow the secret.
[2025-02-28T06:13:58.691+0000] {subprocess.py:93} INFO - remote:        https://github.com/anniemathew-trial/customer_churn_pipeline/security/secret-scanning/unblock-secret/2terAZhXj5AQWotQotuCmhMf2DT
[2025-02-28T06:13:58.691+0000] {subprocess.py:93} INFO - remote:
[2025-02-28T06:13:58.692+0000] {subprocess.py:93} INFO - remote:
[2025-02-28T06:13:58.692+0000] {subprocess.py:93} INFO - remote:
[2025-02-28T06:13:58.692+0000] {subprocess.py:93} INFO - To https://github.com/anniemathew-trial/customer_churn_pipeline.git
[2025-02-28T06:13:58.692+0000] {subprocess.py:93} INFO -  ! [remote rejected] main -> main (push declined due to repository rule violations)
[2025-02-28T06:13:58.692+0000] {subprocess.py:93} INFO - error: failed to push some refs to 'https://github.com/anniemathew-trial/customer_churn_pipeline.git'
[2025-02-28T06:13:58.692+0000] {subprocess.py:97} INFO - Command exited with return code 1
[2025-02-28T06:13:58.708+0000] {taskinstance.py:1937} ERROR - Task failed with exception
Traceback (most recent call last):
  File "/home/airflow/.local/lib/python3.8/site-packages/airflow/operators/bash.py", line 210, in execute
    raise AirflowException(
airflow.exceptions.AirflowException: Bash command failed. The command returned a non-zero exit code 1.
[2025-02-28T06:13:58.714+0000] {taskinstance.py:1400} INFO - Marking task as FAILED. dag_id=customer_churn_ml_pipeline, task_id=data_ingestion_task, execution_date=20250228T061338, start_date=20250228T061347, end_date=20250228T061358
[2025-02-28T06:13:58.735+0000] {standard_task_runner.py:104} ERROR - Failed to execute job 43 for task data_ingestion_task (Bash command failed. The command returned a non-zero exit code 1.; 9630)
[2025-02-28T06:13:58.744+0000] {local_task_job_runner.py:228} INFO - Task exited with return code 1
[2025-02-28T06:13:58.781+0000] {taskinstance.py:2778} INFO - 0 downstream tasks scheduled from follow-on schedule check
