[2025-02-28T04:48:30.257+0000] {taskinstance.py:1159} INFO - Dependencies all met for dep_context=non-requeueable deps ti=<TaskInstance: customer_churn_ml_pipeline.pull manual__2025-02-28T04:48:28.220767+00:00 [queued]>
[2025-02-28T04:48:30.288+0000] {taskinstance.py:1159} INFO - Dependencies all met for dep_context=requeueable deps ti=<TaskInstance: customer_churn_ml_pipeline.pull manual__2025-02-28T04:48:28.220767+00:00 [queued]>
[2025-02-28T04:48:30.289+0000] {taskinstance.py:1361} INFO - Starting attempt 1 of 1
[2025-02-28T04:48:30.332+0000] {taskinstance.py:1382} INFO - Executing <Task(BashOperator): pull> on 2025-02-28 04:48:28.220767+00:00
[2025-02-28T04:48:30.343+0000] {standard_task_runner.py:57} INFO - Started process 8433 to run task
[2025-02-28T04:48:30.350+0000] {standard_task_runner.py:84} INFO - Running: ['***', 'tasks', 'run', 'customer_churn_ml_pipeline', 'pull', 'manual__2025-02-28T04:48:28.220767+00:00', '--job-id', '37', '--raw', '--subdir', 'DAGS_FOLDER/customer_churn.py', '--cfg-path', '/tmp/tmpgy5_pnqv']
[2025-02-28T04:48:30.356+0000] {standard_task_runner.py:85} INFO - Job 37: Subtask pull
[2025-02-28T04:48:30.406+0000] {logging_mixin.py:154} WARNING - /home/***/.local/lib/python3.8/site-packages/***/settings.py:195 DeprecationWarning: The sql_alchemy_conn option in [core] has been moved to the sql_alchemy_conn option in [database] - the old setting has been used, but please update your config.
[2025-02-28T04:48:30.501+0000] {task_command.py:416} INFO - Running <TaskInstance: customer_churn_ml_pipeline.pull manual__2025-02-28T04:48:28.220767+00:00 [running]> on host 4470298645d8
[2025-02-28T04:48:30.694+0000] {taskinstance.py:1662} INFO - Exporting env vars: AIRFLOW_CTX_DAG_OWNER='***' AIRFLOW_CTX_DAG_ID='customer_churn_ml_pipeline' AIRFLOW_CTX_TASK_ID='pull' AIRFLOW_CTX_EXECUTION_DATE='2025-02-28T04:48:28.220767+00:00' AIRFLOW_CTX_TRY_NUMBER='1' AIRFLOW_CTX_DAG_RUN_ID='manual__2025-02-28T04:48:28.220767+00:00'
[2025-02-28T04:48:30.697+0000] {subprocess.py:63} INFO - Tmp dir root location: /tmp
[2025-02-28T04:48:30.698+0000] {subprocess.py:75} INFO - Running command: ['/bin/bash', '-c', 'cd /opt/*** && dvc pull && git pull']
[2025-02-28T04:48:30.713+0000] {subprocess.py:86} INFO - Output:
[2025-02-28T04:48:34.328+0000] {subprocess.py:93} INFO - Everything is up to date.
[2025-02-28T04:48:34.724+0000] {subprocess.py:93} INFO - hint: Pulling without specifying how to reconcile divergent branches is
[2025-02-28T04:48:34.725+0000] {subprocess.py:93} INFO - hint: discouraged. You can squelch this message by running one of the following
[2025-02-28T04:48:34.725+0000] {subprocess.py:93} INFO - hint: commands sometime before your next pull:
[2025-02-28T04:48:34.725+0000] {subprocess.py:93} INFO - hint:
[2025-02-28T04:48:34.725+0000] {subprocess.py:93} INFO - hint:   git config pull.rebase false  # merge (the default strategy)
[2025-02-28T04:48:34.726+0000] {subprocess.py:93} INFO - hint:   git config pull.rebase true   # rebase
[2025-02-28T04:48:34.726+0000] {subprocess.py:93} INFO - hint:   git config pull.ff only       # fast-forward only
[2025-02-28T04:48:34.726+0000] {subprocess.py:93} INFO - hint:
[2025-02-28T04:48:34.727+0000] {subprocess.py:93} INFO - hint: You can replace "git config" with "git config --global" to set a default
[2025-02-28T04:48:34.727+0000] {subprocess.py:93} INFO - hint: preference for all repositories. You can also pass --rebase, --no-rebase,
[2025-02-28T04:48:34.727+0000] {subprocess.py:93} INFO - hint: or --ff-only on the command line to override the configured default per
[2025-02-28T04:48:34.728+0000] {subprocess.py:93} INFO - hint: invocation.
[2025-02-28T04:48:35.879+0000] {subprocess.py:93} INFO - From https://github.com/anniemathew-trial/customer_churn_pipeline
[2025-02-28T04:48:35.880+0000] {subprocess.py:93} INFO -    629e08b..6786da9  main       -> origin/main
[2025-02-28T04:48:35.889+0000] {subprocess.py:93} INFO - error: Your local changes to the following files would be overwritten by merge:
[2025-02-28T04:48:35.890+0000] {subprocess.py:93} INFO - 	dags/customer_churn.py
[2025-02-28T04:48:35.890+0000] {subprocess.py:93} INFO - Please commit your changes or stash them before you merge.
[2025-02-28T04:48:35.891+0000] {subprocess.py:93} INFO - Aborting
[2025-02-28T04:48:35.891+0000] {subprocess.py:97} INFO - Command exited with return code 128
[2025-02-28T04:48:35.917+0000] {taskinstance.py:1937} ERROR - Task failed with exception
Traceback (most recent call last):
  File "/home/airflow/.local/lib/python3.8/site-packages/airflow/operators/bash.py", line 210, in execute
    raise AirflowException(
airflow.exceptions.AirflowException: Bash command failed. The command returned a non-zero exit code 128.
[2025-02-28T04:48:35.924+0000] {taskinstance.py:1400} INFO - Marking task as FAILED. dag_id=customer_churn_ml_pipeline, task_id=pull, execution_date=20250228T044828, start_date=20250228T044830, end_date=20250228T044835
[2025-02-28T04:48:35.955+0000] {standard_task_runner.py:104} ERROR - Failed to execute job 37 for task pull (Bash command failed. The command returned a non-zero exit code 128.; 8433)
[2025-02-28T04:48:36.003+0000] {local_task_job_runner.py:228} INFO - Task exited with return code 1
[2025-02-28T04:48:36.068+0000] {taskinstance.py:2778} INFO - 0 downstream tasks scheduled from follow-on schedule check
