[2025-02-28T09:03:41.543+0000] {taskinstance.py:1159} INFO - Dependencies all met for dep_context=non-requeueable deps ti=<TaskInstance: customer_churn_ml_pipeline.data_preparation_task manual__2025-02-28T09:03:01.993451+00:00 [queued]>
[2025-02-28T09:03:41.553+0000] {taskinstance.py:1159} INFO - Dependencies all met for dep_context=requeueable deps ti=<TaskInstance: customer_churn_ml_pipeline.data_preparation_task manual__2025-02-28T09:03:01.993451+00:00 [queued]>
[2025-02-28T09:03:41.553+0000] {taskinstance.py:1361} INFO - Starting attempt 1 of 1
[2025-02-28T09:03:41.569+0000] {taskinstance.py:1382} INFO - Executing <Task(BashOperator): data_preparation_task> on 2025-02-28 09:03:01.993451+00:00
[2025-02-28T09:03:41.573+0000] {standard_task_runner.py:57} INFO - Started process 9935 to run task
[2025-02-28T09:03:41.576+0000] {standard_task_runner.py:84} INFO - Running: ['***', 'tasks', 'run', 'customer_churn_ml_pipeline', 'data_preparation_task', 'manual__2025-02-28T09:03:01.993451+00:00', '--job-id', '110', '--raw', '--subdir', 'DAGS_FOLDER/customer_churn.py', '--cfg-path', '/tmp/tmpl1bzgovx']
[2025-02-28T09:03:41.578+0000] {standard_task_runner.py:85} INFO - Job 110: Subtask data_preparation_task
[2025-02-28T09:03:41.601+0000] {logging_mixin.py:154} WARNING - /home/***/.local/lib/python3.8/site-packages/***/settings.py:195 DeprecationWarning: The sql_alchemy_conn option in [core] has been moved to the sql_alchemy_conn option in [database] - the old setting has been used, but please update your config.
[2025-02-28T09:03:41.645+0000] {task_command.py:416} INFO - Running <TaskInstance: customer_churn_ml_pipeline.data_preparation_task manual__2025-02-28T09:03:01.993451+00:00 [running]> on host 4470298645d8
[2025-02-28T09:03:41.744+0000] {taskinstance.py:1662} INFO - Exporting env vars: AIRFLOW_CTX_DAG_OWNER='***' AIRFLOW_CTX_DAG_ID='customer_churn_ml_pipeline' AIRFLOW_CTX_TASK_ID='data_preparation_task' AIRFLOW_CTX_EXECUTION_DATE='2025-02-28T09:03:01.993451+00:00' AIRFLOW_CTX_TRY_NUMBER='1' AIRFLOW_CTX_DAG_RUN_ID='manual__2025-02-28T09:03:01.993451+00:00'
[2025-02-28T09:03:41.745+0000] {subprocess.py:63} INFO - Tmp dir root location: /tmp
[2025-02-28T09:03:41.746+0000] {subprocess.py:75} INFO - Running command: ['/bin/bash', '-c', '\n\t\t\tcd /opt/***\n\t\t\tpython /opt/***/executables/data_preparation.py &&                         dvc add /opt/***/data/cleaned &&                         dvc add /opt/***/visualization &&                         git add /opt/***/data/cleaned.dvc &&                         git add /opt/***/visualization.dvc &&                         git commit -m "Updated cleaned data version" &&                         dvc push && git push\n                    ']
[2025-02-28T09:03:41.754+0000] {subprocess.py:86} INFO - Output:
[2025-02-28T09:03:51.634+0000] {subprocess.py:93} INFO - 
[2025-02-28T09:03:51.635+0000] {subprocess.py:93} INFO - To track the changes with git, run:
[2025-02-28T09:03:51.636+0000] {subprocess.py:93} INFO - 
[2025-02-28T09:03:51.636+0000] {subprocess.py:93} INFO - 	git add data/cleaned.dvc
[2025-02-28T09:03:51.636+0000] {subprocess.py:93} INFO - 
[2025-02-28T09:03:51.637+0000] {subprocess.py:93} INFO - To enable auto staging, run:
[2025-02-28T09:03:51.637+0000] {subprocess.py:93} INFO - 
[2025-02-28T09:03:51.637+0000] {subprocess.py:93} INFO - 	dvc config core.autostage true
[2025-02-28T09:03:53.885+0000] {subprocess.py:93} INFO - 
[2025-02-28T09:03:53.885+0000] {subprocess.py:93} INFO - To track the changes with git, run:
[2025-02-28T09:03:53.886+0000] {subprocess.py:93} INFO - 
[2025-02-28T09:03:53.887+0000] {subprocess.py:93} INFO - 	git add visualization.dvc
[2025-02-28T09:03:53.888+0000] {subprocess.py:93} INFO - 
[2025-02-28T09:03:53.888+0000] {subprocess.py:93} INFO - To enable auto staging, run:
[2025-02-28T09:03:53.888+0000] {subprocess.py:93} INFO - 
[2025-02-28T09:03:53.889+0000] {subprocess.py:93} INFO - 	dvc config core.autostage true
[2025-02-28T09:03:54.231+0000] {subprocess.py:93} INFO - [main b7cae86] Updated cleaned data version
[2025-02-28T09:03:54.232+0000] {subprocess.py:93} INFO -  1 file changed, 1 insertion(+), 1 deletion(-)
[2025-02-28T09:04:04.322+0000] {subprocess.py:93} INFO - 2 files pushed
[2025-02-28T09:04:05.969+0000] {subprocess.py:93} INFO - To https://github.com/anniemathew-trial/customer_churn_pipeline.git
[2025-02-28T09:04:05.969+0000] {subprocess.py:93} INFO -    f5a6565..b7cae86  main -> main
[2025-02-28T09:04:05.974+0000] {subprocess.py:97} INFO - Command exited with return code 0
[2025-02-28T09:04:06.017+0000] {taskinstance.py:1400} INFO - Marking task as SUCCESS. dag_id=customer_churn_ml_pipeline, task_id=data_preparation_task, execution_date=20250228T090301, start_date=20250228T090341, end_date=20250228T090406
[2025-02-28T09:04:06.037+0000] {local_task_job_runner.py:228} INFO - Task exited with return code 0
[2025-02-28T09:04:06.076+0000] {taskinstance.py:2778} INFO - 1 downstream tasks scheduled from follow-on schedule check
