[2025-03-04T01:36:43.802+0000] {taskinstance.py:1159} INFO - Dependencies all met for dep_context=non-requeueable deps ti=<TaskInstance: customer_churn_ml_pipeline.model_training_task manual__2025-03-04T01:33:59.890778+00:00 [queued]>
[2025-03-04T01:36:43.818+0000] {taskinstance.py:1159} INFO - Dependencies all met for dep_context=requeueable deps ti=<TaskInstance: customer_churn_ml_pipeline.model_training_task manual__2025-03-04T01:33:59.890778+00:00 [queued]>
[2025-03-04T01:36:43.819+0000] {taskinstance.py:1361} INFO - Starting attempt 1 of 1
[2025-03-04T01:36:43.846+0000] {taskinstance.py:1382} INFO - Executing <Task(BashOperator): model_training_task> on 2025-03-04 01:33:59.890778+00:00
[2025-03-04T01:36:43.853+0000] {standard_task_runner.py:57} INFO - Started process 10648 to run task
[2025-03-04T01:36:43.859+0000] {standard_task_runner.py:84} INFO - Running: ['***', 'tasks', 'run', 'customer_churn_ml_pipeline', 'model_training_task', 'manual__2025-03-04T01:33:59.890778+00:00', '--job-id', '282', '--raw', '--subdir', 'DAGS_FOLDER/customer_churn.py', '--cfg-path', '/tmp/tmp16j3jwl5']
[2025-03-04T01:36:43.863+0000] {standard_task_runner.py:85} INFO - Job 282: Subtask model_training_task
[2025-03-04T01:36:43.895+0000] {logging_mixin.py:154} WARNING - /home/***/.local/lib/python3.8/site-packages/***/settings.py:195 DeprecationWarning: The sql_alchemy_conn option in [core] has been moved to the sql_alchemy_conn option in [database] - the old setting has been used, but please update your config.
[2025-03-04T01:36:43.965+0000] {task_command.py:416} INFO - Running <TaskInstance: customer_churn_ml_pipeline.model_training_task manual__2025-03-04T01:33:59.890778+00:00 [running]> on host 157237bff8f7
[2025-03-04T01:36:44.138+0000] {taskinstance.py:1662} INFO - Exporting env vars: AIRFLOW_CTX_DAG_OWNER='***' AIRFLOW_CTX_DAG_ID='customer_churn_ml_pipeline' AIRFLOW_CTX_TASK_ID='model_training_task' AIRFLOW_CTX_EXECUTION_DATE='2025-03-04T01:33:59.890778+00:00' AIRFLOW_CTX_TRY_NUMBER='1' AIRFLOW_CTX_DAG_RUN_ID='manual__2025-03-04T01:33:59.890778+00:00'
[2025-03-04T01:36:44.140+0000] {subprocess.py:63} INFO - Tmp dir root location: /tmp
[2025-03-04T01:36:44.141+0000] {subprocess.py:75} INFO - Running command: ['/bin/bash', '-c', '\n\t    \t\tcd /opt/***\n       \t\t\t    python /opt/***/executables/model_training.py && \t      \t\t    git add logs && \t      \t\t    git add mlruns && \t        \t    git status &&                             git commit -m "Trained model version" -a && \\    \n\t\t\t    git push\n                        ']
[2025-03-04T01:36:44.156+0000] {subprocess.py:86} INFO - Output:
[2025-03-04T01:36:54.308+0000] {subprocess.py:93} INFO - /home/***/.local/lib/python3.8/site-packages/mlflow/gateway/config.py:64: PydanticDeprecatedSince20: Pydantic V1 style `@validator` validators are deprecated. You should migrate to Pydantic V2 style `@field_validator` validators, see the migration guide for more details. Deprecated in Pydantic V2.0 to be removed in V3.0. See Pydantic V2 Migration Guide at https://errors.pydantic.dev/2.4/migration/
[2025-03-04T01:36:54.309+0000] {subprocess.py:93} INFO -   @validator("togetherai_api_key", pre=True)
[2025-03-04T01:36:54.309+0000] {subprocess.py:93} INFO - /home/***/.local/lib/python3.8/site-packages/mlflow/gateway/config.py:372: PydanticDeprecatedSince20: Pydantic V1 style `@root_validator` validators are deprecated. You should migrate to Pydantic V2 style `@model_validator` validators, see the migration guide for more details. Deprecated in Pydantic V2.0 to be removed in V3.0. See Pydantic V2 Migration Guide at https://errors.pydantic.dev/2.4/migration/
[2025-03-04T01:36:54.309+0000] {subprocess.py:93} INFO -   @root_validator(skip_on_failure=True)
[2025-03-04T01:36:54.309+0000] {subprocess.py:93} INFO - /home/***/.local/lib/python3.8/site-packages/pydantic/_internal/_config.py:267: PydanticDeprecatedSince20: Support for class-based `config` is deprecated, use ConfigDict instead. Deprecated in Pydantic V2.0 to be removed in V3.0. See Pydantic V2 Migration Guide at https://errors.pydantic.dev/2.4/migration/
[2025-03-04T01:36:54.310+0000] {subprocess.py:93} INFO -   warnings.warn(DEPRECATION_MESSAGE, DeprecationWarning)
[2025-03-04T01:36:54.310+0000] {subprocess.py:93} INFO - 2025-03-04 01:36:54,308 : INFO : Starting model training
[2025-03-04T01:36:54.335+0000] {subprocess.py:93} INFO - 2025-03-04 01:36:54,335 : INFO : Registry cache expired, so refreshing
[2025-03-04T01:36:54.349+0000] {subprocess.py:93} INFO - 2025-03-04 01:36:54,348 : INFO : Getting data
[2025-03-04T01:36:54.350+0000] {subprocess.py:93} INFO - 2025-03-04 01:36:54,350 : INFO : Start and End Range: 1 to 1000
[2025-03-04T01:36:55.018+0000] {subprocess.py:93} INFO - 2025-03-04 01:36:55,017 : INFO : Data fetched: 999
[2025-03-04T01:36:55.018+0000] {subprocess.py:93} INFO - 2025-03-04 01:36:55,017 : INFO : New Start and End Range: 1001 to 2000
[2025-03-04T01:36:55.019+0000] {subprocess.py:93} INFO - 2025-03-04 01:36:55,018 : INFO : Start and End Range: 1001 to 2000
[2025-03-04T01:36:55.541+0000] {subprocess.py:93} INFO - 2025-03-04 01:36:55,540 : INFO : Data fetched: 999
[2025-03-04T01:36:55.550+0000] {subprocess.py:93} INFO - 2025-03-04 01:36:55,540 : INFO : New Start and End Range: 3001 to 4000
[2025-03-04T01:36:55.550+0000] {subprocess.py:93} INFO - 2025-03-04 01:36:55,550 : INFO : Start and End Range: 3001 to 4000
[2025-03-04T01:36:56.132+0000] {subprocess.py:93} INFO - 2025-03-04 01:36:56,132 : INFO : Data fetched: 999
[2025-03-04T01:36:56.133+0000] {subprocess.py:93} INFO - 2025-03-04 01:36:56,132 : INFO : New Start and End Range: 7001 to 8000
[2025-03-04T01:36:56.133+0000] {subprocess.py:93} INFO - 2025-03-04 01:36:56,133 : INFO : Start and End Range: 7001 to 8000
[2025-03-04T01:36:56.543+0000] {subprocess.py:93} INFO - 2025-03-04 01:36:56,543 : INFO : Data fetched: 999
[2025-03-04T01:36:56.544+0000] {subprocess.py:93} INFO - 2025-03-04 01:36:56,543 : INFO : New Start and End Range: 15001 to 16000
[2025-03-04T01:36:56.544+0000] {subprocess.py:93} INFO - 2025-03-04 01:36:56,544 : INFO : Start and End Range: 15001 to 16000
[2025-03-04T01:36:57.023+0000] {subprocess.py:93} INFO - 2025-03-04 01:36:57,023 : INFO : Data fetched: 999
[2025-03-04T01:36:57.024+0000] {subprocess.py:93} INFO - 2025-03-04 01:36:57,023 : INFO : New Start and End Range: 31001 to 32000
[2025-03-04T01:36:57.024+0000] {subprocess.py:93} INFO - 2025-03-04 01:36:57,024 : INFO : Start and End Range: 31001 to 32000
[2025-03-04T01:36:57.433+0000] {subprocess.py:93} INFO - 2025-03-04 01:36:57,432 : INFO : Data fetched: 999
[2025-03-04T01:36:57.433+0000] {subprocess.py:93} INFO - 2025-03-04 01:36:57,432 : INFO : New Start and End Range: 63001 to 64000
[2025-03-04T01:36:57.433+0000] {subprocess.py:93} INFO - 2025-03-04 01:36:57,433 : INFO : Start and End Range: 63001 to 64000
[2025-03-04T01:36:57.572+0000] {subprocess.py:93} INFO - 2025-03-04 01:36:57,572 : INFO : Reached End of Data
[2025-03-04T01:36:57.576+0000] {subprocess.py:93} INFO - 2025-03-04 01:36:57,576 : INFO : Stoping at Start and End Range: 63001 to 64000
[2025-03-04T01:36:57.577+0000] {subprocess.py:93} INFO - 2025-03-04 01:36:57,576 : INFO : Created feature data
[2025-03-04T01:36:57.577+0000] {subprocess.py:93} INFO - 2025-03-04 01:36:57,576 : INFO : Total Data fetched: 6
[2025-03-04T01:36:57.584+0000] {subprocess.py:93} INFO - 2025-03-04 01:36:57,583 : INFO : received feature data
[2025-03-04T01:36:57.591+0000] {subprocess.py:93} INFO - 2025-03-04 01:36:57,591 : INFO : Models defined
[2025-03-04T01:36:57.592+0000] {subprocess.py:93} INFO - 2025-03-04 01:36:57,591 : INFO : Training model RandomForest
[2025-03-04T01:36:59.313+0000] {subprocess.py:93} INFO - 2025-03-04 01:36:59,312 : INFO : Predicting model RandomForest
[2025-03-04T01:36:59.373+0000] {subprocess.py:93} INFO - 2025-03-04 01:36:59,373 : INFO : Calculating accuracy RandomForest
[2025-03-04T01:37:05.685+0000] {subprocess.py:93} INFO - 2025/03/04 01:37:05 WARNING mlflow.models.model: Model logged without a signature and input example. Please set `input_example` parameter when logging the model to auto infer the model signature.
[2025-03-04T01:37:05.857+0000] {subprocess.py:93} INFO - 2025-03-04 01:37:05,857 : INFO : Logged model RandomForest
[2025-03-04T01:37:05.896+0000] {subprocess.py:93} INFO - 2025/03/04 01:37:05 INFO mlflow.tracking._tracking_service.client: 🏃 View run RandomForest at: http://localhost:5000/#/experiments/0/runs/d1f2b1b1574c44269df61943931a335e.
[2025-03-04T01:37:05.896+0000] {subprocess.py:93} INFO - 2025/03/04 01:37:05 INFO mlflow.tracking._tracking_service.client: 🧪 View experiment at: http://localhost:5000/#/experiments/0.
[2025-03-04T01:37:05.907+0000] {subprocess.py:93} INFO - 2025-03-04 01:37:05,907 : INFO : Training model LogisticRegression
[2025-03-04T01:37:06.212+0000] {subprocess.py:93} INFO - /home/***/.local/lib/python3.8/site-packages/sklearn/linear_model/_logistic.py:460: ConvergenceWarning: lbfgs failed to converge (status=1):
[2025-03-04T01:37:06.213+0000] {subprocess.py:93} INFO - STOP: TOTAL NO. of ITERATIONS REACHED LIMIT.
[2025-03-04T01:37:06.213+0000] {subprocess.py:93} INFO - 
[2025-03-04T01:37:06.214+0000] {subprocess.py:93} INFO - Increase the number of iterations (max_iter) or scale the data as shown in:
[2025-03-04T01:37:06.214+0000] {subprocess.py:93} INFO -     https://scikit-learn.org/stable/modules/preprocessing.html
[2025-03-04T01:37:06.215+0000] {subprocess.py:93} INFO - Please also refer to the documentation for alternative solver options:
[2025-03-04T01:37:06.216+0000] {subprocess.py:93} INFO -     https://scikit-learn.org/stable/modules/linear_model.html#logistic-regression
[2025-03-04T01:37:06.216+0000] {subprocess.py:93} INFO -   n_iter_i = _check_optimize_result(
[2025-03-04T01:37:06.216+0000] {subprocess.py:93} INFO - 2025-03-04 01:37:06,212 : INFO : Predicting model LogisticRegression
[2025-03-04T01:37:06.227+0000] {subprocess.py:93} INFO - 2025-03-04 01:37:06,227 : INFO : Calculating accuracy LogisticRegression
[2025-03-04T01:37:13.143+0000] {subprocess.py:93} INFO - 2025/03/04 01:37:13 WARNING mlflow.models.model: Model logged without a signature and input example. Please set `input_example` parameter when logging the model to auto infer the model signature.
[2025-03-04T01:37:13.240+0000] {subprocess.py:93} INFO - 2025-03-04 01:37:13,240 : INFO : Logged model LogisticRegression
[2025-03-04T01:37:13.261+0000] {subprocess.py:93} INFO - 2025/03/04 01:37:13 INFO mlflow.tracking._tracking_service.client: 🏃 View run LogisticRegression at: http://localhost:5000/#/experiments/0/runs/4b42f4acdede438a89ec14ffb565f260.
[2025-03-04T01:37:13.261+0000] {subprocess.py:93} INFO - 2025/03/04 01:37:13 INFO mlflow.tracking._tracking_service.client: 🧪 View experiment at: http://localhost:5000/#/experiments/0.
[2025-03-04T01:37:13.273+0000] {subprocess.py:93} INFO - 2025-03-04 01:37:13,273 : INFO : Training model SVM
[2025-03-04T01:37:19.118+0000] {subprocess.py:93} INFO - 2025-03-04 01:37:19,117 : INFO : Predicting model SVM
[2025-03-04T01:37:19.340+0000] {subprocess.py:93} INFO - 2025-03-04 01:37:19,340 : INFO : Calculating accuracy SVM
[2025-03-04T01:37:24.428+0000] {subprocess.py:93} INFO - /home/***/.local/lib/python3.8/site-packages/sklearn/metrics/_classification.py:1471: UndefinedMetricWarning: Precision is ill-defined and being set to 0.0 due to no predicted samples. Use `zero_division` parameter to control this behavior.
[2025-03-04T01:37:24.429+0000] {subprocess.py:93} INFO -   _warn_prf(average, modifier, msg_start, len(result))
[2025-03-04T01:37:24.429+0000] {subprocess.py:93} INFO - 2025/03/04 01:37:24 WARNING mlflow.models.model: Model logged without a signature and input example. Please set `input_example` parameter when logging the model to auto infer the model signature.
[2025-03-04T01:37:24.519+0000] {subprocess.py:93} INFO - 2025-03-04 01:37:24,518 : INFO : Logged model SVM
[2025-03-04T01:37:24.542+0000] {subprocess.py:93} INFO - 2025/03/04 01:37:24 INFO mlflow.tracking._tracking_service.client: 🏃 View run SVM at: http://localhost:5000/#/experiments/0/runs/25826f7f3e8d41ef93870c1988394c09.
[2025-03-04T01:37:24.543+0000] {subprocess.py:93} INFO - 2025/03/04 01:37:24 INFO mlflow.tracking._tracking_service.client: 🧪 View experiment at: http://localhost:5000/#/experiments/0.
[2025-03-04T01:37:24.556+0000] {subprocess.py:93} INFO - 2025-03-04 01:37:24,556 : INFO : Starting best model registration
[2025-03-04T01:37:24.557+0000] {subprocess.py:93} INFO - 2025-03-04 01:37:24,556 : INFO : Finding Best model
[2025-03-04T01:37:24.776+0000] {subprocess.py:93} INFO - 2025-03-04 01:37:24,775 : INFO : Selected best model : run_id                                            a60d3cac7c7146ef8222f4694fe2f085
[2025-03-04T01:37:24.776+0000] {subprocess.py:93} INFO - experiment_id                                                                    0
[2025-03-04T01:37:24.776+0000] {subprocess.py:93} INFO - status                                                                    FINISHED
[2025-03-04T01:37:24.777+0000] {subprocess.py:93} INFO - artifact_uri                     mlflow-artifacts:/0/a60d3cac7c7146ef8222f4694f...
[2025-03-04T01:37:24.777+0000] {subprocess.py:93} INFO - start_time                                        2025-03-03 23:24:05.597000+00:00
[2025-03-04T01:37:24.778+0000] {subprocess.py:93} INFO - end_time                                          2025-03-03 23:24:12.125000+00:00
[2025-03-04T01:37:24.778+0000] {subprocess.py:93} INFO - metrics.precision                                                         0.828221
[2025-03-04T01:37:24.778+0000] {subprocess.py:93} INFO - metrics.accuracy                                                          0.883236
[2025-03-04T01:37:24.778+0000] {subprocess.py:93} INFO - metrics.f1_score                                                          0.658537
[2025-03-04T01:37:24.779+0000] {subprocess.py:93} INFO - metrics.recall                                                            0.546559
[2025-03-04T01:37:24.779+0000] {subprocess.py:93} INFO - params.model_type                                                     RandomForest
[2025-03-04T01:37:24.779+0000] {subprocess.py:93} INFO - tags.mlflow.source.name                 /opt/***/executables/model_training.py
[2025-03-04T01:37:24.780+0000] {subprocess.py:93} INFO - tags.mlflow.log-model.history    [{"run_id": "a60d3cac7c7146ef8222f4694fe2f085"...
[2025-03-04T01:37:24.780+0000] {subprocess.py:93} INFO - tags.mlflow.runName                                                   RandomForest
[2025-03-04T01:37:24.780+0000] {subprocess.py:93} INFO - tags.mlflow.source.type                                                      LOCAL
[2025-03-04T01:37:24.781+0000] {subprocess.py:93} INFO - tags.mlflow.source.git.commit             5447d8491dd3d24554282114febda59b9b86ad16
[2025-03-04T01:37:24.781+0000] {subprocess.py:93} INFO - tags.mlflow.user                                                           ***
[2025-03-04T01:37:24.781+0000] {subprocess.py:93} INFO - Name: 20, dtype: object
[2025-03-04T01:37:24.781+0000] {subprocess.py:93} INFO - 2025-03-04 01:37:24,776 : INFO : Registering best model runs:/a60d3cac7c7146ef8222f4694fe2f085/RandomForest_model
[2025-03-04T01:37:24.906+0000] {subprocess.py:93} INFO - Registered model 'Best_ML_Model' already exists. Creating a new version of this model...
[2025-03-04T01:37:24.907+0000] {subprocess.py:93} INFO - 2025/03/04 01:37:24 INFO mlflow.store.model_registry.abstract_store: Waiting up to 300 seconds for model version to finish creation. Model name: Best_ML_Model, version 9
[2025-03-04T01:37:24.907+0000] {subprocess.py:93} INFO - Created version '9' of model 'Best_ML_Model'.
[2025-03-04T01:37:24.908+0000] {subprocess.py:93} INFO - 2025-03-04 01:37:24,906 : INFO : Completed model training & registration !!
[2025-03-04T01:37:26.769+0000] {subprocess.py:93} INFO - On branch main
[2025-03-04T01:37:26.770+0000] {subprocess.py:93} INFO - Your branch is up to date with 'origin/main'.
[2025-03-04T01:37:26.771+0000] {subprocess.py:93} INFO - 
[2025-03-04T01:37:26.771+0000] {subprocess.py:93} INFO - Changes to be committed:
[2025-03-04T01:37:26.771+0000] {subprocess.py:93} INFO -   (use "git restore --staged <file>..." to unstage)
[2025-03-04T01:37:26.772+0000] {subprocess.py:93} INFO - 	new file:   logs/dag_id=customer_churn_ml_pipeline/run_id=manual__2025-03-04T01:33:59.890778+00:00/task_id=feature_store_task/attempt=1.log
[2025-03-04T01:37:26.772+0000] {subprocess.py:93} INFO - 	new file:   logs/dag_id=customer_churn_ml_pipeline/run_id=manual__2025-03-04T01:33:59.890778+00:00/task_id=model_training_task/attempt=1.log
[2025-03-04T01:37:26.772+0000] {subprocess.py:93} INFO - 	modified:   logs/dag_processor_manager/dag_processor_manager.log
[2025-03-04T01:37:26.773+0000] {subprocess.py:93} INFO - 	modified:   logs/model_training.log
[2025-03-04T01:37:26.773+0000] {subprocess.py:93} INFO - 	modified:   logs/scheduler/2025-03-04/customer_churn.py.log
[2025-03-04T01:37:26.773+0000] {subprocess.py:93} INFO - 	new file:   mlruns/mlruns/mlartifacts/0/25826f7f3e8d41ef93870c1988394c09/artifacts/SVM_model/MLmodel
[2025-03-04T01:37:26.773+0000] {subprocess.py:93} INFO - 	new file:   mlruns/mlruns/mlartifacts/0/25826f7f3e8d41ef93870c1988394c09/artifacts/SVM_model/conda.yaml
[2025-03-04T01:37:26.774+0000] {subprocess.py:93} INFO - 	new file:   mlruns/mlruns/mlartifacts/0/25826f7f3e8d41ef93870c1988394c09/artifacts/SVM_model/model.pkl
[2025-03-04T01:37:26.774+0000] {subprocess.py:93} INFO - 	new file:   mlruns/mlruns/mlartifacts/0/25826f7f3e8d41ef93870c1988394c09/artifacts/SVM_model/python_env.yaml
[2025-03-04T01:37:26.774+0000] {subprocess.py:93} INFO - 	new file:   mlruns/mlruns/mlartifacts/0/25826f7f3e8d41ef93870c1988394c09/artifacts/SVM_model/requirements.txt
[2025-03-04T01:37:26.775+0000] {subprocess.py:93} INFO - 	new file:   mlruns/mlruns/mlartifacts/0/4b42f4acdede438a89ec14ffb565f260/artifacts/LogisticRegression_model/MLmodel
[2025-03-04T01:37:26.775+0000] {subprocess.py:93} INFO - 	new file:   mlruns/mlruns/mlartifacts/0/4b42f4acdede438a89ec14ffb565f260/artifacts/LogisticRegression_model/conda.yaml
[2025-03-04T01:37:26.775+0000] {subprocess.py:93} INFO - 	new file:   mlruns/mlruns/mlartifacts/0/4b42f4acdede438a89ec14ffb565f260/artifacts/LogisticRegression_model/model.pkl
[2025-03-04T01:37:26.775+0000] {subprocess.py:93} INFO - 	new file:   mlruns/mlruns/mlartifacts/0/4b42f4acdede438a89ec14ffb565f260/artifacts/LogisticRegression_model/python_env.yaml
[2025-03-04T01:37:26.776+0000] {subprocess.py:93} INFO - 	new file:   mlruns/mlruns/mlartifacts/0/4b42f4acdede438a89ec14ffb565f260/artifacts/LogisticRegression_model/requirements.txt
[2025-03-04T01:37:26.776+0000] {subprocess.py:93} INFO - 	new file:   mlruns/mlruns/mlartifacts/0/d1f2b1b1574c44269df61943931a335e/artifacts/RandomForest_model/MLmodel
[2025-03-04T01:37:26.776+0000] {subprocess.py:93} INFO - 	new file:   mlruns/mlruns/mlartifacts/0/d1f2b1b1574c44269df61943931a335e/artifacts/RandomForest_model/conda.yaml
[2025-03-04T01:37:26.777+0000] {subprocess.py:93} INFO - 	new file:   mlruns/mlruns/mlartifacts/0/d1f2b1b1574c44269df61943931a335e/artifacts/RandomForest_model/model.pkl
[2025-03-04T01:37:26.777+0000] {subprocess.py:93} INFO - 	new file:   mlruns/mlruns/mlartifacts/0/d1f2b1b1574c44269df61943931a335e/artifacts/RandomForest_model/python_env.yaml
[2025-03-04T01:37:26.777+0000] {subprocess.py:93} INFO - 	new file:   mlruns/mlruns/mlartifacts/0/d1f2b1b1574c44269df61943931a335e/artifacts/RandomForest_model/requirements.txt
[2025-03-04T01:37:26.777+0000] {subprocess.py:93} INFO - 	new file:   mlruns/mlruns/mlruns/0/25826f7f3e8d41ef93870c1988394c09/meta.yaml
[2025-03-04T01:37:26.778+0000] {subprocess.py:93} INFO - 	new file:   mlruns/mlruns/mlruns/0/25826f7f3e8d41ef93870c1988394c09/metrics/accuracy
[2025-03-04T01:37:26.778+0000] {subprocess.py:93} INFO - 	new file:   mlruns/mlruns/mlruns/0/25826f7f3e8d41ef93870c1988394c09/metrics/f1_score
[2025-03-04T01:37:26.778+0000] {subprocess.py:93} INFO - 	new file:   mlruns/mlruns/mlruns/0/25826f7f3e8d41ef93870c1988394c09/metrics/precision
[2025-03-04T01:37:26.779+0000] {subprocess.py:93} INFO - 	new file:   mlruns/mlruns/mlruns/0/25826f7f3e8d41ef93870c1988394c09/metrics/recall
[2025-03-04T01:37:26.779+0000] {subprocess.py:93} INFO - 	new file:   mlruns/mlruns/mlruns/0/25826f7f3e8d41ef93870c1988394c09/params/model_type
[2025-03-04T01:37:26.779+0000] {subprocess.py:93} INFO - 	new file:   mlruns/mlruns/mlruns/0/25826f7f3e8d41ef93870c1988394c09/tags/mlflow.log-model.history
[2025-03-04T01:37:26.780+0000] {subprocess.py:93} INFO - 	new file:   mlruns/mlruns/mlruns/0/25826f7f3e8d41ef93870c1988394c09/tags/mlflow.runName
[2025-03-04T01:37:26.780+0000] {subprocess.py:93} INFO - 	new file:   mlruns/mlruns/mlruns/0/25826f7f3e8d41ef93870c1988394c09/tags/mlflow.source.git.commit
[2025-03-04T01:37:26.780+0000] {subprocess.py:93} INFO - 	new file:   mlruns/mlruns/mlruns/0/25826f7f3e8d41ef93870c1988394c09/tags/mlflow.source.name
[2025-03-04T01:37:26.781+0000] {subprocess.py:93} INFO - 	new file:   mlruns/mlruns/mlruns/0/25826f7f3e8d41ef93870c1988394c09/tags/mlflow.source.type
[2025-03-04T01:37:26.781+0000] {subprocess.py:93} INFO - 	new file:   mlruns/mlruns/mlruns/0/25826f7f3e8d41ef93870c1988394c09/tags/mlflow.user
[2025-03-04T01:37:26.781+0000] {subprocess.py:93} INFO - 	new file:   mlruns/mlruns/mlruns/0/4b42f4acdede438a89ec14ffb565f260/meta.yaml
[2025-03-04T01:37:26.781+0000] {subprocess.py:93} INFO - 	new file:   mlruns/mlruns/mlruns/0/4b42f4acdede438a89ec14ffb565f260/metrics/accuracy
[2025-03-04T01:37:26.782+0000] {subprocess.py:93} INFO - 	new file:   mlruns/mlruns/mlruns/0/4b42f4acdede438a89ec14ffb565f260/metrics/f1_score
[2025-03-04T01:37:26.782+0000] {subprocess.py:93} INFO - 	new file:   mlruns/mlruns/mlruns/0/4b42f4acdede438a89ec14ffb565f260/metrics/precision
[2025-03-04T01:37:26.782+0000] {subprocess.py:93} INFO - 	new file:   mlruns/mlruns/mlruns/0/4b42f4acdede438a89ec14ffb565f260/metrics/recall
[2025-03-04T01:37:26.783+0000] {subprocess.py:93} INFO - 	new file:   mlruns/mlruns/mlruns/0/4b42f4acdede438a89ec14ffb565f260/params/model_type
[2025-03-04T01:37:26.784+0000] {subprocess.py:93} INFO - 	new file:   mlruns/mlruns/mlruns/0/4b42f4acdede438a89ec14ffb565f260/tags/mlflow.log-model.history
