[2025-03-01T16:57:59.441+0000] {taskinstance.py:1159} INFO - Dependencies all met for dep_context=non-requeueable deps ti=<TaskInstance: customer_churn_ml_pipeline.model_training_task manual__2025-03-01T16:55:41.208875+00:00 [queued]>
[2025-03-01T16:57:59.457+0000] {taskinstance.py:1159} INFO - Dependencies all met for dep_context=requeueable deps ti=<TaskInstance: customer_churn_ml_pipeline.model_training_task manual__2025-03-01T16:55:41.208875+00:00 [queued]>
[2025-03-01T16:57:59.457+0000] {taskinstance.py:1361} INFO - Starting attempt 1 of 1
[2025-03-01T16:57:59.477+0000] {taskinstance.py:1382} INFO - Executing <Task(BashOperator): model_training_task> on 2025-03-01 16:55:41.208875+00:00
[2025-03-01T16:57:59.486+0000] {standard_task_runner.py:57} INFO - Started process 18325 to run task
[2025-03-01T16:57:59.489+0000] {standard_task_runner.py:84} INFO - Running: ['***', 'tasks', 'run', 'customer_churn_ml_pipeline', 'model_training_task', 'manual__2025-03-01T16:55:41.208875+00:00', '--job-id', '191', '--raw', '--subdir', 'DAGS_FOLDER/customer_churn.py', '--cfg-path', '/tmp/tmpp0_vo157']
[2025-03-01T16:57:59.493+0000] {standard_task_runner.py:85} INFO - Job 191: Subtask model_training_task
[2025-03-01T16:57:59.521+0000] {logging_mixin.py:154} WARNING - /home/***/.local/lib/python3.8/site-packages/***/settings.py:195 DeprecationWarning: The sql_alchemy_conn option in [core] has been moved to the sql_alchemy_conn option in [database] - the old setting has been used, but please update your config.
[2025-03-01T16:57:59.580+0000] {task_command.py:416} INFO - Running <TaskInstance: customer_churn_ml_pipeline.model_training_task manual__2025-03-01T16:55:41.208875+00:00 [running]> on host 7e994a0ed489
[2025-03-01T16:57:59.741+0000] {taskinstance.py:1662} INFO - Exporting env vars: AIRFLOW_CTX_DAG_OWNER='***' AIRFLOW_CTX_DAG_ID='customer_churn_ml_pipeline' AIRFLOW_CTX_TASK_ID='model_training_task' AIRFLOW_CTX_EXECUTION_DATE='2025-03-01T16:55:41.208875+00:00' AIRFLOW_CTX_TRY_NUMBER='1' AIRFLOW_CTX_DAG_RUN_ID='manual__2025-03-01T16:55:41.208875+00:00'
[2025-03-01T16:57:59.742+0000] {subprocess.py:63} INFO - Tmp dir root location: /tmp
[2025-03-01T16:57:59.743+0000] {subprocess.py:75} INFO - Running command: ['/bin/bash', '-c', '\n\t    \t\tcd /opt/***\n       \t\t\t    python /opt/***/executables/model_training.py && \t      \t\t    git add logs &&\t      \t\t    git add mlruns &&                            git commit -m "Trained model version" -a && \\    \n\t\t\t    git push\n                        ']
[2025-03-01T16:57:59.758+0000] {subprocess.py:86} INFO - Output:
[2025-03-01T16:58:06.660+0000] {subprocess.py:93} INFO - /home/***/.local/lib/python3.8/site-packages/mlflow/gateway/config.py:64: PydanticDeprecatedSince20: Pydantic V1 style `@validator` validators are deprecated. You should migrate to Pydantic V2 style `@field_validator` validators, see the migration guide for more details. Deprecated in Pydantic V2.0 to be removed in V3.0. See Pydantic V2 Migration Guide at https://errors.pydantic.dev/2.4/migration/
[2025-03-01T16:58:06.662+0000] {subprocess.py:93} INFO -   @validator("togetherai_api_key", pre=True)
[2025-03-01T16:58:06.662+0000] {subprocess.py:93} INFO - /home/***/.local/lib/python3.8/site-packages/mlflow/gateway/config.py:372: PydanticDeprecatedSince20: Pydantic V1 style `@root_validator` validators are deprecated. You should migrate to Pydantic V2 style `@model_validator` validators, see the migration guide for more details. Deprecated in Pydantic V2.0 to be removed in V3.0. See Pydantic V2 Migration Guide at https://errors.pydantic.dev/2.4/migration/
[2025-03-01T16:58:06.662+0000] {subprocess.py:93} INFO -   @root_validator(skip_on_failure=True)
[2025-03-01T16:58:06.662+0000] {subprocess.py:93} INFO - /home/***/.local/lib/python3.8/site-packages/pydantic/_internal/_config.py:267: PydanticDeprecatedSince20: Support for class-based `config` is deprecated, use ConfigDict instead. Deprecated in Pydantic V2.0 to be removed in V3.0. See Pydantic V2 Migration Guide at https://errors.pydantic.dev/2.4/migration/
[2025-03-01T16:58:06.662+0000] {subprocess.py:93} INFO -   warnings.warn(DEPRECATION_MESSAGE, DeprecationWarning)
[2025-03-01T16:58:06.663+0000] {subprocess.py:93} INFO - 2025-03-01 16:58:06,660 : INFO : Starting model training
[2025-03-01T16:58:06.679+0000] {subprocess.py:93} INFO - 2025-03-01 16:58:06,678 : INFO : Registry cache expired, so refreshing
[2025-03-01T16:58:06.687+0000] {subprocess.py:93} INFO - 2025-03-01 16:58:06,687 : INFO : Getting data
[2025-03-01T16:58:06.689+0000] {subprocess.py:93} INFO - 2025-03-01 16:58:06,688 : INFO : Start and End Range: 1 to 1000
[2025-03-01T16:58:07.251+0000] {subprocess.py:93} INFO - 2025-03-01 16:58:07,251 : INFO : New Start and End Range: 1001 to 2000
[2025-03-01T16:58:07.252+0000] {subprocess.py:93} INFO - 2025-03-01 16:58:07,252 : INFO : Start and End Range: 1001 to 2000
[2025-03-01T16:58:07.678+0000] {subprocess.py:93} INFO - 2025-03-01 16:58:07,677 : INFO : New Start and End Range: 3001 to 4000
[2025-03-01T16:58:07.678+0000] {subprocess.py:93} INFO - 2025-03-01 16:58:07,678 : INFO : Start and End Range: 3001 to 4000
[2025-03-01T16:58:08.116+0000] {subprocess.py:93} INFO - 2025-03-01 16:58:08,116 : INFO : New Start and End Range: 7001 to 8000
[2025-03-01T16:58:08.117+0000] {subprocess.py:93} INFO - 2025-03-01 16:58:08,117 : INFO : Start and End Range: 7001 to 8000
[2025-03-01T16:58:08.434+0000] {subprocess.py:93} INFO - 2025-03-01 16:58:08,433 : INFO : New Start and End Range: 15001 to 16000
[2025-03-01T16:58:08.434+0000] {subprocess.py:93} INFO - 2025-03-01 16:58:08,434 : INFO : Start and End Range: 15001 to 16000
[2025-03-01T16:58:08.823+0000] {subprocess.py:93} INFO - 2025-03-01 16:58:08,823 : INFO : New Start and End Range: 31001 to 32000
[2025-03-01T16:58:08.823+0000] {subprocess.py:93} INFO - 2025-03-01 16:58:08,823 : INFO : Start and End Range: 31001 to 32000
[2025-03-01T16:58:09.085+0000] {subprocess.py:93} INFO - 2025-03-01 16:58:09,084 : INFO : New Start and End Range: 63001 to 64000
[2025-03-01T16:58:09.085+0000] {subprocess.py:93} INFO - 2025-03-01 16:58:09,085 : INFO : Start and End Range: 63001 to 64000
[2025-03-01T16:58:09.353+0000] {subprocess.py:93} INFO - 2025-03-01 16:58:09,352 : INFO : New Start and End Range: 127001 to 128000
[2025-03-01T16:58:09.353+0000] {subprocess.py:93} INFO - 2025-03-01 16:58:09,353 : INFO : Start and End Range: 127001 to 128000
[2025-03-01T16:58:09.701+0000] {subprocess.py:93} INFO - 2025-03-01 16:58:09,700 : INFO : New Start and End Range: 255001 to 256000
[2025-03-01T16:58:09.701+0000] {subprocess.py:93} INFO - 2025-03-01 16:58:09,701 : INFO : Start and End Range: 255001 to 256000
[2025-03-01T16:58:10.027+0000] {subprocess.py:93} INFO - 2025-03-01 16:58:10,027 : INFO : New Start and End Range: 511001 to 512000
[2025-03-01T16:58:10.028+0000] {subprocess.py:93} INFO - 2025-03-01 16:58:10,028 : INFO : Start and End Range: 511001 to 512000
[2025-03-01T16:58:10.269+0000] {subprocess.py:93} INFO - 2025-03-01 16:58:10,269 : INFO : Stoping at Start and End Range: 511001 to 512000
[2025-03-01T16:58:10.270+0000] {subprocess.py:93} INFO - 2025-03-01 16:58:10,269 : INFO : Created feature data
[2025-03-01T16:58:10.345+0000] {subprocess.py:93} INFO - 2025-03-01 16:58:10,275 : INFO :    Id  CreditScoreTenureRatio  BalanceAgeRatio  ...   Balance    Tenure  HasCrCard
[2025-03-01T16:58:10.345+0000] {subprocess.py:93} INFO - 0   1                   310.0              0.0  ... -1.225848 -1.041760          1
[2025-03-01T16:58:10.346+0000] {subprocess.py:93} INFO - 1   2                   608.0           2044.0  ...  0.117350 -1.387538          1
[2025-03-01T16:58:10.346+0000] {subprocess.py:93} INFO - 2   3                    63.0           3801.0  ...  1.333053  1.032908          1
[2025-03-01T16:58:10.346+0000] {subprocess.py:93} INFO - 3   4                   699.0              0.0  ... -1.225848 -1.387538          1
[2025-03-01T16:58:10.347+0000] {subprocess.py:93} INFO - 4   5                   425.0           2919.0  ...  0.785728 -1.041760          1
[2025-03-01T16:58:10.347+0000] {subprocess.py:93} INFO - 
[2025-03-01T16:58:10.347+0000] {subprocess.py:93} INFO - [5 rows x 17 columns]
[2025-03-01T16:58:10.348+0000] {subprocess.py:93} INFO - 2025-03-01 16:58:10,346 : INFO : received feature data
[2025-03-01T16:58:10.352+0000] {subprocess.py:93} INFO - 2025-03-01 16:58:10,352 : INFO : Models defined
[2025-03-01T16:58:10.353+0000] {subprocess.py:93} INFO - 2025-03-01 16:58:10,353 : INFO : Training model RandomForest
[2025-03-01T16:58:12.427+0000] {subprocess.py:93} INFO - 2025-03-01 16:58:12,427 : INFO : Predicting model RandomForest
[2025-03-01T16:58:12.477+0000] {subprocess.py:93} INFO - 2025-03-01 16:58:12,476 : INFO : Calculating accuracy RandomForest
[2025-03-01T16:58:18.479+0000] {subprocess.py:93} INFO - 2025/03/01 16:58:18 WARNING mlflow.models.model: Model logged without a signature and input example. Please set `input_example` parameter when logging the model to auto infer the model signature.
[2025-03-01T16:58:18.657+0000] {subprocess.py:93} INFO - 2025-03-01 16:58:18,656 : INFO : Logged model RandomForest
[2025-03-01T16:58:18.697+0000] {subprocess.py:93} INFO - 2025/03/01 16:58:18 INFO mlflow.tracking._tracking_service.client: ðŸƒ View run upset-doe-702 at: http://localhost:5000/#/experiments/0/runs/a9effb053ac343b8a6e623608fe551ef.
[2025-03-01T16:58:18.697+0000] {subprocess.py:93} INFO - 2025/03/01 16:58:18 INFO mlflow.tracking._tracking_service.client: ðŸ§ª View experiment at: http://localhost:5000/#/experiments/0.
[2025-03-01T16:58:18.706+0000] {subprocess.py:93} INFO - 2025-03-01 16:58:18,706 : INFO : Training model LogisticRegression
[2025-03-01T16:58:18.901+0000] {subprocess.py:93} INFO - /home/***/.local/lib/python3.8/site-packages/sklearn/linear_model/_logistic.py:460: ConvergenceWarning: lbfgs failed to converge (status=1):
[2025-03-01T16:58:18.901+0000] {subprocess.py:93} INFO - STOP: TOTAL NO. of ITERATIONS REACHED LIMIT.
[2025-03-01T16:58:18.901+0000] {subprocess.py:93} INFO - 
[2025-03-01T16:58:18.902+0000] {subprocess.py:93} INFO - Increase the number of iterations (max_iter) or scale the data as shown in:
[2025-03-01T16:58:18.902+0000] {subprocess.py:93} INFO -     https://scikit-learn.org/stable/modules/preprocessing.html
[2025-03-01T16:58:18.902+0000] {subprocess.py:93} INFO - Please also refer to the documentation for alternative solver options:
[2025-03-01T16:58:18.903+0000] {subprocess.py:93} INFO -     https://scikit-learn.org/stable/modules/linear_model.html#logistic-regression
[2025-03-01T16:58:18.903+0000] {subprocess.py:93} INFO -   n_iter_i = _check_optimize_result(
[2025-03-01T16:58:18.903+0000] {subprocess.py:93} INFO - 2025-03-01 16:58:18,900 : INFO : Predicting model LogisticRegression
[2025-03-01T16:58:18.907+0000] {subprocess.py:93} INFO - 2025-03-01 16:58:18,907 : INFO : Calculating accuracy LogisticRegression
[2025-03-01T16:58:22.879+0000] {subprocess.py:93} INFO - 2025/03/01 16:58:22 WARNING mlflow.models.model: Model logged without a signature and input example. Please set `input_example` parameter when logging the model to auto infer the model signature.
[2025-03-01T16:58:22.935+0000] {subprocess.py:93} INFO - 2025-03-01 16:58:22,934 : INFO : Logged model LogisticRegression
[2025-03-01T16:58:22.947+0000] {subprocess.py:93} INFO - 2025/03/01 16:58:22 INFO mlflow.tracking._tracking_service.client: ðŸƒ View run wistful-shrike-705 at: http://localhost:5000/#/experiments/0/runs/10feeefa32c843f299ccd204dcc65798.
[2025-03-01T16:58:22.947+0000] {subprocess.py:93} INFO - 2025/03/01 16:58:22 INFO mlflow.tracking._tracking_service.client: ðŸ§ª View experiment at: http://localhost:5000/#/experiments/0.
[2025-03-01T16:58:22.955+0000] {subprocess.py:93} INFO - 2025-03-01 16:58:22,955 : INFO : Training model SVM
[2025-03-01T16:58:33.211+0000] {subprocess.py:93} INFO - 2025-03-01 16:58:33,211 : INFO : Predicting model SVM
[2025-03-01T16:58:33.729+0000] {subprocess.py:93} INFO - 2025-03-01 16:58:33,729 : INFO : Calculating accuracy SVM
[2025-03-01T16:58:38.036+0000] {subprocess.py:93} INFO - /home/***/.local/lib/python3.8/site-packages/sklearn/metrics/_classification.py:1471: UndefinedMetricWarning: Precision is ill-defined and being set to 0.0 due to no predicted samples. Use `zero_division` parameter to control this behavior.
[2025-03-01T16:58:38.037+0000] {subprocess.py:93} INFO -   _warn_prf(average, modifier, msg_start, len(result))
[2025-03-01T16:58:38.037+0000] {subprocess.py:93} INFO - 2025/03/01 16:58:38 WARNING mlflow.models.model: Model logged without a signature and input example. Please set `input_example` parameter when logging the model to auto infer the model signature.
[2025-03-01T16:58:38.096+0000] {subprocess.py:93} INFO - 2025-03-01 16:58:38,096 : INFO : Logged model SVM
[2025-03-01T16:58:38.109+0000] {subprocess.py:93} INFO - 2025/03/01 16:58:38 INFO mlflow.tracking._tracking_service.client: ðŸƒ View run classy-croc-529 at: http://localhost:5000/#/experiments/0/runs/d375ea16ea1143cdbb8900c62209bcc5.
[2025-03-01T16:58:38.109+0000] {subprocess.py:93} INFO - 2025/03/01 16:58:38 INFO mlflow.tracking._tracking_service.client: ðŸ§ª View experiment at: http://localhost:5000/#/experiments/0.
[2025-03-01T16:58:38.118+0000] {subprocess.py:93} INFO - 2025-03-01 16:58:38,117 : INFO : Starting best model registration
[2025-03-01T16:58:38.118+0000] {subprocess.py:93} INFO - 2025-03-01 16:58:38,117 : INFO : Finding Best model
[2025-03-01T16:58:38.222+0000] {subprocess.py:93} INFO - 2025-03-01 16:58:38,221 : INFO : Selected best model : run_id                                            a9effb053ac343b8a6e623608fe551ef
[2025-03-01T16:58:38.222+0000] {subprocess.py:93} INFO - experiment_id                                                                    0
[2025-03-01T16:58:38.222+0000] {subprocess.py:93} INFO - status                                                                    FINISHED
[2025-03-01T16:58:38.223+0000] {subprocess.py:93} INFO - artifact_uri                     mlflow-artifacts:/0/a9effb053ac343b8a6e623608f...
[2025-03-01T16:58:38.223+0000] {subprocess.py:93} INFO - start_time                                        2025-03-01 16:58:12.616000+00:00
[2025-03-01T16:58:38.223+0000] {subprocess.py:93} INFO - end_time                                          2025-03-01 16:58:18.683000+00:00
[2025-03-01T16:58:38.223+0000] {subprocess.py:93} INFO - metrics.f1_score                                                          0.847134
[2025-03-01T16:58:38.223+0000] {subprocess.py:93} INFO - metrics.precision                                                         0.960289
[2025-03-01T16:58:38.223+0000] {subprocess.py:93} INFO - metrics.recall                                                            0.757835
[2025-03-01T16:58:38.224+0000] {subprocess.py:93} INFO - metrics.accuracy                                                          0.946637
[2025-03-01T16:58:38.224+0000] {subprocess.py:93} INFO - params.tags.mlflow.runName                                            RandomForest
[2025-03-01T16:58:38.224+0000] {subprocess.py:93} INFO - params.model_type                                                     RandomForest
[2025-03-01T16:58:38.224+0000] {subprocess.py:93} INFO - params.runName                                                                None
[2025-03-01T16:58:38.224+0000] {subprocess.py:93} INFO - params.run_name                                                               None
[2025-03-01T16:58:38.225+0000] {subprocess.py:93} INFO - tags.mlflow.source.name                 /opt/***/executables/model_training.py
[2025-03-01T16:58:38.225+0000] {subprocess.py:93} INFO - tags.mlflow.user                                                           ***
[2025-03-01T16:58:38.225+0000] {subprocess.py:93} INFO - tags.mlflow.runName                                                  upset-doe-702
[2025-03-01T16:58:38.226+0000] {subprocess.py:93} INFO - tags.mlflow.source.type                                                      LOCAL
[2025-03-01T16:58:38.226+0000] {subprocess.py:93} INFO - tags.mlflow.source.git.commit             0506bcca4be63734d8783c76a38cb0a1e2b59d45
[2025-03-01T16:58:38.226+0000] {subprocess.py:93} INFO - tags.mlflow.log-model.history    [{"run_id": "a9effb053ac343b8a6e623608fe551ef"...
[2025-03-01T16:58:38.226+0000] {subprocess.py:93} INFO - Name: 2, dtype: object
[2025-03-01T16:58:38.226+0000] {subprocess.py:93} INFO - 2025-03-01 16:58:38,222 : INFO : Registering best model runs:/a9effb053ac343b8a6e623608fe551ef/upset-doe-702_model
[2025-03-01T16:58:38.290+0000] {subprocess.py:93} INFO - Successfully registered model 'Best_ML_Model'.
[2025-03-01T16:58:38.291+0000] {subprocess.py:93} INFO - 2025/03/01 16:58:38 INFO mlflow.store.model_registry.abstract_store: Waiting up to 300 seconds for model version to finish creation. Model name: Best_ML_Model, version 1
[2025-03-01T16:58:38.291+0000] {subprocess.py:93} INFO - Created version '1' of model 'Best_ML_Model'.
[2025-03-01T16:58:38.291+0000] {subprocess.py:93} INFO - 2025-03-01 16:58:38,290 : INFO : Completed model training & registration !!
[2025-03-01T16:58:39.378+0000] {subprocess.py:93} INFO - [main e8d47db] Trained model version
[2025-03-01T16:58:39.378+0000] {subprocess.py:93} INFO -  61 files changed, 488 insertions(+)
[2025-03-01T16:58:39.379+0000] {subprocess.py:93} INFO -  create mode 100644 logs/dag_id=customer_churn_ml_pipeline/run_id=manual__2025-03-01T16:55:41.208875+00:00/task_id=feature_store_task/attempt=1.log
[2025-03-01T16:58:39.379+0000] {subprocess.py:93} INFO -  create mode 100644 logs/dag_id=customer_churn_ml_pipeline/run_id=manual__2025-03-01T16:55:41.208875+00:00/task_id=model_training_task/attempt=1.log
[2025-03-01T16:58:39.379+0000] {subprocess.py:93} INFO -  create mode 100644 mlruns/mlartifacts/0/10feeefa32c843f299ccd204dcc65798/artifacts/LogisticRegression_model/MLmodel
[2025-03-01T16:58:39.379+0000] {subprocess.py:93} INFO -  create mode 100644 mlruns/mlartifacts/0/10feeefa32c843f299ccd204dcc65798/artifacts/LogisticRegression_model/conda.yaml
[2025-03-01T16:58:39.379+0000] {subprocess.py:93} INFO -  create mode 100644 mlruns/mlartifacts/0/10feeefa32c843f299ccd204dcc65798/artifacts/LogisticRegression_model/model.pkl
[2025-03-01T16:58:39.380+0000] {subprocess.py:93} INFO -  create mode 100644 mlruns/mlartifacts/0/10feeefa32c843f299ccd204dcc65798/artifacts/LogisticRegression_model/python_env.yaml
[2025-03-01T16:58:39.380+0000] {subprocess.py:93} INFO -  create mode 100644 mlruns/mlartifacts/0/10feeefa32c843f299ccd204dcc65798/artifacts/LogisticRegression_model/requirements.txt
[2025-03-01T16:58:39.380+0000] {subprocess.py:93} INFO -  create mode 100644 mlruns/mlartifacts/0/a9effb053ac343b8a6e623608fe551ef/artifacts/RandomForest_model/MLmodel
[2025-03-01T16:58:39.380+0000] {subprocess.py:93} INFO -  create mode 100644 mlruns/mlartifacts/0/a9effb053ac343b8a6e623608fe551ef/artifacts/RandomForest_model/conda.yaml
[2025-03-01T16:58:39.380+0000] {subprocess.py:93} INFO -  create mode 100644 mlruns/mlartifacts/0/a9effb053ac343b8a6e623608fe551ef/artifacts/RandomForest_model/model.pkl
[2025-03-01T16:58:39.380+0000] {subprocess.py:93} INFO -  create mode 100644 mlruns/mlartifacts/0/a9effb053ac343b8a6e623608fe551ef/artifacts/RandomForest_model/python_env.yaml
[2025-03-01T16:58:39.380+0000] {subprocess.py:93} INFO -  create mode 100644 mlruns/mlartifacts/0/a9effb053ac343b8a6e623608fe551ef/artifacts/RandomForest_model/requirements.txt
[2025-03-01T16:58:39.381+0000] {subprocess.py:93} INFO -  create mode 100644 mlruns/mlartifacts/0/d375ea16ea1143cdbb8900c62209bcc5/artifacts/SVM_model/MLmodel
[2025-03-01T16:58:39.381+0000] {subprocess.py:93} INFO -  create mode 100644 mlruns/mlartifacts/0/d375ea16ea1143cdbb8900c62209bcc5/artifacts/SVM_model/conda.yaml
[2025-03-01T16:58:39.381+0000] {subprocess.py:93} INFO -  create mode 100644 mlruns/mlartifacts/0/d375ea16ea1143cdbb8900c62209bcc5/artifacts/SVM_model/model.pkl
[2025-03-01T16:58:39.381+0000] {subprocess.py:93} INFO -  create mode 100644 mlruns/mlartifacts/0/d375ea16ea1143cdbb8900c62209bcc5/artifacts/SVM_model/python_env.yaml
[2025-03-01T16:58:39.381+0000] {subprocess.py:93} INFO -  create mode 100644 mlruns/mlartifacts/0/d375ea16ea1143cdbb8900c62209bcc5/artifacts/SVM_model/requirements.txt
[2025-03-01T16:58:39.381+0000] {subprocess.py:93} INFO -  create mode 100644 mlruns/mlruns/0/10feeefa32c843f299ccd204dcc65798/meta.yaml
[2025-03-01T16:58:39.381+0000] {subprocess.py:93} INFO -  create mode 100644 mlruns/mlruns/0/10feeefa32c843f299ccd204dcc65798/metrics/accuracy
[2025-03-01T16:58:39.382+0000] {subprocess.py:93} INFO -  create mode 100644 mlruns/mlruns/0/10feeefa32c843f299ccd204dcc65798/metrics/f1_score
[2025-03-01T16:58:39.382+0000] {subprocess.py:93} INFO -  create mode 100644 mlruns/mlruns/0/10feeefa32c843f299ccd204dcc65798/metrics/precision
[2025-03-01T16:58:39.382+0000] {subprocess.py:93} INFO -  create mode 100644 mlruns/mlruns/0/10feeefa32c843f299ccd204dcc65798/metrics/recall
[2025-03-01T16:58:39.382+0000] {subprocess.py:93} INFO -  create mode 100644 mlruns/mlruns/0/10feeefa32c843f299ccd204dcc65798/params/model_type
[2025-03-01T16:58:39.382+0000] {subprocess.py:93} INFO -  create mode 100644 mlruns/mlruns/0/10feeefa32c843f299ccd204dcc65798/params/tags.mlflow.runName
[2025-03-01T16:58:39.382+0000] {subprocess.py:93} INFO -  create mode 100644 mlruns/mlruns/0/10feeefa32c843f299ccd204dcc65798/tags/mlflow.log-model.history
[2025-03-01T16:58:39.382+0000] {subprocess.py:93} INFO -  create mode 100644 mlruns/mlruns/0/10feeefa32c843f299ccd204dcc65798/tags/mlflow.runName
[2025-03-01T16:58:39.383+0000] {subprocess.py:93} INFO -  create mode 100644 mlruns/mlruns/0/10feeefa32c843f299ccd204dcc65798/tags/mlflow.source.git.commit
[2025-03-01T16:58:39.383+0000] {subprocess.py:93} INFO -  create mode 100644 mlruns/mlruns/0/10feeefa32c843f299ccd204dcc65798/tags/mlflow.source.name
[2025-03-01T16:58:39.383+0000] {subprocess.py:93} INFO -  create mode 100644 mlruns/mlruns/0/10feeefa32c843f299ccd204dcc65798/tags/mlflow.source.type
[2025-03-01T16:58:39.383+0000] {subprocess.py:93} INFO -  create mode 100644 mlruns/mlruns/0/10feeefa32c843f299ccd204dcc65798/tags/mlflow.user
[2025-03-01T16:58:39.383+0000] {subprocess.py:93} INFO -  create mode 100644 mlruns/mlruns/0/a9effb053ac343b8a6e623608fe551ef/meta.yaml
[2025-03-01T16:58:39.383+0000] {subprocess.py:93} INFO -  create mode 100644 mlruns/mlruns/0/a9effb053ac343b8a6e623608fe551ef/metrics/accuracy
[2025-03-01T16:58:39.384+0000] {subprocess.py:93} INFO -  create mode 100644 mlruns/mlruns/0/a9effb053ac343b8a6e623608fe551ef/metrics/f1_score
[2025-03-01T16:58:39.384+0000] {subprocess.py:93} INFO -  create mode 100644 mlruns/mlruns/0/a9effb053ac343b8a6e623608fe551ef/metrics/precision
[2025-03-01T16:58:39.384+0000] {subprocess.py:93} INFO -  create mode 100644 mlruns/mlruns/0/a9effb053ac343b8a6e623608fe551ef/metrics/recall
[2025-03-01T16:58:39.384+0000] {subprocess.py:93} INFO -  create mode 100644 mlruns/mlruns/0/a9effb053ac343b8a6e623608fe551ef/params/model_type
[2025-03-01T16:58:39.384+0000] {subprocess.py:93} INFO -  create mode 100644 mlruns/mlruns/0/a9effb053ac343b8a6e623608fe551ef/params/tags.mlflow.runName
[2025-03-01T16:58:39.384+0000] {subprocess.py:93} INFO -  create mode 100644 mlruns/mlruns/0/a9effb053ac343b8a6e623608fe551ef/tags/mlflow.log-model.history
[2025-03-01T16:58:39.384+0000] {subprocess.py:93} INFO -  create mode 100644 mlruns/mlruns/0/a9effb053ac343b8a6e623608fe551ef/tags/mlflow.runName
[2025-03-01T16:58:39.385+0000] {subprocess.py:93} INFO -  create mode 100644 mlruns/mlruns/0/a9effb053ac343b8a6e623608fe551ef/tags/mlflow.source.git.commit
[2025-03-01T16:58:39.385+0000] {subprocess.py:93} INFO -  create mode 100644 mlruns/mlruns/0/a9effb053ac343b8a6e623608fe551ef/tags/mlflow.source.name
[2025-03-01T16:58:39.385+0000] {subprocess.py:93} INFO -  create mode 100644 mlruns/mlruns/0/a9effb053ac343b8a6e623608fe551ef/tags/mlflow.source.type
[2025-03-01T16:58:39.385+0000] {subprocess.py:93} INFO -  create mode 100644 mlruns/mlruns/0/a9effb053ac343b8a6e623608fe551ef/tags/mlflow.user
[2025-03-01T16:58:39.385+0000] {subprocess.py:93} INFO -  create mode 100644 mlruns/mlruns/0/d375ea16ea1143cdbb8900c62209bcc5/meta.yaml
[2025-03-01T16:58:39.385+0000] {subprocess.py:93} INFO -  create mode 100644 mlruns/mlruns/0/d375ea16ea1143cdbb8900c62209bcc5/metrics/accuracy
[2025-03-01T16:58:39.385+0000] {subprocess.py:93} INFO -  create mode 100644 mlruns/mlruns/0/d375ea16ea1143cdbb8900c62209bcc5/metrics/f1_score
[2025-03-01T16:58:39.386+0000] {subprocess.py:93} INFO -  create mode 100644 mlruns/mlruns/0/d375ea16ea1143cdbb8900c62209bcc5/metrics/precision
[2025-03-01T16:58:39.386+0000] {subprocess.py:93} INFO -  create mode 100644 mlruns/mlruns/0/d375ea16ea1143cdbb8900c62209bcc5/metrics/recall
[2025-03-01T16:58:39.386+0000] {subprocess.py:93} INFO -  create mode 100644 mlruns/mlruns/0/d375ea16ea1143cdbb8900c62209bcc5/params/model_type
[2025-03-01T16:58:39.386+0000] {subprocess.py:93} INFO -  create mode 100644 mlruns/mlruns/0/d375ea16ea1143cdbb8900c62209bcc5/params/tags.mlflow.runName
[2025-03-01T16:58:39.386+0000] {subprocess.py:93} INFO -  create mode 100644 mlruns/mlruns/0/d375ea16ea1143cdbb8900c62209bcc5/tags/mlflow.log-model.history
[2025-03-01T16:58:39.386+0000] {subprocess.py:93} INFO -  create mode 100644 mlruns/mlruns/0/d375ea16ea1143cdbb8900c62209bcc5/tags/mlflow.runName
[2025-03-01T16:58:39.386+0000] {subprocess.py:93} INFO -  create mode 100644 mlruns/mlruns/0/d375ea16ea1143cdbb8900c62209bcc5/tags/mlflow.source.git.commit
[2025-03-01T16:58:39.387+0000] {subprocess.py:93} INFO -  create mode 100644 mlruns/mlruns/0/d375ea16ea1143cdbb8900c62209bcc5/tags/mlflow.source.name
[2025-03-01T16:58:39.387+0000] {subprocess.py:93} INFO -  create mode 100644 mlruns/mlruns/0/d375ea16ea1143cdbb8900c62209bcc5/tags/mlflow.source.type
[2025-03-01T16:58:39.387+0000] {subprocess.py:93} INFO -  create mode 100644 mlruns/mlruns/0/d375ea16ea1143cdbb8900c62209bcc5/tags/mlflow.user
[2025-03-01T16:58:39.387+0000] {subprocess.py:93} INFO -  create mode 100644 mlruns/mlruns/models/Best_ML_Model/meta.yaml
[2025-03-01T16:58:39.387+0000] {subprocess.py:93} INFO -  create mode 100644 mlruns/mlruns/models/Best_ML_Model/version-1/meta.yaml
[2025-03-01T16:58:39.387+0000] {subprocess.py:93} INFO - /bin/bash: line 3:  : command not found
[2025-03-01T16:58:43.948+0000] {subprocess.py:93} INFO - To https://github.com/anniemathew-trial/customer_churn_pipeline.git
[2025-03-01T16:58:43.948+0000] {subprocess.py:93} INFO -    0506bcc..e8d47db  main -> main
[2025-03-01T16:58:43.954+0000] {subprocess.py:97} INFO - Command exited with return code 0
[2025-03-01T16:58:43.998+0000] {taskinstance.py:1400} INFO - Marking task as SUCCESS. dag_id=customer_churn_ml_pipeline, task_id=model_training_task, execution_date=20250301T165541, start_date=20250301T165759, end_date=20250301T165843
[2025-03-01T16:58:44.035+0000] {local_task_job_runner.py:228} INFO - Task exited with return code 0
[2025-03-01T16:58:44.062+0000] {taskinstance.py:2778} INFO - 0 downstream tasks scheduled from follow-on schedule check
