[2025-03-02T09:51:31.406+0000] {taskinstance.py:1159} INFO - Dependencies all met for dep_context=non-requeueable deps ti=<TaskInstance: customer_churn_ml_pipeline.raw_data_storage_task manual__2025-03-02T09:51:20.251514+00:00 [queued]>
[2025-03-02T09:51:31.426+0000] {taskinstance.py:1159} INFO - Dependencies all met for dep_context=requeueable deps ti=<TaskInstance: customer_churn_ml_pipeline.raw_data_storage_task manual__2025-03-02T09:51:20.251514+00:00 [queued]>
[2025-03-02T09:51:31.426+0000] {taskinstance.py:1361} INFO - Starting attempt 1 of 1
[2025-03-02T09:51:31.458+0000] {taskinstance.py:1382} INFO - Executing <Task(BashOperator): raw_data_storage_task> on 2025-03-02 09:51:20.251514+00:00
[2025-03-02T09:51:31.465+0000] {standard_task_runner.py:57} INFO - Started process 8268 to run task
[2025-03-02T09:51:31.473+0000] {standard_task_runner.py:84} INFO - Running: ['***', 'tasks', 'run', 'customer_churn_ml_pipeline', 'raw_data_storage_task', 'manual__2025-03-02T09:51:20.251514+00:00', '--job-id', '104', '--raw', '--subdir', 'DAGS_FOLDER/customer_churn.py', '--cfg-path', '/tmp/tmpq1rpz1s2']
[2025-03-02T09:51:31.478+0000] {standard_task_runner.py:85} INFO - Job 104: Subtask raw_data_storage_task
[2025-03-02T09:51:31.507+0000] {logging_mixin.py:154} WARNING - /home/***/.local/lib/python3.8/site-packages/***/settings.py:195 DeprecationWarning: The sql_alchemy_conn option in [core] has been moved to the sql_alchemy_conn option in [database] - the old setting has been used, but please update your config.
[2025-03-02T09:51:31.551+0000] {task_command.py:416} INFO - Running <TaskInstance: customer_churn_ml_pipeline.raw_data_storage_task manual__2025-03-02T09:51:20.251514+00:00 [running]> on host 9113a5746a05
[2025-03-02T09:51:31.661+0000] {taskinstance.py:1662} INFO - Exporting env vars: AIRFLOW_CTX_DAG_OWNER='***' AIRFLOW_CTX_DAG_ID='customer_churn_ml_pipeline' AIRFLOW_CTX_TASK_ID='raw_data_storage_task' AIRFLOW_CTX_EXECUTION_DATE='2025-03-02T09:51:20.251514+00:00' AIRFLOW_CTX_TRY_NUMBER='1' AIRFLOW_CTX_DAG_RUN_ID='manual__2025-03-02T09:51:20.251514+00:00'
[2025-03-02T09:51:31.662+0000] {subprocess.py:63} INFO - Tmp dir root location: /tmp
[2025-03-02T09:51:31.663+0000] {subprocess.py:75} INFO - Running command: ['/bin/bash', '-c', '\n\t\t\tcd /opt/*** &&                        python /opt/***/executables/raw_data_storage.py && \t\t\tgit rm -r --cached \'opt/***/data/raw\' && \t\t\tgit commit -m "stop tracking data/raw"\n                        dvc add /opt/***/data/raw &&                         git add /opt/***/data/raw.dvc && \t\t\tgit add logs &&\\   \n   \t\t\tgit status &&                         git commit -m "Updated raw data storage" -a &&                         dvc push && git push\n                    ']
[2025-03-02T09:51:31.673+0000] {subprocess.py:86} INFO - Output:
[2025-03-02T09:51:32.253+0000] {subprocess.py:93} INFO - 2025-03-02 09:51:32,253 : INFO : Starting Raw Data upload for CSV
[2025-03-02T09:51:38.961+0000] {subprocess.py:93} INFO - 2025-03-02 09:51:38,960 : INFO : Upload completed for CSV.
[2025-03-02T09:51:38.961+0000] {subprocess.py:93} INFO - 2025-03-02 09:51:38,960 : INFO : Starting Raw Data upload for Database
[2025-03-02T09:51:44.516+0000] {subprocess.py:93} INFO - 2025-03-02 09:51:44,516 : INFO : Upload completed for database.
[2025-03-02T09:51:44.678+0000] {subprocess.py:93} INFO - fatal: pathspec 'opt/***/data/raw' did not match any files
[2025-03-02T09:51:46.315+0000] {subprocess.py:93} INFO - 
[2025-03-02T09:51:46.315+0000] {subprocess.py:93} INFO - To track the changes with git, run:
[2025-03-02T09:51:46.316+0000] {subprocess.py:93} INFO - 
[2025-03-02T09:51:46.316+0000] {subprocess.py:93} INFO - 	git add data/raw.dvc
[2025-03-02T09:51:46.316+0000] {subprocess.py:93} INFO - 
[2025-03-02T09:51:46.317+0000] {subprocess.py:93} INFO - To enable auto staging, run:
[2025-03-02T09:51:46.317+0000] {subprocess.py:93} INFO - 
[2025-03-02T09:51:46.317+0000] {subprocess.py:93} INFO - 	dvc config core.autostage true
[2025-03-02T09:51:46.573+0000] {subprocess.py:93} INFO - /bin/bash: line 3:  : command not found
[2025-03-02T09:51:46.591+0000] {subprocess.py:93} INFO - On branch main
[2025-03-02T09:51:46.591+0000] {subprocess.py:93} INFO - Your branch is up to date with 'origin/main'.
[2025-03-02T09:51:46.591+0000] {subprocess.py:93} INFO - 
[2025-03-02T09:51:46.591+0000] {subprocess.py:93} INFO - Changes to be committed:
[2025-03-02T09:51:46.591+0000] {subprocess.py:93} INFO -   (use "git restore --staged <file>..." to unstage)
[2025-03-02T09:51:46.592+0000] {subprocess.py:93} INFO - 	modified:   logs/dag_id=customer_churn_ml_pipeline/run_id=manual__2025-03-02T09:51:20.251514+00:00/task_id=data_ingestion_task/attempt=1.log
[2025-03-02T09:51:46.592+0000] {subprocess.py:93} INFO - 	new file:   logs/dag_id=customer_churn_ml_pipeline/run_id=manual__2025-03-02T09:51:20.251514+00:00/task_id=raw_data_storage_task/attempt=1.log
[2025-03-02T09:51:46.592+0000] {subprocess.py:93} INFO - 	modified:   logs/dag_processor_manager/dag_processor_manager.log
[2025-03-02T09:51:46.592+0000] {subprocess.py:93} INFO - 	modified:   logs/raw_data_storage.log
[2025-03-02T09:51:46.592+0000] {subprocess.py:93} INFO - 	modified:   logs/scheduler/2025-03-02/customer_churn.py.log
[2025-03-02T09:51:46.592+0000] {subprocess.py:93} INFO - 
[2025-03-02T09:51:46.592+0000] {subprocess.py:93} INFO - Changes not staged for commit:
[2025-03-02T09:51:46.592+0000] {subprocess.py:93} INFO -   (use "git add <file>..." to update what will be committed)
[2025-03-02T09:51:46.592+0000] {subprocess.py:93} INFO -   (use "git restore <file>..." to discard changes in working directory)
[2025-03-02T09:51:46.593+0000] {subprocess.py:93} INFO - 	modified:   logs/dag_id=customer_churn_ml_pipeline/run_id=manual__2025-03-02T09:51:20.251514+00:00/task_id=raw_data_storage_task/attempt=1.log
[2025-03-02T09:51:46.593+0000] {subprocess.py:93} INFO - 
[2025-03-02T09:51:46.631+0000] {subprocess.py:93} INFO - [main cfb58ad] Updated raw data storage
[2025-03-02T09:51:46.631+0000] {subprocess.py:93} INFO -  5 files changed, 74 insertions(+)
[2025-03-02T09:51:46.631+0000] {subprocess.py:93} INFO -  create mode 100644 logs/dag_id=customer_churn_ml_pipeline/run_id=manual__2025-03-02T09:51:20.251514+00:00/task_id=raw_data_storage_task/attempt=1.log
[2025-03-02T09:51:50.127+0000] {subprocess.py:93} INFO - Everything is up to date.
[2025-03-02T09:51:51.861+0000] {subprocess.py:93} INFO - To https://github.com/anniemathew-trial/customer_churn_pipeline.git
[2025-03-02T09:51:51.862+0000] {subprocess.py:93} INFO -    9d93d1a..cfb58ad  main -> main
[2025-03-02T09:51:51.871+0000] {subprocess.py:97} INFO - Command exited with return code 0
[2025-03-02T09:51:51.923+0000] {taskinstance.py:1400} INFO - Marking task as SUCCESS. dag_id=customer_churn_ml_pipeline, task_id=raw_data_storage_task, execution_date=20250302T095120, start_date=20250302T095131, end_date=20250302T095151
[2025-03-02T09:51:51.981+0000] {local_task_job_runner.py:228} INFO - Task exited with return code 0
[2025-03-02T09:51:52.018+0000] {taskinstance.py:2778} INFO - 1 downstream tasks scheduled from follow-on schedule check
