[2025-02-28T09:33:43.662+0000] {taskinstance.py:1159} INFO - Dependencies all met for dep_context=non-requeueable deps ti=<TaskInstance: customer_churn_ml_pipeline.data_ingestion_task manual__2025-02-28T09:33:35.265099+00:00 [queued]>
[2025-02-28T09:33:43.679+0000] {taskinstance.py:1159} INFO - Dependencies all met for dep_context=requeueable deps ti=<TaskInstance: customer_churn_ml_pipeline.data_ingestion_task manual__2025-02-28T09:33:35.265099+00:00 [queued]>
[2025-02-28T09:33:43.679+0000] {taskinstance.py:1361} INFO - Starting attempt 1 of 1
[2025-02-28T09:33:43.702+0000] {taskinstance.py:1382} INFO - Executing <Task(BashOperator): data_ingestion_task> on 2025-02-28 09:33:35.265099+00:00
[2025-02-28T09:33:43.708+0000] {standard_task_runner.py:57} INFO - Started process 11174 to run task
[2025-02-28T09:33:43.714+0000] {standard_task_runner.py:84} INFO - Running: ['***', 'tasks', 'run', 'customer_churn_ml_pipeline', 'data_ingestion_task', 'manual__2025-02-28T09:33:35.265099+00:00', '--job-id', '121', '--raw', '--subdir', 'DAGS_FOLDER/customer_churn.py', '--cfg-path', '/tmp/tmpob6908lb']
[2025-02-28T09:33:43.718+0000] {standard_task_runner.py:85} INFO - Job 121: Subtask data_ingestion_task
[2025-02-28T09:33:43.752+0000] {logging_mixin.py:154} WARNING - /home/***/.local/lib/python3.8/site-packages/***/settings.py:195 DeprecationWarning: The sql_alchemy_conn option in [core] has been moved to the sql_alchemy_conn option in [database] - the old setting has been used, but please update your config.
[2025-02-28T09:33:43.818+0000] {task_command.py:416} INFO - Running <TaskInstance: customer_churn_ml_pipeline.data_ingestion_task manual__2025-02-28T09:33:35.265099+00:00 [running]> on host 4470298645d8
[2025-02-28T09:33:43.974+0000] {taskinstance.py:1662} INFO - Exporting env vars: AIRFLOW_CTX_DAG_OWNER='***' AIRFLOW_CTX_DAG_ID='customer_churn_ml_pipeline' AIRFLOW_CTX_TASK_ID='data_ingestion_task' AIRFLOW_CTX_EXECUTION_DATE='2025-02-28T09:33:35.265099+00:00' AIRFLOW_CTX_TRY_NUMBER='1' AIRFLOW_CTX_DAG_RUN_ID='manual__2025-02-28T09:33:35.265099+00:00'
[2025-02-28T09:33:43.976+0000] {subprocess.py:63} INFO - Tmp dir root location: /tmp
[2025-02-28T09:33:43.977+0000] {subprocess.py:75} INFO - Running command: ['/bin/bash', '-c', 'python /opt/***/executables/data_ingestion.py && \t\t\tcd /opt/*** && \t\t\tgit rm -r --cached \'data/raw\'\n\t\t\tgit commit -m "stop tracking data/raw"\n                        dvc add /opt/***/data/raw &&                         git add /opt/***/data/raw.dvc &&                         git commit -m "Updated raw data version" -a &&                         dvc push && git push\n                    ']
[2025-02-28T09:33:43.990+0000] {subprocess.py:86} INFO - Output:
[2025-02-28T09:33:46.134+0000] {subprocess.py:93} INFO - /opt/***/executables/data_ingestion.py:46: UserWarning: pandas only supports SQLAlchemy connectable (engine/connection) or database string URI or sqlite3 DBAPI2 connection. Other DBAPI2 objects are not tested. Please consider using SQLAlchemy.
[2025-02-28T09:33:46.135+0000] {subprocess.py:93} INFO -   data = pd.read_sql(query, connection)
[2025-02-28T09:33:46.263+0000] {subprocess.py:93} INFO - fatal: pathspec 'data/raw' did not match any files
[2025-02-28T09:33:46.271+0000] {subprocess.py:93} INFO - On branch main
[2025-02-28T09:33:46.271+0000] {subprocess.py:93} INFO - Your branch is up to date with 'origin/main'.
[2025-02-28T09:33:46.271+0000] {subprocess.py:93} INFO - 
[2025-02-28T09:33:46.272+0000] {subprocess.py:93} INFO - Changes not staged for commit:
[2025-02-28T09:33:46.272+0000] {subprocess.py:93} INFO -   (use "git add <file>..." to update what will be committed)
[2025-02-28T09:33:46.272+0000] {subprocess.py:93} INFO -   (use "git restore <file>..." to discard changes in working directory)
[2025-02-28T09:33:46.272+0000] {subprocess.py:93} INFO - 	modified:   logs/dag_processor_manager/dag_processor_manager.log
[2025-02-28T09:33:46.272+0000] {subprocess.py:93} INFO - 	modified:   logs/data_ingestion.log
[2025-02-28T09:33:46.273+0000] {subprocess.py:93} INFO - 	modified:   logs/scheduler/2025-02-28/customer_churn.py.log
[2025-02-28T09:33:46.273+0000] {subprocess.py:93} INFO - 
[2025-02-28T09:33:46.273+0000] {subprocess.py:93} INFO - Untracked files:
[2025-02-28T09:33:46.273+0000] {subprocess.py:93} INFO -   (use "git add <file>..." to include in what will be committed)
[2025-02-28T09:33:46.273+0000] {subprocess.py:93} INFO - 	data/.gitignore
[2025-02-28T09:33:46.274+0000] {subprocess.py:93} INFO - 	logs/dag_id=customer_churn_ml_pipeline/run_id=manual__2025-02-28T09:33:35.265099+00:00/
[2025-02-28T09:33:46.274+0000] {subprocess.py:93} INFO - 
[2025-02-28T09:33:46.274+0000] {subprocess.py:93} INFO - no changes added to commit (use "git add" and/or "git commit -a")
[2025-02-28T09:33:48.114+0000] {subprocess.py:93} INFO - 
[2025-02-28T09:33:48.115+0000] {subprocess.py:93} INFO - To track the changes with git, run:
[2025-02-28T09:33:48.116+0000] {subprocess.py:93} INFO - 
[2025-02-28T09:33:48.117+0000] {subprocess.py:93} INFO - 	git add data/raw.dvc
[2025-02-28T09:33:48.117+0000] {subprocess.py:93} INFO - 
[2025-02-28T09:33:48.117+0000] {subprocess.py:93} INFO - To enable auto staging, run:
[2025-02-28T09:33:48.118+0000] {subprocess.py:93} INFO - 
[2025-02-28T09:33:48.118+0000] {subprocess.py:93} INFO - 	dvc config core.autostage true
[2025-02-28T09:33:48.466+0000] {subprocess.py:93} INFO - error: insufficient permission for adding an object to repository database .git/objects
[2025-02-28T09:33:48.468+0000] {subprocess.py:93} INFO - error: insufficient permission for adding an object to repository database .git/objects
[2025-02-28T09:33:48.468+0000] {subprocess.py:93} INFO - error: Error building trees
[2025-02-28T09:33:48.469+0000] {subprocess.py:97} INFO - Command exited with return code 1
[2025-02-28T09:33:48.500+0000] {taskinstance.py:1937} ERROR - Task failed with exception
Traceback (most recent call last):
  File "/home/airflow/.local/lib/python3.8/site-packages/airflow/operators/bash.py", line 210, in execute
    raise AirflowException(
airflow.exceptions.AirflowException: Bash command failed. The command returned a non-zero exit code 1.
[2025-02-28T09:33:48.510+0000] {taskinstance.py:1400} INFO - Marking task as FAILED. dag_id=customer_churn_ml_pipeline, task_id=data_ingestion_task, execution_date=20250228T093335, start_date=20250228T093343, end_date=20250228T093348
[2025-02-28T09:33:48.537+0000] {standard_task_runner.py:104} ERROR - Failed to execute job 121 for task data_ingestion_task (Bash command failed. The command returned a non-zero exit code 1.; 11174)
[2025-02-28T09:33:48.550+0000] {local_task_job_runner.py:228} INFO - Task exited with return code 1
[2025-02-28T09:33:48.607+0000] {taskinstance.py:2778} INFO - 0 downstream tasks scheduled from follow-on schedule check
