[2025-03-09T10:56:42.843+0000] {taskinstance.py:1159} INFO - Dependencies all met for dep_context=non-requeueable deps ti=<TaskInstance: customer_churn_ml_pipeline.data_preparation_task scheduled__2025-03-08T08:00:00+00:00 [queued]>
[2025-03-09T10:56:42.854+0000] {taskinstance.py:1159} INFO - Dependencies all met for dep_context=requeueable deps ti=<TaskInstance: customer_churn_ml_pipeline.data_preparation_task scheduled__2025-03-08T08:00:00+00:00 [queued]>
[2025-03-09T10:56:42.855+0000] {taskinstance.py:1361} INFO - Starting attempt 1 of 1
[2025-03-09T10:56:42.873+0000] {taskinstance.py:1382} INFO - Executing <Task(BashOperator): data_preparation_task> on 2025-03-08 08:00:00+00:00
[2025-03-09T10:56:42.877+0000] {standard_task_runner.py:57} INFO - Started process 563 to run task
[2025-03-09T10:56:42.880+0000] {standard_task_runner.py:84} INFO - Running: ['***', 'tasks', 'run', 'customer_churn_ml_pipeline', 'data_preparation_task', 'scheduled__2025-03-08T08:00:00+00:00', '--job-id', '298', '--raw', '--subdir', 'DAGS_FOLDER/customer_churn.py', '--cfg-path', '/tmp/tmpdfnnpvn9']
[2025-03-09T10:56:42.882+0000] {standard_task_runner.py:85} INFO - Job 298: Subtask data_preparation_task
[2025-03-09T10:56:42.905+0000] {logging_mixin.py:154} WARNING - /home/***/.local/lib/python3.8/site-packages/***/settings.py:195 DeprecationWarning: The sql_alchemy_conn option in [core] has been moved to the sql_alchemy_conn option in [database] - the old setting has been used, but please update your config.
[2025-03-09T10:56:42.952+0000] {task_command.py:416} INFO - Running <TaskInstance: customer_churn_ml_pipeline.data_preparation_task scheduled__2025-03-08T08:00:00+00:00 [running]> on host 157237bff8f7
[2025-03-09T10:56:43.082+0000] {taskinstance.py:1662} INFO - Exporting env vars: AIRFLOW_CTX_DAG_OWNER='***' AIRFLOW_CTX_DAG_ID='customer_churn_ml_pipeline' AIRFLOW_CTX_TASK_ID='data_preparation_task' AIRFLOW_CTX_EXECUTION_DATE='2025-03-08T08:00:00+00:00' AIRFLOW_CTX_TRY_NUMBER='1' AIRFLOW_CTX_DAG_RUN_ID='scheduled__2025-03-08T08:00:00+00:00'
[2025-03-09T10:56:43.083+0000] {subprocess.py:63} INFO - Tmp dir root location: /tmp
[2025-03-09T10:56:43.083+0000] {subprocess.py:75} INFO - Running command: ['/bin/bash', '-c', '\n\t\t\tcd /opt/*** &&\t\t\tpython /opt/***/executables/data_preparation.py &&                         dvc add /opt/***/data/cleaned &&                         git add /opt/***/data/cleaned.dvc && \t\t\tgit add logs && \\   \n\t\t\tgit add visualization &&    \t\t\tgit status &&                         git commit -m "Updated cleaned data version" -a &&                         dvc push && git push\n                    ']
[2025-03-09T10:56:43.092+0000] {subprocess.py:86} INFO - Output:
[2025-03-09T10:56:47.512+0000] {subprocess.py:93} INFO - 2025-03-09 10:56:47,510 : INFO : Starting data preparation for customer_data.csv.
[2025-03-09T10:56:47.540+0000] {subprocess.py:93} INFO - 2025-03-09 10:56:47,540 : INFO : Dropping 'Estimated Salary' & 'Credit Score' with 0 & negative values
[2025-03-09T10:56:47.545+0000] {subprocess.py:93} INFO - 2025-03-09 10:56:47,544 : INFO : Handling 'Balance', 'EstimatedSalary' empty data with mean
[2025-03-09T10:56:47.545+0000] {subprocess.py:93} INFO - 2025-03-09 10:56:47,545 : INFO : Handling 'Tenure', 'Age' empty data with tenure + 18 in age and droping tenure with 0 values & negative values
[2025-03-09T10:56:47.561+0000] {subprocess.py:93} INFO - 2025-03-09 10:56:47,560 : INFO : Dropping 'Tenure' less than 0 and greater than 80
[2025-03-09T10:56:47.564+0000] {subprocess.py:93} INFO - 2025-03-09 10:56:47,564 : INFO : Handling 'Age' empty data
[2025-03-09T10:56:47.566+0000] {subprocess.py:93} INFO - 2025-03-09 10:56:47,566 : INFO : Dropping 'Age' less than 18 and greater than 110
[2025-03-09T10:56:47.570+0000] {subprocess.py:93} INFO - 2025-03-09 10:56:47,570 : INFO : Droping 'Surname' as it may lead to profiling, 'RowNumber', 'CustomerId' as it is not required
[2025-03-09T10:56:47.573+0000] {subprocess.py:93} INFO - 2025-03-09 10:56:47,573 : INFO : Making 'Geography', 'Gender' as categorical
[2025-03-09T10:56:47.580+0000] {subprocess.py:93} INFO - 2025-03-09 10:56:47,580 : INFO : Making 'HasCrCard', 'IsActiveMember', 'Exited' as integers
[2025-03-09T10:56:47.582+0000] {subprocess.py:93} INFO - 2025-03-09 10:56:47,582 : INFO : Saving data to S3.
[2025-03-09T10:56:47.583+0000] {subprocess.py:93} INFO - 2025-03-09 10:56:47,583 : INFO : Directory created at /opt/***/data/cleaned/fintech1/09-03-2025/csv
[2025-03-09T10:56:47.852+0000] {subprocess.py:93} INFO - 2025-03-09 10:56:47,851 : INFO : Connected to s3
[2025-03-09T10:56:53.220+0000] {subprocess.py:93} INFO - 2025-03-09 10:56:53,219 : INFO : File uploaded to S3
[2025-03-09T10:56:53.229+0000] {subprocess.py:93} INFO - 2025-03-09 10:56:53,229 : INFO : Creating Pie chart
[2025-03-09T10:56:53.299+0000] {subprocess.py:93} INFO - 2025-03-09 10:56:53,299 : INFO : Generating histogram for column CreditScore.
[2025-03-09T10:56:53.448+0000] {subprocess.py:93} INFO - 2025-03-09 10:56:53,447 : INFO : Generating histogram for column Geography.
[2025-03-09T10:56:53.631+0000] {subprocess.py:93} INFO - 2025-03-09 10:56:53,631 : INFO : Generating histogram for column Gender.
[2025-03-09T10:56:53.762+0000] {subprocess.py:93} INFO - 2025-03-09 10:56:53,762 : INFO : Generating histogram for column Age.
[2025-03-09T10:56:53.980+0000] {subprocess.py:93} INFO - 2025-03-09 10:56:53,979 : INFO : Generating histogram for column Tenure.
[2025-03-09T10:56:54.174+0000] {subprocess.py:93} INFO - 2025-03-09 10:56:54,174 : INFO : Generating histogram for column Balance.
[2025-03-09T10:56:54.354+0000] {subprocess.py:93} INFO - 2025-03-09 10:56:54,354 : INFO : Generating histogram for column NumOfProducts.
[2025-03-09T10:56:54.556+0000] {subprocess.py:93} INFO - 2025-03-09 10:56:54,555 : INFO : Generating histogram for column HasCrCard.
[2025-03-09T10:56:54.737+0000] {subprocess.py:93} INFO - 2025-03-09 10:56:54,736 : INFO : Generating histogram for column IsActiveMember.
[2025-03-09T10:56:54.905+0000] {subprocess.py:93} INFO - 2025-03-09 10:56:54,904 : INFO : Generating histogram for column EstimatedSalary.
[2025-03-09T10:56:55.088+0000] {subprocess.py:93} INFO - 2025-03-09 10:56:55,088 : INFO : Generating histogram for column Exited.
[2025-03-09T10:56:55.279+0000] {subprocess.py:93} INFO - 2025-03-09 10:56:55,279 : INFO : Generating histogram for relation of Exited with Categorical data.
[2025-03-09T10:56:55.609+0000] {subprocess.py:93} INFO - 2025-03-09 10:56:55,609 : INFO : Using categorical units to plot a list of strings that are all parsable as floats or dates. If these strings should be plotted as numbers, cast to the appropriate data type before plotting.
[2025-03-09T10:56:55.627+0000] {subprocess.py:93} INFO - 2025-03-09 10:56:55,627 : INFO : Using categorical units to plot a list of strings that are all parsable as floats or dates. If these strings should be plotted as numbers, cast to the appropriate data type before plotting.
[2025-03-09T10:56:55.703+0000] {subprocess.py:93} INFO - 2025-03-09 10:56:55,703 : INFO : Using categorical units to plot a list of strings that are all parsable as floats or dates. If these strings should be plotted as numbers, cast to the appropriate data type before plotting.
[2025-03-09T10:56:55.724+0000] {subprocess.py:93} INFO - 2025-03-09 10:56:55,723 : INFO : Using categorical units to plot a list of strings that are all parsable as floats or dates. If these strings should be plotted as numbers, cast to the appropriate data type before plotting.
[2025-03-09T10:56:55.775+0000] {subprocess.py:93} INFO - 2025-03-09 10:56:55,775 : INFO : Generating box plots for relation of Exited with non Categorical data.
[2025-03-09T10:56:55.944+0000] {subprocess.py:93} INFO - 2025-03-09 10:56:55,944 : INFO : Using categorical units to plot a list of strings that are all parsable as floats or dates. If these strings should be plotted as numbers, cast to the appropriate data type before plotting.
[2025-03-09T10:56:55.963+0000] {subprocess.py:93} INFO - 2025-03-09 10:56:55,963 : INFO : Using categorical units to plot a list of strings that are all parsable as floats or dates. If these strings should be plotted as numbers, cast to the appropriate data type before plotting.
[2025-03-09T10:56:56.058+0000] {subprocess.py:93} INFO - 2025-03-09 10:56:56,057 : INFO : Using categorical units to plot a list of strings that are all parsable as floats or dates. If these strings should be plotted as numbers, cast to the appropriate data type before plotting.
[2025-03-09T10:56:56.077+0000] {subprocess.py:93} INFO - 2025-03-09 10:56:56,077 : INFO : Using categorical units to plot a list of strings that are all parsable as floats or dates. If these strings should be plotted as numbers, cast to the appropriate data type before plotting.
[2025-03-09T10:56:56.173+0000] {subprocess.py:93} INFO - 2025-03-09 10:56:56,173 : INFO : Using categorical units to plot a list of strings that are all parsable as floats or dates. If these strings should be plotted as numbers, cast to the appropriate data type before plotting.
[2025-03-09T10:56:56.195+0000] {subprocess.py:93} INFO - 2025-03-09 10:56:56,195 : INFO : Using categorical units to plot a list of strings that are all parsable as floats or dates. If these strings should be plotted as numbers, cast to the appropriate data type before plotting.
[2025-03-09T10:56:56.286+0000] {subprocess.py:93} INFO - 2025-03-09 10:56:56,285 : INFO : Using categorical units to plot a list of strings that are all parsable as floats or dates. If these strings should be plotted as numbers, cast to the appropriate data type before plotting.
[2025-03-09T10:56:56.306+0000] {subprocess.py:93} INFO - 2025-03-09 10:56:56,305 : INFO : Using categorical units to plot a list of strings that are all parsable as floats or dates. If these strings should be plotted as numbers, cast to the appropriate data type before plotting.
[2025-03-09T10:56:56.388+0000] {subprocess.py:93} INFO - 2025-03-09 10:56:56,387 : INFO : Using categorical units to plot a list of strings that are all parsable as floats or dates. If these strings should be plotted as numbers, cast to the appropriate data type before plotting.
[2025-03-09T10:56:56.406+0000] {subprocess.py:93} INFO - 2025-03-09 10:56:56,405 : INFO : Using categorical units to plot a list of strings that are all parsable as floats or dates. If these strings should be plotted as numbers, cast to the appropriate data type before plotting.
[2025-03-09T10:56:56.583+0000] {subprocess.py:93} INFO - 2025-03-09 10:56:56,583 : INFO : Using categorical units to plot a list of strings that are all parsable as floats or dates. If these strings should be plotted as numbers, cast to the appropriate data type before plotting.
[2025-03-09T10:56:56.601+0000] {subprocess.py:93} INFO - 2025-03-09 10:56:56,601 : INFO : Using categorical units to plot a list of strings that are all parsable as floats or dates. If these strings should be plotted as numbers, cast to the appropriate data type before plotting.
[2025-03-09T10:56:57.007+0000] {subprocess.py:93} INFO - 2025-03-09 10:56:57,007 : INFO : Saved pdf in /opt/***/visualization/fintech1/09-03-2025/csv/plots.pdf
[2025-03-09T10:56:57.046+0000] {subprocess.py:93} INFO - 2025-03-09 10:56:57,046 : INFO : Starting data preparation for database_data.csv.
[2025-03-09T10:56:57.066+0000] {subprocess.py:93} INFO - 2025-03-09 10:56:57,066 : INFO : Dropping 'Estimated Salary' & 'Credit Score' with 0 & negative values
[2025-03-09T10:56:57.069+0000] {subprocess.py:93} INFO - 2025-03-09 10:56:57,069 : INFO : Handling 'Balance', 'EstimatedSalary' empty data with mean
[2025-03-09T10:56:57.070+0000] {subprocess.py:93} INFO - 2025-03-09 10:56:57,069 : INFO : Handling 'Tenure', 'Age' empty data with tenure + 18 in age and droping tenure with 0 values & negative values
[2025-03-09T10:56:57.070+0000] {subprocess.py:93} INFO - 2025-03-09 10:56:57,070 : INFO : Dropping 'Tenure' less than 0 and greater than 80
[2025-03-09T10:56:57.072+0000] {subprocess.py:93} INFO - 2025-03-09 10:56:57,072 : INFO : Handling 'Age' empty data
[2025-03-09T10:56:57.073+0000] {subprocess.py:93} INFO - 2025-03-09 10:56:57,073 : INFO : Dropping 'Age' less than 18 and greater than 110
[2025-03-09T10:56:57.076+0000] {subprocess.py:93} INFO - 2025-03-09 10:56:57,075 : INFO : Droping 'Surname' as it may lead to profiling, 'RowNumber', 'CustomerId' as it is not required
[2025-03-09T10:56:57.077+0000] {subprocess.py:93} INFO - 2025-03-09 10:56:57,077 : INFO : Making 'Geography', 'Gender' as categorical
[2025-03-09T10:56:57.082+0000] {subprocess.py:93} INFO - 2025-03-09 10:56:57,082 : INFO : Making 'HasCrCard', 'IsActiveMember', 'Exited' as integers
[2025-03-09T10:56:57.083+0000] {subprocess.py:93} INFO - 2025-03-09 10:56:57,083 : INFO : Saving data to S3.
[2025-03-09T10:56:57.085+0000] {subprocess.py:93} INFO - 2025-03-09 10:56:57,085 : INFO : Directory created at /opt/***/data/cleaned/fintech2/09-03-2025/database
[2025-03-09T10:56:57.157+0000] {subprocess.py:93} INFO - 2025-03-09 10:56:57,157 : INFO : Connected to s3
[2025-03-09T10:56:59.654+0000] {subprocess.py:93} INFO - 2025-03-09 10:56:59,653 : INFO : File uploaded to S3
[2025-03-09T10:56:59.658+0000] {subprocess.py:93} INFO - 2025-03-09 10:56:59,658 : INFO : Creating Pie chart
[2025-03-09T10:56:59.715+0000] {subprocess.py:93} INFO - 2025-03-09 10:56:59,714 : INFO : Generating histogram for column CreditScore.
[2025-03-09T10:56:59.800+0000] {subprocess.py:93} INFO - 2025-03-09 10:56:59,800 : INFO : Generating histogram for column Geography.
[2025-03-09T10:56:59.880+0000] {subprocess.py:93} INFO - 2025-03-09 10:56:59,880 : INFO : Generating histogram for column Gender.
[2025-03-09T10:56:59.990+0000] {subprocess.py:93} INFO - 2025-03-09 10:56:59,989 : INFO : Generating histogram for column Age.
[2025-03-09T10:57:00.143+0000] {subprocess.py:93} INFO - 2025-03-09 10:57:00,143 : INFO : Generating histogram for column Tenure.
[2025-03-09T10:57:00.276+0000] {subprocess.py:93} INFO - 2025-03-09 10:57:00,275 : INFO : Generating histogram for column Balance.
[2025-03-09T10:57:00.439+0000] {subprocess.py:93} INFO - 2025-03-09 10:57:00,439 : INFO : Generating histogram for column NumOfProducts.
[2025-03-09T10:57:00.612+0000] {subprocess.py:93} INFO - 2025-03-09 10:57:00,611 : INFO : Generating histogram for column HasCrCard.
[2025-03-09T10:57:00.835+0000] {subprocess.py:93} INFO - 2025-03-09 10:57:00,835 : INFO : Generating histogram for column IsActiveMember.
[2025-03-09T10:57:01.037+0000] {subprocess.py:93} INFO - 2025-03-09 10:57:01,036 : INFO : Generating histogram for column EstimatedSalary.
[2025-03-09T10:57:01.416+0000] {subprocess.py:93} INFO - 2025-03-09 10:57:01,415 : INFO : Generating histogram for column Exited.
[2025-03-09T10:57:01.747+0000] {subprocess.py:93} INFO - 2025-03-09 10:57:01,746 : INFO : Generating histogram for relation of Exited with Categorical data.
[2025-03-09T10:57:02.213+0000] {subprocess.py:93} INFO - 2025-03-09 10:57:02,213 : INFO : Using categorical units to plot a list of strings that are all parsable as floats or dates. If these strings should be plotted as numbers, cast to the appropriate data type before plotting.
[2025-03-09T10:57:02.243+0000] {subprocess.py:93} INFO - 2025-03-09 10:57:02,242 : INFO : Using categorical units to plot a list of strings that are all parsable as floats or dates. If these strings should be plotted as numbers, cast to the appropriate data type before plotting.
[2025-03-09T10:57:02.345+0000] {subprocess.py:93} INFO - 2025-03-09 10:57:02,345 : INFO : Using categorical units to plot a list of strings that are all parsable as floats or dates. If these strings should be plotted as numbers, cast to the appropriate data type before plotting.
[2025-03-09T10:57:02.370+0000] {subprocess.py:93} INFO - 2025-03-09 10:57:02,370 : INFO : Using categorical units to plot a list of strings that are all parsable as floats or dates. If these strings should be plotted as numbers, cast to the appropriate data type before plotting.
[2025-03-09T10:57:02.443+0000] {subprocess.py:93} INFO - 2025-03-09 10:57:02,443 : INFO : Generating box plots for relation of Exited with non Categorical data.
[2025-03-09T10:57:02.792+0000] {subprocess.py:93} INFO - 2025-03-09 10:57:02,792 : INFO : Using categorical units to plot a list of strings that are all parsable as floats or dates. If these strings should be plotted as numbers, cast to the appropriate data type before plotting.
[2025-03-09T10:57:02.814+0000] {subprocess.py:93} INFO - 2025-03-09 10:57:02,814 : INFO : Using categorical units to plot a list of strings that are all parsable as floats or dates. If these strings should be plotted as numbers, cast to the appropriate data type before plotting.
[2025-03-09T10:57:02.931+0000] {subprocess.py:93} INFO - 2025-03-09 10:57:02,930 : INFO : Using categorical units to plot a list of strings that are all parsable as floats or dates. If these strings should be plotted as numbers, cast to the appropriate data type before plotting.
[2025-03-09T10:57:02.966+0000] {subprocess.py:93} INFO - 2025-03-09 10:57:02,965 : INFO : Using categorical units to plot a list of strings that are all parsable as floats or dates. If these strings should be plotted as numbers, cast to the appropriate data type before plotting.
[2025-03-09T10:57:03.082+0000] {subprocess.py:93} INFO - 2025-03-09 10:57:03,082 : INFO : Using categorical units to plot a list of strings that are all parsable as floats or dates. If these strings should be plotted as numbers, cast to the appropriate data type before plotting.
[2025-03-09T10:57:03.107+0000] {subprocess.py:93} INFO - 2025-03-09 10:57:03,107 : INFO : Using categorical units to plot a list of strings that are all parsable as floats or dates. If these strings should be plotted as numbers, cast to the appropriate data type before plotting.
[2025-03-09T10:57:03.236+0000] {subprocess.py:93} INFO - 2025-03-09 10:57:03,236 : INFO : Using categorical units to plot a list of strings that are all parsable as floats or dates. If these strings should be plotted as numbers, cast to the appropriate data type before plotting.
[2025-03-09T10:57:03.261+0000] {subprocess.py:93} INFO - 2025-03-09 10:57:03,261 : INFO : Using categorical units to plot a list of strings that are all parsable as floats or dates. If these strings should be plotted as numbers, cast to the appropriate data type before plotting.
[2025-03-09T10:57:03.376+0000] {subprocess.py:93} INFO - 2025-03-09 10:57:03,375 : INFO : Using categorical units to plot a list of strings that are all parsable as floats or dates. If these strings should be plotted as numbers, cast to the appropriate data type before plotting.
[2025-03-09T10:57:03.418+0000] {subprocess.py:93} INFO - 2025-03-09 10:57:03,417 : INFO : Using categorical units to plot a list of strings that are all parsable as floats or dates. If these strings should be plotted as numbers, cast to the appropriate data type before plotting.
[2025-03-09T10:57:03.530+0000] {subprocess.py:93} INFO - 2025-03-09 10:57:03,530 : INFO : Using categorical units to plot a list of strings that are all parsable as floats or dates. If these strings should be plotted as numbers, cast to the appropriate data type before plotting.
[2025-03-09T10:57:03.555+0000] {subprocess.py:93} INFO - 2025-03-09 10:57:03,555 : INFO : Using categorical units to plot a list of strings that are all parsable as floats or dates. If these strings should be plotted as numbers, cast to the appropriate data type before plotting.
[2025-03-09T10:57:04.226+0000] {subprocess.py:93} INFO - 2025-03-09 10:57:04,226 : INFO : Saved pdf in /opt/***/visualization/fintech2/09-03-2025/database/plots.pdf
[2025-03-09T10:57:07.275+0000] {subprocess.py:93} INFO - 
[2025-03-09T10:57:07.275+0000] {subprocess.py:93} INFO - To track the changes with git, run:
[2025-03-09T10:57:07.276+0000] {subprocess.py:93} INFO - 
[2025-03-09T10:57:07.276+0000] {subprocess.py:93} INFO - 	git add data/cleaned.dvc
[2025-03-09T10:57:07.276+0000] {subprocess.py:93} INFO - 
[2025-03-09T10:57:07.276+0000] {subprocess.py:93} INFO - To enable auto staging, run:
[2025-03-09T10:57:07.276+0000] {subprocess.py:93} INFO - 
[2025-03-09T10:57:07.277+0000] {subprocess.py:93} INFO - 	dvc config core.autostage true
[2025-03-09T10:57:07.644+0000] {subprocess.py:93} INFO - /bin/bash: line 2:  : command not found
[2025-03-09T10:57:07.691+0000] {subprocess.py:93} INFO - On branch main
[2025-03-09T10:57:07.691+0000] {subprocess.py:93} INFO - Your branch is up to date with 'origin/main'.
[2025-03-09T10:57:07.692+0000] {subprocess.py:93} INFO - 
[2025-03-09T10:57:07.692+0000] {subprocess.py:93} INFO - Changes to be committed:
[2025-03-09T10:57:07.692+0000] {subprocess.py:93} INFO -   (use "git restore --staged <file>..." to unstage)
[2025-03-09T10:57:07.692+0000] {subprocess.py:93} INFO - 	modified:   data/cleaned.dvc
[2025-03-09T10:57:07.692+0000] {subprocess.py:93} INFO - 	new file:   logs/dag_id=customer_churn_ml_pipeline/run_id=scheduled__2025-03-08T08:00:00+00:00/task_id=data_preparation_task/attempt=1.log
[2025-03-09T10:57:07.693+0000] {subprocess.py:93} INFO - 	modified:   logs/dag_id=customer_churn_ml_pipeline/run_id=scheduled__2025-03-08T08:00:00+00:00/task_id=data_validation_task/attempt=1.log
[2025-03-09T10:57:07.693+0000] {subprocess.py:93} INFO - 	modified:   logs/dag_processor_manager/dag_processor_manager.log
[2025-03-09T10:57:07.693+0000] {subprocess.py:93} INFO - 	modified:   logs/data_preparation.log
[2025-03-09T10:57:07.693+0000] {subprocess.py:93} INFO - 	modified:   logs/scheduler/2025-03-09/customer_churn.py.log
[2025-03-09T10:57:07.693+0000] {subprocess.py:93} INFO - 	new file:   visualization/fintech1/09-03-2025/csv/plots.pdf
[2025-03-09T10:57:07.693+0000] {subprocess.py:93} INFO - 	new file:   visualization/fintech2/09-03-2025/database/plots.pdf
[2025-03-09T10:57:07.694+0000] {subprocess.py:93} INFO - 
[2025-03-09T10:57:07.694+0000] {subprocess.py:93} INFO - Changes not staged for commit:
[2025-03-09T10:57:07.694+0000] {subprocess.py:93} INFO -   (use "git add <file>..." to update what will be committed)
[2025-03-09T10:57:07.694+0000] {subprocess.py:93} INFO -   (use "git restore <file>..." to discard changes in working directory)
[2025-03-09T10:57:07.694+0000] {subprocess.py:93} INFO - 	modified:   logs/dag_id=customer_churn_ml_pipeline/run_id=scheduled__2025-03-08T08:00:00+00:00/task_id=data_preparation_task/attempt=1.log
[2025-03-09T10:57:07.695+0000] {subprocess.py:93} INFO - 
[2025-03-09T10:57:07.695+0000] {subprocess.py:93} INFO - Untracked files:
[2025-03-09T10:57:07.695+0000] {subprocess.py:93} INFO -   (use "git add <file>..." to include in what will be committed)
[2025-03-09T10:57:07.695+0000] {subprocess.py:93} INFO - 	customer_churn_stats/feature_repo/data/online_store.db
[2025-03-09T10:57:07.695+0000] {subprocess.py:93} INFO - 	customer_churn_stats/feature_repo/data/registry.db
[2025-03-09T10:57:07.696+0000] {subprocess.py:93} INFO - 	models/
[2025-03-09T10:57:07.696+0000] {subprocess.py:93} INFO - 	online.db
[2025-03-09T10:57:07.696+0000] {subprocess.py:93} INFO - 
