[2025-03-02T11:37:55.139+0000] {taskinstance.py:1159} INFO - Dependencies all met for dep_context=non-requeueable deps ti=<TaskInstance: customer_churn_ml_pipeline.model_training_task manual__2025-03-02T11:35:21.762130+00:00 [queued]>
[2025-03-02T11:37:55.156+0000] {taskinstance.py:1159} INFO - Dependencies all met for dep_context=requeueable deps ti=<TaskInstance: customer_churn_ml_pipeline.model_training_task manual__2025-03-02T11:35:21.762130+00:00 [queued]>
[2025-03-02T11:37:55.156+0000] {taskinstance.py:1361} INFO - Starting attempt 1 of 1
[2025-03-02T11:37:55.195+0000] {taskinstance.py:1382} INFO - Executing <Task(BashOperator): model_training_task> on 2025-03-02 11:35:21.762130+00:00
[2025-03-02T11:37:55.203+0000] {standard_task_runner.py:57} INFO - Started process 16283 to run task
[2025-03-02T11:37:55.212+0000] {standard_task_runner.py:84} INFO - Running: ['***', 'tasks', 'run', 'customer_churn_ml_pipeline', 'model_training_task', 'manual__2025-03-02T11:35:21.762130+00:00', '--job-id', '231', '--raw', '--subdir', 'DAGS_FOLDER/customer_churn.py', '--cfg-path', '/tmp/tmpgyrq2fcq']
[2025-03-02T11:37:55.218+0000] {standard_task_runner.py:85} INFO - Job 231: Subtask model_training_task
[2025-03-02T11:37:55.268+0000] {logging_mixin.py:154} WARNING - /home/***/.local/lib/python3.8/site-packages/***/settings.py:195 DeprecationWarning: The sql_alchemy_conn option in [core] has been moved to the sql_alchemy_conn option in [database] - the old setting has been used, but please update your config.
[2025-03-02T11:37:55.375+0000] {task_command.py:416} INFO - Running <TaskInstance: customer_churn_ml_pipeline.model_training_task manual__2025-03-02T11:35:21.762130+00:00 [running]> on host 9113a5746a05
[2025-03-02T11:37:55.628+0000] {taskinstance.py:1662} INFO - Exporting env vars: AIRFLOW_CTX_DAG_OWNER='***' AIRFLOW_CTX_DAG_ID='customer_churn_ml_pipeline' AIRFLOW_CTX_TASK_ID='model_training_task' AIRFLOW_CTX_EXECUTION_DATE='2025-03-02T11:35:21.762130+00:00' AIRFLOW_CTX_TRY_NUMBER='1' AIRFLOW_CTX_DAG_RUN_ID='manual__2025-03-02T11:35:21.762130+00:00'
[2025-03-02T11:37:55.631+0000] {subprocess.py:63} INFO - Tmp dir root location: /tmp
[2025-03-02T11:37:55.632+0000] {subprocess.py:75} INFO - Running command: ['/bin/bash', '-c', '\n\t    \t\tcd /opt/***\n       \t\t\t    python /opt/***/executables/model_training.py && \t      \t\t    git add logs && \t      \t\t    git add mlruns && \t        \t    git status &&                             git commit -m "Trained model version" -a && \\    \n\t\t\t    git push\n                        ']
[2025-03-02T11:37:55.650+0000] {subprocess.py:86} INFO - Output:
[2025-03-02T11:38:04.498+0000] {subprocess.py:93} INFO - /home/***/.local/lib/python3.8/site-packages/mlflow/gateway/config.py:64: PydanticDeprecatedSince20: Pydantic V1 style `@validator` validators are deprecated. You should migrate to Pydantic V2 style `@field_validator` validators, see the migration guide for more details. Deprecated in Pydantic V2.0 to be removed in V3.0. See Pydantic V2 Migration Guide at https://errors.pydantic.dev/2.4/migration/
[2025-03-02T11:38:04.499+0000] {subprocess.py:93} INFO -   @validator("togetherai_api_key", pre=True)
[2025-03-02T11:38:04.499+0000] {subprocess.py:93} INFO - /home/***/.local/lib/python3.8/site-packages/mlflow/gateway/config.py:372: PydanticDeprecatedSince20: Pydantic V1 style `@root_validator` validators are deprecated. You should migrate to Pydantic V2 style `@model_validator` validators, see the migration guide for more details. Deprecated in Pydantic V2.0 to be removed in V3.0. See Pydantic V2 Migration Guide at https://errors.pydantic.dev/2.4/migration/
[2025-03-02T11:38:04.499+0000] {subprocess.py:93} INFO -   @root_validator(skip_on_failure=True)
[2025-03-02T11:38:04.499+0000] {subprocess.py:93} INFO - /home/***/.local/lib/python3.8/site-packages/pydantic/_internal/_config.py:267: PydanticDeprecatedSince20: Support for class-based `config` is deprecated, use ConfigDict instead. Deprecated in Pydantic V2.0 to be removed in V3.0. See Pydantic V2 Migration Guide at https://errors.pydantic.dev/2.4/migration/
[2025-03-02T11:38:04.500+0000] {subprocess.py:93} INFO -   warnings.warn(DEPRECATION_MESSAGE, DeprecationWarning)
[2025-03-02T11:38:04.500+0000] {subprocess.py:93} INFO - 2025-03-02 11:38:04,498 : INFO : Starting model training
[2025-03-02T11:38:04.519+0000] {subprocess.py:93} INFO - 2025-03-02 11:38:04,519 : INFO : Registry cache expired, so refreshing
[2025-03-02T11:38:04.531+0000] {subprocess.py:93} INFO - 2025-03-02 11:38:04,530 : INFO : Getting data
[2025-03-02T11:38:04.532+0000] {subprocess.py:93} INFO - 2025-03-02 11:38:04,531 : INFO : Start and End Range: 1 to 1000
[2025-03-02T11:38:04.568+0000] {subprocess.py:93} INFO - Error in model training: no such table: customer_churn_stats_customer_stats_fv
[2025-03-02T11:38:05.612+0000] {subprocess.py:93} INFO - On branch main
[2025-03-02T11:38:05.613+0000] {subprocess.py:93} INFO - Your branch is up to date with 'origin/main'.
[2025-03-02T11:38:05.613+0000] {subprocess.py:93} INFO - 
[2025-03-02T11:38:05.613+0000] {subprocess.py:93} INFO - Changes to be committed:
[2025-03-02T11:38:05.614+0000] {subprocess.py:93} INFO -   (use "git restore --staged <file>..." to unstage)
[2025-03-02T11:38:05.614+0000] {subprocess.py:93} INFO - 	new file:   logs/dag_id=customer_churn_ml_pipeline/run_id=manual__2025-03-02T11:35:21.762130+00:00/task_id=feature_store_task/attempt=1.log
[2025-03-02T11:38:05.614+0000] {subprocess.py:93} INFO - 	new file:   logs/dag_id=customer_churn_ml_pipeline/run_id=manual__2025-03-02T11:35:21.762130+00:00/task_id=model_training_task/attempt=1.log
[2025-03-02T11:38:05.615+0000] {subprocess.py:93} INFO - 	modified:   logs/model_training.log
[2025-03-02T11:38:05.615+0000] {subprocess.py:93} INFO - 
[2025-03-02T11:38:05.615+0000] {subprocess.py:93} INFO - Untracked files:
[2025-03-02T11:38:05.616+0000] {subprocess.py:93} INFO -   (use "git add <file>..." to include in what will be committed)
[2025-03-02T11:38:05.616+0000] {subprocess.py:93} INFO - 	customer_churn_stats/feature_repo/data/
[2025-03-02T11:38:05.616+0000] {subprocess.py:93} INFO - 
[2025-03-02T11:38:05.634+0000] {subprocess.py:93} INFO - [main dbf0120] Trained model version
[2025-03-02T11:38:05.635+0000] {subprocess.py:93} INFO -  3 files changed, 126 insertions(+)
[2025-03-02T11:38:05.635+0000] {subprocess.py:93} INFO -  create mode 100644 logs/dag_id=customer_churn_ml_pipeline/run_id=manual__2025-03-02T11:35:21.762130+00:00/task_id=feature_store_task/attempt=1.log
[2025-03-02T11:38:05.635+0000] {subprocess.py:93} INFO -  create mode 100644 logs/dag_id=customer_churn_ml_pipeline/run_id=manual__2025-03-02T11:35:21.762130+00:00/task_id=model_training_task/attempt=1.log
[2025-03-02T11:38:05.635+0000] {subprocess.py:93} INFO - /bin/bash: line 3:  : command not found
[2025-03-02T11:38:09.854+0000] {subprocess.py:93} INFO - fatal: unable to access 'https://github.com/anniemathew-trial/customer_churn_pipeline.git/': gnutls_handshake() failed: The TLS connection was non-properly terminated.
[2025-03-02T11:38:09.856+0000] {subprocess.py:97} INFO - Command exited with return code 128
[2025-03-02T11:38:09.873+0000] {taskinstance.py:1937} ERROR - Task failed with exception
Traceback (most recent call last):
  File "/home/airflow/.local/lib/python3.8/site-packages/airflow/operators/bash.py", line 210, in execute
    raise AirflowException(
airflow.exceptions.AirflowException: Bash command failed. The command returned a non-zero exit code 128.
[2025-03-02T11:38:09.878+0000] {taskinstance.py:1400} INFO - Marking task as FAILED. dag_id=customer_churn_ml_pipeline, task_id=model_training_task, execution_date=20250302T113521, start_date=20250302T113755, end_date=20250302T113809
[2025-03-02T11:38:09.909+0000] {standard_task_runner.py:104} ERROR - Failed to execute job 231 for task model_training_task (Bash command failed. The command returned a non-zero exit code 128.; 16283)
[2025-03-02T11:38:09.927+0000] {local_task_job_runner.py:228} INFO - Task exited with return code 1
[2025-03-02T11:38:09.948+0000] {taskinstance.py:2778} INFO - 0 downstream tasks scheduled from follow-on schedule check
