[2025-03-01T10:10:56.383+0000] {taskinstance.py:1159} INFO - Dependencies all met for dep_context=non-requeueable deps ti=<TaskInstance: customer_churn_ml_pipeline.data_storage_task manual__2025-03-01T10:08:22.088632+00:00 [queued]>
[2025-03-01T10:10:56.398+0000] {taskinstance.py:1159} INFO - Dependencies all met for dep_context=requeueable deps ti=<TaskInstance: customer_churn_ml_pipeline.data_storage_task manual__2025-03-01T10:08:22.088632+00:00 [queued]>
[2025-03-01T10:10:56.398+0000] {taskinstance.py:1361} INFO - Starting attempt 1 of 1
[2025-03-01T10:10:56.420+0000] {taskinstance.py:1382} INFO - Executing <Task(BashOperator): data_storage_task> on 2025-03-01 10:08:22.088632+00:00
[2025-03-01T10:10:56.426+0000] {standard_task_runner.py:57} INFO - Started process 9214 to run task
[2025-03-01T10:10:56.431+0000] {standard_task_runner.py:84} INFO - Running: ['***', 'tasks', 'run', 'customer_churn_ml_pipeline', 'data_storage_task', 'manual__2025-03-01T10:08:22.088632+00:00', '--job-id', '69', '--raw', '--subdir', 'DAGS_FOLDER/customer_churn.py', '--cfg-path', '/tmp/tmpr2e6uc36']
[2025-03-01T10:10:56.434+0000] {standard_task_runner.py:85} INFO - Job 69: Subtask data_storage_task
[2025-03-01T10:10:56.465+0000] {logging_mixin.py:154} WARNING - /home/***/.local/lib/python3.8/site-packages/***/settings.py:195 DeprecationWarning: The sql_alchemy_conn option in [core] has been moved to the sql_alchemy_conn option in [database] - the old setting has been used, but please update your config.
[2025-03-01T10:10:56.530+0000] {task_command.py:416} INFO - Running <TaskInstance: customer_churn_ml_pipeline.data_storage_task manual__2025-03-01T10:08:22.088632+00:00 [running]> on host 7e994a0ed489
[2025-03-01T10:10:56.688+0000] {taskinstance.py:1662} INFO - Exporting env vars: AIRFLOW_CTX_DAG_OWNER='***' AIRFLOW_CTX_DAG_ID='customer_churn_ml_pipeline' AIRFLOW_CTX_TASK_ID='data_storage_task' AIRFLOW_CTX_EXECUTION_DATE='2025-03-01T10:08:22.088632+00:00' AIRFLOW_CTX_TRY_NUMBER='1' AIRFLOW_CTX_DAG_RUN_ID='manual__2025-03-01T10:08:22.088632+00:00'
[2025-03-01T10:10:56.689+0000] {subprocess.py:63} INFO - Tmp dir root location: /tmp
[2025-03-01T10:10:56.690+0000] {subprocess.py:75} INFO - Running command: ['/bin/bash', '-c', '\n\t\t\tcd /opt/***\n                        dvc pull /opt/***/data/transformed\n                        python /opt/***/executables/data_storage.py &&                         git commit -m "Updated stored data version" -a &&                         dvc push && git push\n                    ']
[2025-03-01T10:10:56.702+0000] {subprocess.py:86} INFO - Output:
[2025-03-01T10:11:01.217+0000] {subprocess.py:93} INFO - Everything is up to date.
[2025-03-01T10:11:09.894+0000] {subprocess.py:93} INFO - [main 4fd9940] Updated stored data version
[2025-03-01T10:11:09.894+0000] {subprocess.py:93} INFO -  2 files changed, 17 insertions(+)
[2025-03-01T10:11:15.481+0000] {subprocess.py:93} INFO - Everything is up to date.
[2025-03-01T10:11:17.586+0000] {subprocess.py:93} INFO - To https://github.com/anniemathew-trial/customer_churn_pipeline.git
[2025-03-01T10:11:17.586+0000] {subprocess.py:93} INFO -    6ce3a91..4fd9940  main -> main
[2025-03-01T10:11:17.593+0000] {subprocess.py:97} INFO - Command exited with return code 0
[2025-03-01T10:11:17.636+0000] {taskinstance.py:1400} INFO - Marking task as SUCCESS. dag_id=customer_churn_ml_pipeline, task_id=data_storage_task, execution_date=20250301T100822, start_date=20250301T101056, end_date=20250301T101117
[2025-03-01T10:11:17.683+0000] {local_task_job_runner.py:228} INFO - Task exited with return code 0
[2025-03-01T10:11:17.719+0000] {taskinstance.py:2778} INFO - 1 downstream tasks scheduled from follow-on schedule check
