[2025-03-09T17:53:25.574+0000] {taskinstance.py:1159} INFO - Dependencies all met for dep_context=non-requeueable deps ti=<TaskInstance: customer_churn_ml_pipeline.data_transformation_task manual__2025-03-09T17:51:43.827534+00:00 [queued]>
[2025-03-09T17:53:25.600+0000] {taskinstance.py:1159} INFO - Dependencies all met for dep_context=requeueable deps ti=<TaskInstance: customer_churn_ml_pipeline.data_transformation_task manual__2025-03-09T17:51:43.827534+00:00 [queued]>
[2025-03-09T17:53:25.601+0000] {taskinstance.py:1361} INFO - Starting attempt 1 of 1
[2025-03-09T17:53:25.635+0000] {taskinstance.py:1382} INFO - Executing <Task(BashOperator): data_transformation_task> on 2025-03-09 17:51:43.827534+00:00
[2025-03-09T17:53:25.644+0000] {standard_task_runner.py:57} INFO - Started process 14700 to run task
[2025-03-09T17:53:25.651+0000] {standard_task_runner.py:84} INFO - Running: ['***', 'tasks', 'run', 'customer_churn_ml_pipeline', 'data_transformation_task', 'manual__2025-03-09T17:51:43.827534+00:00', '--job-id', '435', '--raw', '--subdir', 'DAGS_FOLDER/customer_churn.py', '--cfg-path', '/tmp/tmpl3rwo0n4']
[2025-03-09T17:53:25.656+0000] {standard_task_runner.py:85} INFO - Job 435: Subtask data_transformation_task
[2025-03-09T17:53:25.701+0000] {logging_mixin.py:154} WARNING - /home/***/.local/lib/python3.8/site-packages/***/settings.py:195 DeprecationWarning: The sql_alchemy_conn option in [core] has been moved to the sql_alchemy_conn option in [database] - the old setting has been used, but please update your config.
[2025-03-09T17:53:25.798+0000] {task_command.py:416} INFO - Running <TaskInstance: customer_churn_ml_pipeline.data_transformation_task manual__2025-03-09T17:51:43.827534+00:00 [running]> on host 157237bff8f7
[2025-03-09T17:53:26.043+0000] {taskinstance.py:1662} INFO - Exporting env vars: AIRFLOW_CTX_DAG_OWNER='***' AIRFLOW_CTX_DAG_ID='customer_churn_ml_pipeline' AIRFLOW_CTX_TASK_ID='data_transformation_task' AIRFLOW_CTX_EXECUTION_DATE='2025-03-09T17:51:43.827534+00:00' AIRFLOW_CTX_TRY_NUMBER='1' AIRFLOW_CTX_DAG_RUN_ID='manual__2025-03-09T17:51:43.827534+00:00'
[2025-03-09T17:53:26.045+0000] {subprocess.py:63} INFO - Tmp dir root location: /tmp
[2025-03-09T17:53:26.047+0000] {subprocess.py:75} INFO - Running command: ['/bin/bash', '-c', '\n\t\t\tcd /opt/*** &&                        dvc pull /opt/***/data/cleaned\n                        python /opt/***/executables/data_transformation.py &&                         dvc add /opt/***/data/transformed &&                         git add /opt/***/data/transformed.dvc && \t\t\tgit add logs &&    \t\t\tgit status &&                         git commit -m "Updated transformed data version" -a &&                         dvc push && git push\n                    ']
[2025-03-09T17:53:26.074+0000] {subprocess.py:86} INFO - Output:
[2025-03-09T17:53:31.452+0000] {subprocess.py:93} INFO - Everything is up to date.
[2025-03-09T17:53:36.405+0000] {subprocess.py:93} INFO - 2025-03-09 17:53:36,405 : INFO : Starting data transformation for csv.
[2025-03-09T17:53:36.466+0000] {subprocess.py:93} INFO - 2025-03-09 17:53:36,465 : INFO : Scaling 'Balance', 'EstimatedSalary'.
[2025-03-09T17:53:36.482+0000] {subprocess.py:93} INFO - 2025-03-09 17:53:36,481 : INFO : Saving data to S3.
[2025-03-09T17:53:45.371+0000] {subprocess.py:93} INFO - 2025-03-09 17:53:45,370 : INFO : Starting data transformation for csv.
[2025-03-09T17:53:45.404+0000] {subprocess.py:93} INFO - 2025-03-09 17:53:45,404 : INFO : Scaling 'Balance', 'EstimatedSalary'.
[2025-03-09T17:53:45.410+0000] {subprocess.py:93} INFO - 2025-03-09 17:53:45,410 : INFO : Saving data to S3.
[2025-03-09T17:53:52.396+0000] {subprocess.py:93} INFO - 
[2025-03-09T17:53:52.397+0000] {subprocess.py:93} INFO - To track the changes with git, run:
[2025-03-09T17:53:52.397+0000] {subprocess.py:93} INFO - 
[2025-03-09T17:53:52.398+0000] {subprocess.py:93} INFO - 	git add data/transformed.dvc
[2025-03-09T17:53:52.399+0000] {subprocess.py:93} INFO - 
[2025-03-09T17:53:52.400+0000] {subprocess.py:93} INFO - To enable auto staging, run:
[2025-03-09T17:53:52.400+0000] {subprocess.py:93} INFO - 
[2025-03-09T17:53:52.400+0000] {subprocess.py:93} INFO - 	dvc config core.autostage true
[2025-03-09T17:53:53.066+0000] {subprocess.py:93} INFO - On branch main
[2025-03-09T17:53:53.067+0000] {subprocess.py:93} INFO - Your branch is up to date with 'origin/main'.
[2025-03-09T17:53:53.067+0000] {subprocess.py:93} INFO - 
[2025-03-09T17:53:53.067+0000] {subprocess.py:93} INFO - Changes to be committed:
[2025-03-09T17:53:53.068+0000] {subprocess.py:93} INFO -   (use "git restore --staged <file>..." to unstage)
[2025-03-09T17:53:53.068+0000] {subprocess.py:93} INFO - 	modified:   logs/dag_id=customer_churn_ml_pipeline/run_id=manual__2025-03-09T17:51:43.827534+00:00/task_id=data_preparation_task/attempt=1.log
[2025-03-09T17:53:53.068+0000] {subprocess.py:93} INFO - 	new file:   logs/dag_id=customer_churn_ml_pipeline/run_id=manual__2025-03-09T17:51:43.827534+00:00/task_id=data_transformation_task/attempt=1.log
[2025-03-09T17:53:53.069+0000] {subprocess.py:93} INFO - 	modified:   logs/dag_processor_manager/dag_processor_manager.log
[2025-03-09T17:53:53.069+0000] {subprocess.py:93} INFO - 	modified:   logs/data_transformation.log
[2025-03-09T17:53:53.070+0000] {subprocess.py:93} INFO - 	modified:   logs/scheduler/2025-03-09/customer_churn.py.log
[2025-03-09T17:53:53.070+0000] {subprocess.py:93} INFO - 
[2025-03-09T17:53:53.070+0000] {subprocess.py:93} INFO - Untracked files:
[2025-03-09T17:53:53.071+0000] {subprocess.py:93} INFO -   (use "git add <file>..." to include in what will be committed)
[2025-03-09T17:53:53.071+0000] {subprocess.py:93} INFO - 	customer_churn_stats/feature_repo/data/online_store.db
[2025-03-09T17:53:53.072+0000] {subprocess.py:93} INFO - 	customer_churn_stats/feature_repo/data/registry.db
[2025-03-09T17:53:53.072+0000] {subprocess.py:93} INFO - 	mlartifacts/
[2025-03-09T17:53:53.072+0000] {subprocess.py:93} INFO - 	online.db
[2025-03-09T17:53:53.073+0000] {subprocess.py:93} INFO - 
[2025-03-09T17:53:53.246+0000] {subprocess.py:93} INFO - [main c4f713c] Updated transformed data version
[2025-03-09T17:53:53.247+0000] {subprocess.py:93} INFO -  5 files changed, 79 insertions(+)
[2025-03-09T17:53:53.247+0000] {subprocess.py:93} INFO -  create mode 100644 logs/dag_id=customer_churn_ml_pipeline/run_id=manual__2025-03-09T17:51:43.827534+00:00/task_id=data_transformation_task/attempt=1.log
[2025-03-09T17:54:02.032+0000] {subprocess.py:93} INFO - Everything is up to date.
[2025-03-09T17:54:03.886+0000] {subprocess.py:93} INFO - To https://github.com/anniemathew-trial/customer_churn_pipeline.git
[2025-03-09T17:54:03.886+0000] {subprocess.py:93} INFO -    90d8e21..c4f713c  main -> main
[2025-03-09T17:54:03.893+0000] {subprocess.py:97} INFO - Command exited with return code 0
[2025-03-09T17:54:03.962+0000] {taskinstance.py:1400} INFO - Marking task as SUCCESS. dag_id=customer_churn_ml_pipeline, task_id=data_transformation_task, execution_date=20250309T175143, start_date=20250309T175325, end_date=20250309T175403
[2025-03-09T17:54:04.010+0000] {local_task_job_runner.py:228} INFO - Task exited with return code 0
[2025-03-09T17:54:04.070+0000] {taskinstance.py:2778} INFO - 1 downstream tasks scheduled from follow-on schedule check
