[2025-03-03T17:05:50.687+0000] {taskinstance.py:1159} INFO - Dependencies all met for dep_context=non-requeueable deps ti=<TaskInstance: customer_churn_ml_pipeline.feature_store_task manual__2025-03-03T17:04:05.906551+00:00 [queued]>
[2025-03-03T17:05:50.705+0000] {taskinstance.py:1159} INFO - Dependencies all met for dep_context=requeueable deps ti=<TaskInstance: customer_churn_ml_pipeline.feature_store_task manual__2025-03-03T17:04:05.906551+00:00 [queued]>
[2025-03-03T17:05:50.706+0000] {taskinstance.py:1361} INFO - Starting attempt 1 of 1
[2025-03-03T17:05:50.733+0000] {taskinstance.py:1382} INFO - Executing <Task(BashOperator): feature_store_task> on 2025-03-03 17:04:05.906551+00:00
[2025-03-03T17:05:50.739+0000] {standard_task_runner.py:57} INFO - Started process 6837 to run task
[2025-03-03T17:05:50.744+0000] {standard_task_runner.py:84} INFO - Running: ['***', 'tasks', 'run', 'customer_churn_ml_pipeline', 'feature_store_task', 'manual__2025-03-03T17:04:05.906551+00:00', '--job-id', '134', '--raw', '--subdir', 'DAGS_FOLDER/customer_churn.py', '--cfg-path', '/tmp/tmpxi48ca09']
[2025-03-03T17:05:50.749+0000] {standard_task_runner.py:85} INFO - Job 134: Subtask feature_store_task
[2025-03-03T17:05:50.780+0000] {logging_mixin.py:154} WARNING - /home/***/.local/lib/python3.8/site-packages/***/settings.py:195 DeprecationWarning: The sql_alchemy_conn option in [core] has been moved to the sql_alchemy_conn option in [database] - the old setting has been used, but please update your config.
[2025-03-03T17:05:50.845+0000] {task_command.py:416} INFO - Running <TaskInstance: customer_churn_ml_pipeline.feature_store_task manual__2025-03-03T17:04:05.906551+00:00 [running]> on host 157237bff8f7
[2025-03-03T17:05:51.015+0000] {taskinstance.py:1662} INFO - Exporting env vars: AIRFLOW_CTX_DAG_OWNER='***' AIRFLOW_CTX_DAG_ID='customer_churn_ml_pipeline' AIRFLOW_CTX_TASK_ID='feature_store_task' AIRFLOW_CTX_EXECUTION_DATE='2025-03-03T17:04:05.906551+00:00' AIRFLOW_CTX_TRY_NUMBER='1' AIRFLOW_CTX_DAG_RUN_ID='manual__2025-03-03T17:04:05.906551+00:00'
[2025-03-03T17:05:51.017+0000] {subprocess.py:63} INFO - Tmp dir root location: /tmp
[2025-03-03T17:05:51.018+0000] {subprocess.py:75} INFO - Running command: ['/bin/bash', '-c', '\n\t\t\tcd /opt/***/customer_churn_stats/feature_repo &&                         feast apply &&                         feast materialize-incremental $(date -u +\'%Y-%m-%dT%H:%M:%S\') &&       \t\t\tgit add /opt/***/logs\n   \t\t\tgit status &&                         git commit -m "Updated feature store" -a &&                         git push\n                    ']
[2025-03-03T17:05:51.032+0000] {subprocess.py:86} INFO - Output:
[2025-03-03T17:05:57.482+0000] {subprocess.py:93} INFO - 2025-03-03 17:05:57,481 : INFO : Connecting to Database
[2025-03-03T17:05:57.505+0000] {subprocess.py:93} INFO - 2025-03-03 17:05:57,504 : INFO : Connecting to Database Successfull
[2025-03-03T17:05:57.505+0000] {subprocess.py:93} INFO - 2025-03-03 17:05:57,505 : INFO : Reading data from database.
[2025-03-03T17:05:57.968+0000] {subprocess.py:93} INFO - /opt/***/customer_churn_stats/feature_repo/feature_store.py:36: UserWarning: pandas only supports SQLAlchemy connectable (engine/connection) or database string URI or sqlite3 DBAPI2 connection. Other DBAPI2 objects are not tested. Please consider using SQLAlchemy.
[2025-03-03T17:05:57.969+0000] {subprocess.py:93} INFO -   data = pd.read_sql(query, connection)
[2025-03-03T17:05:57.969+0000] {subprocess.py:93} INFO - 2025-03-03 17:05:57,968 : INFO : Data collection from database successfull!!
[2025-03-03T17:05:57.969+0000] {subprocess.py:93} INFO - 2025-03-03 17:05:57,968 : INFO : Declaring an entity for the dataset
[2025-03-03T17:05:57.969+0000] {subprocess.py:93} INFO - 2025-03-03 17:05:57,968 : INFO : Declaring the source for raw feature data
[2025-03-03T17:05:57.969+0000] {subprocess.py:93} INFO - 2025-03-03 17:05:57,969 : INFO : Defining the features in a feature view
[2025-03-03T17:05:57.972+0000] {subprocess.py:93} INFO - 2025-03-03 17:05:57,971 : INFO : Feature view creation successfull!!
[2025-03-03T17:05:57.990+0000] {subprocess.py:93} INFO - No changes to registry
[2025-03-03T17:05:57.991+0000] {subprocess.py:93} INFO - No changes to infrastructure
[2025-03-03T17:06:05.129+0000] {subprocess.py:93} INFO - Materializing [1m[32m1[0m feature views to [1m[32m2025-03-03 17:05:58+00:00[0m into the [1m[32msqlite[0m online store.
[2025-03-03T17:06:05.129+0000] {subprocess.py:93} INFO - 
[2025-03-03T17:06:05.129+0000] {subprocess.py:93} INFO - [1m[32mcustomer_stats_fv[0m from [1m[32m2025-03-03 16:57:29+00:00[0m to [1m[32m2025-03-03 17:05:58+00:00[0m:
[2025-03-03T17:06:05.134+0000] {subprocess.py:93} INFO - 0it [00:00, ?it/s]0it [00:00, ?it/s]
[2025-03-03T17:06:05.879+0000] {subprocess.py:93} INFO - On branch main
[2025-03-03T17:06:05.880+0000] {subprocess.py:93} INFO - Your branch is up to date with 'origin/main'.
[2025-03-03T17:06:05.880+0000] {subprocess.py:93} INFO - 
[2025-03-03T17:06:05.880+0000] {subprocess.py:93} INFO - Changes to be committed:
[2025-03-03T17:06:05.880+0000] {subprocess.py:93} INFO -   (use "git restore --staged <file>..." to unstage)
[2025-03-03T17:06:05.880+0000] {subprocess.py:93} INFO - 	modified:   ../../logs/dag_id=customer_churn_ml_pipeline/run_id=manual__2025-03-03T17:04:05.906551+00:00/task_id=data_storage_task/attempt=1.log
[2025-03-03T17:06:05.880+0000] {subprocess.py:93} INFO - 	new file:   ../../logs/dag_id=customer_churn_ml_pipeline/run_id=manual__2025-03-03T17:04:05.906551+00:00/task_id=feature_store_task/attempt=1.log
[2025-03-03T17:06:05.880+0000] {subprocess.py:93} INFO - 	modified:   ../../logs/dag_processor_manager/dag_processor_manager.log
[2025-03-03T17:06:05.881+0000] {subprocess.py:93} INFO - 	modified:   ../../logs/feature_store.log
[2025-03-03T17:06:05.881+0000] {subprocess.py:93} INFO - 	modified:   ../../logs/scheduler/2025-03-03/customer_churn.py.log
[2025-03-03T17:06:05.881+0000] {subprocess.py:93} INFO - 
[2025-03-03T17:06:05.881+0000] {subprocess.py:93} INFO - Untracked files:
[2025-03-03T17:06:05.881+0000] {subprocess.py:93} INFO -   (use "git add <file>..." to include in what will be committed)
[2025-03-03T17:06:05.881+0000] {subprocess.py:93} INFO - 	data/online_store.db
[2025-03-03T17:06:05.881+0000] {subprocess.py:93} INFO - 	data/registry.db
[2025-03-03T17:06:05.881+0000] {subprocess.py:93} INFO - 	../../models/
[2025-03-03T17:06:05.882+0000] {subprocess.py:93} INFO - 	../../online.db
[2025-03-03T17:06:05.882+0000] {subprocess.py:93} INFO - 
