[2025-03-09T19:00:10.740+0000] {taskinstance.py:1159} INFO - Dependencies all met for dep_context=non-requeueable deps ti=<TaskInstance: customer_churn_ml_pipeline.data_preparation_task manual__2025-03-09T18:59:08.350415+00:00 [queued]>
[2025-03-09T19:00:10.757+0000] {taskinstance.py:1159} INFO - Dependencies all met for dep_context=requeueable deps ti=<TaskInstance: customer_churn_ml_pipeline.data_preparation_task manual__2025-03-09T18:59:08.350415+00:00 [queued]>
[2025-03-09T19:00:10.757+0000] {taskinstance.py:1361} INFO - Starting attempt 1 of 1
[2025-03-09T19:00:10.781+0000] {taskinstance.py:1382} INFO - Executing <Task(BashOperator): data_preparation_task> on 2025-03-09 18:59:08.350415+00:00
[2025-03-09T19:00:10.790+0000] {standard_task_runner.py:57} INFO - Started process 17180 to run task
[2025-03-09T19:00:10.794+0000] {standard_task_runner.py:84} INFO - Running: ['***', 'tasks', 'run', 'customer_churn_ml_pipeline', 'data_preparation_task', 'manual__2025-03-09T18:59:08.350415+00:00', '--job-id', '461', '--raw', '--subdir', 'DAGS_FOLDER/customer_churn.py', '--cfg-path', '/tmp/tmps1tzz8kf']
[2025-03-09T19:00:10.799+0000] {standard_task_runner.py:85} INFO - Job 461: Subtask data_preparation_task
[2025-03-09T19:00:10.829+0000] {logging_mixin.py:154} WARNING - /home/***/.local/lib/python3.8/site-packages/***/settings.py:195 DeprecationWarning: The sql_alchemy_conn option in [core] has been moved to the sql_alchemy_conn option in [database] - the old setting has been used, but please update your config.
[2025-03-09T19:00:10.896+0000] {task_command.py:416} INFO - Running <TaskInstance: customer_churn_ml_pipeline.data_preparation_task manual__2025-03-09T18:59:08.350415+00:00 [running]> on host 157237bff8f7
[2025-03-09T19:00:11.076+0000] {taskinstance.py:1662} INFO - Exporting env vars: AIRFLOW_CTX_DAG_OWNER='***' AIRFLOW_CTX_DAG_ID='customer_churn_ml_pipeline' AIRFLOW_CTX_TASK_ID='data_preparation_task' AIRFLOW_CTX_EXECUTION_DATE='2025-03-09T18:59:08.350415+00:00' AIRFLOW_CTX_TRY_NUMBER='1' AIRFLOW_CTX_DAG_RUN_ID='manual__2025-03-09T18:59:08.350415+00:00'
[2025-03-09T19:00:11.078+0000] {subprocess.py:63} INFO - Tmp dir root location: /tmp
[2025-03-09T19:00:11.080+0000] {subprocess.py:75} INFO - Running command: ['/bin/bash', '-c', '\n\t\t\tcd /opt/*** &&\t\t\tpython /opt/***/executables/data_preparation.py &&                         dvc add /opt/***/data/cleaned &&                         git add /opt/***/data/cleaned.dvc && \t\t\tgit add logs && \\   \n\t\t\tgit add visualization &&    \t\t\tgit status &&                         git commit -m "Updated cleaned data version" -a &&                         dvc push && git push\n                    ']
[2025-03-09T19:00:11.094+0000] {subprocess.py:86} INFO - Output:
[2025-03-09T19:00:15.848+0000] {subprocess.py:93} INFO - 2025-03-09 19:00:15,847 : INFO : Starting data preparation for customer_data.csv.
[2025-03-09T19:00:15.875+0000] {subprocess.py:93} INFO - 2025-03-09 19:00:15,875 : INFO : Dropping 'Estimated Salary' & 'Credit Score' with 0 & negative values
[2025-03-09T19:00:15.881+0000] {subprocess.py:93} INFO - 2025-03-09 19:00:15,881 : INFO : Handling 'Balance', 'EstimatedSalary' empty data with mean
[2025-03-09T19:00:15.882+0000] {subprocess.py:93} INFO - 2025-03-09 19:00:15,881 : INFO : Handling 'Tenure', 'Age' empty data with tenure + 18 in age and droping tenure with 0 values & negative values
[2025-03-09T19:00:15.904+0000] {subprocess.py:93} INFO - 2025-03-09 19:00:15,903 : INFO : Dropping 'Tenure' less than 0 and greater than 80
[2025-03-09T19:00:15.907+0000] {subprocess.py:93} INFO - 2025-03-09 19:00:15,907 : INFO : Handling 'Age' empty data
[2025-03-09T19:00:15.909+0000] {subprocess.py:93} INFO - 2025-03-09 19:00:15,909 : INFO : Dropping 'Age' less than 18 and greater than 110
[2025-03-09T19:00:15.914+0000] {subprocess.py:93} INFO - 2025-03-09 19:00:15,913 : INFO : Droping 'Surname' as it may lead to profiling, 'RowNumber', 'CustomerId' as it is not required
[2025-03-09T19:00:15.916+0000] {subprocess.py:93} INFO - 2025-03-09 19:00:15,916 : INFO : Making 'Geography', 'Gender' as categorical
[2025-03-09T19:00:15.927+0000] {subprocess.py:93} INFO - 2025-03-09 19:00:15,926 : INFO : Making 'HasCrCard', 'IsActiveMember', 'Exited' as integers
[2025-03-09T19:00:15.930+0000] {subprocess.py:93} INFO - 2025-03-09 19:00:15,930 : INFO : Saving data to S3.
[2025-03-09T19:00:15.931+0000] {subprocess.py:93} INFO - 2025-03-09 19:00:15,930 : INFO : Directory created at /opt/***/data/cleaned/fintech1/09-03-2025/csv
[2025-03-09T19:00:16.226+0000] {subprocess.py:93} INFO - 2025-03-09 19:00:16,225 : INFO : Connected to s3
[2025-03-09T19:00:18.784+0000] {subprocess.py:93} INFO - 2025-03-09 19:00:18,783 : INFO : File uploaded to S3
[2025-03-09T19:00:18.785+0000] {subprocess.py:93} INFO - 2025-03-09 19:00:18,784 : INFO : Creating Pie chart
[2025-03-09T19:00:18.898+0000] {subprocess.py:93} INFO - 2025-03-09 19:00:18,897 : INFO : Generating histogram for column CreditScore.
[2025-03-09T19:00:19.406+0000] {subprocess.py:93} INFO - 2025-03-09 19:00:19,405 : INFO : Generating histogram for column Geography.
[2025-03-09T19:00:19.859+0000] {subprocess.py:93} INFO - 2025-03-09 19:00:19,859 : INFO : Generating histogram for column Gender.
[2025-03-09T19:00:20.151+0000] {subprocess.py:93} INFO - 2025-03-09 19:00:20,151 : INFO : Generating histogram for column Age.
[2025-03-09T19:00:20.559+0000] {subprocess.py:93} INFO - 2025-03-09 19:00:20,558 : INFO : Generating histogram for column Tenure.
[2025-03-09T19:00:20.961+0000] {subprocess.py:93} INFO - 2025-03-09 19:00:20,960 : INFO : Generating histogram for column Balance.
[2025-03-09T19:00:21.311+0000] {subprocess.py:93} INFO - 2025-03-09 19:00:21,311 : INFO : Generating histogram for column NumOfProducts.
[2025-03-09T19:00:21.655+0000] {subprocess.py:93} INFO - 2025-03-09 19:00:21,655 : INFO : Generating histogram for column HasCrCard.
[2025-03-09T19:00:22.196+0000] {subprocess.py:93} INFO - 2025-03-09 19:00:22,196 : INFO : Generating histogram for column IsActiveMember.
[2025-03-09T19:00:22.805+0000] {subprocess.py:93} INFO - 2025-03-09 19:00:22,805 : INFO : Generating histogram for column EstimatedSalary.
[2025-03-09T19:00:23.380+0000] {subprocess.py:93} INFO - 2025-03-09 19:00:23,380 : INFO : Generating histogram for column Exited.
[2025-03-09T19:00:23.710+0000] {subprocess.py:93} INFO - 2025-03-09 19:00:23,710 : INFO : Generating histogram for relation of Exited with Categorical data.
[2025-03-09T19:00:24.308+0000] {subprocess.py:93} INFO - 2025-03-09 19:00:24,308 : INFO : Using categorical units to plot a list of strings that are all parsable as floats or dates. If these strings should be plotted as numbers, cast to the appropriate data type before plotting.
[2025-03-09T19:00:24.338+0000] {subprocess.py:93} INFO - 2025-03-09 19:00:24,337 : INFO : Using categorical units to plot a list of strings that are all parsable as floats or dates. If these strings should be plotted as numbers, cast to the appropriate data type before plotting.
[2025-03-09T19:00:24.463+0000] {subprocess.py:93} INFO - 2025-03-09 19:00:24,462 : INFO : Using categorical units to plot a list of strings that are all parsable as floats or dates. If these strings should be plotted as numbers, cast to the appropriate data type before plotting.
[2025-03-09T19:00:24.489+0000] {subprocess.py:93} INFO - 2025-03-09 19:00:24,489 : INFO : Using categorical units to plot a list of strings that are all parsable as floats or dates. If these strings should be plotted as numbers, cast to the appropriate data type before plotting.
[2025-03-09T19:00:24.562+0000] {subprocess.py:93} INFO - 2025-03-09 19:00:24,562 : INFO : Generating box plots for relation of Exited with non Categorical data.
[2025-03-09T19:00:24.843+0000] {subprocess.py:93} INFO - 2025-03-09 19:00:24,842 : INFO : Using categorical units to plot a list of strings that are all parsable as floats or dates. If these strings should be plotted as numbers, cast to the appropriate data type before plotting.
[2025-03-09T19:00:24.867+0000] {subprocess.py:93} INFO - 2025-03-09 19:00:24,867 : INFO : Using categorical units to plot a list of strings that are all parsable as floats or dates. If these strings should be plotted as numbers, cast to the appropriate data type before plotting.
[2025-03-09T19:00:25.005+0000] {subprocess.py:93} INFO - 2025-03-09 19:00:25,005 : INFO : Using categorical units to plot a list of strings that are all parsable as floats or dates. If these strings should be plotted as numbers, cast to the appropriate data type before plotting.
[2025-03-09T19:00:25.041+0000] {subprocess.py:93} INFO - 2025-03-09 19:00:25,041 : INFO : Using categorical units to plot a list of strings that are all parsable as floats or dates. If these strings should be plotted as numbers, cast to the appropriate data type before plotting.
[2025-03-09T19:00:25.206+0000] {subprocess.py:93} INFO - 2025-03-09 19:00:25,205 : INFO : Using categorical units to plot a list of strings that are all parsable as floats or dates. If these strings should be plotted as numbers, cast to the appropriate data type before plotting.
[2025-03-09T19:00:25.252+0000] {subprocess.py:93} INFO - 2025-03-09 19:00:25,252 : INFO : Using categorical units to plot a list of strings that are all parsable as floats or dates. If these strings should be plotted as numbers, cast to the appropriate data type before plotting.
[2025-03-09T19:00:25.431+0000] {subprocess.py:93} INFO - 2025-03-09 19:00:25,430 : INFO : Using categorical units to plot a list of strings that are all parsable as floats or dates. If these strings should be plotted as numbers, cast to the appropriate data type before plotting.
[2025-03-09T19:00:25.461+0000] {subprocess.py:93} INFO - 2025-03-09 19:00:25,460 : INFO : Using categorical units to plot a list of strings that are all parsable as floats or dates. If these strings should be plotted as numbers, cast to the appropriate data type before plotting.
[2025-03-09T19:00:25.579+0000] {subprocess.py:93} INFO - 2025-03-09 19:00:25,579 : INFO : Using categorical units to plot a list of strings that are all parsable as floats or dates. If these strings should be plotted as numbers, cast to the appropriate data type before plotting.
[2025-03-09T19:00:25.605+0000] {subprocess.py:93} INFO - 2025-03-09 19:00:25,605 : INFO : Using categorical units to plot a list of strings that are all parsable as floats or dates. If these strings should be plotted as numbers, cast to the appropriate data type before plotting.
[2025-03-09T19:00:25.912+0000] {subprocess.py:93} INFO - 2025-03-09 19:00:25,911 : INFO : Using categorical units to plot a list of strings that are all parsable as floats or dates. If these strings should be plotted as numbers, cast to the appropriate data type before plotting.
[2025-03-09T19:00:25.947+0000] {subprocess.py:93} INFO - 2025-03-09 19:00:25,947 : INFO : Using categorical units to plot a list of strings that are all parsable as floats or dates. If these strings should be plotted as numbers, cast to the appropriate data type before plotting.
[2025-03-09T19:00:26.781+0000] {subprocess.py:93} INFO - 2025-03-09 19:00:26,781 : INFO : Saved pdf in /opt/***/visualization/fintech1/09-03-2025/csv/plots.pdf
[2025-03-09T19:00:26.850+0000] {subprocess.py:93} INFO - 2025-03-09 19:00:26,850 : INFO : Starting data preparation for database_data.csv.
[2025-03-09T19:00:26.890+0000] {subprocess.py:93} INFO - 2025-03-09 19:00:26,890 : INFO : Dropping 'Estimated Salary' & 'Credit Score' with 0 & negative values
[2025-03-09T19:00:26.897+0000] {subprocess.py:93} INFO - 2025-03-09 19:00:26,897 : INFO : Handling 'Balance', 'EstimatedSalary' empty data with mean
[2025-03-09T19:00:26.898+0000] {subprocess.py:93} INFO - 2025-03-09 19:00:26,897 : INFO : Handling 'Tenure', 'Age' empty data with tenure + 18 in age and droping tenure with 0 values & negative values
[2025-03-09T19:00:26.898+0000] {subprocess.py:93} INFO - 2025-03-09 19:00:26,898 : INFO : Dropping 'Tenure' less than 0 and greater than 80
[2025-03-09T19:00:26.902+0000] {subprocess.py:93} INFO - 2025-03-09 19:00:26,901 : INFO : Handling 'Age' empty data
[2025-03-09T19:00:26.903+0000] {subprocess.py:93} INFO - 2025-03-09 19:00:26,903 : INFO : Dropping 'Age' less than 18 and greater than 110
[2025-03-09T19:00:26.908+0000] {subprocess.py:93} INFO - 2025-03-09 19:00:26,908 : INFO : Droping 'Surname' as it may lead to profiling, 'RowNumber', 'CustomerId' as it is not required
[2025-03-09T19:00:26.912+0000] {subprocess.py:93} INFO - 2025-03-09 19:00:26,911 : INFO : Making 'Geography', 'Gender' as categorical
[2025-03-09T19:00:26.920+0000] {subprocess.py:93} INFO - 2025-03-09 19:00:26,920 : INFO : Making 'HasCrCard', 'IsActiveMember', 'Exited' as integers
[2025-03-09T19:00:26.922+0000] {subprocess.py:93} INFO - 2025-03-09 19:00:26,922 : INFO : Saving data to S3.
[2025-03-09T19:00:26.923+0000] {subprocess.py:93} INFO - 2025-03-09 19:00:26,922 : INFO : Directory created at /opt/***/data/cleaned/fintech2/09-03-2025/database
[2025-03-09T19:00:27.047+0000] {subprocess.py:93} INFO - 2025-03-09 19:00:27,047 : INFO : Connected to s3
[2025-03-09T19:00:32.032+0000] {subprocess.py:93} INFO - 2025-03-09 19:00:32,031 : INFO : File uploaded to S3
[2025-03-09T19:00:32.032+0000] {subprocess.py:93} INFO - 2025-03-09 19:00:32,032 : INFO : Creating Pie chart
[2025-03-09T19:00:32.115+0000] {subprocess.py:93} INFO - 2025-03-09 19:00:32,114 : INFO : Generating histogram for column CreditScore.
[2025-03-09T19:00:32.384+0000] {subprocess.py:93} INFO - 2025-03-09 19:00:32,383 : INFO : Generating histogram for column Geography.
[2025-03-09T19:00:32.632+0000] {subprocess.py:93} INFO - 2025-03-09 19:00:32,632 : INFO : Generating histogram for column Gender.
[2025-03-09T19:00:32.887+0000] {subprocess.py:93} INFO - 2025-03-09 19:00:32,887 : INFO : Generating histogram for column Age.
[2025-03-09T19:00:33.222+0000] {subprocess.py:93} INFO - 2025-03-09 19:00:33,222 : INFO : Generating histogram for column Tenure.
[2025-03-09T19:00:33.515+0000] {subprocess.py:93} INFO - 2025-03-09 19:00:33,514 : INFO : Generating histogram for column Balance.
[2025-03-09T19:00:33.789+0000] {subprocess.py:93} INFO - 2025-03-09 19:00:33,789 : INFO : Generating histogram for column NumOfProducts.
[2025-03-09T19:00:34.087+0000] {subprocess.py:93} INFO - 2025-03-09 19:00:34,087 : INFO : Generating histogram for column HasCrCard.
[2025-03-09T19:00:34.387+0000] {subprocess.py:93} INFO - 2025-03-09 19:00:34,386 : INFO : Generating histogram for column IsActiveMember.
[2025-03-09T19:00:34.724+0000] {subprocess.py:93} INFO - 2025-03-09 19:00:34,723 : INFO : Generating histogram for column EstimatedSalary.
[2025-03-09T19:00:35.153+0000] {subprocess.py:93} INFO - 2025-03-09 19:00:35,152 : INFO : Generating histogram for column Exited.
[2025-03-09T19:00:35.572+0000] {subprocess.py:93} INFO - 2025-03-09 19:00:35,572 : INFO : Generating histogram for relation of Exited with Categorical data.
[2025-03-09T19:00:36.323+0000] {subprocess.py:93} INFO - 2025-03-09 19:00:36,322 : INFO : Using categorical units to plot a list of strings that are all parsable as floats or dates. If these strings should be plotted as numbers, cast to the appropriate data type before plotting.
[2025-03-09T19:00:36.354+0000] {subprocess.py:93} INFO - 2025-03-09 19:00:36,353 : INFO : Using categorical units to plot a list of strings that are all parsable as floats or dates. If these strings should be plotted as numbers, cast to the appropriate data type before plotting.
[2025-03-09T19:00:36.482+0000] {subprocess.py:93} INFO - 2025-03-09 19:00:36,482 : INFO : Using categorical units to plot a list of strings that are all parsable as floats or dates. If these strings should be plotted as numbers, cast to the appropriate data type before plotting.
[2025-03-09T19:00:36.513+0000] {subprocess.py:93} INFO - 2025-03-09 19:00:36,513 : INFO : Using categorical units to plot a list of strings that are all parsable as floats or dates. If these strings should be plotted as numbers, cast to the appropriate data type before plotting.
[2025-03-09T19:00:36.586+0000] {subprocess.py:93} INFO - 2025-03-09 19:00:36,586 : INFO : Generating box plots for relation of Exited with non Categorical data.
[2025-03-09T19:00:37.027+0000] {subprocess.py:93} INFO - 2025-03-09 19:00:37,026 : INFO : Using categorical units to plot a list of strings that are all parsable as floats or dates. If these strings should be plotted as numbers, cast to the appropriate data type before plotting.
[2025-03-09T19:00:37.056+0000] {subprocess.py:93} INFO - 2025-03-09 19:00:37,056 : INFO : Using categorical units to plot a list of strings that are all parsable as floats or dates. If these strings should be plotted as numbers, cast to the appropriate data type before plotting.
[2025-03-09T19:00:37.214+0000] {subprocess.py:93} INFO - 2025-03-09 19:00:37,213 : INFO : Using categorical units to plot a list of strings that are all parsable as floats or dates. If these strings should be plotted as numbers, cast to the appropriate data type before plotting.
[2025-03-09T19:00:37.248+0000] {subprocess.py:93} INFO - 2025-03-09 19:00:37,248 : INFO : Using categorical units to plot a list of strings that are all parsable as floats or dates. If these strings should be plotted as numbers, cast to the appropriate data type before plotting.
[2025-03-09T19:00:37.384+0000] {subprocess.py:93} INFO - 2025-03-09 19:00:37,384 : INFO : Using categorical units to plot a list of strings that are all parsable as floats or dates. If these strings should be plotted as numbers, cast to the appropriate data type before plotting.
[2025-03-09T19:00:37.415+0000] {subprocess.py:93} INFO - 2025-03-09 19:00:37,414 : INFO : Using categorical units to plot a list of strings that are all parsable as floats or dates. If these strings should be plotted as numbers, cast to the appropriate data type before plotting.
[2025-03-09T19:00:37.545+0000] {subprocess.py:93} INFO - 2025-03-09 19:00:37,544 : INFO : Using categorical units to plot a list of strings that are all parsable as floats or dates. If these strings should be plotted as numbers, cast to the appropriate data type before plotting.
[2025-03-09T19:00:37.573+0000] {subprocess.py:93} INFO - 2025-03-09 19:00:37,572 : INFO : Using categorical units to plot a list of strings that are all parsable as floats or dates. If these strings should be plotted as numbers, cast to the appropriate data type before plotting.
[2025-03-09T19:00:37.705+0000] {subprocess.py:93} INFO - 2025-03-09 19:00:37,705 : INFO : Using categorical units to plot a list of strings that are all parsable as floats or dates. If these strings should be plotted as numbers, cast to the appropriate data type before plotting.
[2025-03-09T19:00:37.731+0000] {subprocess.py:93} INFO - 2025-03-09 19:00:37,731 : INFO : Using categorical units to plot a list of strings that are all parsable as floats or dates. If these strings should be plotted as numbers, cast to the appropriate data type before plotting.
[2025-03-09T19:00:37.851+0000] {subprocess.py:93} INFO - 2025-03-09 19:00:37,850 : INFO : Using categorical units to plot a list of strings that are all parsable as floats or dates. If these strings should be plotted as numbers, cast to the appropriate data type before plotting.
[2025-03-09T19:00:37.879+0000] {subprocess.py:93} INFO - 2025-03-09 19:00:37,878 : INFO : Using categorical units to plot a list of strings that are all parsable as floats or dates. If these strings should be plotted as numbers, cast to the appropriate data type before plotting.
[2025-03-09T19:00:38.652+0000] {subprocess.py:93} INFO - 2025-03-09 19:00:38,652 : INFO : Saved pdf in /opt/***/visualization/fintech2/09-03-2025/database/plots.pdf
[2025-03-09T19:00:43.338+0000] {subprocess.py:93} INFO - 
[2025-03-09T19:00:43.338+0000] {subprocess.py:93} INFO - To track the changes with git, run:
[2025-03-09T19:00:43.339+0000] {subprocess.py:93} INFO - 
[2025-03-09T19:00:43.340+0000] {subprocess.py:93} INFO - 	git add data/cleaned.dvc
[2025-03-09T19:00:43.341+0000] {subprocess.py:93} INFO - 
[2025-03-09T19:00:43.341+0000] {subprocess.py:93} INFO - To enable auto staging, run:
[2025-03-09T19:00:43.342+0000] {subprocess.py:93} INFO - 
[2025-03-09T19:00:43.342+0000] {subprocess.py:93} INFO - 	dvc config core.autostage true
[2025-03-09T19:00:43.924+0000] {subprocess.py:93} INFO - /bin/bash: line 2:  : command not found
[2025-03-09T19:00:44.062+0000] {subprocess.py:93} INFO - On branch main
[2025-03-09T19:00:44.063+0000] {subprocess.py:93} INFO - Your branch is up to date with 'origin/main'.
[2025-03-09T19:00:44.064+0000] {subprocess.py:93} INFO - 
[2025-03-09T19:00:44.065+0000] {subprocess.py:93} INFO - Changes to be committed:
[2025-03-09T19:00:44.066+0000] {subprocess.py:93} INFO -   (use "git restore --staged <file>..." to unstage)
[2025-03-09T19:00:44.066+0000] {subprocess.py:93} INFO - 	new file:   logs/dag_id=customer_churn_ml_pipeline/run_id=manual__2025-03-09T18:59:08.350415+00:00/task_id=data_preparation_task/attempt=1.log
[2025-03-09T19:00:44.067+0000] {subprocess.py:93} INFO - 	modified:   logs/dag_id=customer_churn_ml_pipeline/run_id=manual__2025-03-09T18:59:08.350415+00:00/task_id=data_validation_task/attempt=1.log
[2025-03-09T19:00:44.067+0000] {subprocess.py:93} INFO - 	modified:   logs/dag_processor_manager/dag_processor_manager.log
[2025-03-09T19:00:44.067+0000] {subprocess.py:93} INFO - 	modified:   logs/data_preparation.log
[2025-03-09T19:00:44.068+0000] {subprocess.py:93} INFO - 	modified:   logs/scheduler/2025-03-09/customer_churn.py.log
[2025-03-09T19:00:44.068+0000] {subprocess.py:93} INFO - 	modified:   visualization/fintech1/09-03-2025/csv/plots.pdf
[2025-03-09T19:00:44.068+0000] {subprocess.py:93} INFO - 	modified:   visualization/fintech2/09-03-2025/database/plots.pdf
[2025-03-09T19:00:44.069+0000] {subprocess.py:93} INFO - 
[2025-03-09T19:00:44.069+0000] {subprocess.py:93} INFO - Changes not staged for commit:
[2025-03-09T19:00:44.070+0000] {subprocess.py:93} INFO -   (use "git add <file>..." to update what will be committed)
[2025-03-09T19:00:44.070+0000] {subprocess.py:93} INFO -   (use "git restore <file>..." to discard changes in working directory)
[2025-03-09T19:00:44.070+0000] {subprocess.py:93} INFO - 	modified:   logs/dag_id=customer_churn_ml_pipeline/run_id=manual__2025-03-09T18:59:08.350415+00:00/task_id=data_preparation_task/attempt=1.log
[2025-03-09T19:00:44.071+0000] {subprocess.py:93} INFO - 
[2025-03-09T19:00:44.071+0000] {subprocess.py:93} INFO - Untracked files:
[2025-03-09T19:00:44.072+0000] {subprocess.py:93} INFO -   (use "git add <file>..." to include in what will be committed)
[2025-03-09T19:00:44.072+0000] {subprocess.py:93} INFO - 	customer_churn_stats/feature_repo/data/online_store.db
[2025-03-09T19:00:44.072+0000] {subprocess.py:93} INFO - 	customer_churn_stats/feature_repo/data/registry.db
[2025-03-09T19:00:44.073+0000] {subprocess.py:93} INFO - 	mlartifacts/
[2025-03-09T19:00:44.073+0000] {subprocess.py:93} INFO - 	online.db
[2025-03-09T19:00:44.073+0000] {subprocess.py:93} INFO - 
