[2025-03-03T17:23:48.461+0000] {taskinstance.py:1159} INFO - Dependencies all met for dep_context=non-requeueable deps ti=<TaskInstance: customer_churn_ml_pipeline.feature_store_task manual__2025-03-03T17:15:40.663621+00:00 [queued]>
[2025-03-03T17:23:48.471+0000] {taskinstance.py:1159} INFO - Dependencies all met for dep_context=requeueable deps ti=<TaskInstance: customer_churn_ml_pipeline.feature_store_task manual__2025-03-03T17:15:40.663621+00:00 [queued]>
[2025-03-03T17:23:48.471+0000] {taskinstance.py:1361} INFO - Starting attempt 1 of 1
[2025-03-03T17:23:48.487+0000] {taskinstance.py:1382} INFO - Executing <Task(BashOperator): feature_store_task> on 2025-03-03 17:15:40.663621+00:00
[2025-03-03T17:23:48.492+0000] {standard_task_runner.py:57} INFO - Started process 8748 to run task
[2025-03-03T17:23:48.495+0000] {standard_task_runner.py:84} INFO - Running: ['***', 'tasks', 'run', 'customer_churn_ml_pipeline', 'feature_store_task', 'manual__2025-03-03T17:15:40.663621+00:00', '--job-id', '159', '--raw', '--subdir', 'DAGS_FOLDER/customer_churn.py', '--cfg-path', '/tmp/tmp3ctddorz']
[2025-03-03T17:23:48.497+0000] {standard_task_runner.py:85} INFO - Job 159: Subtask feature_store_task
[2025-03-03T17:23:48.518+0000] {logging_mixin.py:154} WARNING - /home/***/.local/lib/python3.8/site-packages/***/settings.py:195 DeprecationWarning: The sql_alchemy_conn option in [core] has been moved to the sql_alchemy_conn option in [database] - the old setting has been used, but please update your config.
[2025-03-03T17:23:48.561+0000] {task_command.py:416} INFO - Running <TaskInstance: customer_churn_ml_pipeline.feature_store_task manual__2025-03-03T17:15:40.663621+00:00 [running]> on host 157237bff8f7
[2025-03-03T17:23:48.661+0000] {taskinstance.py:1662} INFO - Exporting env vars: AIRFLOW_CTX_DAG_OWNER='***' AIRFLOW_CTX_DAG_ID='customer_churn_ml_pipeline' AIRFLOW_CTX_TASK_ID='feature_store_task' AIRFLOW_CTX_EXECUTION_DATE='2025-03-03T17:15:40.663621+00:00' AIRFLOW_CTX_TRY_NUMBER='1' AIRFLOW_CTX_DAG_RUN_ID='manual__2025-03-03T17:15:40.663621+00:00'
[2025-03-03T17:23:48.662+0000] {subprocess.py:63} INFO - Tmp dir root location: /tmp
[2025-03-03T17:23:48.663+0000] {subprocess.py:75} INFO - Running command: ['/bin/bash', '-c', '\n\t\t\tcd /opt/***/customer_churn_stats/feature_repo &&                         feast apply &&                         feast materialize-incremental $(date -u +\'%Y-%m-%dT%H:%M:%S\') &&       \t\t\tgit add /opt/***/logs\n   \t\t\tgit status &&                         git commit -m "Updated feature store" -a &&                         git push\n                    ']
[2025-03-03T17:23:48.671+0000] {subprocess.py:86} INFO - Output:
[2025-03-03T17:23:52.294+0000] {subprocess.py:93} INFO - 2025-03-03 17:23:52,293 : INFO : Connecting to Database
[2025-03-03T17:23:52.311+0000] {subprocess.py:93} INFO - 2025-03-03 17:23:52,311 : INFO : Connecting to Database Successfull
[2025-03-03T17:23:52.312+0000] {subprocess.py:93} INFO - 2025-03-03 17:23:52,311 : INFO : Reading data from database.
[2025-03-03T17:23:52.621+0000] {subprocess.py:93} INFO - /opt/***/customer_churn_stats/feature_repo/feature_store.py:36: UserWarning: pandas only supports SQLAlchemy connectable (engine/connection) or database string URI or sqlite3 DBAPI2 connection. Other DBAPI2 objects are not tested. Please consider using SQLAlchemy.
[2025-03-03T17:23:52.622+0000] {subprocess.py:93} INFO -   data = pd.read_sql(query, connection)
[2025-03-03T17:23:52.622+0000] {subprocess.py:93} INFO - 2025-03-03 17:23:52,621 : INFO : Data collection from database successfull!!
[2025-03-03T17:23:52.622+0000] {subprocess.py:93} INFO - 2025-03-03 17:23:52,621 : INFO : Declaring an entity for the dataset
[2025-03-03T17:23:52.622+0000] {subprocess.py:93} INFO - 2025-03-03 17:23:52,621 : INFO : Declaring the source for raw feature data
[2025-03-03T17:23:52.622+0000] {subprocess.py:93} INFO - 2025-03-03 17:23:52,622 : INFO : Defining the features in a feature view
[2025-03-03T17:23:52.624+0000] {subprocess.py:93} INFO - 2025-03-03 17:23:52,623 : INFO : Feature view creation successfull!!
[2025-03-03T17:23:52.636+0000] {subprocess.py:93} INFO - No changes to registry
[2025-03-03T17:23:52.637+0000] {subprocess.py:93} INFO - No changes to infrastructure
[2025-03-03T17:23:58.894+0000] {subprocess.py:93} INFO - Materializing [1m[32m1[0m feature views to [1m[32m2025-03-03 17:23:53+00:00[0m into the [1m[32msqlite[0m online store.
[2025-03-03T17:23:58.894+0000] {subprocess.py:93} INFO - 
[2025-03-03T17:23:58.895+0000] {subprocess.py:93} INFO - [1m[32mcustomer_stats_fv[0m from [1m[32m2025-03-03 17:08:03+00:00[0m to [1m[32m2025-03-03 17:23:53+00:00[0m:
[2025-03-03T17:23:58.900+0000] {subprocess.py:93} INFO - 0it [00:00, ?it/s]0it [00:00, ?it/s]
[2025-03-03T17:23:59.596+0000] {subprocess.py:93} INFO - On branch main
[2025-03-03T17:23:59.596+0000] {subprocess.py:93} INFO - Your branch is up to date with 'origin/main'.
[2025-03-03T17:23:59.596+0000] {subprocess.py:93} INFO - 
[2025-03-03T17:23:59.597+0000] {subprocess.py:93} INFO - Changes to be committed:
[2025-03-03T17:23:59.597+0000] {subprocess.py:93} INFO -   (use "git restore --staged <file>..." to unstage)
[2025-03-03T17:23:59.597+0000] {subprocess.py:93} INFO - 	modified:   ../../logs/dag_id=customer_churn_ml_pipeline/run_id=manual__2025-03-03T17:15:40.663621+00:00/task_id=data_storage_task/attempt=1.log
[2025-03-03T17:23:59.597+0000] {subprocess.py:93} INFO - 	new file:   ../../logs/dag_id=customer_churn_ml_pipeline/run_id=manual__2025-03-03T17:15:40.663621+00:00/task_id=feature_store_task/attempt=1.log
[2025-03-03T17:23:59.597+0000] {subprocess.py:93} INFO - 	modified:   ../../logs/dag_processor_manager/dag_processor_manager.log
[2025-03-03T17:23:59.597+0000] {subprocess.py:93} INFO - 	modified:   ../../logs/data_ingestion.log
[2025-03-03T17:23:59.598+0000] {subprocess.py:93} INFO - 	modified:   ../../logs/data_validation.log
[2025-03-03T17:23:59.598+0000] {subprocess.py:93} INFO - 	modified:   ../../logs/feature_store.log
[2025-03-03T17:23:59.598+0000] {subprocess.py:93} INFO - 	modified:   ../../logs/scheduler/2025-03-03/customer_churn.py.log
[2025-03-03T17:23:59.598+0000] {subprocess.py:93} INFO - 
[2025-03-03T17:23:59.598+0000] {subprocess.py:93} INFO - Changes not staged for commit:
[2025-03-03T17:23:59.598+0000] {subprocess.py:93} INFO -   (use "git add/rm <file>..." to update what will be committed)
[2025-03-03T17:23:59.598+0000] {subprocess.py:93} INFO -   (use "git restore <file>..." to discard changes in working directory)
[2025-03-03T17:23:59.599+0000] {subprocess.py:93} INFO - 	deleted:    ../../data/raw.dvc
[2025-03-03T17:23:59.599+0000] {subprocess.py:93} INFO - 
[2025-03-03T17:23:59.599+0000] {subprocess.py:93} INFO - Untracked files:
[2025-03-03T17:23:59.599+0000] {subprocess.py:93} INFO -   (use "git add <file>..." to include in what will be committed)
[2025-03-03T17:23:59.599+0000] {subprocess.py:93} INFO - 	data/online_store.db
[2025-03-03T17:23:59.599+0000] {subprocess.py:93} INFO - 	data/registry.db
[2025-03-03T17:23:59.600+0000] {subprocess.py:93} INFO - 	../../models/
[2025-03-03T17:23:59.600+0000] {subprocess.py:93} INFO - 	../../online.db
[2025-03-03T17:23:59.600+0000] {subprocess.py:93} INFO - 	../../reports/fintech1/
[2025-03-03T17:23:59.600+0000] {subprocess.py:93} INFO - 
