[2025-03-02T09:41:36.976+0000] {taskinstance.py:1159} INFO - Dependencies all met for dep_context=non-requeueable deps ti=<TaskInstance: customer_churn_ml_pipeline.pull_latest_codes manual__2025-03-02T09:41:35.944177+00:00 [queued]>
[2025-03-02T09:41:36.990+0000] {taskinstance.py:1159} INFO - Dependencies all met for dep_context=requeueable deps ti=<TaskInstance: customer_churn_ml_pipeline.pull_latest_codes manual__2025-03-02T09:41:35.944177+00:00 [queued]>
[2025-03-02T09:41:36.990+0000] {taskinstance.py:1361} INFO - Starting attempt 1 of 1
[2025-03-02T09:41:37.014+0000] {taskinstance.py:1382} INFO - Executing <Task(BashOperator): pull_latest_codes> on 2025-03-02 09:41:35.944177+00:00
[2025-03-02T09:41:37.019+0000] {standard_task_runner.py:57} INFO - Started process 7344 to run task
[2025-03-02T09:41:37.023+0000] {standard_task_runner.py:84} INFO - Running: ['***', 'tasks', 'run', 'customer_churn_ml_pipeline', 'pull_latest_codes', 'manual__2025-03-02T09:41:35.944177+00:00', '--job-id', '85', '--raw', '--subdir', 'DAGS_FOLDER/customer_churn.py', '--cfg-path', '/tmp/tmpghbkktlf']
[2025-03-02T09:41:37.027+0000] {standard_task_runner.py:85} INFO - Job 85: Subtask pull_latest_codes
[2025-03-02T09:41:37.054+0000] {logging_mixin.py:154} WARNING - /home/***/.local/lib/python3.8/site-packages/***/settings.py:195 DeprecationWarning: The sql_alchemy_conn option in [core] has been moved to the sql_alchemy_conn option in [database] - the old setting has been used, but please update your config.
[2025-03-02T09:41:37.125+0000] {task_command.py:416} INFO - Running <TaskInstance: customer_churn_ml_pipeline.pull_latest_codes manual__2025-03-02T09:41:35.944177+00:00 [running]> on host 9113a5746a05
[2025-03-02T09:41:37.278+0000] {taskinstance.py:1662} INFO - Exporting env vars: AIRFLOW_CTX_DAG_OWNER='***' AIRFLOW_CTX_DAG_ID='customer_churn_ml_pipeline' AIRFLOW_CTX_TASK_ID='pull_latest_codes' AIRFLOW_CTX_EXECUTION_DATE='2025-03-02T09:41:35.944177+00:00' AIRFLOW_CTX_TRY_NUMBER='1' AIRFLOW_CTX_DAG_RUN_ID='manual__2025-03-02T09:41:35.944177+00:00'
[2025-03-02T09:41:37.280+0000] {subprocess.py:63} INFO - Tmp dir root location: /tmp
[2025-03-02T09:41:37.281+0000] {subprocess.py:75} INFO - Running command: ['/bin/bash', '-c', 'cd /opt/*** && dvc pull && git pull']
[2025-03-02T09:41:37.296+0000] {subprocess.py:86} INFO - Output:
[2025-03-02T09:41:40.544+0000] {subprocess.py:93} INFO - Everything is up to date.
[2025-03-02T09:41:41.010+0000] {subprocess.py:93} INFO - hint: Pulling without specifying how to reconcile divergent branches is
[2025-03-02T09:41:41.011+0000] {subprocess.py:93} INFO - hint: discouraged. You can squelch this message by running one of the following
[2025-03-02T09:41:41.011+0000] {subprocess.py:93} INFO - hint: commands sometime before your next pull:
[2025-03-02T09:41:41.011+0000] {subprocess.py:93} INFO - hint:
[2025-03-02T09:41:41.011+0000] {subprocess.py:93} INFO - hint:   git config pull.rebase false  # merge (the default strategy)
[2025-03-02T09:41:41.012+0000] {subprocess.py:93} INFO - hint:   git config pull.rebase true   # rebase
[2025-03-02T09:41:41.012+0000] {subprocess.py:93} INFO - hint:   git config pull.ff only       # fast-forward only
[2025-03-02T09:41:41.012+0000] {subprocess.py:93} INFO - hint:
[2025-03-02T09:41:41.012+0000] {subprocess.py:93} INFO - hint: You can replace "git config" with "git config --global" to set a default
[2025-03-02T09:41:41.013+0000] {subprocess.py:93} INFO - hint: preference for all repositories. You can also pass --rebase, --no-rebase,
[2025-03-02T09:41:41.013+0000] {subprocess.py:93} INFO - hint: or --ff-only on the command line to override the configured default per
[2025-03-02T09:41:41.015+0000] {subprocess.py:93} INFO - hint: invocation.
[2025-03-02T09:41:43.030+0000] {subprocess.py:93} INFO - From https://github.com/anniemathew-trial/customer_churn_pipeline
[2025-03-02T09:41:43.030+0000] {subprocess.py:93} INFO -    44d5560..665f5ee  main       -> origin/main
[2025-03-02T09:41:43.046+0000] {subprocess.py:93} INFO - Updating 44d5560..665f5ee
[2025-03-02T09:41:43.047+0000] {subprocess.py:93} INFO - Fast-forward
[2025-03-02T09:41:43.049+0000] {subprocess.py:93} INFO -  executables/data_preparation.py | 1 +
[2025-03-02T09:41:43.050+0000] {subprocess.py:93} INFO -  executables/data_validation.py  | 3 ++-
[2025-03-02T09:41:43.050+0000] {subprocess.py:93} INFO -  2 files changed, 3 insertions(+), 1 deletion(-)
[2025-03-02T09:41:43.050+0000] {subprocess.py:97} INFO - Command exited with return code 0
[2025-03-02T09:41:43.103+0000] {taskinstance.py:1400} INFO - Marking task as SUCCESS. dag_id=customer_churn_ml_pipeline, task_id=pull_latest_codes, execution_date=20250302T094135, start_date=20250302T094136, end_date=20250302T094143
[2025-03-02T09:41:43.152+0000] {local_task_job_runner.py:228} INFO - Task exited with return code 0
[2025-03-02T09:41:43.217+0000] {taskinstance.py:2778} INFO - 1 downstream tasks scheduled from follow-on schedule check
