[2025-03-09T17:52:46.836+0000] {taskinstance.py:1159} INFO - Dependencies all met for dep_context=non-requeueable deps ti=<TaskInstance: customer_churn_ml_pipeline.data_preparation_task manual__2025-03-09T17:51:43.827534+00:00 [queued]>
[2025-03-09T17:52:46.854+0000] {taskinstance.py:1159} INFO - Dependencies all met for dep_context=requeueable deps ti=<TaskInstance: customer_churn_ml_pipeline.data_preparation_task manual__2025-03-09T17:51:43.827534+00:00 [queued]>
[2025-03-09T17:52:46.855+0000] {taskinstance.py:1361} INFO - Starting attempt 1 of 1
[2025-03-09T17:52:46.880+0000] {taskinstance.py:1382} INFO - Executing <Task(BashOperator): data_preparation_task> on 2025-03-09 17:51:43.827534+00:00
[2025-03-09T17:52:46.887+0000] {standard_task_runner.py:57} INFO - Started process 14604 to run task
[2025-03-09T17:52:46.892+0000] {standard_task_runner.py:84} INFO - Running: ['***', 'tasks', 'run', 'customer_churn_ml_pipeline', 'data_preparation_task', 'manual__2025-03-09T17:51:43.827534+00:00', '--job-id', '434', '--raw', '--subdir', 'DAGS_FOLDER/customer_churn.py', '--cfg-path', '/tmp/tmpimns34lq']
[2025-03-09T17:52:46.896+0000] {standard_task_runner.py:85} INFO - Job 434: Subtask data_preparation_task
[2025-03-09T17:52:46.929+0000] {logging_mixin.py:154} WARNING - /home/***/.local/lib/python3.8/site-packages/***/settings.py:195 DeprecationWarning: The sql_alchemy_conn option in [core] has been moved to the sql_alchemy_conn option in [database] - the old setting has been used, but please update your config.
[2025-03-09T17:52:47.003+0000] {task_command.py:416} INFO - Running <TaskInstance: customer_churn_ml_pipeline.data_preparation_task manual__2025-03-09T17:51:43.827534+00:00 [running]> on host 157237bff8f7
[2025-03-09T17:52:47.198+0000] {taskinstance.py:1662} INFO - Exporting env vars: AIRFLOW_CTX_DAG_OWNER='***' AIRFLOW_CTX_DAG_ID='customer_churn_ml_pipeline' AIRFLOW_CTX_TASK_ID='data_preparation_task' AIRFLOW_CTX_EXECUTION_DATE='2025-03-09T17:51:43.827534+00:00' AIRFLOW_CTX_TRY_NUMBER='1' AIRFLOW_CTX_DAG_RUN_ID='manual__2025-03-09T17:51:43.827534+00:00'
[2025-03-09T17:52:47.200+0000] {subprocess.py:63} INFO - Tmp dir root location: /tmp
[2025-03-09T17:52:47.201+0000] {subprocess.py:75} INFO - Running command: ['/bin/bash', '-c', '\n\t\t\tcd /opt/*** &&\t\t\tpython /opt/***/executables/data_preparation.py &&                         dvc add /opt/***/data/cleaned &&                         git add /opt/***/data/cleaned.dvc && \t\t\tgit add logs && \\   \n\t\t\tgit add visualization &&    \t\t\tgit status &&                         git commit -m "Updated cleaned data version" -a &&                         dvc push && git push\n                    ']
[2025-03-09T17:52:47.219+0000] {subprocess.py:86} INFO - Output:
[2025-03-09T17:52:51.736+0000] {subprocess.py:93} INFO - 2025-03-09 17:52:51,736 : INFO : Starting data preparation for customer_data.csv.
[2025-03-09T17:52:51.770+0000] {subprocess.py:93} INFO - 2025-03-09 17:52:51,770 : INFO : Dropping 'Estimated Salary' & 'Credit Score' with 0 & negative values
[2025-03-09T17:52:51.775+0000] {subprocess.py:93} INFO - 2025-03-09 17:52:51,775 : INFO : Handling 'Balance', 'EstimatedSalary' empty data with mean
[2025-03-09T17:52:51.776+0000] {subprocess.py:93} INFO - 2025-03-09 17:52:51,775 : INFO : Handling 'Tenure', 'Age' empty data with tenure + 18 in age and droping tenure with 0 values & negative values
[2025-03-09T17:52:51.800+0000] {subprocess.py:93} INFO - 2025-03-09 17:52:51,799 : INFO : Dropping 'Tenure' less than 0 and greater than 80
[2025-03-09T17:52:51.807+0000] {subprocess.py:93} INFO - 2025-03-09 17:52:51,806 : INFO : Handling 'Age' empty data
[2025-03-09T17:52:51.809+0000] {subprocess.py:93} INFO - 2025-03-09 17:52:51,809 : INFO : Dropping 'Age' less than 18 and greater than 110
[2025-03-09T17:52:51.817+0000] {subprocess.py:93} INFO - 2025-03-09 17:52:51,816 : INFO : Droping 'Surname' as it may lead to profiling, 'RowNumber', 'CustomerId' as it is not required
[2025-03-09T17:52:51.819+0000] {subprocess.py:93} INFO - 2025-03-09 17:52:51,819 : INFO : Making 'Geography', 'Gender' as categorical
[2025-03-09T17:52:51.830+0000] {subprocess.py:93} INFO - 2025-03-09 17:52:51,829 : INFO : Making 'HasCrCard', 'IsActiveMember', 'Exited' as integers
[2025-03-09T17:52:51.833+0000] {subprocess.py:93} INFO - 2025-03-09 17:52:51,832 : INFO : Saving data to S3.
[2025-03-09T17:52:51.833+0000] {subprocess.py:93} INFO - 2025-03-09 17:52:51,833 : INFO : Directory created at /opt/***/data/cleaned/fintech1/09-03-2025/csv
[2025-03-09T17:52:52.204+0000] {subprocess.py:93} INFO - 2025-03-09 17:52:52,203 : INFO : Connected to s3
[2025-03-09T17:52:56.183+0000] {subprocess.py:93} INFO - 2025-03-09 17:52:56,182 : INFO : File uploaded to S3
[2025-03-09T17:52:56.185+0000] {subprocess.py:93} INFO - 2025-03-09 17:52:56,185 : INFO : Creating Pie chart
[2025-03-09T17:52:56.254+0000] {subprocess.py:93} INFO - 2025-03-09 17:52:56,254 : INFO : Generating histogram for column CreditScore.
[2025-03-09T17:52:56.476+0000] {subprocess.py:93} INFO - 2025-03-09 17:52:56,475 : INFO : Generating histogram for column Geography.
[2025-03-09T17:52:56.810+0000] {subprocess.py:93} INFO - 2025-03-09 17:52:56,810 : INFO : Generating histogram for column Gender.
[2025-03-09T17:52:57.000+0000] {subprocess.py:93} INFO - 2025-03-09 17:52:57,000 : INFO : Generating histogram for column Age.
[2025-03-09T17:52:57.251+0000] {subprocess.py:93} INFO - 2025-03-09 17:52:57,251 : INFO : Generating histogram for column Tenure.
[2025-03-09T17:52:57.490+0000] {subprocess.py:93} INFO - 2025-03-09 17:52:57,490 : INFO : Generating histogram for column Balance.
[2025-03-09T17:52:57.735+0000] {subprocess.py:93} INFO - 2025-03-09 17:52:57,735 : INFO : Generating histogram for column NumOfProducts.
[2025-03-09T17:52:57.986+0000] {subprocess.py:93} INFO - 2025-03-09 17:52:57,985 : INFO : Generating histogram for column HasCrCard.
[2025-03-09T17:52:58.255+0000] {subprocess.py:93} INFO - 2025-03-09 17:52:58,255 : INFO : Generating histogram for column IsActiveMember.
[2025-03-09T17:52:58.494+0000] {subprocess.py:93} INFO - 2025-03-09 17:52:58,493 : INFO : Generating histogram for column EstimatedSalary.
[2025-03-09T17:52:58.742+0000] {subprocess.py:93} INFO - 2025-03-09 17:52:58,741 : INFO : Generating histogram for column Exited.
[2025-03-09T17:52:58.995+0000] {subprocess.py:93} INFO - 2025-03-09 17:52:58,994 : INFO : Generating histogram for relation of Exited with Categorical data.
[2025-03-09T17:52:59.432+0000] {subprocess.py:93} INFO - 2025-03-09 17:52:59,432 : INFO : Using categorical units to plot a list of strings that are all parsable as floats or dates. If these strings should be plotted as numbers, cast to the appropriate data type before plotting.
[2025-03-09T17:52:59.461+0000] {subprocess.py:93} INFO - 2025-03-09 17:52:59,460 : INFO : Using categorical units to plot a list of strings that are all parsable as floats or dates. If these strings should be plotted as numbers, cast to the appropriate data type before plotting.
[2025-03-09T17:52:59.559+0000] {subprocess.py:93} INFO - 2025-03-09 17:52:59,559 : INFO : Using categorical units to plot a list of strings that are all parsable as floats or dates. If these strings should be plotted as numbers, cast to the appropriate data type before plotting.
[2025-03-09T17:52:59.586+0000] {subprocess.py:93} INFO - 2025-03-09 17:52:59,585 : INFO : Using categorical units to plot a list of strings that are all parsable as floats or dates. If these strings should be plotted as numbers, cast to the appropriate data type before plotting.
[2025-03-09T17:52:59.650+0000] {subprocess.py:93} INFO - 2025-03-09 17:52:59,649 : INFO : Generating box plots for relation of Exited with non Categorical data.
[2025-03-09T17:52:59.867+0000] {subprocess.py:93} INFO - 2025-03-09 17:52:59,867 : INFO : Using categorical units to plot a list of strings that are all parsable as floats or dates. If these strings should be plotted as numbers, cast to the appropriate data type before plotting.
[2025-03-09T17:52:59.889+0000] {subprocess.py:93} INFO - 2025-03-09 17:52:59,889 : INFO : Using categorical units to plot a list of strings that are all parsable as floats or dates. If these strings should be plotted as numbers, cast to the appropriate data type before plotting.
[2025-03-09T17:53:00.010+0000] {subprocess.py:93} INFO - 2025-03-09 17:53:00,009 : INFO : Using categorical units to plot a list of strings that are all parsable as floats or dates. If these strings should be plotted as numbers, cast to the appropriate data type before plotting.
[2025-03-09T17:53:00.041+0000] {subprocess.py:93} INFO - 2025-03-09 17:53:00,040 : INFO : Using categorical units to plot a list of strings that are all parsable as floats or dates. If these strings should be plotted as numbers, cast to the appropriate data type before plotting.
[2025-03-09T17:53:00.159+0000] {subprocess.py:93} INFO - 2025-03-09 17:53:00,159 : INFO : Using categorical units to plot a list of strings that are all parsable as floats or dates. If these strings should be plotted as numbers, cast to the appropriate data type before plotting.
[2025-03-09T17:53:00.184+0000] {subprocess.py:93} INFO - 2025-03-09 17:53:00,183 : INFO : Using categorical units to plot a list of strings that are all parsable as floats or dates. If these strings should be plotted as numbers, cast to the appropriate data type before plotting.
[2025-03-09T17:53:00.291+0000] {subprocess.py:93} INFO - 2025-03-09 17:53:00,291 : INFO : Using categorical units to plot a list of strings that are all parsable as floats or dates. If these strings should be plotted as numbers, cast to the appropriate data type before plotting.
[2025-03-09T17:53:00.313+0000] {subprocess.py:93} INFO - 2025-03-09 17:53:00,313 : INFO : Using categorical units to plot a list of strings that are all parsable as floats or dates. If these strings should be plotted as numbers, cast to the appropriate data type before plotting.
[2025-03-09T17:53:00.413+0000] {subprocess.py:93} INFO - 2025-03-09 17:53:00,413 : INFO : Using categorical units to plot a list of strings that are all parsable as floats or dates. If these strings should be plotted as numbers, cast to the appropriate data type before plotting.
[2025-03-09T17:53:00.436+0000] {subprocess.py:93} INFO - 2025-03-09 17:53:00,435 : INFO : Using categorical units to plot a list of strings that are all parsable as floats or dates. If these strings should be plotted as numbers, cast to the appropriate data type before plotting.
[2025-03-09T17:53:00.643+0000] {subprocess.py:93} INFO - 2025-03-09 17:53:00,642 : INFO : Using categorical units to plot a list of strings that are all parsable as floats or dates. If these strings should be plotted as numbers, cast to the appropriate data type before plotting.
[2025-03-09T17:53:00.668+0000] {subprocess.py:93} INFO - 2025-03-09 17:53:00,668 : INFO : Using categorical units to plot a list of strings that are all parsable as floats or dates. If these strings should be plotted as numbers, cast to the appropriate data type before plotting.
[2025-03-09T17:53:01.234+0000] {subprocess.py:93} INFO - 2025-03-09 17:53:01,234 : INFO : Saved pdf in /opt/***/visualization/fintech1/09-03-2025/csv/plots.pdf
[2025-03-09T17:53:01.288+0000] {subprocess.py:93} INFO - 2025-03-09 17:53:01,287 : INFO : Starting data preparation for database_data.csv.
[2025-03-09T17:53:01.317+0000] {subprocess.py:93} INFO - 2025-03-09 17:53:01,317 : INFO : Dropping 'Estimated Salary' & 'Credit Score' with 0 & negative values
[2025-03-09T17:53:01.321+0000] {subprocess.py:93} INFO - 2025-03-09 17:53:01,321 : INFO : Handling 'Balance', 'EstimatedSalary' empty data with mean
[2025-03-09T17:53:01.322+0000] {subprocess.py:93} INFO - 2025-03-09 17:53:01,321 : INFO : Handling 'Tenure', 'Age' empty data with tenure + 18 in age and droping tenure with 0 values & negative values
[2025-03-09T17:53:01.322+0000] {subprocess.py:93} INFO - 2025-03-09 17:53:01,322 : INFO : Dropping 'Tenure' less than 0 and greater than 80
[2025-03-09T17:53:01.325+0000] {subprocess.py:93} INFO - 2025-03-09 17:53:01,325 : INFO : Handling 'Age' empty data
[2025-03-09T17:53:01.326+0000] {subprocess.py:93} INFO - 2025-03-09 17:53:01,326 : INFO : Dropping 'Age' less than 18 and greater than 110
[2025-03-09T17:53:01.331+0000] {subprocess.py:93} INFO - 2025-03-09 17:53:01,330 : INFO : Droping 'Surname' as it may lead to profiling, 'RowNumber', 'CustomerId' as it is not required
[2025-03-09T17:53:01.333+0000] {subprocess.py:93} INFO - 2025-03-09 17:53:01,333 : INFO : Making 'Geography', 'Gender' as categorical
[2025-03-09T17:53:01.340+0000] {subprocess.py:93} INFO - 2025-03-09 17:53:01,340 : INFO : Making 'HasCrCard', 'IsActiveMember', 'Exited' as integers
[2025-03-09T17:53:01.342+0000] {subprocess.py:93} INFO - 2025-03-09 17:53:01,342 : INFO : Saving data to S3.
[2025-03-09T17:53:01.342+0000] {subprocess.py:93} INFO - 2025-03-09 17:53:01,342 : INFO : Directory created at /opt/***/data/cleaned/fintech2/09-03-2025/database
[2025-03-09T17:53:01.441+0000] {subprocess.py:93} INFO - 2025-03-09 17:53:01,441 : INFO : Connected to s3
[2025-03-09T17:53:03.976+0000] {subprocess.py:93} INFO - 2025-03-09 17:53:03,976 : INFO : File uploaded to S3
[2025-03-09T17:53:03.977+0000] {subprocess.py:93} INFO - 2025-03-09 17:53:03,977 : INFO : Creating Pie chart
[2025-03-09T17:53:04.121+0000] {subprocess.py:93} INFO - 2025-03-09 17:53:04,121 : INFO : Generating histogram for column CreditScore.
[2025-03-09T17:53:04.710+0000] {subprocess.py:93} INFO - 2025-03-09 17:53:04,703 : INFO : Generating histogram for column Geography.
[2025-03-09T17:53:05.040+0000] {subprocess.py:93} INFO - 2025-03-09 17:53:05,040 : INFO : Generating histogram for column Gender.
[2025-03-09T17:53:05.309+0000] {subprocess.py:93} INFO - 2025-03-09 17:53:05,309 : INFO : Generating histogram for column Age.
[2025-03-09T17:53:05.626+0000] {subprocess.py:93} INFO - 2025-03-09 17:53:05,625 : INFO : Generating histogram for column Tenure.
[2025-03-09T17:53:05.894+0000] {subprocess.py:93} INFO - 2025-03-09 17:53:05,894 : INFO : Generating histogram for column Balance.
[2025-03-09T17:53:06.291+0000] {subprocess.py:93} INFO - 2025-03-09 17:53:06,291 : INFO : Generating histogram for column NumOfProducts.
[2025-03-09T17:53:06.684+0000] {subprocess.py:93} INFO - 2025-03-09 17:53:06,683 : INFO : Generating histogram for column HasCrCard.
[2025-03-09T17:53:07.013+0000] {subprocess.py:93} INFO - 2025-03-09 17:53:07,012 : INFO : Generating histogram for column IsActiveMember.
[2025-03-09T17:53:07.300+0000] {subprocess.py:93} INFO - 2025-03-09 17:53:07,299 : INFO : Generating histogram for column EstimatedSalary.
[2025-03-09T17:53:07.589+0000] {subprocess.py:93} INFO - 2025-03-09 17:53:07,588 : INFO : Generating histogram for column Exited.
[2025-03-09T17:53:07.918+0000] {subprocess.py:93} INFO - 2025-03-09 17:53:07,917 : INFO : Generating histogram for relation of Exited with Categorical data.
[2025-03-09T17:53:08.460+0000] {subprocess.py:93} INFO - 2025-03-09 17:53:08,460 : INFO : Using categorical units to plot a list of strings that are all parsable as floats or dates. If these strings should be plotted as numbers, cast to the appropriate data type before plotting.
[2025-03-09T17:53:08.487+0000] {subprocess.py:93} INFO - 2025-03-09 17:53:08,487 : INFO : Using categorical units to plot a list of strings that are all parsable as floats or dates. If these strings should be plotted as numbers, cast to the appropriate data type before plotting.
[2025-03-09T17:53:08.600+0000] {subprocess.py:93} INFO - 2025-03-09 17:53:08,599 : INFO : Using categorical units to plot a list of strings that are all parsable as floats or dates. If these strings should be plotted as numbers, cast to the appropriate data type before plotting.
[2025-03-09T17:53:08.629+0000] {subprocess.py:93} INFO - 2025-03-09 17:53:08,629 : INFO : Using categorical units to plot a list of strings that are all parsable as floats or dates. If these strings should be plotted as numbers, cast to the appropriate data type before plotting.
[2025-03-09T17:53:08.693+0000] {subprocess.py:93} INFO - 2025-03-09 17:53:08,693 : INFO : Generating box plots for relation of Exited with non Categorical data.
[2025-03-09T17:53:09.072+0000] {subprocess.py:93} INFO - 2025-03-09 17:53:09,072 : INFO : Using categorical units to plot a list of strings that are all parsable as floats or dates. If these strings should be plotted as numbers, cast to the appropriate data type before plotting.
[2025-03-09T17:53:09.099+0000] {subprocess.py:93} INFO - 2025-03-09 17:53:09,099 : INFO : Using categorical units to plot a list of strings that are all parsable as floats or dates. If these strings should be plotted as numbers, cast to the appropriate data type before plotting.
[2025-03-09T17:53:09.234+0000] {subprocess.py:93} INFO - 2025-03-09 17:53:09,234 : INFO : Using categorical units to plot a list of strings that are all parsable as floats or dates. If these strings should be plotted as numbers, cast to the appropriate data type before plotting.
[2025-03-09T17:53:09.265+0000] {subprocess.py:93} INFO - 2025-03-09 17:53:09,265 : INFO : Using categorical units to plot a list of strings that are all parsable as floats or dates. If these strings should be plotted as numbers, cast to the appropriate data type before plotting.
[2025-03-09T17:53:09.399+0000] {subprocess.py:93} INFO - 2025-03-09 17:53:09,399 : INFO : Using categorical units to plot a list of strings that are all parsable as floats or dates. If these strings should be plotted as numbers, cast to the appropriate data type before plotting.
[2025-03-09T17:53:09.426+0000] {subprocess.py:93} INFO - 2025-03-09 17:53:09,425 : INFO : Using categorical units to plot a list of strings that are all parsable as floats or dates. If these strings should be plotted as numbers, cast to the appropriate data type before plotting.
[2025-03-09T17:53:09.540+0000] {subprocess.py:93} INFO - 2025-03-09 17:53:09,540 : INFO : Using categorical units to plot a list of strings that are all parsable as floats or dates. If these strings should be plotted as numbers, cast to the appropriate data type before plotting.
[2025-03-09T17:53:09.566+0000] {subprocess.py:93} INFO - 2025-03-09 17:53:09,566 : INFO : Using categorical units to plot a list of strings that are all parsable as floats or dates. If these strings should be plotted as numbers, cast to the appropriate data type before plotting.
[2025-03-09T17:53:09.690+0000] {subprocess.py:93} INFO - 2025-03-09 17:53:09,690 : INFO : Using categorical units to plot a list of strings that are all parsable as floats or dates. If these strings should be plotted as numbers, cast to the appropriate data type before plotting.
[2025-03-09T17:53:09.715+0000] {subprocess.py:93} INFO - 2025-03-09 17:53:09,714 : INFO : Using categorical units to plot a list of strings that are all parsable as floats or dates. If these strings should be plotted as numbers, cast to the appropriate data type before plotting.
[2025-03-09T17:53:09.836+0000] {subprocess.py:93} INFO - 2025-03-09 17:53:09,836 : INFO : Using categorical units to plot a list of strings that are all parsable as floats or dates. If these strings should be plotted as numbers, cast to the appropriate data type before plotting.
[2025-03-09T17:53:09.861+0000] {subprocess.py:93} INFO - 2025-03-09 17:53:09,861 : INFO : Using categorical units to plot a list of strings that are all parsable as floats or dates. If these strings should be plotted as numbers, cast to the appropriate data type before plotting.
[2025-03-09T17:53:10.488+0000] {subprocess.py:93} INFO - 2025-03-09 17:53:10,487 : INFO : Saved pdf in /opt/***/visualization/fintech2/09-03-2025/database/plots.pdf
[2025-03-09T17:53:13.864+0000] {subprocess.py:93} INFO - 
[2025-03-09T17:53:13.865+0000] {subprocess.py:93} INFO - To track the changes with git, run:
[2025-03-09T17:53:13.865+0000] {subprocess.py:93} INFO - 
[2025-03-09T17:53:13.866+0000] {subprocess.py:93} INFO - 	git add data/cleaned.dvc
[2025-03-09T17:53:13.867+0000] {subprocess.py:93} INFO - 
[2025-03-09T17:53:13.867+0000] {subprocess.py:93} INFO - To enable auto staging, run:
[2025-03-09T17:53:13.868+0000] {subprocess.py:93} INFO - 
[2025-03-09T17:53:13.868+0000] {subprocess.py:93} INFO - 	dvc config core.autostage true
[2025-03-09T17:53:14.463+0000] {subprocess.py:93} INFO - /bin/bash: line 2:  : command not found
[2025-03-09T17:53:14.536+0000] {subprocess.py:93} INFO - On branch main
[2025-03-09T17:53:14.537+0000] {subprocess.py:93} INFO - Your branch is up to date with 'origin/main'.
[2025-03-09T17:53:14.537+0000] {subprocess.py:93} INFO - 
[2025-03-09T17:53:14.537+0000] {subprocess.py:93} INFO - Changes to be committed:
[2025-03-09T17:53:14.538+0000] {subprocess.py:93} INFO -   (use "git restore --staged <file>..." to unstage)
[2025-03-09T17:53:14.538+0000] {subprocess.py:93} INFO - 	new file:   logs/dag_id=customer_churn_ml_pipeline/run_id=manual__2025-03-09T17:51:43.827534+00:00/task_id=data_preparation_task/attempt=1.log
[2025-03-09T17:53:14.539+0000] {subprocess.py:93} INFO - 	modified:   logs/dag_id=customer_churn_ml_pipeline/run_id=manual__2025-03-09T17:51:43.827534+00:00/task_id=data_validation_task/attempt=1.log
[2025-03-09T17:53:14.539+0000] {subprocess.py:93} INFO - 	modified:   logs/dag_processor_manager/dag_processor_manager.log
[2025-03-09T17:53:14.540+0000] {subprocess.py:93} INFO - 	modified:   logs/data_preparation.log
[2025-03-09T17:53:14.540+0000] {subprocess.py:93} INFO - 	modified:   logs/scheduler/2025-03-09/customer_churn.py.log
[2025-03-09T17:53:14.540+0000] {subprocess.py:93} INFO - 	modified:   visualization/fintech1/09-03-2025/csv/plots.pdf
[2025-03-09T17:53:14.541+0000] {subprocess.py:93} INFO - 	modified:   visualization/fintech2/09-03-2025/database/plots.pdf
[2025-03-09T17:53:14.541+0000] {subprocess.py:93} INFO - 
[2025-03-09T17:53:14.542+0000] {subprocess.py:93} INFO - Changes not staged for commit:
[2025-03-09T17:53:14.542+0000] {subprocess.py:93} INFO -   (use "git add <file>..." to update what will be committed)
[2025-03-09T17:53:14.544+0000] {subprocess.py:93} INFO -   (use "git restore <file>..." to discard changes in working directory)
[2025-03-09T17:53:14.547+0000] {subprocess.py:93} INFO - 	modified:   logs/dag_id=customer_churn_ml_pipeline/run_id=manual__2025-03-09T17:51:43.827534+00:00/task_id=data_preparation_task/attempt=1.log
[2025-03-09T17:53:14.548+0000] {subprocess.py:93} INFO - 
[2025-03-09T17:53:14.548+0000] {subprocess.py:93} INFO - Untracked files:
[2025-03-09T17:53:14.548+0000] {subprocess.py:93} INFO -   (use "git add <file>..." to include in what will be committed)
[2025-03-09T17:53:14.549+0000] {subprocess.py:93} INFO - 	customer_churn_stats/feature_repo/data/online_store.db
[2025-03-09T17:53:14.549+0000] {subprocess.py:93} INFO - 	customer_churn_stats/feature_repo/data/registry.db
[2025-03-09T17:53:14.549+0000] {subprocess.py:93} INFO - 	mlartifacts/
