[2025-03-04T01:19:15.831+0000] {taskinstance.py:1159} INFO - Dependencies all met for dep_context=non-requeueable deps ti=<TaskInstance: customer_churn_ml_pipeline.data_ingestion_task manual__2025-03-04T01:19:06.379438+00:00 [queued]>
[2025-03-04T01:19:15.865+0000] {taskinstance.py:1159} INFO - Dependencies all met for dep_context=requeueable deps ti=<TaskInstance: customer_churn_ml_pipeline.data_ingestion_task manual__2025-03-04T01:19:06.379438+00:00 [queued]>
[2025-03-04T01:19:15.866+0000] {taskinstance.py:1361} INFO - Starting attempt 1 of 1
[2025-03-04T01:19:15.897+0000] {taskinstance.py:1382} INFO - Executing <Task(BashOperator): data_ingestion_task> on 2025-03-04 01:19:06.379438+00:00
[2025-03-04T01:19:15.905+0000] {standard_task_runner.py:57} INFO - Started process 9298 to run task
[2025-03-04T01:19:15.912+0000] {standard_task_runner.py:84} INFO - Running: ['***', 'tasks', 'run', 'customer_churn_ml_pipeline', 'data_ingestion_task', 'manual__2025-03-04T01:19:06.379438+00:00', '--job-id', '266', '--raw', '--subdir', 'DAGS_FOLDER/customer_churn.py', '--cfg-path', '/tmp/tmpq8xs7jiq']
[2025-03-04T01:19:15.918+0000] {standard_task_runner.py:85} INFO - Job 266: Subtask data_ingestion_task
[2025-03-04T01:19:15.961+0000] {logging_mixin.py:154} WARNING - /home/***/.local/lib/python3.8/site-packages/***/settings.py:195 DeprecationWarning: The sql_alchemy_conn option in [core] has been moved to the sql_alchemy_conn option in [database] - the old setting has been used, but please update your config.
[2025-03-04T01:19:16.057+0000] {task_command.py:416} INFO - Running <TaskInstance: customer_churn_ml_pipeline.data_ingestion_task manual__2025-03-04T01:19:06.379438+00:00 [running]> on host 157237bff8f7
[2025-03-04T01:19:16.327+0000] {taskinstance.py:1662} INFO - Exporting env vars: AIRFLOW_CTX_DAG_OWNER='***' AIRFLOW_CTX_DAG_ID='customer_churn_ml_pipeline' AIRFLOW_CTX_TASK_ID='data_ingestion_task' AIRFLOW_CTX_EXECUTION_DATE='2025-03-04T01:19:06.379438+00:00' AIRFLOW_CTX_TRY_NUMBER='1' AIRFLOW_CTX_DAG_RUN_ID='manual__2025-03-04T01:19:06.379438+00:00'
[2025-03-04T01:19:16.330+0000] {subprocess.py:63} INFO - Tmp dir root location: /tmp
[2025-03-04T01:19:16.332+0000] {subprocess.py:75} INFO - Running command: ['/bin/bash', '-c', 'python /opt/***/executables/data_ingestion.py && \t\t\tNOW=$(date \'+%d-%m-%Y\') &&\t\t\tcd /opt/*** && \t\t\tgit add logs &&    \t\t\tgit status &&                         git commit -m "Updated data ingestion" -a &&                         git push\n                    ']
[2025-03-04T01:19:16.350+0000] {subprocess.py:86} INFO - Output:
[2025-03-04T01:19:18.335+0000] {subprocess.py:93} INFO - 2025-03-04 01:19:18,334 : INFO : Reading data from CSV file customer_data.csv
[2025-03-04T01:19:18.494+0000] {subprocess.py:93} INFO - 2025-03-04 01:19:18,493 : INFO : Data from CSV customer_data.csv ingested successfully!
[2025-03-04T01:19:18.494+0000] {subprocess.py:93} INFO - 2025-03-04 01:19:18,493 : INFO : Connecting to Database
[2025-03-04T01:19:18.529+0000] {subprocess.py:93} INFO - 2025-03-04 01:19:18,528 : INFO : Connecting to Database Successfull
[2025-03-04T01:19:18.529+0000] {subprocess.py:93} INFO - 2025-03-04 01:19:18,528 : INFO : Reading data from database.
[2025-03-04T01:19:19.213+0000] {subprocess.py:93} INFO - /opt/***/executables/data_ingestion.py:50: UserWarning: pandas only supports SQLAlchemy connectable (engine/connection) or database string URI or sqlite3 DBAPI2 connection. Other DBAPI2 objects are not tested. Please consider using SQLAlchemy.
[2025-03-04T01:19:19.214+0000] {subprocess.py:93} INFO -   data = pd.read_sql(query, connection)
[2025-03-04T01:19:19.214+0000] {subprocess.py:93} INFO - 2025-03-04 01:19:19,213 : INFO : Data from Database ingested successfully!
[2025-03-04T01:19:19.546+0000] {subprocess.py:93} INFO - On branch main
[2025-03-04T01:19:19.547+0000] {subprocess.py:93} INFO - Your branch is up to date with 'origin/main'.
[2025-03-04T01:19:19.548+0000] {subprocess.py:93} INFO - 
[2025-03-04T01:19:19.548+0000] {subprocess.py:93} INFO - Changes to be committed:
[2025-03-04T01:19:19.548+0000] {subprocess.py:93} INFO -   (use "git restore --staged <file>..." to unstage)
[2025-03-04T01:19:19.549+0000] {subprocess.py:93} INFO - 	modified:   logs/dag_id=customer_churn_ml_pipeline/run_id=manual__2025-03-04T01:02:44.593973+00:00/task_id=model_training_task/attempt=1.log
[2025-03-04T01:19:19.549+0000] {subprocess.py:93} INFO - 	new file:   logs/dag_id=customer_churn_ml_pipeline/run_id=manual__2025-03-04T01:19:06.379438+00:00/task_id=data_ingestion_task/attempt=1.log
[2025-03-04T01:19:19.550+0000] {subprocess.py:93} INFO - 	new file:   logs/dag_id=customer_churn_ml_pipeline/run_id=manual__2025-03-04T01:19:06.379438+00:00/task_id=pull_latest_codes/attempt=1.log
[2025-03-04T01:19:19.550+0000] {subprocess.py:93} INFO - 	modified:   logs/dag_processor_manager/dag_processor_manager.log
[2025-03-04T01:19:19.550+0000] {subprocess.py:93} INFO - 	modified:   logs/data_ingestion.log
[2025-03-04T01:19:19.551+0000] {subprocess.py:93} INFO - 	modified:   logs/scheduler/2025-03-04/customer_churn.py.log
[2025-03-04T01:19:19.551+0000] {subprocess.py:93} INFO - 
[2025-03-04T01:19:19.551+0000] {subprocess.py:93} INFO - Untracked files:
[2025-03-04T01:19:19.551+0000] {subprocess.py:93} INFO -   (use "git add <file>..." to include in what will be committed)
[2025-03-04T01:19:19.552+0000] {subprocess.py:93} INFO - 	customer_churn_stats/feature_repo/data/online_store.db
[2025-03-04T01:19:19.552+0000] {subprocess.py:93} INFO - 	customer_churn_stats/feature_repo/data/registry.db
[2025-03-04T01:19:19.552+0000] {subprocess.py:93} INFO - 	models/
[2025-03-04T01:19:19.553+0000] {subprocess.py:93} INFO - 	online.db
[2025-03-04T01:19:19.553+0000] {subprocess.py:93} INFO - 
[2025-03-04T01:19:19.648+0000] {subprocess.py:93} INFO - [main 636cf11] Updated data ingestion
[2025-03-04T01:19:19.648+0000] {subprocess.py:93} INFO -  6 files changed, 517 insertions(+)
[2025-03-04T01:19:19.649+0000] {subprocess.py:93} INFO -  create mode 100644 logs/dag_id=customer_churn_ml_pipeline/run_id=manual__2025-03-04T01:19:06.379438+00:00/task_id=data_ingestion_task/attempt=1.log
[2025-03-04T01:19:19.649+0000] {subprocess.py:93} INFO -  create mode 100644 logs/dag_id=customer_churn_ml_pipeline/run_id=manual__2025-03-04T01:19:06.379438+00:00/task_id=pull_latest_codes/attempt=1.log
[2025-03-04T01:19:21.221+0000] {subprocess.py:93} INFO - To https://github.com/anniemathew-trial/customer_churn_pipeline.git
[2025-03-04T01:19:21.222+0000] {subprocess.py:93} INFO -    09725d4..636cf11  main -> main
[2025-03-04T01:19:21.227+0000] {subprocess.py:97} INFO - Command exited with return code 0
[2025-03-04T01:19:21.277+0000] {taskinstance.py:1400} INFO - Marking task as SUCCESS. dag_id=customer_churn_ml_pipeline, task_id=data_ingestion_task, execution_date=20250304T011906, start_date=20250304T011915, end_date=20250304T011921
[2025-03-04T01:19:21.327+0000] {local_task_job_runner.py:228} INFO - Task exited with return code 0
[2025-03-04T01:19:21.372+0000] {taskinstance.py:2778} INFO - 1 downstream tasks scheduled from follow-on schedule check
