[2025-02-28T09:04:06.508+0000] {taskinstance.py:1159} INFO - Dependencies all met for dep_context=non-requeueable deps ti=<TaskInstance: customer_churn_ml_pipeline.data_transformation_task manual__2025-02-28T09:03:01.993451+00:00 [queued]>
[2025-02-28T09:04:06.519+0000] {taskinstance.py:1159} INFO - Dependencies all met for dep_context=requeueable deps ti=<TaskInstance: customer_churn_ml_pipeline.data_transformation_task manual__2025-02-28T09:03:01.993451+00:00 [queued]>
[2025-02-28T09:04:06.519+0000] {taskinstance.py:1361} INFO - Starting attempt 1 of 1
[2025-02-28T09:04:06.538+0000] {taskinstance.py:1382} INFO - Executing <Task(BashOperator): data_transformation_task> on 2025-02-28 09:03:01.993451+00:00
[2025-02-28T09:04:06.542+0000] {standard_task_runner.py:57} INFO - Started process 10016 to run task
[2025-02-28T09:04:06.546+0000] {standard_task_runner.py:84} INFO - Running: ['***', 'tasks', 'run', 'customer_churn_ml_pipeline', 'data_transformation_task', 'manual__2025-02-28T09:03:01.993451+00:00', '--job-id', '111', '--raw', '--subdir', 'DAGS_FOLDER/customer_churn.py', '--cfg-path', '/tmp/tmpgrlgsd4b']
[2025-02-28T09:04:06.549+0000] {standard_task_runner.py:85} INFO - Job 111: Subtask data_transformation_task
[2025-02-28T09:04:06.576+0000] {logging_mixin.py:154} WARNING - /home/***/.local/lib/python3.8/site-packages/***/settings.py:195 DeprecationWarning: The sql_alchemy_conn option in [core] has been moved to the sql_alchemy_conn option in [database] - the old setting has been used, but please update your config.
[2025-02-28T09:04:06.627+0000] {task_command.py:416} INFO - Running <TaskInstance: customer_churn_ml_pipeline.data_transformation_task manual__2025-02-28T09:03:01.993451+00:00 [running]> on host 4470298645d8
[2025-02-28T09:04:06.749+0000] {taskinstance.py:1662} INFO - Exporting env vars: AIRFLOW_CTX_DAG_OWNER='***' AIRFLOW_CTX_DAG_ID='customer_churn_ml_pipeline' AIRFLOW_CTX_TASK_ID='data_transformation_task' AIRFLOW_CTX_EXECUTION_DATE='2025-02-28T09:03:01.993451+00:00' AIRFLOW_CTX_TRY_NUMBER='1' AIRFLOW_CTX_DAG_RUN_ID='manual__2025-02-28T09:03:01.993451+00:00'
[2025-02-28T09:04:06.750+0000] {subprocess.py:63} INFO - Tmp dir root location: /tmp
[2025-02-28T09:04:06.751+0000] {subprocess.py:75} INFO - Running command: ['/bin/bash', '-c', '\n\t\t\tcd /opt/***\n                        dvc pull /opt/***/data/cleaned\n                        python /opt/***/executables/data_transformation.py &&                         dvc add /opt/***/data/transformed &&                         git add /opt/***/data/transformed.dvc &&                         git commit -m "Updated transformed data version" &&                         dvc push && git push\n                    ']
[2025-02-28T09:04:06.761+0000] {subprocess.py:86} INFO - Output:
[2025-02-28T09:04:09.884+0000] {subprocess.py:93} INFO - Everything is up to date.
[2025-02-28T09:04:14.201+0000] {subprocess.py:93} INFO - 
[2025-02-28T09:04:14.201+0000] {subprocess.py:93} INFO - To track the changes with git, run:
[2025-02-28T09:04:14.202+0000] {subprocess.py:93} INFO - 
[2025-02-28T09:04:14.202+0000] {subprocess.py:93} INFO - 	git add data/transformed.dvc
[2025-02-28T09:04:14.202+0000] {subprocess.py:93} INFO - 
[2025-02-28T09:04:14.202+0000] {subprocess.py:93} INFO - To enable auto staging, run:
[2025-02-28T09:04:14.202+0000] {subprocess.py:93} INFO - 
[2025-02-28T09:04:14.203+0000] {subprocess.py:93} INFO - 	dvc config core.autostage true
[2025-02-28T09:04:14.462+0000] {subprocess.py:93} INFO - On branch main
[2025-02-28T09:04:14.462+0000] {subprocess.py:93} INFO - Your branch is up to date with 'origin/main'.
[2025-02-28T09:04:14.463+0000] {subprocess.py:93} INFO - 
[2025-02-28T09:04:14.463+0000] {subprocess.py:93} INFO - Changes not staged for commit:
[2025-02-28T09:04:14.463+0000] {subprocess.py:93} INFO -   (use "git add <file>..." to update what will be committed)
[2025-02-28T09:04:14.463+0000] {subprocess.py:93} INFO -   (use "git restore <file>..." to discard changes in working directory)
[2025-02-28T09:04:14.463+0000] {subprocess.py:93} INFO - 	modified:   logs/dag_processor_manager/dag_processor_manager.log
[2025-02-28T09:04:14.463+0000] {subprocess.py:93} INFO - 	modified:   logs/scheduler/2025-02-28/customer_churn.py.log
[2025-02-28T09:04:14.464+0000] {subprocess.py:93} INFO - 
[2025-02-28T09:04:14.464+0000] {subprocess.py:93} INFO - Untracked files:
[2025-02-28T09:04:14.464+0000] {subprocess.py:93} INFO -   (use "git add <file>..." to include in what will be committed)
[2025-02-28T09:04:14.464+0000] {subprocess.py:93} INFO - 	data/.gitignore
[2025-02-28T09:04:14.464+0000] {subprocess.py:93} INFO - 	logs/dag_id=customer_churn_ml_pipeline/run_id=manual__2025-02-28T03:47:06.239601+00:00/
[2025-02-28T09:04:14.464+0000] {subprocess.py:93} INFO - 	logs/dag_id=customer_churn_ml_pipeline/run_id=manual__2025-02-28T03:56:07.184589+00:00/
[2025-02-28T09:04:14.465+0000] {subprocess.py:93} INFO - 	logs/dag_id=customer_churn_ml_pipeline/run_id=manual__2025-02-28T04:01:35.537178+00:00/
[2025-02-28T09:04:14.465+0000] {subprocess.py:93} INFO - 	logs/dag_id=customer_churn_ml_pipeline/run_id=manual__2025-02-28T04:03:50.126562+00:00/
[2025-02-28T09:04:14.465+0000] {subprocess.py:93} INFO - 	logs/dag_id=customer_churn_ml_pipeline/run_id=manual__2025-02-28T04:07:47.368418+00:00/
[2025-02-28T09:04:14.465+0000] {subprocess.py:93} INFO - 	logs/dag_id=customer_churn_ml_pipeline/run_id=manual__2025-02-28T04:09:55.332256+00:00/
[2025-02-28T09:04:14.465+0000] {subprocess.py:93} INFO - 	logs/dag_id=customer_churn_ml_pipeline/run_id=manual__2025-02-28T04:35:17.945041+00:00/
[2025-02-28T09:04:14.465+0000] {subprocess.py:93} INFO - 	logs/dag_id=customer_churn_ml_pipeline/run_id=manual__2025-02-28T04:42:35.414349+00:00/
[2025-02-28T09:04:14.466+0000] {subprocess.py:93} INFO - 	logs/dag_id=customer_churn_ml_pipeline/run_id=manual__2025-02-28T04:45:15.524968+00:00/
[2025-02-28T09:04:14.466+0000] {subprocess.py:93} INFO - 	logs/dag_id=customer_churn_ml_pipeline/run_id=manual__2025-02-28T04:48:28.220767+00:00/
[2025-02-28T09:04:14.466+0000] {subprocess.py:93} INFO - 	logs/dag_id=customer_churn_ml_pipeline/run_id=manual__2025-02-28T04:49:39.209814+00:00/
[2025-02-28T09:04:14.466+0000] {subprocess.py:93} INFO - 	logs/dag_id=customer_churn_ml_pipeline/run_id=manual__2025-02-28T06:13:38.375524+00:00/
[2025-02-28T09:04:14.466+0000] {subprocess.py:93} INFO - 	logs/dag_id=customer_churn_ml_pipeline/run_id=manual__2025-02-28T06:15:09.828715+00:00/
[2025-02-28T09:04:14.466+0000] {subprocess.py:93} INFO - 	logs/dag_id=customer_churn_ml_pipeline/run_id=manual__2025-02-28T06:16:05.640644+00:00/
[2025-02-28T09:04:14.466+0000] {subprocess.py:93} INFO - 	logs/dag_id=customer_churn_ml_pipeline/run_id=manual__2025-02-28T06:20:05.962007+00:00/
[2025-02-28T09:04:14.467+0000] {subprocess.py:93} INFO - 	logs/dag_id=customer_churn_ml_pipeline/run_id=manual__2025-02-28T06:23:17.901354+00:00/
[2025-02-28T09:04:14.467+0000] {subprocess.py:93} INFO - 	logs/dag_id=customer_churn_ml_pipeline/run_id=manual__2025-02-28T06:30:38.840749+00:00/
[2025-02-28T09:04:14.467+0000] {subprocess.py:93} INFO - 	logs/dag_id=customer_churn_ml_pipeline/run_id=manual__2025-02-28T06:31:26.133976+00:00/
[2025-02-28T09:04:14.467+0000] {subprocess.py:93} INFO - 	logs/dag_id=customer_churn_ml_pipeline/run_id=manual__2025-02-28T06:33:59.963538+00:00/
[2025-02-28T09:04:14.467+0000] {subprocess.py:93} INFO - 	logs/dag_id=customer_churn_ml_pipeline/run_id=manual__2025-02-28T06:35:19.175368+00:00/
[2025-02-28T09:04:14.467+0000] {subprocess.py:93} INFO - 	logs/dag_id=customer_churn_ml_pipeline/run_id=manual__2025-02-28T06:38:43.211772+00:00/
[2025-02-28T09:04:14.468+0000] {subprocess.py:93} INFO - 	logs/dag_id=customer_churn_ml_pipeline/run_id=manual__2025-02-28T06:39:45.877421+00:00/
[2025-02-28T09:04:14.468+0000] {subprocess.py:93} INFO - 	logs/dag_id=customer_churn_ml_pipeline/run_id=manual__2025-02-28T06:40:03.580016+00:00/
[2025-02-28T09:04:14.468+0000] {subprocess.py:93} INFO - 	logs/dag_id=customer_churn_ml_pipeline/run_id=manual__2025-02-28T06:42:00.286071+00:00/
[2025-02-28T09:04:14.468+0000] {subprocess.py:93} INFO - 	logs/dag_id=customer_churn_ml_pipeline/run_id=manual__2025-02-28T06:44:02.334349+00:00/
[2025-02-28T09:04:14.468+0000] {subprocess.py:93} INFO - 	logs/dag_id=customer_churn_ml_pipeline/run_id=manual__2025-02-28T07:23:40.154132+00:00/
[2025-02-28T09:04:14.468+0000] {subprocess.py:93} INFO - 	logs/dag_id=customer_churn_ml_pipeline/run_id=manual__2025-02-28T07:27:40.803071+00:00/
[2025-02-28T09:04:14.469+0000] {subprocess.py:93} INFO - 	logs/dag_id=customer_churn_ml_pipeline/run_id=manual__2025-02-28T07:55:16.560593+00:00/
[2025-02-28T09:04:14.469+0000] {subprocess.py:93} INFO - 	logs/dag_id=customer_churn_ml_pipeline/run_id=manual__2025-02-28T07:57:56.761089+00:00/
[2025-02-28T09:04:14.469+0000] {subprocess.py:93} INFO - 	logs/dag_id=customer_churn_ml_pipeline/run_id=manual__2025-02-28T08:00:15.478008+00:00/
[2025-02-28T09:04:14.469+0000] {subprocess.py:93} INFO - 	logs/dag_id=customer_churn_ml_pipeline/run_id=manual__2025-02-28T08:03:05.741011+00:00/
[2025-02-28T09:04:14.469+0000] {subprocess.py:93} INFO - 	logs/dag_id=customer_churn_ml_pipeline/run_id=manual__2025-02-28T08:08:17.929456+00:00/
[2025-02-28T09:04:14.470+0000] {subprocess.py:93} INFO - 	logs/dag_id=customer_churn_ml_pipeline/run_id=manual__2025-02-28T08:16:44.276454+00:00/
[2025-02-28T09:04:14.470+0000] {subprocess.py:93} INFO - 	logs/dag_id=customer_churn_ml_pipeline/run_id=manual__2025-02-28T09:03:01.993451+00:00/
[2025-02-28T09:04:14.471+0000] {subprocess.py:93} INFO - 	logs/dag_id=customer_churn_ml_pipeline/run_id=scheduled__2025-02-27T08:00:00+00:00/
[2025-02-28T09:04:14.471+0000] {subprocess.py:93} INFO - 	logs/data_preparation.log
[2025-02-28T09:04:14.471+0000] {subprocess.py:93} INFO - 	logs/data_storage.log
[2025-02-28T09:04:14.471+0000] {subprocess.py:93} INFO - 	logs/data_transformation.log
[2025-02-28T09:04:14.471+0000] {subprocess.py:93} INFO - 	logs/data_validation.log
[2025-02-28T09:04:14.472+0000] {subprocess.py:93} INFO - 	reports/.gitignore
[2025-02-28T09:04:14.472+0000] {subprocess.py:93} INFO - 
[2025-02-28T09:04:14.472+0000] {subprocess.py:93} INFO - no changes added to commit (use "git add" and/or "git commit -a")
[2025-02-28T09:04:14.472+0000] {subprocess.py:97} INFO - Command exited with return code 1
[2025-02-28T09:04:14.493+0000] {taskinstance.py:1937} ERROR - Task failed with exception
Traceback (most recent call last):
  File "/home/airflow/.local/lib/python3.8/site-packages/airflow/operators/bash.py", line 210, in execute
    raise AirflowException(
airflow.exceptions.AirflowException: Bash command failed. The command returned a non-zero exit code 1.
[2025-02-28T09:04:14.502+0000] {taskinstance.py:1400} INFO - Marking task as FAILED. dag_id=customer_churn_ml_pipeline, task_id=data_transformation_task, execution_date=20250228T090301, start_date=20250228T090406, end_date=20250228T090414
[2025-02-28T09:04:14.525+0000] {standard_task_runner.py:104} ERROR - Failed to execute job 111 for task data_transformation_task (Bash command failed. The command returned a non-zero exit code 1.; 10016)
[2025-02-28T09:04:14.552+0000] {local_task_job_runner.py:228} INFO - Task exited with return code 1
[2025-02-28T09:04:14.597+0000] {taskinstance.py:2778} INFO - 0 downstream tasks scheduled from follow-on schedule check
