[2025-03-02T10:35:05.196+0000] {taskinstance.py:1159} INFO - Dependencies all met for dep_context=non-requeueable deps ti=<TaskInstance: customer_churn_ml_pipeline.data_storage_task manual__2025-03-02T10:33:39.025833+00:00 [queued]>
[2025-03-02T10:35:05.210+0000] {taskinstance.py:1159} INFO - Dependencies all met for dep_context=requeueable deps ti=<TaskInstance: customer_churn_ml_pipeline.data_storage_task manual__2025-03-02T10:33:39.025833+00:00 [queued]>
[2025-03-02T10:35:05.210+0000] {taskinstance.py:1361} INFO - Starting attempt 1 of 1
[2025-03-02T10:35:05.231+0000] {taskinstance.py:1382} INFO - Executing <Task(BashOperator): data_storage_task> on 2025-03-02 10:33:39.025833+00:00
[2025-03-02T10:35:05.236+0000] {standard_task_runner.py:57} INFO - Started process 11986 to run task
[2025-03-02T10:35:05.240+0000] {standard_task_runner.py:84} INFO - Running: ['***', 'tasks', 'run', 'customer_churn_ml_pipeline', 'data_storage_task', 'manual__2025-03-02T10:33:39.025833+00:00', '--job-id', '169', '--raw', '--subdir', 'DAGS_FOLDER/customer_churn.py', '--cfg-path', '/tmp/tmp272ghpec']
[2025-03-02T10:35:05.243+0000] {standard_task_runner.py:85} INFO - Job 169: Subtask data_storage_task
[2025-03-02T10:35:05.272+0000] {logging_mixin.py:154} WARNING - /home/***/.local/lib/python3.8/site-packages/***/settings.py:195 DeprecationWarning: The sql_alchemy_conn option in [core] has been moved to the sql_alchemy_conn option in [database] - the old setting has been used, but please update your config.
[2025-03-02T10:35:05.327+0000] {task_command.py:416} INFO - Running <TaskInstance: customer_churn_ml_pipeline.data_storage_task manual__2025-03-02T10:33:39.025833+00:00 [running]> on host 9113a5746a05
[2025-03-02T10:35:05.462+0000] {taskinstance.py:1662} INFO - Exporting env vars: AIRFLOW_CTX_DAG_OWNER='***' AIRFLOW_CTX_DAG_ID='customer_churn_ml_pipeline' AIRFLOW_CTX_TASK_ID='data_storage_task' AIRFLOW_CTX_EXECUTION_DATE='2025-03-02T10:33:39.025833+00:00' AIRFLOW_CTX_TRY_NUMBER='1' AIRFLOW_CTX_DAG_RUN_ID='manual__2025-03-02T10:33:39.025833+00:00'
[2025-03-02T10:35:05.463+0000] {subprocess.py:63} INFO - Tmp dir root location: /tmp
[2025-03-02T10:35:05.464+0000] {subprocess.py:75} INFO - Running command: ['/bin/bash', '-c', '\n\t\t\tcd /opt/***\n                        dvc pull /opt/***/data/transformed\n                        python /opt/***/executables/data_storage.py && \t\t\tgit add logs &&    \t\t\tgit status &&                         git commit -m "Updated stored data version" -a &&                         dvc push && git push\n                    ']
[2025-03-02T10:35:05.475+0000] {subprocess.py:86} INFO - Output:
[2025-03-02T10:35:09.930+0000] {subprocess.py:93} INFO - Everything is up to date.
[2025-03-02T10:35:11.623+0000] {subprocess.py:93} INFO - 2025-03-02 10:35:11,623 : INFO : Connecting to Database
[2025-03-02T10:35:11.625+0000] {subprocess.py:93} INFO - 2025-03-02 10:35:11,625 : ERROR : Error storing data: ('01000', "[01000] [unixODBC][Driver Manager]Can't open lib '{ODBC Driver 17 for SQL Server};SERVER=dmml_customer_churn_setup-sqlserver-1,1433;DATABASE=customer_churn_db;UID=sa;PWD=NewPASS1234' : file not found (0) (SQLDriverConnect)")
[2025-03-02T10:35:11.780+0000] {subprocess.py:93} INFO - On branch main
[2025-03-02T10:35:11.781+0000] {subprocess.py:93} INFO - Your branch is up to date with 'origin/main'.
[2025-03-02T10:35:11.781+0000] {subprocess.py:93} INFO - 
[2025-03-02T10:35:11.781+0000] {subprocess.py:93} INFO - Changes to be committed:
[2025-03-02T10:35:11.781+0000] {subprocess.py:93} INFO -   (use "git restore --staged <file>..." to unstage)
[2025-03-02T10:35:11.782+0000] {subprocess.py:93} INFO - 	new file:   logs/dag_id=customer_churn_ml_pipeline/run_id=manual__2025-03-02T10:33:39.025833+00:00/task_id=data_storage_task/attempt=1.log
[2025-03-02T10:35:11.782+0000] {subprocess.py:93} INFO - 	modified:   logs/dag_id=customer_churn_ml_pipeline/run_id=manual__2025-03-02T10:33:39.025833+00:00/task_id=data_transformation_task/attempt=1.log
[2025-03-02T10:35:11.782+0000] {subprocess.py:93} INFO - 	modified:   logs/data_storage.log
[2025-03-02T10:35:11.782+0000] {subprocess.py:93} INFO - 	modified:   logs/scheduler/2025-03-02/customer_churn.py.log
[2025-03-02T10:35:11.782+0000] {subprocess.py:93} INFO - 
[2025-03-02T10:35:11.783+0000] {subprocess.py:93} INFO - Untracked files:
[2025-03-02T10:35:11.783+0000] {subprocess.py:93} INFO -   (use "git add <file>..." to include in what will be committed)
[2025-03-02T10:35:11.783+0000] {subprocess.py:93} INFO - 	customer_churn_stats/feature_repo/data/
[2025-03-02T10:35:11.783+0000] {subprocess.py:93} INFO - 
[2025-03-02T10:35:11.813+0000] {subprocess.py:93} INFO - [main 3506466] Updated stored data version
[2025-03-02T10:35:11.813+0000] {subprocess.py:93} INFO -  4 files changed, 50 insertions(+)
[2025-03-02T10:35:11.813+0000] {subprocess.py:93} INFO -  create mode 100644 logs/dag_id=customer_churn_ml_pipeline/run_id=manual__2025-03-02T10:33:39.025833+00:00/task_id=data_storage_task/attempt=1.log
[2025-03-02T10:35:17.017+0000] {subprocess.py:93} INFO - Everything is up to date.
[2025-03-02T10:35:18.976+0000] {subprocess.py:93} INFO - To https://github.com/anniemathew-trial/customer_churn_pipeline.git
[2025-03-02T10:35:18.977+0000] {subprocess.py:93} INFO -    5974409..3506466  main -> main
[2025-03-02T10:35:18.984+0000] {subprocess.py:97} INFO - Command exited with return code 0
[2025-03-02T10:35:19.041+0000] {taskinstance.py:1400} INFO - Marking task as SUCCESS. dag_id=customer_churn_ml_pipeline, task_id=data_storage_task, execution_date=20250302T103339, start_date=20250302T103505, end_date=20250302T103519
[2025-03-02T10:35:19.109+0000] {local_task_job_runner.py:228} INFO - Task exited with return code 0
[2025-03-02T10:35:19.159+0000] {taskinstance.py:2778} INFO - 1 downstream tasks scheduled from follow-on schedule check
