[2025-03-01T16:48:13.871+0000] {taskinstance.py:1159} INFO - Dependencies all met for dep_context=non-requeueable deps ti=<TaskInstance: customer_churn_ml_pipeline.model_training_task manual__2025-03-01T16:46:00.082184+00:00 [queued]>
[2025-03-01T16:48:13.884+0000] {taskinstance.py:1159} INFO - Dependencies all met for dep_context=requeueable deps ti=<TaskInstance: customer_churn_ml_pipeline.model_training_task manual__2025-03-01T16:46:00.082184+00:00 [queued]>
[2025-03-01T16:48:13.884+0000] {taskinstance.py:1361} INFO - Starting attempt 1 of 1
[2025-03-01T16:48:13.902+0000] {taskinstance.py:1382} INFO - Executing <Task(BashOperator): model_training_task> on 2025-03-01 16:46:00.082184+00:00
[2025-03-01T16:48:13.907+0000] {standard_task_runner.py:57} INFO - Started process 17233 to run task
[2025-03-01T16:48:13.910+0000] {standard_task_runner.py:84} INFO - Running: ['***', 'tasks', 'run', 'customer_churn_ml_pipeline', 'model_training_task', 'manual__2025-03-01T16:46:00.082184+00:00', '--job-id', '175', '--raw', '--subdir', 'DAGS_FOLDER/customer_churn.py', '--cfg-path', '/tmp/tmpxydp6np_']
[2025-03-01T16:48:13.913+0000] {standard_task_runner.py:85} INFO - Job 175: Subtask model_training_task
[2025-03-01T16:48:13.935+0000] {logging_mixin.py:154} WARNING - /home/***/.local/lib/python3.8/site-packages/***/settings.py:195 DeprecationWarning: The sql_alchemy_conn option in [core] has been moved to the sql_alchemy_conn option in [database] - the old setting has been used, but please update your config.
[2025-03-01T16:48:13.978+0000] {task_command.py:416} INFO - Running <TaskInstance: customer_churn_ml_pipeline.model_training_task manual__2025-03-01T16:46:00.082184+00:00 [running]> on host 7e994a0ed489
[2025-03-01T16:48:14.092+0000] {taskinstance.py:1662} INFO - Exporting env vars: AIRFLOW_CTX_DAG_OWNER='***' AIRFLOW_CTX_DAG_ID='customer_churn_ml_pipeline' AIRFLOW_CTX_TASK_ID='model_training_task' AIRFLOW_CTX_EXECUTION_DATE='2025-03-01T16:46:00.082184+00:00' AIRFLOW_CTX_TRY_NUMBER='1' AIRFLOW_CTX_DAG_RUN_ID='manual__2025-03-01T16:46:00.082184+00:00'
[2025-03-01T16:48:14.093+0000] {subprocess.py:63} INFO - Tmp dir root location: /tmp
[2025-03-01T16:48:14.093+0000] {subprocess.py:75} INFO - Running command: ['/bin/bash', '-c', '\n\t    \t\tcd /opt/***\n       \t\t\t    python /opt/***/executables/model_training.py && \t      \t\t    git add logs &&\t      \t\t    git add mlruns &&                            git commit -m "Trained model version" -a && \\    \n\t\t\t    git push\n                        ']
[2025-03-01T16:48:14.105+0000] {subprocess.py:86} INFO - Output:
[2025-03-01T16:48:20.637+0000] {subprocess.py:93} INFO - /home/***/.local/lib/python3.8/site-packages/mlflow/gateway/config.py:64: PydanticDeprecatedSince20: Pydantic V1 style `@validator` validators are deprecated. You should migrate to Pydantic V2 style `@field_validator` validators, see the migration guide for more details. Deprecated in Pydantic V2.0 to be removed in V3.0. See Pydantic V2 Migration Guide at https://errors.pydantic.dev/2.4/migration/
[2025-03-01T16:48:20.638+0000] {subprocess.py:93} INFO -   @validator("togetherai_api_key", pre=True)
[2025-03-01T16:48:20.638+0000] {subprocess.py:93} INFO - /home/***/.local/lib/python3.8/site-packages/mlflow/gateway/config.py:372: PydanticDeprecatedSince20: Pydantic V1 style `@root_validator` validators are deprecated. You should migrate to Pydantic V2 style `@model_validator` validators, see the migration guide for more details. Deprecated in Pydantic V2.0 to be removed in V3.0. See Pydantic V2 Migration Guide at https://errors.pydantic.dev/2.4/migration/
[2025-03-01T16:48:20.638+0000] {subprocess.py:93} INFO -   @root_validator(skip_on_failure=True)
[2025-03-01T16:48:20.638+0000] {subprocess.py:93} INFO - /home/***/.local/lib/python3.8/site-packages/pydantic/_internal/_config.py:267: PydanticDeprecatedSince20: Support for class-based `config` is deprecated, use ConfigDict instead. Deprecated in Pydantic V2.0 to be removed in V3.0. See Pydantic V2 Migration Guide at https://errors.pydantic.dev/2.4/migration/
[2025-03-01T16:48:20.639+0000] {subprocess.py:93} INFO -   warnings.warn(DEPRECATION_MESSAGE, DeprecationWarning)
[2025-03-01T16:48:20.639+0000] {subprocess.py:93} INFO - 2025-03-01 16:48:20,637 : INFO : Starting model training
[2025-03-01T16:48:20.659+0000] {subprocess.py:93} INFO - 2025-03-01 16:48:20,658 : INFO : Registry cache expired, so refreshing
[2025-03-01T16:48:20.670+0000] {subprocess.py:93} INFO - 2025-03-01 16:48:20,670 : INFO : Getting data
[2025-03-01T16:48:20.671+0000] {subprocess.py:93} INFO - 2025-03-01 16:48:20,670 : INFO : Start and End Range: 1 to 1000
[2025-03-01T16:48:21.128+0000] {subprocess.py:93} INFO - 2025-03-01 16:48:21,128 : INFO : New Start and End Range: 1001 to 2000
[2025-03-01T16:48:21.129+0000] {subprocess.py:93} INFO - 2025-03-01 16:48:21,128 : INFO : Start and End Range: 1001 to 2000
[2025-03-01T16:48:21.463+0000] {subprocess.py:93} INFO - 2025-03-01 16:48:21,463 : INFO : New Start and End Range: 3001 to 4000
[2025-03-01T16:48:21.464+0000] {subprocess.py:93} INFO - 2025-03-01 16:48:21,463 : INFO : Start and End Range: 3001 to 4000
[2025-03-01T16:48:21.906+0000] {subprocess.py:93} INFO - 2025-03-01 16:48:21,905 : INFO : New Start and End Range: 7001 to 8000
[2025-03-01T16:48:21.906+0000] {subprocess.py:93} INFO - 2025-03-01 16:48:21,906 : INFO : Start and End Range: 7001 to 8000
[2025-03-01T16:48:22.275+0000] {subprocess.py:93} INFO - 2025-03-01 16:48:22,274 : INFO : New Start and End Range: 15001 to 16000
[2025-03-01T16:48:22.275+0000] {subprocess.py:93} INFO - 2025-03-01 16:48:22,275 : INFO : Start and End Range: 15001 to 16000
[2025-03-01T16:48:22.771+0000] {subprocess.py:93} INFO - 2025-03-01 16:48:22,771 : INFO : New Start and End Range: 31001 to 32000
[2025-03-01T16:48:22.771+0000] {subprocess.py:93} INFO - 2025-03-01 16:48:22,771 : INFO : Start and End Range: 31001 to 32000
[2025-03-01T16:48:23.089+0000] {subprocess.py:93} INFO - 2025-03-01 16:48:23,089 : INFO : New Start and End Range: 63001 to 64000
[2025-03-01T16:48:23.090+0000] {subprocess.py:93} INFO - 2025-03-01 16:48:23,089 : INFO : Start and End Range: 63001 to 64000
[2025-03-01T16:48:23.533+0000] {subprocess.py:93} INFO - 2025-03-01 16:48:23,533 : INFO : New Start and End Range: 127001 to 128000
[2025-03-01T16:48:23.534+0000] {subprocess.py:93} INFO - 2025-03-01 16:48:23,533 : INFO : Start and End Range: 127001 to 128000
[2025-03-01T16:48:24.039+0000] {subprocess.py:93} INFO - 2025-03-01 16:48:24,039 : INFO : New Start and End Range: 255001 to 256000
[2025-03-01T16:48:24.039+0000] {subprocess.py:93} INFO - 2025-03-01 16:48:24,039 : INFO : Start and End Range: 255001 to 256000
[2025-03-01T16:48:24.171+0000] {subprocess.py:93} INFO - 2025-03-01 16:48:24,171 : INFO : Stoping at Start and End Range: 255001 to 256000
[2025-03-01T16:48:24.172+0000] {subprocess.py:93} INFO - 2025-03-01 16:48:24,171 : INFO : Created feature data
[2025-03-01T16:48:24.247+0000] {subprocess.py:93} INFO - 2025-03-01 16:48:24,179 : INFO :    Id  NumOfProducts  ...  BalanceSEstimatedalaryRatio  CreditScore
[2025-03-01T16:48:24.247+0000] {subprocess.py:93} INFO - 0   1              1  ...                          0.0          619
[2025-03-01T16:48:24.248+0000] {subprocess.py:93} INFO - 1   2              1  ...                          1.0          608
[2025-03-01T16:48:24.248+0000] {subprocess.py:93} INFO - 2   3              3  ...                          1.0          502
[2025-03-01T16:48:24.248+0000] {subprocess.py:93} INFO - 3   4              2  ...                          0.0          699
[2025-03-01T16:48:24.248+0000] {subprocess.py:93} INFO - 4   5              1  ...                          2.0          850
[2025-03-01T16:48:24.248+0000] {subprocess.py:93} INFO - 
[2025-03-01T16:48:24.249+0000] {subprocess.py:93} INFO - [5 rows x 17 columns]
[2025-03-01T16:48:24.249+0000] {subprocess.py:93} INFO - 2025-03-01 16:48:24,248 : INFO : received feature data
[2025-03-01T16:48:24.254+0000] {subprocess.py:93} INFO - 2025-03-01 16:48:24,253 : INFO : Models defined
[2025-03-01T16:48:24.254+0000] {subprocess.py:93} INFO - 2025-03-01 16:48:24,254 : INFO : Training model RandomForest
[2025-03-01T16:48:26.111+0000] {subprocess.py:93} INFO - 2025-03-01 16:48:26,110 : INFO : Predicting model RandomForest
[2025-03-01T16:48:26.144+0000] {subprocess.py:93} INFO - 2025-03-01 16:48:26,144 : INFO : Calculating accuracy RandomForest
[2025-03-01T16:48:31.372+0000] {subprocess.py:93} INFO - 2025/03/01 16:48:31 WARNING mlflow.models.model: Model logged without a signature and input example. Please set `input_example` parameter when logging the model to auto infer the model signature.
[2025-03-01T16:48:31.514+0000] {subprocess.py:93} INFO - 2025-03-01 16:48:31,514 : INFO : Logged model RandomForest
[2025-03-01T16:48:31.543+0000] {subprocess.py:93} INFO - 2025/03/01 16:48:31 INFO mlflow.tracking._tracking_service.client: 🏃 View run invincible-mink-463 at: http://localhost:5000/#/experiments/0/runs/56c5effa37dc434da487ce23a16fb0aa.
[2025-03-01T16:48:31.544+0000] {subprocess.py:93} INFO - 2025/03/01 16:48:31 INFO mlflow.tracking._tracking_service.client: 🧪 View experiment at: http://localhost:5000/#/experiments/0.
[2025-03-01T16:48:31.551+0000] {subprocess.py:93} INFO - 2025-03-01 16:48:31,551 : INFO : Training model LogisticRegression
[2025-03-01T16:48:31.623+0000] {subprocess.py:93} INFO - 2025-03-01 16:48:31,623 : INFO : Predicting model LogisticRegression
[2025-03-01T16:48:31.626+0000] {subprocess.py:93} INFO - 2025-03-01 16:48:31,626 : INFO : Calculating accuracy LogisticRegression
[2025-03-01T16:48:35.443+0000] {subprocess.py:93} INFO - 2025/03/01 16:48:35 WARNING mlflow.models.model: Model logged without a signature and input example. Please set `input_example` parameter when logging the model to auto infer the model signature.
[2025-03-01T16:48:35.499+0000] {subprocess.py:93} INFO - 2025-03-01 16:48:35,499 : INFO : Logged model LogisticRegression
[2025-03-01T16:48:35.510+0000] {subprocess.py:93} INFO - 2025/03/01 16:48:35 INFO mlflow.tracking._tracking_service.client: 🏃 View run gaudy-bat-947 at: http://localhost:5000/#/experiments/0/runs/eef34841b5b448179cc0db3023976603.
[2025-03-01T16:48:35.510+0000] {subprocess.py:93} INFO - 2025/03/01 16:48:35 INFO mlflow.tracking._tracking_service.client: 🧪 View experiment at: http://localhost:5000/#/experiments/0.
[2025-03-01T16:48:35.517+0000] {subprocess.py:93} INFO - 2025-03-01 16:48:35,517 : INFO : Training model SVM
[2025-03-01T16:48:44.641+0000] {subprocess.py:93} INFO - 2025-03-01 16:48:44,640 : INFO : Predicting model SVM
[2025-03-01T16:48:44.896+0000] {subprocess.py:93} INFO - 2025-03-01 16:48:44,896 : INFO : Calculating accuracy SVM
[2025-03-01T16:48:49.295+0000] {subprocess.py:93} INFO - /home/***/.local/lib/python3.8/site-packages/sklearn/metrics/_classification.py:1471: UndefinedMetricWarning: Precision is ill-defined and being set to 0.0 due to no predicted samples. Use `zero_division` parameter to control this behavior.
[2025-03-01T16:48:49.295+0000] {subprocess.py:93} INFO -   _warn_prf(average, modifier, msg_start, len(result))
[2025-03-01T16:48:49.295+0000] {subprocess.py:93} INFO - 2025/03/01 16:48:49 WARNING mlflow.models.model: Model logged without a signature and input example. Please set `input_example` parameter when logging the model to auto infer the model signature.
[2025-03-01T16:48:49.359+0000] {subprocess.py:93} INFO - 2025-03-01 16:48:49,359 : INFO : Logged model SVM
[2025-03-01T16:48:49.374+0000] {subprocess.py:93} INFO - 2025/03/01 16:48:49 INFO mlflow.tracking._tracking_service.client: 🏃 View run abrasive-lynx-110 at: http://localhost:5000/#/experiments/0/runs/2f5b027bec4040e597d8c73d02fb8f9f.
[2025-03-01T16:48:49.375+0000] {subprocess.py:93} INFO - 2025/03/01 16:48:49 INFO mlflow.tracking._tracking_service.client: 🧪 View experiment at: http://localhost:5000/#/experiments/0.
[2025-03-01T16:48:49.383+0000] {subprocess.py:93} INFO - 2025-03-01 16:48:49,383 : INFO : Starting best model registration
[2025-03-01T16:48:49.384+0000] {subprocess.py:93} INFO - 2025-03-01 16:48:49,383 : INFO : Finding Best model
[2025-03-01T16:48:49.516+0000] {subprocess.py:93} INFO - 2025-03-01 16:48:49,515 : INFO : Selected best model : run_id                                            f23d8bcd016b4000999b5283af03225a
[2025-03-01T16:48:49.516+0000] {subprocess.py:93} INFO - experiment_id                                                                    0
[2025-03-01T16:48:49.517+0000] {subprocess.py:93} INFO - status                                                                    FINISHED
[2025-03-01T16:48:49.517+0000] {subprocess.py:93} INFO - artifact_uri                     mlflow-artifacts:/0/f23d8bcd016b4000999b5283af...
[2025-03-01T16:48:49.518+0000] {subprocess.py:93} INFO - start_time                                        2025-03-01 11:21:29.110000+00:00
[2025-03-01T16:48:49.518+0000] {subprocess.py:93} INFO - end_time                                          2025-03-01 11:21:36.956000+00:00
[2025-03-01T16:48:49.518+0000] {subprocess.py:93} INFO - metrics.accuracy                                                          0.923702
[2025-03-01T16:48:49.519+0000] {subprocess.py:93} INFO - metrics.f1_score                                                          0.792517
[2025-03-01T16:48:49.519+0000] {subprocess.py:93} INFO - metrics.recall                                                            0.732704
[2025-03-01T16:48:49.519+0000] {subprocess.py:93} INFO - metrics.precision                                                         0.862963
[2025-03-01T16:48:49.520+0000] {subprocess.py:93} INFO - params.model_type                                                     RandomForest
[2025-03-01T16:48:49.520+0000] {subprocess.py:93} INFO - params.run_name                                                               None
[2025-03-01T16:48:49.520+0000] {subprocess.py:93} INFO - tags.mlflow.source.git.commit             337a9d36c17c94e08a0f24ce83c49d605845b533
[2025-03-01T16:48:49.520+0000] {subprocess.py:93} INFO - tags.mlflow.log-model.history    [{"run_id": "f23d8bcd016b4000999b5283af03225a"...
[2025-03-01T16:48:49.521+0000] {subprocess.py:93} INFO - tags.mlflow.source.name                 /opt/***/executables/model_training.py
[2025-03-01T16:48:49.521+0000] {subprocess.py:93} INFO - tags.mlflow.source.type                                                      LOCAL
[2025-03-01T16:48:49.521+0000] {subprocess.py:93} INFO - tags.mlflow.user                                                           ***
[2025-03-01T16:48:49.522+0000] {subprocess.py:93} INFO - tags.mlflow.runName                                              serious-goose-819
[2025-03-01T16:48:49.522+0000] {subprocess.py:93} INFO - Name: 14, dtype: object
[2025-03-01T16:48:49.522+0000] {subprocess.py:93} INFO - Error in model training: 'model_type'
